Started!
19 Adelaida
9 Cassandra
22 Clemence
16 Dania
23 Francene
20 Gerry
12 Helene
27 Kandy
29 Lona
19 Wilma
Started!
55 Annabella
53 Ashlan
43 Bliss
46 Brier
50 Clemmy
47 Karleen
47 Linda
52 Livvie
61 Maria
58 Marie-Ann
Started!
99 Adah
97 Belva
93 Cherilyn
90 Doro
91 Fayina
97 Ilene
82 Kenna
81 Marcia
80 Renelle
81 Xylina
Started!
68 Aeriell
73 Aggie
73 Bambie
60 Corinna
66 Daffie
74 Dulcia
74 Koren
76 Noreen
74 Samaria
74 Shara
Started!
32 Agnola
35 Corella
38 Doralyn
36 Eadith
34 Evelina
37 Gerladina
36 Madeline
40 Patsy
38 Rubetta
40 Sharon
Started!
6 Arlena
6 Elie
7 Estrellita
7 Kyle
11 Lane
11 Leila
5 Mireielle
8 Nikoletta
8 Shelly
16 Stefa
Started!
22 Betteanne
25 Catharina
26 Christye
27 Delilah
22 Francisca
19 Henrietta
21 Kellina
35 Lurline
18 Mady
29 Vania
Started!
84 Agathe
87 Ariana
90 Blondelle
82 Gwendolen
80 Lacey
84 Marjory
88 Nicole
93 Novelia
89 Ricca
92 Tarra
Started!
52 Aileen
50 Anallise
59 Clair
46 Daphna
59 Goldina
51 Katheryn
42 Matilde
48 Olive
42 Rodie
57 Ruthanne
Started!
99 Caterina
91 Clio
96 Giulia
99 Gwenneth
92 Ingrid
95 Jolie
99 Lib
96 Mathilde
97 Moselle
96 Wilona
Started!
72 Alfi
65 Cora
55 Corie
57 Correy
55 Crystie
54 Helli
68 Larine
73 Mirabella
63 Moyra
64 Sharity
Started!
36 Amelia
44 Carlina
39 Celestina
45 Cherise
50 Hynda
36 Koral
36 Legra
30 Ruthy
30 Virgina
40 Vonni
Started!
13 Bertha
29 Elladine
19 Gwendolyn
20 Hilde
28 Ina
20 Karna
14 Laurianne
17 Nellie
13 Vikki
11 Xaviera
Started!
76 Becky
74 Happy
84 Lacy
77 Margo
77 Mildred
86 Murielle
85 Pamela
70 Rorie
84 Tiffanie
78 Zuzana
Waiting!
58 Cloris
51 Diandra
48 Doralia
57 Dorisa
47 Editha
43 Regina
58 Rochella
51 Rosalind
57 Tiffany
Started!
1 Caril
2 Cathryn
13 Dell
5 Drusi
7 Kit
6 Lark
3 Morna
5 Tawsha
10 Tina
15 Torey
Waiting!
70 Ashli
69 Audy
62 Elita
68 Kaylil
72 Randee
72 Ynes
Waiting!
19 Hali
26 Keriann
25 Mehetabel
22 Milly
Waiting!
99 Aggy
99 Bellanca
96 Lorilee
99 Louella
96 Marj
91 Nanice
92 Trixy
Waiting!
35 Janella
Waiting!
7 Lani
