Started!
71 Birdie
55 Brianna
64 Doralia
66 Helene
Started!
22 Alyce
13 Bess
15 Daffie
14 Odelinda
Started!
90 Felicle
78 Jonie
76 Lauraine
80 Marnia
Started!
20 Bambie
26 Kathleen
24 Madeline
24 Tobye
Started!
15 Delphine
10 Dorri
22 Fayina
15 Molli
Started!
5 Emylee
10 Freddi
1 Jackquelin
5 Sapphire
Started!
100 Amelia
90 Bobbi
94 Kessiah
91 Wilma
Started!
52 Carmita
46 Elie
53 Linea
44 Vanda
Started!
40 Alana
35 Corrie
31 Marie-Ann
34 Miranda
Started!
11 Adah
16 Elissa
19 Lynelle
21 Noreen
Started!
60 Elana
74 Fleur
68 Gabbi
76 Samaria
Started!
80 Barbie
83 Guillemette
79 Krista
77 Rois
Started!
29 Bernie
22 Mia
28 Robenia
36 Roxine
Started!
9 Doroteya
9 Halimeda
13 Stacee
17 Tommy
Started!
75 Cherye
66 Jennee
61 Rhody
74 Tessa
Started!
7 Codi
11 Darlene
10 Hermine
10 Sondra
Started!
49 Minerva
49 Novelia
49 Octavia
55 Perla
Started!
92 Ardella
92 Blondelle
99 Caterina
89 Rikki
Started!
33 Clarey
32 Clotilda
26 Minetta
32 Willamina
Started!
42 Brinn
45 Gwendolen
48 Matilde
40 Misha
Started!
7 Deane
9 Karmen
14 Silvia
15 Vin
Started!
22 Annaliese
21 Camellia
31 Erina
23 Ottilie
Started!
74 Alverta
75 Cora
70 Hildegaard
80 Lulu
Started!
32 Elfrieda
32 Lizabeth
42 Neda
32 Susanetta
Started!
50 Cal
53 Faina
52 Helga
55 Mimi
Started!
1 Appolonia
7 Dahlia
4 Loella
1 Maye
Started!
92 Eulalie
89 Manda
91 Neysa
96 Yettie
Started!
16 Ana
14 Jasmine
21 Margo
14 Rosalind
Started!
55 Adelle
37 Annemarie
46 Gracia
51 Verile
Started!
72 Emlyn
62 Madelene
55 Mickie
62 Tamma
Started!
35 Celestina
16 Kyle
25 Mathilde
26 Reta
Started!
93 Bonnie
87 Happy
97 Riane
90 Sharity
Started!
94 Bree
83 Gwenneth
77 Karrah
86 Zora
Started!
40 Cornela
44 Dru
36 Evania
40 Kym
Started!
1 Keslie
3 Pamela
5 Roz
5 Tina
Started!
60 Bambi
45 Dredi
53 Karlie
58 Tressa
Started!
82 Cloris
75 Karlen
77 Ola
79 Tabbi
Started!
32 Brande
30 Madella
23 Rayshell
31 Rubi
Started!
20 Alisun
14 Rochella
14 Sarene
21 Ynes
Started!
47 Cheryl
50 Mehetabel
51 Peggie
56 Torey
Waiting!
64 Carlina
74 Lynnell
Started!
88 Agatha
95 Ashli
89 Ivett
89 Sherilyn
Waiting!
78 Gracie
Waiting!
14 Angelia
Waiting!
44 Jordan
