Started!
34 Allys
42 Carolynn
27 Clara
25 Denyse
25 Dorette
42 Ernesta
41 Freddie
26 Nanny
35 Sydney
42 Winnah
Waiting!
95 Adriana
97 Barbi
99 Darb
96 Donetta
95 Farrah
97 Nanice
96 Nelly
100 Wandis
Waiting!
71 Jacklyn
76 Nadean
78 Rosemonde
79 Wilona
Started!
51 Adelice
57 Dianemarie
54 Dion
57 Edy
60 Evvie
54 Karrie
57 Ranna
54 Shandeigh
52 Shane
54 Willetta
Started!
12 Brandise
18 Caroljean
22 Caron
2 Dasya
16 Dulcia
11 Emma
3 Janie
13 Kittie
18 Sheba
8 Talya
Waiting!
88 Carolina
87 Etty
84 Koralle
Waiting!
39 Cammy
36 Marti
46 Renata
Waiting!
22 Coletta
18 Hedda
Waiting!
4 Dorise
