Started!
22 Blondie
20 Briny
27 Carole
18 Cordy
26 Cyb
21 Elvira
15 Fiorenze
23 Kacy
12 Kissiah
29 Lynnette
24 Norene
21 Odelle
20 Shellie
17 Steffi
14 Tara
18 Tate
29 Virginie
Started!
53 Britte
56 Carline
43 Elianore
52 Ellen
59 Hally
45 Juliet
46 Karine
62 Marylinda
55 Merola
54 Mirabella
46 Paola
46 Priscilla
61 Renee
61 Robinette
57 Shanon
57 Susy
55 Wynnie
Started!
33 Bonni
35 Carina
37 Cassaundra
30 Cloris
42 Danell
34 Joice
34 Lorrin
42 Madelyn
40 Marisa
35 Mellisa
38 Millie
42 Minni
28 Natalina
36 Phyllys
44 Rosmunda
42 Tamra
43 Valerie
Started!
76 Allissa
72 Anett
69 Aridatha
75 Deonne
71 Elayne
76 Fiann
65 Gerda
76 Germana
78 Inger
75 Jorrie
65 Leanor
76 Marlee
72 Milena
80 Rosita
80 Saudra
69 Tamarah
74 Thomasine
Started!
93 Ali
89 Ammamaria
90 Cary
92 Catherine
87 Christal
73 Dorian
85 Gloriane
81 Inez
92 Jacquette
92 Jeni
73 Jere
87 Melita
93 Peri
75 Starlin
83 Timmi
87 Willetta
89 Windy
Started!
4 Alejandrina
14 Alisha
11 Annmaria
4 Colene
7 Daryn
12 Heidi
8 Hermine
17 Jacenta
9 Juline
4 Linnie
10 Nanni
9 Natassia
11 Robinet
1 Shaun
13 Sianna
1 Teresita
19 Theodosia
Started!
100 Casi
98 Caye
95 Clarie
89 Dolly
92 Gerri
96 Gussie
96 Kaitlynn
98 Latrena
89 Libbey
96 Maddy
100 Mallory
96 Merridie
87 Morena
92 Oralle
95 Shalna
88 Vivienne
100 Wilona
Started!
74 Adriana
80 Alyse
80 Ariel
64 Carlene
70 Carlin
74 Charis
60 Cristie
73 Dehlia
76 Geralda
75 Jacqueline
70 Jolynn
71 Karly
65 Keely
80 Pearle
79 Randi
77 Rea
61 Valera
Started!
59 Benedikta
49 Bill
53 Candice
67 Darya
59 Gabey
55 Georgianna
49 Joletta
68 Junie
62 Karlee
62 Katy
50 Kristan
49 Nikoletta
52 Ofilia
49 Shirley
61 Sibyl
58 Silva
50 Tracy
Started!
48 Analiese
47 Cathrin
37 Danila
42 Ebony
41 Etta
46 Frankie
48 Guenevere
48 Ingaberg
47 Jany
40 Judie
37 Kristel
42 Lena
43 Nanette
45 Ruthi
46 Teddi
47 Vera
47 Winnie
Started!
21 Abigail
11 Anabal
16 Anastasie
27 Anthiathia
22 Christi
22 Cornelle
21 Ellyn
14 Fanechka
21 Greer
28 Kalinda
11 Lari
21 Mureil
20 Ondrea
21 Opaline
19 Sibby
30 Tasha
12 Yettie
Waiting!
82 Athene
84 Felecia
84 Franciska
76 Irina
79 Janna
74 Lynsey
81 Melinde
90 Pam
85 Romonda
84 Stacy
83 Talya
75 Tova
90 Zahara
Waiting!
8 Aurore
12 Dorice
6 Kassie
1 Lilla
15 Lisbeth
7 Maribeth
2 Martguerita
14 Merrill
5 Sabine
14 Shara
6 Shirlene
Waiting!
31 Amelina
28 Blondelle
25 Bobbe
33 Bridget
24 Courtnay
29 Darlene
23 Dore
25 Elissa
26 Gert
21 Maggi
26 Marilin
17 Rosaline
35 Tonie
Waiting!
61 Auroora
72 Carree
70 Irma
73 Jeanelle
67 Lyndsay
70 Mina
71 Stephannie
Waiting!
100 Flossie
99 Othella
100 Tedda
Waiting!
36 Elsinore
50 Georgine
42 Kathie
46 Klarrisa
42 Marguerite
38 Mariann
40 Sher
