Started!
61 Andree
76 Brooke
73 Catherine
69 Connie
75 Dredi
62 Emilee
74 Erminie
79 Henrieta
72 Isadora
63 Jerry
62 Lavinie
59 Marielle
60 Rheba
76 Shana
Started!
43 Ailina
37 Anne
33 Benni
47 Jorie
34 Lise
42 Marilyn
42 Matelda
33 Maureen
46 Philippine
46 Shanon
35 Shay
42 Suki
45 Val
37 Yoko
Started!
5 Barbe
7 Brande
3 Celie
6 Charlotta
8 Dottie
6 Jan
1 Laverne
4 Lidia
1 Lil
6 Mallissa
6 Randi
1 Tabitha
6 Tammy
3 Tobe
Started!
20 Andeee
35 Cesya
21 Corabel
31 De
16 Hanni
29 Jada
35 Juliann
34 Julita
26 Karoline
31 Kellyann
32 Lilas
18 Nicolina
26 Sharla
24 Shel
Started!
82 Aggie
94 Candis
89 Chrystal
99 Darda
80 Dina
88 Jillana
97 Johnna
87 Kathye
86 Linn
87 Maridel
93 Merola
83 Robbi
90 Robby
89 Tabina
Started!
46 Annabella
54 Anne-Marie
54 Dorolice
54 Gayla
57 Joan
57 Lilia
56 Lotti
50 Lynna
56 Mariejeanne
49 Miguelita
47 Olia
60 Riane
55 Stephani
56 Susanna
Started!
23 Agretha
4 Caroljean
13 Dolley
22 Donia
3 Fanny
9 Janet
9 Kelsi
12 Kristyn
4 Larisa
8 Quinn
13 Sarajane
6 Trixie
3 Vivien
16 Willy
Started!
69 Alix
71 Allys
81 Bunni
79 Carlita
76 Cristen
72 Daisey
77 Deonne
83 Filippa
70 Franni
76 Jehanna
79 Jordain
82 Raina
78 Tallou
86 Theo
Started!
66 Annabel
67 Babb
73 Charlotte
62 Clemence
58 Dreddy
58 Florance
65 Kayley
70 Louise
64 Merlina
75 Merline
65 Ninon
65 Sophey
70 Tawnya
61 Wynne
Started!
46 Cinderella
36 Claudie
32 Collete
35 Diandra
33 Flori
48 Lurline
36 Max
35 Mirabelle
48 Paulina
44 Rasia
33 Sal
47 Teresita
46 Wenda
39 Willi
Started!
91 Alida
85 Anetta
99 Bambi
85 Dianna
95 Jonell
93 Juliet
86 Kora
90 Lee
81 Leese
89 Lonnie
94 Matti
90 Nance
82 Philippe
89 Teodora
Started!
50 Arlette
40 Delora
51 Doretta
53 Inge
59 Jesselyn
41 Joby
54 Laureen
52 Melisenda
51 Muriel
59 Orelle
53 Pennie
51 Sybila
50 Talia
51 Zahara
Started!
24 Becky
24 Celisse
34 Emmaline
29 Kip
28 Linette
38 Marcia
28 Margaret
24 Mariette
27 Meade
19 Monika
21 Odette
20 Reggie
21 Sibylle
24 Vanny
Started!
76 Audy
70 Belicia
74 Chloris
83 Daffi
75 Delinda
74 Desiri
85 Etti
70 Joellyn
75 Leisha
85 Lorraine
68 Marinna
76 Missy
73 Natala
76 Trudi
Started!
14 Ali
13 Aurelie
16 Bianka
18 Cody
8 Cynde
10 Debi
23 Dorothy
18 Horatia
7 Jamie
15 Jolynn
5 Katerine
19 Lenee
25 Shelley
17 Vonni
Waiting!
7 Bonni
4 Guinevere
1 Hattie
1 Maribeth
6 Rita
Waiting!
80 Arleta
99 Avivah
88 Crystal
82 Kathie
82 Kirstyn
96 Kylila
89 Lisha
94 Maurene
91 Moria
89 Nannie
92 Rosmunda
Waiting!
77 Carolann
69 Carree
72 Cherri
61 Eleonore
66 Haleigh
62 Lisetta
63 Meggy
71 Myriam
75 Pammi
61 Sue
73 Timi
Waiting!
42 Chelsea
37 Franciska
37 Isidora
41 Kelcy
43 Madelin
44 Mureil
33 Odessa
36 Susannah
Waiting!
53 Elly
53 Elnore
48 Marthena
49 Octavia
60 Valeda
Waiting!
26 Beverlie
25 Ethelind
26 Heather
18 Milli
Waiting!
100 Conni
Waiting!
12 Garland
