Started!
96 Almeda
89 Anna
77 Atlanta
95 Betsy
94 Brandea
88 Bunni
81 Calli
79 Charlotta
91 Em
96 Ilka
81 Jeannine
78 Jesse
76 Kalina
95 Kari
90 Kathryn
94 Krystyna
84 Matelda
83 Melamie
95 Miguelita
81 Monika
94 Pavla
86 Selene
96 Teresa
95 Theo
78 Val
79 Winnifred
Started!
28 Anne
29 Corey
37 Corrianne
24 Davina
30 Dena
34 Gloria
24 Jennee
38 Lenna
27 Lia
22 Lianne
21 Lindi
36 Lynette
34 Lynnelle
20 Maribel
37 Mary
32 Melisande
21 Melisenda
28 Neila
29 Niki
32 Nissy
26 Peggy
21 Shawna
30 Suzie
21 Tawnya
38 Thekla
34 Vivien
Started!
5 Alfreda
6 Andree
4 Becky
10 Bria
12 Cassandre
13 Corine
6 Corrie
3 Di
1 Elisabetta
14 Elmira
9 Giselle
13 Joycelin
6 Judye
12 Kaila
13 Kayle
14 Lee
11 Leisha
4 Mara
7 Margi
7 Marguerite
3 Marianne
7 Marice
2 Nedi
10 Tara
5 Tobe
4 Veronique
Started!
58 Ammamaria
74 Arabel
60 Augustina
70 Clo
70 Corabel
58 Corene
70 Daniella
74 Dolley
60 Dorian
64 Gayel
68 Gayleen
67 Ibbie
67 Iona
73 Juliann
70 Julita
65 Laverne
60 Libbey
73 Maureen
72 Rene
70 Rheba
73 Sande
56 Sharla
75 Sisely
56 Stace
65 Stoddard
72 Valentine
Started!
47 Aeriell
64 Amalie
51 Angele
62 Ashlan
59 Aura
56 Cinderella
48 Clerissa
54 Estrellita
44 Fiann
44 Flora
54 Ingeberg
45 Janie
53 Joann
50 Karilynn
55 Kathrine
50 Katleen
58 Lacy
48 Maisey
60 Mareah
52 Othella
47 Ranee
54 Rosalinde
45 Sarine
46 Selia
62 Tedi
51 Windy
Waiting!
42 Adriane
43 Caroljean
39 Cathie
42 Desiri
42 Dulcinea
43 Elspeth
46 Evangelia
43 Fan
41 Florenza
42 Gwennie
30 Retha
40 Thea
30 Wylma
Waiting!
18 Aggi
22 Bellanca
16 Donielle
18 Doroteya
6 Emmaline
10 Larine
18 Lorianne
16 Micky
20 Therese
Waiting!
93 Belicia
100 Danita
96 Dareen
100 Diandra
98 Esme
92 Gale
91 Hedi
99 Merline
94 Mildred
99 Ollie
93 Rosmunda
89 Xylina
Waiting!
86 Chantalle
82 Georgena
81 Gill
78 Leontine
81 Petronille
86 Shannah
79 Viva
Waiting!
67 Adriena
65 Alecia
65 Connie
70 Glennis
70 Hali
70 Lauretta
73 Merlina
72 Nicole
66 Sean
72 Sheba
72 Teddie
Waiting!
52 Rowena
Waiting!
29 Mina
Waiting!
4 Brigitte
1 Marylin
