Started!
46 Ainslee
43 Aura
49 Bunny
51 Clarine
45 Collette
55 Emeline
60 Fanny
61 Gina
45 Hedvig
61 Ingaborg
46 Joanie
53 Kelila
51 Lana
42 Lauretta
47 Malinde
49 Nicola
48 Norina
41 Paula
42 Pearl
45 Phyllis
46 Quentin
52 Rasla
51 Rea
51 Selene
53 Ursula
51 Vannie
55 Wendye
Started!
67 Aime
72 Audi
69 Audy
63 Caria
71 Cecilia
73 Cher
67 Clareta
73 Colly
64 Constantia
63 Corina
72 Darby
64 Dix
59 Dotti
68 Evangelin
58 Giulietta
75 Glynda
74 Jenine
66 Jerrilee
72 Linnet
65 Madelaine
73 Matty
66 Mehetabel
74 Merrill
62 Nancey
56 Ryann
74 Salli
59 Stephana
Started!
19 Aggi
22 Beatrix
6 Bellina
13 Bibbye
24 Camilla
10 Carine
15 Cheslie
12 Corabel
23 Dagmar
9 Dulcinea
14 Elyse
13 Gabriela
17 Giselle
16 Jannelle
24 Juli
15 Kalina
6 Karla
10 Kassie
19 Keri
14 Letta
20 Madeline
18 Mina
14 Philis
18 Raeann
7 Roz
13 Siouxie
16 Tabbitha
Started!
100 Ally
92 Anjanette
94 Catlaina
85 Cecily
84 Celestine
89 Clarita
87 Codi
92 Delia
99 Di
93 Evita
100 Faydra
91 Floris
92 Frannie
84 Gill
94 Leanor
90 Lena
99 Leontyne
98 Lindi
92 Mariam
93 Meg
92 Nannie
95 Nikaniki
97 Norrie
84 Rebekah
88 Shandeigh
98 Teri
93 Traci
Started!
44 Adore
34 Anabella
39 Babara
34 Beulah
39 Ceciley
32 Cherry
32 Debera
29 Elka
33 Estrellita
40 Fania
39 Ginnie
36 Gloriane
31 Isabelita
37 Karilynn
35 Kathye
45 Kellina
42 Lillian
41 Mallory
31 Monica
39 Orsola
27 Ranee
41 Robinia
37 Sascha
30 Sharline
32 Theodosia
40 Thomasin
37 Vivyanne
Waiting!
1 Addie
3 Anderea
3 Angelita
1 Caresa
13 Chiarra
1 Clea
10 Deane
6 Eve
1 Letitia
2 Letty
2 Loralie
3 Marissa
5 Marje
11 Maureen
9 Rici
13 Rowena
Waiting!
75 Abbey
83 Alida
84 Bobine
77 Bryn
79 Carita
83 Demetris
82 Dorine
75 Emilee
70 Florrie
80 Fredelia
79 Gus
82 Johnath
83 Livvy
78 Maible
80 Marylinda
70 Minnaminnie
77 Nelli
77 Nicholle
72 Patty
80 Prisca
72 Roch
82 Shawna
81 Toby
72 Tova
Waiting!
26 Abigale
23 Adan
21 Carolynn
23 Clio
25 Dawna
22 Evania
18 Gates
35 Hynda
26 Jeannette
26 Kyla
21 Marylin
16 Odette
17 Olly
29 Sissie
16 Tillie
Waiting!
49 Aloysia
54 Brittney
42 Cinda
51 Jaclyn
56 Justine
49 Kaja
45 Laure
40 Louella
48 Lyndsey
58 Mallorie
43 Mercy
52 Mil
53 Rosanna
49 Rowe
49 Starr
50 Stephi
51 Wanids
Waiting!
63 Alexia
63 Cristal
61 Kaitlynn
68 Lucine
65 Marcellina
66 Michaeline
64 Moyna
67 Nannette
Waiting!
14 Kellsie
15 Selinda
Waiting!
38 Marilyn
