Started!
44 Alanna
43 Bibbye
43 Bobby
43 Cassie
52 Cissiee
44 Fanchette
47 Frannie
42 Gilbertine
55 Hildagarde
40 Iseabal
42 Kriste
38 Magdalen
39 Maryann
39 Merlina
50 Shoshana
45 Sydney
42 Tiff
44 Yoko
Started!
91 Ailyn
93 Annora
97 Arabelle
100 Cookie
84 Halley
95 Karee
95 Kori
98 Lyndy
87 Marline
94 Matty
97 Michel
94 Orelia
91 Shaylynn
91 Thekla
93 Theodora
86 Tonie
99 Tricia
100 Trish
Started!
7 Alicea
6 Carmen
16 Danell
2 Dorey
15 Faith
14 Giralda
3 Grayce
2 Gretel
5 Josepha
16 Kalina
5 Kirsteni
16 Kitti
14 Lisbeth
6 Michaela
16 Raynell
5 Rosina
1 Tedi
8 Willetta
Started!
64 Aleen
68 Annabela
61 Britt
53 Candace
59 Idell
66 Ingaberg
52 Jacynth
67 Jenn
66 Josy
60 Justine
62 Kanya
66 Marchelle
61 Nicolea
64 Phillida
67 Tabbitha
62 Timi
62 Yetty
56 Zondra
Started!
78 Adelind
81 Alana
76 Alena
82 Caroljean
75 Devon
71 Elfrida
78 Felicdad
74 Florrie
75 Gracie
75 Jeanne
74 Jillana
84 Lauryn
78 Merl
80 Robbi
82 Roselle
79 Ursula
74 Yovonnda
76 Zahara
Started!
32 Addie
33 Asia
34 Brianna
27 Ceciley
32 Elsa
41 Faina
38 Gwendolen
36 Halli
36 Kippy
39 Kirstyn
36 Lindi
35 Lorie
44 Luelle
33 Meggi
31 Nissa
31 Rosamond
36 Sibella
34 Tatiana
Waiting!
23 Abagael
15 Annaliese
10 Cara
12 Cora
22 Doll
17 Elka
21 Heidi
12 Jordana
21 Korella
23 Leann
25 Lindie
24 Milicent
21 Renee
23 Sara-Ann
24 Sashenka
Waiting!
46 Corina
48 Elladine
40 Erin
48 Essa
57 Fernanda
44 Freida
44 Jessamine
58 Kimberly
55 Lory
50 May
47 Nani
45 Nelia
47 Nicholle
48 Sarette
58 Tallia
Waiting!
93 Andie
92 Arabele
91 Ashla
90 Bernetta
95 Bunnie
89 Clarey
94 Emeline
92 Giulia
99 Hanna
86 Leontine
87 Lillian
94 Maddie
90 Natty
85 Talya
97 Veriee
Waiting!
3 Becka
4 Brigitta
5 Denice
4 Jaquelin
Waiting!
69 Annabell
69 Dionne
61 Ester
70 Irma
Waiting!
33 Andee
29 Celinda
35 Corri
Waiting!
82 Idette
