Started!
61 Alida
59 Catie
79 Chloe
66 Elane
73 Fey
77 Gussie
74 Hermione
69 Jacquie
62 Koralle
70 Lorelle
63 Madelina
69 Maryann
74 Myrtia
76 Nataline
66 Pietra
60 Roby
76 Shaylynn
70 Sioux
69 Tamarah
74 Teri
Started!
51 Alleen
48 Carmela
61 Cissy
59 Debby
51 Eolande
55 Ester
48 Geneva
49 Gwyn
59 Jinny
57 Justine
48 Kerstin
52 Kizzie
53 Korella
65 Lind
60 Lucretia
65 Marin
47 Marjory
53 Sara-Ann
54 Thekla
53 Vivi
Started!
83 Allis
83 Candy
90 Delilah
94 Edee
86 Florri
78 Fred
78 Gus
77 Gwyneth
86 Jacky
80 Jo
84 Kalie
92 Kirsteni
93 Livvie
83 Mariquilla
82 Nariko
82 Odelia
84 Petrina
93 Rafaela
81 Roselin
90 Sigrid
Started!
31 Arlyn
39 Aurea
39 Cassie
34 Deana
45 Dionne
46 Doralin
30 Grata
44 Hyacinthie
45 Idalina
45 Jeanne
38 Leela
31 Maighdiln
34 Marissa
37 Mufi
33 Rivy
33 Rochell
40 Suzy
33 Tammy
43 Timmy
33 Trina
Started!
34 Agatha
20 Annelise
34 Avrit
32 Celine
26 Cherye
31 Corina
34 Gerhardine
21 Gertrud
26 Kelli
28 Kerri
22 Lorie
31 Lorita
27 Louisa
34 Mariel
29 Michelle
37 Mirilla
26 Nichol
20 Ranna
22 Saloma
28 Tricia
Started!
4 Ali
9 Antonetta
1 Babita
3 Danella
4 Darryl
5 Franni
7 Georgie
4 Giulia
11 Hetti
10 Hilary
8 Hilde
6 Jemima
5 Karie
7 Kippy
9 Lily
8 Madelin
9 Marie-Ann
1 Minette
2 Phillis
10 Roda
Started!
15 Adore
14 Ailey
13 Alanah
17 Angel
17 Ardith
14 Astra
14 Biddy
23 Briana
24 Chastity
12 Coretta
13 Delcine
22 Dione
16 Dionis
19 Dosi
13 Dusty
16 Hester
14 Jacquetta
12 Philis
24 Tiffie
12 Yoko
Waiting!
93 Abbey
88 Bryana
93 Cammi
95 Felita
92 Kaitlynn
90 Kerianne
95 Kirby
91 Licha
97 Marney
95 Maryrose
98 Suzie
98 Tabatha
Started!
44 Alanna
54 Anna-Diana
45 Cosetta
38 Elisabetta
46 Evangelia
51 Heidi
46 Hildegarde
45 Jessica
41 Kata
42 Kristan
49 Lanette
49 Lottie
50 Melitta
45 Molly
43 Nelia
45 Noreen
46 Rosina
49 Sashenka
39 Tommy
41 Yasmeen
Started!
65 Abigail
77 Carlin
68 Clarey
80 Clarice
68 Corrine
72 Courtney
71 Ginni
71 Gwenny
81 Heloise
81 Joice
68 Maude
75 Miriam
73 Mureil
80 Nani
72 Odette
71 Rivalee
76 Shina
77 Valina
70 Venus
67 Winifred
Waiting!
82 Fernanda
84 Louella
87 Marjie
84 Mikaela
85 Pamella
83 Tessie
Waiting!
33 Ameline
32 Gerry
35 Ilene
28 Keriann
25 Maribelle
33 Moll
28 Neila
19 Sibylle
33 Tera
34 Zandra
Waiting!
51 Cristal
53 Emeline
60 Fayette
50 Kirbie
59 Linda
59 Tildi
Waiting!
42 Catlin
39 Sacha
Waiting!
74 Aundrea
71 Morganica
