Started!
27 Aarika
28 Ariela
25 Birgitta
26 Cynthea
17 Dianna
25 Doretta
28 Ediva
26 Flore
33 Hannah
26 Kenna
31 Kim
22 Maddi
24 Marchelle
32 Teriann
33 Valry
18 Zorah
Started!
64 Amil
61 Anni
63 Carita
64 Celka
57 Deane
59 Dehlia
56 Diann
57 Dulcea
63 Latrena
69 Madelena
57 Malanie
60 Riannon
66 Robbin
64 Sybilla
51 Tiffany
52 Viv
Started!
43 Arlyn
40 Berti
42 Beryle
38 Celestia
51 Cherye
36 Clementia
40 Edyth
33 Harlie
41 Julee
40 Karlie
36 Lana
45 Meghann
44 Morgen
40 Sharyl
44 Sher
35 Tildi
Started!
5 Berrie
11 Cindi
14 Crysta
18 Hali
11 Hestia
9 Kalli
4 Katharyn
12 Leann
10 Milena
14 Nataline
5 Pavla
10 Roby
3 Rodina
5 Shae
15 Sula
7 Ynez
Started!
94 Auberta
93 Billi
95 Brinn
91 Cosette
99 Daisey
92 Devonna
95 Jocelyn
91 Julietta
95 Karine
98 Laurette
93 Lesya
100 Margaretta
94 Meryl
99 Minetta
96 Ronnica
93 Savina
Started!
82 Alexia
77 Beverley
72 Charmane
86 Codee
85 Dedie
74 Fredra
75 Jordain
79 Lavina
83 Leelah
83 Lorinda
81 Lurleen
81 Melisandra
72 Raphaela
86 Shalna
76 Ulrika
81 Violet
Started!
29 Adriaens
31 Bobby
22 Cathlene
21 Cherianne
11 Cristionna
29 Darci
21 Gena
30 Gianina
13 Jodie
30 Jonell
21 Justine
30 Loleta
19 Lynde
21 Mickie
19 Valida
21 Winona
Started!
61 Annice
63 Blondell
54 Cal
66 Celestyna
54 Cristen
50 Erminia
66 Gilbertina
61 Heida
59 Kaylyn
54 Kimberley
64 Maren
64 Melina
53 Orsa
50 Regina
64 Shelly
57 Ulla
Started!
75 Adi
76 Adria
71 Anna-Diana
81 Danice
66 Ebony
79 Fey
71 Geneva
68 Geri
74 Joye
74 Lynne
77 Nevsa
76 Petronia
71 Reyna
70 Staci
63 Stefanie
74 Ula
Waiting!
53 Antoinette
45 Dyann
46 Florina
55 Ingrid
46 Laura
56 Lurlene
38 Malynda
48 Melisse
40 Robinetta
37 Vinnie
Waiting!
86 Ag
93 Ara
90 Austina
86 Eadith
82 Happy
83 Lorain
83 Meggi
84 Morgan
Waiting!
29 Darcey
35 Pammy
28 Quentin
Waiting!
3 Albina
9 Benedikta
7 Brigitta
7 Calypso
9 Chelsie
6 Darsey
6 Gisella
9 Kial
15 Lorrayne
3 Mozelle
5 Olivia
12 Shandie
10 Sianna
14 Tonye
9 Torey
Waiting!
100 Antonella
95 Floria
98 Laural
95 Myrna
99 Rozalin
Waiting!
61 Andrea
65 Corabelle
57 Cyndie
57 Desirae
59 Koressa
58 Scarlett
