Started!
37 Agneta
33 Aubry
34 Bethina
37 Bibby
20 Chandal
36 Claretta
31 Daryl
35 Devan
38 Donella
26 Donna
35 Dulcie
35 Gabbie
21 Gaylene
29 Gene
38 Jana
20 Jenn
33 Krista
29 Lita
24 Malia
26 Monah
24 Paule
30 Pennie
33 Sallee
32 Sandie
21 Siusan
22 Stacia
Started!
64 Alys
65 Anita
68 Anthiathia
73 Ardeen
73 Auguste
73 Aurelie
66 Belle
59 Brooks
59 Carlita
56 Cathyleen
55 Cheri
56 Clotilda
60 Cynthie
56 Debora
55 Erminie
57 Haily
72 Junia
73 Malinde
60 Norean
55 Quintana
59 Riva
73 Susi
55 Talya
74 Tamiko
65 Tove
68 Traci
Started!
86 Berri
82 Bridgette
89 Camel
78 Cilka
86 Devinne
85 Drusie
85 Fawn
86 Gerianne
70 Jan
81 Jeanna
79 Kaitlyn
79 Kirstyn
84 Krysta
83 Marion
81 Martha
83 Michel
79 Midge
70 Prue
85 Romona
88 Rosemonde
81 Sacha
79 Sharron
85 Shirley
77 Steffi
79 Theresita
78 Trish
Started!
13 Alikee
8 Amalia
15 Ashlee
8 Binny
7 Blinnie
3 Britt
6 Christine
18 Dionis
8 Elva
13 Evonne
16 Gaye
3 Gayel
11 Halley
4 Iolanthe
22 Kirsten
18 Marga
5 Marnia
14 Mattie
7 Maybelle
16 Noemi
5 Rasia
22 Robinia
8 Salaidh
14 Samara
13 Vilhelmina
4 Yalonda
Started!
91 Alisha
88 Annamaria
84 Anne-Corinne
94 Corette
96 Damita
96 Dorris
83 Drusilla
92 Ferdinanda
95 Gabrila
89 Gelya
100 Gypsy
94 Iormina
99 Kara-Lynn
85 Larisa
98 Lynsey
84 Madelena
94 Marthe
100 Nona
99 Pietra
92 Ranee
95 Rina
84 Sarene
96 Shannon
85 Tobe
92 Tonya
94 Valentia
Started!
53 Addia
53 Amabelle
61 Appolonia
43 Berny
46 Bobby
42 Cecilla
53 Cristi
46 Danika
57 Daron
47 Eleanore
48 Elka
41 Elsa
52 Emlyn
51 Fredericka
42 Isabel
52 Janela
45 Laraine
53 Morgan
48 Pierrette
41 Ricky
60 Rivy
51 Sofie
44 Tootsie
51 Valma
52 Wynny
50 Zulema
Started!
4 Ardyth
6 Atalanta
2 Babs
2 Christel
9 Corie
5 Corri
4 Geraldine
8 Jodee
1 Jordanna
2 Josi
2 Karlee
2 Lacy
1 Leanna
2 Maurise
1 Nancie
1 Nari
2 Raeann
10 Sarette
7 Shelly
6 Sherri
5 Tandi
1 Torrie
10 Vania
5 Veronike
11 Vida
7 Winnah
Started!
26 Alfi
38 Alidia
34 Angy
36 Ara
39 Arlee
39 Bliss
25 Bride
36 Carla
31 Dalenna
38 Faustine
30 Gale
27 Genna
32 Ginnifer
25 Gretna
37 Gui
40 Joyan
31 Madelle
33 Norri
29 Queenie
37 Robinette
24 Sasha
38 Shari
37 Tatiania
24 Tess
34 Tracee
37 Verile
Started!
55 Agnella
53 Brenda
64 Carlen
60 Catrina
65 Clarabelle
62 Codi
64 Corabella
62 Denise
65 Emelda
66 Emogene
63 Fionna
61 Hulda
59 Joanne
70 Jobyna
67 Juliann
69 Julieta
63 Kaycee
54 Marrilee
69 Maurita
61 Michelina
55 Minnnie
66 Modestia
63 Rubia
72 Sella
54 Toma
56 Willy
Waiting!
13 Amalie
15 Cindee
15 Elise
14 Georgetta
17 Kalinda
17 Leeann
18 Lila
16 Vina
Waiting!
76 Aridatha
73 Juliette
77 Laetitia
82 Lory
77 Pet
73 Tonie
Waiting!
61 Avril
47 Barry
47 Benita
51 Dedie
58 Edwina
47 Juli
49 Marty
51 Rosanne
Waiting!
31 Chelsea
26 Corly
24 Dodie
25 Melodee
28 Mercedes
Waiting!
40 Ailee
39 Jillie
40 Johanna
40 Joycelin
39 Lesya
Waiting!
97 Emalee
88 Emmalynne
94 Netty
