Started!
56 Amye
44 Arlinda
54 Bernadette
55 Fayina
49 Hilda
39 Jennette
55 Kristi
59 Rubia
55 Ulrica
Started!
19 Allis
12 Amii
24 Betteann
24 Glori
29 Jeanna
26 Jessica
20 Lucy
27 Madelon
14 Melany
Started!
68 Aurlie
69 Carol-Jean
68 Clare
75 Corina
67 Greer
77 Juliet
72 Marabel
86 Nesta
76 Tansy
Started!
87 Arabela
94 Briney
91 Katya
87 Leonanie
97 Oralia
89 Roselle
96 Selina
86 Sherye
79 Tresa
Started!
2 Amalee
11 Ariella
8 Bambi
11 Ermina
4 Fayre
1 Flore
4 Liana
6 Nadya
5 Tarah
Started!
90 Ayn
96 Chiquita
100 Clarisse
91 Corabelle
93 Damita
100 Helyn
95 Maribeth
90 Sarene
96 Verine
Started!
11 Chad
21 Devin
10 Dorthy
14 Fawn
20 Joline
20 Libbey
22 Lyn
5 Mareah
24 Sherrie
Started!
58 Alex
71 Barbara
63 Conny
66 Corinne
62 Florida
57 Isabella
56 Jacquenette
56 Pamella
65 Shaylah
Started!
35 Annadiane
37 Brook
26 Emyle
30 Eugenie
27 Karmen
27 Kerry
31 Pam
30 Sabina
31 Wendye
Started!
40 Aile
51 Dyane
51 Janenna
44 Kizzee
55 Maritsa
42 Marjorie
60 Sharl
50 Tildi
50 Valma
Started!
30 Becca
30 Chandra
37 Keslie
31 Krista
31 Nissa
43 Pippy
30 Tori
38 Valencia
35 Wenda
Started!
82 Agata
76 Elsie
71 Florrie
71 Gill
80 Guillema
75 Jeane
89 Junia
81 Kati
84 Rosabel
Started!
61 Abbi
63 Agnes
61 Cordula
67 Ebonee
60 Isabel
58 Kriste
67 Reta
69 Selestina
66 Tim
Started!
24 Agathe
24 Giacinta
21 Jobey
24 Kai
21 Karoly
17 Mehetabel
27 Olivia
16 Ricki
25 Rosalinda
Started!
58 Dorree
59 Elena
49 Elna
58 Fiorenze
54 Gertrud
53 Hope
53 Marietta
55 Norene
54 Saba
Started!
80 Adrianne
87 Dawna
79 Frank
78 Fredericka
81 Maureene
84 Randa
82 Rebeca
84 Selie
80 Selle
Started!
10 Bertha
1 Charisse
7 Deanne
5 Mandie
3 Ray
8 Sophie
3 Tana
1 Truda
1 Tybi
Started!
92 Ginni
94 Jillian
82 Joan
95 Lia
98 Lilas
97 Marlyn
90 Marnia
83 Renae
93 Stesha
Started!
10 Amie
19 Arabella
15 Chrysa
17 Corabel
16 Harmony
20 Jerrilyn
13 Jodie
26 Tildie
21 Yvonne
Started!
65 Ebba
71 Etheline
64 Jeni
76 Kendra
75 Linell
72 Livvy
75 Samantha
76 Verla
70 Zuzana
Started!
6 Alessandra
4 Amalea
9 Bernadine
2 Clarice
7 Emilia
13 Franni
2 Gisela
4 Jilleen
3 Verena
Started!
52 Eimile
50 Elisa
54 Janot
68 Joy
56 Karleen
64 Karlotte
58 Magdalena
63 Rhodie
48 Vanna
Started!
34 Dela
28 Florence
34 Henka
29 Kiele
35 Muriel
31 Ortensia
36 Teena
33 Vida
41 Yovonnda
Started!
100 Brittne
97 Ertha
88 Fidela
91 Lilyan
90 Millicent
96 Nonnah
92 Ophelie
89 Philomena
99 Tobi
Started!
85 Barbee
91 Camille
89 Dorine
79 Estele
80 Kaitlin
80 Lavina
90 Marley
89 Reggi
79 Robbie
Waiting!
99 Aeriel
96 Beatrix
100 Cariotta
97 Ianthe
95 Meridith
100 Morna
99 Thelma
89 Valery
Waiting!
47 Cherianne
44 Gloria
42 Ileana
45 Shalna
47 Viva
Started!
24 Ceil
16 Celisse
19 Charyl
9 Doreen
20 Joyann
21 Katha
22 Milly
17 Rozalie
22 Sharline
Started!
69 Carlee
72 Charmion
74 Clo
74 Daune
74 Eyde
73 Jilli
69 Seana
70 Zia
73 Zoe
Waiting!
31 Adiana
36 Agretha
36 Dody
34 Janis
28 Stevana
Waiting!
6 Jennilee
7 Karina
4 Magdaia
9 Rayna
Waiting!
63 Gabie
61 Iris
74 Kathy
79 Melicent
79 Merle
69 Roz
Waiting!
22 Idalia
Waiting!
84 Brietta
85 Kiah
81 Teresita
Waiting!
58 Addie
