Started!
11 Bert
6 Nert
Started!
74 Brit
76 Goldie
Started!
44 Opalina
34 Ramonda
Started!
95 Evonne
88 Neda
Started!
24 Aundrea
16 Kristin
Started!
94 Bess
88 Deeyn
Started!
61 Linell
59 Ronna
Started!
23 Brigitta
18 Riannon
Started!
10 Lyndsie
8 Samara
Started!
30 Fanchette
21 Fleurette
Started!
40 Cathryn
33 Lavina
Started!
12 Berenice
7 Codi
Started!
77 Daffi
85 Dolores
Started!
50 Heida
52 Yetta
Started!
88 Alison
88 Joycelin
Started!
73 Dari
67 Juli
Started!
12 Bunnie
2 Elly
Started!
13 Katharyn
8 Pammi
Started!
45 Beatrice
35 Kari
Started!
89 Carita
87 Kalina
Started!
84 Lorelle
91 Merry
Started!
43 Phylis
46 Winonah
Started!
68 Clementine
69 Robbyn
Started!
36 Hesther
42 Ivette
Started!
58 Leese
62 Neely
Started!
92 Mildred
98 Roslyn
Started!
20 Candra
21 Moyra
Started!
47 Alfie
49 Deloria
Started!
75 Clari
70 Rosalia
Started!
4 Carlee
1 Orly
Started!
16 Alleen
24 Kaia
Started!
39 Damara
30 Raychel
Started!
82 Benni
81 Delcina
Started!
32 Darcey
33 Robbi
Started!
70 Bernadene
65 Petra
Started!
47 Adele
49 Johnath
Started!
3 Brandise
5 Rosmunda
Started!
40 Fidelity
31 Rachelle
Started!
99 Amaleta
95 Dorothee
Started!
44 Jaimie
50 Marian
Started!
15 Bonnibelle
5 Jolyn
Started!
89 Chelsae
95 Chris
Started!
3 Cecilla
3 Vilhelmina
Started!
27 Britney
29 Kanya
Started!
83 Constance
80 Kathryne
Started!
52 Patrizia
50 Traci
Started!
28 Hayley
21 Meredithe
Started!
59 Aurie
65 Babara
Started!
22 Kit
23 Tatiana
Started!
51 Idette
49 Lola
Started!
92 Bellina
97 Shari
Started!
8 Fan
11 Kiersten
Started!
44 Edie
54 Sella
Started!
86 Ernesta
78 Francoise
Started!
68 Daile
58 Trisha
Started!
30 Brittan
31 Kippy
Waiting!
7 Alyse
Started!
56 Joannes
63 Meade
Started!
64 Gillie
66 Jennette
Started!
48 Hedwig
53 Lane
Waiting!
74 Briney
Waiting!
48 Anastassia
