Started!
94 Dyann
85 Elsy
94 Evelyn
93 Eyde
92 Florie
92 Frayda
98 Kissie
91 Marissa
94 Mellisa
96 Morena
91 Noellyn
85 Page
89 Tallia
Started!
25 Aloise
22 Annora
22 Ardyth
32 Ashil
25 Blondell
22 Colette
24 Estel
33 Felecia
25 Goldy
24 Lib
41 Melitta
31 Michelina
31 Viole
Started!
2 Avrit
10 Caty
12 Christean
10 Doralia
10 Joan
2 Kailey
8 Leanor
9 Moira
2 Piper
11 Ralina
5 Salomi
6 Tami
11 Willa
Started!
51 Alexine
49 Allison
47 Brandise
54 Camellia
48 Felice
54 Flossy
51 Kaile
45 Lorilyn
52 Minny
48 Randee
56 Rikki
53 Sheelah
55 Susette
Started!
68 Agathe
66 Anabella
72 Cortney
63 Faunie
62 Ilysa
62 Jacinda
61 Janie
72 Jolene
66 Karola
68 Nyssa
64 Raye
65 Sande
66 Sorcha
Started!
17 Calida
27 Cammy
17 Cindie
24 Elyssa
24 Ema
16 Estele
20 Evaleen
26 Ginny
16 Lavinie
18 Sharai
18 Sibelle
13 Sioux
17 Tallulah
Started!
78 Ara
75 Aviva
83 Brittaney
76 Erna
79 Ginni
74 Jessalyn
81 Marne
73 Monica
76 Morissa
75 Romola
82 Rosene
74 Sophey
87 Stacee
Started!
24 Anne-Corinne
33 Blancha
38 Catrina
34 Colene
35 Dayle
34 Devora
34 Elfie
28 Heath
38 Lori
32 Melony
25 Roshelle
32 Selia
32 Theodosia
Started!
90 Alberta
98 Anne
92 Beret
84 Brandy
95 Hadria
97 Lyndsie
89 Malinde
89 Niki
89 Rori
91 Rorie
91 Saidee
84 Thomasine
88 Vanny
Started!
74 Cami
74 Concettina
79 Devondra
80 Doloritas
73 Gillan
70 Jodee
76 Julianna
70 Kata
76 Manya
81 Milzie
75 Mireille
74 Shari
82 Sosanna
Started!
56 Blithe
43 Brit
52 Chad
48 De
58 Dotty
55 Johna
57 Jorey
41 Kaitlyn
49 Kerrie
43 Leonie
56 Luz
55 Ula
45 Ursulina
Started!
12 Abby
12 Arleta
21 Constantia
14 Dido
7 Dru
26 Hulda
17 Imelda
21 Jessalin
20 Manon
14 Milena
15 Pia
15 Starla
17 Zorine
Started!
12 Alia
7 Allyn
4 Amitie
5 Eda
2 Geralda
10 Helen
10 Kaycee
1 Leshia
6 Liana
9 Merrielle
4 Nerte
1 Riane
12 Sarene
Started!
36 Cassie
53 Cornelle
54 Francyne
53 Jacquenetta
48 Liliane
44 Merissa
49 Nita
41 Rosetta
47 Sharla
49 Shay
42 Tamara
46 Trudey
50 Xaviera
Started!
96 Arlene
97 Berget
89 Clementia
99 Corrie
98 Deedee
99 Eachelle
94 Edwina
100 Janeva
87 Meris
96 Mersey
89 Miranda
89 Noami
87 Paulina
Started!
65 Adoree
64 Antonietta
57 Crin
62 Danit
57 Jasmine
59 Jerrine
62 Karel
61 Lesli
56 Lisbeth
58 Myrle
62 Reina
67 Rozamond
55 Tildie
Started!
38 Alice
30 Berti
26 Celesta
37 Fernandina
35 Flss
33 Fredra
26 Inna
41 Kendra
29 Loralee
36 Lorri
28 Marylin
28 Tatiana
33 Teddi
Waiting!
16 Adelice
21 Charmion
13 Chiquita
20 Christabel
17 Cynthea
19 Farah
22 Florence
13 Madalyn
20 Nani
22 Peri
18 Ranique
22 Selestina
Waiting!
80 Annadiana
67 Ardath
71 Blakelee
74 Elana
77 Florry
65 Genny
73 Helen-Elizabeth
74 Lorette
70 Robinia
72 Ronna
75 Shanie
72 Valeria
Waiting!
95 Cassondra
86 Emmie
93 Erminia
85 Gratia
94 Phebe
95 Renell
Waiting!
56 Ailene
48 Ardene
53 Conni
59 Di
44 Gaby
50 Karyl
49 Sayre
Waiting!
61 Agretha
60 Bobbee
62 Cacilia
Waiting!
100 Hailee
