Started!
18 Anni
14 Fredra
16 Jaine
9 Luz
8 Manda
4 Maribeth
8 Raquel
4 Viki
Started!
52 Ainslee
57 Avis
44 Ginelle
52 Gloriane
48 Harrietta
50 Kenna
44 Minette
46 Samantha
Started!
38 Alicea
33 Arlen
29 Cora
38 Desiree
29 Gayel
41 Kori
29 Riane
46 Virgina
Started!
63 Annette
72 Dosi
75 Glennie
73 Gretta
78 Merrilee
77 Rhoda
81 Shirline
72 Sibby
Started!
89 Adrianne
91 Alberta
93 Helen
97 Iris
100 Reyna
99 Robin
90 Siusan
90 Winnie
Started!
21 Garnette
21 George
26 Gilda
22 Jolene
20 Kelcy
24 Kristel
31 Lilia
25 Lisabeth
Started!
73 Agretha
78 Berenice
91 Janetta
81 Marice
83 Maris
83 Matti
87 Pia
89 Randene
Started!
52 Agathe
56 Caria
52 Gae
64 Linea
59 Lynne
63 Maureen
64 Orelia
56 Sonny
Started!
97 Dalenna
100 Desiri
97 Dita
92 Kassi
98 Laetitia
89 Leda
99 Meggy
92 Peggi
Started!
77 Adeline
71 Berty
59 Carmina
69 Daisy
64 Dedra
79 Essie
70 Kora
69 Maureene
Started!
80 Antoinette
81 Debera
71 Debi
90 Deeanne
87 Holli
90 Magda
80 Sallie
76 Shay
Started!
22 Brandea
27 Brigitta
23 Diandra
22 Germaine
23 Leland
30 Loleta
19 Simonne
12 Trisha
Started!
13 Ally
7 Beverlie
10 Carolee
2 Cloe
10 Crissie
1 Daphene
2 Delphinia
3 Perrine
Started!
36 Aggi
42 Ardine
37 Hollyanne
35 Janelle
46 Julina
28 Rowena
45 Tiffani
45 Vere
Started!
41 Beitris
48 Brunhilda
49 Bryana
54 Carena
49 Genvieve
54 Jemie
48 Jeri
49 Maryellen
Waiting!
93 Coletta
93 Kelcey
90 Nicki
99 Seline
94 Zena
Waiting!
67 Minerva
71 Nomi
68 Theresa
Waiting!
24 Clarabelle
16 Dionne
24 Marketa
Waiting!
83 Hattie
87 Rickie
Waiting!
13 Lacee
5 Murielle
9 Rozanne
