Started!
42 Allie
42 Ariana
56 Beatrisa
48 Bernadene
54 Briny
42 Carine
58 Celinda
46 Chad
58 Christian
57 Corina
38 Dorie
40 Fanya
41 Gilli
48 Halette
51 Hannah
57 Jasmina
50 Leanora
38 Lorelei
42 Mellicent
42 Odessa
48 Phillida
50 Phoebe
51 Rae
41 Robena
43 Rosemary
48 Sophia
54 Wilma
56 Windy
52 Winonah
43 Zarla
Started!
23 Anya
32 Bess
32 Elle
33 Estrella
24 Faith
25 Honoria
30 Jodi
30 Junia
29 Karlotte
37 Kiersten
32 Kip
25 Kristen
36 Lexis
32 Lib
31 Lucky
31 Marcy
37 Matti
31 Merrill
24 Quintina
37 Rowena
28 Sadie
28 Salomi
41 Sibbie
27 Susie
25 Tani
36 Trish
25 Vivi
24 Vivianne
29 Wandis
34 Yolanthe
Waiting!
94 Babette
86 Blisse
95 Bunny
85 Calla
96 Carri
86 Clemmie
85 Colene
100 Danit
84 Ebba
90 Georgena
92 Hailee
88 Inger
96 Jobey
87 Kristyn
91 Leone
86 Lola
100 Madella
91 Marna
98 Nonnah
87 Rosabelle
91 Ruthie
86 Sella
87 Shawnee
96 Sidonia
Waiting!
11 Bendite
14 Candy
19 Carrie
11 Catina
8 Christabel
22 Cordey
8 Franciska
19 Gae
9 Grier
19 Gwenette
17 Harlene
12 Joelle
10 Karola
15 Karrie
22 Lyssa
18 Madalyn
8 Marne
13 Maryrose
15 Nariko
15 Pearline
6 Roshelle
10 Sheba
17 Tanhya
21 Tatiania
15 Tommi
18 Valentina
17 Valli
Started!
77 Aggie
73 Becka
71 Bert
71 Bili
63 Bird
64 Bonnee
62 Carlyn
64 Cassi
59 Chiarra
67 Cristina
77 Elene
73 Elfreda
71 Hedda
66 Ketty
66 Kimmy
71 Kyle
64 Kym
72 Laurie
77 Morna
73 Myrtia
66 Ollie
61 Randy
72 Rhona
64 Rosie
72 Roxine
68 Rubi
76 Shani
68 Shena
71 Sybila
76 Valida
Waiting!
3 Dallas
3 Dell
2 Emylee
2 Kellen
2 Melisse
4 Mirilla
2 Nevsa
Waiting!
74 Betti
81 Bettine
83 Natalya
83 Ryann
77 Stephani
83 Trisha
81 Vi
Waiting!
51 Alika
47 Aubrey
44 Avril
46 Eliza
Waiting!
68 Dari
Waiting!
30 Nara
