Started!
80 Lisa
Started!
60 Germana
Started!
51 Gerri
Started!
50 Nataline
Started!
52 Nollie
Started!
77 Jessa
Started!
57 Lona
Started!
18 Kittie
Started!
78 Carena
Started!
3 Josefina
Started!
17 Darryl
Started!
22 Robinia
Started!
80 Connie
Started!
60 Almeria
Started!
1 Michel
Started!
82 Andrea
Started!
7 Patrica
Started!
65 Margie
Started!
88 Ailey
Started!
30 Dorelle
Started!
6 Constantia
Started!
100 Nikki
Started!
78 Bren
Started!
21 Casi
Started!
39 Gweneth
Started!
33 Sayre
Started!
44 Gayle
Started!
76 Selma
Started!
3 Kris
Started!
25 Kata
Started!
59 Frayda
Started!
38 Jen
Started!
2 Sylvia
Started!
16 Shell
Started!
2 Gwennie
Started!
74 Jessi
Started!
56 Keriann
Started!
79 Cicely
Started!
4 Gwynne
Started!
58 Joellen
Started!
98 Portia
Started!
81 Nelli
Started!
13 Eloisa
Started!
58 Susan
Started!
40 Ardys
Started!
55 Janette
Started!
36 Anna-Maria
Started!
67 Miriam
Started!
97 Ranee
Started!
36 Agace
Started!
68 Mozelle
Started!
41 Vi
Started!
24 Mara
Started!
48 Elita
Started!
25 Allsun
Started!
78 Merrile
Started!
64 Rina
Started!
54 Reiko
Started!
93 Dacie
Started!
88 Gabrila
Started!
86 Aggy
Started!
7 Carmita
Started!
24 Delcine
Started!
48 Patricia
Started!
79 Cecily
Started!
57 Idelle
Started!
44 Aviva
Started!
27 Melosa
Started!
85 Elizabeth
Started!
43 Wynnie
Started!
15 Jillie
Started!
29 Emeline
Started!
52 Ana
Started!
22 Wendi
Started!
4 Jackqueline
Started!
13 Astrid
Started!
53 Cecile
Started!
43 Flossie
Started!
65 Giulia
Started!
41 Dasi
Started!
52 Xaviera
Started!
70 Leontyne
Started!
68 Lyndsie
Started!
1 Averil
Started!
71 Nicoline
Started!
92 Helene
Started!
92 Georgine
Started!
73 Brandais
Started!
97 Briney
Started!
45 Micaela
Started!
60 Karyn
Started!
29 Mariann
Started!
64 Vere
Started!
82 Appolonia
Started!
96 Alberta
Started!
73 Gerrilee
Started!
73 Rowe
Started!
97 Lyndel
Started!
10 Mahala
Started!
76 Lonnie
Started!
22 Dalenna
Started!
92 Brandise
Started!
6 Marj
Started!
89 Trixy
Started!
81 Babita
Started!
37 Adaline
Started!
99 Kerrie
Started!
71 Alyda
Started!
21 Elysia
Started!
47 Maryjo
Started!
40 Livy
Started!
37 Miguelita
Started!
29 Stacy
Started!
11 Elle
Started!
40 Tory
Started!
72 Susanna
Started!
26 Cherrita
Started!
94 Nat
Started!
93 Ashien
Started!
43 Cornie
Started!
15 Rasla
Started!
15 Caro
Started!
53 Hatti
Started!
15 Ulrike
Started!
80 Averyl
Started!
59 Eleanora
Started!
90 Aubrie
Started!
76 Caye
Started!
80 Lanie
Started!
67 Cherlyn
Started!
57 Jeniece
Started!
27 Maude
Started!
9 Kipp
Started!
65 Idaline
Started!
62 Thia
Started!
51 Lavinie
Started!
14 Linzy
Started!
74 Shelia
Started!
93 Eachelle
Started!
44 Davida
Started!
10 Dorette
Started!
28 Shelby
Started!
52 Valenka
Started!
95 Denni
Started!
45 Shelba
Started!
93 Eugenia
Started!
27 Catherine
Started!
79 Gabbey
Started!
4 Mavis
Started!
67 Kaila
Started!
47 Madelyn
Started!
93 Traci
Started!
48 Charil
Started!
52 Kate
Started!
24 Beatrisa
Started!
29 Hyacinthie
Started!
52 Tara
Started!
84 Annis
Started!
83 Claire
Started!
46 Bobina
Started!
60 Britni
Started!
89 Brittany
Started!
83 Lacee
Started!
9 Darell
Started!
78 Sherri
Started!
10 Austine
Started!
92 Tiffy
Started!
34 Emili
Started!
77 Jo
Started!
26 Waly
Started!
60 Petronia
Started!
76 Rhea
Started!
56 Stesha
Started!
14 Jeanna
Started!
71 Goldi
Started!
40 Dione
Started!
69 Beulah
Started!
82 Nicoli
Started!
40 Moria
Started!
55 Darline
Started!
37 Jemmie
Started!
27 Albertine
Started!
98 Dorelia
Started!
95 Maurene
Started!
54 Sharity
Started!
93 Jacquelyn
Started!
29 Ethelin
Started!
87 Pepi
Started!
35 Perla
Started!
33 Bettina
Started!
23 Dulcea
Started!
41 Bethena
Started!
96 Paule
Started!
92 Wandis
Started!
64 Kath
Started!
76 Glennis
Started!
90 Myrna
Started!
12 Konstanze
Started!
7 Loella
Started!
24 Alfie
Started!
31 Sande
Started!
77 Abbie
Started!
78 Latia
Started!
82 Arlana
Started!
85 Ketti
Started!
58 Elonore
Started!
99 Kaela
Started!
77 Cynthy
Started!
43 Annecorinne
Started!
51 Sidonnie
Started!
61 Edith
Started!
4 Kaylil
Started!
87 Anderea
Started!
88 Christabella
Started!
53 Rosamond
Started!
24 Cairistiona
Started!
17 Ursa
Started!
29 Vivia
Started!
4 Meggi
Started!
40 Shirley
Started!
20 Mirabel
Started!
28 Thomasina
Started!
43 Imogen
Started!
44 Ginevra
Started!
73 Shani
Started!
39 Phylis
Started!
20 Neile
Started!
31 Bernardine
Started!
14 Joete
Started!
39 Ebba
Started!
31 Camala
Started!
74 Kandace
Started!
41 Rennie
Started!
57 Tiffany
Started!
74 Ulrika
Started!
4 Reina
Started!
77 Eunice
Started!
14 Carmina
Started!
65 Kacy
Started!
19 Concettina
Started!
22 Thea
Started!
69 Rosaleen
Started!
71 Rosemaria
