Started!
71 Bibbie
71 Celka
79 Charlena
70 Debi
67 Emilee
81 Janella
78 Jesse
69 Kerri
80 Kizzee
79 Madeleine
84 Maia
80 Marley
69 Melisande
75 Mollee
74 Muriel
83 Odella
71 Tabatha
66 Vicky
72 Willi
Started!
99 Adore
92 Alix
85 Anet
92 Britni
90 Caty
90 Clarey
88 Dominica
96 Elyn
95 Eryn
97 Gertruda
95 Ilene
85 Irena
91 Mildrid
94 Perla
98 Rosalinda
97 Sam
89 Selle
98 Starlin
97 Xaviera
Started!
17 Annmarie
11 Barry
10 Carine
3 Cissy
11 Delila
20 Emili
12 Flossie
11 Gayla
16 Genvieve
2 Grace
1 Janaya
10 Mala
16 Melosa
19 Milicent
8 Nerta
8 Pammie
4 Shellie
10 Sherill
2 Zenia
Started!
56 Ardene
60 Beth
62 Binnie
62 Cariotta
54 Dorella
59 Elizabeth
62 Galina
61 Ira
60 Jocelin
58 Juline
58 Lorene
58 Maris
57 Maritsa
60 Sheila
65 Sibbie
59 Trixy
63 Valera
52 Valli
63 Vita
Started!
49 Demetris
45 Devan
45 Edita
36 Gabbi
50 Genni
47 Heath
50 Inge
44 Jessa
48 Joannes
43 Junette
49 Karlyn
50 Lucienne
37 Melania
51 Nessi
35 Rianon
48 Sephira
42 Suzanne
36 Sybil
46 Tabbi
Started!
26 Amaleta
15 Ashil
28 Blisse
32 Bonny
24 Constancia
24 Deanne
28 Eddie
21 Ekaterina
22 Gert
16 Goldina
30 Harriett
32 Hestia
21 Isa
18 Jo-Ann
20 Leora
23 Reiko
22 Rubina
20 Tomasina
16 Tori
Started!
28 Alice
24 Arabela
31 Augustine
34 Bella
27 Berte
28 Dacie
34 Elianore
31 Emma
33 Ines
31 Iolanthe
37 Jenny
26 Johannah
33 Jolee
35 Lola
42 Ollie
32 Siusan
38 Trude
37 Wallis
28 Xenia
Started!
1 Clo
10 Cyb
3 Darci
5 Eachelle
2 Elbertina
7 Ethel
8 Fidelia
8 Flor
1 Florenza
6 Garnette
5 Kathe
3 Laurette
3 Mureil
8 Nedda
7 Randy
9 Tamara
8 Ulrike
11 Ursuline
4 Violet
Started!
83 Adan
90 Agata
84 Andree
90 Becka
89 Collen
100 Emylee
100 Georgeanna
97 Gwendolin
84 Harmony
98 Hildegaard
87 Jillie
92 Meredith
97 Meridel
85 Meridith
96 Miguelita
83 Monika
98 Shandeigh
87 Shari
85 Waly
Started!
14 Annamaria
13 Blancha
14 Corilla
14 Dede
15 Dedie
14 Elora
17 Fanya
15 Glennis
22 Kassandra
19 Kellen
23 Lydie
21 Lyssa
13 Mari
19 Martita
22 Mil
19 Nelie
14 Roze
15 Shirley
14 Zola
Started!
61 Bert
73 Bessy
61 Beverie
61 Carissa
62 Chastity
70 Cherise
61 Cordelie
75 Fayre
75 Joanne
73 Kaitlin
69 Laural
77 Lesya
63 Mair
64 Marybeth
66 Maurine
74 Megan
65 Regina
72 Tiffy
69 Tomasine
Started!
46 Carlotta
45 Collete
57 Corissa
56 Crysta
46 Dasya
51 Dona
53 Gerladina
42 Jeanine
55 Jeanne
52 Joby
51 Joey
51 Jojo
48 Kaile
60 Linnie
54 Magdaia
45 Marion
51 Marne
46 Susan
54 Susann
Waiting!
25 Beverlee
16 Coretta
19 Eddi
20 Fiann
21 Jobie
11 Kanya
16 Kelcie
12 Maryann
14 Mirella
15 Nikaniki
26 Robinia
Waiting!
33 Alysa
31 Ashia
31 Celestyna
38 Chlo
35 Elva
41 Gertrude
37 Harmonie
37 Kylila
38 Lizzie
37 Lucinda
30 Marney
Waiting!
91 Albertine
71 Batsheva
81 Doralynn
84 Kerstin
77 Odelia
87 Olimpia
83 Rozamond
Waiting!
99 Dynah
96 Glynda
95 Kariotta
Waiting!
1 Kerry
5 Misty
4 Sarena
Waiting!
53 Anitra
63 Katerine
68 Lisbeth
56 Melisent
66 Sindee
66 Ynes
Waiting!
50 Mufinella
47 Yasmin
