Waiting!
99 Angel
94 Bibi
97 Carma
91 Catha
94 Della
98 Doloritas
92 Dominique
94 Doro
100 Faustina
100 Kameko
97 Mead
92 Myra
99 Norma
98 Rivy
94 Shawnee
96 Tresa
Started!
61 Alexi
57 Celisse
48 Christalle
60 Clarabelle
55 Corny
47 Dotti
58 Easter
66 Elysee
48 Gay
55 Kattie
46 Kerstin
61 Kittie
56 Lizabeth
62 Pierrette
56 Sam
53 Tabatha
49 Theodosia
Started!
24 Allyn
19 Bellanca
14 Bertina
16 Binnie
30 Bonny
32 Charlena
25 Clementina
25 Dona
34 Eada
23 Gisella
24 Jemie
22 Jessalyn
30 Lela
32 Mildrid
18 Niki
14 Theressa
27 Valli
Started!
38 Annadiana
43 Ardyth
45 Carri
34 Cherrita
51 Dot
45 Elga
47 Fleur
41 Ilka
41 Kimmy
42 Lynnet
34 Nicolina
42 Ofelia
37 Rubina
38 Ulrica
51 Valeda
52 Valentine
53 Vin
Started!
81 Anette
84 Briney
76 Bryn
64 Cathy
71 Drucy
69 Dyanne
69 Elyn
71 Ethel
83 Ingaberg
68 Jessy
76 Milicent
68 Nonnah
84 Olga
75 Rhianna
80 Roanne
83 Rosana
74 Susannah
Waiting!
12 Blakelee
11 Cacilie
5 Chelsae
9 Darell
2 Dedra
5 Eilis
11 Francyne
7 Hetty
11 Luella
1 Odetta
16 Shelia
Waiting!
85 Ashlie
86 Maurita
87 Nataline
89 Robby
Waiting!
56 Ardene
62 Danya
60 Elke
57 Madlin
57 Nanon
66 Robinet
55 Tracy
Waiting!
28 Doralynne
21 Edyth
24 Gwennie
23 Janette
24 Jilli
28 Michaeline
28 Misty
24 Pauly
