Started!
26 Alena
22 Barby
28 Cheri
28 Dominica
27 Florance
31 Kirsten
16 Latia
22 Lissie
25 Mickie
22 Nata
23 Pepi
21 Rosabel
Waiting!
4 Ailsun
3 Bernadene
8 Dierdre
1 Honoria
8 Lexi
9 Mercedes
7 Phillis
5 Tamma
Waiting!
80 Aurora
64 Cassie
75 Codi
70 Gavra
81 Kelsy
67 Linnie
72 Lyndsay
64 Lynnette
65 Shanna
Waiting!
87 Bobette
85 Claire
99 Cyndi
89 Davine
95 Jamie
89 Sisely
Waiting!
52 Amabelle
59 Anastassia
60 Bernette
50 Emmalyn
56 Ingaberg
52 Linn
51 Moira
57 Orsa
58 Virginie
56 Zsazsa
Waiting!
40 Corliss
42 Polly
38 Ranna
Waiting!
25 Cesya
