Started!
1 Abbey
3 Alexa
13 Carlynne
4 Cherie
9 Collette
18 Darlene
14 Eadith
2 Fara
14 Genna
2 Ingeborg
8 Janot
4 Kayley
9 Lacy
10 Lilyan
6 Liv
10 Lucretia
13 Rochella
16 Trudey
4 Velma
8 Yvette
Started!
42 Adelice
46 Agathe
37 Berna
41 Denny
27 Emmie
47 Francesca
39 Frannie
35 Freddie
36 Jeanne
32 Jerrie
32 Joellen
39 Kimberlee
28 Lindy
29 Lynette
41 Meara
36 Melisande
28 Nanette
33 Nannie
37 Theda
46 Tilda
Started!
65 Aarika
58 Bessie
72 Cass
61 Elfrieda
71 Evangelia
69 Felisha
64 Joela
75 Kellia
69 Kirstyn
60 Larina
56 Malinde
69 Nananne
69 Netty
58 Odilia
58 Pietra
59 Rosalie
64 Roxi
55 Torie
69 Tova
75 Vannie
Waiting!
48 Anthe
53 Ardella
48 Chiquia
52 Codi
40 Genevieve
47 Gianina
53 Heda
41 Irene
43 Kassia
41 Leisha
42 Maddy
53 Peria
41 Quinta
38 Ruthe
47 Tammi
47 Tonya
45 Ursuline
42 Vivia
Started!
84 Amelie
88 Beryle
85 Bessy
81 Bethany
77 Ceil
87 Chery
75 Doroteya
90 Gertrudis
89 Ibby
80 Jackqueline
88 Mariam
88 Pearle
87 Roseline
79 Sarita
83 Shea
89 Sophey
81 Stevena
77 Theadora
80 Tori
81 Willy
Started!
19 Alberta
27 Amalia
26 Arielle
17 Audrye
20 Cicily
20 Corenda
20 Daisy
26 Delcina
23 Elise
19 Ellen
27 Hadria
9 Isabel
21 Ivie
24 Karyn
25 Kristina
20 Maiga
28 Maren
23 Marga
21 Micaela
24 Mitzi
Started!
91 Ardelia
97 Arlyne
95 Aviva
99 Breena
92 Corrinne
97 Dorena
95 Geralda
99 Ileana
98 Johnna
98 Karine
93 Kirsteni
95 Laure
100 Livvyy
94 Nisse
94 Peggy
92 Randee
88 Sally
88 Shanon
97 Thomasa
94 Tiffanie
Waiting!
37 Amandie
34 Amy
32 Constantia
32 Jilleen
36 Neely
35 Pippy
35 Trula
Waiting!
64 Adan
60 Erda
74 Gert
59 Kacy
64 Lurline
66 Lynea
73 Mimi
63 Modesta
69 Pennie
60 Sidoney
Waiting!
89 Anna-Diana
81 Brittne
89 Crystie
88 Fayina
80 Gael
85 Hallie
84 Joanna
85 Jobina
75 Loria
80 Marylee
81 Naoma
Waiting!
8 Elli
7 Lia
5 Rivkah
Waiting!
92 Philippine
