Waiting!
66 Adel
78 Allix
68 Cammy
62 Codi
73 Cristin
63 Ebba
62 Emmie
72 Giselle
63 Jeanne
58 Jena
60 Jonis
58 Kaylee
62 Kirstyn
73 Lenee
66 Mirilla
66 Rheta
65 Shanie
63 Stormy
Waiting!
82 Berna
86 Dona
85 Georgeta
83 Janina
81 Mercie
85 Phyllida
85 Rayna
82 Stefanie
90 Wilone
92 Wini
Waiting!
42 Almeta
39 Aurelia
54 Avivah
53 Demetris
40 Denyse
43 Eadith
44 Friederike
46 Hertha
49 Hortensia
41 Jana
54 Martina
39 Roseline
55 Sybyl
56 Talya
43 Trude
Waiting!
16 Annelise
7 Aurelie
12 Bevvy
9 Carlita
19 Ceil
13 Chrysa
22 Corene
21 Grata
16 Hanni
5 Karrie
12 Lesli
8 Lilli
12 Mechelle
20 Stella
Waiting!
35 Angelika
38 Daron
31 Kylynn
36 Leontine
36 Nanette
29 Nannie
37 Rosalynd
Waiting!
25 Chery
26 Evangelia
24 Hedvig
23 Marena
23 Sophey
Waiting!
93 Holli
94 Paule
100 Roxanna
