Started!
39 Andy
37 Aurelie
39 Beulah
39 Brittni
34 Dania
33 Elfrieda
38 Jeanine
47 Marie
41 Sherilyn
31 Trude
48 Wynny
Started!
84 Albertine
92 Berna
84 Dode
87 Ivette
99 Jacenta
83 Kalina
97 Leeann
87 Maddie
88 Nike
94 Rayna
95 Shanta
Started!
22 Christiana
24 Dasi
27 Dayle
26 Ebba
29 Elizabeth
28 Gabbie
35 Jacquelin
28 Merridie
34 Nora
27 Sigrid
24 Stace
Started!
71 Adrian
81 Bessie
73 Christine
70 Elysia
70 Erica
73 Evvie
80 Kristi
83 Malorie
73 Marianne
76 Sheena
82 Stormy
Started!
15 Alene
12 Carlyn
17 Cissiee
7 Crissy
16 Fernande
13 Gertrudis
14 Juana
6 Juliane
15 Shaina
15 Sidonia
5 Stormie
Started!
73 Bernette
61 Ceil
68 Eloise
65 Felicity
79 Harlie
69 Iolande
61 Jill
63 Kathy
62 Lacie
62 Lilah
61 Pegeen
Started!
11 Belicia
5 Clarice
11 Felecia
3 Isis
8 Kaitlynn
11 Lesley
3 Maia
7 Mariel
3 Poppy
2 Sileas
13 Tonye
Started!
51 Charlot
45 Cleopatra
47 Debera
49 Elene
56 Farra
57 Genvieve
64 Gerty
54 Karen
44 Kiley
47 Lianna
54 Willamina
Started!
99 Abbie
93 Ashlan
94 Denna
90 Donia
96 Goldina
89 Lethia
97 Marya
93 Mollie
99 Netta
100 Pier
95 Riannon
Started!
47 Aveline
37 Bertine
39 Corey
37 Drusy
43 Janina
53 Jere
38 Karole
35 Libbey
42 Mariquilla
36 Noella
36 Rozelle
Started!
85 Binni
86 Carolann
78 Dinny
88 Fidela
81 Jilleen
76 Kimmie
86 Marci
76 Micki
88 Pansy
79 Phyllida
78 Theodora
Waiting!
62 Cherin
61 Debbie
65 Dolores
72 Kamillah
67 Linzy
67 Nanci
64 Phillida
81 Philomena
65 Romona
71 Ruth
Started!
30 Ashley
19 Claudina
18 Evania
23 Francesca
21 Harriett
28 Minni
26 Peta
32 Rosabella
18 Roslyn
23 Tomasina
30 Viki
Started!
48 Dorthea
54 Jess
50 Karalee
60 Karna
53 Katuscha
53 Kris
58 Linet
59 Moria
57 Reba
52 Reta
55 Sheba
Waiting!
7 Charlene
6 Danella
2 Deidre
1 Keriann
12 Melloney
Waiting!
43 Alex
37 Astrid
35 Donny
40 Hazel
46 Ilysa
42 Janeen
45 Robin
Waiting!
100 Audy
97 Cassey
98 Constancy
99 Terza
Waiting!
28 Alyss
25 Modestine
23 Row
15 Shalne
20 Siouxie
