Waiting!
67 Anthe
69 Brooke
71 Clarice
61 Danice
80 Emmalynn
80 Eyde
71 Francyne
77 Germain
61 Jasmina
75 Joane
73 Karissa
63 Kathrine
77 Lena
64 Lil
78 Quentin
69 Shantee
64 Wendi
68 Zandra
Waiting!
20 Abbey
33 Beitris
16 Correna
25 Devonne
34 Donielle
18 Dulce
27 Emmy
17 Enriqueta
21 Eulalie
19 Gwendolin
23 Harriot
27 Karleen
21 Lorelei
20 Manda
20 Melina
14 Minta
24 Nikolia
26 Sabine
26 Toma
Waiting!
86 Anabella
93 Bevvy
94 Carmelle
87 Cassondra
86 Catrina
87 Elise
90 Jackelyn
91 Joell
84 Kellen
95 Kizzie
89 Lexi
91 Madelina
85 Marcia
82 Marian
83 Marie-Ann
90 Nixie
Waiting!
13 Anastasia
2 Aryn
13 Dianemarie
12 Dodie
7 Koo
13 Malynda
6 Marinna
2 Nanine
7 Ricky
Waiting!
37 Gustie
44 Hinda
38 Karry
40 Traci
43 Veronica
Waiting!
57 Alexandrina
57 Floris
50 Glad
58 Gweneth
52 Jaquenetta
Waiting!
100 Merla
Waiting!
1 Caren
