Started!
84 Augustine
87 Hope
84 Indira
89 Johnath
80 Kelsi
96 Margaux
96 Robena
96 Sascha
95 Winne
Started!
40 Adore
39 Alejandra
27 Danica
25 Giorgia
33 Loretta
38 Lynett
34 Margarete
39 Nadya
30 Randee
Started!
16 Arlen
1 Cordula
8 Fannie
13 Florentia
17 Gabriella
6 Ilene
15 Janean
8 Patrizia
12 Venita
Started!
79 Carola
73 Doe
74 Janifer
71 Jordan
74 Kassandra
64 Lexis
63 Lyndsie
72 Modesta
63 Simone
Started!
24 Christiane
33 Cicily
23 Demeter
27 Elaina
22 Faustina
20 Geralda
31 Gerty
18 Stephana
29 Xenia
Started!
59 Donia
58 Donica
56 Gill
58 Horatia
48 Nathalia
60 Perrine
51 Remy
63 Ricca
66 Tanhya
Waiting!
92 Abigail
97 Elissa
91 Kamila
100 Marielle
99 Penelopa
90 Sasha
Started!
46 Adriana
47 Analiese
45 Claretta
46 Clementina
41 Gabriel
46 Hattie
45 Jennica
36 Melodie
47 Modestia
Waiting!
35 Bibi
30 Chery
33 Corinne
28 Gerladina
26 Leda
37 Randy
Started!
72 Dniren
70 Ellyn
83 Emmalyn
82 Fidelia
75 Francene
79 Harli
74 Kelsy
89 Myrtice
78 Tierney
Waiting!
59 Brit
64 Gracia
69 Jenelle
53 Mareah
63 Petronille
Waiting!
24 Karleen
24 Philippe
Waiting!
46 Rikki
Waiting!
79 Carlie
80 Carlota
72 Natalya
Waiting!
12 Deerdre
