Started!
87 Abagail
88 Ailyn
85 Alayne
83 Corrinne
91 Dionne
82 Dory
85 Fifi
84 Florinda
72 Flory
89 Gabriellia
76 Genevra
87 Goldie
86 Kimberlee
82 Lorianna
85 Lyndsey
91 Lynnell
87 Philippa
84 Thomasin
Started!
56 Alison
52 Andrea
60 Arlana
51 Cara
45 Donetta
51 Gwenore
50 Gwynne
57 Heidie
51 Lissy
49 Malinde
61 Minnnie
51 Nadya
45 Nanete
50 Nanon
44 Revkah
55 Sadie
60 Tyne
42 Zaneta
Started!
23 Abigail
31 Ammamaria
20 Brianna
19 Dori
35 Faina
25 Ferdinanda
18 Freddy
25 Gavra
17 Gayleen
21 Isadora
17 Loree
17 Madelon
29 Michel
28 Phyllis
17 Pris
24 Regan
24 Sile
23 Sofie
Started!
38 Bernette
45 Cary
34 Cinnamon
48 Dara
41 Geneva
39 Gusella
41 Idell
37 Inge
41 Jessalyn
34 Jourdan
48 Karlotta
37 Keriann
36 Larina
41 Mavra
33 Mona
37 Raine
46 Vilhelmina
34 Yolane
Started!
10 Binnie
10 Bria
6 Carmita
14 Floria
8 Isidora
1 Jami
11 Josephina
20 Junina
17 Leora
12 Lia
5 Lucie
14 Maddie
6 Mareah
7 Marla
4 Moreen
7 Myrtice
15 Nicol
8 Teresita
Started!
75 Alberta
67 Annmarie
65 April
63 Camile
61 Cathrine
70 Dorette
70 Gertrud
65 Glen
63 Gusty
63 Jacklyn
69 Lilia
63 Marianne
63 Reine
67 Shanie
77 Shoshana
71 Ursala
67 Zenia
70 Zitella
Started!
96 Addia
98 Aigneis
95 Anselma
96 Berna
98 Briana
99 Catherine
91 Dede
96 Elizabet
97 Elsi
100 Filide
98 Leta
100 Lyn
90 Olive
93 Sonia
100 Suzi
99 Tish
90 Vale
94 Zia
Started!
52 Adria
58 Adrienne
56 Anabelle
56 Bridget
47 Cathee
44 Daffie
51 Emelda
55 Emylee
51 Hyacinthia
49 Lanny
57 Lise
41 Maia
60 Meridel
50 Myrlene
40 Samaria
53 Sherrie
50 Theadora
41 Timmie
Started!
24 Almire
15 Annie
17 Aurea
27 Beatrix
29 Catina
19 Catlaina
33 Deloria
22 Doralin
23 Felicle
19 Fran
24 Gena
23 Hedwig
27 Ivette
31 Lorilyn
25 Nissie
27 Sena
22 Suzanna
33 Therine
Started!
78 Adelle
86 Alecia
89 Alejandra
96 Editha
76 Eunice
76 Fannie
80 Halie
96 Joanie
87 Lorette
79 Lynda
86 Lynea
85 Malvina
80 Marie-Ann
84 Neilla
88 Shannon
80 Teri
77 Wilow
85 Yolanthe
Waiting!
71 Andriette
66 Carline
72 Chicky
67 Chlo
65 Ethelin
69 Felice
77 Giuditta
66 Jessica
68 Jorie
65 Leonore
68 Maighdiln
71 Maurine
75 Roseanna
69 Terza
Started!
36 Alissa
43 Amy
44 Avis
42 Bobina
39 Emmey
43 Helsa
38 Iona
45 Isobel
40 Lian
38 Linette
27 Marika
31 Merl
42 Michal
30 Rafa
32 Roxine
36 Sheena
46 Vi
42 Zola
Waiting!
60 Abigale
59 Alexandra
58 Angelika
63 Camel
57 Cindra
61 Elisabetta
57 Enrica
59 Faustine
60 Glynda
61 Honor
61 Jennette
54 Joanna
64 Lesya
64 Marjorie
55 Sammy
Started!
12 Arleta
11 Ashien
5 Beckie
13 Claire
12 Collie
11 Costanza
5 Cristal
6 Fredrika
5 Gayel
4 Ida
7 Joella
19 Lindsey
9 Marjie
3 Marylinda
18 Nichol
12 Rica
12 Silvie
5 Tallulah
Waiting!
51 Blair
52 Darsie
Waiting!
86 Andree
89 Binni
92 Joye
86 Linn
Waiting!
97 Alena
Waiting!
23 Annamaria
34 Ellynn
25 Katharina
23 Reina
Waiting!
10 Leda
