Started!
89 Becca
83 Candida
86 Dani
85 Ivett
81 Jill
74 Melloney
86 Patrica
81 Selene
73 Tabbi
Started!
72 Audi
69 Cathi
62 Erena
75 Judie
70 Katrine
60 Marci
70 Pattie
67 Peg
59 Theodosia
Started!
40 Estele
40 Francesca
37 Gwenore
40 Malorie
41 Matty
39 Mickie
39 Olimpia
32 Rianon
22 Vida
Started!
2 Angelita
20 Dorothy
5 Edithe
3 Janine
2 Katleen
4 Kimberlee
12 Kore
8 Steffie
9 Valery
Started!
49 Anica
58 Annabell
52 Crissie
44 Dale
43 Eleni
54 Elita
45 Heidi
52 Leda
45 Maddi
Started!
92 Bonnee
97 Cissy
88 Elke
96 Helge
90 Janela
91 Leila
87 Lorilyn
89 Melodee
100 Pietra
Started!
34 Corella
19 Dacia
28 Flss
28 Gleda
23 Kanya
20 Max
25 Nickie
29 Ora
25 Terese
Started!
37 Cody
41 Guglielma
40 Leonelle
36 Madelaine
39 Pooh
38 Rakel
41 Sonni
29 Terrye
43 Velvet
Started!
4 Annalise
1 Carolynn
3 Ethelda
11 Jeanna
4 Lusa
9 Minetta
10 Nicholle
3 Reine
6 Vyky
Started!
50 Adah
50 Dorotea
52 Elsie
59 Jeannette
50 Loria
49 Maegan
58 Merci
50 Meridel
49 Tiertza
Started!
91 Agathe
82 Carmelita
78 Charmion
75 Deidre
85 Dniren
86 Lorene
84 Lynnelle
82 Ranna
86 Rozella
Started!
4 Atlante
12 Bonni
16 Cornelle
4 Dotty
16 Hortense
13 Polly
16 Reggie
3 Rozelle
6 Talia
Started!
68 Avril
59 Brittaney
73 Daffi
58 Esmaria
62 Jacintha
77 Katherine
61 Kylila
73 Meryl
71 Rori
Started!
37 Gabriell
35 Georgeanne
35 Kerstin
33 Milly
25 Ricky
26 Robin
29 Sharity
24 Tallou
31 Xylina
Started!
20 Amalie
22 Daphne
13 Devan
17 Gussy
20 Harmonia
26 Mireielle
12 Shawn
27 Tuesday
18 Vanni
Started!
51 Alessandra
47 Alisa
51 Arluene
52 Bobinette
51 Codee
47 Edwina
57 Germain
56 Jessi
56 Lisha
Started!
89 Aurie
86 Brittany
100 Deirdre
96 Georgia
86 Marlee
94 Marquita
92 Pauli
92 Sande
98 Tammi
Started!
48 Chelsea
39 Cora
48 Nanci
42 Petra
44 Rose
43 Sabina
35 Sallee
34 Silvie
48 Tina
Started!
7 Candice
17 Fanechka
3 Fidela
16 Guinna
6 Henryetta
7 Jaquenetta
7 Mallissa
16 Pammie
3 Sophey
Started!
73 Aeriel
73 Fayre
85 Ginnifer
83 Jada
81 Jade
85 Latrina
76 Leshia
76 Mattie
81 Teresita
Started!
31 Alvira
24 Ginny
21 Jaynell
29 Joanie
25 Mada
23 Mariejeanne
31 Maye
26 Melina
26 Pauline
Started!
66 Aarika
70 Alla
69 Brandea
61 Darcey
70 Kaitlin
55 Lindsy
55 Noelani
66 Shayla
54 Tonya
Waiting!
18 Chandra
20 Katina
14 Petronille
18 Phyllis
11 Sibylla
Started!
91 Ardelle
81 Dianne
76 Dorine
82 Flossi
78 Melosa
74 Papagena
73 Quintina
84 Shane
75 Sharia
Waiting!
97 Adriaens
96 Aeriela
100 Angelina
99 Irina
98 Kacey
96 Katerine
Waiting!
6 Berni
5 Di
1 Drucill
7 Felicity
3 Lesly
5 Matelda
1 Noni
3 Scarlett
Waiting!
56 Addie
46 Beverley
43 Cassondra
53 Cynthia
58 Dyan
61 Lyndel
Waiting!
35 Conny
38 Karissa
Waiting!
74 Audre
68 Leone
74 Maryjane
74 Michaeline
67 Tamera
67 Therine
68 Tracey
Waiting!
84 Robbie
