Started!
79 Anestassia
77 Bonnibelle
85 Brear
79 Daryl
90 Gina
89 Jackquelin
79 Juli
76 Kamilah
82 Kattie
82 Latrena
76 Lenora
81 Loutitia
86 Marylin
76 Rosaleen
87 Rosaline
76 Tiffanie
Started!
55 Adrianne
54 Chloe
67 Diahann
53 Donielle
67 Emmalee
52 Emyle
64 Etty
65 Eula
64 Gae
67 Lorenza
60 Nataline
58 Nell
51 Nerti
59 Nikkie
61 Randie
52 Venus
Started!
34 Ardath
44 Bill
45 Coretta
32 Eleen
40 Gennifer
41 Gilda
33 Joletta
32 Kaitlin
47 Lauri
32 Marlane
40 Mirna
50 Romona
50 Rosemonde
44 Sarina
38 Sonni
40 Vivia
Started!
3 Carole
2 Celestyn
5 Diann
13 Elset
13 Glenna
3 Ivie
11 Joan
8 Joane
9 Josefa
1 Lurline
11 Melodee
11 Merola
2 Moria
3 Sabra
7 Tildie
7 Xaviera
Waiting!
100 Alaine
98 Betti
91 Carmelina
96 Ermina
99 Layla
96 Lizabeth
87 Valeda
Waiting!
81 Amie
69 Annabela
71 Carmita
64 Deina
78 Farand
78 Genevra
64 Hilda
71 Lynnett
66 Millicent
Started!
21 Adelaida
17 Analise
19 Atlanta
14 Cyndi
28 Dinny
16 Jerrie
15 Jessi
14 Leeann
18 Liane
18 Marya
16 Rhianon
21 Rubetta
9 Sheilah
22 Teresina
15 Vanya
20 Wylma
Waiting!
57 Isahella
52 Kirsteni
58 Marj
45 Maryann
53 Orly
48 Randene
54 Sibley
Waiting!
32 Antonia
41 Carolina
31 Eartha
Waiting!
83 Bibbye
84 Demetra
82 Lilia
Waiting!
6 Gillan
13 Goldie
4 Louise
7 Nessi
14 Teri
6 Vyky
Waiting!
21 Lizette
30 Lyndsey
28 Petronella
Waiting!
17 Katharina
17 Merci
