Started!
10 Carree
26 Floria
10 Janina
9 Lebbie
14 Lilllie
17 Shirlee
25 Stesha
Started!
71 Aleen
76 Elysha
65 Ethyl
67 Farand
75 Greer
70 Jen
79 Sibelle
Started!
80 Abbi
77 Adrianna
83 Dyann
92 Ingeborg
84 Lindy
86 Sarah
82 Taffy
Started!
42 Agatha
37 Babs
34 Dawna
38 Karlotte
32 Katleen
29 Marillin
38 Tine
Started!
15 Alia
5 Christen
5 Drusy
15 Henrie
2 Roselin
3 Wendie
10 Yetty
Started!
56 Astra
46 Augusta
52 Brinna
48 Lauree
44 Laurice
48 Talyah
52 Ursula
Started!
76 Annissa
65 Gisele
70 Mae
77 Marysa
73 Robena
80 Tiphani
81 Tresa
Started!
27 Correna
23 Faye
37 Jacquenette
30 Meridel
22 Patti
36 Rozella
40 Sabra
Started!
96 Adelaide
89 Con
97 Demetris
91 Kimberly
97 Lissa
92 Phyllis
98 Tiffanie
Started!
22 Barbara
19 Celestyn
18 Colette
16 Daveta
26 Karla
24 Roxy
27 Sharia
Started!
83 Charmane
80 Clair
83 Gus
76 Hazel
86 Hilary
82 Lauralee
83 Sybyl
Started!
45 Anthia
37 Gwenora
46 Joyan
37 Livia
39 Maggy
41 Marisa
42 Vicky
Started!
26 Andy
24 Bea
22 Corly
35 Ketty
27 Lexi
30 Marcelline
39 Vanda
Started!
4 Bendite
4 Daffie
1 Dyanne
3 Elspeth
4 Kellen
3 Marcia
2 Marianna
Started!
65 Alyda
70 Deidre
74 Pansy
73 Sallyann
67 Susanne
79 Winny
70 Zorana
Started!
57 Andi
62 Anett
55 Aubrie
55 Carmencita
61 Kayla
54 Lanita
48 Roseanna
Started!
27 Danella
38 Danny
31 Laurene
25 Lena
25 Lilyan
38 Rikki
35 Wilie
Started!
91 Anastasie
95 Deloria
89 Dolley
99 Dulciana
96 Loree
98 Mariel
98 Olivette
Started!
63 Ashlie
64 Carley
72 Josefa
72 Mab
76 Mignon
80 Susie
71 Tamara
Started!
25 Bellina
18 Dorita
21 Jillane
22 Juanita
16 Maribelle
14 Rosaleen
21 Yelena
Started!
87 Aurilia
94 Carlynne
78 Josy
97 Kriste
80 Nadeen
77 Renae
92 Shea
Started!
66 Brittni
63 Crin
58 Darby
62 Kerianne
66 Kerstin
55 Klara
60 Klarrisa
Started!
43 Aurora
31 Bryna
41 Claretta
37 Didi
32 Maddie
48 Scarlett
43 Tybi
Waiting!
70 Arabele
61 Carie
71 Hali
65 Joete
73 Therine
Started!
24 Alyss
24 Becky
28 Elsie
22 Larine
27 Luisa
26 Tasia
29 Waly
Started!
23 Bella
14 Brett
16 Celesta
22 Celestine
16 Gabrielle
11 Margalit
21 Ruthann
Waiting!
4 Dolores
1 Domeniga
2 Tina
Started!
20 Ashleigh
35 Eadith
26 Hyacintha
31 Kerry
36 Moria
31 Petunia
29 Rhody
Started!
93 Catha
92 Celine
99 Etty
100 Joelle
99 Lizzie
96 Nyssa
89 Shelli
Waiting!
48 Eunice
41 Norine
49 Quentin
49 Zuzana
Waiting!
59 Berri
57 Dulsea
59 Marijo
58 Mickie
54 Rubetta
Waiting!
86 Aurelea
82 Cayla
85 Clare
Waiting!
16 Randie
