Started!
75 Clair
74 Delora
77 Henrie
62 Jen
68 Magdalena
70 Marieann
78 Neila
Started!
87 Agatha
100 Isis
88 Katleen
100 Laina
94 Lindy
87 Lynnell
87 Nicki
Started!
43 Adelle
35 Austine
38 Bobbi
41 Davida
37 Kelcie
31 Marta
37 Sabina
Started!
24 Andriette
25 Lida
20 Marji
16 Nicholle
25 Odelle
21 Ronna
23 Stesha
Waiting!
23 Cybil
23 Denyse
16 Filia
14 Lauree
13 Renae
Waiting!
1 Codee
1 Julienne
Waiting!
93 Adah
76 Floria
83 Hally
75 Orly
92 Rozella
91 Wilhelmine
Waiting!
98 Briana
Waiting!
41 Blanch
49 Gisele
Waiting!
65 Beth
