Started!
40 Agnella
32 Alejandra
49 Alvinia
32 Angel
45 Angeline
33 Avrit
41 Cathrine
33 Delinda
37 Florenza
32 Germain
38 Giselle
51 Jacqueline
35 Jeanie
41 Kalina
51 Kettie
40 Lorita
52 Lurleen
39 Milissent
46 Minette
42 Natassia
51 Risa
39 Roxana
42 Shandra
Started!
13 Alicia
7 Almira
13 Althea
5 Ange
22 Brianna
20 Briny
21 Catlee
20 Cecilia
15 Dionne
10 Friederike
16 Gnni
18 Isabelle
2 Joye
17 Karee
13 Maiga
7 Melodee
12 Philipa
14 Rica
7 Shoshana
5 Sissy
10 Tate
7 Tomi
13 Trenna
Started!
60 Adrienne
62 Bella
63 Belle
71 Carmelia
65 Catlin
54 Coleen
54 Danice
72 Daphna
58 Dody
73 Dorella
63 Dotti
68 Edi
59 Henrieta
69 Karalynn
62 Katherina
73 Lottie
54 Meghan
56 Moyra
64 Noreen
65 Shannah
70 Thomasin
58 Vanna
57 Virginia
Started!
94 Anastasia
77 Aubrette
82 Blinni
92 Brett
83 Cayla
84 Clarinda
77 Constantine
92 Delilah
82 Diannne
89 Grayce
96 Jami
82 Leanna
81 Lonnie
93 Maitilde
77 Margot
78 Martha
90 Melita
81 Merilyn
89 Mona
77 Ronni
86 Toinette
78 Vyky
76 Winnah
Started!
74 Ally
68 Alyss
71 Andriana
80 Bonnibelle
69 Carissa
67 Chloris
72 Cristal
73 Frank
68 Jenn
67 Joline
70 Kalie
72 Laurene
74 Marylee
65 Quintana
71 Romy
81 Rosanne
80 Roxie
72 Sean
74 Sofia
83 Sybyl
84 Therese
71 Twyla
75 Vivyan
Waiting!
31 Antonetta
26 Darsey
31 Devinne
21 Estell
35 Fredi
28 Leesa
17 Mignonne
33 Morgen
31 Nancie
33 Sharai
30 Suzy
18 Timmi
16 Valencia
28 Xenia
Waiting!
90 Adora
96 Ania
99 Anita
92 Benetta
91 Chelsey
100 Dix
98 Gerianne
94 Issi
95 Jane
91 Kalindi
98 Leonie
99 Marnia
100 Nadiya
100 Nancy
90 Noellyn
99 Ranique
90 Trudie
Waiting!
9 Aila
8 Arabele
1 Bel
7 Jeniece
3 Livvyy
1 Mareah
11 Megen
6 Misti
8 Reeba
11 Row
10 Verna
Waiting!
54 Adelle
53 Aurie
58 Cordelie
60 Floria
60 Gerladina
62 Jinny
57 Keeley
64 Leshia
62 Lynette
58 Marne
54 Minne
59 Olympia
64 Sephira
50 Suki
62 Tally
56 Tammie
60 Viole
Waiting!
15 Bertina
12 Brigitta
15 Daisey
12 Felecia
15 Kizzee
14 Larissa
Waiting!
83 Allys
82 Jeanette
85 Kelsy
88 Valentina
86 Wilie
Waiting!
44 Frieda
43 Latrina
43 Sheelah
Waiting!
72 Ricca
