Started!
96 Bamby
99 Brett
91 Caril
99 Cathrine
86 Dody
94 Gabriela
85 Georgeanna
90 Harrietta
86 Jennee
94 Lindsay
98 Maressa
89 Marge
98 Ronna
94 Rory
98 Thia
88 Thomasin
96 Trixi
Started!
5 Adore
9 Adrea
5 Belvia
2 Bliss
10 Briny
9 Carissa
5 Cecilla
6 Cristal
2 Dianne
1 Eadie
12 Harmony
7 Ilysa
7 Kitti
9 Kristal
10 Lorraine
11 Ursulina
7 Viole
Started!
58 Alexis
63 Amanda
57 Bethany
57 Cindi
51 Evelina
50 Florenza
63 Jammie
59 Jeanne
53 Jobie
55 Lissy
57 Marne
63 Moria
66 Nessa
60 Noell
65 Phedra
67 Risa
60 Thalia
Started!
33 Amandi
42 Bettina
28 Brynn
37 Camila
36 Harriott
42 Janetta
39 Kissiah
39 Lurleen
32 Magdalene
25 Maia
34 Maurise
33 Melodee
36 Pattie
41 Ruthi
43 Saba
24 Violet
35 Vonnie
Started!
73 Agatha
72 Ariela
73 Beryle
83 Chiquia
72 Gerhardine
83 Ilyssa
81 Jorry
67 Keelia
68 Lizbeth
77 Mandy
68 Mechelle
73 Mirabel
73 Nerta
71 Nertie
74 Roberta
76 Wilone
83 Winnah
Started!
21 Agnella
22 Austina
27 Brigitta
21 Carmelia
20 Con
15 Fanni
27 Floria
14 Gertrude
23 Karine
29 Karolina
19 Lorri
29 Merrilee
17 Milissent
15 Mollee
14 Nancie
19 Shanie
16 Sharleen
Started!
45 Anissa
52 Anthea
46 Becki
47 Berta
46 Ertha
44 Giselle
53 Hetty
44 Joye
49 Kaylee
45 Lanie
50 Margareta
49 Maris
44 Marylin
50 Olympie
44 Regine
52 Shanon
37 Willi
Waiting!
92 Audrey
93 Carline
95 Charil
99 Darline
88 Elianore
99 Jenna
97 Maybelle
99 Merline
91 Nathalia
94 Wynnie
Waiting!
62 Albina
63 Antonina
56 Dela
55 Dena
62 Drona
57 Evaleen
57 Friederike
62 Jemie
62 Kaitlin
67 Kamillah
58 Maddi
49 Nissy
58 Ortensia
58 Rosina
62 Roxanna
51 Venus
Waiting!
75 Bobby
74 Christal
86 Demetra
80 Doria
78 Fancie
75 Francesca
85 Lois
84 Ursola
77 Xylia
Waiting!
43 Benoite
47 Brigid
45 Cammie
41 Cele
38 Hannie
40 Kimmy
35 Robena
45 Sharity
38 Tiena
44 Tomasine
Waiting!
70 Addie
71 Franky
72 Julianne
71 Lynnea
73 Sile
Waiting!
29 Bonni
25 Dorree
25 Eada
26 Erda
17 Estell
32 Gilbertine
31 Jany
16 Lynette
17 Rosa
34 Tove
Waiting!
3 Becka
9 Edi
8 Ninnetta
11 Tootsie
4 Verene
Waiting!
14 Cordey
