Waiting!
64 Adele
54 Anet
51 Annie
59 Annmaria
66 Bellina
63 Carmen
58 Edeline
60 Elyssa
62 Guillemette
49 Jacinta
48 Kessiah
54 Kip
67 Leonora
57 Libbie
54 Nata
55 Nettie
64 Roz
50 Sharia
61 Theressa
54 Vitoria
Waiting!
76 Andree
71 Brittany
79 Clemmy
85 Corinna
74 Erma
79 Gertie
77 Hyacinthia
76 Marty
82 Milena
83 Modesta
84 Myra
72 Pattie
82 Veradis
75 Yalonda
Started!
32 Adiana
45 Andrea
28 Annamarie
35 Austine
36 Babb
44 Barbe
35 Catlin
36 Conchita
45 Demeter
42 Eleonore
33 Ellynn
37 Gayel
41 Harrietta
33 Heidi
42 Jeanne
28 Kala
40 Kathleen
33 Lark
34 Leelah
35 Livy
38 Lurline
35 Marne
44 Meggie
43 Nerti
Waiting!
22 Alfie
12 Ashil
18 Charyl
29 Emmalyn
14 Helyn
23 Laetitia
20 Latrina
15 Luella
26 Marlee
16 Mireille
16 Nanice
20 Olimpia
18 Pauletta
24 Raquel
20 Storm
16 Tiphany
Waiting!
8 Alexine
9 Anita
10 Ariadne
8 Arlyne
9 Constanta
2 Dosi
3 Gabbey
9 Gertruda
8 Gratia
6 Jobi
8 Kristel
9 Linda
4 Lotte
5 Meaghan
4 Orella
2 Sidonia
Waiting!
92 Aeriela
92 Brenna
89 Carolina
86 Debee
96 Elisabet
91 Gabriella
89 Gayla
95 Luelle
88 Nancie
87 Norrie
Waiting!
98 Amalia
100 Annabelle
98 Vikki
Waiting!
42 Cindie
33 Tara
