Started!
88 Ally
91 Kathlin
94 Lisha
98 Nessie
Started!
22 Adriane
23 Channa
19 Minette
23 Ree
Started!
40 Annabela
45 Caterina
42 Eleonora
35 Genia
Started!
79 Katleen
79 Meghan
66 Meta
74 Rahel
Started!
27 Brenda
24 Carolyn
22 Jilly
22 Kit
Started!
13 Larissa
10 Nolie
3 Perrine
9 Tova
Started!
40 Mathilda
48 Mindy
50 Nicolette
46 Ronny
Started!
71 Arlie
78 Louise
62 Tillie
71 Victoria
Started!
58 Carrissa
67 Marja
67 Martguerita
67 Tate
Started!
92 Audie
90 Maggee
90 Nesta
95 Rowena
Started!
64 Chrysa
70 Elsa
73 Gennie
68 Maud
Started!
92 Anetta
83 Bambie
88 Lindi
78 Melly
Started!
35 Babbie
36 Evanne
36 Melli
27 Twyla
Started!
9 Alta
6 Bryna
10 Magdaia
8 Sidoney
Started!
96 Jannelle
94 Maxine
100 Phaidra
94 Romona
Started!
19 Mellisa
21 Minda
25 Phil
31 Tybi
Started!
9 Drusie
3 Florenza
2 Juliette
4 Sianna
Started!
94 Blanche
99 Deny
98 Rikki
99 Trista
Started!
37 Angeline
29 Doralia
35 Edie
39 Odella
Started!
57 Angelique
67 Cristen
76 Faina
71 Germana
Started!
31 Ashlen
23 Cassaundra
17 Farica
28 Sibley
Started!
87 Ardelis
78 Catlee
80 Lenna
79 Ysabel
Started!
8 Barbie
2 Madella
1 Vi
1 Wilone
Started!
56 Donnamarie
52 Emelita
45 Erda
43 Samantha
Started!
55 Arabella
63 Dyan
48 Jody
53 Loretta
Started!
100 Cate
100 Fionnula
100 Nell
100 Tonie
Started!
43 Amelia
39 Daniela
33 Denny
28 Millicent
Started!
19 Jacquie
19 Keeley
19 Rosabella
28 Shina
Started!
44 Atlante
34 Dayna
52 Hester
49 Lois
Started!
86 Charla
80 Christin
79 Laurella
88 Meg
Started!
20 Angelika
20 Chloette
20 Krystyna
12 Phebe
Started!
9 Alexandra
1 Devora
1 Guillemette
5 Katina
Started!
32 Cesya
28 Jasmina
27 Kalinda
22 Lindsay
Started!
66 Callida
62 Marabel
70 Mirabel
72 Shea
Started!
64 Barbra
56 Gaynor
48 Honoria
51 Violante
Started!
20 Elinor
13 Julietta
17 Krystalle
17 Rafaelita
Started!
90 Jamie
88 Lizabeth
96 Tildie
86 Vonni
Started!
31 Chelsae
31 Ileane
28 Jeanne
18 Marcia
Started!
39 Blondelle
44 Bria
40 Gerri
40 Meredithe
Started!
100 Abbe
100 Ameline
84 Kimmy
94 Rhody
Started!
14 Cindie
17 Ruthi
20 Teddi
21 Terry
Waiting!
9 Anna-Maria
6 Maritsa
Waiting!
77 Beryl
68 Kathryne
Started!
37 Bunni
43 Ilka
29 Junie
31 Winne
Started!
95 Esme
94 Helge
99 Marcy
93 Shellie
Waiting!
19 Gusta
Waiting!
84 Michaella
Waiting!
99 Madelena
