Started!
90 Avrit
96 Brook
93 Christine
81 Diann
82 Elfrida
99 Irene
98 Larisa
90 Lonnie
94 Madel
87 Merrilee
100 Norean
94 Rayna
94 Regina
92 Sib
82 Stephi
91 Susana
87 Tilly
93 Vally
Started!
44 Adelind
31 Alli
33 Antonella
32 Ariel
49 Arlina
40 Christen
35 Clary
50 Cordi
40 Cynthea
38 Diena
32 Dixie
44 Florenza
41 Florida
41 Gretchen
35 Gretta
47 Hermione
38 Sarine
50 Tiphany
Started!
66 Alexandra
64 Brier
65 Candida
71 Dulcinea
56 Ethelind
61 Holly-Anne
63 Jerrie
57 Latrina
68 Lauralee
72 Marlee
68 Milicent
73 Norah
74 Ophelie
55 Rubia
58 Shea
63 Tatiana
68 Tawnya
54 Valli
Started!
27 Adela
38 Cherice
20 Christiana
28 Cindi
20 Consolata
40 Datha
21 Donnie
30 Fanny
28 Fernandina
23 Fredi
26 Gabrielle
26 Gerry
21 Jade
30 Melitta
39 Nady
29 Nicole
27 Peggie
40 Tarrah
Started!
69 Alexa
79 Caty
75 Darice
78 Daveen
78 Diane-Marie
69 Gloriane
73 Harlene
69 Helena
75 Karla
75 Lethia
80 Mallory
74 May
82 Nelle
80 Noellyn
75 Norry
84 Roby
79 Shoshana
69 Wilhelmina
Started!
5 Amandie
7 Cal
4 Callida
13 Daune
4 Dolley
5 Dorthea
2 Eolande
8 Evey
3 Gratia
5 Jaquelyn
11 Lia
1 Licha
9 Magdalen
7 Margareta
9 Margaux
13 Portia
11 Val
11 Valentina
Started!
11 Adrianne
27 Benetta
16 Cati
25 Cindie
18 Correna
28 Dominga
23 Francene
18 Grace
18 Hanna
19 Imojean
27 Kalindi
22 Kitty
8 Lindie
27 Loreen
22 Maggie
22 Peggy
12 Perry
18 Sher
Started!
66 Aili
63 Aleen
62 Babb
65 Bridgette
60 Celie
53 Corliss
68 Darleen
58 Deloria
65 Haley
55 Lilyan
57 Lisetta
62 Modesty
68 Monah
68 Nananne
52 Suzie
52 Tania
56 Vi
72 Wendy
Started!
91 Aura
95 Cinda
88 Collete
92 Deva
99 Dorolice
91 Gerti
96 Halette
100 Hannah
91 Idaline
99 Karisa
86 Laraine
89 Laurena
86 Marie-Ann
92 Marylinda
95 Saidee
90 Shawna
97 Stoddard
92 Valeria
Waiting!
38 Arda
46 Aurlie
50 Brianna
49 Chelsie
48 Emelita
51 Gus
50 Henrietta
48 Janeczka
48 Kala
42 Katharina
45 Lynelle
49 Mirabel
42 Nancy
41 Riane
43 Roda
47 Sheryl
Started!
77 Alexina
72 Ali
81 Bernete
79 Brigit
83 Caye
81 Chandra
69 Chicky
76 Dredi
73 Hayley
73 Ilsa
77 Kelci
72 Lizzy
80 Madelina
77 Marya
67 Olivette
83 Rina
72 Rosette
73 Tana
Waiting!
33 April
25 Caritta
27 Daile
34 Danyette
27 Deloris
30 Katine
26 Kerri
34 Kylie
35 Lyndel
32 Madeline
30 Michele
30 Rey
Waiting!
10 Annabelle
6 Carlynn
10 Faina
6 Heloise
6 Jennilee
10 Jessalyn
3 Julia
7 Lavina
2 Livvie
5 Lotte
4 Shaina
3 Stephannie
Waiting!
22 Anderea
17 Cassandry
13 Cherri
14 Dorothy
19 Dulciana
13 Flossie
18 Hyacinthie
23 Loree
22 Marris
23 Sianna
23 Tabatha
Waiting!
79 Christy
78 Kirbee
69 Lory
Waiting!
81 Joane
86 Orelee
