Started!
2 Abbie
11 Allsun
13 Angel
19 Ashien
19 Betsy
18 Billi
13 Bridie
11 Cyb
8 Diann
7 Dorolice
4 Floria
3 Gabbie
10 Ginny
15 Gusella
2 Jocelin
10 Liva
10 Melitta
17 Ruthie
3 Simonette
9 Steffi
9 Susana
14 Talyah
14 Wandie
9 Zaneta
Started!
39 Adela
49 Agatha
46 Ailey
46 Anna-Maria
45 Anthea
48 Aryn
53 Bridgette
39 Clara
54 Colleen
54 Crysta
46 Darlleen
39 Debor
48 Flory
38 Gina
39 Hatti
39 Jazmin
58 Maris
39 Reggi
42 Renee
53 Shelli
54 Suzie
40 Theodosia
49 Valera
46 Wynne
Started!
87 Angil
93 Beulah
90 Devinne
89 Dita
88 Dorice
88 Edythe
86 Elsy
94 Ericka
100 Fay
94 Gertie
89 Katharyn
90 Kendra
88 Livvie
95 Mariette
99 Melantha
95 Merissa
95 Morgana
99 Paola
95 Patrice
86 Rayna
87 Stefanie
86 Tami
91 Wally
89 Zandra
Started!
17 Amaleta
29 Audie
20 Cherice
13 Chloette
20 Christalle
27 Collete
29 Danielle
22 Doll
15 Ebonee
30 Franky
14 Gretel
21 Hannah
22 Hannie
25 Janessa
26 Jenny
12 Juliette
23 Kelila
28 Kessia
15 Loree
16 Melisse
22 Nessa
27 Peri
20 Selinda
15 Siusan
Started!
73 Aarika
60 Almira
71 Ashely
66 Blancha
58 Bonnee
73 Chelsy
66 Christal
73 Claresta
61 Colline
75 Eilis
71 Florry
61 Gianna
62 Gilemette
69 Hedvige
68 Jasmin
73 Karlene
58 Krysta
68 Marney
66 Melloney
74 Molli
63 Roch
73 Sada
70 Shirl
72 Tamara
Started!
86 Aleen
86 Bunni
83 Claudelle
80 Danyette
81 Diandra
83 Eddi
94 Genevra
81 Gretchen
75 Heloise
77 Idalina
81 Jaclin
81 Joby
82 Jocelyn
84 Jorey
93 Karleen
94 Laetitia
82 Lari
77 Lurette
84 Randa
90 Reeta
77 Saidee
76 Selle
77 Susette
84 Valma
Started!
34 Abigael
33 Addy
35 Berry
36 Beryl
42 Cathee
43 Catina
32 Corene
34 Cristie
32 Dacey
34 Dotty
38 Emelyne
39 Hestia
42 Ibbie
41 Ilyssa
37 Jere
33 Joletta
42 Josefa
42 Noreen
32 Peria
32 Perle
35 Philomena
32 Sibbie
40 Tamqrah
31 Verna
Started!
64 Albertine
50 Amandie
50 Blaire
54 Brigit
56 Deva
45 Eda
53 Em
54 Gwenora
56 Harrie
55 Jaquelin
58 Julia
53 Kelci
54 Kial
54 Lisetta
52 Marillin
53 Micheline
52 Mirabel
47 Nicoli
54 Peggy
65 Rachael
60 Rosalie
55 Shannen
49 Tracy
61 Vivianne
Waiting!
62 Alanna
73 Anna-Diane
80 Augusta
70 Augustine
67 Collie
65 Dana
69 Gabbi
70 Glynnis
67 Jolynn
68 Kevina
79 Lanita
69 Lyndsay
69 Melinde
67 Nanci
70 Rhody
71 Shaylyn
68 Vanna
Waiting!
2 Ainsley
8 Hermine
7 Honoria
2 Katalin
6 Lucine
12 Myra
8 Vi
Waiting!
92 Beth
97 Bibby
90 Blakelee
99 Bobbi
100 Corilla
98 Dolley
91 Eveleen
87 Marie-Jeanne
95 Marsiella
95 Melody
91 Nathalie
90 Ola
99 Sherilyn
100 Tybie
Waiting!
31 Aili
28 Alyce
15 Amalia
21 Carol-Jean
32 Cathryn
29 Christy
22 Cornelia
22 Daron
13 Edwina
24 Kim
23 Kip
20 Row
26 Rozina
Waiting!
39 Carmon
50 Carolin
40 Celinka
48 Elisa
46 Iolande
47 Jamima
35 Jennifer
38 Lanette
44 Mandi
40 Ninette
33 Sheelah
39 Tildie
Waiting!
84 Anthe
86 Joane
Waiting!
52 Persis
