Started!
27 Alika
18 Cynthy
24 Katheryn
21 Lyndy
23 Marnie
28 Sherie
Started!
93 Agneta
91 Casie
96 Genovera
96 Hannie
99 Pepita
98 Roseanna
Started!
53 Adore
65 Anett
61 Kayley
68 Morna
62 Seana
57 Sissy
Started!
79 Berry
83 Corabella
74 Elaina
80 Gussy
77 Natalee
84 Sherilyn
Started!
42 Bethena
33 Elisa
31 Eydie
34 Kiah
39 Philis
42 Zahara
Started!
47 Dyan
43 Dynah
55 Glenn
46 Liliane
50 Sibyl
51 Wynny
Started!
1 Jazmin
1 Jeane
5 Krissy
9 Lyn
1 Netty
7 Noell
Started!
82 Deana
69 Floris
83 Isa
73 Lori
81 Melloney
64 Paulita
Started!
62 Ethelin
71 Fiorenze
71 Georgeta
63 Michell
57 Petra
61 Waly
Started!
32 Agatha
23 Andria
23 Carmita
22 Charleen
25 Clemence
18 Mariya
Started!
33 Annecorinne
44 Candra
35 Josephina
39 Marion
33 Reena
39 Stafani
Started!
86 Aaren
84 Bunny
72 Corine
77 Farra
78 Liane
73 Rosemonde
Started!
51 Annamarie
64 Betta
58 Donna
56 Nicol
60 Rene
54 Sherye
Started!
96 Arleen
90 Chloette
87 Dianne
92 Gustie
82 Kris
95 Vanda
Started!
69 Alma
79 Desirae
69 Elvera
77 Helli
82 Perrine
87 Sukey
Started!
6 Catlin
13 Chantal
6 Jewelle
1 Katrina
1 Margeaux
10 Marley
Started!
63 Charmain
68 Daffie
61 Dyanna
51 Marcelia
60 Nadia
65 Raquel
Started!
42 Ally
51 Ana
38 Joela
50 Madonna
50 Simonne
41 Xenia
Started!
29 Alisun
29 Davida
31 Ernestine
27 Katya
35 Nicki
36 Stacee
Started!
51 Amaleta
59 Clarisse
57 Dorella
61 Janith
54 Tersina
57 Zandra
Started!
97 Albertina
92 Annie
94 Cybil
98 Cyndy
100 Florinda
100 Ursola
Started!
10 Corabelle
13 Joly
18 Karena
11 Kerstin
8 Myrilla
4 Sibbie
Started!
77 Caryl
79 Deny
82 Latia
84 Lynnea
87 Misty
79 Vanna
Started!
45 Cordula
38 Isabelle
43 Mirabelle
44 Moina
52 Norene
46 Vivienne
Started!
45 Allys
60 Angele
58 Leontyne
55 Lorri
52 Netta
53 Tobey
Started!
73 Dara
71 Helen-Elizabeth
67 Laurette
70 Rosana
75 Sharyl
67 Whitney
Started!
30 Brigid
28 Eolanda
27 Manya
21 Melisande
28 Sherrie
20 Wenda
Started!
40 Althea
39 Ealasaid
30 Kirbee
46 Leese
39 Rafaelia
34 Rozella
Waiting!
8 Katharina
8 Luelle
3 Madelaine
8 Phyllida
Waiting!
90 Arlee
100 Ronnie
Waiting!
58 Angelle
41 Kaitlin
50 Meris
55 Sheelah
51 Vi
Started!
75 Aline
78 Cherie
61 Dareen
69 Loretta
68 Marlena
71 Nike
Started!
80 Aurore
82 Kristien
85 Lyndel
87 Octavia
80 Stephanie
85 Valene
Started!
22 Anissa
26 Carol
17 Glynis
18 Isadora
31 Rivalee
17 Viviana
Waiting!
89 Donia
86 Mavis
76 TEirtza
86 Ursulina
Waiting!
15 Barbee
18 Simona
Waiting!
61 Audi
Waiting!
38 Crin
36 Deina
