Started!
9 Corny
1 Dayle
8 Ingunna
10 Joanna
Started!
66 Eilis
74 Flory
71 Jonell
64 Leilah
Started!
37 Bethanne
49 Elsy
51 Masha
47 Tamma
Started!
16 Dita
21 Lory
16 Nancy
17 Naoma
Started!
93 Georgianna
99 Hedy
93 Mead
91 Siobhan
Started!
59 Jojo
52 Karine
49 Marillin
69 Shel
Started!
76 Cristina
76 Gretchen
74 Megan
67 Mitzi
Started!
42 Fulvia
50 Henrietta
40 Inessa
35 Veronika
Started!
99 Elnora
90 Miran
86 Roseline
92 Tabbitha
Started!
9 Collete
4 Dru
12 Gracia
6 Ruthie
Started!
61 Cristie
66 Floria
65 Maurise
58 Nina
Started!
99 Bendite
97 Cecelia
94 Fania
90 Jaclyn
Started!
84 Dania
78 Lindsy
83 Livvyy
87 Susie
Started!
25 Kari
20 Lilith
12 Monique
22 Ranee
Started!
70 Jazmin
70 Julina
71 Lynsey
68 Tawnya
Started!
99 Jaine
95 Jessa
90 Norene
92 Suzie
Started!
6 Bobbe
8 Corene
5 Gertie
8 Ros
Started!
56 Brandais
48 Elisabetta
44 Kamillah
46 Kayley
Started!
13 Colline
7 Evangeline
4 Gabriella
5 Shelby
Started!
27 Hilde
40 Lavena
35 Letisha
33 Melody
Started!
61 Berri
64 Cherida
62 Ericka
65 Ronica
Started!
49 Amandie
41 Gabbie
59 Shandra
52 Tommy
Started!
39 Candace
36 Lelah
33 Lorry
28 Maggee
Started!
54 Cecil
50 Libby
61 Robbi
47 Shara
Started!
72 Abbie
80 Ruthe
79 Verna
85 Wandie
Started!
19 Andria
31 Cathryn
21 Melantha
14 Nariko
Started!
62 Carmina
61 Florry
53 Kim
66 Reba
Started!
5 Eva
2 Janel
10 Kandace
13 Saba
Started!
92 Ame
95 Gusella
90 Hildagarde
91 Verena
Started!
45 Ardella
40 Jaquith
41 Margot
34 Yelena
Started!
67 Cherice
59 Correy
64 Jere
68 Peri
Started!
30 Codie
25 Jennica
16 Leanna
23 Thomasa
Started!
8 Darelle
11 Krysta
14 Mary
7 Xaviera
Started!
40 Izabel
43 Pennie
50 Pippy
39 Wileen
Started!
89 Cecile
81 Korella
91 Pietra
85 Siusan
Started!
21 Kelci
26 Larisa
20 Ofella
26 Perri
Started!
72 Jaclin
75 Libbey
69 Patience
73 Silva
Started!
52 Christel
53 Easter
54 Katharina
61 Sofie
Started!
18 Agnola
20 Belvia
15 Katie
12 Sal
Started!
39 Belicia
39 Clementia
39 Emeline
34 Saraann
Waiting!
7 Hayley
1 Min
1 Niki
Started!
71 Celka
73 Cindie
81 Serena
87 Timmi
Waiting!
56 Britney
52 Melisse
Started!
28 Odilia
31 Rina
23 Sula
33 Trula
Waiting!
38 Hailee
38 Idalina
39 Lori
Waiting!
12 Sunshine
Waiting!
68 Cory
