Started!
2 Alli
2 Ashely
1 Bevvy
14 Caresa
5 Ciel
14 Greer
9 Herta
5 Kylila
4 Linea
7 Lynette
11 Marja
8 Melita
8 Mindy
11 Sonnie
6 Sorcha
10 Trenna
Started!
78 Adelaida
74 Beckie
74 Cathleen
73 Cecilla
66 Chelsey
71 Edie
70 Erica
76 Kathie
76 Lib
75 Neila
78 Opaline
70 Raina
79 Sherrie
80 Tanya
81 Teressa
71 Winne
Started!
41 Ashia
57 Carrie
44 Iolande
48 Jaquelyn
45 Katusha
58 Laura
54 Leland
44 Lilith
57 Ludovika
43 Marin
47 Rey
54 Samara
59 Sheree
46 Silva
50 Stephanie
49 Veda
Started!
88 Annie
91 Antonie
94 Bryn
94 Carma
84 Claudelle
84 Dulcia
92 Giana
89 Gusella
100 Jeannette
93 Karon
88 Kathlin
98 Kaylyn
87 Kellen
84 Libby
91 Peri
89 Rena
Started!
16 Barbara-Anne
26 Bunni
21 Cassi
25 Celestina
23 Christabel
13 Heidi
18 Ilysa
24 Jaine
26 Kara
16 Karlee
23 Lanni
7 Linzy
15 Lorinda
23 Marybelle
11 Ruthe
24 Viki
Started!
38 Brier
39 Britney
35 Camala
35 Delores
34 Flossy
32 Iormina
28 Karrah
30 Katherina
30 Kippie
37 Laure
42 Lenette
36 Lilla
33 Lynne
39 Sam
38 Selia
36 Sophia
Started!
70 Arda
61 Arlie
66 Bambi
63 Cal
69 Corinna
72 Elfrieda
56 Gerry
63 Gusta
59 Ida
54 Jo-Ann
60 Koral
70 Lenna
57 Meghann
62 Philis
61 Vi
61 Xaviera
Started!
45 Adelheid
44 Alberta
50 Amie
47 Clarissa
46 Didi
43 Doris
39 Gilberta
46 Hulda
48 Jonis
50 Korella
56 Mercie
53 Michaella
48 Nonie
46 Robby
56 Romona
49 Selinda
Started!
84 Barb
83 Bella
88 Cicily
74 Deonne
77 Devina
86 Josephine
82 Kathryne
78 Meg
83 Milli
88 Morena
75 Nissy
82 Pearline
80 Sarette
75 Stevena
86 Wendeline
90 Willyt
Started!
92 Adara
93 Anderea
87 Anica
89 Aridatha
93 Belvia
98 Brigitta
96 Cherise
93 Gussi
98 Harlie
98 Helyn
87 Kathrine
92 Keeley
96 Layne
99 Lorianna
85 Rina
86 Rita
Started!
9 Agneta
4 Caralie
4 Cati
5 Donella
3 Ellissa
2 Jacquelin
9 Jilly
2 Karyl
6 Larisa
9 Linette
3 Lizzy
2 Maressa
1 Marilyn
9 Orelee
1 Paola
2 Paula
Started!
34 Ammamaria
37 Auguste
26 Bellina
25 Dolli
31 Edna
25 Elna
22 Eyde
28 Gladi
35 Lona
20 Melania
28 Mommy
30 Nedi
37 Robenia
22 Sandi
21 Valenka
28 Willow
Started!
12 Allys
19 Bebe
13 Berni
13 Bobbee
14 Bobbie
15 Carly
27 Darlleen
29 Debbie
27 Deva
19 Gerrie
22 Henrietta
20 Ivie
24 Lotti
17 Maryrose
26 Neilla
18 Odella
Started!
72 Aubry
68 Dotty
76 Ebonee
68 Elane
71 Glennie
65 Jeane
66 Karol
68 Karola
73 Mair
60 Malissia
74 Minette
59 Rowena
69 Sari
61 Sibella
72 Viviana
64 Willie
Waiting!
87 Ardene
83 Barbabra
79 Bill
87 Bobette
88 Catherina
81 Dix
89 Jeannie
83 Merralee
81 Nert
85 Paloma
85 Perry
78 Valeria
Waiting!
43 Amargo
37 Brinn
32 Damita
45 Ellynn
40 Kelsi
36 Maura
44 Michaeline
40 Nara
36 Nickie
48 Randa
42 Shoshanna
38 Sisile
48 Tildie
Waiting!
92 Aprilette
96 Cissiee
95 Danica
95 Evelyn
93 Fawne
92 Jenni
100 Joli
92 Tuesday
Waiting!
54 Donnamarie
52 Jennilee
54 Jodi
54 Meggie
50 Merlina
50 Vanny
53 Vin
Waiting!
21 Appolonia
10 Corly
13 Deina
21 Irina
25 Jemmie
24 Margaux
18 Risa
23 Valma
Waiting!
2 Carline
3 Vanni
Waiting!
65 Olympia
