Started!
3 Bobbi
5 Chiarra
6 Gilligan
2 Hettie
11 Kari
11 Lucina
4 Nathalia
2 Nicolina
1 Shayla
4 Trude
Started!
71 Belinda
80 Brandais
85 Daphna
84 Dody
84 Doll
72 Gray
80 Jacynth
80 Loree
77 Shayne
76 Taryn
Started!
61 Celka
58 Chantal
51 Corrianne
61 Jemima
69 Jeni
71 Karalee
56 Lilllie
68 Rosamund
64 Wilone
66 Zea
Started!
57 Helsa
57 Hermina
47 Jayne
52 Joana
38 Kathie
40 Kristin
41 Mala
42 Teressa
47 Tiena
41 Tisha
Started!
92 Caro
92 Dana
100 Danice
98 Juli
83 Julia
94 Lacee
98 Leanor
96 Michal
91 Myrilla
93 Wilma
Started!
24 Becky
15 Carmella
22 Deana
23 Emma
23 Leonelle
15 Lurline
33 Marjy
28 Timmi
14 Valerye
19 Zorah
Started!
42 Adah
35 Allis
44 Bee
34 Bessy
26 Chrysler
46 Fidelia
28 Gusella
42 Linnea
27 Selene
36 TEirtza
Started!
66 Angele
70 Bobbee
65 Brandy
74 Cayla
66 Helaine
58 Judith
67 Karry
73 Kirstyn
68 Maggi
60 Rhodie
Started!
81 Caressa
87 Estell
88 Farrah
73 Hallie
84 Katee
78 Kathrine
82 Miguela
82 Sisely
75 Xylina
78 Yvette
Started!
13 Abbi
9 Dyan
17 Farra
7 Frederique
12 Janene
4 Marcela
14 Marylin
14 Midge
2 Nola
12 Shannen
Started!
55 Carlita
47 Celestina
53 Clemence
46 Crystal
56 Denny
51 Domini
51 Glynnis
65 Jeralee
47 Pietra
54 Sharl
Started!
22 Aggy
21 Coraline
19 Elfrida
15 Eliza
30 Fernanda
25 Gnni
30 Golda
29 Kathye
16 Madalyn
27 Malory
Waiting!
97 Carroll
100 Corly
92 Hailee
100 Jane
97 Oliy
92 Pet
Waiting!
43 Aurea
42 Carlee
41 Kelley
52 Lyda
43 May
41 Nyssa
Waiting!
64 Agnese
64 Corina
67 Glenine
66 Goldy
65 Maryellen
Waiting!
12 Elisabet
17 Gizela
