Started!
58 Shina
Started!
55 Katleen
Started!
84 Norine
Started!
12 Hannie
Started!
32 Agna
Started!
9 Corella
Started!
27 Yolanda
Started!
51 Leann
Started!
89 Elianora
Started!
99 Cherlyn
Started!
13 Tani
Started!
51 Katine
Started!
25 Carry
Started!
39 Rhody
Started!
29 Tildi
Started!
44 Claudia
Started!
13 Fredrika
Started!
7 Merla
Started!
20 Sandie
Started!
95 Austin
Started!
60 Lottie
Started!
42 Fawnia
Started!
24 Karylin
Started!
25 Wilie
Started!
52 Nata
Started!
2 Gloriane
Started!
47 Adelheid
Started!
91 Katusha
Started!
93 Micky
Started!
67 Dania
Started!
96 Shawn
Started!
47 Joelie
Started!
7 Donetta
Started!
24 Sadie
Started!
88 Eachelle
Started!
26 Cornelia
Started!
54 Leonora
Started!
11 Consolata
Started!
54 Hester
Started!
98 Rhona
Started!
86 Julienne
Started!
96 Jillene
Started!
32 Catriona
Started!
68 Sydney
Started!
10 Noelle
Started!
20 Tildie
Started!
35 Orella
Started!
73 Wynny
Started!
3 Nessie
Started!
89 Stevana
Started!
48 Laurette
Started!
34 Noemi
Started!
8 Jeanne
Started!
54 Rosamond
Started!
43 Robyn
Started!
79 Josefina
Started!
52 Caterina
Started!
47 Faustine
Started!
7 Melinde
Started!
43 Danice
Started!
41 Pollyanna
Started!
61 Elizabeth
Started!
18 Shelbi
Started!
4 Jacynth
Started!
30 Suzette
Started!
1 Marquita
Started!
88 Crystal
Started!
42 Arabella
Started!
100 Alanna
Started!
21 Carie
Started!
14 Maribelle
Started!
2 Winnifred
Started!
66 Kimberli
Started!
72 Eda
Started!
16 Chelsey
Started!
9 Orelle
Started!
1 Tandie
Started!
64 Sasha
Started!
13 Amberly
Started!
56 Betty
Started!
75 Elbertina
Started!
50 Kelila
Started!
13 Phyllis
Started!
79 Sophia
Started!
3 Anita
Started!
67 Jaine
Started!
27 Hephzibah
Started!
27 Shauna
Started!
47 Lyndsay
Started!
99 Cristal
Started!
84 Veronique
Started!
51 Martynne
Started!
50 Elisa
Started!
81 Siouxie
Started!
45 Mab
Started!
11 Caresa
Started!
40 Windy
Started!
22 Lou
Started!
59 Pamella
Started!
58 Sibbie
Started!
17 Fifi
Started!
51 Lila
Started!
32 Emmaline
Started!
55 Wilma
Started!
40 Robinetta
Started!
91 Bessie
Started!
51 Teddie
Started!
13 Christean
Started!
27 Shandeigh
Started!
29 Berte
Started!
94 Quintilla
Started!
97 Sabra
Started!
3 Cindi
Started!
7 Iormina
Started!
17 Margeaux
Started!
78 Marabel
Started!
77 Jan
Started!
83 Josee
Started!
63 Teresa
Started!
42 Kay
Started!
85 Deanne
Started!
84 Della
Started!
28 Emelda
Started!
96 Gilli
Started!
91 Julita
Started!
64 Francyne
Started!
64 Ann-Marie
Started!
85 Sammy
Started!
46 Siusan
Started!
30 Perla
Started!
82 Gizela
Started!
94 Auroora
Started!
83 Kara
Started!
77 Rosemary
Started!
56 Frannie
Started!
37 Kariotta
Started!
63 Gratiana
Started!
91 Clemmy
Started!
19 Janka
Started!
58 Shirleen
Started!
6 Corny
Started!
71 Dareen
Started!
90 Raynell
Started!
33 Mirilla
Started!
96 Grethel
Started!
84 Quintina
Started!
13 Hildagard
Started!
11 Hortensia
Started!
7 Bertie
Started!
49 Gene
Started!
100 Myrlene
Started!
4 Jo-Ann
Started!
90 Magdalen
Started!
18 Bobby
Started!
65 Lynna
Started!
68 Alyss
Started!
28 Betteanne
Started!
43 Guendolen
Started!
22 Cornie
Started!
54 Alis
Started!
17 Ainsley
Started!
99 Corrinne
Started!
16 Carmine
Started!
44 Jodie
Started!
17 Myrah
Started!
30 Odette
Started!
17 Heidie
Started!
81 Lorette
Started!
81 Alameda
Started!
47 Rickie
Started!
47 Paloma
Started!
36 Morissa
Started!
35 Illa
Started!
74 Nance
Started!
39 Phillie
Started!
24 Matelda
Started!
29 Ruperta
Started!
96 Calley
Started!
39 Griselda
Started!
1 Eddi
Started!
82 Barry
Started!
14 Frank
Started!
75 Idette
Started!
20 Noreen
Started!
69 Joanna
Started!
30 Tasha
Started!
17 Sibby
Started!
10 Rora
Started!
66 Chrysa
Started!
39 Iona
Started!
40 Fredericka
Started!
15 Beverlee
Started!
71 Idalina
Started!
89 Gladi
Started!
95 Francine
Started!
42 Jacklyn
Started!
100 Sharai
Started!
21 Celia
Started!
20 Flori
Started!
59 Dael
Started!
95 Sybilla
Started!
52 Noelyn
Started!
88 Zora
Started!
56 Catlaina
Started!
98 Imogene
Started!
96 Maria
Started!
74 Anastasie
Started!
73 Jeanelle
Started!
91 Wallis
Started!
68 Lilas
Started!
81 Marcia
Started!
48 Libbie
Started!
95 Michaela
Started!
8 Adda
Started!
61 Ruth
Started!
79 Mufinella
Started!
46 Winna
Started!
5 Doloritas
Started!
44 Sydelle
Started!
84 Laetitia
