Waiting!
13 Arabella
21 Cheryl
18 Chrystel
15 Gerhardine
7 Hendrika
10 Jaclin
17 Jerrilee
13 Josy
17 Kellyann
16 Kit
24 Lavena
18 Lonni
23 Marnie
20 Marquita
22 Missy
26 Olive
19 Sybille
12 Twyla
12 Ursola
Waiting!
77 Arly
73 Carmina
78 Darryl
78 Germain
84 Guinna
86 Jacquette
69 Lexy
80 Loretta
80 Lucinda
68 Mae
76 Marti
78 Minni
70 Nadeen
73 Patience
75 Roseann
69 Shanon
71 Shell
Waiting!
36 Cammy
31 Lydie
34 Neila
33 Ofella
Waiting!
99 Alexandra
94 Celie
94 Darcy
98 Elyse
96 Kessiah
94 Kyla
89 Lenee
100 Lorelle
92 Lorry
94 Megen
91 Reena
93 Vivia
Waiting!
49 Aaren
51 Jessica
56 Joelle
56 Joletta
58 Luce
58 Mimi
54 Nicol
48 Suzette
52 Valentia
51 Zonnya
Waiting!
4 Cyndy
2 Josi
2 Nevsa
Waiting!
62 Bettina
60 Conchita
62 Jenni
65 Phaidra
