Started!
28 Andriana
33 Arly
19 Chrystel
32 Danella
29 Inna
Started!
74 Austin
77 Gilemette
81 Jorrie
68 Mavis
66 Milli
Started!
10 Bethina
6 Geralda
10 Koralle
15 Lorry
24 Wilie
Started!
62 Ardenia
50 Demetra
61 Eleen
60 Freddie
53 Josephina
Started!
97 Cheryl
100 Josy
100 Madel
91 Melina
96 Nerta
Started!
41 Christel
49 Jenni
45 Jobi
41 Karrie
43 Ofella
Started!
11 Ameline
11 Betsy
14 Genni
1 Larissa
6 Mirabella
Started!
41 Honor
31 Lilia
38 Louise
34 Lynnett
38 Sybille
Started!
56 Cassie
65 Kaylil
71 Linette
56 Lisette
64 Lonni
Waiting!
30 Corrine
29 Devinne
27 Ronica
Waiting!
53 Darcy
59 Zonnya
Waiting!
86 Corina
89 Linn
Waiting!
73 Camellia
