Waiting!
44 Corinne
39 Dalia
30 Dulcinea
38 Janith
30 Lilia
38 Magdalen
43 Melisa
43 Oralee
30 Randie
45 Rivalee
43 Shanda
43 Sioux
40 Sissy
28 Stace
36 Thomasa
Waiting!
74 Alicia
86 Annabela
70 Conchita
67 Dominique
77 Jade
87 Kimbra
74 Loise
68 Rena
70 Shelba
75 Tommi
Waiting!
47 Ameline
52 Cheryl
57 Debor
51 Elsie
47 Karrie
58 Lane
60 Laurie
56 Milli
51 Rosalinde
47 Sella
47 Sibylle
51 Xenia
Waiting!
9 Amandi
15 Jeralee
17 Karla
6 Kiley
19 Koralle
19 Leola
16 Mirabella
2 Pegeen
15 Piper
12 Yolane
Waiting!
22 Carroll
20 Cordelie
21 Nola
20 Perry
20 Roze
Waiting!
99 Adda
90 Annemarie
100 Berte
96 Ella
96 Hildagarde
99 Kassia
89 Marissa
100 Meara
92 Pamela
90 Zonnya
Waiting!
64 Aileen
63 Claudetta
64 Dominga
65 Gratia
64 Vi
