Waiting!
19 Brooks
27 Carolee
30 Diane-Marie
26 Dru
33 Drusie
22 Frannie
16 Harrie
22 Jasmine
36 Jillana
24 Lara
22 Lotta
25 Mandie
27 Margette
30 Maryrose
34 Maye
32 Nadine
25 Nita
27 Oralia
22 Rheta
18 Robbie
16 Rosaleen
29 Shandie
32 Shandra
21 Tabby
34 Tammara
22 Toinette
Waiting!
97 Annelise
100 Austin
91 Caryl
87 Emiline
95 Greer
95 Ilse
88 Leese
99 Lena
94 Linn
93 Mariska
96 Papagena
92 Pauletta
97 Petronilla
90 Phedra
89 Rayna
90 Rose
88 Shaylyn
99 Tish
Waiting!
7 Ailee
2 Briney
15 Carey
4 Claudie
5 Dasi
8 Debbi
8 Debor
8 Gayle
13 Gilli
11 Herminia
1 Janine
12 Kakalina
9 Mehetabel
14 Meryl
5 Milicent
10 Olympia
11 Ondrea
1 Penelope
11 Riane
2 Sarene
10 Tove
2 Veronika
8 Wenonah
Waiting!
43 Amata
54 Aurora
62 Babbie
47 Breena
51 Chicky
59 Dasya
51 Debora
55 Doreen
50 Dorey
51 Edy
46 Federica
57 Fleur
60 Kara
62 Laverne
62 Lucy
44 Maddi
62 Marybelle
51 Oliy
56 Rakel
55 Rosalyn
61 Shelly
50 Stefania
58 Terri
52 Theresa
43 Truda
46 Venita
Waiting!
80 Angel
79 Ardelia
77 Eran
73 Evanne
70 Gaylene
74 Giacinta
69 Glenine
83 Gracie
75 Hetti
80 Jeni
81 Jenica
70 Julee
74 Kial
82 Leone
84 Leonelle
84 Lilian
70 Luce
70 Marga
84 Marylou
76 Natassia
80 Ophelia
78 Orel
70 Sherri
76 Sophi
83 Starr
71 Tabbi
75 Veradis
Waiting!
38 Allina
37 Amii
39 Brittan
37 Erina
40 Fedora
38 Gigi
41 Jolyn
41 Lenna
38 Shanta
38 Wren
Waiting!
65 Georgianna
66 Laurie
65 Nadia
