Started!
30 Adela
34 Aggi
28 Arlette
31 Cal
28 Darrelle
29 Emmaline
38 Fernanda
25 Glad
37 Irena
31 Janenna
30 Janna
24 Karol
37 Laverne
32 Loni
22 Marge
36 Pet
34 Renata
32 Robbin
37 Rycca
22 Traci
Started!
77 Bethanne
81 Betsey
78 Cosetta
89 Darleen
75 Delia
75 Enrika
76 Etta
80 Evangelin
72 Gayle
72 Hana
87 Joane
73 Joycelin
82 Lanae
87 Lara
71 Margareta
80 Marjie
82 Mignonne
88 Odella
73 Randee
76 Stella
Started!
44 Alia
56 Blanca
42 Charlene
46 Claudette
43 Cristy
37 Dayle
39 Deanne
36 Elyssa
56 Gianna
54 Halette
39 Jeralee
40 Jerrine
42 Lucretia
45 Mariska
40 Rafaelia
39 Reta
41 Terri
56 Tobey
52 Ursola
45 Wendy
Started!
60 Ardene
63 Berni
65 Bianka
61 Corri
61 Ede
66 Ellissa
68 Esma
69 Eveleen
69 Gwenni
64 Hortense
68 Lanny
61 Layney
68 Lianna
63 Loutitia
64 Melody
63 Phyllida
61 Reina
57 Shelia
57 Steffane
62 Taryn
Started!
8 Abagail
4 Althea
9 Audi
9 Clarine
13 Cloris
18 Codi
6 Cory
8 Dorolisa
8 Dorris
6 Emalee
8 Jacqui
7 Kirsteni
11 Lana
12 Lynett
15 Morena
8 Paula
4 Rhona
6 Sandi
11 Shaina
2 Sheeree
Started!
88 Anna-Diane
89 Beverlee
91 Collen
98 Darsey
88 Fiorenze
100 Frederique
93 Gloriane
91 Haily
85 Helge
89 Jess
100 Katinka
99 Lorelle
87 Magdalene
94 Margaretta
96 Marty
95 Michaeline
97 Nertie
96 Sam
97 Sandye
97 Shawna
Started!
22 Alyss
18 Ariel
25 Beret
29 Brita
27 Chiarra
22 Davida
22 Eirena
29 Elysee
15 Elysha
27 Flossie
24 Hillary
9 Jessie
15 Josi
23 Kylen
19 Loralyn
29 Merrile
25 Penelope
25 Tamma
25 Victoria
29 Vivyanne
Waiting!
26 Adrienne
30 Carri
42 Cyb
24 Dorian
33 Drusy
40 Isabel
33 Kaleena
39 Kalie
35 Kelcie
30 Licha
35 Lilli
42 Meaghan
35 Phil
37 Rosina
Waiting!
83 Ainslie
77 Annamarie
73 Ardisj
72 Benetta
73 Bernita
90 Candra
89 Cornelia
82 Ellynn
75 Gayleen
73 Joletta
79 Kelsy
79 Lillis
80 Lucia
76 Milena
76 Myrna
78 Philippe
88 Phyllis
85 Sherline
Waiting!
7 Ingeberg
5 Kakalina
5 Kimberlee
4 Vikki
Started!
49 Anette
57 Anna-Diana
55 Aurelia
55 Betteann
52 Betty
62 Casey
49 Dori
53 Glori
61 Golda
44 Hermina
46 Ilyssa
47 Joye
56 Krysta
52 Luella
61 Marylynne
62 Minetta
51 Nora
49 Pam
60 Ronnica
62 Shea
Waiting!
63 Benita
66 Brenda
67 Corly
68 Elsa
71 Neila
67 Roselin
63 Sherie
69 Sissy
70 Zelda
Waiting!
97 Bab
96 Missy
98 Sabina
99 Selie
93 Verna
Waiting!
21 Jaine
