Started!
7 Allison
11 Amye
15 Ashia
4 Carmita
5 Corny
8 Debbie
18 Ellissa
3 Hattie
8 Jana
19 Joanie
5 Karmen
12 Kissie
17 Lela
16 Malinda
13 Marji
11 Natasha
17 Paula
7 Shandee
19 Shoshanna
21 Suzanne
9 Ted
Started!
47 Alyssa
40 Benetta
47 Carlita
44 Corey
36 Davine
47 Elsi
36 Ernestine
42 Feliza
51 Glennie
34 Ingaberg
40 Janenna
44 Liliane
49 Marabel
52 Michel
35 Millie
48 Monique
42 Morna
48 Teri
46 Venita
33 Vikki
34 Wendy
Started!
93 Cristine
98 Engracia
99 Fredelia
96 Gaynor
88 Gwenora
85 Hedi
88 Helge
86 Jennifer
100 Jojo
100 Jolie
97 Karlyn
84 Katy
92 Lianna
94 Marget
97 Marianne
100 Merna
99 Michaeline
99 Pet
89 Phil
92 Phyllida
86 Steffane
Started!
68 Alverta
85 Ashlan
76 Claudette
80 Estrellita
78 Ethel
74 Flossie
79 Fran
79 Fulvia
67 Jerrylee
73 Karlie
78 Leesa
69 Lisette
73 Malinde
78 Nertie
79 Olga
85 Olympie
71 Philis
68 Shantee
68 Shawna
72 Terra
79 Yoshi
Started!
58 Bea
63 Charlot
58 Corinne
59 Debee
65 Dionne
53 Gussi
63 Iris
59 Janela
62 Juditha
60 Kikelia
56 Lillis
54 Marleen
61 Marnie
63 Persis
57 Petronilla
65 Pierette
58 Roch
53 Rozamond
58 Rubi
62 Sascha
59 Selinda
Started!
23 Anastassia
15 Bambi
26 Beret
23 Charo
16 Collete
28 Dorene
29 Gabbi
30 Gusta
13 Keslie
27 Ketty
24 Kippy
23 Lianne
29 Lilia
27 Lucille
23 Mirilla
27 Rozalie
27 Ruthi
13 Silvie
19 Sonia
20 Stephie
33 Veradis
Started!
47 Adria
42 Alana
47 Althea
40 Ariadne
47 Bren
46 Ettie
40 Jenn
48 Jermaine
38 Kaleena
37 Liesa
43 Loleta
40 Luella
47 Lynea
57 Madelle
54 Martica
47 Mildrid
54 Mitzi
47 Olivette
42 Pearle
40 Shelley
47 Stormie
Waiting!
90 Alisun
79 Ardenia
79 Ashlie
92 Betty
95 Chrysler
87 Devina
82 Didi
85 Emalia
91 Ernesta
91 Gretta
77 Josee
78 Lanette
95 Maurizia
96 Nadeen
88 Nancee
93 Naoma
84 Reba
87 Rodi
85 Sherie
88 Veronika
Waiting!
7 Amata
2 Candis
7 Carmelina
7 Catrina
11 Christie
1 Fidela
11 Harmony
9 Kelcie
9 Kimberlee
10 Mahalia
6 Merrile
1 Nana
4 Natividad
1 Norry
2 Yolane
Waiting!
98 Alisha
99 Betsy
99 Hedda
100 Kandace
99 Lucia
Waiting!
36 Anne-Marie
35 Berte
28 Carin
33 Ericha
29 Jody
31 Katinka
26 Lynelle
43 Marta
29 Rose
26 Stephani
28 Tamma
34 Willa
36 Yetta
Waiting!
65 Callie
72 Cheslie
64 Darlleen
72 Eugine
70 Hortense
74 Kamilah
76 Keelia
68 Mella
73 Nicolette
74 Selie
64 Valentina
72 Victoria
Waiting!
61 Adrienne
61 Aurelia
59 Maye
55 Meaghan
60 Natty
Waiting!
20 Anett
15 Anna-Diana
20 Dede
21 Edy
17 Fedora
16 Kassandra
17 Kathrine
17 Kelsy
22 Kirby
17 Luisa
17 Marley
14 Nikolia
20 Sallyann
12 Verile
Waiting!
48 Valaree
