Started!
37 Angelle
30 Blaire
44 Brandy
36 Brenna
45 Cal
41 Carlee
46 Catriona
37 Daffy
41 Ebony
41 Elke
42 Fancie
42 Glennis
31 Ira
35 Jilly
39 Letti
30 Odele
28 Robyn
28 Rodie
38 Shaylynn
42 Sheelah
43 Shelley
33 Sher
44 Tandi
38 Tillie
Started!
16 Bernie
15 Cariotta
14 Celina
11 Gerianna
3 Inger
18 Kipp
14 Lori
1 Lucky
15 Lucretia
12 Mandie
18 Margalo
5 Margaretta
3 Mellisent
4 Melodie
5 Ninon
1 Noni
4 Norine
16 Renee
8 Shelli
13 Shirline
13 Stormi
14 Sybyl
11 Tootsie
4 Wendye
Started!
54 Anya
67 Carmine
57 Clareta
61 Dion
68 Eadith
56 Edy
62 Gianina
69 Glenda
67 Gloria
49 Hali
59 Ingrid
52 Kaleena
53 Kassi
64 Katee
69 Kizzie
60 Kora
52 Magdaia
53 Maia
51 Morena
53 Peggie
66 Rosemary
62 Ruth
50 Vikki
55 Virgina
Started!
72 Agna
77 Ailey
82 Amabelle
64 Amie
76 Beatrisa
82 Bernice
62 Caryl
70 Celene
72 Chandal
69 Dulci
77 Else
70 Ermengarde
75 Fey
66 Janella
79 Kikelia
71 Lisa
73 Maisey
76 Marigold
74 Nady
68 Noellyn
65 Querida
72 Sharl
80 Tatiana
70 Veronika
Started!
18 Anny
17 Beverlee
22 Cam
22 Clemmie
25 Constanta
34 Costanza
32 Delia
16 Deloris
22 Doralynn
27 Dreddy
23 Ester
24 Jessie
25 Jolene
20 Julee
21 Kamillah
21 Kat
16 Kellen
34 Linnet
32 Mathilda
19 Mimi
35 Phyllys
25 Sharron
25 Sophey
17 Tanhya
Started!
88 Andria
85 Anna
96 Aretha
88 Colly
89 Dalenna
93 Daphne
94 Davina
84 Evita
92 Fernande
88 Fianna
87 Ginevra
83 Glori
95 Jodi
89 Jyoti
85 Lauralee
90 Marketa
86 Mirelle
88 Rosalinda
79 Rosalynd
91 Sadye
80 Talia
91 Wendy
88 Ynes
86 Ynez
Waiting!
97 Alene
98 Amity
94 Bryn
93 Celinda
92 Jermaine
100 Ladonna
99 Latrina
97 Lucila
100 Ninnette
100 Patience
100 Patsy
94 Rozelle
99 Sephira
99 Shandeigh
97 Tabitha
Started!
53 Adore
38 Ali
40 Calley
39 Corenda
52 Damita
53 Dominica
37 Ernesta
48 Freddi
53 Freddy
49 Janeczka
40 Karin
47 Kattie
53 Marlee
44 Merrili
50 Michel
43 Mufi
47 Nanice
44 Ranna
36 Ruperta
37 Simona
39 Tessy
44 Trudie
43 Veda
36 Zuzana
Waiting!
67 Ag
58 Bathsheba
63 Bunni
55 Chrysa
60 Cordy
65 Dianemarie
62 Gisella
55 Heida
55 Helen
58 Hesther
59 Lyndsey
59 Maggy
49 Maire
68 Modesty
53 Salomi
62 Tonya
Waiting!
10 Ardys
12 Barbey
14 Catherine
11 Eleanore
7 Evonne
10 Jordan
2 Lissy
4 Livia
5 Priscilla
11 Rhodie
1 Sophie
Waiting!
72 Arabela
72 Cornie
74 Gabriell
72 Horatia
78 Kelsi
81 Trish
Waiting!
22 Babara
30 Charla
25 Katalin
Waiting!
83 Amabel
87 Jania
83 Kira
83 Maud
85 Vallie
Waiting!
47 Randy
