Started!
50 Abbye
38 Amity
35 Brietta
40 Camala
46 Carlyn
31 Desirae
32 Dorette
49 Elfrieda
49 Goldia
40 Haily
47 Jada
41 Janna
45 Karola
43 Lilyan
36 Lynne
33 Mel
47 Morissa
Started!
100 Amelita
94 Andrei
98 Annamarie
95 Brigida
93 Bunnie
96 Cecil
96 Cherianne
99 Feliza
100 Gaylene
93 Henryetta
98 Ina
90 Jocelyne
92 Marilyn
89 Orella
98 Renie
98 Tabbie
96 Zena
Started!
10 Alidia
1 Alix
14 Brenna
17 Correy
6 Corrine
14 Gusta
9 Harmonia
6 Jilly
14 Lindie
8 Lu
15 Mandie
9 Neala
4 Stephana
6 Susie
10 Thelma
3 Vally
12 Vonni
Started!
23 Abagael
27 Annabell
21 Candy
19 Corenda
29 Corinna
21 Corry
22 Elsie
20 Gertie
24 Kaela
31 Kalindi
29 Karyn
27 Leela
22 Merl
28 Mireille
19 Natalie
29 Robin
19 Rozanne
Started!
71 Becka
66 Christa
71 Conni
79 Cordi
80 Deny
76 Eimile
85 Federica
74 Gabey
85 Giulietta
75 Ingrid
78 Kandace
79 Kettie
65 Lotty
81 Melinda
67 Oriana
77 Phylis
68 Sibeal
Started!
55 Adrian
62 Aurelie
59 Chrissie
53 Coriss
63 Dido
64 Elbertine
58 Erminia
57 Helge
61 Ileane
63 Jennifer
55 Karlotta
64 Lynde
70 Rhoda
68 Rosette
54 Rozalie
63 Stefa
67 Tyne
Started!
89 Annaliese
87 Bebe
94 Betti
90 Cornelia
77 Darlleen
76 Debora
80 Gail
86 Hildagard
94 Hyacinthia
87 Janela
95 Kiele
92 Kitty
79 Lyssa
76 Maxi
83 Rosamond
78 Selestina
92 Shandie
Started!
54 Blakelee
58 Cory
58 Darcie
48 Ermentrude
46 Evangelin
52 Freddy
44 Gunilla
55 Hermine
61 Iolanthe
47 Margarethe
56 Marybelle
57 Nari
44 Pauletta
56 Rebe
54 Rona
42 Starla
56 Stephie
Started!
30 Briny
41 Cinderella
30 Claudetta
34 Dagmar
35 Deva
25 Emelia
35 Emmalynn
39 Fifine
38 Gilligan
34 Katharine
30 Leland
35 Melantha
37 Mozelle
34 Phebe
33 Sada
35 Teodora
32 Violetta
Started!
18 Aurea
24 Dulciana
16 Elsey
12 Ernestine
21 Glenna
16 Helen-Elizabeth
22 Jaquenetta
24 Joellyn
13 Kizzie
19 Lisa
18 Mahala
21 Marjory
17 Saraann
21 Shandee
24 Shani
22 Stevena
14 Talia
Waiting!
80 Adey
73 Alexi
73 Belia
76 Benedicta
71 Cynthie
66 Eva
71 Jacquette
78 Lorain
64 Molli
74 Rhianna
70 Sharla
66 Sheri
64 Sophronia
70 Stafani
76 Veronike
Waiting!
98 Avivah
95 Avril
97 Bessie
96 Cherilynn
99 Gianna
99 Leisha
89 Maire
100 Poppy
Waiting!
62 Alena
53 Cary
59 Danna
60 Frederique
57 Ingaberg
54 Jane
54 Jordana
53 Karylin
63 Marcelline
54 Phedra
58 Sadye
Waiting!
14 Brandy
5 Cayla
4 Charis
1 Donia
9 Elene
14 Elinore
8 Evangeline
9 Jacky
11 Jerrylee
11 Keri
8 Lucina
5 Mady
Waiting!
22 Astrid
27 Brear
26 Darby
27 Ester
28 Ivonne
33 Jacquenetta
19 Jelene
16 Karel
28 Karen
17 Mallissa
24 Nelie
23 Roch
16 Sabina
24 Theresina
18 Tobey
Waiting!
86 Adela
86 Norene
86 Yolanda
Waiting!
49 Dorothee
44 Elizabet
47 Fallon
52 Glennie
42 Missy
51 Nerissa
51 Selia
