Started!
38 Amity
43 Callie
32 Candice
46 Cheri
44 Chrystal
43 Ciel
37 Corenda
45 Corrine
38 Gay
36 Goldia
35 Gretta
44 Hedy
45 Hynda
35 Karola
41 Morganica
Started!
26 Aliza
23 Alyson
34 Anabel
17 Aurilia
24 Beulah
18 Brietta
17 Hesther
19 Kandace
18 Kissee
26 Lanni
25 Lesly
20 Malinde
19 Mireille
15 Raquela
14 Sherry
Started!
89 Andee
78 Aubree
85 Audry
77 Barbra
80 Bessie
82 Catherin
76 Deane
69 Eleen
89 Emyle
81 Eve
77 Goldarina
89 Janel
71 Luciana
79 Olympia
87 Zena
Started!
56 Adda
58 Annabelle
62 Astrid
62 Barbara
63 Charo
58 Cybill
60 Daune
68 Evangelin
66 Jacquetta
56 Lilyan
66 Meagan
66 Mia
67 Poppy
71 Tami
66 Verena
Started!
2 Allissa
10 Benni
5 Carree
2 Casi
6 Christa
1 Corrie
13 Evvy
9 Fara
11 Franciska
12 Giulietta
10 Kristina
3 Margarete
6 Marjie
6 Sybila
10 Vilhelmina
Started!
53 Amii
55 Beatrix
49 Bunny
52 Clovis
53 Eden
54 Fayina
55 Georgena
50 Gnni
58 Janeczka
47 Karin
47 Lauretta
51 Luelle
47 Lynett
51 Marney
54 Pammy
Started!
100 Ardyce
89 Bernadette
90 Cheslie
100 Devondra
96 Edee
95 Elnore
96 Gerrilee
91 Idette
92 Justina
100 Karla
96 Kelley
86 Kiele
90 Livia
92 Melva
95 Minette
Started!
40 Aileen
43 Ailene
44 Allina
42 Beatrice
33 Cynthie
32 Ethel
36 Ethelin
37 Guinna
40 Jaquenetta
43 Leonora
47 Maurizia
43 Rebe
44 Sorcha
32 Suki
42 Thea
Started!
87 Amalita
78 Brenna
87 Cindi
71 Doro
82 Drusilla
70 Faye
80 Fifine
86 Fred
72 Galina
89 Iolanthe
70 Kristyn
73 Melisenda
81 Rhea
79 Wylma
70 Zonnya
Started!
27 Ame
29 Ashlan
24 Bunni
30 Chandra
19 Drusie
31 Ermentrude
23 Harli
16 Kylen
25 Lacie
15 Leland
19 Maxi
25 Melitta
14 Sarene
21 Shandra
21 Teresa
Started!
8 Berty
18 Christy
5 Darcey
11 Frayda
18 Glynis
17 Jane
9 Kathi
1 Lauri
5 Livvyy
17 Mair
17 Marci
3 Merilee
8 Petronia
7 Vitia
10 Vyky
Started!
50 Adara
57 Brittney
55 Dollie
54 Francesca
61 Frederique
59 Hattie
63 Iolande
50 Janina
49 Jonis
46 Kirsti
56 Lauree
65 Margeaux
64 Rora
60 Shalne
46 Vi
Started!
72 Adriena
66 Alysa
72 Catlin
76 Claudine
66 Donia
65 Elinore
67 Korella
68 Leah
70 Mabelle
77 Maddalena
61 Maryellen
66 Morganne
71 Paulette
75 Rana
76 Tova
Started!
90 Amaleta
96 Betti
94 Beverly
96 Cam
93 Corrina
93 Daniela
92 Dynah
96 Ginny
97 Katharina
91 Kitty
99 Leda
91 Letta
94 Linnell
99 Rosalynd
86 Sadye
Started!
28 Annemarie
37 Clare
24 Clarisse
35 Eada
39 Guendolen
34 Jacky
29 Jena
31 Kimmi
39 Leora
28 Leyla
28 Nicoline
41 Tedda
23 Vikki
22 Viva
38 Vivianna
Waiting!
22 Christye
20 Conchita
14 Emmie
19 Maude
18 Meade
26 Prisca
Waiting!
77 Ariadne
80 Caron
79 Danica
79 Karlene
80 Lucilia
75 Merrile
80 Mora
80 Noemi
82 Peggi
78 Saree
89 Sophronia
Waiting!
44 Ada
36 Agneta
45 Eva
51 Gabbie
39 Gelya
36 Hendrika
42 Imelda
42 Jaquith
41 Ree
35 Ulrika
32 Willy
37 Zulema
Waiting!
9 Davina
2 Happy
7 Lacee
8 Lizzie
Waiting!
94 Anabella
91 Cariotta
97 Ethelda
94 Ingaberg
95 Linda
100 Moselle
92 Rivy
Waiting!
62 Amata
58 Linea
59 Marcile
