Started!
75 Alejandrina
82 Anallese
72 Austine
67 Janey
65 Mia
70 Mildred
66 Moina
69 Roby
73 Sondra
66 Thomasina
Started!
63 Betsy
60 Chandal
54 Diahann
52 Kary
61 Katrine
56 Marilyn
59 Melosa
64 Mimi
55 Olenka
60 Piper
Started!
86 Afton
89 Alica
96 Camel
88 Carlina
97 Henriette
87 Jordan
87 Nisse
93 Phelia
91 Silvia
89 Ursuline
Started!
30 Alvina
34 Auguste
28 Faun
27 Glenna
36 Hedi
34 Julissa
37 Kania
40 Lesly
38 Priscella
37 Winnie
Started!
96 Anabel
95 Arlie
90 Dayna
93 Dorelia
93 Dorena
100 Janet
99 Jodee
100 Linnea
95 Minta
98 Shawna
Started!
15 Bernadene
22 Georgina
16 Harmony
25 Issie
26 Johnette
18 Juli
24 Sandy
16 Stace
21 Tamera
27 Trisha
Started!
54 Addy
57 Audi
48 Barbette
58 Becki
48 Cass
44 Dulcinea
45 Ella
49 Georgiana
48 Gretchen
54 Kathlin
Started!
5 Astra
6 Audry
10 Beryle
15 Elfie
3 Gerrilee
10 Jenda
10 Linn
5 Lynett
7 Selle
15 Tiffy
Started!
80 Berthe
87 Carleen
93 Daffie
81 Elle
95 Fidela
78 Rachele
88 Rana
92 Ros
86 Sibbie
85 Stormie
Started!
69 Anabal
74 Cathlene
72 Dianna
67 Korry
76 Lucy
63 Madge
74 Magdalena
68 Maribelle
68 Melamie
70 Nicol
Started!
29 Avis
33 Barbaraanne
41 Clara
44 Cristi
27 Emmaline
35 Gabriella
35 Kelcey
35 Kellia
31 Maggi
31 Victoria
Started!
55 Adorne
61 Cathy
57 Cleo
61 Donia
54 Kalina
61 Madonna
60 Maridel
63 Rheta
55 Rubi
63 Tersina
Started!
28 Angy
14 Anne-Corinne
18 Ashley
17 Blinnie
18 Camellia
15 Cindra
16 Emiline
23 Karlyn
20 Marcellina
13 Minda
Started!
82 Aila
67 Aleda
83 Aurore
73 Bryn
75 Cody
75 Donny
75 Eartha
74 Evanne
82 Gwenneth
85 Shandeigh
Started!
11 Adena
12 Alfy
9 Christi
9 Cornelia
12 Danna
12 Elinor
6 Estel
6 Ginnifer
7 Marin
12 Melodee
Started!
57 Almire
43 Debbie
49 Doralynn
47 Etty
54 Krystle
53 Lorianna
43 Sheelah
51 Terri
46 Tonie
50 Viki
Waiting!
86 Amalita
88 Caro
98 Drusilla
90 Eadie
92 Inge
99 Leticia
99 Stacy
93 Sybil
90 Zorine
Waiting!
35 Arlette
33 Barbe
40 Emily
37 Julianna
34 Marlene
28 Teresita
Waiting!
7 Josee
12 Kassie
2 Krista
17 Marge
12 Marla
9 Martelle
12 Martina
Waiting!
57 Bab
63 Dulcia
72 Kaitlyn
64 Lula
73 Zaneta
Waiting!
79 Lissi
74 Nissy
Waiting!
47 Gayleen
52 Tilly
Waiting!
20 Charlotte
21 Pier
