Started!
45 Adelheid
40 Adriana
54 Alaine
45 Alanah
45 Blythe
50 Cherri
46 Chris
45 Dani
57 Emera
47 Enrica
44 Gloriana
51 Jemmie
48 Kellyann
42 Mildrid
48 Noelani
58 Petra
53 Roxine
43 Tove
Started!
21 Angil
14 Flossy
21 Jelene
13 Jessamyn
8 Kania
20 Kristine
21 Lishe
23 Maryrose
20 Nancee
8 Ranique
16 Roberta
19 Ronda
6 Stefanie
9 Sunshine
12 Trude
20 Vinni
5 Violet
21 Vivian
Started!
38 Alana
37 Audre
40 Corabel
33 Cordey
32 Devora
43 Donnie
33 Ella
36 Erma
47 Gabbi
30 Kaia
47 Kameko
42 Kassey
45 Klara
40 Lanny
30 Orelia
42 Penni
33 Roseanne
40 Yasmeen
Started!
30 Adena
24 Ailee
28 Ardis
24 Beilul
25 Clara
26 Dorey
26 Fran
27 Grier
28 Gwendolyn
20 Kitty
25 Lilli
27 Minne
18 Mona
19 Myrle
24 Olympie
20 Oralee
24 Tabbatha
32 Wynnie
Waiting!
2 Aida
1 Alene
2 Chiquia
8 Essie
3 Gabrielle
7 Ilyssa
7 Janella
5 Marketa
5 Monique
5 Starlin
1 Susanetta
Started!
87 Anissa
89 Cathryn
98 Cherilynn
85 Coralyn
95 Dasie
90 Elonore
92 Felicia
96 Guillemette
93 Kay
96 Kelley
96 Latrena
91 Lucita
95 Luelle
89 Malynda
98 Savina
94 Stephine
86 Tamarah
91 Vinnie
Started!
70 Adrea
74 Arleyne
72 Berta
82 Bonita
73 Charil
66 Cindee
73 Elianore
67 Janifer
84 Kerrin
84 Letta
75 Lissy
64 Malissa
65 Miran
76 Nelie
65 Nina
77 Orly
75 Sher
79 Tania
Started!
63 April
62 Aurilia
61 Bernadette
63 Dominica
61 Dulce
53 Elspeth
63 Florina
52 Friederike
54 Genia
54 Gerrilee
53 Gisella
72 Jennica
71 Kattie
62 Keri
61 Lisbeth
70 Mimi
67 Nike
53 Remy
Started!
57 Dorita
47 Dottie
49 Drucy
60 Gillie
50 Griselda
56 Helen
49 Inesita
55 Kaila
51 Kordula
59 Leena
42 Lily
61 Lori
41 Mala
42 Malinde
50 Myrtice
49 Nolie
58 Sonnnie
44 Ursa
Started!
91 Adina
86 Allix
98 Arabele
88 Christye
92 Coralie
89 Dulcia
87 Eugine
100 Eustacia
89 Giovanna
90 Hedvig
93 Jeannine
91 Jillian
87 Lyndsay
98 Monika
89 Nadiya
98 Netty
95 Shanda
95 Silvana
Started!
77 Alexia
76 Anetta
71 Arliene
74 Birgit
81 Deena
74 Doro
70 Dorree
73 Frank
67 Jasmine
75 Kala
83 Kathleen
81 Marabel
75 Mollee
81 Nanete
66 Pearline
80 Tomasina
65 Torrie
82 Traci
Started!
14 Ann
19 Aurelie
12 Bernie
15 Carolyne
12 Charo
25 Doralynn
13 Halley
22 Harmonia
22 Iona
14 Jorrie
12 Kimmie
14 Lotta
22 Michal
22 Ofelia
20 Phoebe
13 Selia
14 Stephanie
15 Valentina
Waiting!
34 Alyda
43 Corrie
41 Gayla
40 Ginnie
40 Harlie
39 Lauretta
38 Meaghan
35 Sallyanne
30 Sisely
31 Ula
40 Vanny
30 Whitney
41 Xylia
Waiting!
69 Anabel
65 Debera
62 Essy
64 Holli
56 Joya
62 Tally
64 Tedda
62 Vinny
Waiting!
29 Jewelle
19 Marika
28 Olenka
28 Roby
Waiting!
81 Ashlen
86 Blinnie
82 Corrianne
82 Lindsey
77 Tyne
Waiting!
90 Lila
