Waiting!
1 Charil
3 Charisse
1 Corabel
6 Damita
10 Danika
15 Gizela
8 Karla
1 Marianne
4 Micaela
6 Rebecca
7 Sean
2 Veda
4 Yasmeen
Started!
41 Andree
53 Brigitte
49 Cindee
47 Dinah
45 Gabriellia
48 Inga
47 Jamima
36 Joye
45 Karrie
51 Ketty
45 Lauree
35 Lissy
44 Lola
34 Marta
37 Meredithe
40 Natala
46 Sella
44 Shaun
45 Zahara
Started!
96 Alanah
89 Alfy
79 Ameline
90 Arleyne
83 Catie
87 Dedie
79 Dolorita
95 Doralynne
90 Gwyneth
80 Hildegarde
85 Honor
77 Leah
78 Nicolina
95 Opalina
81 Ronica
92 Roz
80 Sada
92 Sheelagh
78 Sile
Waiting!
29 Ardine
19 Berta
32 Brina
28 Herta
25 Jeane
26 Josephine
22 Karilynn
33 Martynne
23 Mignon
28 Sande
19 Teressa
Started!
68 Ailyn
62 Alejandra
60 Ardelle
72 Ashli
61 Blinny
71 Britney
64 Catlee
60 Chelsie
70 Clarie
69 Dominica
62 Gillie
59 Ginnie
59 Gloriana
66 Gwynne
66 Jolene
64 Kellyann
72 Lethia
60 Sara
64 Sibella
Waiting!
17 Jemmie
17 Lyndy
Waiting!
100 Aurilia
91 Krystal
Waiting!
84 Cathi
77 Chelsey
80 Ellyn
78 Evangelina
74 Gipsy
Waiting!
63 Dorette
70 Janifer
62 Joanne
63 Kaye
67 Lucita
53 Melanie
73 Wendeline
Waiting!
52 Drusie
51 Lucina
42 Mahalia
