Started!
11 Carla
6 Cordula
17 Fianna
15 Gabbie
20 Grata
21 Guglielma
21 Megen
17 Nissie
5 Rosaline
12 Tonye
Started!
68 Basia
65 Cristi
59 Esmeralda
71 Gretna
73 Hortensia
62 Katharina
66 Olga
70 Sharl
75 Valencia
72 Vivian
Started!
47 Adah
49 Cari
46 Claresta
45 Claudie
48 Honor
46 Leodora
38 Lilllie
42 Odelinda
43 Reyna
43 Rosalia
Started!
93 Addia
89 Adora
92 Isidora
98 Karly
98 Larissa
89 Lurline
95 Nicolette
94 Nikaniki
93 Pia
100 Stephie
Started!
79 Amaleta
85 Anetta
76 Jessika
81 Karel
76 Kathrine
72 Marney
82 Nevsa
76 Phebe
83 Randee
82 Shalna
Started!
34 Devonne
31 Guendolen
37 Harriette
24 Jo-Ann
28 Joni
30 Judy
23 Kamillah
22 Rois
28 Starla
23 Vivi
Started!
7 Annamarie
1 Brinn
5 Corenda
11 Jacinthe
6 Josi
4 Kimbra
2 Margaret
1 Nada
7 Rafaelita
3 Storm
Started!
56 Alana
51 Chery
54 Darcee
58 Deb
56 Fayette
57 Germaine
60 Idell
60 Modestine
51 Shaun
59 Stacee
Waiting!
69 Britte
63 Cathy
75 Eirena
70 Elsa
67 Henrietta
77 Henriette
57 Pauline
70 Roana
68 Ursa
Waiting!
38 Chloris
50 Claudine
47 Delilah
43 Reggie
48 Stormi
45 Thekla
37 Wilona
Started!
99 Adaline
90 Cecile
96 Constanta
94 Evangelin
98 Kacie
96 Lind
100 Lora
97 Louisa
92 Portia
95 Valene
Waiting!
22 Carin
16 Catlee
14 Gilemette
15 Joey
13 Leticia
21 Peggy
20 Romona
14 Sonnnie
18 Sylvia
Waiting!
31 Abbe
31 Bernardine
29 Harlie
29 Venita
