Started!
69 Adrea
72 Ailee
68 Allx
59 Anastasie
70 Anthe
74 Ardelia
68 Cariotta
73 Deena
69 Donelle
63 Emma
69 Gilberte
61 Hesther
69 Jennie
72 Juanita
61 Kathrine
73 Leelah
60 Magda
70 Marabel
65 Odelinda
76 Pamelina
73 Pat
66 Peria
73 Ray
65 Riane
69 Ruthanne
74 Teresita
Waiting!
46 Averil
42 Bobbe
45 Caritta
46 Casey
42 Chanda
50 Christalle
41 Cora
45 Crista
44 Dael
54 Ediva
43 Floris
45 Frieda
48 Gabrielle
45 Genevieve
44 Genni
43 Guillema
53 Kassia
48 Leona
53 Louisa
46 Nancie
56 Nissie
42 Paulina
45 Siouxie
51 Verina
Started!
95 Adena
87 Alana
90 Bonnibelle
100 Ekaterina
92 Em
83 Erika
94 Henriette
100 Hester
86 Idell
98 Jenica
95 Kellina
84 Kinna
91 Leanor
100 Lora
100 Lyndsay
84 Maggee
99 Marlyn
93 Marni
95 Merrilee
99 Modestine
96 Natty
97 Nedda
90 Pippy
84 Rheta
97 Thomasina
83 Winna
Started!
7 Amaleta
2 Anna-Diana
12 Ara
8 Ardys
2 Auria
18 Britte
7 Clementina
11 Deb
3 Dominique
7 Eba
12 Emmey
7 Evangelia
1 Gabbi
3 Germaine
15 Glenna
7 Guendolen
16 Guinna
15 Gussy
16 Hyacintha
1 Lelia
9 Leonie
2 Linea
17 Miranda
10 Mireille
5 Rivkah
4 Rochette
Started!
36 Adele
39 Aloise
32 Cathi
28 Cordula
34 Diena
21 Edy
36 Elsa
21 Faun
26 Faye
23 Genia
21 Glenn
26 Harriette
30 Jorrie
22 Laurette
26 Louisette
38 Noreen
31 Peggy
40 Renelle
34 Rosaline
34 Ruthe
31 Sharl
25 Sibilla
25 Talia
30 Thekla
27 Ursa
37 Wilona
Waiting!
88 Aeriel
80 Annetta
82 Betsy
77 Brynn
81 Evania
73 Giuditta
73 Gwennie
82 Karee
90 Liv
81 Nevsa
80 Randee
78 Rose
Waiting!
13 Anya
17 Blondelle
15 Darla
15 Daveen
30 Estella
10 Fredelia
13 Georgeanne
14 Georgianna
12 Giulietta
20 Kittie
16 Meryl
26 Millie
21 Petronia
18 Shirl
29 Sibbie
16 Sibella
20 Stefa
29 Susie
25 Trudie
Waiting!
6 Aaren
7 Bert
1 Lyn
7 Sonni
2 Tandie
Waiting!
66 Aurore
62 Cindie
62 Dawn
68 Fayre
64 Flossie
64 Lorilyn
63 Melamie
66 Vittoria
Waiting!
100 Carey
93 Kerianne
91 Philippe
Waiting!
39 Gabriell
32 Guenevere
35 Lindie
35 Nissy
32 Reeba
40 Shalna
39 Stesha
