Started!
18 Agna
9 Ange
11 Annamarie
20 Antonie
23 Bert
9 Edi
16 Edwina
9 Flory
15 Judye
16 Liz
23 Marin
8 Ondrea
10 Regan
14 Roseline
9 Sheba
23 Stephannie
Started!
55 Alia
63 Bambi
64 Barbee
51 Bernetta
53 Cal
53 Carita
49 Celine
52 Chicky
54 Ertha
58 Fernande
56 Kyla
49 Luella
55 Margarita
55 Melamie
59 Rhianna
60 Rochell
Started!
90 Albertine
87 Camel
95 Candis
85 Carolee
85 Deena
87 Doralynne
90 Evelina
92 Idell
100 Ira
93 Janis
98 Jaquenetta
93 Kaylee
87 Lilly
86 Lorianna
96 Lynne
99 Malissia
Started!
37 Abigael
40 Abigail
42 Alysa
30 Audra
41 Aurel
32 Christal
36 Filia
43 Hyacinthe
47 Justina
28 Lexie
43 Maryrose
27 Randa
37 Sada
34 Sara-Ann
28 Sydney
27 Wren
Started!
76 Abbi
69 Adria
80 Carilyn
74 Corenda
77 Elisa
75 Fleur
79 Francene
78 Kathy
65 Kinna
84 Kirstyn
78 Liuka
82 Lynett
71 Michel
68 Sibby
78 Tatiania
65 Willabella
Started!
5 Alberta
7 Athena
4 Beret
4 Carolann
4 Charline
13 Darleen
4 Deborah
14 Elladine
11 Erinna
10 Kaela
7 Lucila
14 Merilyn
9 Mureil
14 Rhetta
14 Teresita
7 Tressa
Started!
43 Bari
39 Cynthie
38 Dayle
48 Eddi
45 Gates
45 George
46 Jacintha
47 Kailey
56 Madeline
49 Margarette
56 Melissa
37 Molli
48 Penny
52 Sharleen
37 Tiena
52 Zara
Started!
37 Abbie
28 Bobbette
39 Debbi
22 Dorita
32 Ede
22 Flossie
24 Jeanelle
38 Jeralee
25 Kaleena
42 Kellia
23 Liane
34 Nanci
31 Netti
24 Ranice
26 Reba
32 Timmy
Started!
20 Adriaens
14 Aleta
13 Annaliese
19 Cecily
8 Chere
15 Guinevere
10 Ingaberg
17 Joscelin
7 Letta
16 Lorenza
21 Mead
23 Mel
21 Robbie
11 Steffie
16 Tiffany
21 Tilda
Started!
100 Aimil
99 Amberly
93 Annabel
87 Annis
96 Ariel
89 Babita
87 Barbra
98 Billi
98 Christabel
98 Gerri
95 Irma
93 Kalli
100 Marcille
94 Noelyn
88 Nonnah
96 Petunia
Started!
65 Arabella
57 Claretta
55 Dody
62 Emmalynn
53 Florida
55 Genia
58 Georgeta
58 Kerrin
48 Lacey
65 Paolina
64 Petra
60 Risa
64 Star
57 Tine
67 Valerie
47 Vonny
Started!
85 Alyce
71 Coralyn
70 Costanza
77 Elie
78 Fenelia
81 Godiva
80 Hallie
67 Jillane
80 Ketty
68 Lenette
79 Madella
76 Maria
71 Masha
81 Ramonda
82 Stormy
78 Tiphani
Started!
37 Alvina
48 Caitrin
43 Caryl
41 Evangelina
52 Joellyn
40 Kalina
41 Loutitia
37 Mahala
43 Maryanne
40 Natividad
52 Phebe
55 Robinia
49 Stephana
37 Thalia
54 Valli
45 Verna
Started!
6 Ainslie
4 Alanah
4 Ashley
5 Brett
11 Cassandre
1 Dedra
9 Donni
3 Gilligan
6 Janine
7 Joete
14 Mitzi
10 Rosetta
9 Stephanie
8 Susanetta
13 Timi
5 Tommie
Started!
21 Ashlee
26 Danell
19 Dareen
17 Evvie
23 Hulda
31 Iormina
19 Janie
20 Karleen
24 Lorain
32 Mair
28 Malanie
30 Raven
34 Rebekkah
25 Rey
24 Teressa
33 Tobe
Waiting!
56 Aila
56 Dorothee
Started!
88 Ailina
90 Ainslee
95 Alethea
98 Aurelie
95 Bea
81 Candra
89 Darya
85 Daune
93 Dominga
87 Georgine
93 Hetty
95 Nanine
80 Nessie
89 Ofelia
90 Shelia
99 Vanessa
Waiting!
69 Amanda
72 Bernice
75 Hannie
75 Josefa
67 Kate
73 Melitta
Waiting!
21 Krystal
