Started!
100 Barbette
96 Bonnibelle
84 Carlynn
100 Diahann
85 Eddi
93 Helge
83 Jessa
97 Kala
90 Laurene
96 Minnie
100 Orsa
95 Shea
96 Tatiana
88 Vilhelmina
Started!
43 Caren
41 Chandal
42 Corine
39 Germaine
39 Henriette
39 Josephina
36 Michell
45 Minni
42 Morganne
35 Rahel
49 Roxana
45 Roxanna
46 Tamera
45 Vonnie
Started!
6 Annamaria
2 Briana
8 Danila
10 Emilia
8 Ethelin
12 Georgina
5 Hedda
3 Kary
10 Lanni
5 Layla
6 Marion
1 Marris
3 Nada
11 Talya
Started!
68 Alysa
55 Aubry
67 Devin
70 Dulce
62 Halimeda
54 Kenna
62 Lotte
61 Louisette
53 Malinda
54 Nicol
57 Nisse
61 Reina
61 Roana
64 Sherry
Started!
79 Ailyn
79 Berny
77 De
77 Kimberley
74 Lotti
80 Louisa
72 Maddalena
80 Maurise
81 Moreen
70 Neilla
74 Ros
74 Sabra
79 Tanya
72 Viviyan
Started!
23 Ajay
20 Auguste
26 Candi
18 Enrica
24 Floria
15 Hildegaard
21 Jerrilee
21 Julia
24 Juliana
20 Lorine
19 Nariko
16 Tamqrah
27 Tandi
32 Tandie
Waiting!
96 Caresa
95 Cherey
93 Kylie
95 Laverne
85 Maren
94 Melanie
Waiting!
53 Adda
44 Breanne
44 Dinnie
49 Maureen
61 Siusan
Waiting!
40 Betti
30 Emmaline
35 Nicholle
33 Norri
Waiting!
25 Corabella
23 Daffie
27 Meredithe
20 Thomasa
Waiting!
64 Berri
66 Jany
68 Vicky
68 Zonnya
73 Zorana
Waiting!
83 Stormie
Waiting!
3 Estel
