Started!
16 Barbey
11 Cal
11 Dael
19 Franni
16 Gnni
11 Jaclyn
22 Jordanna
23 Keeley
20 Lanae
16 Leda
27 Lilia
12 Roselle
23 Selma
Started!
45 Annadiane
37 Bernie
27 Brena
46 Christin
33 Claire
44 Emmalee
45 Erinn
47 Gisella
39 Kathe
32 Mira
42 Mora
40 Rosalinde
33 Valeria
Started!
50 Andrei
65 Bess
61 Elna
49 Germana
66 Greer
61 Jaquenetta
60 Leilah
56 Linea
48 Liz
53 Rani
55 Renata
55 Rowena
58 Tomi
Started!
76 Ali
94 Candis
93 Carolin
80 Danny
84 Kip
91 Lorna
81 Mariel
79 Pollyanna
80 Prudence
85 Regina
77 Sabra
75 Valentine
78 Vania
Waiting!
9 Abigail
12 Callie
2 Cristin
8 Eddie
1 Esmeralda
5 Freda
10 Frederique
8 Lindy
2 Maible
8 Winonah
Started!
67 Aleen
73 Berry
69 Bridget
79 Brigitte
65 Carlen
75 Eunice
74 Fania
71 Faunie
70 Fidela
69 Juline
69 Rubia
74 Sella
60 Sheeree
Started!
93 Amalee
90 Binni
94 Brana
99 Cristy
98 Cynthie
91 Fredrika
91 Jeni
97 Jenni
96 Lilli
95 Raine
95 Sharlene
90 Shaylah
88 Valaria
Waiting!
74 Blisse
80 Ingeberg
81 Lettie
82 Nerty
Waiting!
14 Beilul
19 Cody
17 Rozele
21 Tandi
Waiting!
59 Brianna
58 Celinda
51 Jenn
53 Leonanie
49 Livy
61 Lucienne
58 Maryjane
53 Morissa
Waiting!
33 Amara
35 Celinka
36 Christina
43 Mariquilla
33 Maryanna
33 Ofelia
33 Stormy
