Started!
39 Arlie
40 Berri
48 Brittaney
38 Daffi
36 Dinnie
41 Dona
47 Doralin
45 Felicdad
31 Gwyneth
37 Hali
33 Ibby
32 Kimberley
39 Lanie
39 Lethia
45 Morissa
48 Perle
41 Portia
39 Rhody
39 Sharla
40 Tonie
Waiting!
12 Angelina
6 Aubrey
14 Bell
14 Colly
8 Dayna
4 Elene
6 Glynis
9 Jerrie
3 Joella
4 Karly
8 Katie
7 Kristen
8 Lezlie
12 Luz
6 Minni
7 Tresa
1 Viviene
12 Wrennie
Started!
75 Abby
74 Adria
72 Adrian
66 Ayn
81 Benni
75 Berta
68 Britney
64 Brittne
78 Daphna
70 Dollie
82 Jaynell
66 Jessa
80 Johannah
78 Jordan
79 Karie
63 Pietra
65 Ronnie
68 Twila
68 Veronike
72 Winonah
Waiting!
25 Aigneis
20 Alysa
24 Delphine
23 Dolorita
21 Ethel
20 Hayley
18 Hortensia
20 Johna
15 Katerina
24 Maryjane
17 Mirilla
23 Pen
26 Rana
28 Sella
22 Silvana
23 Stevana
19 Talyah
15 Thomasa
22 Valeda
Started!
91 Ashla
90 Chickie
97 Cindee
88 Dalila
86 Damara
80 Dorothy
90 Editha
90 Lavina
93 Lonni
90 Maude
97 Maureen
95 Meridel
91 Moira
91 Molli
99 Nelle
93 Nevsa
90 Nicola
91 Oralee
94 Sephira
96 Wilow
Started!
58 Beryle
63 Betteann
61 Britta
56 Constancy
54 Elianore
59 Faina
56 Fan
57 Fancy
56 Helen
51 Janna
60 Juana
68 Latia
55 Lesli
54 Lonnie
61 Margo
54 Noelle
65 Pammy
48 Salome
50 Shelba
53 Sherilyn
Started!
78 Cassy
79 Denny
80 Eimile
83 Estell
79 Hadria
76 Idaline
81 Juline
83 Kacy
78 Karlee
87 Karmen
71 Leonanie
71 Lily
69 Mandy
86 Marianne
70 Marji
75 Maye
76 Mollie
74 Nolie
71 Norah
77 Teodora
Waiting!
42 Aggie
40 Amara
47 Anneliese
42 Ardelis
35 Christin
32 Farica
43 Giselle
46 Katherine
44 Lishe
52 Maureene
50 Rebbecca
46 Rozalin
44 Zea
Waiting!
31 Nolana
29 Sheba
Waiting!
95 Rachelle
95 Simone
87 Yelena
Waiting!
62 Margeaux
72 Min
68 Renae
Waiting!
53 Ursula
Waiting!
84 Harmony
