Started!
87 Domeniga
83 Doralin
78 Erma
75 Estel
84 Gus
79 Kakalina
79 Kristel
80 Larisa
93 Leda
93 Leland
84 Leona
85 Lezlie
79 Marybeth
83 Salaidh
Started!
59 Charo
63 Doro
64 Fan
50 Greer
62 Iona
55 Jeana
55 Jeanna
63 Joellyn
63 Margo
58 Peggi
63 Reta
62 Suzann
62 Uta
62 Virgie
Started!
19 Adrian
25 Aubine
23 Cathyleen
21 Dayna
25 Deni
17 Gerianna
12 Gilberte
23 Guillemette
27 Halimeda
15 Kore
21 Melinda
29 Micaela
17 Nola
19 Tedra
Started!
13 Amie
7 Carolina
9 Cassy
13 Flossie
8 Fredra
3 Ileana
3 Jayne
2 Johannah
8 Margi
7 Marigold
9 Rana
5 Suki
13 Tomi
5 Winifred
Started!
37 Adrianna
38 Berny
37 Blondelle
43 Cathy
45 Charlot
43 Eolanda
50 Kerstin
41 Leora
42 Matty
39 Meridel
45 Nanice
35 Nevsa
39 Perle
34 Tonie
Started!
34 Biddie
28 Brynne
32 Dorita
33 Elspeth
30 Eveline
41 Janaye
31 Jerrilee
39 Joella
33 Livvie
35 Maren
24 Norah
36 Pammy
34 Rasla
31 Seka
Started!
89 Abra
99 Allix
100 Annette
94 Carena
92 Chloe
88 Coralie
90 Corenda
88 Ethel
98 Gabriel
98 Grayce
95 Kameko
98 Myriam
92 Patricia
89 Tandie
Started!
78 Bettine
61 Christin
69 Deerdre
76 Hedda
79 Iormina
61 Katie
65 Kristien
67 Lavina
69 Mara
70 Michaeline
73 Noellyn
78 Renate
69 Sean
73 Trix
Started!
51 Carlynne
53 Chanda
50 Elvina
61 Elysia
64 Erena
68 Guenevere
51 Jeanelle
59 Loren
52 Mersey
58 Rosette
54 Rozalin
59 Timmi
52 Tonya
49 Wrennie
Started!
74 Alissa
82 Bessie
86 Bethina
78 Caresse
76 Cordula
85 Diane
82 Drusilla
84 Eimile
87 Glynda
76 Jobina
84 Lorain
83 Moina
83 Noemi
90 Revkah
Started!
99 Avie
99 Danit
93 Darice
97 Dix
93 Gael
95 Gayleen
85 Glynnis
98 Gretchen
99 Isabelita
95 Jobey
100 Paulette
97 Sylvia
92 Trixi
98 Verile
Started!
49 Ailina
39 Alia
47 Amalle
42 Benedicta
46 Cherish
46 Corabella
39 Correy
42 Henrietta
43 Janessa
50 Loria
43 Lucita
40 Melody
42 Reyna
47 Velvet
Started!
11 Adriena
22 Adrienne
20 Belita
18 Catherine
3 Daloris
13 Deny
12 Dyanne
5 Kevina
19 Marga
8 Matti
7 Michelle
10 Rosana
12 Simone
10 Valentine
Waiting!
42 Glennis
27 Hermina
31 Laurella
45 Leann
31 Marlie
27 Melissa
42 Neila
30 Nichole
35 Philipa
35 Ranique
31 Retha
38 Starla
28 Tobye
Started!
71 Alyce
67 Arden
69 Bobbette
63 Brandea
63 Kandace
79 Kelsy
65 Kerri
72 Merna
67 Modesta
68 Pam
69 Randie
79 Ranice
71 Rois
70 Scarlet
Waiting!
7 Adoree
6 Cecelia
9 Ketty
2 Letizia
2 Renee
6 Tansy
Waiting!
60 Donny
57 Emmye
67 Ilene
56 Ronny
55 Sella
58 Shannen
65 Tildie
63 Vanna
60 Xylina
Waiting!
87 Aime
91 Alma
84 Cathlene
90 Fawnia
84 Jacqueline
84 Jewel
83 Nalani
84 Sheena
Waiting!
23 Almeria
20 Amye
14 Cleo
15 Delores
17 Genevieve
13 Leanora
18 Marline
Waiting!
24 Terry
Waiting!
47 Marlena
Waiting!
70 Betsy
