Started!
11 Jaquith
9 Mary
Started!
70 Barbette
71 Gerhardine
Started!
31 Abagael
24 Kary
Started!
36 Caritta
44 Prudi
Started!
90 Adara
91 Wynn
Started!
70 Nada
79 Rahel
Started!
72 Julina
66 Malvina
Started!
33 Kaycee
25 Tanya
Started!
22 Desiri
22 Kala
Started!
96 Danila
97 Krystle
Started!
22 Carolee
21 Doralia
Started!
71 Henriette
76 Sande
Started!
61 Brook
63 Emelita
Started!
17 Danita
24 Niki
Started!
22 Tonya
22 Tonye
Started!
84 Guendolen
93 Serene
Started!
1 Minnie
10 Noemi
Started!
74 Augusta
64 Marris
Started!
8 Julieta
8 Louisa
Started!
58 Jackie
53 Tamera
Started!
17 Doreen
17 Josi
Started!
9 Selle
2 Zorah
Started!
56 Carole
63 Ludovika
Started!
85 Beverley
87 Elnore
Started!
64 Miguelita
71 Rosie
Started!
78 Gilligan
79 Rosaleen
Started!
84 Maggy
75 Shannah
Started!
17 Mandie
16 Priscilla
Started!
93 Debor
92 Wenona
Started!
4 Leonie
4 Vida
Started!
91 Gerda
99 Opaline
Started!
88 Joella
79 Tania
Started!
71 Arlina
65 Tessi
Started!
31 Gerrie
35 Lucita
Started!
7 Elysia
9 Letty
Started!
52 Betsey
59 Dania
Started!
21 Lorine
21 Margarete
Started!
42 Celle
34 Ingeborg
Started!
18 Jaine
26 Kelcy
Started!
87 Beulah
96 Brittney
Started!
19 Karlotta
29 Vitia
Started!
76 Neilla
75 Tandie
Started!
6 Betti
3 Margarethe
Started!
43 Bel
49 Charline
Started!
25 Briana
15 Ethelin
Started!
64 Gaby
74 Konstanze
Started!
28 Elsey
25 Norri
Started!
38 Berri
30 Rebbecca
Started!
54 Christyna
58 Rivi
Started!
79 Blair
84 Maureen
Started!
10 Dodi
10 Opal
Started!
35 Emmye
33 Roberta
Started!
2 Luz
4 Ortensia
Started!
78 Anabella
72 Stepha
Started!
88 Mabel
88 Zorana
Started!
100 Jessika
96 Oralla
Started!
35 Greer
27 Milli
Started!
15 Lindy
15 Lynett
Started!
73 Ginevra
63 Hyacinthia
Started!
47 Natalie
40 Teena
Started!
34 Gerty
33 Randie
Started!
95 Dulsea
85 Kissiah
Started!
77 Ardeen
76 Cindi
Started!
3 Anya
5 Bamby
Started!
55 Andree
53 Ashley
Started!
79 Austine
78 Brigitte
Started!
62 Alysa
70 Maggee
Started!
30 Malinde
29 Nelie
Started!
86 Gayle
89 Laurice
Started!
26 Jemima
33 Kimmy
Started!
86 Feodora
89 Stephanie
Started!
3 Freda
9 Kiele
Started!
84 Dione
86 Erinn
Started!
94 Charmine
91 Pepi
Started!
73 Cybill
70 Star
Started!
68 Cecily
60 Faythe
Started!
52 Gwendolyn
56 Tandi
Started!
48 Layla
55 Susie
Started!
91 Jasmina
92 Lacie
Started!
93 Kelli
97 Lynnell
Started!
32 Antoinette
25 Kathrine
Started!
15 Appolonia
14 Eleonora
Started!
46 Eleonore
40 Maryellen
Started!
16 Esma
7 Marion
Started!
28 Cynthie
29 Debee
Started!
47 Christabella
49 Diena
Started!
29 Candice
25 Cleo
Started!
78 Corissa
88 Fenelia
Started!
98 Anna-Maria
94 Rosabella
Started!
76 Alvina
71 Othella
Started!
29 Fayette
38 Ursa
Started!
51 Heddi
60 Juliann
Started!
13 Amargo
8 Kinna
Started!
20 Felicia
24 Reina
Started!
71 Margarette
79 Matelda
Started!
38 Lenee
39 Lois
Started!
27 Andria
34 Nelly
Started!
80 Catharina
78 Tami
Started!
53 Fina
48 Nesta
Started!
43 Jeri
51 Shirline
Started!
23 Marilee
26 Trudey
Started!
16 Albertina
23 Violetta
Started!
47 Leelah
57 Trixi
Started!
89 Dorthy
98 Siouxie
Started!
72 Agnese
81 Hanna
Started!
40 Jennifer
48 Nita
Started!
100 Delila
90 Joby
Started!
35 Daria
41 Kellie
Started!
11 Lilyan
13 Tiffie
Started!
88 Guglielma
95 Olia
Started!
65 Linet
63 Rikki
Started!
36 Janeen
27 Josee
Started!
25 Ashlie
23 Leese
Started!
63 Bernadine
54 Denice
Started!
46 Flori
40 Noelle
Started!
66 Codi
59 Perry
Started!
71 Neely
80 Thomasina
Started!
41 Emmeline
43 Patty
Started!
25 Celestine
20 Linnea
Started!
81 Arlana
75 Meara
Started!
64 Ethelind
55 Terry
Started!
35 Britney
25 Celesta
Started!
2 Karissa
6 Sada
Started!
99 Brooke
93 Layney
Started!
75 Nelle
78 Phaidra
Started!
9 Dehlia
12 Kathie
Started!
47 Almeria
45 Chrystal
Started!
61 Leonanie
61 Sydel
Started!
27 Korie
32 Lynde
Started!
42 Jo-Anne
39 Melesa
Started!
50 Brunhilda
60 Fedora
Started!
81 Ella
81 Janka
Started!
11 Arlyne
4 Celestia
Started!
88 Audie
92 Eimile
Started!
7 Odelinda
1 Sandy
Started!
50 Milzie
59 Ursuline
Started!
70 Melina
77 Vivian
Started!
26 Georgetta
30 Maisey
Started!
77 Jessi
81 Lizzie
Started!
32 Lilas
24 Marlyn
Started!
48 Mariette
49 Nichole
Started!
71 Joete
79 Saloma
Started!
21 Arline
19 Larisa
Started!
44 Sondra
47 Viviana
Started!
40 Kalina
33 Karol
Waiting!
98 Kylynn
Started!
29 Leann
21 Pavla
Started!
51 Liliane
57 Theressa
Started!
77 Marcile
71 Melisent
Waiting!
8 Shaun
