Started!
23 Adena
23 Aggi
29 Aurelie
33 Binny
22 Blondelle
24 Cam
33 Celestine
22 Charmaine
27 Cherri
22 Devora
18 Eleanora
17 Fanni
33 Lou
34 Lynett
26 Meaghan
33 Mela
15 Mellicent
27 Melosa
28 Meridith
22 Pansy
24 Shayne
16 Stormy
33 Susette
23 Viole
Started!
84 Allison
83 Ashely
78 Bobette
70 Carlotta
71 Carmon
73 Danella
88 Dina
76 Evvy
84 Fleur
75 Gabey
74 Henrie
88 Henryetta
90 Joya
70 Kari
77 Lynelle
80 Marlyn
90 Morgan
89 Nikaniki
77 Pamelina
88 Philippine
89 Sande
88 Sidonnie
80 Terra
80 Xaviera
Started!
38 Alberta
38 Blancha
34 Brittan
36 Cally
32 Cleo
40 Doreen
38 Eden
40 Effie
51 Emlynn
49 Emmeline
45 Erminie
47 Feodora
32 Fiorenze
36 Gerda
35 Isahella
39 Leda
37 Linzy
36 Meryl
36 Monica
35 Neilla
44 Phylys
41 Pierrette
40 Sara-Ann
51 Toni
Started!
8 Abbe
2 Alverta
1 Andrea
7 Bernardine
11 Carree
12 Celina
5 Claudina
9 Denny
9 Dionis
11 Dorree
5 Elwira
9 Eveleen
9 Farah
1 Hildegaard
8 Jess
7 Juliet
1 Julina
9 Keslie
13 Leanora
11 Missie
12 Mommy
7 Vallie
12 Vitoria
2 Winona
Waiting!
91 Adey
99 Amaleta
93 Cammie
98 Candy
91 Carolyne
94 Cassaundra
92 Christabella
91 Danny
96 Dierdre
96 Dredi
97 Edin
96 Eleonore
97 Eran
100 Flori
92 Katrine
92 Nata
91 Shellie
89 Sigrid
97 Sophronia
99 Sybyl
Started!
64 Aigneis
56 Breena
63 Bria
62 Demetris
56 Em
68 Ezmeralda
66 Iris
62 Jana
61 Jo-Ann
69 Joela
64 Jordanna
64 Kasey
64 Ketti
59 Kissie
56 Kylynn
63 Laverne
67 Merline
68 Natassia
63 Saraann
57 Sofie
61 Stephanie
64 Theresita
73 Valentina
66 Vevay
Started!
49 Anne-Marie
42 Bea
45 Brittani
54 Candis
50 Cecily
43 Celestia
54 Dedra
52 Ernaline
57 Horatia
51 Janaya
48 Kaila
53 Kirby
57 Leanor
54 Lina
44 Lucienne
48 Mada
53 Maurita
48 Nettle
52 Pearline
49 Pier
55 Sallie
46 Timothea
51 Yvette
52 Yvonne
Started!
14 Anet
23 Ariel
14 Benedikta
27 Bethena
20 Cami
27 Carina
25 Cecile
22 Cordi
21 Doralin
26 Emeline
29 Felicia
29 Jocelyn
22 Ladonna
18 Layne
26 Leola
24 Lynnea
17 Maegan
23 Marys
27 Micki
22 Penni
29 Pollyanna
27 Tildie
29 Wynny
13 Ynez
Waiting!
1 Cassi
1 Catarina
8 Donnie
3 Ebonee
9 Francisca
2 Griselda
9 Kayley
8 Lin
5 Papagena
1 Rozalin
Waiting!
80 Alikee
79 Aprilette
70 Athena
69 Beth
85 Bette
81 Brenda
82 Carol
74 Chiarra
79 Darby
85 Dniren
70 Francesca
86 Fredericka
83 Leticia
82 Madlen
82 Merla
71 Myranda
87 Nada
69 Pavla
82 Rayna
77 Rici
87 Roby
70 Ros
73 Torrie
Waiting!
35 Brenn
34 Cacilie
41 Goldi
38 Lana
35 Oneida
35 Renelle
34 Tasia
Waiting!
65 Jonie
68 Tine
Waiting!
19 Maryl
19 Nessie
20 Petra
16 Vikky
Waiting!
48 Rana
