Waiting!
15 Brittney
31 Brynne
21 Constancy
17 Danna
27 Dorothy
34 Engracia
26 Kasey
28 Laurena
24 Linet
29 Madelena
34 Melosa
20 Peggi
23 Robin
27 Wileen
Waiting!
68 Beitris
70 Crystal
62 Deb
65 Donni
74 Halley
72 Kandy
65 Kellyann
69 Kendre
64 Ketti
66 Leona
73 Nannie
73 Suki
75 Tiff
Waiting!
1 Bernie
6 Corina
11 Estelle
11 Gerti
8 Gwendolin
8 Johnette
7 Leese
3 Marena
8 Mercedes
11 Nikkie
9 Noemi
10 Stoddard
Waiting!
87 Anallise
94 Carolynn
94 Cyndy
96 Eadith
83 Felita
89 Giralda
95 Marisa
84 Minnie
90 Natalina
90 Shayla
82 Susanne
87 Theresa
95 Truda
Waiting!
57 Asia
56 Bernita
53 Camala
58 Clarisse
47 Faustina
52 Jacquelynn
50 Jeri
48 Kerry
49 Lindsey
Waiting!
99 Carree
98 Maighdiln
Waiting!
45 Alys
42 Aprilette
37 Ardys
36 Chloris
38 Eleanora
38 Fidelity
39 Goldarina
37 Iseabal
38 Leanna
43 Nicolle
Waiting!
12 Dannie
13 Jourdan
