Started!
92 Charita
87 Megen
Started!
27 Britney
28 Collette
Started!
55 Allianora
65 Aprilette
Started!
24 Koressa
26 Maighdiln
Started!
88 Chastity
97 Fiona
Started!
76 Angelika
80 Jeanie
Started!
98 Jenilee
93 Miriam
Started!
16 Davine
13 Michaela
Started!
68 Eloise
72 Kynthia
Started!
17 Gerti
16 Tedi
Started!
11 Gwendolin
1 Thomasin
Started!
68 Kat
61 Sharron
Started!
14 Alvera
19 Trudey
Started!
84 Aggie
85 Charlotte
Started!
38 Corina
43 Gaby
Started!
75 Faun
71 Oralla
Started!
29 Ardelle
31 Joby
Started!
96 Kanya
93 Lonnie
Started!
69 Livia
64 Natalina
Started!
55 Leandra
47 Mireille
Started!
5 Sianna
15 Viola
Started!
67 Aili
71 Sonny
Started!
48 Benedicta
44 Corabel
Started!
82 Angelique
88 Hulda
Started!
6 Camala
9 Jerrylee
Started!
32 Estrellita
22 Nevsa
Started!
54 Brittney
64 Leila
Started!
96 Bertie
97 Dosi
Started!
34 Hanny
40 Maud
Started!
72 Arlene
78 Carolee
Started!
92 Abbye
82 Dniren
Started!
51 Anett
43 Essie
Started!
16 Debee
9 Katerina
Started!
49 Ketti
42 Stefania
Started!
83 Georgeanne
80 Molly
Started!
64 Katharina
61 Timothea
Started!
86 Hatti
83 Viviyan
Started!
12 Doe
10 Evania
Started!
95 Jeri
93 Marlo
Started!
28 Carine
18 Harmonie
Started!
17 Nissy
21 Ronica
Started!
4 Aubrey
14 Katine
Started!
60 Chloette
68 Cory
Started!
49 Margot
53 Moira
Started!
35 Ertha
34 Nell
Started!
71 Blondy
64 Camilla
Started!
77 Tarra
72 Trish
Started!
100 Giacinta
100 Leontyne
Started!
38 Giovanna
46 Guillemette
Started!
66 Jeni
76 Leelah
Started!
18 Brandi
20 Stephannie
Started!
49 Georgeta
52 Simona
Started!
20 Robbi
21 Vivienne
Started!
49 Cristy
57 Nanete
Started!
94 Dyanna
87 Rena
Waiting!
100 Ardenia
Started!
27 Cilka
34 Geralda
Started!
63 Gleda
69 Sybila
Started!
57 Vivyan
53 Vonny
Started!
11 Dian
17 Ynez
Started!
66 Clementine
56 Hannie
Started!
84 Prudence
76 Yasmeen
Started!
57 Arliene
51 Electra
Started!
73 Gabrielle
75 Inge
Waiting!
54 Lorene
Started!
27 Dorice
19 Joice
Started!
86 Dulcinea
79 Meagan
Waiting!
34 Allys
Started!
20 Rita
13 Thomasine
Started!
69 Dynah
76 Nike
