Started!
96 Tamma
Started!
93 Danette
Started!
90 Nevsa
Started!
49 Juli
Started!
81 Latashia
Started!
15 Cary
Started!
20 Rosene
Started!
99 Meagan
Started!
89 Latrina
Started!
92 Elicia
Started!
20 Tilda
Started!
33 Kimmie
Started!
15 Alyson
Started!
8 Katy
Started!
67 Mufinella
Started!
94 Alfy
Started!
51 Klarika
Started!
30 Willow
Started!
88 Elke
Started!
90 Nancee
Started!
27 Renate
Started!
20 Belva
Started!
8 Kiley
Started!
63 Micki
Started!
56 Jolynn
Started!
96 Theresa
Started!
53 Donetta
Started!
62 Janene
Started!
51 Eran
Started!
39 Farra
Started!
68 Dianna
Started!
57 Toma
Started!
74 Flss
Started!
7 Krystal
Started!
66 Marge
Started!
33 Toby
Started!
26 Roseann
Started!
51 Suzanne
Started!
65 Stormy
Started!
39 Valli
Started!
21 Rosalinde
Started!
19 Jammie
Started!
68 Selia
Started!
1 Juieta
Started!
51 Mirna
Started!
91 Caryn
Started!
11 Kaylee
Started!
54 Lela
Started!
14 Carmon
Started!
29 Nicholle
Started!
47 Franni
Started!
42 Emmalyn
Started!
95 Renell
Started!
96 Loleta
Started!
97 Brenna
Started!
99 Kirsteni
Started!
46 Brigitte
Started!
71 Tory
Started!
42 Jennette
Started!
51 Elvera
Started!
17 Loralyn
Started!
13 Ardenia
Started!
27 Sophie
Started!
64 Rosanne
Started!
7 Natalya
Started!
99 Celinka
Started!
27 Nydia
Started!
39 Anissa
Started!
13 Charleen
Started!
30 Mable
Started!
74 Nance
Started!
65 Evvie
Started!
32 Tiena
Started!
19 Madeline
Started!
95 Margareta
Started!
34 Nettie
Started!
97 Merline
Started!
42 Bernadina
Started!
71 Mindy
Started!
91 Kathrine
Started!
33 Michaella
Started!
19 Maud
Started!
30 Maitilde
Started!
91 Maryanna
Started!
77 Hyacinthie
Started!
68 Danielle
Started!
56 Leta
Started!
36 Herta
Started!
60 Theo
Started!
92 Helga
Started!
46 Gilberte
Started!
31 Debbie
Started!
98 Freddie
Started!
84 Kristin
Started!
34 Tiffie
Started!
78 Alfie
Started!
96 Marilin
Started!
66 Caria
Started!
13 Codee
Started!
55 Nanon
Started!
41 Tara
Started!
38 Anabal
Started!
38 Lacy
Started!
42 Aurel
Started!
72 Olympe
Started!
83 Linette
Started!
27 Bryna
Started!
98 Evangelia
Started!
14 Terry
Started!
56 Corliss
Started!
83 Jackqueline
Started!
52 Jehanna
Started!
74 Dosi
Started!
87 Juline
Started!
66 Jordanna
Started!
30 Natalina
Started!
82 Morgana
Started!
57 Fanni
Started!
57 Emili
Started!
53 Hadria
Started!
54 Orsa
Started!
9 Rebbecca
Started!
42 Caterina
Started!
11 Corissa
Started!
100 Saidee
Started!
43 Aidan
Started!
95 Carina
Started!
68 Carmelina
Started!
93 Oriana
Started!
74 Roxanna
Started!
72 Dorthea
Started!
59 Laureen
Started!
57 Thomasina
Started!
29 Therine
Started!
16 Gaye
Started!
15 Sari
Started!
60 Karoline
Started!
56 Catina
Started!
87 Marisa
Started!
93 Lizzie
Started!
61 Consuela
Started!
15 Tiff
Started!
32 Bernardina
Started!
98 Tatum
Started!
69 Lila
Started!
56 Wilma
Started!
70 Modestia
Started!
44 Etty
Started!
88 Lulita
Started!
39 Prisca
Started!
64 Issy
Started!
50 Corrine
Started!
34 Felipa
Started!
85 Bird
Started!
6 Morissa
Started!
70 Raphaela
Started!
5 Bill
Started!
49 Mirabelle
Started!
100 Rasla
Started!
2 Emilia
Started!
69 Roxi
Started!
71 Ninetta
Started!
59 Larina
Started!
3 Caty
Started!
31 Ketti
Started!
80 Anitra
Started!
4 Fancy
Started!
75 Laurel
Started!
78 Candace
Started!
31 Blaire
Started!
25 Donni
Started!
7 Bambie
Started!
91 Zelda
Started!
28 Nessy
Started!
53 Gwen
Started!
55 Leila
Started!
46 Blinny
Started!
62 Adriana
Started!
20 Marlene
Started!
47 Michell
Started!
81 Helge
Started!
65 Glenn
Started!
56 Bernita
Started!
82 Ceil
Started!
14 Modestine
Started!
54 Alyce
Started!
8 Marybeth
Started!
77 Wynnie
Started!
48 Deedee
Started!
29 Benita
Started!
86 Gwennie
Started!
55 Aloysia
Started!
95 Dania
Started!
36 Phebe
Started!
73 Missy
Started!
4 Germana
Started!
57 Leandra
Started!
78 Rickie
Started!
34 Reggie
Started!
49 Selle
Started!
90 Louisette
Started!
82 Giuditta
Started!
89 Erika
Started!
1 Lisha
Started!
92 Alys
Started!
97 Lorie
Started!
61 Sallie
Started!
84 Pearle
Started!
75 Sisely
Started!
63 Donny
Started!
48 Halie
Started!
47 Romona
Started!
20 Jennica
Started!
8 Dulcy
Started!
95 Corilla
Started!
4 Heddi
Started!
90 Ardelle
Started!
12 Carley
Started!
39 Florie
Started!
34 Denna
Started!
8 Vi
Started!
8 Eugine
Started!
31 Yolane
Started!
48 Faith
Started!
57 Daile
Started!
37 Dyana
Started!
5 Odele
Started!
80 Halette
Started!
79 Vitia
Started!
26 Amaleta
Started!
94 Sapphira
Started!
17 Moyra
Started!
80 Karlyn
Started!
4 Maris
Started!
3 Maighdiln
Started!
13 Kellsie
Started!
39 Pamela
Started!
8 Renelle
Started!
99 Catharine
Started!
78 Jennee
Started!
39 Noelani
Started!
66 Jobina
Started!
55 Audrey
Started!
30 Pauline
Started!
23 Sherrie
Started!
36 Dennie
Started!
8 Odella
Started!
55 Mahala
Started!
53 Marnia
Started!
25 Onida
Started!
64 Roxy
Started!
48 Truda
Started!
28 Olimpia
Started!
57 Robenia
Started!
66 Tressa
Started!
4 Walliw
Started!
85 Helen-Elizabeth
Started!
34 Emmye
Started!
29 Joane
Started!
91 Felicle
Started!
43 Daveen
Started!
77 Jacinthe
Started!
74 Emmalynn
Started!
55 Tamqrah
Started!
23 Deva
Started!
93 Edeline
Started!
87 Noella
Started!
88 Annie
Started!
79 Ola
Started!
39 Ilene
Started!
22 Blakeley
Started!
86 Renie
Started!
34 Kylila
Started!
86 Jordan
Started!
59 Betsey
Started!
75 Oralee
Started!
82 Selma
Started!
2 Marie-Jeanne
Started!
93 Gilda
Started!
62 Inez
Started!
9 Carole
Started!
67 Delcine
Started!
90 Gigi
