Waiting!
13 Alameda
1 Anderea
7 Bryna
21 Bunny
8 Celestyn
8 Clementine
19 Hildegaard
1 Jacquetta
11 Jessie
9 Joceline
4 Kata
4 Kettie
1 Lorine
17 Maddalena
10 Raye
12 Rosina
8 Shannah
20 Stephani
9 Tandy
14 Tina
14 Viva
18 Vyky
Waiting!
51 Ardenia
44 Barbie
52 Barbra
44 Camilla
54 Caroline
53 Dania
42 Dona
40 Henriette
54 Joella
41 Kristan
38 Lilia
42 Lyndsey
42 Nancie
49 Perrine
54 Rona
54 Ros
47 Tamarah
53 Veriee
Waiting!
85 Ceil
95 Daffy
87 Janie
91 Joellyn
92 Lorianne
94 Maggy
100 Merissa
90 Monique
95 Nada
93 Rosy
Waiting!
23 Ariadne
22 Dorelia
25 Eleonore
32 Georgeanna
35 Jacquie
34 Linnie
26 Lulu
27 Lyndell
27 Mary
28 Opaline
34 Rae
22 Tonya
Waiting!
68 Adey
68 Angel
65 Caryn
61 Drona
72 Gina
70 Keeley
68 Maris
60 Randi
65 Sharlene
Waiting!
76 Anjela
82 Beverley
81 Clarey
79 Gilligan
77 Zorana
