Started!
94 Allina
91 Ashien
88 Blakeley
79 Briana
95 Cody
85 Emogene
89 Fulvia
87 Gerrie
94 Gipsy
83 Hattie
91 Ilene
81 Jaquenetta
90 Katy
86 Madelin
84 Maggie
80 Matty
76 Melanie
82 Naomi
86 Natala
94 Pammy
83 Sandye
Waiting!
9 Aggy
11 Ashely
3 Caryl
15 Cati
17 Daile
6 Danita
16 Deerdre
12 Devi
1 Emelda
12 Leigha
7 Lucille
17 Maddy
8 Marnie
17 Papagena
10 Rosalyn
15 Rosie
15 Thomasin
9 Vonny
5 Willamina
Waiting!
93 Beatrisa
87 Buffy
100 Clarey
95 Davine
97 Laina
98 Lulita
97 Martita
96 Odessa
96 Shanon
97 Shelley
Started!
51 Amalie
44 Ardra
48 Charmain
41 Daloris
53 Edyth
38 Joanie
53 Lind
52 Lisbeth
55 Maisie
38 Marj
37 Mollie
51 Nannie
43 Pammie
47 Quintina
36 Randy
44 Raynell
44 Rosalynd
41 Rubia
49 Tedi
38 Vanessa
46 Veronique
Waiting!
32 Adaline
24 Caroljean
34 Catha
34 Dniren
21 Elisabetta
22 Erma
27 Fara
23 Kath
24 Kellen
30 Lezlie
29 Lorine
25 Melodie
22 Melony
29 Mickie
27 Nicki
34 Nydia
24 Patsy
22 Rhetta
Waiting!
69 Alejandra
66 Aurel
62 Bernete
75 Cathrine
72 Catlaina
65 Clotilda
68 Corene
59 Emilie
72 Jerrilyn
69 Katti
78 Lizabeth
70 Madalyn
72 Marin
62 Melany
76 Meredithe
67 Saloma
64 Shanta
72 Sosanna
77 Winnie
Waiting!
39 Corissa
43 Delphinia
35 Fleur
35 Gerda
36 Jenny
45 Jerrilee
40 Laraine
35 Lita
41 Maxy
Waiting!
58 Darsie
49 Ola
58 Shina
51 Yovonnda
Waiting!
80 Darcey
80 Fey
85 Glori
81 Lanna
85 Linet
83 Orel
85 Rochell
