Started!
12 Ardine
16 Astrix
10 Bibi
3 Chandal
3 Charis
6 Emily
8 Ethelind
16 Germaine
6 Ingunna
19 Lisabeth
6 Madge
10 Nydia
18 Odelinda
14 Olive
8 Sascha
5 Shirlene
Started!
51 Aindrea
58 Andreana
48 Babette
40 Beatrix
49 Benetta
39 Bennie
46 Christie
46 Fanny
42 Felicle
57 Grier
48 Janka
42 Marthena
50 Mead
38 Mechelle
45 Reyna
45 Sib
Started!
95 Amelina
94 Bliss
91 Calla
90 Daveen
98 Emmeline
92 Fernandina
85 Florencia
87 Gilberta
88 Janetta
87 Juliana
100 Lina
94 Maxy
96 Mufi
86 Rachel
94 Shayna
93 Toni
Started!
27 Annora
35 Aurora
27 Barb
24 Carri
26 Elmira
23 Elsey
31 Emmie
35 Fey
33 Ginnifer
30 Jacquelyn
35 Jacynth
30 Kary
24 Margaret
32 Tamarah
27 Verena
35 Veronika
Started!
10 Aigneis
1 Alicea
6 Cassi
3 Dolly
3 Golda
7 Guendolen
1 Hettie
7 Idell
5 Kaylil
9 Liza
11 Maggy
5 Meggi
7 Ofilia
8 Oralee
10 Sadye
6 Sorcha
Started!
70 Aidan
79 Alidia
64 Alika
77 Alyce
69 Amitie
64 Blondie
63 Briny
71 Darice
61 Lorena
79 Maybelle
80 Michel
64 Nikaniki
71 Rosmunda
77 Vally
63 Vivian
62 Zorah
Started!
56 Ainslee
68 Ariel
69 Austin
53 Averil
54 Brianne
67 De
51 Fidela
58 Gwyneth
65 Katalin
60 Liv
56 Mabelle
60 Neely
66 Pammie
56 Phillida
58 Rodina
58 Winonah
Started!
95 Brittany
77 Daniella
95 Dreddy
79 Frederica
81 Gussie
90 Jemmie
83 Lolly
89 Lucia
90 Merl
80 Nadine
80 Neile
80 Olwen
83 Rosalinda
78 Suzi
95 Winnah
87 Wynne
Started!
16 Aleen
17 Aline
22 Celle
13 Christal
17 Crystie
14 Francine
24 Gerianne
15 Honor
26 Julianne
13 Kara-Lynn
24 Magda
18 Rebe
19 Rhonda
18 Stefa
12 Suzie
17 Zabrina
Started!
40 Annice
42 Blinny
44 Cordy
49 Hatti
56 Issy
49 Jenni
49 Kailey
39 Karita
44 Leodora
50 Rosamund
47 Sapphira
53 Selma
49 Tybi
50 Viole
43 Wenonah
39 Zorine
Started!
32 Adan
33 Anneliese
27 Ardisj
33 Basia
31 Bel
27 Cosetta
30 Feodora
34 Flossie
38 Francesca
37 Heath
32 Lindsey
32 Nadeen
35 Sibyl
32 Sibylle
38 Stacey
33 Valerye
Started!
70 Alaine
69 Bernardina
74 Breanne
79 Caro
67 Cecilla
64 Ellynn
66 Ethelda
66 Giselle
73 Kaila
70 Kerri
74 Merissa
73 Moreen
82 Sephira
74 Shantee
65 Sheree
66 Stephana
Waiting!
100 Evangelia
100 Joelie
99 Letti
91 Lisa
100 Marti
100 Sonia
99 Tresa
95 Valina
Started!
70 Amabel
71 Camella
59 Carolee
67 Christi
67 Edee
53 Flora
60 Flori
58 Gusty
61 Ilysa
59 Ina
57 Jody
54 Kevyn
61 Margarethe
63 Mureil
71 Nerte
56 Shalne
Started!
45 Alissa
36 Celestine
28 Darleen
46 Dominga
46 Elisabet
29 Hatty
40 Ivette
27 Janna
29 Joellen
32 Josephina
39 Julissa
37 Lacy
28 Seka
46 Sophie
32 Sybila
36 Zarah
Waiting!
46 Arabele
39 Deina
49 Dione
44 Elenore
47 Genia
49 Jacquie
48 Jessalyn
49 Sibylla
Waiting!
19 Celina
20 Dagmar
20 Dorolisa
8 Dory
9 Erika
17 Harri
14 Jaquelin
20 Katie
15 Kizzie
16 Melessa
19 Mildrid
21 Simonette
18 Trudie
Waiting!
86 Amber
86 Bert
79 Candra
80 Charlene
88 Hortensia
84 Idalia
89 Katheryn
85 Keely
85 Lotti
86 Margaretha
83 Randie
82 Sammy
83 Sarita
Waiting!
6 Austine
4 Coretta
1 Dalia
6 Frayda
5 Teddie
Waiting!
73 Anne-Corinne
76 Jaymee
72 Maribelle
72 Nanni
74 Roseann
Waiting!
35 Gui
38 Leticia
38 Prudence
