Started!
69 Glenine
81 Harmonie
82 Jada
73 Karalee
72 Lanni
72 Marion
69 Marje
64 Ralina
79 Shena
66 Trudi
83 Wendie
Started!
54 Agathe
56 Arabele
64 Ella
61 Emmie
48 Geraldine
58 Joeann
54 Margaret
57 Nancy
62 Natassia
58 Odelinda
55 Ronalda
Started!
37 Aryn
35 Babbette
38 Brenn
44 Calla
34 Carlita
44 Emmeline
44 Jo-Anne
48 Lorain
38 Lorrayne
44 Reena
38 Tana
Started!
25 Corenda
22 Doroteya
21 Eddy
24 Erminia
26 Fanny
31 Fayina
27 Ginnifer
21 Rici
27 Sheryl
21 Valentia
33 Xena
Started!
15 Benedetta
20 Berri
13 Briny
22 Clarette
19 Daisy
16 Danika
21 Elfrida
14 Fidelity
19 Kerry
16 Lindi
16 Morgen
Started!
98 Abigael
98 Ariadne
94 Callie
97 Corina
85 Eadie
94 Ethelind
88 Marie-Jeanne
86 Marja
94 Nonah
92 Ranna
84 Talya
Started!
7 Aleen
8 Beatrice
8 Chelsy
2 Eden
2 Lulita
9 Marget
2 Rosemaria
10 Roxanna
2 Shawna
2 Sheila-Kathryn
1 Tiff
Started!
91 Adelle
100 Amabel
98 Carma
96 Celestine
90 Danila
90 De
100 Dorolisa
98 Drusy
94 Fionna
94 Laural
96 Rosamund
Started!
87 Barbra
83 Blondie
76 Cheri
79 Daloris
78 Dayna
83 Karisa
76 Latrena
88 Lindsey
87 Moira
78 Phillie
77 Sadye
Started!
65 Andy
71 Felicdad
71 Fredericka
65 Gabbi
68 Gabie
64 Gwyneth
66 Helen-Elizabeth
67 Jacynth
72 Janet
69 Jocelyn
77 Tracie
Started!
51 Aime
44 Aurora
36 Fidela
47 Gabrielle
39 Genevieve
37 Karlee
40 Michele
45 Phillida
50 Rosa
51 Suzy
44 Trix
Started!
21 Ainslee
16 Aline
28 Astrid
32 Daniella
25 Elberta
29 Evie
31 Gizela
30 Mei
26 Rhonda
27 Roxie
32 Vin
Started!
19 Amalie
13 Glen
19 Inessa
13 Kristyn
21 Millie
17 Netti
12 Nita
16 Olva
3 Rania
12 Salli
6 Susanna
Started!
89 Andeee
80 Carlynn
82 Emmye
89 Fifi
97 Ilysa
88 Jolee
87 Loren
94 Petunia
90 Raychel
78 Scarlett
87 Sophie
Started!
64 Alana
53 Darbie
65 Deane
66 Deeyn
58 Golda
53 Guenevere
61 Lebbie
66 Lorene
50 Pammie
47 Sherye
56 Shoshanna
Waiting!
51 Alecia
43 Annette
41 Britteny
44 Charleen
50 Emilie
40 Jennine
36 Konstance
39 Winnie
Waiting!
65 Danya
60 Jolene
72 Kiri
70 Rebeca
73 Sena
Waiting!
98 Joye
100 Marylou
Waiting!
26 Leodora
23 Valerye
Waiting!
56 Alicea
59 Gabrila
Waiting!
86 Nerta
88 Sibyl
