Started!
25 Bobette
29 Brandais
29 Cristen
44 Dorisa
28 Elisa
38 Hyacintha
38 Leonanie
28 Marylee
34 Nat
36 Rebecka
Started!
23 Alli
21 Dagmar
15 Georgia
8 Julita
12 Kirby
6 Letizia
10 Mehetabel
4 Merl
14 Myrtie
5 Sunshine
Started!
96 Cleopatra
90 Daron
80 Dede
97 Elsey
83 Evanne
83 Fred
98 Heidie
83 Kristel
92 Marylin
96 Zea
Started!
78 Carla
75 Garnet
80 Janette
77 Lexi
74 Margot
74 Marguerite
85 Marketa
79 Petunia
87 Rani
78 Victoria
Started!
46 Ara
57 Darcey
51 Florie
55 Janeta
52 Jessie
47 Laurel
45 Lotte
58 Marlee
53 Trista
57 Zorah
Started!
70 Adan
70 Ardith
63 Arlyn
65 Carlye
59 Latisha
56 Marley
75 Mindy
66 Naoma
76 Sharia
62 Wendy
Started!
15 Amalle
15 Darci
7 Erica
8 Gertrud
14 Marjy
17 Olwen
7 Salli
17 Twila
10 Ursa
13 Vernice
Started!
84 Afton
98 Caty
89 Darcy
90 Gizela
93 Imogen
94 Johnath
93 Norry
88 Phillie
94 Rebekah
99 Shawnee
Started!
2 Alvira
10 Casey
4 Elonore
2 Halette
7 Joane
6 Leone
3 Lidia
10 Margi
11 Mira
4 Norina
Started!
41 Aryn
45 Cindi
41 Fanechka
38 Ibby
54 Janeen
52 Julie
45 Lanae
43 Lilllie
41 Salaidh
40 Tera
Started!
79 Aidan
79 Glennie
74 Jeannine
75 Juliann
82 Lorianna
79 Phyllida
90 Riane
75 Rosanne
80 Savina
89 Tatiania
Started!
40 Anthea
27 Cristin
24 Dita
23 Fancie
22 Gretel
34 Josi
22 Neysa
26 Rose
32 Rosetta
31 Ruthe
Started!
18 Annnora
18 Candice
9 Cybil
15 Florina
8 Gwenneth
23 Joanie
18 Reba
18 Tallie
16 Vinny
27 Xylia
Started!
99 Addi
90 Charmane
91 Fiann
95 Gerhardine
89 Katheryn
99 Leda
92 Maressa
89 Stephine
90 Tallulah
94 Verina
Started!
56 Arabella
51 Darryl
52 Elwira
43 Flo
54 Gwendolen
43 Jaquith
43 Karly
57 Vitoria
47 Wenona
44 Wilma
Started!
68 Anna-Maria
72 Annetta
63 Britni
66 Elaina
67 Elspeth
70 Feliza
62 Genny
74 Lezlie
67 Lia
66 Louisette
Started!
49 Cordi
32 Emmalyn
40 Honor
31 Kirsti
30 Marillin
48 Marion
40 Nancee
37 Rianon
50 Sandie
44 Shauna
Started!
8 Anastassia
2 Beth
10 Colleen
7 Gretta
9 Mufinella
5 Nicoli
4 Ora
1 Ree
10 Tabbatha
7 Tally
Started!
22 Charis
28 Hailee
27 Kesley
20 Lexine
24 Lotti
23 Mallory
16 Manda
16 Nanice
33 Rayshell
15 Ronny
Started!
68 Adi
59 Charisse
78 Elnore
59 Francene
78 Gwyneth
74 Kania
69 Kissiah
74 Moreen
72 Orel
77 Ruthann
Started!
83 Aliza
86 Celestyna
93 Dionne
89 Evangelia
89 Fina
87 Jacintha
81 Jennine
84 Leodora
84 Pavla
84 Rea
Started!
91 Alane
98 Allx
96 Ashleigh
99 Brigitte
98 Charlene
94 Lilith
98 Lucky
94 Marti
100 Nessa
100 Paolina
Started!
49 Adeline
53 Carmine
36 Cinderella
47 Ede
53 Edi
53 Edwina
45 Gertrude
42 Idell
43 Lorenza
40 Sybille
Started!
19 Adiana
5 Clarita
4 Conny
12 Darelle
14 Hildy
23 Joella
19 Nessi
6 Phyllys
22 Sapphire
17 Sherry
Started!
57 Adey
66 Bobina
61 Constancy
56 Esma
67 Inga
52 Iris
59 Joana
57 Jourdan
56 Malinda
55 Sallyanne
Waiting!
34 Ardath
29 Belvia
30 Carolee
30 Judith
31 Kayla
28 Leela
34 Lela
43 Ola
43 Rivalee
Waiting!
78 Berty
70 Brear
73 Ekaterina
71 Hillary
70 Kaja
80 Karola
83 Layla
Waiting!
92 Dody
86 Emylee
93 Mariann
86 Stacee
91 Tisha
Waiting!
48 Maurizia
Waiting!
23 Eda
15 Erma
9 Kaylee
18 Willamina
