Started!
83 Barbie
86 Charmian
84 Constantia
92 Danna
98 Eleonore
86 Elysia
93 Giulia
90 Jessamyn
99 Karia
83 Lyndell
89 Madel
82 Marice
95 Merrile
80 Priscilla
97 Roxi
87 Saraann
99 Saudra
81 Shanon
95 Stephana
Started!
1 Beatrice
15 Bel
6 Bernetta
5 Bunnie
3 Codi
6 Colleen
7 Dannie
1 Genevieve
3 Hildegaard
9 Keeley
1 Koren
1 Maybelle
9 Mildrid
2 Olga
4 Rachael
3 Ros
7 Sharlene
3 Stephanie
16 Veronica
Started!
59 Angelina
61 Beverley
65 Birgit
68 Cammi
72 Coleen
75 Fanchette
67 Fianna
63 Giustina
63 Gnni
62 Grazia
68 Harlene
62 Harriet
55 Henriette
72 Joelly
62 Lulu
62 Opaline
74 Phyllys
60 Romona
72 Tatiania
Started!
71 Arden
76 Auroora
78 Bunny
82 Carlynn
74 Corri
74 Daune
69 Lucita
83 Matelda
82 Melosa
74 Rhonda
69 Roberta
87 Rosa
72 Ruby
73 Sheree
69 Sydelle
81 Tedda
84 Tonia
80 Venus
77 Zia
Started!
20 Annadiane
21 Anne-Marie
21 Britney
26 Cecile
30 Georgeanna
22 Kathie
20 Kessia
27 Kristan
23 Kristien
21 Lois
22 Michel
24 Monica
24 Nixie
24 Peggi
21 Tandy
29 Teri
13 Tresa
18 Veriee
16 Viviene
Started!
50 Anallise
53 Ceciley
47 Claudetta
54 Corine
47 Deloris
45 Dory
46 Fionna
52 Francene
45 Francesca
44 Jacenta
49 Jacinta
47 Joey
42 Karie
49 Loreen
35 Lotty
42 Marcia
38 Marge
43 Oralla
38 Wendie
Started!
35 Alysia
33 Annadiana
31 Barbra
30 Binnie
32 Birgitta
27 Brianne
42 Brina
25 Carey
44 Catlaina
44 Frederica
33 Freida
39 Golda
24 Imogen
34 Jeanette
34 Karel
32 Linet
34 Nikki
34 Orly
43 Wini
Waiting!
91 Ashely
99 Claudelle
100 Daniela
94 Dyana
99 Etta
93 Hestia
91 Joeann
100 Lanie
89 Lauren
94 Lotte
96 Selie
99 Sher
99 Tasia
94 Wendy
98 Xylina
Started!
56 Aggie
54 Ambur
62 Cyndi
54 Davida
57 Dolley
66 Doti
46 Elvira
57 Helyn
61 Jaimie
48 Marcellina
61 Margarette
55 Nanci
56 Rania
65 Rebekkah
66 Reeba
64 Renell
61 Rosalie
52 Toni
62 Tove
Waiting!
9 Addie
2 Amanda
1 Aubry
3 Chanda
9 Chantal
12 Daryl
5 Farra
3 Harmony
5 Karlene
6 Kim
3 Kirstin
2 Murial
10 Willi
Waiting!
22 Agnese
20 Bryana
21 Candra
20 Carroll
16 Danit
19 Emili
17 Enid
18 Janessa
27 Lacey
18 Lindsay
20 Margeaux
21 Milena
31 Mora
23 Octavia
19 Tisha
23 Willa
20 Zorina
Waiting!
79 Emeline
87 Hope
80 Laura
82 Loretta
88 Renae
81 Sue
79 Sydney
Waiting!
50 Angy
47 Arlie
53 Dotti
54 Enrica
46 Kai
59 Leann
46 Lizbeth
49 Maurine
53 Phedra
60 Phylis
60 Sella
51 Sioux
52 Sisile
43 Wendye
Waiting!
74 Amalee
75 Carole
70 Diandra
66 Emelda
68 Fredi
77 Shantee
75 Willetta
Waiting!
63 Corene
63 Cornelle
Waiting!
33 Berny
