Started!
14 Agace
4 Aindrea
16 Ange
19 Angel
14 Aubrie
11 Austin
14 Barry
5 Blithe
19 Blondelle
19 Dana
15 Deidre
24 Erika
21 Feliza
10 Honoria
11 Imogene
8 Jilly
14 Jobina
24 Karoline
7 Kerrin
23 Lilyan
16 Paulie
5 Roshelle
14 Suki
12 Tammie
12 Vida
Started!
51 Annabel
41 Arleen
47 Barbette
38 Brandie
35 Britta
39 Dasi
34 Dedra
47 Elyssa
53 Gabriel
39 Gae
43 Holly
49 Idalia
35 Katheryn
46 Kerri
50 Laurice
39 Lethia
48 Libbi
38 Lucky
49 Malinda
48 Minette
45 Nolana
53 Paloma
45 Rosabella
51 Tedra
47 Thekla
Started!
32 Betsey
23 Bettina
27 Bride
24 Brigida
34 Conchita
32 Dora
19 Elspeth
35 Enid
38 Gracia
28 Kari
36 Kristan
19 Leoline
29 Lindsey
24 Marie-Jeanne
28 Miriam
26 Nance
21 Rheba
31 Rosie
34 Sadella
32 Sharron
25 Stefanie
28 Stella
32 Theresa
38 Torrie
26 Winny
Started!
85 Alene
71 Amalea
68 Ame
79 Angelique
69 Angy
82 Ashley
81 Elberta
83 Eleanor
83 Elke
79 Ellene
78 Evelina
77 Felisha
77 Gayleen
77 Gilberte
82 Hedwiga
82 Holli
77 Janine
78 Kally
80 Karola
70 Liana
71 Lorry
78 Marcella
82 Maridel
86 Olympe
70 Orel
Started!
97 Alaine
97 Alissa
93 Billy
99 Cara
94 Carlen
92 Charmaine
91 Cleopatra
99 Doralyn
89 Dorothy
96 Ealasaid
97 Ethelin
96 Fredrika
91 Kaylil
95 Lee
91 Mae
98 Malorie
96 Natka
98 Nonie
93 Rosemarie
88 Salomi
96 Shandee
98 Sharl
89 Sheela
95 Ted
98 Zita
Started!
56 Addi
64 Adela
66 Carolin
71 Clarie
64 Darcey
57 Dionis
61 Dodie
66 Emalia
60 Estel
60 Frieda
67 Jaclin
65 Lavinie
58 Lela
61 Marcile
71 Mariana
61 Mellisent
63 Merrily
63 Murielle
57 Nissie
57 Randie
64 Sandye
59 Stacie
55 Theo
74 Tiertza
69 Valentina
Waiting!
11 Amandy
1 Daveen
3 Fara
8 Johnath
2 Karin
5 Karlyn
8 Kial
1 Lora
4 Nissa
9 Sarena
8 Sharai
11 Sher
11 Valerye
Waiting!
81 Astrix
77 Beatrisa
73 Bella
75 Bendite
87 Bette
78 Caresse
89 Dorine
82 Dulce
74 Emlynn
77 Emmy
78 Ingaborg
88 Isa
74 Leland
76 Leontyne
80 Pennie
90 Robina
88 Sarette
85 Susan
Waiting!
17 Benedetta
23 Cathee
13 Myranda
23 Vale
Waiting!
50 Abagael
43 Belita
43 Candide
48 Dode
52 Dyane
50 Eddi
57 Guillema
40 Harriet
45 Jaimie
43 Josee
40 Joye
48 Lissie
59 Lyssa
59 Margaretta
41 Maryanne
46 Melesa
41 Merrie
54 Orelia
43 Prudi
43 Shena
43 Shirlee
Waiting!
69 Analiese
69 Clementina
63 Greta
66 Gretal
61 Hyacinthe
62 Ida
61 Tarrah
61 Yalonda
Waiting!
97 Brigitta
95 Christine
99 Herta
96 Krystle
92 Marlie
98 Meryl
94 Shanie
91 Willow
96 Yolanthe
Waiting!
24 Shannah
Waiting!
37 Becca
37 Ranice
36 Wallie
