Started!
6 Birgitta
9 Dennie
7 Elvera
6 Enrika
8 Fan
12 Felecia
16 Francyne
4 Garnette
12 Gray
14 Grier
1 Gussy
6 Harriot
7 Hillary
12 Imelda
14 Julienne
2 Karlie
14 Kaye
14 Lil
3 Lucila
6 Magdalen
7 Martita
12 Paulie
13 Prisca
10 Rebecka
4 Tabatha
1 Toni
2 Verla
7 Yolanda
4 Zitella
Started!
21 Auguste
25 Bryn
27 Carie
23 Cassandry
15 Charline
18 Cora
32 Dori
32 Dorotea
35 Jessi
21 Johnath
26 Juliann
29 Klara
32 Kristal
32 Krystal
34 Leoine
23 Liliane
34 Lucinda
21 Maud
20 Meggi
27 Michal
32 Ofilia
18 Oralle
23 Penny
34 Petrina
29 Randee
30 Sherilyn
19 Theressa
34 Ulrike
32 Vivian
Waiting!
91 Ameline
93 Anallise
91 Avrit
98 Casie
99 Cherilynn
98 Correy
99 Diane
89 Dinnie
97 Dorita
94 Ellette
89 Josey
96 Lexy
97 Lorilee
89 Melodie
97 Michaeline
90 Micheline
97 Michelle
97 Odette
95 Orel
94 Phyllis
95 Raina
98 Rhona
95 Robyn
97 Rorie
98 Ruthe
92 Sybilla
90 Valaria
Started!
54 Arabela
63 Carlita
47 Carolyn
60 Cassy
52 Cathyleen
59 Codi
59 Colette
52 Collie
65 Donella
55 Doris
67 Genevieve
54 Jennie
66 Kathleen
48 Lura
65 Madonna
57 Mallorie
52 Marcelia
64 Margaret
63 Maria
67 Mariya
51 Marnie
62 Megen
62 Melisent
48 Mina
57 Nicky
51 Pierette
58 Rodi
55 Shalna
61 Sylvia
Started!
73 Aidan
74 Althea
74 Andria
82 Blondelle
78 Cindee
71 Clarey
73 Danell
78 Dulcie
83 Eveline
78 Julia
81 Kalina
80 Karyn
78 Kati
73 Kayley
78 Marthena
82 Maurine
70 Mitzi
83 Myranda
75 Natividad
70 Nicolette
77 Ola
80 Opal
68 Rosabella
70 Sophia
82 Sybille
69 Violet
80 Willabella
81 Winni
80 Xaviera
Waiting!
36 Alexina
46 Anna-Maria
45 Aridatha
40 Brianne
40 Carree
39 Clarissa
45 Dominique
37 Dyan
36 Ethyl
36 Iseabal
36 Jess
42 Karalee
41 Lauren
41 Leoline
36 Lorianne
39 Margarete
38 Ramonda
37 Reggi
36 Romy
43 Shoshanna
37 Tootsie
Waiting!
86 Abby
87 Alex
86 Arabel
77 Ardeen
85 Birdie
85 Claretta
87 Dosi
79 Elayne
85 Elberta
80 Malorie
85 Mariquilla
84 Nissy
85 Ofella
Waiting!
70 Adah
69 Angeline
68 Bernelle
64 Binny
72 Corabella
54 Dorice
61 Emera
74 Gwendolen
57 Ilyse
65 Jolie
66 Kathie
60 Leticia
54 Naoma
63 Patrica
57 Rena
Waiting!
5 Bab
10 Cherice
14 Demetris
6 Laural
8 Ralina
10 Tania
10 Veradis
Waiting!
52 Fulvia
51 Glenine
Waiting!
76 Sandra
