Waiting!
71 Adelle
78 Ange
71 Cesya
62 Dominique
61 Gillan
77 Leontine
69 Lydia
78 Mable
70 Michaeline
59 Noel
72 Sara
67 Shawna
Waiting!
98 Clementine
90 Dacie
90 Prisca
91 Rodi
91 Torrie
91 Willabella
Waiting!
34 Allene
26 Carlotta
35 Charin
36 Diane
42 Dominica
44 Dulcie
41 Kalina
24 Kathleen
42 Lenee
34 Lynnea
33 Nertie
37 Tyne
Waiting!
85 Barby
87 Jenine
87 Kaye
82 Melisent
81 Nixie
87 Ofilia
82 Reba
85 Tonye
Waiting!
10 Chrystel
17 Mara
1 Marybelle
1 Meaghan
2 Nananne
2 Natalina
5 Paulita
Waiting!
52 Gabriella
58 Ronnie
58 Theressa
Waiting!
46 Estelle
Waiting!
22 Deva
23 Karlie
