Started!
69 Auroora
63 Bobine
70 Cally
80 Cammi
77 Carrissa
74 Cathy
83 Cecile
67 Cesya
70 Clementia
74 Corinne
66 Genevieve
80 Haily
71 Kessia
80 Letti
64 Murielle
74 Neilla
73 Olive
73 Ray
73 Shena
77 Tasia
70 Tatum
80 Teri
80 Zarah
Started!
15 Ailene
19 Ailis
19 Ali
17 Birgit
23 Bobbie
17 Bonita
12 Cilka
9 Daile
16 Dorella
19 Eloisa
13 Estrellita
7 Georgette
24 Gretal
8 Kathrine
23 Kristien
25 Krystalle
24 Laryssa
12 Lesli
6 Linette
13 Meridith
15 Mona
17 Nita
6 Verena
Started!
50 Alla
54 Beatrice
35 Beatrix
38 Beret
53 Carey
46 Cherilyn
42 Cleopatra
42 Damita
44 Felicity
53 Georgetta
47 Guenna
55 Henriette
48 Jamima
38 Joni
53 Kelci
45 Lulu
43 Maitilde
42 Marissa
50 Mildrid
55 Pansy
45 Poppy
39 Siouxie
43 Waly
Started!
31 Alida
37 Ardella
33 Aridatha
31 Arlyne
30 Barbey
30 Berget
33 Callie
27 Camila
28 Candra
39 Carlotta
32 Dorolisa
32 Dyanna
26 Elaine
31 Elysia
28 Emiline
28 Esma
28 Fannie
35 Jesselyn
29 Leanora
30 Novelia
27 Pen
31 Rebekkah
32 Stephenie
Started!
90 Adorne
84 Arlee
96 Barbara-Anne
90 Bridget
91 Dennie
80 Diane-Marie
88 Gaynor
86 Jayme
92 Jerrie
88 Joellen
93 Julieta
86 Julina
94 Kaja
92 Kimmy
86 Lesya
93 Loree
94 Masha
96 Melba
79 Rhonda
79 Roanne
89 Rosamund
95 Shina
91 Starla
Started!
88 Adelice
100 Agnella
97 Amandie
100 Carma
98 Cheslie
97 Donny
92 Eden
100 Eyde
100 Ingeborg
100 Kathryne
96 Lelia
91 Leola
98 Lilllie
95 Lonnie
89 Lydie
91 Mollee
97 Monica
90 Oralia
88 Orsa
100 Queenie
100 Rosalia
98 Tammy
93 Verina
Waiting!
3 Ame
4 Amye
11 Delly
9 Elli
1 Gustie
1 Gwendolin
5 Hope
8 Iolanthe
1 Kelcie
2 Lacey
1 Leone
10 Linzy
11 Lorilyn
3 Mara
4 Margie
1 Neila
7 Sascha
3 Tove
4 Tracey
2 Wini
Started!
57 Bianka
68 Bunni
50 Carole
59 Constancy
53 Danna
61 Debera
60 Doe
57 Edin
64 Emeline
53 Gaye
66 Joly
57 Korrie
60 Lorne
62 Lyssa
61 Maure
59 Melantha
69 Mickie
55 Millicent
58 Pierette
63 Robena
61 Sioux
49 Stoddard
57 Yasmeen
Waiting!
40 Alysia
44 Analiese
52 Arlinda
45 Barb
40 Brynna
49 Cacilie
49 Cari
42 Christabella
51 Corinna
42 Crin
47 Enrica
44 Felita
38 Heloise
40 Joline
46 Jyoti
34 Korie
50 Marlane
52 Mechelle
45 Morganne
43 Noreen
34 Petra
39 Rebe
Started!
81 Adrian
80 Aime
72 Beulah
75 Brandice
61 Caryl
73 Catlee
61 Claudina
79 Dolley
72 Dorisa
71 Evie
72 Freida
70 Gertrud
63 Glennis
61 Ibbie
72 Jessalyn
74 Jessamine
78 Linn
79 Lucila
76 Mandi
76 Natassia
81 Rosalyn
70 Rozanne
81 Willi
Waiting!
91 Amanda
89 Cathyleen
87 Elfie
84 Faydra
87 Flori
80 Gusella
94 Jade
82 Kath
92 Leonelle
87 Lorraine
96 Nanon
86 Roxana
92 Rubetta
86 Terri
Started!
21 Allyce
20 Candide
14 Diandra
12 Dionis
16 Ermentrude
14 Geralda
19 Juanita
23 Karleen
22 Lanie
14 Lavinia
13 Lorrie
16 Luz
21 Marya
13 Melloney
19 Ortensia
26 Persis
26 Riannon
16 Robby
21 Roxie
19 Rozina
16 Shay
12 Terry
26 Trudy
Waiting!
60 Agnes
59 Ashly
60 Candie
56 Danita
57 Etta
62 Jo-Anne
65 Maia
60 Reggie
Waiting!
32 Alysa
30 Celinka
30 Georgeta
28 Gwenette
24 Mureil
31 Tera
Waiting!
98 Cathi
100 Sal
Waiting!
71 Carmela
75 Genny
75 Lauree
75 Merry
72 Paloma
Waiting!
15 Brittni
16 Issi
16 Mab
