Started!
22 Rori
Started!
62 Mair
Started!
57 Emeline
Started!
79 Hildagard
Started!
72 Mandie
Started!
70 Elisabeth
Started!
50 Sybilla
Started!
8 Tish
Started!
76 Kesley
Started!
21 Dionne
Started!
52 Guglielma
Started!
54 Susann
Started!
42 Trudi
Started!
27 Stella
Started!
97 Brenda
Started!
1 Herminia
Started!
23 Carola
Started!
43 Marillin
Started!
4 Holli
Started!
75 Dulcie
Started!
64 Clotilda
Started!
92 Gavrielle
Started!
88 Bathsheba
Started!
99 Lorna
Started!
71 Hedda
Started!
45 Addi
Started!
64 Eada
Started!
19 Elyn
Started!
90 Anselma
Started!
87 Lexi
Started!
33 Angelita
Started!
44 Melodie
Started!
77 Jolie
Started!
91 Rosalynd
Started!
63 Zaneta
Started!
30 Consuelo
Started!
48 Genna
Started!
89 Marielle
Started!
12 Caty
Started!
92 Lauree
Started!
78 Amabel
Started!
79 Adelle
Started!
24 Tally
Started!
15 Marieann
Started!
80 Caroljean
Started!
70 Selestina
Started!
59 Shelly
Started!
81 Flossi
Started!
20 Florence
Started!
75 Fawne
Started!
60 Carolee
Started!
73 Elvina
Started!
83 Chanda
Started!
25 Gilly
Started!
11 Karlie
Started!
52 Bari
Started!
90 Randee
Started!
75 Eryn
Started!
4 Ariel
Started!
36 Andy
Started!
40 Dorothee
Started!
85 Lulu
Started!
35 Ernestine
Started!
31 Clarita
Started!
83 Leyla
Started!
69 Sisely
Started!
34 Deni
