Started!
12 Arlette
22 Ashely
19 Brenda
24 Crystie
9 Cyndia
14 Dasya
17 Katrina
20 Laurie
25 Layla
21 Leigha
10 Lilah
14 Mary
5 Minna
15 Nadia
14 Natka
18 Paulita
21 Sasha
20 Sissie
21 Sorcha
19 Torrie
Started!
68 Ailey
57 Ardith
59 Barbaraanne
63 Carmen
60 Courtenay
64 Cristi
61 Erinn
52 Jenny
55 Joya
65 Laurena
60 Maighdiln
69 Maridel
49 Melisse
63 Myrlene
53 Nataline
55 Odelia
57 Stefania
57 Teressa
68 Vinnie
53 Wynne
Started!
77 Abbi
72 Anestassia
89 Aundrea
87 Eadie
80 Ernesta
87 Frederique
78 Goldina
77 Inge
77 Lia
74 Lorita
80 Lorna
81 Maude
82 Nicoline
79 Oneida
83 Rochella
80 Rozella
86 Ruthanne
85 Taffy
81 Toinette
78 Wren
Waiting!
37 Agnese
40 Cassondra
46 Estele
36 Lesli
38 Maddy
47 Maurizia
45 Merilyn
39 Neilla
36 Rosy
44 Sharity
41 Shelbi
40 Sydel
46 Valerie
Waiting!
95 Angela
94 Bathsheba
96 Chlo
97 Holli
99 Idette
98 Korney
91 Nonie
90 Shaylyn
Waiting!
11 Elana
8 Nettie
2 Pavla
Waiting!
30 Ailina
29 Brenna
27 Brynna
26 Georgeanne
22 Harli
30 Nina
Waiting!
56 Eudora
64 Glenine
59 Gloriane
60 Micki
Waiting!
73 Erma
