Started!
9 Florentia
19 Flori
29 Rubina
Started!
40 Auberta
47 Dore
52 Kattie
Started!
70 Amalea
64 Calida
71 Dodi
Started!
97 Agata
89 Katlin
88 Noni
Started!
7 Arlina
16 Gabbi
16 Lora
Started!
80 Delly
73 Eba
70 Leesa
Started!
54 Bobina
51 Corny
44 Rozina
Started!
29 Gusti
39 Lillian
34 Saundra
Started!
18 Marjy
23 Opalina
27 Petronella
Started!
70 Arda
80 Fionna
84 Jamima
Started!
33 Cinderella
30 Cindie
30 Vanda
Started!
87 Carina
92 Cybil
95 Timmi
Started!
40 Gnni
39 Gwendolen
34 Rici
Started!
25 Adara
20 Camala
26 Maude
Started!
43 Carlee
42 Kass
44 Selia
Started!
4 Cordula
10 Delcine
10 Joya
Started!
68 Bunni
66 Magdaia
66 Noami
Started!
52 Ingeberg
50 Shara
54 Siana
Started!
93 Marilyn
94 Sari
100 Trenna
Started!
79 Dalia
79 Gray
77 Nanci
Started!
33 Averil
28 Cristal
38 Guinna
Started!
20 Aryn
20 Bethany
21 Olympia
Started!
46 Junie
44 Mariel
49 Nolana
Started!
12 Fredi
17 Illa
11 Karilynn
Started!
54 Janaya
46 Malina
37 Talya
Started!
30 Amata
33 Gay
34 Hilliary
Started!
45 Charlene
45 Gelya
41 Lolita
Started!
70 Dagmar
70 Jori
62 Kenna
Started!
87 Con
88 Easter
89 Kirsteni
Started!
88 Betty
93 Jessica
98 Pat
Started!
58 Jolynn
56 Loren
48 Mair
Started!
3 Ernaline
4 Gilly
11 Jeanna
Started!
45 Berenice
35 Dorelle
43 Melitta
Waiting!
7 Dorise
4 Ulrikaumeko
Started!
84 Elizabet
78 Ema
88 Tallulah
Started!
85 Abigail
75 Alisun
84 Laryssa
Started!
29 Courtnay
30 Diannne
34 Zena
Started!
88 Becca
93 Darci
98 Eolanda
Waiting!
68 Mureil
Started!
44 Abigael
37 Audie
42 Mandi
Waiting!
53 Audrey
