Started!
84 Michelle
Started!
73 Rosalyn
Started!
22 Babara
Started!
62 Kattie
Started!
76 Blinni
Started!
45 Winna
Started!
81 Melisandra
Started!
44 Calida
Started!
61 Hayley
Started!
41 Theressa
Started!
42 Florentia
Started!
83 Dasi
Started!
59 Winonah
Started!
4 Constantina
Started!
37 Angelia
Started!
92 Harrie
Started!
74 Nanette
Started!
93 Shelley
Started!
26 Brittan
Started!
20 Beth
Started!
97 Gusti
Started!
44 Sal
Started!
19 Sherie
Started!
36 Xylia
Started!
41 Mildred
Started!
92 Dasya
Started!
25 Rozina
Started!
100 Carrissa
Started!
7 Issie
Started!
69 Karina
Started!
76 Loren
Started!
62 Fulvia
Started!
3 Germain
Started!
6 Pauletta
Started!
61 Rebeca
Started!
53 Bridie
Started!
93 Sibylle
Started!
77 Krista
Started!
79 Edithe
Started!
65 Jojo
Started!
94 Loralie
Started!
99 Stafani
Started!
64 Austine
Started!
30 Hillary
Started!
43 Camille
Started!
43 Shalne
Started!
45 Karine
Started!
4 Joya
Started!
86 Ingeberg
Started!
97 Marilyn
Started!
78 Gerda
Started!
97 Biddy
Started!
51 Guinna
Started!
18 Charmion
Started!
7 Catlee
Started!
19 Bethany
Started!
32 Georgette
Started!
100 Jenny
Started!
46 Eddy
Started!
68 Junie
Started!
43 Olympia
Started!
55 Sari
Started!
7 Phyllida
Started!
59 Nolana
Started!
42 Franky
Started!
79 Ciel
Started!
78 Malina
Started!
82 Marlene
Started!
1 Diannne
Started!
93 Ailis
Started!
87 Lotty
Started!
65 Merrielle
Started!
72 Ellissa
Started!
80 Tanya
Started!
67 Merrili
Started!
53 Phedra
Started!
30 Melania
Started!
51 Marne
