Started!
62 Abbi
66 Corrie
60 Dian
72 Emilia
56 Jada
58 Lynda
63 Mary
71 Maureen
62 Morissa
70 Olivia
60 Tressa
Started!
15 Carmella
25 Debra
22 Dodi
8 Jena
18 Julienne
28 Kellen
18 Laureen
17 Lyndy
11 Madelene
24 Prue
21 Tawnya
Started!
75 Adriaens
82 Ange
78 Caressa
85 Daphene
83 Edin
81 Kaitlin
83 Kristina
87 Layney
78 Moina
74 Stephie
83 Timmy
Started!
50 Andi
55 Cyndie
51 Elysha
42 Glennis
48 Jenica
36 Maxy
38 Melinde
46 Pavia
40 Phelia
36 Philly
40 Roseann
Waiting!
88 Caralie
82 Giulia
99 Linet
98 Magdalena
92 Rebekah
88 Roda
82 Venus
91 Veronika
92 Winna
Started!
40 Averil
32 Daisy
33 Drucie
32 Eleen
45 Gisele
35 Linell
26 Ray
35 Sari
39 Thomasine
42 Ulrica
34 Wenonah
Started!
1 Amil
4 Aurelie
8 Faustine
4 Lacee
1 Lena
6 Margi
9 Marjy
11 Maryjane
5 Nariko
10 Salaidh
3 Sukey
Started!
62 Aurel
75 Brandy
67 Dori
62 Gennifer
65 Holly
60 Jaquenetta
62 Kailey
65 Lynsey
61 Marcella
74 Mellicent
67 Silva
Started!
50 Atlante
54 Blondie
45 Crystal
60 Dottie
53 Dre
53 Elfrieda
43 Giulietta
52 Ilyse
54 Joice
63 Margette
63 Ronalda
Started!
19 Anni
15 Cecilla
23 Claudia
20 Kalie
25 Livvyy
19 Maurizia
22 Nan
26 Pat
12 Randa
9 Shelby
22 Valery
Started!
72 Adrian
78 Audra
81 Fifi
80 Giralda
75 Gretal
73 Harli
70 Jan
78 Junia
71 Phyllys
76 Sherill
78 Starlene
Waiting!
69 Charisse
64 Gaby
57 Harley
61 Imojean
67 Katuscha
64 Magdaia
61 Netti
68 Valerye
Waiting!
37 Lana
42 Nelie
35 Shanta
Waiting!
53 Sisile
Waiting!
1 Kym
