Started!
4 Aarika
11 Averyl
16 Federica
13 Gustie
14 Jaquenetta
11 Jeni
17 Joy
2 Julina
9 Lyndsey
8 Mariel
12 Mel
5 Meridel
8 Mufinella
3 Philly
18 Reggi
Started!
45 Audrye
55 Brear
54 Carmella
47 Colly
41 Dulcie
37 Gretal
50 Kirbee
44 Maddie
37 Minnaminnie
48 Nani
45 Olga
35 Rasla
45 Rory
48 Verile
36 Vivie
Started!
32 Alberta
24 Amalia
24 Annadiane
32 Brandice
19 Carmina
30 Domini
32 Gertrudis
23 Hermine
31 Kimmi
29 Lorine
30 Ranee
20 Shana
28 Stormie
31 Tressa
25 Truda
Started!
89 Amalea
73 Carmelia
90 Devondra
90 Dorey
80 Dynah
80 Eryn
84 Flor
82 Florry
76 Lena
82 Malva
84 Mitzi
83 Rae
76 Rochette
75 Rosaleen
82 Rubie
Started!
95 Betteann
97 Briana
86 Chrystel
94 Daryl
98 Emelda
94 Engracia
97 Karee
94 Katherina
93 Lynett
95 Phyllys
99 Prisca
97 Roxana
89 Roxy
97 Sabina
90 Tera
Started!
66 Amalie
65 Anastassia
68 Anna-Diana
67 Brana
62 Darleen
65 Debra
66 Eirena
63 Giralda
64 Hyacintha
62 Jilleen
60 Kellen
62 Kristen
60 Maiga
63 Odelia
56 Petronella
Started!
69 Charity
63 Clarissa
74 Claudia
71 Dyanna
76 Essy
74 Joletta
79 Kara-Lynn
63 Lanae
77 Lu
73 Lulita
71 Marielle
63 Minnnie
69 Pris
64 Rivi
75 Tanya
Started!
20 Alexis
24 Amandy
25 Barby
33 Berthe
23 Cassie
15 Cherianne
22 Cloris
34 Daisi
26 Inez
28 Katuscha
33 Louisa
20 Melantha
22 Salomi
30 Sonny
34 Terrye
Started!
10 Bridie
10 Chiarra
14 Dulciana
19 Emmy
13 Ericha
8 Eunice
14 Gwendolin
12 Kelley
18 Korrie
8 Kym
8 Margery
18 Sonia
5 Stacie
18 Stepha
7 Yvette
Started!
43 Alika
53 Andriette
46 Aundrea
51 Beitris
48 Benedikta
58 Constance
55 Gleda
60 Gwyn
54 Lib
44 Marline
56 Merrilee
47 Ranique
47 Sissy
59 Tammara
60 Vikki
Started!
39 Angy
44 Aryn
51 Callida
42 Edith
40 Guinna
42 Jan
42 Kevina
36 Merrile
42 Merrily
34 Meryl
47 Milka
33 Odele
33 Olympia
33 Rea
39 Tatiana
Waiting!
11 Brianna
10 Danika
11 Emilee
2 Jaine
7 Krista
2 Loni
9 Malena
9 Mikaela
8 Nert
8 Sibley
2 Tasha
3 Valerye
9 Vickie
Started!
96 Adey
88 Angeline
96 Ardith
95 Bird
84 Dori
90 Fifi
91 Henrieta
88 Kaia
84 Katusha
86 Letti
91 Luce
91 Marijo
90 Marlene
96 Roxi
87 Trista
Waiting!
99 Avivah
94 Belicia
94 Clea
95 Dacey
99 Eilis
98 Fiorenze
94 Germana
97 Goldie
96 Kendra
89 Lorraine
93 Lucie
97 Magdaia
94 Merna
99 Wilhelmina
Started!
25 Anne
35 Ardenia
28 Brenda
29 Channa
18 Cynthie
28 Jeannette
30 Kettie
19 Lindy
20 Marci
20 Marni
25 Shayla
31 Theda
18 Thelma
21 Victoria
33 Yalonda
Started!
73 Ailey
64 Alyssa
70 Anissa
74 Gretchen
56 Hildagarde
56 Jannelle
72 Joanne
74 Jordanna
65 Kendre
71 Marta
57 Nelli
61 Norah
61 Nyssa
72 Paloma
61 Tricia
Waiting!
17 Alysa
13 Trudi
Waiting!
44 Ariana
51 Blythe
60 Claudie
57 Corinne
52 Filia
44 Karoly
60 Molli
57 Shelbi
41 Tessy
50 Tybi
Waiting!
69 Aretha
65 Audi
78 Emmaline
65 Eydie
75 Imelda
70 Kariotta
Waiting!
88 Annabal
86 Jany
83 Katalin
Waiting!
34 Florinda
31 Pavla
