Waiting!
6 Blisse
16 Candie
14 Devondra
8 Ester
4 Gertrudis
6 Gweneth
15 Liliane
2 Mady
2 Minny
1 Nani
10 Rochette
2 Shirley
12 Terrye
Waiting!
51 Anthiathia
45 Cassie
38 Emmi
42 Gustie
55 Lesley
35 Lyndell
36 Marika
35 Stormie
52 Tiertza
45 Traci
Waiting!
77 Diandra
67 Glenda
65 Julina
67 Myrta
70 Nancy
69 Roxy
78 Saidee
Waiting!
92 Domini
91 Eilis
91 Joan
81 Joelynn
87 Leta
88 Liane
82 Minetta
87 Nicola
86 Nicolle
89 Sherri
91 Verile
Waiting!
98 Deb
Waiting!
17 Avivah
18 Catina
27 Yasmeen
Waiting!
31 Brandice
32 Jessamyn
31 Marthena
