Started!
45 Barbette
43 Bethina
41 Brunhilda
29 Carmelle
44 Cathleen
45 Christina
26 Elnore
40 Estelle
35 Faunie
29 Haley
32 Jenn
36 Josey
38 Josie
42 Lissa
38 Lonee
36 Melania
35 Mirelle
41 Nathalia
28 Sissy
46 Susette
30 Sydelle
41 Tawnya
37 Zarla
Started!
79 Anabal
87 Astrix
82 Birdie
94 Brear
90 Clerissa
78 Deane
84 Deeann
88 Dinnie
88 Eddy
78 Farand
89 Faustine
98 Glynda
79 Jodie
79 Junia
86 Louisette
90 Magdalen
79 Margaretha
86 Marice
90 Mercie
93 Rosamond
88 Sheelagh
93 Willabella
83 Winona
Waiting!
50 Agnes
51 Bernie
50 Cordi
56 Delcine
52 Heddi
60 Jess
56 Livia
55 Magda
48 Marilin
50 Marlyn
49 Maye
54 Merrill
40 Ollie
57 Savina
40 Susan
54 Tiphani
Waiting!
69 Ariana
75 Carolynn
75 Charo
81 Dorothea
77 Eleanore
69 Fayette
69 Julia
67 Kissee
73 Kizzie
71 Nancie
76 Shari
71 Suzie
87 Trista
Started!
3 Bethanne
4 Cam
9 Cate
16 Cherin
14 Cleopatra
5 Danyette
13 Devi
11 Dode
18 Ebony
10 Elysia
22 Evvie
7 Fenelia
13 Jeanine
17 Juieta
7 Karena
13 Lilia
22 Lilian
3 Loretta
23 Mufi
19 Roda
8 Rosanna
3 Sidonnie
5 Zarah
Waiting!
66 Anjela
61 Caren
65 Coraline
65 Danella
64 Darcie
63 Edythe
62 Genevieve
66 Jenni
63 Orelle
64 Ysabel
Waiting!
100 Bonny
99 Darci
97 Emeline
99 Queenie
Waiting!
30 Cara
25 Margeaux
24 Sonnie
Waiting!
38 Amil
37 Bethany
Waiting!
2 Eloisa
