Started!
43 Abra
50 Bekki
47 Bethina
53 Carma
52 Ceil
44 Cherilyn
35 Cleo
38 Evangelina
48 Jamie
39 Jill
50 Katharina
48 Krysta
42 Lilia
39 Lori
40 Marya
45 Melody
36 Michel
38 Octavia
41 Phyllys
45 Riki
39 Suzie
50 Torie
Started!
32 Agnesse
23 Arden
17 Astrix
33 Averyl
17 Britney
17 Caren
29 Cathleen
32 Correna
29 Darcie
27 Deirdre
19 Denice
24 Ellissa
27 Emmalyn
32 Lidia
19 Lizabeth
24 Mandie
18 Sherry
36 Stepha
25 Stoddard
30 Tiphani
17 Vally
27 Van
Started!
89 Aimil
85 Allyce
79 Angeline
82 Aurlie
97 Bernete
83 Bonni
94 Carmen
88 Cleopatra
79 Dela
86 Edithe
84 Edy
93 Hattie
79 Karolina
97 Leontine
85 Lonee
95 Lotty
88 Magdalena
78 Marni
88 Mufi
87 Myrta
79 Neile
96 Rubetta
Started!
66 Adi
61 April
57 Chanda
69 Clotilda
66 Fara
68 Freddi
73 Geri
69 Heddi
73 Izabel
76 Johanna
73 Leila
71 Leyla
69 Liana
71 Lorita
61 Margarete
68 Pauletta
68 Penelope
56 Reine
64 Sydelle
64 Valera
73 Vittoria
67 Winona
Started!
7 Adrienne
3 Alanah
2 Andree
7 Aurore
11 Carmencita
2 Catha
12 Claudette
7 Darleen
5 Jacinda
6 Janice
9 Jasmina
1 Kalina
3 Kally
11 Kath
2 Loretta
6 Lyda
7 Lynna
3 Nessa
2 Odele
5 Peta
8 Trixie
6 Ulla
Waiting!
17 Alia
23 Amii
21 Ardisj
14 Brandie
14 Eddy
17 Emelia
23 Faustine
15 Gertruda
11 Giralda
23 Guglielma
16 Jessamyn
14 Kerstin
19 Lauree
17 Maryjane
11 Robinette
21 Seka
14 Shannah
14 Susette
10 Tori
23 Zoe
Waiting!
97 Ammamaria
94 Clovis
91 Denise
91 Florrie
99 Goldi
95 Isadora
100 Josee
91 Kat
96 Lexine
100 Marne
96 Neilla
90 Pia
94 Prisca
96 Rosa
96 Rubie
99 Shani
96 Stephannie
89 Valli
95 Vicky
Started!
40 Agathe
42 Agna
44 Alicia
52 Alyce
35 Belinda
41 Cherida
44 Deanna
39 Donnie
52 Evey
36 Ilse
43 Issie
42 Jobyna
42 Legra
38 Nissa
37 Olly
47 Oralla
43 Ricki
45 Sam
38 Selle
42 Sukey
47 Valencia
35 Vinita
Waiting!
60 Abbey
62 Amelie
53 Ardra
50 Bonita
53 Carlynn
63 Codee
55 Dotty
59 Edythe
54 Evvie
57 Frederica
62 Jacklin
49 Jennette
60 Laurette
64 Lida
63 Liesa
56 Maudie
64 Perry
54 Thalia
Waiting!
80 Carley
77 Charissa
79 Chelsey
76 Corrinne
83 Danni
76 Electra
80 Esther
73 Fernanda
82 Gabbie
75 Guendolen
84 Hermione
76 Hilary
74 Lainey
80 Lizbeth
84 Mellisent
86 Miriam
81 Nara
83 Sonnie
76 Sophie
Waiting!
27 Angelika
33 Aubree
30 Bobine
32 Dana
32 Di
34 Fredericka
26 Grethel
29 Hedwiga
35 Lauralee
26 Pepi
26 Tamar
26 Velma
Waiting!
68 Caresa
67 Sisile
Waiting!
37 Coletta
40 Jeanna
42 Jillene
