Started!
92 Alvira
91 Bobbee
88 Celesta
90 Daveen
85 Dot
90 Eada
95 Irene
93 Jocelyn
85 Lara
98 Rachel
88 Robenia
87 Shelli
100 Tine
Started!
68 Ardisj
70 Averyl
86 Blondell
78 Dulce
70 Florina
77 Hedvig
82 Hortensia
76 Karee
75 Kelly
69 Mala
75 Maurizia
73 Mehetabel
67 Shandee
Started!
27 Anitra
28 Ashley
36 Barbara-Anne
34 Iolanthe
31 Jolee
35 Katya
30 Lorrie
30 Margit
37 Maudie
31 Roanne
35 Rosalind
33 Sondra
44 Stacie
Started!
8 Carley
2 Fredrika
4 Gilly
2 Kacey
3 Linda
11 Lisha
2 Marta
6 Martguerita
10 Myranda
1 Natasha
2 Olwen
1 Samantha
12 Zorina
Started!
23 Ailyn
16 Aliza
20 Buffy
27 Darryl
14 Elinore
26 Eula
23 Eve
22 Felipa
16 Gerianne
16 Gloria
23 Jennica
27 Mariette
21 Rosetta
Started!
50 Alleen
58 Allyn
54 Celle
55 Emmeline
59 Jonell
56 Kathryn
50 Kordula
49 Orelia
50 Sharona
47 Shirley
51 Tessie
54 Thomasine
52 Tobi
Started!
96 Cathryn
100 Danika
92 Ettie
99 Jorey
91 Juanita
94 Kathrine
90 Lilah
93 Linnie
96 Penny
100 Roby
89 Ronny
94 Sarina
96 Theda
Started!
59 Ainslie
65 Charmian
60 Eda
59 Emalia
57 Emera
62 Eveline
55 Florenza
68 Joceline
56 Laraine
53 Letti
60 Myra
62 Petunia
50 Sallee
Started!
53 Antoinette
49 Brynne
49 Carmencita
45 Carmon
48 Kitty
39 Lola
43 Maitilde
46 Mallissa
44 Oralie
38 Paule
38 Sibilla
46 Tedda
48 Thia
Started!
72 Alberta
82 Allene
78 Babs
74 Jessy
72 Josephina
83 Marcile
75 Marrissa
77 Martita
76 Merlina
72 Mollie
83 Nyssa
83 Roda
77 Sherrie
Started!
23 Aeriela
28 Claudina
15 Donna
20 Karoline
11 Leeanne
22 Lesley
18 Marlane
19 Ninon
23 Nona
16 Reine
14 Sherri
9 Stevena
19 Tiffi
Waiting!
19 Alexi
34 Anni
31 Ellette
36 Felicdad
29 Hallie
34 Marita
34 Mellisent
29 Melly
37 Sallyann
34 Shena
Started!
82 Ashia
69 Bellanca
84 Dolly
84 Dorella
78 Ilyse
72 Joanna
86 Kizzie
76 Leora
71 Lorie
78 Marlie
73 Olva
71 Shelba
75 Sissie
Waiting!
88 Ashlee
97 Chris
94 Gloriana
87 Kayla
94 Petronella
Started!
58 Babb
51 Bridgette
48 Cristie
57 Debera
53 Deirdre
57 Greer
48 Hynda
66 Joeann
48 Krista
62 Meredith
59 Nicolette
61 Teddi
65 Tootsie
Waiting!
3 Carolyn
9 Ethelda
1 Fernande
3 Ingeberg
7 Jelene
3 Orsa
Waiting!
45 Bonnie
44 Carroll
46 Georgie
46 Kassey
45 Morganne
46 Pattie
Waiting!
70 Bellina
65 Ellen
77 Kaila
69 Lynn
69 Pauly
71 Toinette
80 Tomasine
Waiting!
82 Celisse
83 Storm
Waiting!
16 Ardra
