Started!
19 Adora
9 Almeria
9 Amandi
1 Annaliese
10 Cathryn
11 Chlo
6 Cindy
11 Consuelo
5 Cordelia
3 Danni
1 Desiree
15 Flossie
7 Genia
14 Hedy
7 Isabel
15 Janina
4 Jessika
4 Jill
21 Marianna
4 Pet
16 Pooh
20 Riki
18 Robinia
6 Simonette
11 Torrie
18 Valma
8 Vikki
6 Virgina
Started!
24 Aili
27 Arlen
43 Bellina
38 Bidget
38 Brana
35 Bree
38 Caitrin
31 Cammie
26 Candi
34 Claribel
39 Codie
25 Dinah
44 Donny
40 Doro
41 Emera
42 Estella
39 Isobel
36 Leslie
34 Lexis
29 Malina
34 Mella
24 Myrlene
44 Nicol
28 Nollie
36 Sidonnie
29 Stacee
44 Storm
33 Wilone
Started!
70 Alissa
70 Arlette
74 Audrye
73 Bell
72 Berthe
69 Charlotta
73 Delcine
72 Ebony
75 Elisabetta
72 Flory
77 Fredia
63 Gwyneth
66 Hilda
76 Inga
81 Jobina
62 Jocelin
72 Kit
74 Lorine
63 Magda
77 Magdaia
75 Marti
82 Nanette
80 Pearle
74 Rakel
62 Raye
69 Rhea
63 Tracey
64 Valencia
Started!
49 Adela
51 Amii
46 Arabella
57 Arlena
56 Ashleigh
46 Bette
53 Blondelle
48 Chloette
48 Cordey
54 Danit
45 Eilis
56 Elfrida
56 Hannah
56 Hildegarde
51 Jaine
55 Jeralee
56 Joyann
52 Juline
53 Karleen
45 Lenka
48 Libbey
51 Lizette
56 Rheta
55 Rodi
45 Steffi
54 Valerie
56 Wallie
49 Zorine
Started!
94 Brigida
92 Cherise
76 Christabella
92 Dorolice
89 Ethel
79 Ethyl
86 Eudora
90 Grazia
91 Hillary
96 Imogen
85 Joete
84 Junette
78 Kimberlyn
92 Kirstin
84 Kordula
84 Lanie
86 Leyla
89 Lorianna
87 Malissa
83 Mandi
95 Meredith
92 Robbie
94 Ros
96 Roxana
87 Sunshine
90 Tiff
85 Trudie
85 Winnifred
Waiting!
98 Bianca
100 Brigit
95 Clara
99 Dierdre
100 Doreen
99 Fawne
94 Lisbeth
99 Lyndy
100 Merridie
98 Micky
96 Nesta
100 Nissie
97 Patrica
98 Raine
Waiting!
58 Agata
67 Ainslee
66 Amalle
51 Casandra
56 Christabel
67 Devon
61 Dulcia
64 Emilie
62 Fernande
61 Fidela
53 Jacky
69 Jemimah
70 Johnath
65 Josefa
61 Lyda
52 Meridel
65 Minetta
65 Myrta
52 Nari
51 Othilie
57 Patience
51 Shandee
66 Shandy
66 Shauna
66 Thomasine
Waiting!
17 Adelice
21 Beckie
9 Cassandre
12 Cecile
5 Elfreda
24 Jacquette
25 Jessamine
14 Karena
12 Midge
7 Nanni
6 Naomi
20 Othilia
10 Patty
9 Ranique
15 Saraann
18 Shandra
13 Sharyl
12 Sophia
25 Terrye
5 Trula
7 Vickie
6 Vivien
6 Wandis
Waiting!
78 Charlot
75 Cornelia
78 Diane
78 Felicity
78 Garland
83 Gerrie
74 Giacinta
73 Jere
77 Kath
75 Katharine
80 Mariejeanne
79 Neely
84 Yasmeen
Waiting!
4 Lesli
3 Maureen
Waiting!
46 Althea
35 Anastassia
38 Courtenay
36 Dacie
37 Dona
41 Freddy
43 Glory
45 Kirsten
34 Maryjo
41 Natalie
37 Ruperta
43 Susann
46 Teresa
39 Zelda
Waiting!
87 Aaren
87 Clemmie
