Started!
60 Aarika
43 Alissa
57 Anya
45 Audra
43 Becka
51 Candace
42 Cate
47 Charis
45 Cherri
57 Chrissy
58 Eirena
51 Emylee
43 Gipsy
47 Hyacinthe
46 Kandace
56 Karrie
42 Katee
50 Kati
49 Krissy
42 Lea
52 Lizzie
57 Malia
59 Merci
53 Minni
59 Mira
58 Prisca
52 Reggi
44 Renell
52 Roxine
56 Vivianna
Started!
2 Alethea
2 Alexa
12 Allyson
1 Berget
8 Berty
6 Bettine
7 Britteny
4 Camellia
7 Celinka
13 Clarie
3 Codie
3 Conchita
2 Eddi
1 Enrica
6 Ericha
12 Erna
2 Eunice
5 Eveline
7 Gwenni
2 Joete
11 Keelia
8 Lorain
12 Merrill
5 Nomi
3 Orelee
6 Prudi
7 Sile
10 Tamarah
5 Tedra
1 Willi
Started!
16 Allison
25 Brunhilda
36 Caryl
31 Catharina
32 Cecil
16 Cecilia
36 Cordy
32 Courtnay
31 Crystie
26 Fayina
19 Ferdinanda
34 Frieda
22 Gail
31 Gilberta
20 Gretta
18 Harri
20 Ianthe
28 Jermaine
32 Jessalyn
30 Kelci
21 Lesli
27 Mabel
36 Monah
34 Robbyn
35 Suzie
21 Vanni
29 Vanny
31 Vonny
18 Wilona
26 Xylina
Started!
88 Ali
89 Arabella
93 Audie
80 Carroll
86 Daria
96 Elisha
96 Elonore
81 Fae
91 Fiona
97 Flori
78 Florinda
92 Georgina
84 Hana
85 Henka
83 Jennica
93 Luella
86 Margette
89 Martynne
86 Matti
83 Morna
88 Nona
90 Paloma
85 Philipa
87 Philippe
94 Priscella
96 Rozalie
94 Tim
86 Timothea
79 Tove
92 Ulrikaumeko
Waiting!
75 Abbi
76 Charlotta
67 Corabella
63 Denice
64 Elnora
67 Elsy
68 Emma
74 Estell
74 Halie
64 Ilysa
66 Jeanie
63 Jolee
73 Karrah
67 Koo
74 Marijo
64 Mellisent
70 Mirabelle
73 Petronilla
71 Rene
66 Ronni
74 Rori
76 Rosaline
63 Rosanne
73 Roxanne
Waiting!
100 Anna-Maria
100 Aubrey
98 Blithe
100 Fedora
99 Friederike
98 Lorenza
100 Lynnet
Waiting!
31 Aimee
39 Bell
39 Berny
31 Bess
46 Charmane
38 Claire
37 Cody
38 Dorella
40 Drusy
40 Ella
38 Esmaria
40 Grayce
36 Helenka
32 Kristien
44 Marylee
29 Morena
45 Patrica
44 Patti
38 Robinetta
38 Rochell
30 Scarlett
44 Stevena
40 Tiffie
38 Vikki
Waiting!
11 Abby
15 Adrienne
15 Bernete
22 Breanne
17 Dyanna
19 Geneva
19 Jacklin
12 Janith
24 Jemmie
15 Jennee
22 Kassie
16 Marjie
19 Prudy
11 Rozanne
14 Sarette
14 Stephana
17 Valeria
Waiting!
52 Alicea
55 Atlante
53 Barbi
57 Bonita
58 Celestina
53 Clovis
57 Cortney
52 Cyndy
62 Desiree
53 Enrika
61 Karisa
54 Lanette
54 Lori
62 Mariya
61 Rina
57 Virgina
56 Viviyan
59 Willette
Waiting!
27 Kasey
Waiting!
1 Constance
