Started!
70 Betty
76 Brooke
74 Clarie
76 Daniele
78 Kiley
86 Rebeca
73 Samara
73 Xaviera
Started!
26 Barrie
34 Charmian
40 Cynde
43 Idelle
34 Nolie
39 Pepita
33 Sherye
28 Tiffany
Started!
4 Blakeley
9 Diena
7 Emilee
10 Ernestine
16 Flori
18 Maritsa
14 Morgen
3 Page
Started!
93 Addia
95 Elene
92 Gert
91 Justine
88 Mirella
98 Nananne
84 Robena
92 Vivie
Started!
51 Concettina
50 Jessamyn
47 Maryjane
48 Misty
53 Nat
45 Olga
59 Renee
58 Seka
Started!
19 Aubrie
18 Aurlie
25 Dasie
31 Hermine
22 Judi
28 Mariellen
30 Tana
25 Vivian
Started!
67 Ernaline
69 Fawnia
73 Florinda
65 Joyce
65 Katey
70 Lilian
64 Stacie
74 Valida
Started!
82 Andy
76 Emelina
86 Harli
81 Konstanze
81 Lilyan
77 Madel
78 Nara
77 Sissy
Started!
39 Angelita
39 Cassie
36 Charil
32 Dorey
40 Dottie
28 Georgetta
26 Ginger
36 Helyn
Started!
22 Elnora
20 Evonne
12 Gretel
12 Heda
10 Kaylyn
6 Leanna
16 Louella
12 Vania
Waiting!
100 Annadiane
95 Loleta
95 Nolana
99 Rosabel
Waiting!
13 Cori
17 Eartha
15 Karee
23 Tedda
Started!
83 Avrit
74 Cecilla
81 Eleanora
64 Elysia
84 Janaye
66 Sephira
65 Tilly
82 Tory
Waiting!
5 Issy
Waiting!
60 Grethel
