Started!
62 Aimee
62 Beryl
70 Brenn
80 Carmelina
77 Dottie
72 Glenine
80 Leyla
62 Loise
66 Madel
72 Melita
76 Meredithe
75 Nora
82 Rubie
71 Sandy
75 Tiffany
64 Xenia
69 Yoko
Started!
32 Aliza
23 Berenice
37 Camilla
17 Cassie
20 Cristal
18 Danya
21 Dinah
17 Elise
27 Hildegarde
26 Jane
34 Jena
31 Laryssa
30 Mabelle
22 Marjy
20 Othilia
37 Rani
27 Savina
Waiting!
14 Aurlie
1 Bambie
5 Cristy
9 Faustine
1 Idelle
7 Irina
3 Jacquie
10 Jorie
8 Lorine
1 Mahalia
6 Nissy
7 Ryann
11 Vivianna
2 Wilmette
Waiting!
94 Andi
86 Beryle
96 Blondelle
96 Corine
92 Etheline
88 Lyssa
97 Samara
88 Sheilah
97 Stace
88 Trenna
Waiting!
55 Camille
44 Corrine
47 Danyette
59 Hetti
61 Ianthe
58 Leanna
57 Lynette
52 Rhianon
54 Tandi
Waiting!
38 Alleen
41 Charil
43 Marni
38 Sissy
Waiting!
74 Bibi
84 Harli
82 Jillie
85 Louella
84 Remy
Waiting!
67 Bernete
69 Kristal
66 Verile
Waiting!
28 Nolana
