Started!
55 Angelina
63 Darci
58 Fredelia
53 Johnath
62 Leia
61 Linnet
53 Lita
57 Tracie
43 Wenona
49 Wynnie
Started!
85 Benny
96 Carolann
91 Cherish
82 Damaris
95 Eveline
91 Joane
90 Nona
88 Pippa
80 Rana
90 Thia
Started!
36 Anjela
36 Annamarie
23 Cindelyn
31 Deina
23 Deny
26 Edith
28 Harri
25 Jourdan
28 Kathryn
24 Luciana
Started!
18 Beatrisa
22 Bibi
17 Bren
8 Brook
15 Dinah
12 Gabrielle
4 Grete
21 Jandy
14 Katee
7 Korella
Started!
65 Cristen
66 Cristy
70 Elise
74 Elita
72 Jacquie
75 Jeanette
65 Krissy
68 Maisey
72 Remy
71 Trenna
Started!
35 Annmaria
29 Coretta
40 Elisa
37 Fayre
45 Hertha
39 Mead
40 Modesty
32 Natalina
48 Noami
41 Sosanna
Started!
6 Aurea
2 Berny
8 Gayla
5 Hedy
10 Joanie
11 Juana
1 Lavina
10 Meggi
6 Orelie
11 Teresita
Started!
83 Barbi
79 Bibbye
87 Camille
76 Dayle
80 Henryetta
78 Lindsy
84 Rani
71 Sallyanne
79 Silvie
74 Zena
Started!
50 Berthe
62 Cassie
55 Danyette
62 Dot
64 Ethelin
61 Lyndy
62 Micaela
55 Miquela
62 Riane
53 Sophi
Started!
76 Dore
73 Dreddy
75 Elenore
66 Gaye
72 Gerda
67 Guinna
70 Jackie
71 Philippe
76 Roshelle
70 Shandra
Started!
40 Bessie
27 Candida
35 Colline
30 Darda
21 Desiree
23 Elsi
33 Ivy
26 Lorilyn
27 Lulu
37 Sue
Started!
77 Anna
78 Cissiee
79 Esmaria
82 Kalli
89 Keelia
77 Marty
85 Merissa
87 Mireille
85 Paloma
81 Randene
Started!
33 Alysia
51 Chelsey
33 Cordie
39 Corina
43 Corry
50 Fianna
46 Fidelity
42 Helga
40 Jeana
39 Midge
Started!
90 Adelheid
92 Annnora
91 Carri
100 Gavra
96 Katuscha
96 Leonie
97 Madelena
97 Nanine
94 Rhody
100 Ulrika
Started!
15 Abigael
16 Ameline
11 Andra
24 Fernanda
25 Kikelia
16 Masha
23 Nonah
25 Simone
25 Teddie
16 Valencia
Started!
63 Dana
59 Eliza
59 Erina
61 Jackqueline
68 Laurice
51 Maren
53 Maxy
57 Shirleen
66 Sibella
62 Yoko
Started!
27 Cathe
40 Daphne
27 Ethelda
24 Ilise
22 Janeczka
25 Kiele
38 Malissia
31 Mollee
39 Sacha
41 Sindee
Started!
42 Chrissy
47 Dawna
45 Guendolen
46 Magdalen
54 Maurizia
49 Rosalyn
54 Saree
52 Sascha
55 Theresita
43 Valaree
Started!
92 Blinni
92 Corene
79 Danni
91 Davina
97 Elane
95 Ilsa
85 Liv
88 Lorenza
80 Lorna
87 Rozele
Started!
3 Bernardine
5 Cordula
8 Dacey
9 Germain
8 Isabelita
8 Judye
14 Kacy
13 Miran
9 Robena
4 Zoe
Waiting!
72 Alayne
64 Koo
64 Meg
71 Randee
Waiting!
99 Daphna
89 Ertha
97 Franni
99 Judi
96 Norrie
91 Shanna
99 Tedda
Waiting!
53 Alix
59 Jerrie
51 Nari
59 Tiphanie
Started!
37 Beckie
33 Bettine
34 Cloe
35 Dominga
37 Lian
36 Muffin
23 Murial
37 Pearline
24 Robby
23 Verena
Waiting!
86 Andeee
84 Camella
Waiting!
16 Ashlen
16 Deane
9 Leann
18 Ronalda
17 Shaine
Waiting!
35 Dacie
35 Gerrilee
