Started!
24 Aili
25 Ana
24 Annamarie
16 Drucie
29 Ivory
29 Jourdan
26 Lavina
20 Lyndsay
26 Margalit
19 Olivette
17 Rahal
16 Tracee
Started!
8 Aeriela
14 Andeee
2 Cynthea
3 Dasya
13 Devinne
17 Edee
7 Gisele
11 Hildagarde
14 Jeniece
14 Jenilee
7 Jocelyne
2 Shalne
Started!
89 Bevvy
90 Cahra
88 Elfrieda
81 Faustina
94 Frannie
83 Jeanette
88 Lotta
91 Moria
85 Natalina
92 Ophelia
88 Pia
85 Virgina
Started!
49 Alis
51 Bianka
43 Cara
54 Germana
44 Gussy
45 Jorey
56 Leigha
44 Rana
52 Sibilla
49 Valenka
49 Veda
49 Ynes
Started!
96 Annnora
99 Bethena
99 Brittany
96 Cherye
93 Devonne
88 Dorris
99 Faina
93 Ivy
97 Nady
97 Roseann
98 Sarita
95 Valentia
Started!
47 Beatrisa
38 Benny
45 Bernetta
30 Debra
36 Germaine
37 Gratiana
34 Leanor
38 Lynn
35 Sharai
34 Vitia
31 Willette
40 Zelma
Started!
77 Aloisia
72 Cody
76 Elvera
74 Erda
82 Etti
84 Ettie
76 Georgette
74 Glen
76 Marcile
64 Nanete
65 Pippa
79 Seana
Started!
54 Ameline
48 Annmaria
49 Elenore
53 Emmi
57 Fernanda
45 Hyacinthia
55 Lucienne
49 Moyra
56 Randene
41 Salomi
56 Sharona
49 Stafani
Started!
24 Allis
20 Bren
24 Danit
22 Elaine
23 Emma
30 Fidelity
26 Gayla
15 Gigi
22 Jamie
19 Jo
10 Lynna
25 Ursala
Started!
69 Clarabelle
58 Clarice
63 Cordey
61 Jenna
60 Mahala
66 Matti
64 Nicol
58 Renate
63 Roselia
61 Sibby
66 Tedi
63 Yolanthe
Waiting!
87 Anna
94 Anstice
82 Athena
82 Aubry
93 Betta
83 Danika
81 Kaela
86 Laura
82 Leshia
81 Ronnie
76 Vonni
Waiting!
33 Aurea
33 Cheri
45 Cherish
35 Danyette
38 Dolly
43 Erina
43 Issie
42 Lonni
25 Patrica
42 Sherie
Waiting!
66 Ediva
73 Halimeda
73 Helen-Elizabeth
68 Kassie
75 Leyla
64 Sindee
Waiting!
48 Belia
49 Deerdre
49 Ekaterina
58 Kamillah
46 Kendre
48 Marga
55 Paloma
Waiting!
9 Annabel
12 Dorrie
16 Esmaria
7 Maurizia
