Started!
48 Fanchette
Started!
33 Lorrin
Started!
14 Dinah
Started!
96 Tabbi
Started!
80 Janenna
Started!
84 Ricca
Started!
49 Clari
Started!
57 Clarice
Started!
46 Jorey
Started!
96 Kathy
Started!
98 Annamarie
Started!
100 Edi
Started!
54 Esma
Started!
88 Brietta
Started!
90 Ynes
Started!
40 Cary
Started!
73 Danya
Started!
61 Helge
Started!
37 Cassandre
Started!
2 Felita
Started!
18 Fulvia
Started!
6 Arlina
Started!
83 Veronica
Started!
63 Bianka
Started!
36 Simonne
Started!
69 Cyndi
Started!
91 Germaine
Started!
46 Deloris
Started!
85 Emmey
Started!
8 Celle
Started!
1 Karrah
Started!
69 Denni
Started!
99 Bekki
Started!
16 Arda
Started!
93 Sapphira
Started!
56 Mable
Started!
4 Trixie
Started!
71 Donnamarie
Started!
32 Estelle
Started!
50 Stacey
Started!
69 Cheryl
Started!
1 Chandra
Started!
96 Bobby
Started!
50 Maryanna
Started!
74 Saudra
Started!
17 Therese
Started!
17 Issy
Started!
36 Beatrisa
Started!
62 Silva
Started!
67 Jenny
Started!
69 Constantina
Started!
84 Ethelyn
Started!
25 Pippy
Started!
38 Rosana
Started!
100 Mariejeanne
Started!
1 Marga
Started!
17 Rennie
Started!
66 Lorilyn
Started!
81 Janeta
Started!
43 Suzy
Started!
14 Haley
Started!
22 Leodora
Started!
91 Lidia
Started!
68 Laurena
Started!
69 Valentia
Started!
19 Lucita
Started!
92 Connie
Started!
10 Marley
Started!
16 Brinna
Started!
89 Louisette
Started!
28 Willette
Started!
16 Tatiana
Started!
21 Zorine
Started!
45 Vida
Started!
20 Katheryn
Started!
2 Kathrine
Started!
89 Ashia
Started!
98 Jojo
Started!
76 Kore
Started!
35 Nerita
Started!
64 Pauly
Started!
86 Shalne
Started!
80 Vonny
Started!
40 Erminia
Started!
44 Valerie
Started!
87 Linea
Started!
9 Eada
Started!
49 Celinka
Started!
35 Leia
Started!
46 Jewell
Started!
4 Halimeda
Started!
92 Elke
Started!
66 Pamella
Started!
62 Margie
Started!
48 Laura
Started!
34 Christabel
Started!
16 Miguelita
Started!
20 Aurelie
Started!
80 Gray
Started!
22 Darcy
Started!
53 Nessa
Started!
33 Klara
Started!
72 Leyla
Started!
90 Cindy
Started!
14 Coralie
Started!
92 Barbee
Started!
80 Deerdre
Started!
7 Blaire
Started!
73 Cheri
Started!
79 Janella
Started!
8 Andeee
Started!
32 Layne
Started!
71 Clo
Started!
19 Sybilla
Started!
60 Alla
Started!
34 Marjorie
Started!
52 Maris
Started!
81 Delinda
Started!
74 Margeaux
Started!
35 Alix
Started!
96 Gerianne
Started!
29 Ermengarde
Started!
55 Sylvia
Started!
67 Betta
Started!
48 Matti
Started!
54 Dasya
Started!
28 Freda
Started!
25 Nari
Started!
21 Suzette
Started!
100 Siusan
Started!
98 Cathryn
Started!
51 Maryellen
Started!
77 Shelli
Started!
71 Sallie
Started!
53 Jessamyn
Started!
3 Sibby
Started!
21 Leshia
Started!
7 Valerye
Started!
35 Paulina
Started!
12 Esta
Started!
84 Terrye
Started!
57 Pammi
Started!
76 Bryna
Started!
63 Rachael
Started!
43 Chelsea
Started!
48 Fidelity
Started!
24 Bethina
Started!
34 Fayina
Started!
86 Lettie
Started!
5 Adiana
Started!
95 Ediva
Started!
26 Rosalynd
Started!
48 Dorrie
Started!
80 Deedee
Started!
29 Tandy
Started!
54 Tildie
Started!
30 Meghan
Started!
27 Catie
Started!
81 Ora
