Started!
26 Amye
20 Arline
12 Brandais
22 Chanda
6 Daryl
11 Janaye
17 Kip
11 Mary
16 Myriam
Started!
27 Bunny
35 Carlee
41 Domini
32 Garland
32 Margarita
27 Marji
28 Phaidra
31 Sara-Ann
38 Thekla
Started!
88 Anatola
86 Antonia
78 Clarey
78 Debra
87 Deloris
95 Eda
89 Glenn
81 Vallie
78 Zoe
Waiting!
95 Deena
99 Rica
Started!
59 Adriena
71 Alyce
68 Blondy
62 Danell
66 Danit
69 Emalia
72 Gerianne
71 Jacklin
59 Sapphire
Waiting!
2 Deborah
2 Hali
11 Odessa
5 Yalonda
Started!
43 Agathe
50 Almira
43 Dorthy
48 Jennine
47 Kaitlin
40 Kayley
52 Maisey
48 Marianne
46 Zahara
Waiting!
84 Carrissa
79 Courtnay
86 Darya
82 Donny
85 Megan
82 Rana
Waiting!
70 Joanne
62 Valli
Waiting!
59 Gussie
59 Jo-Ann
Waiting!
18 Ginnie
15 Paule
Waiting!
28 Cacilie
37 Joelynn
27 Kalli
Waiting!
45 Megen
