Started!
76 Casi
80 Myriam
Started!
76 Doria
83 Haley
Started!
62 Adey
59 Joyan
Started!
42 Else
45 Zoe
Started!
2 Elfreda
3 Kimberli
Started!
11 Gabi
1 Jackqueline
Started!
9 Gerianne
7 Gretta
Started!
27 Deborah
23 Robena
Started!
49 Annalise
48 Beverie
Started!
95 Amelie
94 Darrelle
Started!
12 Anatola
2 Guendolen
Started!
13 Thekla
9 Vickie
Started!
49 Mireille
52 Sapphire
Started!
69 Berta
67 Sherye
Started!
28 Brinn
35 Brittney
Started!
73 Antonia
75 Caria
Started!
43 Eleonora
41 Odilia
Started!
60 Alidia
56 Nerta
Started!
47 Aubrie
44 Heida
Started!
40 Brandais
33 Emelda
Started!
20 Deloria
26 Lilyan
Started!
72 Julita
74 Oliy
Started!
9 Allix
9 Ebba
Started!
94 Maiga
100 Patricia
Started!
7 Bel
5 Brenda
Started!
38 Cristin
36 Wallis
Started!
21 Dulcine
29 Sunny
Started!
60 Carlee
69 Marji
Started!
58 Bianka
49 Gretel
Started!
95 Blondy
92 Caresa
Started!
96 Becka
97 Mirabelle
Started!
44 Joelynn
52 Nelie
Started!
29 Carrissa
24 Valma
Started!
11 Alix
18 Ferdinanda
Started!
36 April
46 Michelina
Started!
67 Harley
68 Winona
Started!
6 Dorris
14 Steffie
Started!
38 Anna-Maria
46 Darda
Started!
100 Aggi
100 Dorie
Started!
70 Christin
77 Faina
Started!
84 Blakelee
82 Oralia
Started!
4 Celle
12 Florella
Started!
35 Galina
25 Myrle
Started!
5 Lindi
2 Shelby
Started!
47 Ellie
51 Zahara
Started!
99 Edyth
93 Morena
Started!
21 Deanne
17 Em
Started!
90 Doralia
82 Hayley
Started!
100 Devonna
97 Theodosia
Started!
28 Lissa
23 Meaghan
Started!
3 Bethena
9 Melody
Started!
100 Alethea
98 Daisy
Started!
21 Deane
23 Leonore
Started!
59 Ginelle
51 Kala
Started!
37 Hedwig
43 Hedwiga
Started!
87 Cordelie
84 Molli
Started!
9 Bonnee
14 Lynde
Started!
72 Cleopatra
68 Norry
Started!
39 Laure
38 Mallissa
Started!
20 Evvie
27 Karoline
Started!
29 Meghann
23 Pamella
Started!
55 Giuditta
60 Sibby
Started!
83 Keeley
87 Sibilla
Started!
68 Babita
62 Elie
Started!
48 Suzann
50 Tallia
Waiting!
100 Moyna
Waiting!
25 Katerina
