Started!
76 Alyda
Started!
13 Bethina
Started!
26 Rozalin
Started!
51 Nerti
Started!
2 Vally
Started!
98 Lucia
Started!
66 Jessalin
Started!
57 Stephannie
Started!
65 Ashil
Started!
48 Cathe
Started!
40 Jammie
Started!
65 Jelene
Started!
47 Irina
Started!
5 Caterina
Started!
76 Krystyna
Started!
4 Nydia
Started!
86 Kim
Started!
15 Maxie
Started!
4 Meggi
Started!
50 Deborah
Started!
62 Dolley
Started!
12 Rosanna
Started!
31 Lavinia
Started!
44 Edi
Started!
84 Arlyn
Started!
39 Rasia
Started!
98 Yvette
Started!
72 Ibbie
Started!
63 Cherianne
Started!
15 Marysa
Started!
34 Pet
Started!
35 Odilia
Started!
43 Tarrah
Started!
30 Mariele
Started!
2 Sosanna
Started!
14 Tess
Started!
84 Jacinta
Started!
74 Jeni
Started!
8 Ranna
Started!
95 Devon
Started!
94 Lotty
Started!
13 Mia
Started!
74 Prudence
Started!
41 Blanch
Started!
76 Margareta
Started!
96 Brandais
Started!
42 Cora
Started!
88 Dixie
Started!
56 Elisha
Started!
69 Marissa
Started!
13 Nariko
Started!
50 Donica
Started!
4 Diahann
Started!
21 Marji
Started!
37 Andy
Started!
9 Elnora
Started!
52 Margalo
Started!
6 Sybila
Started!
96 Desiri
Started!
63 Bianka
Started!
17 Dionne
Started!
30 Stefania
Started!
43 Pietra
Started!
22 Aloisia
Started!
39 Winnifred
Started!
73 Sadie
Started!
28 Nelie
Started!
7 Yetta
Started!
8 Muire
Started!
95 Raine
Started!
67 Harley
Started!
4 Kori
Started!
35 Sarina
Started!
65 Arlina
Started!
62 Susann
Started!
73 Matilde
Started!
1 Moyna
Started!
73 Rori
Started!
70 Irena
Started!
14 Randene
Started!
28 Galina
Started!
15 Crissy
Started!
64 Petronille
Started!
52 Gerhardine
Started!
22 Gusella
Started!
83 Aggy
Started!
1 Edyth
Started!
83 Dynah
Started!
4 Hildagard
Started!
54 Morena
Started!
29 Carol-Jean
Started!
87 Harriot
Started!
41 Zia
Started!
39 Estel
Started!
29 Consuelo
Started!
3 Lilas
Started!
35 Greer
Started!
78 Shelby
Started!
78 Kaitlin
Started!
8 Isahella
Started!
2 Nicky
Started!
13 Blondie
Started!
68 Lily
Started!
35 Yelena
Started!
8 Suzie
Started!
73 Giulietta
Started!
92 Rena
Started!
13 Agnes
Started!
72 Rosemarie
Started!
63 Cloe
Started!
21 Hedwiga
Started!
100 Fenelia
Started!
81 Rheta
Started!
72 Ronda
Started!
72 Renee
Started!
18 Hannah
Started!
66 Libbey
Started!
43 Daria
Started!
65 Muffin
Started!
4 Vicki
Started!
9 Norry
Started!
42 Mallissa
Started!
1 Odette
Started!
13 Gertrude
Started!
52 Myrtie
Started!
81 Alleen
Started!
73 Sibilla
Started!
99 Diannne
Started!
66 Gertie
Started!
41 Natalina
Started!
82 Antonina
Started!
64 Amabel
Started!
20 Rycca
Started!
98 Lindi
Started!
35 Hermine
Started!
6 Ingeberg
Started!
60 Caressa
Started!
84 Carin
Started!
65 Sibylle
Started!
61 Eada
Started!
82 Celestina
Started!
91 Cele
Started!
21 Birdie
Started!
39 Gavrielle
Started!
21 Glory
Started!
100 Cayla
Started!
71 Darlene
Started!
16 Almeria
Started!
35 Loreen
Started!
15 Josy
Started!
13 Katrinka
Started!
6 Christal
Started!
94 Marianne
Started!
83 Teresita
Started!
4 Shell
