Started!
48 Carlina
38 Marlo
48 Zelma
Started!
9 Margie
8 Ninette
2 Rozalin
Started!
80 Cassandre
82 Fawnia
90 Jacquetta
Started!
66 Cristen
70 Katina
66 Raeann
Started!
48 Lisha
51 Nancey
53 Odella
Started!
16 Kary
11 Kim
8 Roz
Started!
96 Ellene
100 Nola
92 Novelia
Started!
24 Hynda
28 Janaya
22 Zsazsa
Started!
74 Alanna
86 Cecelia
84 Rachelle
Started!
56 Celie
58 Kate
66 Lavinia
Started!
72 Nita
71 Saidee
73 Sonnie
Started!
41 Fayette
41 Tatiania
48 Thekla
Started!
25 Eartha
22 Jacinthe
28 Letta
Started!
3 Aubry
5 Honor
5 Tova
Started!
55 Jaine
53 Leeann
59 Mabel
Started!
26 Dorelle
21 Jillene
21 Sukey
Started!
59 Andy
69 Larina
69 Lenora
Started!
56 Michele
55 Randene
64 Stefania
Started!
5 Florence
15 Geneva
13 Sylvia
Waiting!
3 Dion
7 Vonni
Started!
100 Anissa
91 Beret
90 Mavra
Started!
83 Cherye
87 Karola
90 Patricia
Started!
45 Aurelia
44 Correy
40 Nanice
Started!
60 Dode
62 Raine
56 Sarina
Started!
27 Dody
32 Eydie
22 Lynsey
Started!
49 Aleen
52 Farrand
42 Felicle
Waiting!
100 Mufinella
Waiting!
66 Jane
Waiting!
77 Gerhardine
81 Lynnett
Started!
45 Crissy
41 Debra
51 Petronille
Waiting!
20 Loree
