Started!
49 Ariella
47 Caroline
56 Em
37 Nicholle
57 Stephi
Started!
11 Bobbe
18 Jorie
2 Lenore
2 Loni
6 Lorry
Started!
28 Marya
20 Myranda
30 Nikki
34 Sunny
29 Ursuline
Started!
100 Andra
88 Ashlee
88 Jsandye
87 Lauryn
94 Shani
Started!
3 Annalise
11 Carmencita
19 Glori
9 Marcellina
13 Nessi
Started!
70 Ceciley
62 Jami
66 Lauree
67 Rozella
61 Wilhelmina
Started!
78 Ardra
82 Cathlene
80 Justine
81 Latisha
78 Nell
Started!
89 Ardeen
92 Ardine
98 Danice
85 Delilah
94 Karie
Started!
30 Babara
25 Cassandry
31 Gerhardine
29 Katleen
24 Valentine
Started!
49 Anne-Corinne
50 Gaby
56 Rozalie
64 Sofie
52 Wallie
Started!
70 Bobina
70 Fawn
70 Marcie
77 Marketa
70 Pat
Started!
45 Florence
39 Gillan
43 Ibby
45 Livvy
53 Marlena
Started!
17 Alfreda
26 Clemmie
12 Dominica
10 Fionna
12 Mufinella
Started!
96 Adorne
97 Arlen
88 Babs
91 Dannye
84 Marty
Started!
98 Aurore
93 Carmelita
99 Muire
99 Nadiya
100 Reggie
Waiting!
6 Crysta
1 Elsbeth
4 Florida
Waiting!
85 Dorris
86 Liesa
82 Reena
88 Susette
Started!
67 Aili
74 Alvinia
64 Leonore
68 Lexie
72 Robinetta
Started!
19 Britte
33 Faythe
29 Kyla
28 Maisie
32 Merrili
Started!
45 Bonnee
52 Jaclin
48 Kay
43 Maxi
44 Trudie
Waiting!
15 Bette
Waiting!
30 Aggy
26 Ynez
Waiting!
60 Esma
