Waiting!
16 Abagael
8 Ariella
24 Ashlee
16 Deane
23 Debora
6 Dian
25 Fawn
15 Freddy
22 Hulda
17 Lexie
25 Ofilia
17 Olia
8 Pamela
25 Sophia
16 Sukey
25 Tierney
Waiting!
72 Andie
66 Arly
68 Catherina
82 Emelyne
68 Gerhardine
65 Hertha
78 Ivie
68 Jacquelin
69 Karie
65 Kassi
78 Lissi
78 Myrta
68 Roobbie
67 Sheelagh
74 Sibby
62 Stafani
77 Theressa
70 Viola
Waiting!
85 Andra
85 Bobbye
85 Carmencita
86 Dulci
83 Florance
84 Kathryn
89 Roselia
Waiting!
5 Callie
3 Chastity
5 Dalila
4 Jewelle
3 Leola
3 Marje
4 Rosanna
Waiting!
44 Adelina
37 Anna-Diane
45 Austin
46 Bliss
51 Bridgette
40 Cassandry
46 Cathe
45 Celinka
44 Denice
38 Dorthy
38 Dulcea
39 Frannie
48 Ibby
37 Laureen
49 Maddi
53 Marya
42 Maureene
40 Rozella
Waiting!
96 Alexandrina
94 Analiese
97 Oneida
Waiting!
31 Addie
27 Bobina
31 Cecilla
32 Marketa
34 Raye
28 Stacie
Waiting!
61 Desiri
59 Jenifer
61 Timmy
