Started!
62 Calli
65 Candice
55 Valentine
Started!
93 Estell
91 Ferdinande
88 Jessa
Started!
37 Kathleen
46 Lyndy
38 Valenka
Started!
29 Ardeen
24 Jolyn
25 Reena
Started!
49 Colline
52 Nanon
48 Sophie
Started!
95 Alfreda
97 Rosene
92 Saundra
Started!
30 Joann
23 Lolly
30 Traci
Started!
64 Adriaens
70 Brynne
56 Cleopatra
Started!
78 Amargo
75 Carrissa
75 Valene
Started!
38 Allene
38 Belita
36 Caron
Started!
23 Andria
17 Fancie
26 Jenny
Started!
13 Griselda
27 Honey
21 Mona
Started!
86 Amelia
89 Jannelle
80 Seana
Started!
70 Cloe
76 Janette
73 Lesya
Started!
32 Aloisia
19 Ardelle
22 Marney
Started!
49 Cammy
40 Edith
49 Jemmy
Started!
83 Adrianna
87 Herta
92 Shawnee
Started!
6 Catlin
1 Laryssa
10 Rozanne
Started!
10 Flor
14 Lidia
8 Rory
Started!
99 Barbie
92 Carroll
97 Tate
Started!
30 Dela
19 Fayre
27 Gabbie
Started!
60 Mellie
60 Myrta
58 Thomasin
Started!
6 Almeda
4 Lucia
9 Nydia
Started!
91 Clair
87 Jacinthe
86 Nelle
Started!
76 Brunhilde
70 Laverna
69 Orelia
Started!
88 Dede
88 Rafa
95 Valma
Started!
23 Jamima
28 Lani
27 Pippa
Started!
22 Aurora
27 Marleen
29 Sheelagh
Started!
12 Celestyna
15 Corabelle
18 Danna
Started!
76 Lindsay
89 Reyna
79 Susanna
Started!
4 Cecile
4 Magdalen
3 Margie
Started!
90 Bird
95 Brigit
93 Ranique
Started!
31 Caty
26 Valentia
24 Willette
Started!
16 Cara
8 Caterina
16 Zoe
Started!
68 Libbi
61 Minni
65 Vonnie
Started!
54 Erda
55 Guillema
64 Ivette
Started!
41 Ardine
43 Demeter
42 Henriette
Started!
34 Antonetta
28 Bibbye
38 Kaylyn
Started!
88 Marta
97 Norina
88 Wenona
Started!
98 Dorice
88 Karyl
90 Phyllis
Started!
68 Colleen
58 Eilis
63 Jena
Started!
92 Kristina
100 Lida
97 Winny
Started!
27 Daniella
18 Devonne
28 Janis
Started!
48 Benedikta
39 Billy
48 Eva
Started!
2 Carmencita
2 Donny
2 Pammy
Started!
22 Lurline
26 Quentin
18 Wynnie
Started!
71 Roxanna
54 Stephenie
63 Vi
Started!
52 Deanna
59 Ina
44 Manya
Started!
82 Allix
78 Clari
76 Gertrude
Started!
95 Hollie
89 Martie
97 Shandee
Started!
23 Sean
31 Shanie
27 Sybila
Started!
35 Briney
29 Haily
27 Sherry
Started!
25 Eba
16 Elysia
21 Jeniffer
Started!
54 Cissy
52 Marlo
52 Mildred
Started!
2 Ardelia
5 Dolley
1 Freddie
Started!
99 Laney
98 Phedra
91 Raquela
Started!
67 Carolin
76 Celine
70 Loralie
Started!
38 Felicdad
43 Gianna
31 Tamiko
Started!
88 Lucky
84 Pietra
88 Rasla
Started!
68 Keriann
69 Opaline
68 Wren
Started!
50 Eloisa
53 Justinn
55 Nissie
Started!
3 Francyne
9 Paolina
8 Ronica
Started!
77 Adrienne
80 Amaleta
72 Corenda
Started!
93 Cary
86 Christy
95 Rozalie
Started!
26 Diane
29 Gabi
24 Sharla
Started!
37 Linnell
40 Shawna
49 Tine
Started!
63 Cam
69 Helge
68 Oralia
Started!
30 Fiann
37 Halie
34 Mollie
Started!
24 Hermione
24 Theresina
18 Tobe
Started!
86 Christiane
96 Editha
100 Georgianna
Started!
69 Manda
71 Melody
64 Pattie
Started!
8 Henrieta
3 Kamilah
11 Kettie
Started!
70 Althea
75 Vikky
73 Willy
Started!
82 Helaine
89 Lydia
91 Storm
Started!
47 Daniela
48 Rahel
42 Serena
Started!
31 Domeniga
26 Giselle
28 Grayce
Started!
62 Catie
63 Deane
58 Minda
Started!
18 Angelita
31 Codee
22 Elga
Started!
57 Dannye
57 Ilysa
55 Tomi
Started!
32 Janean
34 Timmy
33 Tiphany
Started!
77 Brina
66 Jennifer
75 Monica
Started!
95 Amalita
98 Elysha
96 Kaitlynn
Started!
68 Annabell
63 Jeanelle
55 Merrili
Waiting!
21 Bonny
19 Guinevere
Started!
95 Audy
100 Ebba
91 Natala
Started!
49 Anallise
37 Olga
41 Shirlene
Waiting!
75 Doro
74 Minnnie
Waiting!
2 Lenee
6 Milli
Started!
56 Abbie
61 Dena
59 Lorry
Waiting!
31 Didi
