Started!
43 Maren
Started!
52 Drucie
Started!
62 Pippa
Started!
84 Herta
Started!
16 Danyelle
Started!
90 Ida
Started!
38 Iolande
Started!
20 Suzann
Started!
83 Eimile
Started!
33 Lissie
Started!
78 Claudia
Started!
30 Kordula
Started!
90 Babbie
Started!
60 Leona
Started!
93 Hilda
Started!
4 Bette
Started!
13 Pattie
Started!
52 Colline
Started!
59 Corny
Started!
74 Audra
Started!
47 Shir
Started!
66 Nissa
Started!
23 Christyna
Started!
72 Caprice
Started!
59 Katya
Started!
51 Paula
Started!
14 Queenie
Started!
58 Valida
Started!
71 Andria
Started!
6 Lisetta
Started!
59 Kathy
Started!
49 Allene
Started!
65 Amargo
Started!
76 Terra
Started!
34 Alix
Started!
87 Hyacintha
Started!
29 Minette
Started!
33 Suzi
Started!
49 Nannie
Started!
67 Melloney
Started!
7 Valry
Started!
37 Anne-Marie
Started!
63 Laurice
Started!
78 Karlene
Started!
6 Loleta
Started!
10 Luella
Started!
75 Bernadine
Started!
47 Sara-Ann
Started!
27 Meagan
Started!
80 Sydelle
Started!
40 Alameda
Started!
11 Kevyn
Started!
78 Jillayne
Started!
96 Brynne
Started!
36 Ruthanne
Started!
20 Brandy
Started!
25 Bettina
Started!
76 Ainsley
Started!
47 Ted
Started!
47 Barbie
Started!
83 Ailyn
Started!
23 Shandeigh
Started!
72 Carol
Started!
92 Lilli
Started!
50 Dorella
Started!
48 Malissa
Started!
60 Eleni
Started!
50 Lesya
Started!
19 Justina
Started!
34 Charlotte
Started!
25 Celle
Started!
77 Berry
Started!
60 Glenda
Started!
94 Hally
Started!
83 Modesty
Started!
6 Natasha
Started!
1 Jamima
Started!
36 Ebba
Started!
36 Annetta
Started!
30 Rozella
Started!
63 Glori
Started!
80 Caria
Started!
38 Malena
Started!
49 Cheryl
Started!
33 Raf
Started!
59 Robbie
Started!
47 Susanna
Started!
64 Raeann
Started!
47 Estrellita
Started!
4 Tiertza
Started!
11 Shelbi
Started!
13 Veda
Started!
89 Rozelle
Started!
31 Deva
Started!
54 Teresa
Started!
42 Bernardina
Started!
62 Vonnie
Started!
61 Aili
Started!
87 Cecile
Started!
91 Greta
Started!
9 Reba
Started!
24 Korney
Started!
13 Katrinka
Started!
60 Carrie
Started!
11 Linn
Started!
62 Natty
Started!
30 Guinna
Started!
62 Harrietta
Started!
47 Libbi
Started!
6 Guillemette
Started!
19 Darelle
Started!
78 Luciana
Started!
76 Nerti
Started!
73 Emilia
Started!
93 Frankie
Started!
8 Jacky
Started!
35 Elspeth
Started!
31 Ambur
Started!
88 Dorice
Started!
54 Mina
Started!
68 Zea
Started!
95 Gladi
Started!
53 Barb
Started!
51 Ellette
Started!
50 Eilis
Started!
28 Daffi
Started!
28 Amandi
Started!
95 Adey
Started!
77 Winnah
Started!
90 Lurline
Started!
3 Eustacia
Started!
63 Maire
Started!
86 Bliss
Started!
89 Fionnula
Started!
79 Vania
Started!
29 Jodi
Started!
90 Lian
Started!
27 Donny
Started!
69 Wynnie
Started!
40 Sean
Started!
83 Betsey
Started!
55 Karolina
Started!
38 Ralina
Started!
53 Cami
Started!
61 Nathalie
Started!
7 Arlyne
Started!
11 Benedikta
Started!
44 Calla
Started!
59 Suki
Started!
63 Atlanta
Started!
18 Collete
Started!
30 Briney
Started!
80 Tiff
Started!
77 Thalia
Started!
33 Nikolia
Started!
46 Dulciana
Started!
40 Joli
Started!
86 Petra
Started!
15 Mellisa
Started!
17 Shellie
Started!
71 Chrysa
Started!
62 Celine
Started!
18 Felicdad
Started!
31 Freddie
Started!
2 Charleen
Started!
86 Annissa
Started!
54 Vivia
Started!
62 Rasla
Started!
2 Vinnie
Started!
61 Coletta
Started!
51 Sal
Started!
43 Nanci
Started!
46 Wren
Started!
79 Lucky
Started!
51 Carmencita
