Started!
59 Adrianne
42 Barbey
56 Cassondra
44 Dorothea
49 Dottie
54 Evania
40 Janette
40 Jean
59 Lorette
57 Lurlene
47 Marci
58 Matti
48 Meggy
57 Moina
39 Ursulina
50 Veradis
Started!
16 Amandy
5 Dorella
6 Erminia
11 Fern
7 Hermione
11 Ileana
8 Jeannie
12 Jourdan
10 Kellina
14 Mela
12 Neila
15 Rory
3 Saloma
13 Sunny
3 Vivianne
6 Winifred
Started!
80 Adey
77 Bellina
67 Bonita
66 Brandise
63 Casey
67 Gilbertine
74 Jillana
81 Kristy
73 Maurise
79 Nikolia
65 Ralina
81 Rebekkah
64 Sena
64 Shelly
74 Sula
63 Vonni
Started!
97 Allyce
92 Berget
91 Bette-Ann
90 Candace
89 Cecilla
96 Cristin
99 Esmeralda
97 Faustine
97 Flori
91 Jerrie
88 Jillayne
100 Kate
86 Livia
86 Milka
93 Nata
99 Othilia
Started!
22 Alanah
24 Asia
29 Bethina
23 Chryste
27 Jacquie
34 Joya
31 Larissa
34 Lucia
22 Madelin
30 Meg
31 Michal
24 Nerty
25 Rivalee
32 Rozalie
28 Suzy
38 Valida
Started!
65 Alikee
67 Arlee
59 Audie
62 Bernelle
56 Bertie
70 Clarissa
70 Danica
62 Elsi
68 Erna
62 Etti
52 Etty
62 Kamillah
56 Lilla
54 Ofelia
57 Roana
53 Willow
Started!
12 Amberly
20 Brandy
17 Brittni
11 Celestyn
17 Crystie
13 Denys
13 Edna
14 Elysia
20 Hesther
20 Jacynth
21 Jo-Ann
29 Nikkie
23 Nikoletta
21 Pansie
20 Rosalyn
11 Shannon
Started!
96 Annmarie
93 Ashli
91 Bertha
90 Carree
98 Casandra
88 Cyndy
83 Dore
84 Eleonore
83 Galina
97 Hedy
92 Jennee
93 Marrissa
87 Nancie
88 Val
93 Vilma
94 Zorah
Waiting!
47 Alicea
41 Arlena
45 Coralie
48 Felecia
43 Gerda
40 Lela
36 Lilly
54 Muire
42 Risa
45 Sandra
43 Serena
37 Shana
50 Trixi
Waiting!
77 Alvira
82 Alyse
81 Cahra
79 Christin
74 Jammie
75 Rivy
82 Robby
74 Starlene
75 Tommie
76 Veronika
Waiting!
3 Alia
3 Chantalle
5 Delila
4 Janot
1 Kassi
Waiting!
34 Marsiella
Waiting!
86 Brittaney
95 Gerti
87 Revkah
Waiting!
22 Rosita
Waiting!
59 Sada
