Waiting!
21 Ashlen
30 Aubrey
20 Bambie
30 Bernardina
34 Dallas
38 Emlyn
22 Frances
32 Gwenni
19 Kacy
27 Kelci
28 Manda
32 Marline
28 Mehetabel
20 Meridel
36 Orel
28 Orly
25 Ronica
36 Silvie
25 Susie
Waiting!
60 Alys
62 Antonetta
76 Carrissa
60 Cary
76 Crista
70 Dawna
80 Eleanor
78 Hildegarde
79 Kati
73 Margarete
71 Marsiella
72 Mei
63 Nara
68 Ophelie
78 Randy
76 Shellie
72 Susanne
63 Valeria
Waiting!
4 Blinny
11 Cam
8 Devan
1 Elysia
6 Jeanette
4 Koo
2 Madonna
1 Nerta
5 Phaedra
8 Tilda
1 Vonny
4 Yoko
Waiting!
14 Alis
12 Emmalynne
14 Kirstyn
13 Nicola
13 Orelee
17 Rachael
Started!
55 Anet
46 Atlante
52 Barbee
58 Batsheva
46 Carlee
51 Cheslie
51 Christyna
59 Daryl
48 Ethel
50 Giuditta
58 Hedi
51 Hetty
56 Jacklin
57 Jacquetta
43 Karoly
47 Lavena
51 Maggi
48 Romola
45 Sharron
53 Sissy
54 Susannah
57 Vikki
Waiting!
92 Gerhardine
100 Marylinda
90 Min
95 Rochelle
97 Rozele
Waiting!
81 Amalea
82 Babara
84 Bella
82 Joli
86 Peggie
