Started!
71 Bette
63 Cary
73 Dara
66 Gennifer
59 Henka
74 Jennine
56 Joyce
65 Kattie
75 Kendre
65 Livvy
60 Pen
65 Rodina
65 Shelia
61 Susannah
64 Valeria
59 Willetta
Started!
17 Almira
20 Blinny
12 Brandie
22 Caresse
17 Christiana
10 Dalia
6 Jackqueline
18 Jenny
9 Kelci
17 Lian
12 Marigold
10 Martguerita
8 Martina
6 Mehetabel
21 Merl
19 Stella
Started!
47 Angie
52 Babette
62 Clarisse
62 Edin
53 Erminie
46 Fancie
50 Gabriellia
52 Hertha
44 Jayme
52 Keeley
61 Lilia
48 Melli
48 Rowe
54 Rozelle
57 Sibel
56 Tilda
Started!
90 Bertha
86 Clari
82 Danica
79 Ellyn
82 Janeczka
79 Leesa
91 Mathilda
90 Nada
84 Nicolle
87 Peggy
80 Prudence
88 Rozalin
82 Scarlett
86 Silvie
80 Sissy
73 Yolanda
Started!
30 Alethea
40 Dionis
41 Dorthy
43 Gweneth
31 Kassi
31 Lark
34 Lorie
38 Lynea
37 Minna
38 Olva
39 Rheta
32 Siusan
42 Susanne
38 Sydel
37 Ursula
34 Veriee
Started!
28 Ashely
26 Bernadene
16 Chrysler
25 Dorine
24 Elayne
24 Emmalynne
23 Florella
29 Francesca
22 Iolanthe
21 Lauryn
23 Mercie
27 Merla
28 Othelia
29 Reena
18 Sherri
14 Violante
Started!
87 Adrianna
99 Dinny
94 Ethel
95 Juline
100 Kikelia
95 Lilllie
100 Malvina
93 Merrili
97 Mufi
94 Ofilia
88 Ora
88 Ruby
95 Shandeigh
93 Sissie
93 Theda
89 Valentine
Started!
3 Alyce
4 Anissa
12 Bernie
3 Brietta
13 Camilla
9 Consolata
5 Corri
10 Darleen
4 Issie
5 Krystalle
3 Kyle
2 Lulu
12 Roxy
3 Shirline
9 Tabby
9 Verene
Started!
77 Ann
78 Brianne
68 Carolee
65 Caroljean
66 Delly
68 Eileen
78 Georgine
76 Hortensia
59 Jana
77 Jenni
70 Laverne
63 Malia
71 Merle
69 Peggie
69 Tandi
77 Zenia
Started!
85 Bianca
79 Briney
78 Cassi
76 Catina
93 Corny
84 Elisha
87 Elonore
91 Laney
86 Libby
79 Lorita
81 Magdalen
83 Nancie
86 Selinda
81 Selma
92 Sharyl
77 Sianna
Waiting!
7 Abbie
11 Amelie
2 Andeee
3 Beryl
11 Brynna
2 Candis
1 Delores
8 Dix
1 Emmy
10 Gilligan
1 Jeannie
1 Livvie
9 Lyndell
9 Morena
Started!
57 Antoinette
51 Carol-Jean
49 Clementia
56 Corabelle
67 Hanny
53 Janessa
53 Lanni
57 Lorianne
58 Mallory
54 Mariette
54 Ramona
55 Rianon
50 Sarette
53 Sibbie
57 Tommy
57 Vernice
Started!
46 Blondelle
46 Brittne
37 Claudelle
36 Elisabet
40 Hephzibah
36 Imelda
41 Jacqui
36 Korella
53 Kristyn
51 Mady
38 Nanni
41 Odetta
44 Raeann
43 Rivkah
38 Shirlene
50 Stacy
Waiting!
99 Eula
99 Frayda
100 Sandra
99 Susann
Started!
21 Abbey
23 Abigale
29 Adelle
20 Anica
33 Arabela
28 Bari
29 Benny
20 Carlin
19 Danika
27 Dulcine
33 Eugenie
21 Kenna
22 Mel
28 Noelani
32 Robin
20 Susan
Waiting!
12 Cairistiona
12 Jonie
15 Wilone
Waiting!
66 Carrissa
71 Drucie
78 Gwynne
65 Jenica
63 Lizzy
73 Ronni
72 Saudra
Waiting!
60 Dynah
60 Eden
60 Elie
55 Jemmy
59 Jobi
56 Natassia
