Waiting!
14 Alejandrina
9 Alissa
13 Annetta
16 Celeste
19 Cindy
6 Clo
22 Diana
8 Elfrieda
8 Gussy
9 Kathlin
12 Lindie
11 Lorri
11 Minni
19 Terrie
15 Virginia
18 Wilona
21 Yasmeen
Waiting!
96 Bertie
88 Binny
100 Brita
99 Kimberlee
98 Magdalen
90 Maiga
92 Nicky
95 Tim
98 Winnah
Waiting!
62 Adi
71 Agnola
72 Anny
73 Avril
54 Babita
68 Biddy
67 Bryana
65 Carole
64 Cayla
69 Cecelia
71 Deina
56 Dinnie
66 Edie
67 Erika
63 Eryn
59 Janetta
72 Juliane
54 Martie
56 Milissent
63 Shanie
67 Stephana
Waiting!
5 Blaire
3 Bunnie
3 Fancie
5 Vittoria
Waiting!
76 Alma
82 Cyb
76 Darci
77 Debi
81 Stacey
75 Veronike
Waiting!
31 Astrix
29 Chelsae
37 Gerta
31 Hermia
38 Leone
29 Lynn
30 Lynna
32 Mandy
39 Rachele
Waiting!
48 Casie
44 Dawn
41 Kesley
44 Leta
49 Roxanne
