Started!
63 Ashly
56 Deeann
64 Delila
51 Dulciana
57 Hetti
66 Joana
63 Johnna
57 Zola
Started!
10 Aprilette
22 Cristy
20 Hildegaard
11 Jandy
25 Sherilyn
20 Tim
23 Vivian
21 Zahara
Started!
73 Ann-Marie
72 Carole
72 Chickie
82 Drucie
82 Kirsteni
77 Marlie
76 Shelbi
73 Stephana
Started!
88 Angelique
94 Catha
88 Faina
95 Ingeborg
94 Jeanette
95 Kessia
86 Ki
87 Mildred
Started!
44 Brenna
41 Dita
33 Ettie
38 Hadria
37 Janetta
42 Wanids
45 Xylina
30 Zsazsa
Started!
8 Bryana
11 Caritta
1 Friederike
2 Guenevere
5 Jacqui
7 Lolly
9 Myra
18 Samaria
Started!
81 Bobbe
79 Genni
83 Halley
90 Kimberlee
90 Lisetta
80 Meg
79 Sashenka
78 Tiffany
Started!
66 Clarinda
60 Corilla
56 Guillemette
68 Jaime
59 Jillie
57 Leta
68 Yvonne
57 Zandra
Started!
94 Albina
93 Dania
91 Ellissa
93 Francyne
89 Karna
100 Lorelle
98 Staci
98 Tobye
Started!
19 Cate
31 Gwyneth
19 Jemima
28 Laurice
21 Moreen
27 Rozele
33 Trixy
23 Tybie
Started!
45 Audrie
39 Clemence
42 Joscelin
34 Lenora
46 Maxine
43 Sandie
47 Tildy
48 Wenda
Started!
74 Alyce
75 Ashien
65 Bobina
65 Enrichetta
75 Franky
75 Jeanine
64 Natalie
79 Rica
Started!
5 Arlene
7 Elsi
11 Glenna
11 Lari
13 Malissa
3 Martina
14 Saba
5 Terrijo
Started!
57 Eleni
61 Glyn
55 Glynnis
55 Gusti
53 Harriott
60 Lane
63 Miguela
66 Wynn
Started!
81 Felisha
81 Gena
78 Gus
91 Honey
92 Kym
85 Lenette
87 Madelin
86 Phedra
Started!
52 Cora
52 Crista
50 Elaine
43 Felice
51 Kimmie
57 Marta
58 Nady
49 Ruth
Waiting!
97 Angele
99 Denise
97 Desiri
99 Giustina
92 Raychel
Started!
38 Abby
33 Alyse
40 Ara
37 Charmian
32 Danyette
39 Gayel
40 Helen-Elizabeth
41 Natala
Started!
24 Amelie
13 Carmelina
17 Davina
19 Emili
23 Freda
27 Lil
20 Maxy
18 Myrtie
Started!
76 Elisabet
78 Georgeanne
72 Gillie
74 Idaline
81 Ileane
71 Joli
77 Patrica
87 Veda
Waiting!
44 Alexine
54 Daloris
58 Evangelia
57 Hildy
58 Jamima
49 Leontine
45 Tani
Waiting!
68 Addy
67 Eustacia
66 Sidonnie
Waiting!
16 Donnamarie
23 Sande
Waiting!
6 Consolata
Waiting!
35 Lorita
