Started!
2 Bettye
6 Eleni
11 Enrichetta
2 Eyde
5 Gilemette
2 Jeanine
11 Koral
6 Leta
12 Marissa
10 Maryann
7 Renie
12 Tamarra
Started!
23 Blaire
22 Corilla
20 Donnamarie
17 Georgeanne
13 Halley
16 Kaylee
14 Lani
23 Margaret
17 Margy
22 Marrilee
17 Michaelina
24 Seline
Started!
82 Devonna
79 Dita
92 Dulcie
78 Gertrudis
83 Guenevere
83 Janifer
77 Lauretta
88 Lila
81 Nessi
86 Oriana
91 Samaria
74 Stepha
Started!
48 Fawne
36 Joana
46 Kessia
51 Maddalena
46 Marlie
54 Marnia
38 Rosie
40 Ruthie
38 Vernice
37 Vivian
43 Vyky
37 Xylina
Started!
98 Ardenia
88 Brit
86 Cherin
94 Grier
93 Kit
85 Laurice
93 Michelle
90 Mufi
92 Pammi
95 Prisca
94 Shalne
95 Tatiania
Started!
60 Ardra
68 Audrye
76 Bab
79 Elicia
66 Jandy
66 Jeanette
76 Margot
71 Meg
60 Merralee
71 Rochella
70 Teddie
62 Zsazsa
Started!
25 Anabelle
34 Brunhilde
27 Christan
35 Darice
32 Erminie
28 Jemima
28 Kirsteni
35 Lotty
25 Marna
31 Melamie
31 Peg
27 Trixy
Started!
57 Ara
46 Bobina
54 Charisse
55 Clemence
57 Fayette
42 Jeri
42 Jonis
44 Kira
58 Melisse
48 Nata
42 Shantee
52 Sybilla
Started!
79 Barbee
83 Chloris
84 Cynthie
91 Franky
77 Kellina
75 Kimberlee
77 Lacie
83 Louella
80 Seana
78 Selia
77 Shandeigh
73 Sibylle
Started!
65 Consolata
66 Dion
73 Ellette
62 Kalinda
71 Kendra
65 Leela
65 Maire
65 Miguela
67 Milicent
70 Nance
72 Rory
71 Toma
Started!
19 Desiri
16 Donetta
17 Dulsea
21 Ebba
18 Hatti
28 Kelcey
26 Klara
34 Mellisent
29 Miran
22 Moyna
21 Scarlet
20 Sidonnie
Started!
94 Cacilie
100 Cher
92 Chris
95 Collie
91 Dorothee
98 Emily
91 Genia
100 Harriott
100 Josephine
96 Laure
97 Lorita
88 Velma
Started!
62 Andee
69 Anthiathia
61 Caressa
52 Carmelina
59 Felice
54 Freda
63 Gertrud
54 Gillie
68 Kate
54 Lyndsey
68 Robinia
54 Rosamund
Waiting!
15 Abbie
14 Carly
1 Celene
15 Christin
4 Dee
13 Dorotea
6 Eleanor
7 Elysha
5 Minni
16 Randa
14 Rodina
Started!
81 Ainsley
78 Aubry
76 Deerdre
89 Fionna
93 Frannie
83 Ingunna
89 Jordan
80 Lanni
78 Michelina
84 Milena
74 Raeann
82 Sande
Started!
42 Alyda
48 Bria
48 Dayna
50 Gnni
48 Gus
45 Ileane
45 Leontine
40 Luciana
49 Maisie
42 Marcella
46 Muire
49 Pepi
Waiting!
71 Cairistiona
69 Cory
68 Ernaline
63 Gisella
69 Phillis
69 Ronica
64 Tanitansy
Waiting!
97 Dorrie
89 Emmie
88 Karna
98 Sena
98 Steffie
Waiting!
44 Conny
28 Dinnie
41 Gusti
25 Joanie
31 Lynette
34 Madeleine
Waiting!
53 Carlita
45 Courtnay
54 Ilse
58 Mable
Waiting!
85 Marita
Waiting!
23 Alikee
