Started!
97 Aloysia
81 Amalee
88 Kimberley
78 Linnell
93 Randi
Started!
72 Alison
68 Elissa
75 Kerrie
71 Lenna
65 Petrina
Started!
28 Aliza
20 Charmaine
12 Coral
22 Deloris
29 Erminie
Started!
42 Abra
44 Ardra
39 Kiah
34 Louella
38 Selina
Started!
4 Dalia
8 Lynelle
9 Petronella
9 Wendye
9 Wilmette
Started!
65 Breanne
68 Charo
63 Consolata
56 Gretel
66 Reyna
Started!
97 Aimee
96 Corrina
99 Fawn
97 Gunilla
95 Shandra
Started!
49 Ainslee
48 Gabriell
48 Jenelle
50 Kevyn
47 Rubetta
Started!
77 Annamarie
73 Dorine
67 Kalila
71 Krystle
69 Lorelle
Started!
84 Amy
89 Dorothea
92 Feodora
84 Juana
85 Winifred
Started!
6 Donnamarie
8 Ingunna
10 Maribelle
8 Priscella
3 Talyah
Started!
54 Celle
57 Di
47 Elbertine
56 Rani
55 Ricki
Started!
36 Belle
40 Dionis
28 Elsa
30 Rickie
35 Shannon
Started!
26 Jessamyn
11 Neala
20 Ramonda
27 Robinet
23 Stephine
Started!
59 Cecile
51 Guenna
50 Krissy
57 Peri
45 Yalonda
Started!
96 Aili
99 Brigida
100 Elinore
83 Keelia
90 Kimberly
Started!
77 Emlynne
70 Mabelle
76 Sadie
75 Tisha
69 Zorah
Started!
9 Alix
3 Cindee
6 Emmeline
10 Freddi
3 Marcile
Started!
57 Aloise
69 Karalynn
62 Karna
63 Lauretta
62 Shanon
Started!
22 Karil
35 Saidee
30 Tate
29 Timi
34 Winnah
Started!
41 Alexandrina
39 Denyse
49 Ingrid
41 Jacinthe
54 Nicholle
Started!
78 Karina
85 Marin
81 Renelle
90 Shea
95 Winona
Started!
96 Edin
98 Malinde
98 Raven
97 Rodina
97 Tomasina
Started!
28 Corabel
23 Eliza
33 Germaine
29 Gilbertine
23 Sula
Started!
13 Jessi
17 Jodie
11 Orel
11 Rivkah
10 Sibley
Started!
19 Blondell
18 Daisi
29 Doralyn
27 Lynette
33 Rebekkah
Started!
50 Leontyne
57 Madelaine
57 Melony
60 Noami
52 Tillie
Started!
13 Carla
18 Lane
11 Larisa
13 Maitilde
15 Phil
Started!
77 Alexa
89 Bridgette
82 Nonna
84 Robby
88 Tamqrah
Started!
94 Cassie
96 Elisabetta
93 Magdaia
88 Marianna
91 Tessie
Started!
39 Alie
37 Elianore
32 Eran
33 Hannis
36 Katuscha
Started!
1 Cyndia
4 Gwyn
5 Kordula
10 Morganne
6 Ralina
Started!
27 Dita
27 Hailee
29 Jana
37 Jasmina
27 Quintana
Started!
73 Deidre
79 Kathe
84 Margit
71 Missie
76 Pepi
Started!
50 Barbaraanne
45 Brenda
40 Elspeth
54 Ola
39 Robinia
Started!
90 Berget
94 Ianthe
98 Milena
94 Phoebe
100 Pru
Started!
45 Adrea
49 Carolyne
46 Marnia
51 Sharleen
42 Vyky
Started!
86 Jenn
89 Laurette
84 Martita
88 Philly
80 Raeann
Started!
74 Etti
66 Hayley
68 Heida
67 Josefa
62 Joycelin
Started!
37 Bibbie
43 Jessy
34 Neda
34 Oliy
43 Vale
Started!
56 Clemmie
48 Julienne
46 Lanita
49 Marjie
48 Ottilie
Started!
15 Dale
21 Mollee
13 Phylys
27 Ros
22 Tootsie
Started!
57 Brear
61 Dori
56 Lorine
53 Sioux
56 Tami
Started!
74 Courtnay
84 Georgette
84 Glenn
79 Justine
72 Wendie
Started!
2 Evelina
4 Lindie
2 Marybelle
1 Natka
4 Paloma
Started!
75 Janaye
74 Kandy
67 Korella
76 Malynda
67 Rakel
Started!
31 Bellina
36 Beverley
39 Brit
39 Deena
32 Murial
Started!
99 Christin
92 Kalie
83 Leann
91 Peggi
96 Tabby
Started!
18 Aubrie
26 Collette
19 Monique
27 Serena
37 Yevette
Started!
79 Benita
75 Cheri
70 Clovis
80 Kissie
79 Lisha
Started!
25 Helyn
15 Ileana
15 Lynett
12 Tonye
17 Zaneta
Started!
29 Barbra
35 Darby
19 Dulcine
37 Georgiana
32 Nicky
Started!
45 Cindy
55 Collen
58 Demeter
55 Ira
59 Samantha
Started!
58 Adena
67 Cassaundra
77 Codee
66 Lee
76 Marisa
Started!
95 Babita
89 Brianna
98 Deva
95 Hinda
88 Rafa
Waiting!
30 Dona
40 Isobel
40 Sarah
Waiting!
87 Allene
78 Calley
85 Debby
82 Jean
Started!
16 Blinny
8 Brittani
17 Stephanie
6 Stephi
14 Violette
Waiting!
28 Kathrine
29 Konstanze
Waiting!
55 Korie
