Started!
60 Alexandrina
51 Anjanette
44 Bryna
44 Cass
60 Cornelia
55 Demetria
45 Eachelle
51 Gustie
54 Harriet
53 Hayley
54 Jordana
54 Joscelin
57 Lanie
52 Rebekah
48 Thekla
45 Wendeline
Started!
8 Ania
8 Celle
9 Evangelin
7 Henrieta
5 Jaquelin
9 Joelynn
10 Kerrie
17 Lelah
3 Olive
5 Pennie
2 Phyllys
6 Priscella
13 Renell
18 Roseanna
1 Sada
17 Wylma
Started!
85 Aileen
80 Aprilette
94 Caressa
90 Cissy
92 Davita
82 Gerrie
98 Gladi
84 Janean
81 Karna
86 Katusha
85 Kelli
88 Krissy
93 Laetitia
81 Manda
87 Maribelle
87 Sunshine
Started!
73 Berty
76 Brynn
72 Carmelina
69 Carry
72 Cindie
70 Etta
71 Evaleen
77 Gleda
73 Jobyna
74 Laurella
79 Pearla
61 Petronia
67 Riki
64 Rochelle
73 Ronni
77 Sadie
Started!
29 Abra
21 Alikee
37 Anabel
26 Carin
29 Charmion
28 Dulcea
26 Gill
21 Gwyn
23 Harrie
25 Lindsey
36 Marcelia
32 Meggy
28 Nickie
28 Patti
23 Tarra
23 Vonnie
Started!
32 Ashlee
39 Barbara-Anne
51 Bernadette
34 Dani
44 Daveen
32 Ellyn
35 Fanchon
38 Faustina
41 Juana
39 Karil
38 Maris
40 Marley
50 Rosina
49 Sibyl
35 Storm
38 Valina
Started!
6 Amberly
9 Carlynn
15 Cyb
5 Daisy
8 Dari
13 Emiline
11 Kizzee
15 Lauretta
12 Lusa
9 Patrizia
15 Patty
5 Ranice
15 Shelbi
8 Shoshanna
15 Tandy
10 Vanni
Started!
94 Albertina
87 Alexa
95 Aliza
92 Catharina
86 Chrysler
99 Danice
94 Domeniga
92 Glenda
95 Jilleen
86 Julee
95 Keriann
88 Lane
99 Mignon
97 Mufinella
87 Ninnetta
96 Rozamond
Started!
87 Allison
70 Gay
82 Jacqui
78 Janice
77 Kathe
84 Keri
81 Korney
79 Lila
81 Loise
75 Loren
77 Marya
78 Melonie
80 Pietra
68 Rachael
80 Sheba
81 Sydney
Started!
62 Abbe
63 Abigale
66 Adrea
61 Anallese
59 Angelina
77 Aurora
65 Candie
58 Carmel
69 Edyth
68 Ellen
57 Karilynn
72 Kaylee
67 Lexi
66 Lurline
76 Mollee
58 Tessie
Started!
28 Angeline
23 Annadiane
18 Anya
35 Berte
22 Charmane
34 Cordie
15 Eilis
27 Fleurette
25 Herminia
29 Mariska
23 Niki
18 Olva
27 Pierrette
30 Ralina
15 Rayna
19 Shea
Started!
55 Atlanta
46 Aubrette
55 Blondell
52 Cordula
46 Daune
52 Dena
52 Dix
47 Drucill
54 Gilbertine
66 Kala
51 Kanya
53 Leslie
52 Margarette
54 Phebe
60 Ros
56 Tomasina
Started!
9 Agna
4 Bernie
2 Camellia
2 Dacy
1 Daron
7 Erica
12 Faythe
2 Franny
12 Helen
7 Juliette
4 Karita
3 Kassandra
12 Melania
1 Ranna
5 Valeria
11 Willamina
Started!
87 Ara
91 Barbaraanne
100 Elena
99 Evangeline
91 Ileana
92 Ilsa
90 Jodie
97 Karla
88 Mersey
90 Monique
93 Morena
97 Nancy
92 Quintana
100 Renae
92 Robinia
90 Shelagh
Started!
39 Allyce
43 Charline
47 Dela
45 Katrine
41 Leila
33 Lorne
40 Madelon
44 Malvina
38 Meredithe
48 Mirabelle
30 Murial
34 Rebecca
46 Roana
36 Shantee
38 Tami
32 Vivyanne
Waiting!
93 Allene
93 Annnora
78 Charyl
91 Collen
87 Demetris
91 Grier
90 Hulda
85 Ianthe
90 Janel
77 Julina
84 Margaux
81 Ninnette
87 Romy
94 Vivianna
Waiting!
23 Alfreda
26 Bellina
15 Corella
22 Debra
15 Doretta
25 Kata
26 Lauraine
19 Melicent
26 Rosalinde
21 Ruthe
Waiting!
73 Cordi
67 Jacquelyn
73 Paulie
65 Tim
Waiting!
98 Ansley
99 Isobel
96 Janet
Waiting!
51 Brittani
51 Carmen
53 Collette
53 Dulcine
53 Malina
57 Sapphire
52 Susann
59 Wynny
Waiting!
7 Neda
Waiting!
38 Mallissa
