Waiting!
57 Allis
47 Ania
64 Belvia
61 Brandy
63 Desdemona
52 Dorotea
63 Etti
64 Gavrielle
48 Janella
47 Kial
67 Kittie
50 Kyla
50 Lenna
55 Leontine
66 Lilly
62 Linea
65 Lynda
50 Madelaine
64 Madella
64 Mireielle
63 Nola
47 Petrina
49 Tatiania
Waiting!
46 Arabella
37 Aubrie
44 Brenn
43 Conni
42 Corie
31 Danna
39 Emilia
36 Erminie
43 Ernesta
41 Ethelind
39 Jolene
41 Lela
37 Meriel
33 Oralla
44 Rachele
42 Rochell
31 Shelli
36 Trudy
40 Ulrikaumeko
33 Vivyanne
Waiting!
17 Abbie
28 Aileen
17 Caterina
23 Christy
25 Codi
12 Corrie
23 Josefina
24 Loraine
29 Marcela
20 Maryrose
24 Nannette
29 Wendeline
Waiting!
90 Becka
76 Betteanne
92 Carry
83 Celisse
90 Cristal
81 Ellynn
76 Irina
92 Janot
91 Kathlin
85 Katya
75 Romona
82 Roxi
Waiting!
99 Brooke
96 Carla
96 Christan
94 Kiri
Waiting!
6 Cornie
1 Jesselyn
2 Madelyn
7 Vivia
Waiting!
70 Eloisa
72 Hildagard
70 Kikelia
70 Leigha
70 Whitney
