Started!
12 Alfreda
2 Audra
12 Bobbette
2 Carry
8 Daffy
1 Debor
3 Gilda
1 Karyn
5 Konstanze
8 Madge
6 Mitzi
5 Oralla
2 Sheryl
1 Veda
12 Yevette
Started!
67 Bobine
54 Brena
69 Clarine
67 Dix
52 Donia
53 Harriett
61 Merrilee
71 Nedi
64 Pierette
57 Rosetta
69 Saloma
61 Twila
71 Vinnie
55 Ynes
60 Zora
Started!
30 Carita
37 Catie
26 Dorolice
43 Harley
34 Julienne
27 Koral
38 Lesli
26 Natalina
38 Noreen
38 Paulita
33 Quinta
25 Tilly
26 Ulla
23 Vanda
33 Vernice
Started!
78 Ame
91 Angil
81 Edythe
74 Felice
81 Hedy
87 Jehanna
89 Kali
85 Lanette
82 Linea
72 Livvyy
75 Maia
72 Maris
76 Persis
75 Quinn
86 Yelena
Started!
50 Alikee
45 Alisha
47 Ava
59 Cherry
52 Elisa
45 Hephzibah
49 Lyda
41 Malynda
44 Mora
46 Nicoline
49 Olva
58 Philipa
51 Star
56 Toma
58 Zaneta
Started!
83 Barbette
89 Betty
100 Dulcinea
100 Fernande
87 Frederique
84 Gabriellia
92 Jacquelin
83 Kessia
93 Megan
95 Michelina
93 Midge
94 Nikolia
91 Queenie
99 Tamara
92 Tiffy
Started!
17 Ema
24 Evy
7 Florida
15 Golda
14 Hanni
20 Helga
14 Kandy
16 Kimberli
7 Leslie
19 Maddalena
15 Pamela
14 Rina
13 Siouxie
19 Thomasina
14 Wilie
Started!
73 Amabelle
72 Becca
70 Betteann
80 Cloe
79 Eustacia
82 Georgeanne
68 Karina
72 Kiri
72 Liv
69 Murial
75 Olive
80 Prissie
67 Rachele
74 Tamarah
66 Zorina
Started!
23 Angelika
24 Benita
37 Dionis
37 Franny
34 Hyacinthia
27 Karola
27 Kelly
32 Koralle
29 Lishe
30 Lorelei
39 Minnaminnie
32 Miquela
28 Rafa
20 Trenna
23 Viv
Started!
61 Alexi
54 Biddy
67 Blaire
70 Clare
52 Dee
53 Emelia
69 Ernestine
59 Grissel
57 Jaymee
56 Judy
54 Maiga
56 Olly
52 Sada
51 Sonnnie
67 Valaria
Started!
96 Bellina
99 Billye
98 Halie
91 Jeanelle
93 Jilli
94 Karly
97 Ophelia
89 Rae
96 Rafaelita
89 Rosabella
99 Silvie
90 Susan
98 Talya
93 Xylina
94 Yolanda
Started!
13 Adda
16 Allyn
12 Ashleigh
8 Blanch
7 Danya
9 Eugine
8 Gael
15 Harli
12 Hyacinthe
1 Jasmina
13 Kippie
17 Louella
10 Monique
9 Randee
17 Sande
Waiting!
48 Atalanta
41 Dulcine
49 Kayla
48 Keely
53 Marcile
45 Oralia
48 Reyna
43 Robbyn
50 Rois
59 Rosabelle
41 Shelba
44 Tedi
Started!
81 Adria
83 Annice
79 Bobbe
81 Carmon
86 Chiarra
79 Domeniga
83 Ebba
78 Kathrine
79 Katti
84 Kirbee
88 Klarika
77 Krystal
87 Lillian
87 Manya
80 Pollyanna
Started!
73 Aleece
74 Annette
74 April
72 Arabella
73 Brinn
63 Briny
72 Camille
79 Charmain
66 Clarita
74 Evvy
76 Ginevra
69 Godiva
72 Lesly
62 Mimi
76 Sybila
Waiting!
23 Anastassia
30 Andee
23 Bel
20 Bianca
13 Filippa
19 Jaime
19 Johnath
14 Joyce
20 Marleah
22 Melina
14 Morissa
19 Tonye
18 Vivyan
11 Zulema
Waiting!
34 Brita
34 Gwendolin
34 Laurel
35 Lucretia
31 Noel
31 Rayshell
Waiting!
86 Agna
85 Corabelle
99 Jacquenette
88 Jennifer
89 Madelin
89 Mariska
91 Siusan
Waiting!
4 Gianna
7 Kay
2 Lilia
3 Ranique
Waiting!
69 Demetris
73 Jolynn
63 Katine
73 Laurena
71 Melony
