Started!
45 Abigael
46 Bea
48 Berte
Started!
72 Dacy
85 Elka
78 Licha
Started!
82 Abbye
89 Claudetta
96 Lilian
Started!
7 Courtney
14 Margalit
15 Philis
Started!
100 Abbie
95 Adrea
90 Cherilynn
Started!
84 Fawne
70 Kattie
74 Stephannie
Started!
26 Astrid
22 Nettie
20 Rey
Started!
3 Adaline
6 Adria
12 Mollie
Started!
54 Erika
44 Gabriela
47 Maitilde
Started!
85 Camile
82 Issy
79 Kathi
Started!
69 Estrella
65 Marty
73 Vivyanne
Started!
38 Celinda
43 Leone
37 Petronilla
Started!
17 Faythe
23 Pandora
22 Sascha
Started!
81 Annamaria
83 Midge
77 Sarina
Started!
48 Karel
52 Luci
55 Wendie
Started!
76 Adora
69 Dania
71 Wren
Started!
30 Adrienne
37 Elyssa
39 Hollyanne
Started!
12 Adriaens
11 Adriane
4 Modesta
Started!
76 Afton
64 Gay
73 Jacki
Started!
93 Cally
99 Gena
92 Kym
Started!
19 Devonna
16 Jena
9 Valenka
Started!
63 Cory
74 Hettie
65 Viva
Started!
3 Agnese
2 Etheline
3 Rorie
Started!
17 Aigneis
20 Cherie
27 Zonnya
Started!
39 Sioux
39 Suellen
40 Viki
Started!
97 Farand
93 Kip
89 Pippa
Started!
69 Adore
77 Agnola
75 Lari
Started!
52 Aretha
46 Eolande
60 Jere
Started!
29 Ailina
19 Helyn
25 Wendy
Started!
95 Adey
92 Antonie
100 Meta
Started!
10 Ajay
6 Danyelle
5 Elfie
Started!
41 Chrysa
34 Constantina
39 Kiri
Started!
17 Alayne
36 Lacie
27 Orelia
Started!
82 Cinderella
83 Drusilla
84 Zabrina
Started!
69 Ainslie
64 Analise
65 Chandra
Started!
6 Brena
8 Ellie
16 Juanita
Started!
50 Albertine
50 Cyndi
44 Dionne
Started!
40 Alene
43 Darice
43 Krystalle
Started!
68 Adah
61 Adeline
68 Ema
Started!
97 Caty
100 Mabelle
97 Marcille
Started!
19 Ali
9 Evie
16 Karlotta
Started!
40 Alfy
30 Gabriella
40 Tedra
Started!
84 Cate
75 Janie
73 Laurene
Started!
54 Jennine
60 Paula
62 Rona
Started!
94 Alexina
96 Jodi
96 Sallie
Started!
41 Blinny
36 Gael
49 Tiphany
Started!
69 Brittaney
72 Molly
79 Nara
Started!
58 Alicea
68 Alika
53 Natalina
Started!
21 Loutitia
25 Queenie
32 Sybyl
Started!
19 Bethena
7 Mavra
9 Rodi
Started!
71 Cordelia
69 Merralee
64 Sonnnie
Started!
43 Karie
53 Nanette
39 Phaedra
Waiting!
24 Karoline
22 Miguelita
Started!
89 Celestyn
91 Gina
95 Lucinda
Waiting!
49 Martguerita
53 Sandye
Waiting!
3 Fanni
Waiting!
42 Devan
Waiting!
81 Alessandra
