Started!
89 Courtenay
91 Ebba
95 Nady
92 Sharron
Started!
34 Adina
34 Haleigh
31 Linnet
35 Lyndsay
Started!
52 Jacquetta
45 Jerrie
39 Malinda
49 Meredith
Started!
78 Arly
78 Bobina
73 Constancy
73 Pauly
Started!
65 Agnola
62 Evelyn
67 Idette
58 Rania
Started!
17 Andie
16 Anna-Maria
14 Anni
9 Joyann
Started!
79 Adey
77 Hertha
77 Jolyn
79 Minni
Started!
100 Inger
92 Nerti
100 Reyna
92 Tove
Started!
19 Bette
24 Elita
31 Eyde
22 Lotte
Started!
3 Bea
8 Chrystel
9 Georgeanne
11 Janette
Started!
34 Adeline
39 Cristabel
39 Paulita
33 Reiko
Started!
53 Bianca
46 Elinore
38 Sharleen
37 Val
Started!
27 Aili
26 Kass
35 Lucita
36 Pamella
Started!
2 Chrissie
6 Dorotea
12 Elvira
16 Ruby
Started!
58 Joela
53 Merilyn
57 Roselia
51 Yelena
Started!
7 Elora
7 Esmaria
10 Randie
4 Ruthie
Started!
88 Daphene
79 Eirena
79 Kaye
83 Merralee
Started!
95 Josi
85 Kati
93 Leticia
92 Tierney
Started!
47 Aleen
33 Chloris
39 Cordi
34 Tandie
Started!
79 Allina
72 Sena
70 Sheilah
79 Shir
Started!
7 Henrieta
12 Jewel
21 Lenna
13 Patrica
Started!
58 Annadiana
51 Dennie
56 Dyann
59 Robinia
Started!
35 Kamila
54 Prudence
38 Tallie
45 Tedra
Started!
31 Angelia
21 Elysia
19 Isabelle
15 Leone
Waiting!
2 Aile
1 Roanna
10 Vivie
Started!
64 George
66 Kora
68 Mallissa
58 Shalna
Started!
91 Dasie
98 Denna
97 Madelene
91 Myranda
Started!
48 Britte
43 Candice
46 Cathrine
35 Dara
Started!
66 Dorice
61 Lynsey
60 Tamara
66 Veradis
Started!
57 Bellina
49 Rosella
48 Sydel
54 Zelda
Started!
34 Adelheid
29 Amalea
27 Fredrika
30 Perrine
Started!
13 Erminia
18 Janelle
12 Jocelyne
19 Sybil
Waiting!
75 Ag
65 Carmela
66 Pierrette
Started!
89 Sue
87 Susannah
88 Wenda
95 Zita
Waiting!
42 Fleur
51 Vanya
Waiting!
77 Elbertine
83 Ettie
83 Tessie
Waiting!
100 Lorie
96 Tiphany
