Started!
35 Aila
16 Carolin
25 Cecilia
36 Charmine
25 Chrissy
17 Christin
19 Claudette
32 Gladys
31 Jaimie
35 Marilee
34 Marin
21 Roberta
28 Shalna
19 Sonja
26 Tricia
21 Vivie
Started!
83 Amelina
80 Bibbye
79 Carlye
98 Charissa
86 Chiquita
96 Cody
81 Eimile
83 Lynna
85 Nerita
90 Odille
79 Pauletta
87 Pauli
98 Rafaela
88 Shawna
97 Star
80 Teri
Started!
76 Alica
77 Alis
69 Cacilia
67 Cami
76 Gaynor
85 Joline
76 Kordula
74 Loralee
74 Luise
69 Lynne
79 Paulina
67 Shellie
77 Sianna
67 Sophie
86 Stacia
68 Valeda
Started!
16 Alayne
8 Annie
5 Arlee
3 Caressa
8 Caril
17 Dasya
11 Evonne
8 Gwendolin
14 Julina
4 Karola
15 Mable
9 Opal
12 Phyllys
9 Rhonda
8 Tonya
5 Viviana
Started!
39 Ayn
48 Barry
42 Caty
37 Celka
51 Charity
47 Cindie
41 Dixie
51 Gates
42 Gusti
43 Judith
51 Kim
42 Nanny
42 Ollie
51 Ruthie
50 Tybi
42 Wally
Started!
59 Alyss
63 Bliss
54 Delilah
60 Elli
56 Hillary
58 Licha
57 Lorenza
56 Maryanne
56 Merilyn
53 Mil
57 Norma
63 Peggy
56 Storm
63 Suellen
63 Verla
63 Whitney
Started!
29 Agatha
23 Carmon
19 Christiane
21 Davine
31 Dayna
20 Fayette
21 Ferne
15 Gerianne
16 Maude
31 Melissa
24 Mitzi
24 Nanine
13 Pammie
25 Rebekah
18 Sarine
26 Susana
Started!
83 Alejandrina
95 Avrit
92 Claribel
99 Constancia
92 Debbi
93 Fifine
99 Florella
91 Ivy
89 Loraine
93 Mallissa
86 Nalani
100 Noemi
92 Phil
88 Steffane
91 Vanna
100 Zara
Started!
50 Birgit
38 Camel
49 Charo
46 Cyb
51 Dulcea
40 Gabrila
53 Hali
42 Harlie
40 Ina
45 Jaquith
42 Jen
53 Karolina
55 Kata
53 Leontyne
50 Sabina
53 Yasmin
Started!
41 Arluene
32 Aubine
40 Bree
28 Cahra
32 Candis
39 Christian
37 Cinderella
39 Eva
41 Karry
36 Kathlin
38 Leanna
32 Lilah
38 Lyn
32 Marcia
34 Natalina
41 Vilma
Started!
73 Arlie
72 Bellina
70 Jerrilyn
73 Josy
60 Kaleena
71 Kristal
70 Lola
57 Louise
62 Margot
56 Marje
63 Maryanna
71 Meade
72 Rorie
62 Saloma
70 Zelma
67 Zenia
Started!
67 Amabelle
74 Beverley
77 Dina
69 Freddi
71 Giuditta
70 Hortense
79 Judie
79 Kimberlyn
64 Laurella
74 Lorinda
68 Mala
78 Myrtie
69 Rhona
73 Sukey
73 Theresa
82 Yevette
Started!
13 Andria
2 Davita
6 Devina
1 Fifi
10 Fredra
1 Gerri
9 Grazia
3 Karilynn
3 Lavena
9 Maxine
4 Melli
10 Merrie
8 Modestine
6 Patty
1 Raphaela
6 Salomi
Started!
46 Abigail
47 Blair
50 Ceciley
48 Doti
49 Elbertina
53 Eleni
51 Heida
39 Janifer
51 Jewell
56 Lorry
42 Marrissa
52 Mela
48 Pippa
56 Roch
57 Sarette
57 Thalia
Waiting!
20 Amelita
19 Cathy
18 Coral
8 Darbie
12 Dorice
26 Eadie
18 Eolande
15 Kimberly
16 Kippy
19 Larine
19 Mina
11 Patricia
Started!
67 Aline
66 Alyson
53 Cathe
59 Chanda
66 Christabel
61 Florida
59 Gayla
67 Hally
60 Hetti
59 Ileana
62 Jeri
67 Kristin
60 Layla
68 Melessa
61 Mirabella
70 Ranna
Started!
85 Alysia
80 Antonella
95 Beverlee
89 Jacqueline
88 Jess
94 Kelila
79 Keslie
92 Letizia
81 Lila
82 Margaretha
86 Marjy
86 Nari
87 Patrice
80 Ula
89 Vivyanne
90 Xylina
Started!
77 Anna
72 Austine
76 Babbie
76 Berty
76 Brenna
76 Darcee
75 Darcey
72 Gilligan
77 Kamilah
71 Letitia
78 Lou
73 Nikaniki
88 Rosalia
73 Rosy
74 Theodora
76 Wenonah
Waiting!
1 Alicea
5 Claudelle
4 Pam
Waiting!
45 Daffi
37 Eolanda
49 Happy
42 Nicky
Waiting!
90 Shana
Waiting!
67 Wynnie
Waiting!
29 Cindra
