Started!
34 Augustine
15 Blinnie
16 Dorette
25 Esmaria
20 Gayleen
29 Gilberta
19 Halimeda
17 Inna
33 Joya
19 Kathye
24 Kelly
29 Kiah
24 Mala
34 Raine
27 Ramonda
15 Venus
17 Zora
Started!
13 Alfreda
10 Annabel
6 Annice
3 Berti
6 Bethena
2 Brandais
9 Charmain
10 Dominga
5 Dotty
5 Glennie
5 Janith
9 Jolynn
7 Karel
12 Lucienne
13 Madelyn
4 Nanon
5 Renell
Started!
57 Ailis
64 Alfie
57 Anya
52 Arlie
65 Barbabra
64 Camel
64 Eleonora
54 Estell
70 Janka
65 Jillie
51 Kania
61 Lauren
61 Maurise
55 Myrah
59 Nyssa
62 Tommi
61 Toni
Started!
57 Adelice
46 Alia
60 Annette
50 Ardine
52 Briana
51 Brittany
47 Charlotte
42 Cordula
50 Genny
50 Gwendolin
40 Jilly
57 Linn
40 Manda
42 Maxi
60 Myrta
40 Velma
48 Xylina
Started!
84 Analise
74 Bertie
83 Carlita
88 Gavra
74 Ginnie
77 Gleda
89 Grete
74 Harri
89 Henriette
75 Manya
83 Marina
80 Nadya
81 Opaline
88 Poppy
89 Sabine
81 Tabbatha
88 Torrie
Started!
98 Barbra
94 Caresa
99 Chris
92 Delia
97 Dodie
98 Elfie
90 Gerrilee
100 Latisha
96 Liana
94 Meredith
94 Roanne
97 Sarena
99 Sissie
90 Trix
91 Tuesday
91 Valenka
99 Valentine
Started!
81 Abbye
66 Alida
68 Candi
72 Catherina
77 Cynthea
62 Erika
70 Fifine
71 Josi
66 Marge
77 Marj
74 Merlina
78 Phaidra
70 Pippa
65 Sarene
62 Stafani
79 Sunny
69 Vivi
Started!
33 Britni
46 Carmel
39 Cissiee
43 Corabelle
47 Elga
34 Evangeline
34 Florenza
48 Fredrika
43 Idell
33 Jill
35 Kore
35 Kylen
43 Lorianne
49 Marjory
29 Rosita
43 Sharlene
37 Talia
Started!
57 Adriana
55 Anni
62 Britney
56 Darci
56 Dulci
58 Filippa
59 Hyacinthe
60 Kath
61 Letizia
67 Lorena
61 Maisie
53 Morganica
68 Netti
56 Nola
62 Perry
63 Shina
68 Veradis
Started!
16 Becki
19 Brianne
18 Brynna
16 Cordy
30 Elicia
18 Ethyl
17 Gena
21 Guinevere
20 Hanny
17 Jany
26 Lani
23 Lola
26 Melony
24 Nisse
23 Pierrette
26 Rhiamon
28 Samantha
Started!
89 Agnola
82 Anselma
94 Charmane
83 Cynthy
82 Darlleen
88 Demeter
84 Ellie
94 Giovanna
84 Gwennie
76 Hyacinthia
93 Margette
86 Mathilda
76 Petra
96 Rosaline
86 Shalna
83 Theresa
90 Wenda
Waiting!
42 Auria
40 Cecilia
51 Corabel
45 Drucy
60 Elizabet
55 Heidi
47 Juli
40 Lucky
44 Marguerite
53 Maurine
46 Morissa
50 Rosie
42 Stephana
52 Windy
Waiting!
1 Annabell
1 Catlee
5 Cortney
9 Dyanna
5 Estele
12 Faith
15 Kimberlyn
13 Lanni
7 Melly
14 Shelagh
11 Starlene
13 Timi
5 Yelena
Waiting!
99 Alina
99 Hulda
97 Janot
100 Yvette
Waiting!
68 Elysha
73 Glenda
72 Imojean
64 Jacquenetta
75 Jenelle
74 Ninnette
Waiting!
27 Audy
31 Sandy
22 Violante
Waiting!
38 Corrianne
