Waiting!
69 Darleen
63 Geneva
78 Gianina
75 Lorna
65 Lory
74 Nanni
72 Nikkie
76 Stoddard
72 Zabrina
Waiting!
56 Cindelyn
56 Cosetta
57 Delcine
53 Elsi
54 Glenna
55 Goldy
53 Josephina
45 Marty
58 Mirabella
57 Phillie
50 Vickie
56 Vita
Waiting!
27 Allie
32 Anne
24 Blondelle
29 Dacey
20 Dasya
31 Emmi
16 Garnette
30 Ladonna
32 Lucine
20 Rhonda
17 Tony
Waiting!
99 Batsheva
81 Berta
93 Carlotta
95 Devi
90 Elie
83 Fawne
83 Leonanie
87 Ola
99 Paulette
95 Reeba
89 Rhiamon
84 Tommie
Waiting!
7 Ainsley
2 Cassi
8 Celle
11 Mady
11 Mariam
7 Melania
12 Philly
12 Rosy
2 Shelli
9 Tallie
Waiting!
37 Chloette
37 Erena
40 Genovera
35 Grethel
38 Janaye
42 Jessika
40 Lacee
