Started!
17 Anthiathia
8 Ashlie
4 Bonnibelle
22 Cacilie
23 Cary
13 Caty
20 Cayla
9 Collen
18 Cristionna
19 Emlynn
14 Frank
7 Friederike
14 Jenica
22 Kristel
10 Larisa
6 Lucienne
24 Maggi
10 Mareah
16 Michelina
18 Petrina
24 Roseann
14 Selinda
4 Vikki
10 Wendeline
Started!
59 Addia
51 Alysa
59 Avril
52 Brandy
56 Candi
42 Cati
51 Celie
61 Coraline
44 Crissy
58 Cybill
53 Donni
60 Erinna
48 Henrietta
44 Jane
61 Julita
52 Kelsey
47 Lonni
47 Melitta
47 Myrna
58 Quintana
54 Raphaela
61 Rose
57 Valma
55 Vitoria
Started!
85 Annadiana
94 Ardelia
81 Babs
84 Beverly
84 Clarie
89 Darcee
92 Debbi
95 Dorice
81 Eve
98 Gustie
92 Jasmine
97 Jessamine
83 Kathe
88 Kora
89 Krissy
93 Lulita
99 Maressa
88 Matilda
80 Monica
83 Nanette
82 Neille
82 Ruthie
90 Viole
89 Winnifred
Started!
79 Austina
66 Beatrix
69 Beverlie
63 Brianna
79 Cele
73 Cheri
75 Cynthy
73 Doralynn
62 Elene
68 Fayette
63 Fidela
76 Idalina
67 Jewel
72 Jillayne
65 Kerstin
78 Klarika
76 Mame
67 Marilee
71 Meridith
78 Michaela
73 Rayna
66 Tana
63 Tressa
79 Xaviera
Started!
37 Alecia
32 Alison
36 Arabela
31 Barry
46 Bethanne
28 Chanda
29 Clementia
35 Dana
37 Dede
29 Dorian
33 Edith
29 Fidelity
33 Giacinta
35 Jerrine
38 Jessy
48 Kylen
29 Leesa
43 Madlin
30 Manon
38 Milzie
37 Rena
31 Rozanne
35 Shaylah
39 Sybyl
Started!
2 Adiana
6 Berti
12 Carolan
3 Carri
3 Casie
8 Celinda
5 Christie
10 Cloe
13 Crin
12 Doll
7 Dorthea
10 Eran
1 Genny
3 Kary
9 Lani
3 Marley
5 Maurizia
4 Patty
3 Peta
9 Rani
13 Rhianon
9 Sharai
3 Silva
10 Stoddard
Started!
16 Ardelis
24 Bettine
32 Cairistiona
22 Caterina
23 Danny
27 Dayna
36 Eliza
22 Evanne
35 Gabriellia
24 Jocelyn
26 Kirsti
18 Lilli
25 Lizabeth
29 Lurline
26 Mariann
26 Mikaela
28 Mureil
20 Myrilla
22 Sisely
27 Sisile
21 Stephine
25 Valerye
18 Wini
27 Zarah
Started!
94 Ainsley
81 Althea
84 Bobby
94 Cherye
81 Cleo
83 Consuelo
92 Cyndi
89 Fae
93 Felecia
84 Glennis
75 Janith
75 Juliette
75 Koo
85 Lucky
87 Mallory
84 Marnie
85 Merrili
79 Miriam
83 Ray
77 Roxi
88 Sabrina
94 Shawna
76 Victoria
86 Zorana
Started!
51 Beatriz
61 Benita
60 Ceciley
52 Cherish
62 Courtney
57 Dedie
54 Dyana
57 Elisabeth
50 Francene
58 Genvieve
59 Gusta
53 Idalia
60 Katrine
61 Koressa
55 Laraine
53 Letitia
56 Patsy
63 Penny
49 Perry
49 Seka
61 Tillie
48 Tim
45 Tricia
45 Wynn
Waiting!
98 Berri
93 Bili
89 Bunni
89 Cyndie
89 Emmalyn
100 Evangeline
95 Francyne
99 Godiva
99 Hilary
98 Jennette
98 Kaye
98 Lindsay
97 Marie-Jeanne
96 Moreen
97 Nariko
96 Phoebe
90 Rhetta
100 Siouxie
Waiting!
17 Adella
8 Alfi
11 Amelita
15 Ara
20 Cornelle
20 Doroteya
15 Eloise
6 Else
23 Imojean
5 Muriel
22 Natalee
23 Rea
14 Shanda
15 Sheelagh
Waiting!
70 Brande
63 Britta
66 Carita
58 Carroll
59 Charla
68 Charmane
70 Cicily
62 Clovis
66 Dorelia
62 Elmira
67 Gabey
64 Geralda
70 Gerianna
72 Jamima
74 Jany
67 Jourdan
66 Katlin
71 Phedra
67 Rori
57 Shawn
60 Sheila
68 Vanni
Waiting!
44 Allsun
29 Anastassia
40 Christal
31 Consuela
41 Erminie
38 Etheline
48 Happy
28 Melly
42 Nola
40 Roxine
38 Sophia
41 Stesha
28 Tabbi
38 Vinny
Waiting!
86 Delores
Waiting!
54 Jenilee
49 Kassey
53 Marjorie
50 Wenda
Waiting!
27 Dottie
25 Fern
26 Sadella
Waiting!
2 Bea
2 Roanne
