Started!
20 Allix
7 Anstice
21 Anthea
5 Auguste
18 Cleo
13 Drusie
18 Gina
16 Hildegaard
4 Ingaborg
18 Jany
8 Kati
20 Koral
14 Kristal
19 Lisabeth
14 Marcelia
4 Pippy
13 Ricky
13 Selestina
12 Sherye
6 Shina
5 Sissie
19 Staci
22 Stoddard
21 Tess
13 Tonia
14 Valencia
Waiting!
30 Candra
33 Carilyn
29 Carine
22 Christy
35 Corey
26 Enrichetta
33 Fayth
32 Gustie
29 Jenilee
31 Junina
31 Karola
31 Kimbra
30 Mandi
28 Merrilee
31 Suzann
25 Suzie
Waiting!
69 Annabell
63 Ashlee
73 Chrissie
77 Hazel
69 Joane
70 Leanora
60 Marcia
79 Maressa
70 Margot
73 Mina
66 Robinetta
59 Tiffany
Started!
49 Addy
42 Audrey
38 Betteanne
44 Blair
43 Catlee
37 Chicky
39 Constance
51 Crissy
42 Darda
36 Denna
43 Henrie
40 Ilyse
38 Kaila
48 Katha
47 Laurene
52 Lindy
53 Liza
42 Mamie
50 Marylinda
48 Nicolette
37 Pepita
42 Shirl
42 Umeko
49 Wandie
43 Whitney
52 Zola
Waiting!
91 Addia
97 Adelaida
99 Anne
93 Eleonore
84 Francoise
96 Gilbertina
89 Harmonie
95 Holly-Anne
89 Korney
90 Shell
86 Stacy
100 Susannah
96 Tansy
96 Tobe
85 Winny
92 Yevette
Waiting!
55 Cheri
57 Constancia
58 Debera
53 Rhianon
55 Tamqrah
Waiting!
2 Bel
3 Chelsey
3 Lauretta
13 Noni
2 Ondrea
1 Teddy
Waiting!
81 Dallas
Waiting!
38 Estrella
43 Gianina
43 Mela
