Waiting!
97 Bennie
94 Carlie
99 Cherilyn
94 Collette
91 Debera
100 Emiline
94 Glennis
86 Gwenni
98 Ingrid
86 Kym
98 Lissa
95 Prudence
89 Sharon
97 Sidonia
93 Veronike
100 Yvette
Waiting!
76 Arden
74 Blair
81 Carilyn
78 Elane
69 Evangelia
74 Jorrie
68 Katha
68 Lulita
72 Sandra
76 Siana
76 Sydney
70 Tatiana
Waiting!
17 Alida
15 Berna
19 Cecil
33 Coralie
26 Elset
14 Farrah
20 Guenevere
15 Karmen
31 Margarete
16 Marley
23 Marty
20 Mellie
33 Miran
31 Nessa
30 Raven
21 Ricky
26 Rozele
32 Shaina
24 Shelbi
14 Shelley
29 Willamina
Waiting!
46 Amber
35 Audrey
39 Dayna
49 Emalia
37 Hildegaard
43 Hyacinthe
46 Janith
37 Marie-Ann
35 Morgen
35 Nata
43 Sissy
44 Veronica
49 Wallie
Waiting!
7 Ariana
6 Janka
4 Karola
5 Lani
Waiting!
52 Demetris
57 Dodie
54 Evaleen
51 Gertrudis
58 Mercedes
50 Thekla
Waiting!
64 Estell
62 Harrie
65 Rosa
