Waiting!
64 Agathe
50 Albertine
52 Ameline
55 Arden
63 Collette
55 Dareen
64 Dusty
60 Fallon
46 Konstance
60 Lotti
64 Pearle
55 Rani
60 Ros
55 Umeko
Waiting!
85 Aggy
75 Arluene
92 Cicely
77 Fannie
90 Jaclin
89 Jorrie
75 Laina
79 Lissa
85 Liz
86 Madalyn
84 Marjie
87 Selina
82 Tonia
78 Trudie
Waiting!
38 Adara
30 Blinnie
34 Britte
33 Cacilia
32 Debera
29 Debi
36 Ericha
39 Hedvige
25 Janka
32 Keslie
27 Mallory
32 Margalo
26 Nanine
Waiting!
10 Augusta
10 Carina
15 Florida
23 Frederica
22 Gracie
15 Janie
22 Jaquelyn
15 Leonore
19 Marcela
19 Mathilde
12 Melba
10 Shaina
19 Tabbi
Waiting!
94 Emalia
99 Eulalie
94 Gina
97 Lia
94 Malinde
94 Melisse
94 Moll
99 Ricki
Waiting!
69 Minny
70 Noellyn
Waiting!
7 Daisi
1 Kevyn
3 Lesli
1 Rosa
