Started!
97 Beilul
Started!
89 Heddie
Started!
17 Jayme
Started!
39 Sally
Started!
43 Shannah
Started!
53 Drucill
Started!
100 Caterina
Started!
42 Benny
Started!
98 Merle
Started!
34 Koren
Started!
70 Kara-Lynn
Started!
72 Uta
Started!
61 Beverlie
Started!
38 Rozella
Started!
18 Katey
Started!
68 Cherilynn
Started!
94 Brunhilde
Started!
12 Yvonne
Started!
88 Mab
Started!
19 Gennifer
Started!
76 Nydia
Started!
89 Marlo
Started!
64 Ashien
Started!
1 Leora
Started!
12 Nicol
Started!
67 Shauna
Started!
90 Rhodia
Started!
60 Leontine
Started!
77 Dion
Started!
100 Christen
Started!
2 Denise
Started!
41 Liz
Started!
23 Netta
Started!
66 Leesa
Started!
70 Drucie
Started!
80 Kristine
Started!
76 Tiertza
Started!
59 Lura
Started!
44 Janene
Started!
18 Modesty
Started!
12 Marin
Started!
79 Hedwiga
Started!
20 Mallory
Started!
33 Della
Started!
54 Ulrikaumeko
Started!
73 Rowena
Started!
27 Joell
Started!
72 Ericha
Started!
83 Sandra
Started!
80 Moyra
Started!
95 Shari
Started!
29 Ronnie
Started!
8 Harmony
Started!
18 Missy
Started!
67 Suellen
Started!
26 Domini
Started!
44 Wren
Started!
69 Happy
Started!
79 Pearl
Started!
61 Nellie
Started!
99 Jobye
Started!
82 Andria
Started!
47 Natasha
Started!
22 Elnora
Started!
54 Alix
Started!
14 Ulla
Started!
1 Roby
Started!
2 Kelsy
Started!
46 Odelle
Started!
46 Kerianne
Started!
97 Evey
Started!
26 Carolina
Started!
37 Persis
Started!
51 Maxy
Started!
83 Cora
Started!
49 Dinah
Started!
45 Kariotta
Started!
14 Lorelle
Started!
3 Moselle
Started!
25 Naomi
Started!
94 Agnese
Started!
100 Oralee
Started!
46 Cathryn
Started!
89 Stephanie
Started!
87 Coralie
Started!
10 Maire
Started!
12 Magdalene
Started!
80 Caroljean
Started!
71 Marleen
Started!
79 Janith
Started!
96 Agneta
Started!
23 Suzanne
Started!
16 Dorotea
Started!
82 Mignon
Started!
38 Verine
Started!
88 Dido
Started!
51 Lynne
Started!
17 Lissi
Started!
60 Corrianne
Started!
57 Em
Started!
42 Erina
Started!
94 Koral
Started!
99 Vale
Started!
82 Max
Started!
95 Marji
Started!
18 Nora
Started!
52 Ellen
Started!
54 Delinda
Started!
5 Nanci
Started!
92 Lynn
Started!
24 Willow
Started!
77 Allegra
Started!
40 Bren
Started!
14 Annora
Started!
90 Sioux
Started!
21 Effie
Started!
58 Candide
Started!
68 Patricia
Started!
3 Ursula
Started!
24 Astrid
Started!
28 Cecilla
Started!
3 Dorothee
Started!
90 Allyson
Started!
43 Judith
Started!
1 Quintilla
Started!
70 Dorree
Started!
93 Aidan
Started!
43 Phylis
Started!
32 Angelica
Started!
72 Dolorita
Started!
99 Thomasine
Started!
18 Jewel
Started!
10 Edyth
Started!
28 Cathi
Started!
83 Anissa
Started!
38 Nancy
Started!
97 Jaimie
Started!
47 Gerti
Started!
69 Madelaine
Started!
38 Cathyleen
Started!
13 Barb
Started!
87 Lucinda
Started!
88 Clerissa
Started!
28 Laure
Started!
11 Addi
Started!
17 Jewelle
Started!
54 Pippa
Started!
26 Harriett
Started!
27 Edy
Started!
76 Barbara
Started!
28 Eddy
Started!
35 Oneida
Started!
74 Gnni
Started!
31 Christabel
Started!
99 Sarah
Started!
23 Corilla
Started!
54 Randee
Started!
46 Pegeen
Started!
4 Ranique
Started!
13 Clementine
Started!
42 Rennie
Started!
58 Rianon
Started!
60 Mala
Started!
82 Elisa
Started!
91 Emmaline
Started!
69 Suzi
Started!
83 Vanni
Started!
19 Clair
Started!
42 Lilith
Started!
52 Shelbi
Started!
45 Nancee
Started!
27 Amalle
Started!
20 Celinda
Started!
68 Nerta
Started!
56 Austine
Started!
50 Ailina
Started!
7 Bird
Started!
90 Constance
Started!
97 Mabelle
Started!
53 Nonna
Started!
63 Keelia
Started!
13 Lolita
Started!
27 Rosie
Started!
3 Godiva
Started!
58 Amargo
Started!
45 Josephina
Started!
46 Koralle
Started!
13 Nissa
Started!
28 Catriona
Started!
37 Mabel
Started!
40 Cordy
Started!
29 Gus
Started!
51 Darlene
Started!
20 Camille
Started!
92 Roxane
Started!
96 Orel
Started!
86 Romy
Started!
19 Dee
Started!
67 Karole
Started!
90 Clarissa
Started!
50 Willy
Started!
66 Melanie
Started!
12 Dell
Started!
87 Lynnet
Started!
46 Lorinda
Started!
52 Annalise
Started!
13 Hannis
Started!
35 Druci
Started!
98 Etheline
Started!
51 Eileen
Started!
93 Flore
Started!
81 Sharyl
Started!
19 Maurise
Started!
4 Bendite
Started!
86 Yvette
Started!
63 Marjie
Started!
7 Fenelia
Started!
53 Melitta
Started!
38 Betsey
Started!
80 Rosy
Started!
89 Hyacinth
Started!
25 Anny
Started!
72 Ellynn
Started!
35 Kyla
Started!
75 Elenore
Started!
93 Audrye
Started!
92 Fidelia
Started!
99 Desirae
Started!
40 Addie
Started!
64 Madeline
Started!
96 Benetta
Started!
42 Dyana
Started!
9 Tallou
Started!
38 Betta
Started!
91 Orsa
Started!
57 Ibbie
Started!
99 Remy
Started!
97 Gladi
Started!
54 Gilberte
Started!
61 Cecily
Started!
8 Larisa
Started!
34 Jessica
Started!
32 Marta
Started!
30 Babette
Started!
85 Natalee
Started!
82 Marianne
Started!
59 Kamilah
Started!
43 Lind
Started!
43 Lonna
Started!
50 Dale
Started!
11 Perry
Started!
98 Glenn
Started!
95 Claudina
Started!
96 Audry
Started!
26 Emmalyn
Started!
19 Heidie
Started!
24 Joby
Started!
37 Corly
Started!
75 Ava
Started!
2 Malorie
Started!
56 Alissa
Started!
11 Noell
Started!
4 Anna-Diane
