Started!
85 Enriqueta
90 Jayme
90 Pippa
Started!
31 Cele
28 Heddie
34 Nicol
Started!
9 Blanche
12 Caterina
17 Dreddy
Started!
67 Junia
64 Lilah
66 Teriann
Started!
94 Claretta
99 Dawna
99 Janis
Started!
53 Jillana
49 Lou
51 Terri
Started!
76 Jennie
68 Kevyn
71 Una
Started!
8 Dniren
9 Garnet
10 Petra
Started!
44 Benedicta
48 Bessy
47 Netty
Started!
70 Gelya
67 Katerine
69 Magdalene
Started!
94 Arleen
91 Karly
97 Mirabelle
Started!
27 Corie
19 Dehlia
22 Denise
Started!
50 Ernestine
46 Galina
57 Kristine
Started!
68 Alys
78 Merilee
76 Sara-Ann
Started!
55 Mag
55 Magda
51 Pooh
Started!
92 Meryl
86 Paula
78 Verna
Started!
7 Kelcie
6 Lottie
8 Pearline
Started!
20 Kyle
19 Stefa
24 Vanessa
Started!
35 Giorgia
40 Hally
47 Krystalle
Started!
5 Korrie
11 Regine
20 Zonda
Waiting!
100 Koral
Started!
51 Minna
44 Shellie
37 Stormie
Started!
76 Bellanca
75 Dinah
72 Hedi
Started!
12 Lotti
22 Natasha
25 Nicolina
Waiting!
82 Ailey
86 Fifi
Waiting!
10 Nert
3 Pattie
Started!
47 Gui
46 Stephanie
56 Wendye
Started!
21 Billy
16 Candace
27 Meaghan
Started!
58 Ingrid
65 Pamela
70 Wylma
Started!
41 Bibi
38 Cordi
51 Linea
Waiting!
18 Windy
Started!
60 Gaylene
52 Ilsa
56 Yvette
