Started!
16 Aloise
12 Candida
6 Clea
6 Darby
6 Kaitlin
9 Lanita
11 Maryanna
4 Sean
Started!
67 Allis
72 Ambur
63 Fredelia
72 Herminia
68 Joannes
77 Mellisa
63 Morganne
82 Stephanie
Started!
18 Cordie
23 Daniella
24 Daryl
23 Dolley
17 Em
25 Lucine
26 Maudie
27 Sherill
Started!
28 Allegra
40 Beatrisa
32 Hedda
39 Jillayne
22 Julieta
31 Laina
22 Mora
40 Rosabella
Started!
53 Aurel
55 Issy
47 Jenine
55 Lani
51 Lynnea
52 Neila
52 Theadora
45 Wilow
Started!
99 Catha
89 Cleopatra
93 Issie
84 Lolly
84 Melina
92 Olwen
92 Sapphire
100 Twyla
Started!
42 Elisha
56 Emelita
53 Gilligan
47 Jessalin
58 Loretta
52 Marlena
55 Orel
54 Teena
Started!
38 Amalee
45 Ardith
47 Emilia
39 Gerri
54 Natalee
46 Nell
47 Petronille
52 Staci
Started!
27 Beulah
35 Eleanor
32 Gail
37 Inez
34 Marilee
27 Myrtia
28 Rasia
34 Tybie
Started!
68 Brandy
71 Elsy
63 Evie
61 Gayle
76 Ilsa
75 Ilyssa
78 Morgan
62 Shel
Started!
9 Ada
4 Cyndy
3 Dagmar
4 Henrietta
4 Janella
1 Marin
1 Shauna
12 Tracie
Started!
92 Calla
94 Erika
100 Harlie
85 Jennifer
91 Kameko
93 Lillian
100 Rosabelle
97 Tiffi
Started!
63 Berenice
50 Blinnie
54 Carmel
53 Elyssa
60 Jesse
53 Kellen
45 Loutitia
50 Pammi
Started!
15 Benni
21 Bonita
25 Enriqueta
19 Janetta
21 Lizette
20 Micky
21 Mireille
20 Starla
Started!
69 Abigael
67 Adrea
59 Carmencita
58 Estrellita
50 Glen
63 Patty
50 Rhetta
60 Sunshine
Started!
86 Bernette
85 Cornie
84 Fredericka
81 Ginevra
80 Jaclyn
88 Kessiah
81 Laura
85 Willabella
Waiting!
91 Faina
93 Gusella
91 Marcellina
99 Marni
99 Nanni
Started!
42 Andromache
46 Corrianne
38 Deidre
40 Donica
41 Ediva
43 Larisa
33 Pansie
47 Winonah
Started!
65 Aleen
63 Caroline
72 Cornela
66 Erma
70 Kala
72 Mariana
72 Phillida
73 Roselin
Started!
49 Davita
66 Glennie
60 Jillene
58 Karmen
52 Lauree
68 Nanny
55 Tracee
58 Yolane
Waiting!
6 Avivah
3 Cassey
3 Catherine
8 Dasi
10 Shana
12 Yelena
Waiting!
36 Alina
36 Bree
33 Ellie
29 Felicia
29 Felisha
29 Ingrid
Waiting!
17 Cynthy
17 Halie
22 Peggi
16 Zena
Waiting!
47 Phelia
