Started!
86 Adrianna
88 Almire
97 Ardelle
82 Binny
99 Bobbie
93 Bonny
90 Brande
91 Britni
95 Deb
100 Dinny
88 Doll
91 Emmey
81 Gayleen
100 Hillary
98 Hyacinthie
80 Jana
99 Joella
95 Korry
92 Luelle
88 Malia
83 Melinda
81 Mirelle
80 Moreen
83 Nikaniki
94 Oneida
85 Ranique
94 Rosemary
100 Violette
86 Wanids
90 Yolanda
Started!
52 Alessandra
65 Alina
56 Alyda
54 Angelique
59 Arlie
46 Babette
55 Berti
55 Brandea
55 Carola
49 Celestina
50 Charity
52 Clair
56 Delila
59 Eba
61 Eleanor
55 Estell
50 Gayel
53 Gennie
48 Jasmin
50 Jessy
51 Nariko
50 Remy
55 Renae
60 Sari
46 Sonny
55 Sophronia
57 Terese
61 Winnifred
56 Winonah
66 Ynes
Started!
41 Agnesse
39 Alanna
38 Ashla
37 Cloe
32 Doralia
40 Elvera
33 Emlynne
36 Fannie
29 Galina
44 Genna
35 Hally
34 Heidie
29 Hope
30 Ilse
31 Imogen
39 Jemie
45 Jobyna
33 Korie
39 Lauri
28 Marget
40 Marie
29 Marta
41 Maude
37 Minda
30 Nolie
39 Poppy
42 Rubetta
41 Sara
38 Sophi
35 Tasia
Started!
59 Annabelle
73 Ariela
69 Brittni
71 Carissa
72 Catrina
68 Celinda
74 Daloris
75 Dari
74 Eadith
77 Issy
73 Kelila
69 Kirbie
72 Kora
72 Lavinie
71 Lonni
75 Maire
67 Marabel
77 Mari
78 Maxi
75 Melisent
69 Merrilee
68 Meta
72 Olga
74 Shalne
75 Shantee
61 Shina
63 Sophia
69 Trixy
68 Vanessa
65 Walliw
Started!
35 Alix
28 Amabelle
22 Annmarie
37 Barbara-Anne
32 Beatrix
27 Benetta
18 Bernita
19 Beverly
26 Blaire
21 Blanche
27 Charmaine
23 Helen
33 Jenda
23 Jennee
18 Kimberlyn
22 Lacey
18 Mamie
37 Marisa
33 Micki
36 Milli
24 Nancie
26 Ninette
33 Renie
27 Roseann
21 Ryann
22 Sissie
27 Suzanna
20 Tanhya
24 Wenda
35 Yoshi
Waiting!
9 Allsun
6 Aurel
1 Cathy
9 Chlo
2 Clerissa
7 Gerrilee
8 Jamima
11 Koressa
2 Leola
6 Lorain
2 Loren
1 Lorette
5 Lucky
3 Mag
4 Malinde
10 Margo
11 Noella
3 Nollie
11 Norry
6 Reyna
2 Rhoda
11 Silva
5 Vivian
Waiting!
17 Ashley
16 Beverie
15 Caralie
19 Carolee
24 Christean
17 Christy
13 Clovis
14 Cristi
15 Damara
23 Dolly
15 Faydra
21 Fleur
15 Franni
15 Georgena
13 Helga
16 Herta
15 Junina
15 Kaylyn
14 Leticia
16 Maurizia
12 Mufi
15 Renee
13 Sherri
15 Tamarah
Waiting!
93 Adiana
96 Aidan
89 Ame
83 Barrie
89 Bianka
100 Binni
93 Brittani
96 Carlyn
89 Chantal
86 Chantalle
84 Coralie
99 Cordy
86 Coreen
93 Dasha
100 Easter
84 Elspeth
96 Erena
96 Florentia
89 Freddie
95 Haley
92 Jodie
87 Karlotta
87 Kristyn
94 Lolly
89 Melba
87 Sandie
95 Shayna
Waiting!
79 Aila
71 Arlee
71 Caprice
78 Carole
79 Carolin
72 Cary
72 Costanza
79 Dasie
73 Desiri
74 Evania
78 Hyacinthia
76 Isis
77 Janifer
77 Jaquelin
79 Joela
82 Kristi
74 Marena
76 Miguelita
75 Monika
75 Shaun
78 Sibylla
71 Tonie
Waiting!
47 Amalea
51 Anastassia
59 Ashlen
53 Briney
49 Caria
45 Caterina
51 Christine
54 Cristie
48 Cyb
58 Ebba
42 Emilie
55 Essa
45 Felicia
57 Jany
48 Kipp
57 Leland
46 Leonie
43 Liana
44 Mozelle
56 Nanon
59 Oralee
60 Regine
59 Stafani
59 Tildy
44 Verina
51 Wallis
Waiting!
32 Alli
31 Bobette
30 Cally
35 Evita
30 Fredia
40 Ingeberg
39 Kiele
34 Lilias
34 Marlena
39 Rhona
33 Sherrie
31 Tami
34 Tanya
34 Tess
34 Trixi
38 Ulrika
34 Uta
Waiting!
25 Fredelia
25 Heda
26 Modesta
Waiting!
63 Blancha
67 Cami
68 Elsbeth
67 Lexi
63 Maurise
63 Rayna
62 Umeko
