Started!
47 Ardeen
49 Bamby
43 Blondell
46 Bonnee
44 Elizabeth
54 Etheline
46 Haily
46 Hulda
60 Margret
53 Rivkah
53 Robinett
61 Scarlet
43 Stella
51 Viki
Started!
70 Andrei
68 Cindie
68 Devin
62 Gizela
70 Gwenneth
62 Inga
54 Jaynell
64 Leah
69 Lia
69 Mildred
67 Myra
74 Nariko
64 Raeann
71 Regina
Started!
22 Barbara-Anne
18 Berte
18 Daveta
19 Dody
22 Eadith
13 Emmy
23 Estell
15 Florinda
12 Germana
15 Janessa
17 Kitti
27 Malinde
24 Morissa
19 Sharon
Started!
10 Allsun
17 Angie
8 Arlee
7 Benedicta
7 Dulciana
14 Elke
8 Gina
4 Janis
8 Jaymee
10 Marieann
11 Penni
17 Roshelle
7 Teddie
6 Thekla
Started!
95 Adan
98 Bernie
100 Betti
98 Caroljean
95 Chelsy
98 Darlene
93 Erminie
93 Jacquette
95 Karlie
90 Lorenza
94 Mitzi
99 Ronica
99 Sallie
100 Shena
Started!
42 Anastassia
41 Clarine
40 Daffie
33 Dulsea
45 Electra
37 Katya
33 Lizette
36 Mead
39 Otha
45 Phillie
36 Raynell
38 Shani
40 Vida
33 Wrennie
Started!
77 Babs
87 Brina
85 Cornela
78 Farra
81 Kassey
86 Katherina
80 Kristi
86 Marita
76 Myrtia
81 Olimpia
84 Saudra
89 Sidonnie
82 Tamera
87 Valentina
Started!
49 Addie
42 Cacilia
48 Cecilia
53 Dorise
42 Glad
48 Gwenore
50 Josey
57 Julienne
58 Libbey
51 Netty
58 Ofella
55 Sybila
59 Tessa
42 Valerye
Started!
67 Ardella
73 Atalanta
64 Dalia
68 Demetria
78 Dianemarie
63 Doralynne
60 Eimile
65 Happy
77 Inez
68 Jewel
78 Marielle
71 Rhianon
73 Sibeal
68 Ulrika
Started!
26 Andriana
24 Anne
26 Eugenie
20 Gerta
17 Jobie
29 Luise
14 Lynn
30 Mindy
25 Noreen
32 Odessa
24 Othilia
20 Pris
17 Shanta
28 Sybyl
Started!
72 Amii
90 Blinnie
82 Clarie
82 Deane
82 Dulci
89 Faun
89 Hermia
81 Jena
86 Koralle
83 Mamie
80 Martguerita
72 Rubie
77 Sashenka
83 Stephani
Started!
41 Amandy
36 Doreen
32 Katuscha
43 Kikelia
26 Lesli
45 Luce
31 Madeleine
34 Odele
33 Patrice
26 Rebecka
26 Selia
28 Tobey
43 Xena
36 Yetta
Started!
6 Annalee
11 Birgitta
1 Devora
10 Francyne
9 Heather
6 Kariotta
4 Kelsey
15 Kinna
2 Layne
14 Malvina
9 Sean
11 Tabbatha
16 Tanhya
14 Vita
Started!
70 Alvira
68 Bernetta
71 Celestine
59 Danita
62 Emeline
79 Flo
70 Jojo
61 Mahalia
61 Myrta
69 Patti
65 Shalna
59 Simonne
79 Ulrica
69 Wini
Waiting!
98 Danit
88 Deeanne
90 Helenka
90 Hermione
90 Janaya
97 Kacie
97 Karla
95 Lacee
100 Maribeth
91 Nelia
99 Peggie
Waiting!
46 Aili
58 Anya
61 Cayla
57 Elka
49 Elna
46 Hailee
57 Laura
54 Mona
48 Mureil
55 Phyllys
51 Rivy
51 Teresina
Started!
20 Augustina
21 Denni
21 Diane-Marie
28 Eleni
21 Ilyse
24 Jaquenette
18 Josi
18 Kelci
20 Lacie
21 Lexy
18 Ricca
24 Sophi
14 Stephine
19 Tarrah
Waiting!
86 Bettine
84 Brena
80 Brenda
70 Elsey
74 Iormina
84 Janeva
82 Justine
81 Katharina
78 Lianna
84 Marney
Waiting!
28 Alfy
24 Carol-Jean
42 Corny
40 Enriqueta
44 Gertie
34 Lenka
37 Raina
32 Sharona
24 Susi
33 Wilma
Waiting!
1 Andra
5 Christean
11 Lurleen
3 Merilee
1 Shawn
Waiting!
18 Auguste
15 Eudora
Waiting!
66 Cleo
