Waiting!
41 Alverta
38 Anastassia
45 Avivah
57 Bess
46 Chiquita
50 Debee
37 Denice
49 Ellynn
47 Eugenia
48 Eula
47 Eunice
55 Eve
39 Idalina
55 Jenelle
39 Kerry
39 Lissy
57 Loraine
48 Maxy
56 Melantha
46 Myrta
47 Roselle
42 Rosmunda
45 Sascha
52 Shelby
50 Sonja
Started!
24 Anabella
35 Breena
27 Cassy
33 Cinda
24 Clarinda
35 Cynthie
27 Davida
29 Dawna
29 Dotty
35 Dulcie
31 Glenna
36 Gwyn
30 Isobel
36 Kessiah
26 Klara
23 Lotti
32 Lynelle
32 Malva
32 Marcelline
26 Mufi
30 Nicolea
29 Randy
35 Shane
32 Teriann
24 Trish
31 Vonni
Waiting!
74 Ailina
67 Aurea
68 Babette
65 Caresa
75 Clementia
63 Estrellita
75 Fernande
70 Josephine
72 Lesly
58 Lona
64 Lorie
67 Mirelle
73 Odetta
64 Oralla
64 Phyllis
72 Shauna
68 Tobey
61 Ursala
Waiting!
80 Arlyn
80 Aubree
76 Chelsey
84 Claudia
81 Drusy
86 Gilberta
80 Luciana
79 Marchelle
82 Orelie
80 Sofia
76 Tildie
83 Tiphani
Waiting!
5 Arlinda
2 Babara
1 Benedikta
13 Ceciley
3 Chelsae
3 Dosi
4 Eddi
5 Ede
3 Gratiana
12 Joelle
6 Kimberli
12 Marilin
4 Phyllida
3 Renelle
7 Sal
11 Sindee
Waiting!
94 Benetta
94 Candy
92 Carlene
91 Catlaina
92 Christiana
94 Emmeline
93 Enrica
89 Francene
89 Ilysa
92 Janessa
90 Kakalina
95 Kalila
96 Nerti
87 Nicki
96 Olympie
93 Pammie
88 Sherilyn
87 Tricia
Waiting!
20 Danita
19 Elga
17 Melisse
Waiting!
34 Lotty
