Started!
28 Anatola
10 Cami
19 Evie
25 Gavrielle
12 Genna
18 Lauraine
14 Myra
Started!
8 Candace
5 Dulcea
4 Elayne
1 Loren
5 Margie
1 Margit
2 Molly
Started!
54 Cassy
52 Dorthea
49 Mamie
60 Mommy
58 Nike
68 Shandra
68 Waneta
Started!
93 Caroline
92 Collette
87 Diane
91 Dina
97 Juieta
93 Kissie
97 Valentina
Started!
37 Cayla
33 Demetris
37 Francine
36 Gina
40 Hatty
29 Petronella
34 Sacha
Started!
19 Carree
20 Christyna
19 Eunice
20 Gayel
20 Gaynor
20 Jaclyn
21 Kelsi
Started!
73 Audi
71 Cassi
82 Flossi
75 Juanita
75 Kati
80 Kimberly
70 Melisent
Started!
44 Brietta
37 Cora
46 Doreen
40 Felicity
43 Mirna
56 Persis
41 Valida
Started!
61 Aretha
64 Christel
60 Frannie
61 Gertie
59 Gisele
64 Guenna
58 Pauline
Started!
85 Joly
73 Juliane
83 Karylin
76 Kristin
70 Nolie
71 Prudence
83 Tamarah
Started!
97 Ania
87 Clementine
98 Faunie
89 Filide
81 Gerhardine
92 Gilly
86 Ivette
Started!
24 Gerri
15 Jeni
30 Julie
15 Mandy
22 Maurita
24 Roobbie
16 Willette
Started!
6 Chandal
8 Lotte
11 Nicola
12 Norrie
10 Tabbi
10 Tallulah
12 Zabrina
Started!
52 Almeda
46 Calypso
41 Kacy
51 Marina
51 Saidee
50 Shoshanna
48 Stevena
Started!
72 Anallese
78 Aridatha
74 Catrina
68 Freddy
69 Jessalin
71 Shirley
77 Tomasine
Waiting!
56 Ashil
60 Olwen
57 Theadora
Started!
11 Caresa
12 Concettina
1 Corina
2 Daniele
2 Giacinta
6 Glenda
11 Lilla
Waiting!
41 Anderea
41 Dionis
34 Marigold
Waiting!
12 Johannah
19 Lilian
21 Sher
Waiting!
70 Dyna
71 Karrie
76 Mickie
81 Shaine
Waiting!
93 Francyne
91 Ibbie
94 Lillis
89 Tobye
