Started!
34 Barrie
34 Bennie
36 Catie
28 Charlean
40 Georgie
28 Idelle
35 Jillayne
26 Katlin
38 Lavinia
31 Lorenza
35 Lotti
42 Milissent
37 Monah
27 Mufi
44 Odella
38 Rebe
33 Rivkah
35 Rosanna
24 Sharline
39 Sidonnie
28 Tonya
Started!
50 Angeline
63 Anstice
55 Appolonia
56 Ashley
53 Brynne
53 Bunnie
51 Clemmie
50 Dulcy
62 Ebba
60 Genevieve
57 Glen
57 Hulda
45 Josselyn
55 Leola
45 Maryrose
47 Melita
46 Murial
56 Natalee
62 Pennie
63 Shalne
52 Teena
Started!
92 Ardelia
100 Brook
96 Brooks
100 Charissa
86 Cherida
93 Cherilyn
96 Darb
88 Ethelyn
91 Fay
86 Gus
96 Ivy
98 Josepha
87 Krissie
87 Maude
97 Meggy
89 Nathalia
97 Rebbecca
98 Sheila-Kathryn
100 Tanya
93 Verena
94 Wandie
Waiting!
6 Allianora
6 Angela
1 Brenda
11 Celie
7 Cherilynn
1 Doralyn
13 Julina
7 Katha
13 Lani
8 Maudie
5 Meredithe
1 Mia
13 Nanette
3 Nita
10 Tabbitha
12 Zora
Started!
81 Barbara-Anne
76 Charlot
78 Coletta
82 Dani
80 Darleen
77 Dasya
71 Devon
84 Enrichetta
80 Evaleen
74 Frederica
76 Hephzibah
81 Kare
69 Lenore
68 Margareta
74 Maria
73 Norina
78 Ofelia
84 Trixie
74 Verile
83 Virgie
69 Wilhelmina
Started!
22 Alethea
20 Arlana
22 Cyndi
20 Druci
15 Estrella
17 Ethyl
19 Halette
19 Hyacinth
21 Imogen
21 Loreen
17 Martita
23 Maurise
19 Melessa
20 Meredith
16 Myrna
19 Neille
14 Sabina
16 Suzanna
23 Therine
16 Vinita
20 Yolanda
Waiting!
64 Ardine
74 Carolyn
70 Dalila
62 Dara
64 Gianina
66 Goldie
67 Helena
58 Ivie
71 Leoline
66 Melisent
56 Phebe
67 Ramona
Waiting!
53 Cosette
54 Katina
53 Melony
49 Neilla
45 Nisse
45 Pearl
Waiting!
78 Madelina
Waiting!
14 Clarette
Waiting!
28 Gussi
