Started!
39 Alvinia
20 Brena
25 Cassy
22 Cosette
21 Dasya
20 Dixie
25 Fernandina
24 Hana
31 Ilene
27 Jami
35 Jaquenette
35 Jasmina
21 Ludovika
35 Maria
35 Marley
28 Maryrose
30 Matti
25 Mildrid
34 Mireille
38 Nita
35 Ronda
25 Salli
32 Saraann
25 Zorana
Started!
18 Carlye
18 Carry
14 Cherlyn
25 Dara
16 Delia
11 Deny
18 Donnie
19 Elnore
25 Filippa
15 Gwenore
15 Janine
9 Jessy
13 Joletta
17 Katleen
19 Katlin
17 Kellsie
19 Kimberlee
27 Linell
20 Mignon
19 Morena
29 Opal
25 Robbie
13 Trix
14 Yolanda
Started!
69 Afton
57 Alene
58 Allys
71 Amalie
52 Arleen
59 Bethanne
61 Cindi
70 Consuelo
62 Florrie
65 Fredrika
53 Gayleen
65 Gisele
58 Ileane
64 Janot
58 Katya
70 Lelia
58 Martguerita
61 Marybelle
63 Mufi
54 Pennie
66 Rebbecca
63 Shelagh
62 Tawsha
57 Tonya
Started!
84 Alica
79 Andee
75 Beryle
83 Carey
73 Carmel
83 Charity
87 Demetris
86 Deonne
77 Ella
83 Felicia
72 Geraldine
78 Glad
79 Glynis
78 Karalee
86 Ketti
78 Layla
75 Marni
75 Masha
80 Melita
84 Susy
72 Suzanne
73 Una
68 Zena
79 Zorina
Started!
91 Amalita
96 Ardyth
97 Aurelia
91 Catrina
87 Chloette
97 Cyndi
98 Dianemarie
100 Eugenie
96 Ginnifer
91 Gretchen
99 Hephzibah
89 Jemmy
95 Josefa
100 Lenore
85 Lianne
96 Lissi
95 Lucky
96 Neely
88 Odella
96 Robinet
92 Rubi
85 Shanta
94 Thomasin
96 Zonda
Started!
51 Adelind
38 Bird
40 Charmian
39 Corny
52 Cosetta
38 Crystal
44 Drusilla
49 Elfreda
45 Gay
50 Georgina
45 Gretal
50 Henrie
36 Katina
52 Katuscha
45 Liv
36 Luise
48 Marinna
44 Mechelle
39 Mirabella
49 Nora
45 Peri
43 Stephie
41 Tobey
47 Zarla
Waiting!
13 Barb
3 Brenda
6 Candie
7 Courtnay
8 Elga
4 Elysia
6 Eunice
12 Gilligan
2 Jasmin
13 Junie
2 Kamilah
6 Maggy
7 Margareta
12 Minta
3 Othella
3 Pippa
10 Sarena
11 Shannah
6 Tanya
3 Valera
Started!
66 Ami
67 Avie
58 Barbabra
75 Calla
73 Carlotta
61 Casey
67 Cherilyn
72 Clementina
68 Dalila
67 Deerdre
74 Diane-Marie
71 Estrellita
61 Jolene
72 Karisa
75 Krista
72 Mab
71 Maggie
68 Maressa
76 Marketa
59 Oneida
58 Perl
70 Rhodia
72 Tamra
66 Valerie
Started!
25 Ania
23 Charmion
24 Chiarra
24 Donella
35 Etheline
43 Georgeanne
38 Hyacinth
27 Karlotta
25 Katherine
42 Kimmi
29 Krysta
31 Lynnea
35 Mala
27 Marlyn
33 Merry
43 Milly
34 Nanette
36 Nelli
33 Nerita
41 Nina
33 Odette
39 Phebe
28 Ranna
38 Willyt
Waiting!
89 Daisie
81 Donia
74 Gilbertina
81 Jaclyn
81 Justinn
71 Latrena
89 Miranda
81 Nissa
79 Rebecka
73 Shaine
83 Torey
84 Ulla
77 Wilhelmine
Waiting!
58 Caril
59 Dasha
47 Edi
58 Karen
56 Laryssa
54 Leyla
50 Louella
63 Lucia
54 Madelaine
58 Naomi
51 Neilla
44 Nicole
48 Nollie
62 Patrice
48 Shelia
48 Tina
61 Zsa
Waiting!
21 Alina
22 Clea
22 Cloris
18 Ilka
22 Larina
19 Saloma
Waiting!
70 Corri
67 Galina
67 Hermine
65 Krystalle
66 Valenka
69 Vittoria
Waiting!
100 Marga
