Started!
65 Amalea
66 Bobbi
58 Cammie
57 Clarey
61 Gabbey
55 Josselyn
66 Luelle
66 Lynsey
57 Mel
55 Pepi
69 Stormi
70 Umeko
68 Vere
64 Yettie
Started!
41 Adelind
42 Brana
49 Cherlyn
41 Dell
43 Gilly
48 Harriette
53 Irene
52 Jaimie
51 Jeanne
47 Kristel
42 Marley
49 Nisse
53 Sabina
51 Veradis
Started!
35 Charita
37 Doll
34 Dosi
32 Genevra
29 Jolene
27 Kaye
30 Laraine
37 Loella
33 Maren
30 Marie-Jeanne
28 Marybeth
29 Olimpia
37 Tamarah
31 Willette
Started!
5 Adrienne
6 Benoite
4 Dalila
8 Dodi
3 Hillary
2 Kally
6 Leanor
3 Maible
3 Maribeth
5 Rea
11 Tracee
9 Valene
6 Valentina
3 Vania
Started!
25 Amy
18 Arleta
13 Beverie
19 Costanza
21 Courtnay
25 Elonore
13 Elysee
23 Janel
14 Jasmin
20 Judye
13 Latrina
14 Max
22 Mia
21 Patty
Started!
79 Althea
93 Beverly
94 Briny
82 Emalee
85 Gaynor
77 Kaitlin
87 Larine
81 Marybelle
94 Micheline
89 Morganica
85 Perla
85 Prisca
90 Raynell
88 Rodina
Waiting!
100 Emmaline
95 Georgine
99 June
98 Lynne
98 Marietta
93 Shanon
Started!
54 Annmaria
65 Catina
57 Crissie
61 Dulsea
68 Fallon
59 Fredia
62 Kaia
66 Kalie
63 Lanie
53 Laure
61 Lezlie
56 Meara
59 Rebe
72 Trixi
Waiting!
83 Ilise
85 Lara
81 Latia
87 Meriel
88 Rosalinde
88 Roseanne
84 Sheri
78 Zara
Waiting!
21 Abigail
24 Annabela
18 Aurelia
20 Babara
17 Barrie
20 Cilka
10 Clarinda
10 Clea
18 Gilberte
24 Nadya
19 Netta
7 Vannie
Started!
35 Alikee
49 Casi
36 Darbie
42 Elbertina
35 Essy
45 Felecia
44 Gertrudis
38 Hetti
48 Hulda
39 Kathy
41 Lillian
46 Naoma
45 Natalee
42 Vanessa
Waiting!
71 Belinda
62 Daune
68 Esme
66 Harmony
75 Inesita
72 Laurie
75 Lorry
72 Marcile
77 Margie
77 Nanny
69 Simonne
65 Viki
Waiting!
59 Ailina
60 Barby
61 Carolyne
54 Charis
59 Cloe
61 Debbi
61 Margalo
60 Terry
Waiting!
30 Leisha
Waiting!
4 Terza
Waiting!
45 Jodee
44 Renata
43 Xylia
