Started!
10 Allyce
4 Amye
9 Arleta
5 Blinny
15 Candice
4 Clare
8 Consolata
1 Dorthea
7 Eve
9 Fanchette
15 Hermia
20 Janey
10 Laureen
20 Leonie
1 Lilas
5 Malinda
10 Mozelle
1 Sheelah
5 Umeko
19 Wilma
Started!
93 Adriena
85 Alyda
98 Bernadene
95 Cornelle
85 Cyndie
91 Fina
97 Florie
91 Gabbey
99 Ianthe
86 Irita
85 Lizbeth
86 Magdalena
100 Marabel
94 Marena
97 Morganica
91 Natalee
99 Nolie
95 Sianna
89 Sofia
99 Sydney
Started!
72 Albina
64 Allene
69 Beryl
67 Carissa
60 Carolyn
72 Christie
67 Dulcy
62 Elysee
72 Evangeline
70 Freddy
68 Jamie
58 Kaitlin
72 Latrina
70 Letizia
72 Melesa
54 Olimpia
54 Perla
60 Quintana
60 Rochelle
57 Ynes
Started!
30 Amara
46 Anetta
38 Annabal
44 Ardella
31 Cherlyn
37 Haley
39 Helen-Elizabeth
33 Hollyanne
41 Jillayne
36 Jobi
44 Kori
33 Lindsey
37 Naomi
44 Ofelia
39 Pansy
46 Patience
29 Rosanne
41 Sula
38 Tobye
37 Vernice
Started!
83 Corrie
75 Daryn
85 Farra
71 Genia
75 Gilly
68 Hulda
79 Idaline
66 Joby
70 Jolynn
75 Juanita
77 Karia
77 Karlie
77 Kissiah
68 Lara
70 Marlane
84 Marleen
77 Rozanne
84 Shanna
81 Sheri
69 Terry
Started!
39 Abigail
50 Adel
41 Ardyth
53 Blithe
42 Brigida
48 Dorita
50 Eleanor
52 Evangelia
49 Filia
57 Giulia
49 Jillie
42 Latia
52 Lydie
49 Marie-Jeanne
41 Ninetta
48 Rosina
50 Stephani
44 Timmy
40 Vanessa
43 Zilvia
Started!
31 Adelheid
16 Annamaria
19 Cher
18 Chiarra
17 Cissy
34 Damita
27 Delly
33 Elberta
19 Gayla
34 Jodi
18 Jojo
18 Larine
14 Lauraine
28 Layne
28 Lynnelle
24 Maible
16 Margalo
31 Mariana
29 Maurine
16 Ysabel
Started!
48 Aubry
47 Beatrisa
36 Camille
42 Claudie
32 Deni
39 Ema
41 Felita
37 Gertrude
44 Gussie
47 Hillary
37 Lexie
35 Lily
35 Linnell
35 Malia
44 Melania
48 Mora
38 Rachel
38 Sandra
38 Tabatha
47 Tabina
Started!
1 Annadiane
4 Bernie
2 Bird
1 Chloris
9 Claudine
13 Flori
7 Gerti
1 Issy
2 Marsha
6 Melli
10 Mildrid
13 Modesty
1 Nadya
10 Nanette
5 Rozele
8 Rozina
3 Sascha
1 Sayre
11 Simonne
13 Stoddard
Waiting!
95 Aile
98 Aundrea
91 Avril
88 Bobbee
94 Cloe
94 Cynthie
98 Danica
99 Danyette
94 Dominique
99 Elianore
94 Elinor
90 Florry
98 Glyn
94 Jessalin
98 Leisha
89 Maisey
94 Tamiko
88 Ursuline
93 Yoshi
Waiting!
87 Alikee
79 Barbie
81 Betteanne
81 Carolann
78 Cosette
86 Crystal
77 Dinnie
79 Gratia
81 Marys
77 Millicent
86 Randa
82 Zaria
Started!
56 Adoree
68 Alix
58 Angelita
55 Arabel
64 Bell
70 Caryl
64 Coriss
62 Davita
70 Dorie
69 Dorris
70 Eleonora
61 Irene
67 Judi
62 Lauri
68 Leela
63 Lona
56 Lura
56 Midge
60 Samaria
60 Tracee
Waiting!
73 Caye
73 Elwira
76 Farrand
68 Gwen
71 Janice
74 Natassia
73 Penelopa
76 Sella
Waiting!
48 Doretta
42 Hildagard
49 Kaylil
49 Keslie
47 Lenna
46 Lyndel
43 Martica
40 Rene
45 Shaylynn
40 Sheeree
49 Theresa
Waiting!
15 Belinda
1 Kanya
1 Livia
1 Melina
6 Naoma
1 Vikky
Waiting!
32 Benni
33 Binny
24 Dominica
25 Eda
25 Elvera
24 Lanie
33 Melisa
