Started!
16 Audra
17 Debbie
18 Evania
15 Gussi
24 Irena
14 Kayle
30 Kesley
22 Laureen
31 Leandra
23 Lillian
32 Millicent
21 Nichole
23 Nikoletta
15 Robinetta
25 Rosanne
32 Sib
20 Sidonia
18 Tobye
30 Truda
24 Willie
Started!
66 Allene
54 Ana
47 Brit
54 Camile
57 Daria
64 Delphine
65 Dyanna
48 Emiline
56 Etta
51 Gerrilee
56 Ginger
50 Holly-Anne
55 Hollyanne
60 Jillayne
60 Kai
48 Magdalena
50 Mel
60 Ralina
52 Rosabella
67 Sascha
Started!
12 Anica
11 Beilul
6 Callie
8 Caron
11 Chrystel
4 Florette
2 Franny
11 Gabbey
5 Kari
7 Lou
16 Maren
11 Melissa
11 Natalee
4 Phaedra
4 Rea
3 Reeba
4 Sara
1 Shae
18 Shandeigh
14 Sileas
Started!
80 Aurlie
79 Benoite
72 Chelsea
70 Coral
82 Hermina
73 Karel
79 Karlotte
81 Lani
74 Lark
78 Laurene
73 Leisha
69 Melba
82 Melodie
73 Merline
73 Nedi
82 Petronille
81 Phyllida
82 Rebeca
75 Rebekah
80 Sheela
Started!
35 Adriane
43 Bernice
47 Bevvy
46 Bridie
41 Chanda
52 Devonne
39 Ianthe
46 Jayme
33 Livvyy
38 Lynde
37 Mabel
46 Maressa
34 Melanie
33 Nicky
42 Penelope
34 Pepita
46 Sarette
43 Tess
47 Wally
44 Wilie
Started!
91 Annabal
87 Bab
89 Britte
84 Calla
91 Cassaundra
86 Cherrita
93 Clareta
98 Cosette
85 Devinne
94 Drusilla
95 Elberta
87 Jerrine
90 Jerry
96 Jillie
96 Lexie
98 Marena
90 Marsiella
90 Quinta
100 Rodi
85 Selie
Waiting!
25 Alana
21 Ardelle
24 Bonita
26 Carissa
29 Ginny
33 Katherine
39 Kikelia
31 Modestia
21 Petronella
25 Queenie
29 Randee
25 Simonne
Waiting!
17 Hilde
13 Joby
19 Robinette
19 Shirl
Waiting!
67 Barby
61 Clarinda
61 Devondra
62 Enriqueta
52 Karoline
58 Nellie
Waiting!
88 Cindee
86 Dode
88 Kirbie
79 Libbie
95 Modesty
95 Natka
87 Ninetta
89 Talyah
78 Taryn
Waiting!
76 Gayla
