Waiting!
55 Aliza
56 Augustina
43 Avivah
57 Daron
41 Dasya
57 Irena
44 Jillayne
48 Joela
55 Jordain
38 Lonni
51 Lynsey
40 Nana
46 Nell
56 Norma
56 Pammy
46 Revkah
55 Shelley
47 Tonya
Started!
70 Adriane
77 Bernetta
65 Britni
76 Cassie
63 Celie
62 Chad
73 Chantalle
67 Cosette
73 Daphene
62 Hephzibah
76 Hynda
68 Julia
61 Latashia
72 Lizzy
67 Maia
63 Melisse
58 Mellisa
62 Nonnah
59 Pris
62 Shayne
68 Wanids
Waiting!
28 Ava
27 Denna
23 Hedi
18 Hope
31 Kettie
24 Lida
24 Linette
31 Magdalena
20 Mina
26 Priscella
Waiting!
92 Aubrey
99 Blinny
85 Brigida
94 Carmelina
90 Dorotea
91 Gaye
85 Gerrilee
87 Ianthe
91 Milli
Waiting!
79 Adrea
83 Dyanna
81 Helaina
Waiting!
3 Annabal
4 Christen
9 Dniren
6 Fifine
9 Jerry
3 Jillie
11 Klarrisa
2 Layla
7 Marlo
9 Marsiella
6 Maxine
