Started!
9 Adiana
2 Damita
8 Ivy
4 Joanna
16 Juline
19 Karoline
8 Kristien
19 Marybeth
3 Mommy
12 Pippa
4 Priscilla
8 Vallie
Started!
63 Adelice
57 Alanna
64 Alene
72 Ilise
63 Jordain
64 Julia
60 Leora
68 Lynsey
61 Marianne
55 Norry
66 Uta
56 Vivien
Started!
86 Blinny
94 Brunhilda
90 Cybil
100 Daffi
87 Jenna
88 Lilly
95 Lorrayne
96 Prudence
93 Samara
98 Selina
91 Susanne
87 Susy
Started!
91 Alice
88 Bernetta
79 Bobbette
81 Cornelia
92 Fianna
81 Fidelia
84 Idalina
79 Karyn
83 Livia
74 Ruthann
77 Selestina
92 Tabbitha
Started!
17 Ardath
30 Arlinda
23 Britta
26 Cristi
30 Delphinia
23 Drusie
20 Flo
26 Gloria
25 Kelila
26 Nannette
27 Nicola
20 Shina
Started!
33 Ardisj
49 Belia
39 Dierdre
52 Janeen
39 Junie
43 Kaitlyn
43 Layla
37 Margi
43 Norine
36 Otha
51 Pammy
38 Petunia
Started!
31 Annice
33 Astra
33 Clari
33 Doro
35 Merline
23 Noreen
33 Onida
41 Phylis
41 Romona
40 Rosaline
22 Ruthi
29 Sibella
Started!
81 Angelika
78 Elfreda
75 Freddi
78 Grace
71 Kally
69 Lexi
76 Loella
63 Luella
75 Nolana
75 Pooh
74 Reine
81 Rosana
Started!
44 Cathyleen
48 Debor
59 Gayel
54 Heidie
56 Junina
50 Marillin
56 Martita
47 Nanni
47 Natalee
47 Patience
58 Perle
58 Quinta
Started!
9 Ashlan
12 Gae
15 Josselyn
1 Kanya
5 Lani
10 Lebbie
3 Leela
17 Letty
14 Maura
15 Rosalinde
11 Ulla
15 Wendie
Waiting!
98 Ambur
85 Andromache
93 Britte
86 Calla
97 Catrina
91 Cindee
99 Hatti
95 Malinde
98 Patrizia
Started!
58 Berenice
49 Betti
60 Cynthia
62 Diahann
59 Dorothee
60 Georgianna
52 Kacey
49 Kaleena
59 Korella
69 Lizzie
59 Myrlene
65 Yvette
Waiting!
36 Allsun
41 Alta
33 Brier
39 Carmelita
34 Lizbeth
40 Lynnea
29 Raf
38 Tedra
32 Tildi
28 Zorana
Waiting!
83 Arlette
82 Berget
84 Clea
82 Donnie
82 Olympie
84 Rosita
Waiting!
23 Carlotta
Waiting!
49 Augustina
53 Hazel
51 Marlena
52 Marnia
Waiting!
62 Benedikta
67 Sheila
Waiting!
3 Ellynn
