Waiting!
81 Alysa
85 Christye
94 Dode
87 Doreen
92 Elke
75 Idalina
83 Kendre
86 Kordula
79 Lolita
91 Marjy
88 Petunia
79 Sari
91 Steffi
Started!
21 Albertina
16 Alexi
29 Allis
14 Cathleen
11 Cookie
14 Flo
20 Franni
16 Holly-Anne
25 Idette
22 Jean
12 Jilly
25 Lanni
20 Lily
13 Nicole
16 Nollie
22 Rosina
28 Rycca
18 Sophi
30 Thomasa
29 Trixi
Waiting!
74 Adah
66 Annnora
66 Bebe
64 Brinna
54 Caty
59 Christi
56 Cordelia
63 Diannne
54 Ibby
60 Jany
54 Joycelin
62 Lavina
71 Margaux
63 Rayna
56 Stefania
58 Yolande
Waiting!
100 Daphene
96 Jenilee
97 Maurene
97 Ora
Waiting!
6 Brietta
11 Cassaundra
5 Clovis
8 Mignonne
5 Odelle
Waiting!
37 Adey
42 Antonietta
33 Bidget
48 Cathie
37 Edythe
42 Elyssa
38 Faustine
37 Ferne
44 Jo-Anne
50 Lorianne
52 Modestia
42 Nara
47 Sherie
48 Tiffani
