Started!
78 Adda
68 Celene
68 Hilliary
65 Shell
58 Viviyan
Started!
12 Laina
6 Leeann
7 Lorianne
6 Margaux
10 Steffi
Started!
51 Celina
49 Georgianne
56 Glory
40 Lizabeth
49 Shandee
Started!
22 Andriette
19 Daisy
27 Rickie
17 Shelia
21 Sherie
Started!
92 Bobbye
88 Carolina
97 Collete
98 Gay
93 Roz
Started!
80 Cecile
77 Kalila
86 Lacey
67 Lolita
75 Nollie
Started!
61 Bunny
53 Katerine
60 Marysa
66 Pearle
51 Petrina
Started!
36 Cordelia
39 Flo
39 Johannah
33 Layney
37 Wenda
Started!
41 Elyssa
48 Kaila
47 Karrah
48 Robinia
38 Simonette
Started!
95 Garnette
92 Gavra
100 Kai
98 Nadya
95 Pennie
Started!
16 Adey
15 Annabelle
8 Kristel
15 Peggi
5 Vivien
Started!
1 Beret
7 Clemmie
2 Jacky
10 Laurice
5 Miof
Started!
44 Deeanne
37 Jillana
46 Karmen
44 Siouxie
47 Ted
Started!
62 Bobbette
71 Daisi
70 Lizzy
74 Margy
68 Milena
Started!
44 Ainslee
52 Alis
53 Davine
57 Dodi
48 Wrennie
Started!
57 Aeriela
62 Bibby
58 Leontyne
59 Liane
56 Selene
Started!
13 Cassaundra
16 Elnora
14 Jenilee
21 Nicola
26 Yasmeen
Started!
94 Bessy
88 Cinderella
91 Cristionna
78 Jayme
83 Stefania
Started!
12 Dorothee
2 Kamilah
14 Lindsy
7 Maybelle
1 Rowena
Started!
100 Cate
93 Ellene
97 Ethelin
99 Laureen
93 Mimi
Started!
23 Ambur
25 Harrietta
25 Jackie
32 Lonna
42 Sibley
Started!
57 Aurelia
63 Lilyan
63 Morgana
58 Nelle
53 Sonni
Started!
83 Avie
88 Barbaraanne
81 Clementina
89 Katlin
78 Lorrin
Started!
64 Auroora
60 Chelsea
69 Francesca
60 Jennilee
60 Kylen
Started!
11 Binny
25 Doralin
20 Ester
28 Gennie
15 Gerri
Started!
43 Angelique
39 Carleen
43 Emili
48 Enid
45 Maridel
Started!
14 Amalia
14 Denna
24 Dinah
6 Lind
23 Nora
Started!
8 Adelheid
9 Anallese
1 Juliann
2 Prue
5 Sheilah
Started!
61 Dolorita
54 Kaela
48 Lotte
59 Meriel
55 Tana
Started!
34 Bertie
41 Brittni
40 Cherie
35 Donelle
34 Robinett
Started!
66 Brittney
65 Carmelina
60 Doro
71 Issie
67 Timmi
Started!
98 Aprilette
97 Janey
90 Marcille
100 Natasha
93 Othella
Started!
12 Daniela
15 Goldia
20 Karel
14 Mahala
12 Trude
Started!
25 Ardeen
27 Felita
31 Jaquenette
33 Muire
30 Nelia
Started!
88 Devina
87 Fanni
76 Francine
69 Jane
79 Tandy
Started!
54 Kiri
52 Lilllie
44 Marje
59 Rae
53 Rubie
Started!
58 Charita
65 Janice
68 Louise
62 Prissie
59 Tiffani
Started!
38 Adela
40 Lonee
35 Luisa
40 Roxine
31 Sarah
Started!
18 Alexi
28 Bliss
29 Carri
23 Jemmie
27 Yevette
Started!
95 Bryna
99 Donna
96 Frieda
94 Kizzie
99 Lyndell
Started!
31 Harri
35 Lila
30 Mead
43 Sharleen
36 Winona
Started!
54 Alidia
53 Lurette
57 Marleen
52 Merci
51 Rozanna
Started!
18 Gabbi
19 Lyndsie
16 Mirna
16 Priscella
25 Shaylah
Started!
41 Arabela
46 Florella
38 Inez
37 Maddi
37 Tallulah
Started!
93 Adriana
96 Alyson
99 Joelle
94 Mara
96 Mari
Started!
22 Kira
8 Kristina
13 Rici
15 Tanya
21 Wallie
Started!
74 Bellina
81 Fawnia
92 Marleah
88 Reeba
82 Stacie
Started!
67 Analise
70 Ardenia
65 Claresta
67 Deonne
57 Jelene
Started!
55 Alessandra
44 Conni
55 Donella
52 Harmonie
52 Shandeigh
Started!
100 Cassi
95 Danielle
86 Kyle
95 Roslyn
99 Tallou
Waiting!
4 Norma
1 Sharai
Started!
33 Ag
32 Anallise
39 Camile
29 Julianne
33 Roxanna
Started!
91 Bettine
95 Dania
100 Evonne
94 Laverna
91 Lucia
Waiting!
70 Dixie
57 Gabriel
64 Nonnah
Waiting!
16 Irene
26 Latashia
15 Margalo
26 Sherilyn
Waiting!
75 Blondelle
76 Cassondra
91 Dodie
85 Gianina
Waiting!
44 Dina
49 Katie
49 Renelle
51 Sybilla
Waiting!
99 Darda
