Started!
23 Britte
15 Clare
29 Debora
15 Dix
12 Emmalee
24 Gusti
24 Issi
11 Jennette
15 Kathye
22 Koren
12 Lauree
9 Leisha
29 Lelia
24 Lita
19 Mariejeanne
14 Suzie
10 Vinny
16 Violante
Started!
66 Atlanta
85 Carmela
81 Dinah
71 Erinna
71 Faythe
82 Gabey
72 Gerladina
76 Gill
75 Margi
80 Martha
65 Marybelle
74 Melany
73 Monika
84 Nettie
85 Randie
85 Suki
84 Valerye
83 Winnah
Started!
88 Anne-Marie
97 Candie
98 Caresa
89 Darla
98 Edin
93 Faun
99 Gabriela
93 Kamilah
100 Livy
90 Lorita
90 Lorna
97 Mitzi
100 Nicolea
97 Quentin
90 Rora
100 Sandi
99 Vivien
90 Yasmeen
Started!
58 Allegra
69 Betteanne
68 Brittne
68 Caren
54 Darcee
59 Donelle
62 Kellie
70 Ketti
63 Lilias
65 Margo
65 Marta
64 Mela
55 Merla
59 Minnnie
63 Renell
63 Ronni
65 Sashenka
57 Stoddard
Started!
24 Aeriela
27 Alverta
42 Cherianne
42 Cybil
41 Deana
34 Elnora
34 Esma
34 Jaclyn
32 Janeta
26 Leela
31 Maridel
37 Marthe
25 Nelle
31 Ondrea
39 Sonni
39 Torie
30 Vin
25 Wynny
Started!
7 Alexine
7 Almire
9 Auroora
12 Barbaraanne
9 Coraline
7 Debi
14 Desiri
5 Estella
6 Eveleen
12 Fionnula
9 Gayleen
2 Ginger
6 Lonni
2 Meghann
3 Piper
14 Quintina
5 Rita
15 Tootsie
Started!
50 Andrei
49 Brigitte
44 Darda
53 Dorothea
50 Dorothee
50 Ertha
52 Gloriana
50 Hettie
49 Hyacinthe
57 Joye
50 Karleen
48 Liuka
50 Mellisa
51 Melosa
53 Mimi
47 Robby
55 Ruthy
52 Stacia
Started!
90 Adora
79 Anallese
79 Bryna
81 Charis
90 Dorene
83 Elka
94 Genia
83 Hallie
91 Iolande
90 Joelynn
90 Josie
84 Katy
80 Lari
94 Mame
84 Mariska
77 Teena
95 Ulla
86 Vanda
Waiting!
19 Addy
10 Brinna
17 Clo
7 Daniella
20 Ester
22 Ilysa
17 Ivonne
22 Janaye
17 Karil
9 Lilia
20 Tandi
26 Tiffani
16 Waly
7 Willetta
Waiting!
66 Catherina
60 Frankie
69 Jandy
61 Juditha
63 Michaella
67 Mindy
63 Nicole
63 Oona
58 Paulie
66 Pearle
71 Sal
58 Ursula
Waiting!
4 Cathe
Waiting!
29 Harri
38 Randa
Waiting!
85 Ilyssa
75 Leah
93 Lindsay
83 Livvyy
Waiting!
100 Lexis
99 Rosemarie
Waiting!
43 Adelind
42 Corabella
