Started!
36 Angelle
24 Berthe
17 Brande
18 Cissy
28 Con
27 Danella
17 Emmye
25 Flor
33 Gilligan
24 Ginevra
24 Idell
29 Livvyy
19 Marietta
17 Molli
25 Nessy
37 Randi
31 Rozanna
22 Stephani
Started!
68 Aubry
67 Brena
59 Debby
72 Dorise
58 Drucie
62 Elsey
71 Fanchette
60 Joni
64 Lenore
60 Lianna
61 Liz
57 Lorianne
67 Maible
67 Maire
68 Merna
73 Mollie
71 Sacha
54 Shanon
Started!
5 Bryna
24 Cassandry
13 Davita
14 Dora
14 Evania
5 Faun
24 Gustie
24 Lizzie
11 Madelene
8 Monika
10 Nikkie
14 Ollie
11 Prudence
4 Rowena
15 Shannah
9 Shannen
8 Theo
21 Zorine
Started!
52 Alyda
46 Becky
38 Cassandra
40 Cassandre
45 Elwira
46 Giselle
46 Joane
43 Joela
32 Joellyn
45 Leelah
42 Madelaine
39 Mandie
48 Nelly
42 Reina
52 Shanta
43 Tandy
39 Trudey
52 Vicki
Started!
90 Allx
96 Beret
99 Dorene
96 Edeline
100 Ericka
96 Gillian
99 Heidi
88 Irena
91 Jillene
87 Julietta
91 Kacie
92 Karyn
99 Lillis
100 Lola
95 Lyssa
100 Myra
97 Philippa
86 Susanetta
Started!
75 Anstice
81 Breena
68 Cahra
72 Emmi
84 Ina
80 Juditha
76 Junie
83 Loni
76 Marleah
83 Marrilee
79 Mei
79 Myrtle
78 Nadya
75 Ofelia
69 Ronny
84 Sibilla
79 Tallie
70 Terrie
Waiting!
1 Averil
5 Candice
1 Carry
3 Dorree
2 Elianora
1 Elyn
5 Emelia
1 Evangelia
3 Janaye
9 Kassie
2 Margaux
13 Rachael
3 Randie
1 Rivy
1 Sephira
Started!
48 Brigitte
44 Brittaney
63 Damita
43 Elsi
48 Fernandina
53 Florella
56 Helyn
60 Jannelle
45 Jillie
54 Joice
54 Julissa
49 Kial
49 Lauri
58 Loutitia
53 Milzie
52 Rhianon
55 Ronni
47 Terri
Started!
21 Briny
30 Cathryn
19 Claudie
28 Eilis
22 Estrella
37 Ilyssa
25 Jesselyn
27 Lianne
28 Lib
27 Marge
37 Merle
31 Merry
34 Norine
35 Romola
26 Sarah
30 Thomasin
27 Timmy
28 Tory
Waiting!
50 Chrystel
48 Emmalynne
39 Felicity
51 Hortensia
42 Josi
38 Kelcey
51 Linnet
39 Lotta
51 Lydie
38 Reggi
40 Robbie
44 Sasha
41 Silvana
36 Una
Waiting!
68 Alia
73 Avivah
64 Cyndi
73 Dianna
61 Elaine
70 Guillema
64 Lizbeth
61 Maridel
63 Patrizia
68 Susie
64 Tammara
58 Timmi
55 Vanda
55 Vinny
65 Virginia
72 Winny
Waiting!
83 Adel
78 Doreen
80 Gail
75 Gladys
83 Gusti
82 Jolynn
75 Margarethe
75 Melony
76 Monique
77 Neysa
Waiting!
16 Cybill
17 Esta
20 Kaitlin
16 Muffin
15 Phillida
Waiting!
87 Amanda
89 Barbara
97 Biddy
97 Elise
88 Jeane
98 Jen
86 Kassia
90 Kellyann
97 Lauretta
89 Lilith
96 Lita
95 Novelia
Waiting!
100 Corina
99 Violetta
