Started!
72 Gillan
Started!
35 Christan
Started!
56 Alverta
Started!
72 Martelle
Started!
22 Megen
Started!
14 Caroline
Started!
29 Edythe
Started!
72 Livvyy
Started!
15 Natassia
Started!
80 Gertruda
Started!
55 Sacha
Started!
14 Ranique
Started!
80 Atalanta
Started!
16 Cindra
Started!
31 Shara
Started!
75 Jenna
Started!
69 Kathrine
Started!
62 Zenia
Started!
4 Cyndi
Started!
61 Emlynne
Started!
13 Stevena
Started!
78 Dana
Started!
51 Rodie
Started!
11 Rani
Started!
21 Malina
Started!
31 Jerrilee
Started!
99 Malory
Started!
6 Stacie
Started!
23 Caitlin
Started!
62 Ebonee
Started!
81 Lizzy
Started!
92 Arielle
Started!
73 Pansie
Started!
35 Aurel
Started!
34 Bellina
Started!
45 Wallis
Started!
83 Celie
Started!
79 Ainslee
Started!
27 Philippine
Started!
69 Alecia
Started!
45 Shelba
Started!
100 Kailey
Started!
78 Vitia
Started!
78 Minne
Started!
61 Berni
Started!
96 Deva
Started!
19 Katrina
Started!
6 Kippy
Started!
64 Aurelie
Started!
82 Aggi
Started!
91 Babbette
Started!
86 Karin
Started!
15 Querida
Started!
35 Alayne
Started!
40 Friederike
Started!
50 Mariann
Started!
74 Riannon
Started!
94 Jeannette
Started!
95 Neile
Started!
32 Harriette
Started!
69 Janene
Started!
18 Dreddy
Started!
70 Cathleen
Started!
18 Adriane
Started!
5 Donnamarie
Started!
47 Mariquilla
Started!
31 Carol-Jean
Started!
28 Ynes
Started!
70 Mariska
Started!
51 Ashleigh
Started!
14 Aviva
Started!
2 Emilia
Started!
74 Selinda
Started!
35 Janeva
Started!
43 Daniella
Started!
66 Ag
Started!
66 Row
Started!
66 Sybil
Started!
46 Venus
Started!
43 Alexine
Started!
31 Dulsea
Started!
62 Corabella
Started!
90 Timmy
Started!
10 Agathe
Started!
66 Marty
Started!
53 Janaye
Started!
8 Adriena
Started!
52 Jolie
Started!
57 Lorain
Started!
97 Johna
Started!
73 Renell
Started!
88 Sapphira
Started!
68 Zsazsa
Started!
51 Ferne
Started!
26 Kynthia
Started!
63 Stacy
Started!
68 Sarina
Started!
98 Nady
Started!
16 Lishe
Started!
39 Danila
Started!
62 Rhonda
Started!
84 Aleta
Started!
44 Marjorie
Started!
52 Carlyn
Started!
11 Alvina
Started!
42 Jasmine
Started!
54 Shelby
Started!
10 Kass
Started!
57 Elianore
Started!
64 Lois
Started!
89 Tasha
Started!
47 Jonis
Started!
31 Dixie
Started!
55 Stephani
Started!
11 Nikaniki
Started!
83 Alla
Started!
77 Galina
Started!
90 Randi
Started!
6 Anett
Started!
25 Glenda
Started!
42 Starlene
Started!
24 Stella
Started!
65 Taryn
Started!
5 Drucie
Started!
22 Roda
Started!
12 Linell
Started!
43 Shayna
Started!
71 Bambi
Started!
61 Merci
Started!
41 Lynna
Started!
43 Teddie
Started!
35 Xenia
Started!
11 Amber
Started!
56 Elna
Started!
64 Ingaborg
Started!
29 Allix
Started!
60 Tammie
Started!
3 Tamma
Started!
85 Mandi
Started!
38 Valentine
Started!
21 Holly
Started!
15 Idette
Started!
15 Clareta
Started!
93 Ilene
Started!
46 Renelle
Started!
81 Merna
Started!
72 Shalne
Started!
89 Melanie
Started!
14 Darda
Started!
45 Babs
Started!
85 Bab
Started!
1 Loutitia
Started!
92 Paola
Started!
18 Caritta
Started!
15 Honoria
Started!
54 Thekla
Started!
11 Benedicta
Started!
43 Daphene
Started!
31 Luci
Started!
35 Fernande
Started!
67 Marielle
Started!
22 Melisenda
Started!
35 Shawnee
Started!
89 Clerissa
Started!
44 Ferdinande
Started!
81 Iolande
Started!
57 Sharon
Started!
42 Gwenora
Started!
36 Eulalie
Started!
75 Janenna
Started!
95 Rene
Started!
45 Vitoria
Started!
4 Truda
Started!
17 Lani
