Started!
79 Abbye
80 Ambur
70 Annabelle
79 Anthia
80 Brana
61 Carola
65 Carolee
63 Darcee
77 Eadie
71 Emlynn
67 Gleda
75 Ida
72 Janette
71 Jillayne
79 Marcela
77 Merlina
80 Phyllis
60 Poppy
60 Rachel
74 Ursola
Started!
53 Antonie
56 Ashil
62 Aubrie
59 Brena
44 Brynne
50 Charmane
46 Dacia
47 Dacie
53 Fanya
56 Greer
46 Joceline
44 Mari
43 Mariette
50 Nancie
57 Octavia
55 Rebeka
51 Ruperta
48 Tonie
60 Wilhelmine
54 Zita
Started!
33 Amalita
28 Ashlie
34 Beitris
40 Caitlin
34 Dana
31 Dniren
30 Gerrie
36 Giana
32 Jacintha
34 Jaquenette
47 Julie
27 Karisa
37 Karlen
32 Kassie
32 Korney
45 Loleta
28 Max
29 Nerissa
41 Sydney
35 Tanhya
Started!
18 Agatha
21 Aimee
23 Angele
20 Angelika
12 Aundrea
26 Dallas
18 Eddy
19 Fernande
14 Gayel
12 Heida
18 Janene
11 Karoline
13 Kristyn
12 Legra
16 Lindi
18 Malinde
24 Pauly
17 Raina
15 Roseline
24 Sharai
Waiting!
12 Brook
11 Deeann
4 Florentia
7 Gerianne
7 Julissa
1 Kacey
5 Laural
13 Martynne
4 Pearl
6 Rhody
1 Sheelah
11 Suzie
2 Thalia
8 Thekla
3 Tiffani
6 Valentine
Started!
89 Adoree
77 Allianora
91 Allie
87 Benny
86 Cordelie
91 Debbi
74 Ferdinanda
84 Hephzibah
90 Hilary
81 Jobina
79 Lizette
89 Lizzie
80 Lucy
76 Lyndel
80 Philippine
90 Roanne
86 Roseanna
76 Tilly
82 Vivi
79 Willabella
Started!
94 Bee
98 Beverlie
94 Cindee
97 Concordia
93 Conni
95 Doris
100 Georgena
93 Helene
99 Jordana
91 Lorenza
99 Marga
98 Margit
99 Marne
95 Myrta
95 Nissie
98 Odille
96 Pansie
97 Paolina
100 Prisca
92 Robinetta
Started!
69 Abbey
71 Adele
64 Adrienne
79 Brina
70 Dennie
65 Devon
74 Evonne
65 Gisele
75 Goldy
60 Helena
59 Katusha
74 Marcia
59 Matelda
70 Melissa
63 Miriam
75 Myra
71 Ricki
61 Sheryl
67 TEirtza
68 Tierney
Waiting!
51 Amelie
56 Astra
58 Audry
49 Avril
46 Babara
47 Cassaundra
56 Constantine
49 Eddie
53 Gene
57 Gerhardine
46 Jena
50 Leia
50 Mignonne
53 Nalani
46 Orel
52 Roda
58 Tallou
Started!
21 Alfie
19 Almeria
22 Anett
26 Beatriz
30 Berni
28 Berny
25 Cindie
21 Deidre
29 Ferdinande
34 Floris
25 Jacquelin
18 Jonie
17 Katerine
28 Kerianne
19 Layney
31 Perrine
20 Rhodie
17 Sheila
23 Stephannie
17 Yolanthe
Waiting!
45 Amil
40 Anet
41 Astrid
41 Bonnee
41 Cthrine
45 Di
40 Nikolia
43 Pepi
40 Quintana
43 Tiffanie
42 Winnie
Waiting!
84 Adaline
91 Andy
79 Augustina
84 Barbie
86 Bertie
78 Eadith
91 Jacynth
84 Ki
91 Reggie
85 Rosalia
Waiting!
96 Eda
96 Gweneth
95 Neilla
99 Suzi
Waiting!
32 Angel
25 Muffin
26 Stafani
Waiting!
68 Prue
67 Tiphany
