Started!
23 Aimee
22 Allison
29 Katrine
23 Matelda
31 Susanna
33 Vivi
Started!
42 Gabriell
46 Lynnette
34 Margaret
52 Marita
45 Robena
41 Zabrina
Waiting!
98 Adel
98 Erinn
90 Peta
92 Ranee
Started!
55 Christye
59 Karrah
57 Norina
62 Pearl
63 Rachel
66 Ricca
Started!
6 Binny
8 Christan
6 Eadie
7 Jillie
6 Leonie
12 Sophronia
Started!
78 Abbye
70 Beverlie
86 Ira
70 Joanne
83 Loree
79 Winonah
Started!
44 Carmen
51 Dniren
50 Jillayne
55 Madelena
57 Onida
54 Zita
Started!
69 Devon
66 Emlynn
71 Enid
62 Kenna
65 Roxie
67 Sophey
Started!
34 Almeda
38 Arlana
35 Debra
34 Emera
30 Ronnie
34 Rosaline
Started!
20 Adi
23 Audy
24 Kristyn
22 Olva
27 Rosy
16 Suki
Waiting!
3 Darleen
7 Vivianne
Waiting!
35 Adelheid
19 Brana
27 Cleo
30 Dennie
32 Nerty
Waiting!
84 Eadith
85 Sharlene
Waiting!
69 Robby
