Started!
8 Aeriela
5 Alisun
11 Breanne
5 Brianne
7 Celene
1 Charisse
14 Danna
13 Dannie
7 Dorotea
4 Edeline
13 Eleanore
1 Elisa
2 Esmaria
7 Iolanthe
8 Jackie
5 Julianna
8 Karalee
11 Kerri
11 Marielle
8 Nissy
5 Ophelia
7 Rahel
3 Susy
6 Tandy
10 Veronique
14 Winni
11 Xena
2 Zita
2 Zonda
Started!
51 Aggi
52 Amil
54 Annnora
42 Camila
38 Carol
43 Chastity
53 Christiane
40 Drona
57 Dyna
39 Ellissa
52 Emlynn
48 Gabriell
49 Hermine
54 Jacky
46 Jeane
42 Lenee
48 Marianna
46 Marje
58 Marthena
40 Millicent
50 Minny
42 Pippa
47 Robinetta
56 Roshelle
40 Salome
56 Shannah
43 Tandi
51 Tessa
38 Vikki
Started!
82 Anastasie
82 Anna-Diane
79 Breena
93 Chelsey
92 Cindra
89 Corina
82 Cristal
90 Davida
90 Dre
96 Estrellita
85 Fanni
88 Farra
84 Hildegarde
80 Jena
92 Jessica
77 Joana
93 Jocelyne
80 Kari
77 Kathy
89 Lacee
80 Lelah
93 Luella
86 Ninnetta
83 Nonah
96 Olivette
79 Robinia
90 Rubina
96 Serene
94 Shaylyn
Started!
67 Aime
63 Alanna
77 Annmarie
72 Bonnee
74 Caril
68 Christabella
62 Cordey
68 Desiri
74 Dorella
71 Dulcie
71 Germana
68 Gretel
68 Jada
68 Kat
71 Lindsay
68 Lolly
67 Madeline
71 Marijo
66 Milena
74 Misty
61 Nellie
61 Netty
62 Nicole
63 Noni
62 Norene
73 Ola
71 Shirl
75 Tabbi
64 Toni
Started!
32 Andromache
31 Annamaria
23 Ardene
31 Arlana
22 Augusta
35 Carena
26 Cecilia
34 Clary
26 Darcy
28 Deny
16 Devora
18 Gabriela
26 Ginni
33 Judye
36 Kori
24 Linnet
32 Manya
36 Maribelle
18 Melonie
24 Miranda
24 Pegeen
20 Roby
32 Rosaleen
31 Roze
16 Sheila-Kathryn
17 Stephannie
23 Sybilla
24 Valli
24 Yolanda
Started!
31 Ashia
41 Benedetta
40 Berna
38 Codee
36 Dania
46 Devan
38 Dinnie
37 Dorolice
44 Ellynn
45 Gusty
44 Hedi
39 Ilsa
39 Jacenta
35 Jill
40 Joletta
42 Julienne
32 Laura
39 Lavena
41 Lenka
39 Licha
34 Margaux
37 Marisa
47 Marti
31 Melany
41 Milicent
40 Ronica
28 Sammy
37 Sibel
46 Zea
Waiting!
90 Alison
99 Ashien
100 Beatrix
96 Billy
97 Candi
99 Cinnamon
94 Cyndia
93 Emylee
95 Happy
97 Jaquenette
98 Kamila
97 Louisa
97 Maia
100 Marguerite
Waiting!
58 Anthea
57 Barry
51 Bernetta
51 Bessie
59 Bonnibelle
51 Britteny
65 Carol-Jean
53 Dasie
66 Genia
51 Heda
59 Jeanne
66 Joann
68 Joelie
64 Kakalina
52 Kettie
54 Larina
68 Marin
69 Marlyn
66 Meggi
64 Melessa
65 Phillis
54 Quinn
55 Sam
57 Starlene
53 Tiffy
49 Tomasina
Waiting!
26 Ara
25 Ardyth
32 Astrix
22 Caren
19 Casandra
18 Daisy
17 Donielle
19 Eddy
22 Evangeline
22 Jenilee
24 Leland
22 Ludovika
32 Melina
28 Nancie
28 Renie
24 Reyna
26 Suellen
34 Tabbitha
26 Tamarah
Waiting!
81 Ange
86 Ariel
83 Aurora
86 Coraline
83 Drucy
86 Dulcine
83 Emmalynn
83 Ethelyn
80 Fania
89 Hildagard
86 Jacki
82 Jacqui
82 Jaymee
88 Junina
89 Lana
87 Marchelle
88 Mathilda
88 Phyllis
81 Ronni
86 Truda
81 Velma
79 Vera
Waiting!
2 Allyce
14 Candra
14 Cate
13 Ernesta
6 Evonne
10 Fiona
4 Jinny
12 Keriann
11 Kylen
5 Lind
9 Mara
8 Marrilee
11 Mela
4 Norean
9 Philly
13 Reggie
13 Sena
12 Tarrah
10 Tina
12 Valentia
Waiting!
72 Darrelle
72 Donella
74 Glad
76 Hatty
78 Kissie
71 Nydia
76 Starla
73 Tallie
73 Ursuline
Waiting!
48 Angele
45 Bellanca
39 Charline
43 Denny
39 Ivette
39 Jacquelyn
39 Karil
48 Perri
