Started!
33 Albertine
37 Carena
40 Cesya
47 Cristie
41 Eleonora
33 Elsy
37 Gilbertina
34 Hilda
34 Lesly
51 Page
35 Suellen
Started!
13 Ashley
9 Cammie
16 Carmon
1 Cassi
3 Eddi
8 Elinore
9 Gerty
4 Helena
13 Robyn
1 Susann
6 Vere
Started!
96 Allissa
88 Antoinette
90 Carmelina
90 Catie
97 Cleo
99 Colline
91 Fannie
99 Leland
95 Phedra
100 Randie
98 Sonny
Started!
62 Ailyn
65 Crin
69 Daune
69 Grier
80 Jacquie
62 Jilleen
62 Minnaminnie
71 Rafa
69 Sharon
76 Talya
63 Willie
Started!
25 Bel
32 Bliss
23 Carlita
23 Catriona
17 Eleen
17 Jennifer
33 Katie
27 Octavia
24 Orelia
17 Reeta
30 Robina
Started!
94 Colette
93 Dorothea
82 Dulsea
93 Gracia
89 Hester
86 Kerrie
83 Libby
78 Lucie
91 Rozanna
84 Sarene
94 Tobye
Started!
56 Alma
58 Alvera
59 Caressa
66 Cordie
59 Darbie
57 Dayle
50 Kirsteni
48 Lanita
66 Lea
54 Martica
57 Saidee
Started!
4 Ara
8 Berta
2 Elli
6 Gertruda
12 Kristien
2 Lanae
5 Leisha
3 Lindy
15 Margarete
7 Molly
17 Sabra
Started!
37 Amelina
37 Bride
38 Elysha
37 Franciska
54 Janaye
51 Malory
52 Nerta
44 Prue
39 Ulrica
35 Vyky
48 Winna
Started!
96 Ainslee
100 Asia
89 Auria
89 Berrie
99 Ketti
96 Lanette
100 Lavinia
90 Maggee
100 Margie
93 Sheela
98 Thekla
Started!
71 Datha
82 Dona
72 Haley
72 Ida
74 Jordanna
74 Marris
72 Myrilla
63 Nike
73 Sallyanne
77 Shaine
73 Xaviera
Started!
29 Annalise
22 Britney
22 Dede
24 Emelina
28 Josefina
31 Josephine
31 Kacy
28 Korney
31 Malia
31 Tara
21 Trisha
Started!
53 Addia
71 Bendite
68 Debby
71 Ines
69 Jaine
71 Jenine
59 Kaycee
60 Lorine
61 Philippine
59 Tiffani
54 Yevette
Started!
14 Chrysa
11 Corabel
10 Emilie
8 Erika
16 Gladys
12 Kaye
18 Ketty
13 Lizbeth
8 Maritsa
8 Nara
17 Rosina
Started!
7 Brianna
4 Caprice
5 Damaris
3 Eimile
6 Mersey
1 Minnnie
7 Odille
3 Pattie
4 Phylis
13 Tracee
4 Vonny
Started!
100 Brigit
94 Carey
95 Chery
91 Elset
93 Leelah
89 Leslie
96 Magdalena
100 Marilee
93 Opaline
90 Pauly
84 Rheta
Started!
48 Adrea
53 Beatriz
42 Bill
57 Brigitte
41 Charlotte
57 Danna
41 Goldina
55 Lina
44 Lucienne
39 Maryjo
41 Sharyl
Waiting!
23 Bell
31 Elspeth
21 Frederique
27 Gisela
23 Iris
34 Ivy
40 Wendye
Started!
72 Brigitta
81 Candace
91 Ebony
79 Fran
86 Geraldine
74 Grissel
78 Hesther
75 Ingeborg
71 Julissa
88 Karrah
81 Ulrike
Waiting!
17 Barbee
14 Esta
20 Leyla
11 Tedra
20 Thea
20 Yolanthe
Started!
60 Ardeen
54 Erminia
60 Faydra
58 Peria
66 Philly
55 Pier
62 Susanne
61 Tomasine
52 Ulrika
70 Verina
64 Viviyan
Waiting!
73 Donni
75 Elsinore
64 Faye
74 Madelene
78 Ninon
Waiting!
96 Aviva
97 Hildagarde
Waiting!
48 Cecilla
48 Daniele
44 Emera
46 Eugine
48 Mirabel
46 Vita
44 Vittoria
Waiting!
85 Laurice
Waiting!
6 Niki
