Started!
93 Andee
84 Austina
82 Bethany
76 Corette
83 Delphinia
90 Gerri
92 Helen-Elizabeth
89 Hollyanne
94 Jodie
85 Lucilia
88 Martica
75 Orelia
83 Phedra
89 Quinn
78 Robina
79 Sherrie
74 Simonette
83 Stephi
76 Susanna
81 Teddi
90 Trudy
89 Vernice
89 Winnifred
Waiting!
14 Adiana
3 Alyce
10 Alyda
1 Annabelle
4 Caressa
14 Crissie
6 Eimile
16 Emmaline
3 Henka
16 Jess
13 Kelsey
1 Malia
5 Meridith
7 Miof
16 Vere
6 Virgina
Started!
68 Andrei
58 Ashien
61 Ashley
65 Aurlie
54 Cassandra
53 Charleen
66 Colline
51 Davida
64 Ddene
69 Dorrie
68 Druci
61 Eba
55 Eda
64 Gavrielle
49 Jeanna
49 Laney
52 Mavis
59 Pen
53 Philly
63 Ralina
53 Rani
57 Sybil
59 Zelma
Waiting!
65 Alfi
62 Arliene
62 Bill
71 Caro
72 Cristie
70 Felicity
70 Harley
71 Leah
66 Leslie
69 Marcelline
82 Rosa
72 Rosana
70 Verene
72 Vivian
Waiting!
100 Anya
95 Bette
98 Ceciley
89 Chrystel
95 Claribel
98 Cordie
86 Danika
91 Dyna
97 Eve
87 Jolie
91 Leelah
98 Lidia
97 Verile
95 Vinni
91 Wilone
Started!
29 Annie
44 Averil
37 Brinna
33 Carin
24 Catriona
39 Cthrine
41 Dagmar
43 Di
31 Eachelle
39 Emmye
36 Guglielma
25 Jennifer
40 Laurella
38 Marthena
27 Nancie
24 Rochella
30 Romy
34 Shirlene
27 Susan
32 Teresita
33 Vinny
39 Viv
37 Wendeline
Waiting!
18 Briny
24 Carroll
25 Celinka
18 Eleen
23 Patty
23 Peg
17 Petra
19 Phaidra
24 Rozanne
20 Sharl
18 Shell
20 Viviyan
Waiting!
48 Berni
45 Chloris
41 Georgina
48 Gerianna
38 Gertie
53 Heddie
46 Hildegaard
56 Jehanna
55 Marquita
46 Pearline
38 Pippa
40 Robinett
57 Siouxie
42 Wanda
Waiting!
61 Janaye
59 Meredith
60 Rayna
Waiting!
28 Ara
32 Bee
33 Benny
32 Clementine
29 Gerianne
29 Gwendolyn
34 Lelah
