Waiting!
79 Arline
74 Ashia
89 Cindy
84 Cordi
69 Di
75 Hollyanne
80 Laney
75 Susan
79 Viv
Waiting!
46 Diane
37 Esmaria
51 Melodie
51 Modestine
47 Ricca
50 Sherrie
54 Winona
Waiting!
27 Annabelle
17 Cicily
23 Eve
33 Glynnis
30 Heddi
17 Jacintha
19 Kristina
27 Mathilda
19 Melba
32 Penelopa
17 Rheta
21 Tobye
Waiting!
96 Corinna
95 Gray
92 Jess
91 Mary
90 Shell
Waiting!
68 Angelia
61 Corrianne
58 Eleen
58 Miof
59 Pansie
Waiting!
5 Amitie
7 Analise
16 Carree
16 Chrissy
14 Christye
5 Coriss
15 Davine
15 Verile
Waiting!
1 Nita
