Started!
60 Amargo
75 Aridatha
75 Briana
65 Chickie
63 Daphene
65 Elsinore
69 Gwenny
61 Jeanine
68 Petrina
75 Rosemarie
63 Rubi
64 Shelby
74 Sosanna
66 Thia
Started!
34 Brianna
44 Darcy
32 Ethelin
30 Juliana
43 Karola
26 Lianna
38 Lilias
36 Marin
43 Miguela
44 Petronille
31 Ros
34 Rosaline
40 Sheila
29 Shir
Started!
15 Alameda
7 Anastassia
21 Cherish
16 Crissy
4 Emmeline
12 Erika
4 Janella
19 Laetitia
11 Liv
12 Merry
11 Mommy
4 Nicolea
22 Sharity
13 Tamqrah
Started!
100 Amandi
92 Aurilia
93 Chrissy
91 Clareta
97 Devondra
94 Doria
91 Jackie
95 Jeanelle
90 Matty
93 Merle
92 Moina
93 Nerissa
100 Tiffie
97 Wally
Started!
43 Alberta
47 Becki
56 Callie
50 Crissie
50 Elly
47 Evangeline
47 Gene
48 Melosa
58 Opal
52 Rhianon
48 Ruthanne
41 Sophi
56 Valry
50 Vivian
Waiting!
11 Alvira
9 Calley
1 Claudetta
5 Cristen
4 Harley
1 Jenifer
1 Zenia
Started!
84 Dorie
86 Fiona
81 Gilberte
86 Gina
78 Hulda
86 Jennee
84 Luelle
81 Magdalena
90 Mufinella
88 Nancy
91 Pepi
77 Rita
81 Sarette
87 Tabbi
Waiting!
12 Alice
13 Cynthie
14 Geri
19 La
18 Minna
17 Perri
Waiting!
38 Aloysia
25 Chiquia
31 Helyn
23 Karoly
38 Maible
32 Ninetta
31 Paulina
27 Roseline
35 Rosmunda
37 Theresita
Waiting!
69 Brandy
72 Dehlia
70 Katherina
71 Nedda
63 Phyllida
Waiting!
45 Shayna
45 Zoe
Waiting!
100 Abigail
91 Livvyy
Waiting!
83 Melisse
