Started!
62 Alecia
80 Caren
80 Celinda
61 Debi
65 Dolly
77 Dorolice
77 Elyssa
70 Emeline
74 Ethelin
73 Francisca
62 Gerty
71 Kaila
81 Kamilah
61 Katlin
70 Leandra
73 Letitia
63 Malissa
63 Mallory
76 Melly
70 Orelia
Started!
12 Antonina
2 Blondelle
3 Eran
8 Feodora
4 Florry
7 Hetti
5 Illa
12 Joleen
11 Julie
2 Kacey
1 Karia
6 Lanna
8 Libby
12 Mareah
9 Meta
11 Natala
12 Robina
7 Susy
3 Suzanne
7 Vita
Started!
28 Brandy
32 Callida
26 Cathrine
31 Cecilla
26 Charity
43 Clerissa
36 Danit
26 Dannie
24 Garnet
28 Genia
33 Georgeanna
44 Gillie
34 Joella
32 Kassi
26 Lilias
38 Louisette
38 Perri
27 Silvana
33 Steffie
41 Tobi
Started!
17 Ajay
15 Ardyce
20 Ashia
18 Christalle
25 Cindy
19 Clarabelle
18 Costanza
20 Gabbey
23 Harriette
22 Isabel
16 Ivy
28 Jessamine
14 Katya
22 Leora
14 Milly
16 Orelie
13 Patty
14 Rebecka
16 Roanna
21 Sybila
Started!
57 Adelle
65 Barbaraanne
58 Bobbette
52 Caitlin
51 Cordula
57 Domeniga
58 Elisabetta
50 Esta
55 Gail
49 Jen
53 Lacey
51 Lorine
58 Mandi
51 Maris
56 Myrle
49 Rasla
56 Rosabel
48 Terry
60 Vale
55 Veronica
Started!
86 Ansley
90 Bryn
96 Calypso
91 Cherilynn
88 Cristin
88 Cyndia
88 Cynthia
95 Ebba
98 Ileana
98 Julianna
89 Karyn
94 Kristyn
88 Marianne
86 Maryrose
87 Megen
83 Melinda
81 Pamela
84 Sukey
99 Umeko
93 Wendie
Started!
45 Brittaney
50 Cathlene
53 Cyndi
43 Debbi
41 Ellen
53 Elwira
55 Hildagard
52 Jsandye
42 Karola
39 Ketti
35 Meggy
55 Nessi
37 Nikoletta
51 Orsola
45 Quentin
44 Sapphira
50 Sharron
54 Sib
48 Vivi
40 Wandie
Started!
69 Abigael
75 Arleta
67 Claresta
63 Cordelia
81 Doralin
79 Ermengarde
73 Ester
78 Florri
67 Gerrilee
75 Greta
80 Harriot
65 Jobyna
73 Karylin
68 Laurene
70 Minnnie
78 Risa
69 Sibella
80 Ulla
68 Willette
73 Zaneta
Waiting!
53 Aggy
57 Andi
58 Clarisse
59 Constance
52 Dulcine
56 Dulcy
60 Georgeanne
61 Kym
67 Merilyn
51 Myrtle
58 Orly
57 Robinet
56 Rosalinde
60 Sibelle
54 Zuzana
Waiting!
26 Anette
32 Arden
27 Avie
30 Berthe
25 Codi
21 Dorotea
29 Erica
33 Eveleen
30 Henriette
31 Jacenta
33 Kaile
31 Meredith
27 Ruthann
34 Tabbie
32 Tuesday
Waiting!
15 Alleen
6 Brinna
18 Caria
7 Carlynne
12 Celine
4 Darline
14 Eula
16 Inez
14 Mellisent
9 Pattie
14 Rafaelita
17 Roxy
12 Zondra
Waiting!
87 Annette
94 Anthiathia
84 Augustine
95 Cristabel
86 Doloritas
100 Dorice
90 Eleonore
93 Florella
92 Joete
93 Libbie
96 Lyn
84 Marlie
86 Mary
89 Mora
95 Neely
92 Paolina
92 Stacia
85 Tybie
Waiting!
2 Amalle
2 Brandie
3 Dido
3 Horatia
3 Justina
Waiting!
71 Dulcinea
77 Fawnia
78 Torie
Waiting!
42 Dori
48 Melania
43 Theresina
Waiting!
83 Dionis
