Started!
15 Alyssa
17 Ardra
27 Damaris
26 Debora
29 Desiri
10 Dorey
21 Dulcea
17 Ellen
12 Erika
10 Jana
25 Janie
21 Linet
30 Liza
15 Marni
24 Nadean
20 Nissie
15 Sally
16 Shauna
19 Tana
Started!
42 Adah
51 Amitie
34 Arabela
40 Bertine
43 Chery
35 Corrine
52 Desirae
49 Goldia
32 Haily
41 Issi
34 Kamila
47 Kerrie
39 Millicent
47 Myrtia
51 Orsola
51 Tierney
41 Timi
45 Valaria
46 Veronike
Started!
13 Adora
8 Amandie
4 Andria
5 Bonnibelle
2 Cam
8 Collette
8 Donnie
6 Dora
3 Fleur
7 Gizela
15 Jandy
3 Lauren
5 Mabelle
12 Marla
4 Marylou
4 Pen
1 Serene
2 Sukey
5 Tillie
Started!
55 Alison
65 Andy
61 Angy
68 Carlie
64 Constancia
58 Devon
63 Donella
69 Elwira
67 Gloriana
59 Hannis
65 Ingunna
54 Jaquenetta
63 Jemima
63 Lula
57 Norry
60 Otha
66 Rubina
52 Wandie
55 Winonah
Started!
82 Alisha
77 Barbey
76 Chelsae
85 Emmalee
76 Genvieve
78 Gertrudis
72 Kerry
79 Margeaux
74 Mikaela
76 Mirabella
86 Sela
73 Shanna
78 Shanon
73 Sigrid
85 Simonne
79 Stevena
81 Tiffanie
70 Tildy
85 Winnah
Waiting!
98 Anabelle
94 Antonina
91 Asia
86 Cara
93 Linea
90 Marya
93 Matty
90 Nada
95 Nonna
99 Rafaelita
Waiting!
72 Melisse
80 Rea
71 Shanta
78 Tabbatha
Waiting!
24 Bunny
34 Heddie
Waiting!
37 Chrysler
43 Robyn
Waiting!
13 Corabel
7 Fredelia
3 Lynnea
