Started!
13 Annadiane
2 Bessie
11 Chelsy
16 Emalia
1 Loralee
3 Nissie
5 Romy
11 Tabbie
Started!
69 Blancha
65 Charyl
72 Janene
54 Jenica
60 Melantha
64 Nan
66 Rene
69 Therine
Started!
33 Analiese
33 Charline
41 Dierdre
46 Gussy
48 Katharine
34 Ranee
41 Roxine
39 Zulema
Started!
55 Averil
44 Corene
53 Deidre
59 Jemmy
49 Jerrie
59 Karalee
59 Matty
48 Verile
Started!
97 Dacey
91 Dannye
87 Isabel
84 Maegan
87 Myrlene
93 Seline
94 Shantee
94 Shela
Started!
25 Alverta
25 Angelique
29 Bee
27 Jackquelin
24 Jacky
24 Krista
25 Mavra
24 Rhea
Started!
81 Adda
77 Cecily
73 Chelsea
67 Helene
75 Reeva
76 Ruthann
75 Terza
83 Zaria
Waiting!
89 Anna-Maria
90 Arabela
83 Dela
95 Kaile
91 Marleah
84 Minetta
96 Teressa
Started!
46 Cate
42 Chelsey
46 Gae
42 Kylynn
37 Robinia
37 Saba
41 Sam
39 Truda
Started!
54 Cherish
69 Grier
60 Ivy
56 Josefina
59 Letta
62 Marion
62 Maryjo
69 Pippy
Waiting!
6 Andie
8 Evaleen
1 Gayel
3 Heidie
2 Tomasine
Waiting!
50 Kalina
55 Noelyn
Waiting!
18 Arlene
27 Denny
30 Guillemette
12 Mag
22 Mufinella
29 Susette
Waiting!
78 Aloisia
79 Bren
72 Emelda
78 Ester
76 Suzi
Waiting!
61 Arluene
