Started!
14 Angelica
6 Celie
12 Hanna
Started!
24 Aliza
19 Bree
23 Tilda
Started!
73 Jenn
67 Lexi
57 Rhetta
Started!
32 Dody
45 Natalina
39 Nickie
Started!
80 Aigneis
76 Amabel
85 Bethena
Started!
52 Greer
61 Joannes
60 Robinet
Started!
96 Brandy
95 Rebeka
86 Terri
Started!
2 Amie
1 Kay
8 Vilhelmina
Started!
68 Abagael
72 Selene
71 Teddie
Started!
75 Ferne
64 Marybeth
74 Marysa
Started!
10 Bonny
22 Caryn
18 Dasya
Started!
49 Bobbye
45 Robinetta
52 Romola
Started!
87 Danette
81 Sam
73 Stacia
Started!
51 Adriane
53 Renie
60 Sonia
Started!
93 Frederique
85 Hendrika
95 Madlen
Started!
40 Danit
32 Othelia
34 Wilone
Started!
19 Callie
16 Ginevra
17 Natassia
Started!
77 Karia
77 Lindi
75 Maighdiln
Started!
73 Bertie
86 Chrysler
76 Mirelle
Started!
5 Adiana
10 Lita
14 Wally
Started!
48 Cacilie
44 Daphne
52 Fernandina
Started!
2 Delphine
5 Florie
8 Susannah
Started!
40 Shaylah
39 Shaylyn
37 Yalonda
Started!
16 Helaine
19 Juli
24 Leanora
Started!
87 Jennee
89 Judi
91 Lonee
Started!
96 Albertina
94 Etti
99 Fredrika
Started!
56 Alfie
46 Johannah
44 Paloma
Started!
53 Amelia
57 Arliene
57 Deidre
Started!
29 Agneta
21 Dorene
23 Elayne
Started!
73 Adah
78 Ulla
70 Vin
Started!
79 Faina
83 Gayleen
81 Leora
Started!
40 Monika
45 Romonda
37 Vita
Started!
41 Corenda
42 Jayne
51 Winifred
Started!
80 Doralynn
66 Nettle
72 Timi
Started!
20 Celestyn
15 Lucilia
25 Maria
Started!
65 Beckie
62 Elizabet
70 Valencia
Started!
25 Alida
31 Aubrie
32 Jori
Started!
59 Helen-Elizabeth
54 Konstanze
49 Rea
Started!
14 Cesya
4 Lavina
6 Nalani
Started!
28 Arlee
47 Daphene
37 Karel
Started!
86 Aurora
82 Betta
90 Justinn
Started!
5 Alysia
4 Cherri
1 Felipa
Started!
26 Hedwig
19 Lacie
21 Rahal
Started!
30 Alla
38 Brandais
23 Celeste
Started!
94 Bernadine
96 Claudina
87 Elli
Started!
63 Elsey
65 Maiga
69 Nolana
Started!
79 Lilly
88 Nicolette
85 Sunny
Started!
44 Beatrisa
42 Lida
45 Ted
Started!
24 Brina
16 Eleanore
14 Ilene
Started!
44 Melita
53 Raquel
40 Tess
Started!
75 Barrie
68 Prudence
66 Tildie
Started!
50 Elicia
41 Gilligan
34 Janel
Started!
15 Audre
23 Delcina
5 Rosanna
Started!
36 Berty
38 Simona
28 Sydel
Started!
76 Ashleigh
76 Tera
71 Teressa
Started!
13 Gillie
12 Ilysa
3 Julissa
Started!
36 Tamara
43 Trudy
46 Vivian
Started!
86 Ainslie
96 Laureen
88 Zarah
Started!
20 Brittani
26 Kit
32 Milka
Started!
76 Demetris
69 George
74 Linet
Waiting!
99 Kayle
89 Olympia
Started!
37 Dona
39 Pru
43 Tedda
Waiting!
21 Kristel
23 Willi
Waiting!
55 Kizzie
63 Lettie
Started!
87 Dorian
84 Mandie
86 Wrennie
Waiting!
85 Shina
Waiting!
12 Murielle
