Started!
80 Alma
81 Angelina
83 Babbette
77 Billye
71 Brandie
81 Cissiee
89 Consolata
88 Crysta
85 Daphne
76 Debra
86 Devon
74 Federica
72 Felicle
69 Ines
84 Jacinta
76 Jania
89 Lora
81 Modestine
82 Moria
87 Nelia
85 Nerita
80 Quintina
79 Roselia
74 Starlene
71 Stephanie
75 Susy
82 Suzette
82 Valenka
78 Zabrina
Started!
15 Anatola
3 Brandais
7 Bridgette
3 Celle
15 Daryn
10 Edin
6 Elisabetta
5 Elsa
14 Emera
16 Erma
2 Ermina
8 Gayleen
2 Gelya
4 Haleigh
12 Janaye
16 Janot
17 Karin
7 Katheryn
12 Koo
3 Leonanie
4 Lorianne
1 Lorrayne
3 Lurlene
14 Myrna
8 Orelee
16 Sileas
8 Simona
2 Sonni
4 Willow
Started!
37 Abbye
38 Althea
32 Angy
47 Antonie
40 Babita
29 Blakeley
30 Candy
48 Cassaundra
31 Collie
32 Eimile
39 Elfie
32 Fancy
35 Fedora
29 Janessa
31 Janeta
30 Joyann
48 Karlen
43 Kirby
34 Linzy
38 Malinde
45 Marina
43 Milissent
39 Noella
35 Salaidh
41 Sarette
31 Silvie
34 Stepha
33 Stephani
36 Tallou
Started!
28 Adrea
26 Aila
24 Bibbie
20 Camellia
18 Casandra
25 Christiane
34 Deeanne
29 Elinore
34 Elle
22 Eve
23 Faina
23 Gwendolin
19 Jannel
35 Liane
18 Lori
19 Margareta
24 Matti
18 Melinde
21 Mirilla
19 Nichol
27 Oralia
32 Pooh
27 Rebecca
27 Rebekah
29 Shannah
16 Sharia
35 Tamar
26 Tiffanie
24 Zitella
Started!
67 Aeriel
77 Ariel
63 Arlana
77 Benedikta
61 Elise
67 Esme
68 Janith
70 Kathryn
62 Kori
69 La
60 Lauree
62 Margalo
73 Marietta
61 Marji
66 Melesa
67 Mercie
63 Miguela
72 Miranda
59 Natty
63 Netti
67 Orelle
68 Peggi
67 Phillis
62 Quintana
76 Renie
65 Ronda
59 Tina
74 Tova
66 Truda
Started!
54 Alfreda
42 Andrei
48 Arly
49 Austine
49 Babette
46 Cathie
49 Chryste
55 Dawna
45 Del
55 Elly
46 Gnni
53 Harlene
54 Joana
44 Kevina
51 Krista
48 Libby
54 Linette
50 Liz
58 Margit
52 Marlene
51 Melitta
55 Michel
51 Oralie
57 Ronna
42 Rosalinda
46 Sarine
46 Sibbie
47 Velma
43 Willi
Started!
93 Albina
98 Alica
93 Almeria
88 Alvina
91 Ardella
96 Brinn
96 Caroljean
96 Constantina
91 Corine
99 Cristen
89 Emily
100 Fayre
86 Georgena
89 Idell
99 Janetta
89 Jorey
97 Kaila
90 Kaile
89 Kellyann
93 Mariellen
100 Niki
99 Pauli
98 Penelope
91 Rachel
91 Reiko
98 Renell
94 Sandi
87 Teddie
88 Tresa
Waiting!
7 Ali
10 Amabel
4 Amelina
1 Annadiana
11 Coleen
10 Coretta
9 Debbi
6 Dena
5 Dorice
8 Dorthy
6 Dulciana
7 Edithe
1 Fayette
2 Hanna
1 Idalia
10 Kissee
10 Livy
3 Lynnette
11 Nicholle
7 Pris
11 Sabra
10 Sindee
4 Tasha
Waiting!
37 Brooks
39 Carma
28 Dede
41 Dorris
32 Jeanelle
40 Jillane
31 Magdalen
39 Mandy
41 Reeba
38 Tybie
38 Veronica
Waiting!
84 Adan
78 Ayn
80 Dani
76 Danila
91 Desiri
83 Eddi
83 Elva
81 Hillary
94 Lari
79 Minta
85 Modesty
79 Nance
85 Saree
79 Sunshine
Waiting!
24 Bettine
18 Fionnula
13 Kelcie
22 Latia
20 Lilas
15 Lory
21 Melody
12 Sybil
17 Vicki
15 Wilma
Waiting!
74 Maible
72 Prissie
72 Sherrie
73 Suki
65 Zandra
Waiting!
27 Cammy
26 Susie
Waiting!
99 Celinka
Waiting!
54 Barry
53 Beckie
56 Catlaina
59 Livia
63 Marget
62 Tuesday
53 Viki
