Started!
94 Ardra
89 Celie
92 Lynna
Started!
27 Anthea
30 Celinka
34 Elva
Started!
50 Cynthia
49 Sabine
50 Thelma
Started!
16 Aindrea
7 Jada
16 Jocelyne
Started!
75 Ibbie
75 Madella
82 Melesa
Started!
90 Blair
82 Linea
88 Odelinda
Started!
32 Ilsa
31 Larisa
34 Miran
Started!
94 Grace
100 Janetta
100 Thomasa
Started!
52 Elnore
51 Shell
54 Silvie
Started!
48 Cicily
56 Hilda
47 Mozelle
Started!
78 Dani
88 Lainey
82 Leigha
Started!
8 Alicia
10 Delila
8 Frieda
Started!
79 Joete
71 Timmie
74 Tomi
Started!
37 Ardys
43 Kaila
41 Tina
Waiting!
24 Chloette
Waiting!
68 Shanon
Waiting!
83 Bea
