Started!
46 Alvira
40 Aurelie
36 Conni
39 Cyndia
47 Dawn
45 Ericha
50 Flo
43 Florri
39 Gwennie
37 Herta
43 Indira
41 Korie
41 Leonanie
38 Lorelei
43 May
34 Mommy
42 Nelia
32 Nesta
45 Raychel
44 Rhodia
34 Rosalia
37 Terrijo
34 Theodora
39 Tillie
52 Vivyanne
44 Wendie
35 Yasmeen
Started!
21 Alicia
19 Bea
17 Binny
16 Brigitte
13 Corrianne
10 Cristabel
18 Darci
24 Elvera
22 Francyne
28 Gale
15 Gloriana
12 Halli
22 Issy
18 Jacinta
17 Jackelyn
29 Jenda
14 Jobey
11 Lona
12 Maurizia
20 Merralee
19 Patrizia
10 Rafaela
10 Reine
15 Rubetta
19 Shanie
28 Sileas
18 Verla
Started!
75 Aloisia
80 Andriette
65 Annaliese
82 Annamaria
75 Arabele
66 Arlana
71 Berthe
79 Callie
71 Camila
74 Carree
70 Chiquia
77 Chloette
80 Constancy
78 Dorie
64 Elva
74 Harley
75 Jemmy
84 Jourdan
64 Kassie
71 Marie-Ann
75 Meade
65 Nelli
77 Reta
77 Rhoda
73 Tonia
84 Vere
68 Virginia
Started!
62 Ardys
55 Arlette
56 Barry
57 Brynna
54 Catherin
60 Elke
56 Georgiana
63 Geri
60 Gerrilee
56 Gertrude
53 Grier
58 Helge
58 Joye
54 Linea
54 Malory
56 Marijo
56 Marylee
49 Merridie
58 Myrah
59 Nada
60 Naoma
60 Pris
54 Roseanna
57 Sharon
58 Suzi
59 Teri
63 Vilma
Started!
86 Adel
85 Ammamaria
99 Babara
89 Bathsheba
92 Crysta
95 Delora
92 Gilberte
89 Honey
100 Ingaborg
91 Jaclyn
91 Kristan
91 Lianna
91 Madelene
93 Maybelle
86 Meg
100 Miguela
99 Nanni
91 Ofilia
92 Oneida
87 Perl
88 Rey
95 Sasha
90 Sheila
89 Stephie
87 Suzann
99 Tamiko
85 Vitia
Started!
8 Alyson
1 Ardath
9 Cammy
2 Carmina
1 Ciel
2 Darya
6 Ermentrude
8 Fina
9 Giacinta
3 Hertha
4 Isis
8 Jeanette
8 Jeralee
7 Jillane
1 Jolene
2 Jolyn
4 Julienne
3 Maurise
1 Modestia
2 Myrlene
3 Neely
3 Nicoline
10 Quintana
6 Randee
3 Rosana
9 Sharl
4 Tarrah
Started!
41 Abbey
32 Adrea
36 Albertine
35 Alicea
22 Anstice
36 Ashlan
21 Beverly
24 Buffy
27 Cindelyn
23 Claudetta
37 Cristina
26 Dorella
41 Elissa
29 Fiona
37 Isabelita
31 Joellen
31 Lana
32 Marybeth
41 Minny
32 Neala
39 Nomi
25 Odille
41 Oralle
31 Rosaline
37 Stephi
30 Suellen
39 Teodora
Started!
70 Allx
56 Anastasie
64 Brett
75 Brittaney
55 Candy
72 Carly
61 Corly
73 Dorise
69 Evy
73 Florence
65 Gerta
71 Gillie
73 Gusella
65 Henrietta
65 Janeczka
57 Jasmine
65 Kassandra
66 Katrine
73 Lauri
68 Marnie
61 Nanon
66 Poppy
73 Tiffanie
68 Torey
55 Twyla
60 Ulrike
75 Vanessa
Started!
85 Addi
79 Adelice
99 Barbee
82 Bianca
99 Bryna
96 Cathi
91 Celeste
82 Charmine
94 Corina
84 Corine
85 Corrina
96 Denise
89 Denys
96 Fidelia
94 Harmony
94 Jeniffer
79 Jocelin
85 Lulita
83 Modestine
89 Morgana
79 Muriel
88 Norma
84 Siusan
79 Sorcha
97 Sula
99 Tamma
94 Tamqrah
Waiting!
44 Anette
50 Cacilia
52 Caralie
44 Cordie
46 Dottie
56 Filippa
61 Jilly
53 Karlene
44 Lurette
52 Meghan
51 Modesta
52 Tamarah
53 Tybi
Waiting!
100 Aeriell
100 Alma
100 Amitie
96 Elyse
100 Joeann
Waiting!
79 Barbi
75 Charla
79 Cora
76 Hannie
75 Jonie
76 Lusa
Waiting!
19 Allina
19 Alyce
15 Andriana
23 Astrix
15 Dorry
16 Hadria
12 Iona
16 Kathlin
13 Margi
11 Meta
15 Nicola
20 Robbyn
20 Yoshi
Waiting!
7 Celinda
8 Lacie
7 Lilli
1 Sacha
5 Viviene
Waiting!
36 Letta
32 Loni
32 Lynn
37 Sarene
40 Valery
Waiting!
88 Molly
