Started!
99 Atalanta
100 Binnie
99 Candace
95 Janis
90 Row
96 Sharon
92 Tarrah
Started!
19 Berry
12 Dix
21 Genevieve
13 Kaleena
13 Latrena
17 Rosene
5 Ursa
Started!
30 Alie
38 Emmalyn
33 Farrand
39 Joletta
39 Luelle
41 Mandie
35 Rheta
Started!
9 Ajay
9 Annis
4 Ardath
1 Eddie
3 Jehanna
1 Lyndsey
1 Neile
Started!
50 Ellette
53 Hailee
56 Melisenda
48 Rozele
48 Sarette
40 Seka
42 Vicki
Started!
85 Astra
81 Farand
77 Gwenette
74 Hannis
79 Raven
72 Wandis
78 Zitella
Started!
64 Colleen
70 Demetra
75 Fawn
74 Jennine
66 Letizia
65 Lib
76 Liza
Started!
21 Becka
31 Collete
14 Costanza
32 Gabriela
24 Hedda
16 Lorraine
14 Petunia
Started!
89 Gracie
100 Kip
91 Lesli
90 Madonna
96 Nerte
96 Tanitansy
99 Teri
Started!
35 Carolyne
31 Leda
30 Malva
35 Rois
32 Sydelle
25 Wallie
40 Yoshi
Started!
29 Caron
14 Corabelle
28 Devina
24 Harriette
25 Jori
32 Trixy
31 Viki
Started!
75 Annabell
80 Annora
75 Barbette
71 Elladine
76 Melisse
81 Meredith
71 Nani
Waiting!
13 Alex
10 Cassy
11 Eve
4 Helene
13 Jami
8 Ola
Started!
53 Charmion
62 Deny
58 Eleonora
50 Emlynn
58 Karlen
67 Mari
53 Thalia
Waiting!
2 Meggy
Waiting!
41 Kalie
38 Tova
Started!
89 Caresse
99 Corene
89 Corie
99 Diann
91 Ilyssa
84 Lelah
97 Lois
Waiting!
69 Harmonia
69 Lynnet
78 Talya
