Started!
97 Bianka
97 Cathlene
94 Darrelle
94 Elbertine
96 Glenine
97 Jessamine
96 Loise
94 Nerte
99 Ophelie
87 Rica
98 Rosalia
Started!
76 Brigid
83 Gabriella
80 Iolande
74 Jasmin
85 Marsiella
83 Marta
83 Nell
79 Sarah
77 Sheelah
83 Tandie
75 Ulrika
Started!
33 Alana
30 Arlinda
32 Calida
40 Dani
40 Deidre
38 Eunice
32 Fawne
23 Filide
25 Jenna
33 Joane
36 Tabbatha
Started!
12 Alexandrina
20 Andra
18 Antonietta
16 Avivah
8 Biddy
17 Debbi
17 Dorelia
5 Gayle
19 Querida
21 Seline
15 Tuesday
Started!
55 Alyssa
51 Angeline
58 Bobbi
45 Cacilia
56 Elisa
48 Elsy
47 Erena
38 Idalina
46 Kassi
47 Magdalena
46 Xylina
Started!
69 Carline
68 Ilse
72 Jonie
71 Larine
68 Leila
64 Lucia
72 Neille
67 Nerti
62 Ollie
82 Romonda
74 Ysabel
Started!
52 Agna
61 Antonie
69 Blakeley
67 Drucy
66 Jaine
61 Kristy
56 Mia
60 Rosemonde
62 Sabine
59 Tessa
54 Tyne
Started!
11 Anabel
12 Ardra
12 Cherilynn
7 Gertrud
3 Halette
6 Kirbie
5 Libby
4 Maighdiln
4 Melisandra
12 Merle
14 Shanta
Started!
85 Agace
90 Etheline
87 Genna
78 Gilli
93 Ingrid
81 Joey
86 Lilia
77 Meagan
94 Sonny
93 Windy
90 Ynez
Started!
20 Agata
22 Agatha
36 Babara
33 Darcy
36 Gabrielle
37 Kylila
29 Mireille
25 Raynell
25 Robinette
22 Stefania
39 Teddy
Started!
34 Blancha
46 Eveline
43 Gloria
53 Harri
45 Hetty
48 Kynthia
44 Loraine
45 Marita
41 Queenie
34 Stephani
51 Vivianna
Started!
63 Allison
73 Alysia
72 Benni
71 Bertine
69 Cindelyn
72 Delora
72 Erina
73 Georgianne
69 Kaila
73 Karla
66 Tiffy
Started!
16 Cass
6 Evelyn
6 Gavrielle
15 Jaime
23 Joly
14 Mariele
6 Nikkie
10 Reggi
15 Shannen
13 Trenna
20 Vonni
Started!
5 Ann
8 Carolann
1 Donnie
10 Fern
5 Gert
12 Jacquetta
4 Julee
5 Letta
11 Lucy
8 Orelle
4 Shawn
Started!
68 Elli
54 Guinevere
58 Hyacinthe
58 Jacynth
60 Kerrill
61 Lorinda
56 Maressa
61 Mariann
51 Marlie
56 Sarena
52 Twila
Started!
97 Arleta
93 Arline
89 Donni
95 Emeline
81 Freddie
89 Lynsey
91 Marquita
95 Maurene
98 Minna
85 Sada
85 Tally
Started!
40 Andromache
38 Bernadette
30 Dorella
33 Felicia
32 Florri
34 Glynnis
38 Hedvig
32 Rahal
24 Starr
28 Torey
23 Willabella
Started!
66 Ajay
75 Ania
78 Cybill
70 Denni
75 Evangelia
80 Kasey
79 Lorianna
73 Nanni
80 Sayre
79 Tanitansy
75 Willa
Started!
34 Addy
42 Aida
44 Blinni
38 Dina
42 Gilberte
44 Jorey
37 Katleen
47 Lizzie
50 Lorelle
48 Margette
46 Marlena
Started!
25 Ashia
17 Dacey
22 Edna
18 Hedy
17 Jo-Anne
16 Joell
25 Katharine
22 Kimberli
10 Lauretta
24 Marthena
19 Rosie
Waiting!
98 Arleen
98 Giovanna
89 Halli
95 Kellia
92 Malva
96 Rozina
Waiting!
55 Allianora
48 Aubine
62 Frederica
56 Kelly
54 Linell
55 Linette
57 Margeaux
60 Willy
Waiting!
86 Bendite
82 Elinore
81 Glen
76 Glynis
76 Mari
81 Pamela
79 Tiffany
Waiting!
37 Clementina
33 Ethelyn
38 Flor
33 Gilbertina
33 Kassie
28 Roanne
31 Sharity
Waiting!
71 Elisabet
73 Shayna
Waiting!
22 Cindra
17 Glennie
Waiting!
9 Tiphani
