Started!
57 Biddy
52 Britt
51 Celestyna
54 Fred
52 Jessamine
58 Lissie
56 Marni
Started!
23 Cindelyn
31 Denise
32 Gabriella
29 Holli
41 Kandace
33 Koralle
24 Shoshanna
Started!
91 Candida
88 Ferdinanda
92 Marcella
77 Rodina
75 Rosemonde
78 Sigrid
82 Tana
Started!
65 Andra
71 Denice
71 Juli
68 Merrili
64 Peria
68 Ricca
67 Sisely
Started!
100 Bernardine
92 Garland
96 Larina
96 Loella
89 Margit
90 Nonnah
95 Sharleen
Started!
4 Bobette
19 Clo
20 Kirbee
18 Marybeth
13 Petronille
10 Tonya
20 Ulrika
Started!
26 Bellina
34 Candice
26 Denni
24 Jordan
29 Letty
31 Lucia
25 Tyne
Started!
10 Elisa
12 Imogene
2 Karola
9 Kerrin
1 Kristan
10 Rosemary
1 Shela
Started!
44 Inger
32 Leonelle
41 Liva
38 Melisande
41 Olympia
42 Peg
35 Stacey
Started!
77 Annadiane
84 Arlinda
91 Cami
81 Dorelia
91 Katuscha
83 Kettie
90 Melonie
Started!
64 Bethanne
55 Daphna
59 Kamila
57 Madelina
57 Minni
64 Mirabel
55 Reiko
Started!
100 Alix
97 Donny
99 Effie
95 Joana
100 Katharina
100 Rozalin
98 Sharai
Started!
14 Calida
24 Delora
14 Eryn
7 Eveline
8 Gabriell
16 Lorna
25 Nedda
Started!
27 Angele
32 Annetta
21 Ardra
28 Christina
29 Gertrude
36 Hanny
37 Trista
Started!
88 Bridie
84 Calypso
84 Georgia
86 Keslie
78 Kirsti
77 Malinda
87 Terese
Started!
33 Aretha
42 Aryn
34 Ermengarde
47 Laureen
33 Mirabelle
43 Rahal
40 Waneta
Waiting!
27 Arlyn
28 Letisha
29 Lorianne
28 Rozanne
31 Valry
Started!
55 Cecily
60 Danell
65 Elane
56 Gabrielle
58 Misha
63 Stepha
59 Vina
Waiting!
13 Hetty
15 Laurella
19 Toma
14 Zia
Waiting!
2 Brear
6 Kerri
Started!
76 Aurel
77 Helge
72 Hephzibah
70 Kara
71 Kip
79 Mela
69 Selle
Waiting!
90 Harmonia
93 Oneida
Waiting!
81 Genna
Waiting!
49 Patience
