Started!
5 Aggi
16 Anatola
7 Caren
6 Cary
6 Casey
7 Dulcy
8 Eileen
23 Fanchette
7 Harriett
23 Jaimie
17 Jewell
10 Leonie
19 Letizia
13 Minna
14 Roby
11 Shirleen
15 Stephi
23 Tiffy
Started!
77 Almeda
91 Andriette
79 Binnie
86 Carie
94 Corey
94 Darice
82 Ethyl
76 Florette
84 Kate
82 Laurel
91 Leeann
89 Marielle
78 Odelia
89 Risa
92 Sissie
78 Stace
76 Toby
77 Veronica
Started!
23 Averil
34 Cammy
36 Danice
22 Darda
27 Francine
35 Godiva
38 Ilene
27 Koralle
35 Lesya
25 Lynelle
35 Margy
33 Nicholle
20 Olivia
21 Philippa
37 Sean
20 Vevay
28 Winni
28 Zonda
Started!
95 Annis
100 Arlyne
94 Claudette
95 Darya
96 Deina
98 Denice
87 Elisabetta
88 Ermentrude
96 Gaby
89 Georgia
95 Malinda
87 Maryjo
85 Mindy
95 Rosalinda
93 Ruthi
96 Shawn
95 Tawsha
89 Valerie
Started!
71 Alameda
62 Amity
81 Benedikta
66 Brinna
68 Candi
71 Cortney
68 Darsie
69 Giulietta
63 Jessi
67 Jonis
77 Joye
69 Kellina
66 Merle
61 Perry
74 Rani
69 Rowena
61 Thea
71 Ursala
Started!
47 Adoree
37 Alia
31 Arielle
46 Chandal
45 Cherrita
46 Delcina
39 Elli
37 Gwenny
47 Jada
45 Jaquelin
35 Kamila
35 Lorenza
39 Loretta
32 Luella
39 Martie
38 Marylinda
42 Merla
45 Veronique
Started!
7 Annette
2 Arleta
1 Beryle
1 Daveen
2 Fayth
4 Francyne
6 Jennilee
6 Juditha
2 Junina
6 Lianna
5 Linet
6 Marcy
7 Margaret
8 Rosalynd
1 Tedi
3 Tootsie
4 Ursula
8 Vivianne
Started!
58 Cammi
60 Claire
54 Collette
52 Dulcea
51 Eleni
58 Fania
55 Faun
59 Fleur
53 Gabriellia
60 Inga
55 Irita
50 Ladonna
54 Lola
53 Marcille
60 Matilde
52 Millisent
50 Nadine
59 Valery
Started!
83 Alexia
81 Avis
84 Cara
82 Chrysa
88 Fancy
74 Giuditta
82 Jolene
82 Katheryn
73 Katusha
89 Kori
78 Loria
88 Luci
87 Maggy
88 Maria
78 Nanete
86 Teri
74 Toinette
75 Willamina
Waiting!
15 Althea
21 Caitlin
17 Catriona
6 Gabrielle
14 Gill
16 Idaline
13 Jen
16 Kaile
11 Kit
16 Lane
25 Marley
17 Nola
15 Rebecca
14 Sara-Ann
14 Tammi
16 Winnie
Started!
66 Alli
55 Beryl
57 Chrystel
56 Fidela
64 Gabbie
63 Germaine
64 Hildy
67 Jeanne
55 Judie
53 Lucille
55 Maryann
71 Ophelie
56 Peggy
61 Tamarah
58 Teriann
61 Ulrikaumeko
61 Virgina
63 Xylina
Waiting!
32 Ara
36 Francoise
28 Halie
30 Julissa
26 Kissie
28 Leland
26 Mala
28 Sarita
Waiting!
97 Alma
96 Dorothy
97 Emlyn
95 Kelcie
96 Peri
97 Quintilla
98 Rois
99 Silvie
Waiting!
46 Andi
47 Bab
45 Caril
51 Fawnia
44 Henrieta
49 Jacquenette
47 Latrena
48 Madelyn
52 Ninnetta
41 Rae
45 Trix
Waiting!
37 Fulvia
40 Gretna
40 Malvina
37 Salomi
Waiting!
83 Darlene
