Started!
45 Anabelle
26 Belinda
29 Candide
28 Corette
29 Delphinia
36 Eirena
37 Emmalynne
39 Ernesta
41 Ethelda
26 Euphemia
43 Evangelin
35 Faunie
34 Feodora
39 Georgianna
31 Guillemette
36 Joletta
29 Kristel
45 Lona
38 Loren
41 Lynda
35 Maritsa
43 Mozelle
40 Natalina
25 Pat
34 Shoshana
31 Simone
33 Tansy
37 Vanny
Started!
65 Alex
80 Alys
61 Andee
71 Aubry
80 Cally
65 Charmion
70 Cris
68 Cristabel
67 Daile
71 Deeann
77 Elfrieda
74 Evanne
75 Guillema
64 Inna
77 Iseabal
69 Jacinthe
66 Jobie
71 Joby
65 Laurice
74 Libby
80 Marta
80 Noelyn
71 Reyna
70 Sidonnie
78 Tallia
66 Teressa
74 Wandis
66 Zena
Waiting!
11 Abbe
4 Alison
1 Ava
13 Barbette
3 Belle
13 Diandra
10 Doralynn
8 Felisha
11 Fenelia
3 Fredericka
12 Genny
8 Glori
2 Jerrine
6 Justinn
8 Lenna
6 Lin
11 Marylee
6 Meghann
2 Mela
13 Patrica
3 Paulita
9 Quentin
2 Rhody
13 Sarah
11 Sophey
8 Susy
Started!
80 Arleyne
89 Auria
85 Barbara
84 Caty
88 Colline
82 Corrine
94 Dalia
94 Danila
78 Ebony
79 Elisabeth
90 Emalia
92 Ginger
91 Gretchen
83 Ilysa
78 Ingrid
88 Jessamyn
81 Kiley
81 Kylie
85 Livvy
85 Madelaine
94 Mame
84 Marga
87 Maud
92 Min
85 Odella
93 Ortensia
89 Saraann
87 Wren
Waiting!
94 Adela
98 Alyssa
97 Arabele
93 Austin
93 Brinna
97 Cacilie
90 Dorita
99 Ellynn
100 Joyann
98 Julie
98 Kattie
99 Kayley
94 Penny
95 Tabbi
99 Veriee
91 Vida
Started!
38 Aleen
40 Annabelle
54 Aurora
48 Cinda
43 Deidre
52 Denyse
45 Georgia
45 Gertie
56 Gwenny
51 Harrietta
46 Hilda
52 Julieta
54 Karia
48 Karleen
48 Laney
50 Melosa
57 Pooh
43 Prudi
55 Rhea
46 Rhona
40 Romy
40 Sammy
57 Selia
49 Serene
42 Shalne
42 Sidonia
40 Wandie
52 Yolande
Waiting!
21 Alecia
22 Buffy
15 Carlynn
27 Cassandra
14 Colene
16 Delly
19 Erica
25 Fanny
14 Gilberta
17 Happy
26 Imelda
16 Jasmin
15 Marleen
15 Martina
14 Mia
29 Nessy
14 Nomi
14 Sallyanne
23 Shelia
19 Ulrica
20 Val
27 Wendeline
Waiting!
59 Ame
70 Annaliese
69 Calida
68 Celestine
60 Chloette
67 Cindra
60 Dayle
50 Dian
66 Dierdre
60 Dyna
59 Fionnula
66 Fredia
61 Frieda
53 Gabrila
60 Gracia
59 Holly
70 Hulda
59 Kerstin
69 Livvie
70 Lynna
51 Marie-Ann
70 Mira
58 Rachele
68 Rowe
63 Suzette
53 Tedra
62 Wylma
Waiting!
40 Aindrea
43 Allie
33 Ardenia
31 Beatrix
32 Blinni
37 Brunhilde
44 Clovis
43 Debor
45 Dee
36 Doroteya
45 Erda
31 Gerianne
32 Hildegaard
35 Jobi
36 Karisa
36 Maxine
43 Miguelita
30 Nanine
31 Nettie
35 Phelia
35 Shirleen
Waiting!
74 Bonita
81 Emmalee
76 Ernaline
78 Georgine
73 Ivette
79 Kinna
71 Marlena
83 Merlina
76 Nannette
79 Rhetta
75 Ricky
74 Roslyn
79 Tally
Waiting!
87 Annabal
87 Bobine
87 Tessie
86 Vin
Waiting!
48 Alie
48 Fina
49 Lora
47 Mil
