Started!
60 Amalia
44 Ava
51 Bernardine
63 Daryl
44 Dominga
60 Elyse
50 Glynda
51 Jan
63 Lanna
45 Leann
60 Marjy
45 Raeann
47 Shandeigh
64 Tiphani
44 Tracee
54 Ursuline
44 Valaree
51 Viviene
Started!
90 Billi
97 Charissa
92 Charmian
93 Gusti
89 Lilyan
92 Linnell
96 Marlena
94 Natalie
98 Ninnetta
86 Nisse
93 Peta
89 Robbi
96 Rochelle
87 Rosette
86 Roxane
95 Sheilah
90 Tobye
98 Veronika
Started!
71 Auria
88 Bettina
89 Cassandry
71 Celene
80 Chlo
74 Clemmy
71 Courtnay
79 Cristie
73 Gaynor
77 Jemmie
79 Juliann
77 Lissie
71 Madelyn
80 Philippe
74 Rianon
78 Thalia
82 Theda
77 Twyla
Started!
29 Agna
42 Agnola
25 Alma
38 Amandy
26 Claudia
35 Coretta
42 Joanie
32 Jobi
41 Jodee
39 June
35 Kaela
39 Lola
29 Masha
37 Meade
41 Nerty
45 Renae
31 Roseanna
43 Tonia
Started!
4 Amalle
2 Ardisj
14 Christalle
9 Dareen
16 Dehlia
3 Ester
3 Etheline
2 Flory
13 Jacqui
6 Jonie
15 Kandace
3 Lanae
13 Lorrayne
15 Mariska
8 Mignonne
5 Mollie
16 Olive
4 Sula
Started!
23 Adrea
26 Alidia
10 Allie
18 Ariel
18 Becka
20 Cindee
23 Darda
12 Dionis
21 Elke
12 Etty
16 Georgie
30 Lilith
11 Lyn
25 Margarita
19 Michaelina
23 Michel
22 Shirline
21 Wylma
Started!
68 Alicea
65 Charmain
66 Chere
58 Clarey
63 Demetra
63 Dode
56 Eddi
59 Emmy
59 Francine
67 Frank
66 Jewel
57 Kathye
67 Keelia
64 Malynda
61 Priscilla
56 Sharia
64 Trix
56 Vivyan
Started!
52 Angelique
51 Ardelis
40 Bernadine
51 Cristionna
52 Desiree
45 Dulcinea
53 Eleen
37 Kellen
47 Kerstin
43 Kriste
54 Lonni
46 Maitilde
51 Nonnah
43 Pearle
49 Siobhan
45 Suzi
52 Suzie
44 Tabatha
Started!
24 Abbie
30 Bibbie
35 Carlye
32 Dulcine
22 Ethelind
25 Harrie
31 Jilly
34 Katharina
42 Klara
22 Lara
23 Lindy
32 Maren
39 Margarette
27 Maureen
25 Mira
23 Odele
42 Rania
40 Zorah
Started!
4 Adaline
12 Conni
2 Cornie
6 Cristine
5 Deirdre
5 Denys
9 Elora
15 Elsey
1 Georgine
6 Giana
9 Grete
5 Hallie
13 Jordana
4 Kizzee
9 Marice
9 Roseanne
7 Sioux
5 Tana
Started!
98 Adelaida
82 Camala
94 Cherry
89 Darsie
81 Delcine
86 Ebba
94 Gabriel
100 Jackqueline
92 Kaylee
89 Laina
83 Liane
88 Madlen
90 Rachelle
97 Rennie
98 Sonni
88 Stefanie
89 Willette
90 Yvette
Started!
50 Alta
48 Benedikta
46 Brandais
53 Darya
52 Dorena
56 Eileen
45 Elnora
47 Essy
53 Giulia
46 Gwennie
51 Jessica
38 Kara-Lynn
50 Lotta
46 Norri
44 Reeta
46 Sheryl
45 Susann
43 Vonni
Waiting!
25 Belinda
17 Benedicta
20 Bianca
19 Camila
19 Cheri
21 Devi
18 Fawn
13 Giselle
19 Greta
19 Leigh
8 Mae
19 Margot
20 Nan
16 Rene
26 Sandye
13 Tiffy
Started!
73 Allianora
75 Briney
72 Calla
75 Carmella
70 Cecelia
72 Cinderella
80 Claudine
73 Darelle
85 Gussie
75 Joleen
65 Olympia
72 Pierette
70 Ricky
79 Shaun
75 Teriann
82 Trista
71 Vanda
73 Zea
Waiting!
62 Anne-Marie
63 Ashlie
59 Candide
60 Dodi
62 Donica
60 Gilly
58 Gladi
60 Helsa
62 Jocelin
58 Kathryne
62 Loleta
62 Monique
57 Paulie
56 Vitoria
62 Vivienne
57 Yasmin
Waiting!
97 Anabel
94 Andee
88 Antonetta
87 Cinda
85 Dione
82 Donetta
91 Gerrilee
90 Josie
94 Lynna
97 Ted
90 Tiff
90 Tobi
Waiting!
100 Kaylyn
99 Tansy
Waiting!
5 Abagail
1 Cheryl
4 Marj
Waiting!
45 Evelyn
51 Jocelyn
50 Marjorie
44 Randie
48 Reggie
Waiting!
30 Cacilia
32 Joela
30 Millisent
