Started!
41 Lee
31 Mabelle
Started!
92 Lyndsie
93 Marcela
Started!
44 Courtnay
40 Valerye
Started!
3 Florette
12 Ula
Started!
97 Anya
95 Yvette
Started!
72 Bella
73 Carlye
Started!
93 Astrid
95 Peg
Started!
60 Phillida
58 Zorah
Started!
34 Maribelle
27 Sherye
Started!
92 Veronika
89 Zaneta
Started!
27 Rozanne
20 Valerie
Started!
89 Daphene
95 Marjory
Started!
73 Celene
74 Tonia
Started!
4 Berry
2 Natassia
Started!
60 Georgine
57 Viviene
Started!
94 Aloysia
95 Konstanze
Started!
28 Jacqui
34 Lorrayne
Started!
18 Elisabet
15 Kirbie
Started!
49 Camile
46 Dominica
Started!
61 Gabriel
57 Jacintha
Started!
2 Gussie
2 Marilyn
Started!
29 Aundrea
27 Millie
Started!
48 Goldina
39 Raeann
Started!
98 Barrie
88 Dareen
Started!
80 Bride
85 Tabbie
Started!
48 Dacia
57 Leann
Started!
29 Joannes
26 Nelia
Started!
6 Chere
7 Jerrilyn
Started!
29 Cassandra
34 Sandra
Started!
50 Elyse
48 Ileana
Started!
77 Idalia
76 Leilah
Started!
27 Ashlie
27 Maryjane
Started!
88 Ava
85 Felice
Started!
64 Consuelo
67 Rosette
Started!
13 Albina
7 Maitilde
Started!
65 Amalita
75 Kerrill
Started!
92 Chlo
94 Coraline
Started!
90 Mari
86 Mellie
Started!
66 Amie
61 Vittoria
Started!
59 Eustacia
67 Pearle
Started!
70 Caterina
74 Ninnetta
Started!
32 Grata
37 Minnnie
Started!
24 Coriss
24 Jewel
Started!
12 Corny
21 Fallon
Started!
82 Benni
74 Martelle
Started!
13 Fancie
9 Mireille
Started!
36 Katerine
28 Siobhan
Started!
62 Myrlene
72 Sharia
Started!
82 Darcey
89 Trudy
Started!
19 Jemima
21 Margot
Started!
42 Christyna
32 Priscilla
Started!
18 Denys
20 Pansy
Started!
57 Dulcine
52 Roxi
Started!
92 Agretha
89 Wylma
Started!
34 Georgena
41 Katharina
Started!
95 Matelda
88 Tisha
Started!
27 Gertruda
35 Valeria
Started!
79 Abigale
71 Adrea
Started!
66 Jo-Anne
67 Kacey
Started!
3 Bernadine
10 Korrie
Started!
54 Abbie
50 Brianna
Started!
6 Hinda
12 Jenny
Started!
39 Rachelle
32 Tresa
Started!
18 Cathrin
12 Marigold
Started!
28 Clarey
28 Vanna
Started!
40 Alidia
32 Jermaine
Started!
43 Eddi
51 Gwennie
Started!
42 Davine
39 Tawnya
Started!
1 Gianna
2 Windy
Started!
42 Karel
52 Rosemaria
Started!
16 Josy
7 Maren
Started!
63 Blithe
68 Gusella
Started!
86 Aindrea
95 Beatrisa
Started!
74 Bettina
74 Corliss
Started!
18 Hollyanne
28 Polly
Started!
89 Gretal
98 Nelie
Started!
45 Angie
36 Callida
Started!
72 Alberta
62 Amil
Started!
1 Annalise
6 Anni
Started!
94 Genevieve
85 Kitty
Started!
38 Adaline
47 Rosina
Started!
25 Sioux
21 Vilma
Started!
84 Darya
77 Shoshanna
Started!
90 Madelaine
100 Maria
Started!
96 Connie
96 Delcine
Started!
66 Pamela
62 Susie
Started!
35 Belia
25 Sephira
Started!
81 Celestia
83 Justina
Started!
38 Linell
35 Mignon
Started!
94 Elfie
93 Gail
Waiting!
16 Susanna
Started!
88 Drucie
85 Loleta
Waiting!
49 Keelia
Waiting!
62 Kandace
Started!
88 Angelita
85 Becka
Waiting!
88 Charlean
