Started!
33 Almira
30 Annmaria
47 Ivonne
41 Keelia
40 Lauralee
45 Rosamond
44 Thomasine
Started!
65 Allissa
60 Anny
57 Carmelita
67 Donna
67 Enid
59 Joelle
68 Wynn
Started!
7 Amalle
5 Celestyna
18 Giselle
6 Janaye
14 Melisandra
11 Melita
12 Rhodia
Started!
94 Agatha
92 Harrietta
82 Lexy
99 Lula
98 Mia
82 Paulie
86 Timothea
Started!
30 Chere
29 Ginger
29 Jacinta
23 Natalie
31 Oralie
32 Tani
27 Veronike
Started!
2 Cleopatra
11 Ediva
6 Florie
1 Gilbertine
9 Mollie
10 Philomena
3 Verine
Started!
51 Deena
59 Dore
45 Karina
47 Pansy
61 Remy
51 Sib
56 Thia
Started!
74 Darlleen
63 Junia
77 Layney
78 Maggee
68 Nerissa
68 Oneida
62 Veronica
Started!
15 Clair
14 Edeline
14 Hilliary
14 Julianna
19 Marian
12 Maryjo
17 Ottilie
Started!
87 Adel
81 Bell
77 Brett
83 Jo-Anne
90 Kevyn
91 Prudence
78 Zelda
Started!
90 Drucill
91 Eleonora
90 Elisabeth
96 Harriet
97 Leta
88 Meade
100 Rois
Started!
52 Klarika
62 Samaria
61 Shandra
72 Shane
68 Tabbitha
61 Tessa
60 Vannie
Started!
43 Agna
34 Arleta
29 Clarine
34 Dorene
34 Martie
32 Roanne
40 Rosalie
Started!
80 Athene
86 Breena
76 Carmon
79 Domini
84 Genia
77 Roseline
86 Xenia
Started!
11 Danita
4 Dodie
9 Fredra
16 Lela
11 Roobbie
17 Sharyl
13 Theodora
Started!
50 Carmel
40 Gilli
38 Halimeda
41 Rhetta
54 Rozamond
40 Tammy
45 Tyne
Started!
19 Christen
29 Collen
25 Ema
33 Fallon
17 Lynna
31 Mary
23 Orly
Started!
78 Bellina
74 Evvy
83 Hilde
78 Jerrine
78 Kelcy
93 Kynthia
88 Oralia
Started!
64 Malena
59 Maude
66 Myrna
65 Orella
62 Ray
56 Ronnie
46 Walliw
Started!
13 Anderea
5 Celesta
12 Cherye
1 Erena
11 Kathleen
4 Lin
4 Marjorie
Started!
72 Angy
71 Anstice
59 Charmian
58 Jewel
65 Lanna
69 Myrlene
67 Randi
Started!
23 Alexia
23 Carmella
43 Fayth
27 Mag
33 Maurise
42 Penelope
35 Shawn
Started!
47 Berty
44 Cher
52 Corrinne
58 Florentia
52 Jeanine
51 Loreen
55 Merle
Started!
97 Babita
95 Binny
94 Carri
94 Fey
84 Freddy
91 Lil
87 Melisande
Started!
2 Bernadette
14 Coletta
13 Evania
2 Farra
4 Kylynn
12 Liesa
3 Sada
Started!
16 Callida
17 Cathee
19 Cristen
17 Helene
24 Idette
18 Karilynn
15 Lilia
Started!
71 Anette
81 Emogene
80 Janina
88 Lyndel
75 Sela
79 Sophie
70 Trixie
Started!
55 Devon
64 Emili
67 Joane
65 Kiri
56 Marjy
68 Sibyl
68 Suzette
Started!
28 Adele
29 Bethanne
20 Corly
38 Gillie
28 Lory
30 Marcelline
34 Stella
Waiting!
40 Davina
39 Inessa
39 Jasmina
35 Myrtie
39 Pauly
Started!
90 Amargo
96 Debor
92 Emiline
96 Myra
99 Peta
90 Shaylyn
95 Vitoria
Waiting!
7 Ava
10 Evaleen
1 Krystle
9 Malva
2 Rosana
9 Tamra
Started!
16 Adore
17 Angela
18 Beatrisa
12 Ddene
15 Fifine
14 Olivette
18 Stacey
Started!
58 Alvera
52 Gwendolin
54 Isa
56 Lian
65 Malynda
58 Norri
53 Olva
Waiting!
71 Cass
83 Darline
86 Editha
78 Lynelle
79 Tanitansy
Waiting!
90 Aimee
90 Flossie
98 Larissa
89 Pepita
Waiting!
27 Annadiana
27 Jeanie
28 Norma
Waiting!
65 Cristabel
66 Paulette
61 Rubi
Waiting!
54 Robbie
