Started!
15 Diane
16 Dinny
1 Gunilla
7 Jacky
18 Lavinie
13 Lisetta
15 Louella
10 Lyda
9 Maris
8 Nance
6 Rozelle
5 Shandeigh
1 Shantee
15 Trixy
3 Whitney
Started!
49 Alessandra
36 Bettine
44 Carolee
31 Daniella
47 Deloria
33 Fidelia
43 Kippie
37 Mercy
48 Pansie
36 Rivi
51 Shanna
38 Sofie
41 Tiertza
34 Tomi
50 Willette
Started!
65 Angelita
62 Anneliese
73 Anni
60 Benni
55 Carmelita
67 Clarita
71 Dallas
70 Francine
73 Heloise
65 Kacie
67 Korry
65 Kriste
74 Monique
57 Reiko
68 Veronique
Started!
84 Abbie
88 Devinne
76 Gabey
82 Gizela
88 Idelle
92 Karine
84 Katalin
76 Maible
89 Natalie
89 Norene
85 Olenka
77 Ruthie
92 Sheeree
93 Tine
86 Valene
Started!
27 Alyssa
23 Anet
20 Eveleen
24 Hettie
28 Iolande
24 Jen
26 Jess
25 Laure
25 Leland
32 Lorne
32 Maryanne
21 Melissa
22 Sarina
20 Tiffi
30 Waneta
Waiting!
99 Ammamaria
96 Angela
97 Annora
97 Catha
99 Erna
98 Lucky
98 Petunia
98 Prudence
97 Trescha
Waiting!
59 Adda
55 Avis
51 Betsy
61 Datha
52 Erinna
55 Eugine
51 Kerrill
57 Margaret
58 Marillin
61 Mollie
50 Moyna
50 Rhona
49 Tami
57 Tamqrah
Waiting!
68 Ashleigh
64 Cathie
77 Ermentrude
67 Kissiah
73 Roana
67 Vanessa
Waiting!
30 Cherice
41 Dela
34 Essy
36 Jacquelynn
39 Reena
Waiting!
3 Ericha
2 Marcellina
5 Rhodia
