Started!
21 Aggy
20 Bebe
18 Candice
10 Carol-Jean
18 Evangelin
28 Kaia
17 Miof
11 Salomi
Started!
99 Agnese
100 Charin
84 Chryste
92 Darb
98 Debora
90 Jorie
97 Neda
84 Sibbie
Started!
7 Athene
4 Delilah
5 Felicia
10 Grazia
2 Nedi
6 Nelie
6 Ranice
4 Reiko
Started!
56 Ardine
46 Bette
61 Elaina
61 Ettie
46 Fayth
49 Karlotta
45 Pearl
51 Theo
Started!
73 Althea
69 Berri
67 Fina
72 Josee
71 Karrie
68 Katti
73 Leora
70 Selle
Started!
30 Brina
33 Cathee
30 Davine
29 Elayne
48 Fionnula
38 Loise
34 Phoebe
33 Reggi
Started!
61 Annabela
42 Ashla
50 Charisse
52 Coriss
43 Elly
49 Elmira
42 Vivie
43 Yolanthe
Started!
19 Agna
24 Barbee
31 Carol
21 Evangeline
24 Ezmeralda
34 Gwenore
32 Maitilde
22 Marylinda
Started!
90 Adriana
97 Anette
92 Fredia
95 Jacquenetta
96 Johnath
89 Lucina
97 Megan
91 Shirlee
Started!
39 Cally
33 Jess
49 Joanne
47 Katee
40 Leisha
41 Liva
45 Rowena
40 Shoshana
Waiting!
53 Con
56 Millisent
60 Rozella
58 Thomasin
57 Verla
Started!
91 Adeline
85 Austina
78 Erika
77 Fidelia
78 Kathi
88 Katuscha
87 Rivalee
91 Zita
Started!
12 Cyndia
4 Emmy
8 Jacinda
11 Merla
9 Rahel
3 Sydelle
9 Van
8 Vevay
Started!
16 Clementia
23 Gilbertina
25 Lexine
25 Maye
25 Shaun
31 Sonya
26 Tasha
28 Zsa
Waiting!
74 Cordelie
74 Evita
84 Kristina
79 Lura
74 Stormi
74 Sydel
Waiting!
37 Adara
45 Blondell
41 Bobina
48 Carly
37 Cate
49 Jori
45 Marcille
Waiting!
6 Donelle
12 Jenilee
12 Mari
13 Oralla
6 Randie
4 Rea
3 Sibel
Waiting!
90 Antonietta
86 Buffy
93 Carmen
90 Celia
93 Giulia
95 Jenica
96 Leeann
Started!
26 Chelsea
33 Deane
32 Dulce
18 Ethyl
16 Geri
24 Mariann
26 Rosemaria
29 Tania
Waiting!
31 Modestine
