Started!
28 Anjela
Started!
94 Lexine
Started!
98 Kayla
Started!
36 Catarina
Started!
48 Estrella
Started!
11 Stesha
Started!
97 Zena
Started!
56 Catherin
Started!
56 Haily
Started!
43 Jocelin
Started!
54 Carol
Started!
60 Carole
Started!
20 May
Started!
97 Goldi
Started!
50 Anna
Started!
19 Marj
Started!
83 Aurlie
Started!
88 Doralia
Started!
17 Ebba
Started!
75 Corry
Started!
84 Bibbye
Started!
10 Candis
Started!
1 Peta
Started!
58 Stoddard
Started!
26 Marilin
Started!
76 Carolynn
Started!
17 Lynne
Started!
31 Odetta
Started!
35 Libby
Started!
79 Marisa
Started!
60 Rosalinda
Started!
15 Emili
Started!
77 Emmalyn
Started!
10 Zandra
Started!
44 Dianna
Started!
17 Mariellen
Started!
76 Koren
Started!
54 Randa
Started!
84 Erma
Started!
54 Carmelina
Started!
94 Jilli
Started!
59 Ebonee
Started!
57 Clarice
Started!
87 June
Started!
78 Sally
Started!
51 Caren
Started!
4 Haley
Started!
68 Charmine
Started!
97 Henrie
Started!
29 Ronna
Started!
98 Martha
Started!
59 Jilleen
Started!
96 Alleen
Started!
91 Daile
Started!
60 Nora
Started!
87 Melli
Started!
9 Danika
Started!
54 Aviva
Started!
30 Koressa
Started!
18 Kathye
Started!
52 Darbie
Started!
58 Caria
Started!
9 Imelda
Started!
45 Myrle
Started!
11 Kaye
Started!
97 Clemence
Started!
52 Ivory
Started!
27 Hedi
Started!
12 Josy
Started!
62 Zoe
Started!
34 Yoshi
Started!
100 Aggy
Started!
7 Marin
Started!
2 Demetra
Started!
65 Lib
Started!
4 Teena
Started!
11 Florinda
Started!
50 Roseanne
Started!
88 Clementina
Started!
21 Aliza
Started!
4 Belita
Started!
12 Kissee
Started!
78 Heidi
Started!
55 Leena
Started!
11 Clary
Started!
14 Loella
Started!
30 Cathi
Started!
80 Adelice
Started!
67 Marianne
Started!
59 Corette
Started!
95 Savina
Started!
42 Penny
Started!
89 Georgiana
Started!
98 Virgina
Started!
43 Clarabelle
Started!
17 Julianna
Started!
6 Melina
Started!
87 Lanna
Started!
18 Nara
Started!
39 Brandie
Started!
90 Tommie
Started!
82 Maribel
Started!
37 Deina
Started!
58 Juana
Started!
88 Antonina
Started!
58 Catharine
Started!
41 Lari
Started!
99 Violetta
Started!
6 Rycca
Started!
10 Selene
Started!
93 Nat
Started!
15 Patricia
Started!
89 Hope
Started!
69 Maryjane
Started!
46 Sayre
Started!
39 Sascha
Started!
50 Anna-Maria
Started!
90 Dorris
Started!
81 Lila
Started!
98 Greta
Started!
46 Regan
Started!
54 Trish
Started!
5 Celestia
Started!
19 Vale
Started!
30 Xenia
Started!
78 Cleo
Started!
70 Greer
Started!
98 Mellisa
Started!
47 Kelsey
Started!
70 Emmalee
Started!
58 Kristien
Started!
58 Lorita
Started!
70 Laure
Started!
19 Ardene
Started!
7 Dena
Started!
48 Orelle
Started!
80 Eleanora
Started!
92 Ursola
Started!
21 Laurene
Started!
39 Nolana
Started!
10 Cariotta
Started!
23 Christa
Started!
36 Modestine
Started!
57 Margarethe
Started!
42 Tamara
Started!
45 Kally
Started!
44 Suzy
Started!
64 Erika
Started!
82 Brigid
Started!
87 Kalinda
Started!
94 Calla
Started!
74 Othilie
Started!
52 Dianemarie
Started!
68 Nicole
Started!
17 Celina
Started!
79 Cathrine
Started!
61 Romonda
Started!
87 Riane
Started!
75 Rahel
Started!
30 Ronnie
Started!
45 Aprilette
Started!
83 Ileana
Started!
99 Leeanne
Started!
92 Shandeigh
Started!
19 Nanny
Started!
11 Yovonnda
Started!
82 Else
Started!
59 Blinny
Started!
31 Katherina
Started!
7 Missy
Started!
29 Fredrika
Started!
24 Nessi
Started!
39 Kirsti
Started!
9 Mirilla
Started!
96 Cammy
Started!
10 Morgen
Started!
34 Rhodia
Started!
46 Ginger
Started!
13 Sabine
Started!
89 Blanca
Started!
73 Alejandra
Started!
68 Eydie
Started!
25 Nicholle
Started!
86 Nanci
Started!
64 Livy
Started!
31 Kare
Started!
32 Aida
Started!
86 Viola
Started!
44 Brandea
Started!
49 Janaye
Started!
18 Malissia
Started!
78 Indira
Started!
85 Kym
Started!
19 Jenifer
Started!
94 Drucy
Started!
43 Claretta
Started!
20 Hedvig
Started!
38 Aryn
Started!
59 Liuka
Started!
83 Leona
Started!
62 Florance
Started!
48 Hermia
Started!
22 Heather
Started!
63 Yetta
Started!
26 Fidelity
Started!
4 Gilda
Started!
70 Catrina
Started!
14 Rhody
Started!
26 Sofia
Started!
13 Rikki
Started!
74 Carmita
Started!
43 Michell
Started!
58 Bethina
Started!
59 Grissel
Started!
98 Marysa
Started!
56 Joela
Started!
73 Stephie
Started!
29 Nadya
Started!
8 Olwen
Started!
71 Mady
Started!
21 Wandis
Started!
66 Dorolice
Started!
58 Alexine
Started!
19 Chris
Started!
88 Constancy
Started!
70 Leanna
Started!
55 Oriana
Started!
34 Celine
Started!
8 Roxy
Started!
46 Carie
Started!
44 Adan
Started!
78 Joye
Started!
73 Dorelle
Started!
12 Cammie
Started!
64 Kaitlynn
Started!
77 Brigit
Started!
81 Leda
Started!
70 Allis
Started!
62 Wendi
Started!
28 Tracy
Started!
2 Danyette
Started!
27 Imogene
Started!
26 Peria
Started!
3 Caty
Started!
34 Ivonne
Started!
39 Misty
Started!
23 Harley
Started!
74 Roselle
Started!
42 Katharyn
Started!
86 Antonia
Started!
88 Jennilee
Started!
2 Hedda
Started!
42 Philippine
Started!
93 Nicola
Started!
96 Meridith
Started!
37 Eugine
Started!
10 Arabel
Started!
85 Samara
Started!
23 Tine
Started!
52 Jany
Started!
24 Vonni
Started!
4 Esther
Started!
34 Lauryn
Started!
55 Averil
Started!
61 Corabel
Started!
2 Virgie
Started!
17 Kiri
Started!
27 Cinnamon
Started!
82 Shirl
Started!
32 Fenelia
Started!
93 Jessika
Started!
100 Rosy
Started!
19 Lise
Started!
30 Krysta
Started!
72 Alane
Started!
7 Darelle
