Started!
62 Alta
64 Andrei
68 Ashly
51 Betta
61 Christina
50 Concordia
57 Constance
61 Danella
50 Doralyn
55 Dorisa
64 Erminia
65 Jessy
60 Judi
52 Karel
68 Karin
60 Karlyn
57 Katheryn
62 Leigha
50 Lyssa
53 Maddy
49 Michaella
58 Millicent
59 Raven
59 Rici
51 Robinette
57 Roseanne
59 Salomi
48 Valina
Started!
71 Adella
85 Agneta
80 Ailis
75 Anabelle
86 Ardith
75 Arliene
76 Avrit
77 Bethany
81 Bettina
74 Blondell
70 Calla
79 Chloe
81 Davida
79 Drusilla
72 Erma
74 Eugine
78 Fleurette
76 Gina
86 Gretta
80 Holly-Anne
87 Kelsi
72 Kristel
77 Lina
75 Minda
73 Nina
76 Tiphany
87 Tybie
74 Vonni
Waiting!
9 Alvira
5 Beverley
15 Bidget
5 Brianna
7 Celesta
15 Clarissa
12 Cornela
14 Dorice
10 Eolande
16 Estell
5 Fallon
11 Ileana
5 Josie
5 Keriann
13 Ketty
7 Mair
3 Nevsa
2 Odille
4 Philly
1 Rhianna
2 Rozamond
6 Tabina
15 Tawnya
7 Tessa
9 Valera
2 Vevay
Started!
33 Astra
38 Bobinette
45 Dallas
36 Darby
37 Deeanne
37 Esmaria
43 Evelina
32 Floris
31 Keelia
32 Kerry
34 Kipp
29 Lela
41 Lizbeth
31 Lorilyn
30 Louisette
42 Madlen
29 Mallissa
35 Maryl
43 Minette
36 Pauli
36 Phebe
38 Phyllis
31 Rosene
34 Shaun
37 Shirleen
34 Siouxie
28 Sonnnie
36 Wilhelmina
Waiting!
19 Aleen
26 Appolonia
21 Berta
26 Charlene
23 Dorene
21 Joice
23 Margie
17 Meaghan
26 Ruthanne
23 Tania
17 Tomi
25 Vikky
19 Willetta
18 Zandra
Waiting!
95 Bellina
99 Clareta
100 Dulcine
90 Dyna
90 Eda
93 Elene
95 Farrah
93 Frederique
94 Giovanna
98 Goldi
99 Gussi
91 Jenda
94 Leena
100 Nicol
90 Peri
91 Sherri
Waiting!
82 Cariotta
82 Cathi
86 Harriet
77 Janet
83 Keri
85 Lainey
86 Linnell
80 Lorilee
87 Luce
86 Minni
87 Nanny
76 Rahel
80 Ricky
86 Tallou
79 Tierney
87 Valentia
Waiting!
71 Benedetta
74 Cassandre
70 Catharine
61 Dulcie
70 Gerty
65 Marylinda
72 Shirl
69 Toni
73 Tonya
Waiting!
46 Anatola
49 Donnamarie
39 Jolynn
37 Sallyanne
46 Sean
41 Vale
Waiting!
52 Juliann
53 Nicola
58 Olive
56 Tildy
