Started!
7 Alyssa
13 Anissa
3 Christi
20 Cosette
18 Helaine
7 Juliette
3 Kaela
13 Loretta
17 Minnie
10 Ray
17 Van
Started!
29 Calley
30 Deirdre
41 Jennette
32 Jessika
28 Marena
26 Natividad
30 Raven
38 Serena
28 Sonja
33 Tess
40 Wendi
Started!
99 Blondell
100 Corey
98 Cyb
92 Debbi
93 Elysha
99 Gretta
97 Margaretta
98 Matty
94 Melinda
89 Noella
99 Ronni
Started!
82 Britta
84 Chad
72 Charline
80 Cheri
75 Dotty
83 Faye
79 Franky
82 Janaya
70 Maybelle
77 Roseanne
83 Vonnie
Started!
52 Ashli
59 Bernadina
57 Carolee
60 Kerri
53 Korney
58 Lola
58 Marian
64 Sara-Ann
53 Trudi
67 Trudy
53 Ursa
Started!
82 Adina
83 Charis
75 Ernesta
74 Josie
77 Juana
79 Kerrin
74 Lottie
83 Lurline
83 Maire
70 Natalina
80 Sharai
Started!
58 Ailee
62 Cindra
69 Daisy
75 Delilah
65 Ellynn
60 Elnora
57 Francene
69 Neilla
67 Raeann
73 Romy
60 Vi
Started!
49 Alane
50 Andi
42 Aurel
44 Cinnamon
61 Dulcy
44 Faunie
48 Gilly
42 Glynis
51 Izabel
43 Lil
50 Nady
Started!
15 Daloris
8 Grete
10 Keeley
18 Latisha
18 Lorie
7 Lorrie
5 Millisent
13 Sheela
16 Shel
7 Sheri
10 Wini
Started!
30 Adel
34 Amabel
41 Cam
35 Dianne
39 Herta
29 Ketti
27 Madlin
31 Millicent
28 Rachelle
37 Rana
39 Tawsha
Started!
85 Brenda
96 Dalila
88 Dona
89 Farica
86 Mildrid
94 Nanni
91 Pierrette
85 Renelle
96 Rina
99 Roxi
99 Selie
Started!
21 Aimee
25 Alejandra
25 Angie
22 Dione
19 Keri
25 Lucia
31 Madeleine
18 Margaux
29 Shelly
19 Suzie
31 Ursulina
Started!
88 Agatha
80 Carlotta
86 Dorris
77 Estrella
69 Florentia
71 Ira
78 Kandy
73 Kikelia
86 Laurianne
81 Leilah
76 Morena
Started!
53 Adda
55 Annalee
62 Anthea
56 Danielle
59 Donnie
64 Edwina
66 Elizabeth
53 Evelina
67 Ivonne
54 Valaria
62 Valida
Started!
2 Alvinia
4 Cordie
6 Erica
6 Joye
3 Lynnett
3 Matilde
6 Moina
9 Paulita
10 Peri
1 Rozele
2 Trisha
Started!
96 Bertina
95 Cherida
100 Cosetta
99 Ellene
94 Evangeline
100 Franny
90 Georgette
100 Gillian
98 Mallory
90 Nara
99 Shelba
Started!
47 Addi
50 Addie
44 Ami
51 Ilene
45 Kelsi
38 Krysta
40 Opal
41 Peria
39 Trescha
46 Verile
44 Vivyanne
Started!
20 Alfreda
21 Berget
29 Corrinne
28 Ede
30 Emilia
21 Joell
29 Kayley
30 Lissy
24 Lotte
21 Micaela
38 Pierette
Started!
65 Carry
65 Caryl
59 Clarine
58 Della
64 Elwira
59 Goldi
62 Lindy
70 Margi
61 Nisse
74 Reeba
59 Sybille
Waiting!
12 Bonni
12 Carmelle
18 Dode
16 Elga
17 Idalia
16 Joela
17 Juliann
18 Laetitia
19 Marisa
19 Robinett
Waiting!
83 Beatrisa
87 Ethyl
79 Melisandra
Waiting!
38 Jo
42 Lynne
49 Minerva
Waiting!
75 Linette
Waiting!
53 Tanitansy
