Started!
79 Ana
75 Bridie
91 Celia
90 Christie
83 Colleen
93 Conny
76 Dorita
80 Dorothy
76 Ellynn
87 Elysha
92 Harrie
90 Kare
74 Karlee
73 Marcy
82 Marsiella
84 Olivia
91 Philly
82 Reggi
80 Rina
89 Sophie
74 Tera
79 Tybie
83 Xylina
Waiting!
95 Beatrice
92 Beverlee
86 Bobbie
96 Caro
99 Chantalle
90 Charin
85 Christel
91 Dayna
94 Devina
87 Glori
91 Hanni
94 Hestia
89 Ivory
89 Judy
96 Karla
88 Katharyn
84 Polly
93 Rebekkah
95 Roxine
94 Winnie
Started!
53 Amandy
52 Angelika
47 Annette
46 Birgit
46 Briny
57 Chicky
43 Dacia
49 Datha
43 Edi
57 Eve
48 Loni
56 Lonni
38 Mab
39 Magdaia
46 Merrill
57 Milli
52 Mollie
57 Patience
56 Patricia
39 Pier
58 Sherry
45 Tawsha
43 Yolanda
Started!
72 Ambur
71 Ameline
66 Bernadene
64 Cahra
65 Charmain
64 Devi
59 Didi
73 Gabie
71 Georgeta
74 Ibby
68 Jessy
75 Kathe
72 Kay
63 Krystle
65 Marline
69 Rafaela
69 Robbin
60 Romona
61 Roxanne
71 Ryann
67 Torey
71 Vanya
62 Willyt
Started!
22 Andi
14 Anthe
15 Berri
12 Brigitte
15 Caitlin
9 Cari
23 Claretta
5 Corinne
18 Cortney
24 Danni
21 Dori
25 Dredi
22 Edythe
13 Elsbeth
8 Giustina
25 Janis
22 Madlen
17 Marie-Jeanne
15 Marti
10 Nerta
11 Ora
5 Sabina
9 Stephie
Waiting!
7 Adelind
8 Brunhilda
3 Celestyn
1 Constancy
4 Delcina
2 Lurleen
3 Marthena
1 Sashenka
4 Tamara
12 Willamina
Waiting!
26 Amalee
28 Barbee
34 Benedikta
29 Brenna
29 Carla
36 Deedee
26 Delora
33 Denice
33 Dottie
32 Eilis
29 Ellie
35 Gloria
35 Leonore
32 Merrie
37 Noelani
26 Shea
23 Sheeree
26 Shellie
33 Sybil
26 Tamera
33 Willy
Waiting!
80 Annis
79 Arabel
80 Binni
82 Bonita
81 Federica
78 Gennie
77 Lebbie
82 Star
Waiting!
48 Chloette
49 Clarissa
43 Ebba
49 Isidora
48 Jayne
44 Morgen
45 Zelma
Waiting!
21 Ammamaria
15 Ardelia
17 Erminie
19 Lola
21 Trix
Waiting!
62 Natividad
