Started!
22 Fernanda
31 Hesther
31 Kathy
21 Stevana
33 Sybilla
Started!
17 Barbette
24 Beryl
20 Gleda
15 Queenie
30 Zahara
Started!
52 Elsey
52 Kacy
50 La
52 Minnie
45 Stefa
Started!
84 Antonina
97 Gene
90 Ingrid
96 Jemmy
100 Willabella
Started!
3 Ardath
10 Dody
4 Enrica
3 Karyl
2 Klarrisa
Started!
85 Adaline
74 Dot
80 Elsbeth
78 Sheela
74 Stefania
Started!
49 Bibby
36 Frieda
35 Grissel
39 Kelcie
33 Sara
Started!
86 Adi
96 Ettie
95 Lira
96 Tybi
91 Vivia
Started!
59 Ardith
66 Ddene
64 Delilah
65 Ernesta
56 Shantee
Started!
64 Ebony
60 Felecia
63 Kattie
69 Sharl
59 Viv
Started!
82 Germana
86 Glory
81 Kiley
83 Ralina
91 Rhonda
Started!
90 Ericka
99 Jannelle
91 Juliana
93 Maitilde
92 Rois
Started!
57 Faydra
66 Jayme
56 Kellen
48 Malanie
65 Saraann
Started!
22 Dee
30 Elfrida
26 Kalli
25 Marti
24 Nicky
Started!
36 Filia
38 Gianna
46 Jinny
46 Marybelle
36 Vittoria
Started!
18 Andy
19 Hulda
7 Linnell
11 Oona
11 Sarette
Started!
24 Elizabeth
23 Flor
25 Harlie
25 Lise
21 Tonia
Started!
71 Crissy
68 Lyndsey
69 Nickie
76 Nicole
76 Rosita
Started!
94 Blanca
100 Camellia
86 Gerda
95 Jacquelynn
88 Leese
Started!
14 Ariadne
11 Cassandre
16 Emlynne
12 Maureen
16 Raf
Started!
27 Ana
35 Mozelle
36 Pammi
30 Rhiamon
43 Ursola
Started!
56 Aimil
59 Blisse
50 Dolley
51 Letty
49 Tabitha
Started!
67 Adella
68 Camille
61 Cherilynn
69 Lola
65 Tamara
Started!
22 Ceciley
16 Daveta
24 Karin
21 Kelsey
27 Taryn
Started!
84 Danya
89 Glenna
81 Julina
83 Ruthy
81 Vannie
Started!
8 Analiese
11 Haily
5 Melva
2 Neysa
8 Pandora
Started!
26 Gabey
40 Georgeta
36 Lilia
37 Mary
30 Nyssa
Started!
53 Anny
59 Antonia
58 Juieta
60 Shelli
51 Stephanie
Started!
99 Allina
95 Barbi
88 Jaclin
85 Rosabella
89 Vitia
Started!
23 Cathrine
27 Corey
18 Fay
10 Laina
18 Trix
Started!
42 Caren
44 Cariotta
40 Cris
51 Eyde
50 Sheila-Kathryn
Started!
78 Angelia
77 Henrietta
73 Jenine
78 Jenna
77 Perla
Started!
81 Dallas
87 Fidela
85 Ginni
91 Melba
82 Minnaminnie
Started!
67 Athena
77 Gabrielle
69 Jaine
73 Michele
68 Oralla
Started!
43 Camala
39 Constance
38 Rachelle
38 Rina
37 Valerye
Started!
9 Britte
6 Claudia
2 Cornie
12 Deloris
6 Marietta
Started!
31 Catharine
21 Corabelle
22 Dita
27 Georgianna
24 Saundra
Started!
94 Andriana
83 Chris
86 Lacy
83 Lorne
93 Marie
Started!
2 Crissie
1 Harmony
5 Joby
10 Junia
15 Ola
Started!
98 Amitie
96 Claribel
97 Elnore
99 Hildy
97 Rafaelita
Started!
61 Bobinette
61 Chrysa
66 Eveleen
71 Justina
68 Salome
Started!
46 Lil
36 Lisabeth
36 Sibyl
50 Star
42 Tatiana
Started!
18 Gavra
27 Karina
17 Olga
29 Terry
24 Vivie
Started!
78 Ardelia
80 Kathleen
87 Meghan
94 Mellie
78 Rebekkah
Started!
16 Demetria
1 Dosi
11 Elvira
17 Irena
1 Nerita
Started!
18 Alys
17 Lynsey
22 Merrili
16 Shanta
18 Wendie
Started!
57 Alberta
54 Gabbie
45 Joyce
59 Merci
48 Zilvia
Started!
69 Jobi
73 Kessia
71 Kirbee
69 Lisha
69 Nesta
Waiting!
100 Latia
Started!
8 Doralyn
7 Gwendolyn
11 Hannah
11 Kai
10 Rebeca
Started!
63 Jenni
48 Jessica
47 Leshia
54 Rodi
44 Tobi
Started!
79 Beitris
85 Brandice
88 Brigitta
71 Jolene
76 Maisie
Waiting!
76 Franni
67 Roselin
Waiting!
87 Elbertine
88 Maure
78 Revkah
80 Viviene
Waiting!
5 Karleen
3 Margarete
Waiting!
36 Guenevere
34 Prue
Waiting!
15 Pooh
