Waiting!
36 Adelina
37 Ami
28 Ermentrude
35 Ettie
29 Goldarina
24 Lorette
20 Lynnelle
36 Matilde
21 Monika
26 Sadella
27 Zonda
31 Zora
Waiting!
2 Esther
8 Franciska
2 Gleda
11 Page
8 Sara
9 Valentia
2 Wylma
Waiting!
51 Blake
51 Clarice
42 Con
45 Kamillah
49 Lyndsey
40 Marillin
52 Merrill
42 Mona
50 Paulina
53 Queenie
Waiting!
84 Arielle
94 Cyb
98 Dolly
91 Gae
87 Hendrika
88 Ingrid
91 Josefina
90 Lynn
85 Persis
96 Silvia
93 Theresa
95 Winny
Waiting!
67 Carlie
69 Carmelle
71 Fawnia
64 Federica
71 Grace
57 Kelcie
71 Kellsie
66 Lira
58 Loralee
56 Maxine
62 Rochella
69 Sherline
Waiting!
13 Lona
Waiting!
80 Ebonee
81 Estella
79 Nichole
79 Sherill
75 Willette
