Started!
33 Abigail
37 Benedikta
32 Celina
25 Deirdre
31 Desiree
37 Fanny
22 Giorgia
34 Gladys
28 Hope
42 Janeva
25 Marilee
36 Micheline
28 Nonah
32 Ortensia
26 Ronny
42 Rosamond
26 Susanna
38 Tatiana
26 Thelma
42 Tory
27 Zsa
Started!
100 Adi
91 Bettina
97 Dania
98 Eloisa
93 Hestia
83 Kirby
81 Loreen
91 Madonna
81 Malory
82 Melosa
85 Merissa
100 Milka
90 Modestia
95 Myrilla
81 Norene
81 Norrie
88 Patty
81 Renell
100 Tate
88 Trude
96 Wally
Waiting!
14 Ali
4 Ana
13 Arlyne
8 Bibby
3 Cindi
11 Corinna
2 Dale
5 Danila
13 Elset
15 Gwynne
13 Helli
8 Jodi
5 La
2 Lilli
6 Mirabelle
8 Morgana
5 Sharai
14 Toma
6 Veronique
10 Yetta
Started!
53 Allene
55 Analise
55 Andrea
44 Beilul
59 Brier
61 Dode
63 Grayce
43 Jennee
58 Joey
59 Lyndsie
59 Maggee
56 Mariann
61 Melinda
54 Rafaela
51 Romola
45 Sara
60 Sarita
63 Tanhya
50 Tarrah
51 Terra
48 Tori
Waiting!
71 Alena
75 Amalee
70 Anthea
71 Austin
73 Celestyna
69 Juline
65 Karalynn
73 Lesley
71 Lorelle
69 Marni
66 Nathalie
72 Sybil
Waiting!
16 Dyna
21 Gwenore
16 Kalila
17 Katharyn
19 Kelli
19 Marguerite
19 Mavra
18 Tobye
Waiting!
84 Gui
76 Jermaine
80 Kimberly
77 Ladonna
81 Tuesday
Waiting!
96 Brenda
98 Caria
100 Darcee
87 Gillian
98 Judy
87 Misty
88 Pen
93 Shela
Waiting!
45 Donnamarie
32 Helge
39 Julita
46 Virginie
