Started!
56 Adriane
69 Alika
53 Alli
56 Blondelle
62 Blythe
59 Dulcea
72 Elsie
59 Emelina
71 Estrella
55 Gerti
63 Gussi
68 Gustie
53 Maribelle
62 Nichole
54 Piper
60 Robbyn
61 Rowena
56 Sydney
58 Vivyanne
73 Yolane
Started!
85 Alane
73 Ardyth
73 Ariel
73 Avrit
73 Cathryn
79 Cordy
88 Cornela
78 Diahann
86 Dominique
78 Elisabetta
80 Ethyl
83 Fay
86 Genovera
72 Lolita
87 Marlyn
86 Myrtle
76 Ruthanne
75 Salomi
88 Tim
88 Verine
Started!
36 Adiana
35 Antonetta
35 Arielle
36 Clarabelle
45 Claudina
42 Didi
43 Eudora
45 Fawn
48 Joya
39 Katerine
49 Lenore
51 Lindy
38 Lorilee
36 Meggi
41 Micki
45 Mollie
31 Petrina
50 Rhona
36 Shir
50 Sibylla
Started!
28 Annelise
32 Bekki
29 Cal
22 Carley
28 Corette
18 Elsa
29 Gwenni
36 Ingaborg
20 Jenelle
23 Lulita
36 Miriam
29 Noell
22 Odessa
22 Phedra
30 Sarina
29 Selina
31 Sheilah
25 Stephie
31 Tabbatha
33 Valida
Started!
92 Aarika
89 Adrianna
98 Andriette
97 Angelique
99 Annabella
97 Bernelle
96 Constancia
97 Edna
94 Fiona
96 Ginni
93 Henryetta
83 Kris
100 Peggie
99 Raina
92 Roanne
96 Rosanne
99 Steffane
91 Vi
91 Winne
93 Yettie
Started!
12 Abigail
7 Aida
8 Amalee
10 Bonnibelle
7 Cele
11 Celka
12 Darda
3 Dorise
8 Ertha
15 Felita
8 Germain
12 Inesita
5 Issi
16 Liane
1 Mindy
17 Portia
13 Randi
15 Roanna
8 Saudra
16 Zonda
Started!
51 Albertina
52 Briana
43 Brigid
59 Carlyn
48 Cecilla
56 Cherey
47 Ernaline
60 Farand
43 Gabriellia
49 Hilary
60 Isa
57 Jackelyn
48 Louise
42 Melisse
50 Roobbie
43 Rosalie
59 Shaylah
59 Tabbi
48 Tera
62 Yvonne
Started!
73 Abbie
62 Allison
64 Benita
62 Bettina
71 Carlina
58 Cassandry
73 Cathi
65 Correy
65 Cyndie
66 Fanya
64 Fern
63 Hanny
74 Imelda
73 Katharine
57 Rozanne
66 Sharron
60 Susana
65 Taffy
70 Teena
68 Wenonah
Waiting!
42 Annabal
43 Anstice
43 Chrysler
47 Clair
35 Glori
37 Gloria
38 Ivette
37 Joelly
40 Korney
39 Monika
47 Nellie
36 Phaedra
44 Scarlet
37 Terri
48 Yetty
Waiting!
85 Conchita
78 Davita
79 Hulda
76 Jeannie
85 Joice
84 Martguerita
68 Patti
77 Rhea
Waiting!
94 Ainsley
89 Ajay
94 Allis
98 Ermina
94 Florina
99 Georgiana
100 Marin
93 Micheline
89 Nissie
95 Starla
94 Thomasa
95 Tobe
Waiting!
29 Bibi
28 Blanche
27 Delphine
20 Dulcine
20 Keriann
19 Shanda
19 Sydel
22 Tina
21 Yasmeen
Waiting!
11 Arlyne
3 Brianne
11 Collette
7 Drusie
6 Eloisa
11 Joana
12 Kirsten
4 Lauralee
7 Meggy
12 Philippa
17 Sadye
17 Sonya
5 Teresina
Waiting!
87 Denys
Waiting!
52 Deanna
52 Tamiko
