Started!
53 Gussi
Started!
42 Mirna
Started!
4 Keslie
Started!
34 Cherri
Started!
59 Oralle
Started!
10 Rea
Started!
40 Leilah
Started!
26 Cornela
Started!
88 Winona
Started!
11 Selma
Started!
86 Sadye
Started!
23 Adriana
Started!
93 Hildegaard
Started!
63 Anabal
Started!
45 Wendi
Started!
5 Athena
Started!
100 Meggi
Started!
13 Jane
Started!
71 Georgianna
Started!
69 Liesa
Started!
80 Mechelle
Started!
75 Merridie
Started!
21 Lizbeth
Started!
57 Talia
Started!
71 Waneta
Started!
53 Cele
Started!
20 Karlotta
Started!
57 Amaleta
Started!
76 Allys
Started!
29 Lyda
Started!
65 Kali
Started!
62 Sharron
Started!
73 Tobi
Started!
73 Tracey
Started!
7 Florencia
Started!
60 Arlene
Started!
16 Robbyn
Started!
10 Katie
Started!
81 Florie
Started!
68 Rhoda
Started!
1 Annabella
Started!
90 Sadie
Started!
29 Addia
Started!
93 Tonye
Started!
19 Madeline
Started!
46 Luisa
Started!
73 Abbey
Started!
36 TEirtza
Started!
63 Tove
Started!
17 Sukey
Started!
58 Giralda
Started!
81 Meggy
Started!
5 Rosanne
Started!
35 Anthe
Started!
81 Lissa
Started!
68 Hetti
Started!
82 Evey
Started!
58 Berni
Started!
55 Gabrielle
Started!
81 Antonetta
Started!
49 Clovis
Started!
4 Caralie
Started!
45 Gilli
Started!
22 Adrianna
Started!
84 Keely
Started!
69 Jorie
Started!
18 Meryl
Started!
68 Cassandry
Started!
8 Samantha
Started!
66 Norrie
Started!
28 Catie
Started!
75 Eva
Started!
90 Michelle
Started!
41 Rowe
Started!
41 Mickie
Started!
77 Carlyn
Started!
1 Starlene
Started!
79 Trescha
Started!
48 Donni
Started!
5 Arlyne
Started!
23 Brigitte
Started!
43 Letitia
Started!
10 Marthe
Started!
75 Tova
Started!
19 Mable
Started!
25 Eudora
Started!
86 Goldi
Started!
8 Carley
Started!
2 Jackelyn
Started!
14 Andriette
Started!
54 Malanie
Started!
76 Genni
Started!
94 Dominique
Started!
51 Mirabelle
Started!
74 Tabbi
Started!
48 Shirlee
Started!
100 Ertha
Started!
25 Brietta
Started!
23 Kathleen
Started!
47 Lulita
Started!
63 Tera
Started!
45 Dniren
Started!
91 Lorita
Started!
38 Willa
Started!
57 Wynny
Started!
22 Jada
Started!
84 Helyn
Started!
66 Ranna
Started!
4 Stacy
Started!
44 Dorise
Started!
3 Dee
Started!
68 Christian
Started!
1 Babbette
Started!
24 Ruthanne
Started!
30 Janka
Started!
21 Teodora
Started!
16 Lotta
Started!
95 Gwenora
Started!
32 Cyndie
Started!
51 Carin
Started!
10 Pearle
Started!
59 Lynne
Started!
58 Neala
Started!
61 Fanya
Started!
93 Alanah
Started!
10 Rubetta
Started!
53 Hilary
Started!
47 Karry
Started!
14 Kesley
Started!
33 Yovonnda
Started!
62 Tabitha
Started!
46 Doll
Started!
99 Jodi
Started!
92 Jacquie
Started!
31 Morganica
Started!
74 Farand
Started!
27 Kellsie
Started!
83 Tess
Started!
31 Lorrie
Started!
52 Benedikta
Started!
40 Lorianne
Started!
23 Aimil
Started!
62 Brear
Started!
34 Ginnifer
Started!
43 Fallon
Started!
62 Lisabeth
Started!
75 Gypsy
Started!
33 Libbie
Started!
7 Roobbie
Started!
38 Delphine
Started!
85 Lisetta
Started!
5 Kimmi
Started!
66 Isa
Started!
31 Lauree
Started!
92 Dee
Started!
34 Cloris
Started!
21 Susannah
Started!
27 Glynis
Started!
54 Reeta
Started!
75 Fidelity
Started!
22 Dorothea
Started!
92 Merna
Started!
64 Ede
Started!
20 Daphna
Started!
8 Vernice
Started!
40 Morgana
Started!
18 Jordan
Started!
16 Allis
Started!
100 Loree
Started!
67 Kalli
Started!
43 Cristie
Started!
60 Marta
Started!
91 Angy
Started!
87 Dyann
Started!
33 Kalila
Started!
38 Drusie
Started!
6 Dacy
Started!
93 Annemarie
Started!
66 Katharine
Started!
77 Phaedra
Started!
70 Ailene
Started!
58 Orelee
Started!
92 Dulcinea
Started!
56 Bree
Started!
30 Adey
Started!
30 Pam
Started!
100 Deana
Started!
63 Delora
Started!
23 Kelila
Started!
100 Rae
Started!
71 Lynnea
Started!
69 Philippa
Started!
68 Juliet
Started!
57 Jacinta
Started!
19 Shandra
Started!
9 Georgiana
Started!
69 Lorinda
Started!
36 Kessia
Started!
17 Leda
Started!
26 Amy
Started!
33 Datha
Started!
26 Nissie
Started!
62 Collette
Started!
5 Kora
Started!
46 Micheline
Started!
6 Merralee
Started!
16 Alisha
Started!
36 Maris
Started!
64 Trudy
Started!
3 Jacquelin
Started!
9 Marian
Started!
12 Aliza
Started!
20 Jayne
Started!
62 Joann
Started!
32 Antoinette
Started!
51 Esther
Started!
4 Desdemona
Started!
2 Loleta
Started!
3 Yasmeen
Started!
3 Nessi
Started!
27 Lebbie
Started!
57 Sallyanne
Started!
96 Angelique
Started!
9 Irene
Started!
14 Farrah
Started!
98 Karina
Started!
68 Lesya
Started!
29 Josee
Started!
88 Elisabet
Started!
4 Arlana
Started!
88 Claribel
Started!
33 Vickie
Started!
38 Dorie
Started!
75 Yolande
