Waiting!
96 Andriette
86 Annalise
85 Bettye
85 Blanch
94 Caralie
97 Dian
88 Dyanne
93 Eada
93 Edna
97 Ethelyn
92 Feodora
89 Gena
87 Harmony
91 Hester
84 Jeri
99 Josy
98 Kenna
99 Lurlene
95 Margarette
89 Missy
85 Neda
87 Rebekah
84 Shanta
Started!
48 Astra
35 Cammy
45 Cathi
42 Celesta
50 Darbie
45 Gabie
47 Georgeanna
45 Gert
46 Goldie
45 Jo-Anne
37 Kassi
51 Kathleen
41 Kristel
46 Lona
48 Lorianna
42 Malissa
37 Martie
50 Mildrid
48 Nessie
46 Nonna
48 Rebecka
53 Salome
44 Terra
55 Vina
53 Ynez
Waiting!
70 Beryle
77 Brenda
62 Caritta
82 Elly
70 Farah
62 Gill
62 Henka
74 Herminia
72 Josephina
79 Leann
73 Marcia
80 Marissa
74 Maryellen
80 Melly
81 Rosabella
64 Wendie
Waiting!
20 Aline
23 Ariela
8 Bari
19 Camella
15 Carolann
27 Cloris
27 Dale
17 Dory
8 Elsinore
24 Jayne
27 Jermaine
22 Jessalyn
12 Jessi
17 Kata
22 Marin
13 Marta
25 Meriel
22 Nani
12 Renie
21 Serene
Waiting!
56 Angelita
58 Averyl
57 Brigitte
57 Maribelle
57 Marina
56 Tabbitha
Waiting!
2 Amanda
5 Megan
4 Merle
6 Ysabel
Waiting!
29 Holli
33 Nikkie
36 Rubie
Waiting!
43 Mariele
