Started!
35 Bernadette
26 Cayla
21 Chris
21 Drusy
27 Estele
16 Judie
20 Judy
17 Kikelia
25 Krystyna
26 Lanni
34 Lula
23 Michelle
34 Mira
21 Nell
17 Noelyn
33 Sheeree
Waiting!
55 Alane
69 Angele
49 Cymbre
63 Dorise
69 Fayina
58 Fiona
64 Florri
59 Germain
59 Lindsay
63 Maudie
61 Tootsie
58 Vally
Waiting!
75 Calida
78 Dorrie
84 Karalee
82 Nicol
78 Nonie
78 Rhiamon
74 Sibby
77 Wendi
80 Zarah
Waiting!
8 Angelique
9 Crissie
7 Danella
3 Donni
11 Hatti
9 Marigold
10 Pia
3 Trina
Waiting!
37 Buffy
45 Jolyn
47 Nadeen
40 Nancie
47 Raquel
45 Sabra
42 Shirlene
47 Ysabel
Waiting!
98 Ashia
100 Cosetta
90 Diann
100 Juliette
92 Miquela
90 Neila
93 Yetty
