Started!
71 Adena
58 Alaine
68 Anett
72 Berti
71 Brenna
64 Consolata
64 Dawn
67 Diahann
78 Jessalin
74 Layne
64 Lesya
68 Lorita
73 Sarine
77 Terry
77 Wilhelmina
75 Wilma
70 Zondra
Started!
24 Agnella
21 Brynne
11 Caitlin
12 Carmita
21 Elspeth
20 Hulda
13 Ivonne
11 Jenda
12 Jerrie
21 Maureen
21 Mellicent
25 Merissa
13 Nadeen
12 Rosmunda
26 Sarene
12 Sosanna
20 Stepha
Started!
86 Abigael
96 Allix
84 Alverta
91 Amalle
89 Anthia
89 Brenn
86 Cathee
96 Cayla
85 Daniela
95 Justina
85 Koo
98 Lida
84 Lura
88 Margarethe
92 Nettie
99 Nona
91 Ysabel
Started!
2 Carlen
15 Cinda
19 Eleanor
10 Gwenni
16 Hyacintha
1 Inger
10 Isis
16 Judi
1 Latashia
4 Laurena
4 Leena
8 Loutitia
18 Lynna
4 Mufinella
12 Sydelle
15 TEirtza
7 Tamera
Waiting!
49 Andi
56 Brittan
56 Dian
59 Gwen
51 Hannah
57 Jemmy
64 Legra
49 Lexi
67 Melinde
57 Minerva
66 Monique
62 Perrine
48 Tina
Waiting!
100 Andee
98 Aridatha
100 Barbey
99 Con
100 Jacquelynn
93 Jessy
100 Linda
94 Shelbi
Waiting!
46 Alika
44 Antonetta
39 Barrie
35 Bree
43 Cherilyn
38 Claudina
37 Daloris
35 Idalina
43 Jean
45 Odelinda
46 Persis
38 Romona
40 Roseanne
36 Ursula
Waiting!
33 Ajay
24 Annamarie
25 Emelina
26 Fancie
24 Giralda
27 Gray
27 Jacqueline
33 Lita
30 Molli
23 Shandy
24 Teddie
32 Windy
Waiting!
22 Adaline
19 Andromache
11 Bunny
22 Dorey
16 Elane
22 Gert
15 Leandra
21 Ofella
17 Tani
Waiting!
72 Brita
76 Dorian
77 Gae
74 Kathye
71 Winnah
Waiting!
4 Alfreda
5 Celestina
5 Elisa
10 Gillan
10 Kakalina
6 Kirby
3 Pavia
2 Romy
8 Rosalinda
Waiting!
88 Annabelle
