Started!
37 Alameda
30 Alika
30 Arlee
35 Candy
30 Cathi
23 Cati
18 Emmye
35 Gabi
19 Jemmy
29 Kamilah
27 Kelsey
21 Korney
34 Max
31 Nert
17 Regan
34 Ronda
22 Suzette
Started!
64 Adriana
70 Alex
75 Anstice
67 Carlen
79 Erina
73 Glenda
65 Henrietta
73 Hulda
68 Jandy
69 Margy
72 Myrtie
69 Ola
69 Reba
69 Roanna
65 Sandie
63 Tierney
76 Yolane
Waiting!
14 Adey
16 Cordelia
13 Cristie
10 Damara
1 Genvieve
6 Inger
6 Maisie
9 Merlina
10 Phaidra
Started!
60 Angela
54 Aubrette
40 Bonny
44 Bree
59 Brita
50 Bryna
53 Celka
43 Glynis
45 Joice
47 Lexi
47 Rosetta
43 Samantha
57 Sib
54 Stephie
57 Theda
42 Ursula
51 Yasmin
Waiting!
88 Annamarie
94 Audra
86 Blake
94 Breanne
94 Carol
90 Carolee
87 Cherilyn
94 Consolata
93 Editha
96 Gabriel
98 Ivonne
97 Katheryn
92 Loree
93 Nolana
85 Sheree
Waiting!
74 Aubree
83 Babbie
74 Cecile
76 Clari
74 Jessalin
79 Myranda
Waiting!
40 Brenn
47 Carri
29 Edith
47 Ermina
31 Gusti
45 Joleen
31 Nelie
38 Othilia
46 Reggie
32 Teddie
Waiting!
71 Barbabra
65 Camala
66 Dorelia
57 Kaitlyn
69 Odelia
59 Ramonda
61 Theo
Waiting!
21 Alyce
22 Karilynn
26 Kristal
19 Leesa
27 Marcella
22 Romy
