Started!
94 Colette
88 Dorothee
79 Enrika
80 Etta
94 Florella
95 Florie
93 Isahella
93 Madlen
87 Margie
78 Nanon
94 Norine
79 Ronica
88 Wynne
Started!
48 Alica
39 Ardelia
41 Aridatha
39 Aurea
42 Ava
50 Barbey
32 Belvia
39 Fawnia
40 Gayel
31 Gertrudis
46 Joela
47 Korney
50 Vina
Started!
53 Ann-Marie
61 Corliss
63 Danice
54 Gwenny
63 Gwyn
67 Ileana
65 Jesse
56 Marilyn
72 Mellisent
62 Rey
67 Sharline
54 Ulla
60 Ulrica
Started!
28 Allyn
39 Arden
23 Caressa
29 Cordelia
26 Dina
38 Dona
28 Kiersten
24 Maddi
33 Mariette
32 Opal
29 Ray
36 Sherilyn
38 Wilona
Started!
1 Berta
9 Chelsae
3 Chery
6 Farrah
9 Heidie
11 Kamilah
8 Kinna
11 Lisabeth
5 Merissa
8 Rosemonde
10 Shelley
11 Trude
2 Xylia
Started!
18 Celina
16 Charmian
25 Ekaterina
16 Lilah
15 Mil
15 Ofilia
13 Pet
14 Shir
18 Stacee
20 Suzi
12 Teri
12 Vikki
19 Wynnie
Started!
82 Amber
79 Annemarie
72 Ardeen
85 Chiquita
68 Donielle
75 Gina
86 Heddie
82 Myranda
66 Nelly
68 Rodie
76 Sukey
76 Tessie
73 Wendye
Started!
55 Adele
42 Alexi
45 Blanch
59 Celestine
42 Dorri
56 Holly
41 Jackqueline
51 Jessalyn
61 Kym
43 Leisha
41 Patsy
51 Sande
52 Steffane
Started!
58 Babbette
70 Berenice
63 Blondell
62 Cammie
65 Consolata
64 Eartha
73 Henriette
60 Joni
65 Natalie
65 Roxy
57 Shel
65 Sonia
55 Suellen
Started!
97 Ailina
89 Alida
86 Alisun
84 Cahra
90 Dayna
93 Elna
89 Gilda
91 Isabella
89 Lee
85 Nannette
90 Sallyann
91 Tracie
94 Vanny
Waiting!
41 Adel
43 Dorolisa
33 Erma
40 Glennis
38 Guenevere
33 Judye
30 Malia
35 Martie
27 Ofelia
32 Ricky
40 Tarrah
27 Zahara
Waiting!
78 Emmalynn
78 Portia
71 Stephana
Waiting!
50 Christen
58 Edythe
51 Ethel
45 Margeaux
45 Polly
Waiting!
22 Konstance
Waiting!
6 Tani
Waiting!
61 Jacqui
