Started!
8 Adah
8 Charmane
21 Elfrieda
24 Eugenia
18 Janis
11 Malissa
23 Moria
23 Prisca
8 Rhody
25 Rori
17 Sofie
22 Susie
17 Teddy
Started!
29 Barbra
35 Cassandry
45 Delora
36 Gina
40 Joyce
42 Kissee
30 Leta
44 Olivie
33 Orly
36 Romonda
42 Starla
40 Stephana
34 Wilhelmine
Started!
51 Aigneis
59 Amelita
59 Binni
60 Celeste
69 Cherey
55 Clary
64 Joete
53 Judi
59 Lethia
50 Lyndel
54 Magdalena
60 Roxana
49 Val
Started!
82 Angy
87 Antonella
84 Atlante
99 Austine
100 Charlot
99 Delinda
96 Greta
92 Johanna
84 Merrill
98 Minnnie
87 Otha
89 Rosalind
97 Shelby
Started!
79 Bella
72 Daphne
74 Dawn
80 Dee
70 Farrand
71 Fredelia
76 Irina
81 Johna
76 Kim
71 Lilllie
77 Lonna
72 Lucy
75 Merrili
Started!
7 Barby
8 Freddy
1 Ilyse
2 Janice
13 Leia
9 Ninnette
5 Prudence
8 Sandie
11 Saundra
10 Sofia
14 Ursa
1 Viviana
9 Winny
Started!
22 Adriane
11 Amandy
24 Bree
17 Callie
15 Gabriel
8 Ivonne
9 Jobina
18 Kerianne
11 Lauretta
24 Merrily
19 Shae
25 Tedda
16 Winnah
Started!
63 Alina
73 Aloise
56 Bobine
65 Charmine
68 Chrysa
65 Corette
54 Daryn
58 Genny
69 Loreen
58 Petra
54 Susi
55 Vikky
53 Wendeline
Started!
40 Aleece
41 Annabel
48 Chandal
42 Deva
48 Di
48 Fayette
54 Guinevere
46 Kai
44 Kiley
46 Laura
43 Laurene
51 Maible
50 Sissie
Started!
35 Amalie
37 Anette
35 Cahra
34 Chloris
29 Cynde
33 Dell
28 Gilbertine
32 Karyl
33 Laurel
32 Maren
33 Opalina
27 Pamella
27 Thomasine
Started!
92 Blake
85 Brinn
89 Corrine
86 Dode
88 Dorry
93 Dorthy
95 Emmalynne
92 Ernaline
95 Gloria
88 Layne
95 Martita
93 Melva
88 Valeda
Started!
76 Adora
83 Beryle
70 Bonita
77 Carry
77 Debera
80 Donella
75 Gaby
74 Liana
78 Marcile
82 Melodee
81 Misti
81 Susanne
75 Trisha
Started!
4 Abbi
13 Alison
11 Becka
4 Danna
9 Devin
5 Elisha
13 Gerta
10 Lottie
13 Malorie
10 Michel
14 Misha
7 Pris
4 Shanon
Started!
61 Alicea
57 Amargo
57 Arabella
60 Doria
60 Gusty
51 Jackie
59 Janeen
63 Kathe
57 Mehetabel
62 Pegeen
66 Riannon
51 Rosaleen
61 Wilma
Started!
18 Alli
23 Audy
28 Bonnie
19 Casie
25 Danyelle
26 Dominique
28 Doris
23 Ginnifer
18 Joice
24 Libbi
17 Nerita
22 Rodi
28 Zitella
Started!
85 Brynne
93 Calla
88 Candice
89 Cicely
85 Cilka
94 Cordi
94 Genevieve
94 Goldia
84 Kiele
86 Madge
85 Maye
88 Sissy
84 Verla
Waiting!
77 Ashlan
78 Gae
81 Laureen
69 Maryann
78 Ronna
84 Serene
Waiting!
40 Anitra
30 Jennifer
35 Kata
22 Lanita
24 Leone
38 Ottilie
39 Sheena
Waiting!
42 Gavrielle
51 Jessika
42 Kaylil
47 Lucina
44 Rachele
Waiting!
65 Dale
53 Dorothy
62 Mercie
56 Vivi
Waiting!
8 Alexa
17 Benni
Waiting!
4 Sharlene
