Waiting!
14 Augusta
15 Britta
22 Cheryl
12 Chrysa
12 Coralie
10 Dallas
10 Ealasaid
6 Fawn
15 Ira
15 Lusa
24 Marianne
5 Meggi
14 Molli
10 Nerti
20 Sindee
22 Susana
Waiting!
40 Alison
39 Cahra
38 Cassandre
34 Eunice
39 Garnet
40 Helen-Elizabeth
35 Ileana
49 Odelinda
41 Rozelle
48 Sheri
41 Tybi
48 Viviana
Waiting!
77 Aleda
76 Amelina
65 Anjela
59 Betti
67 Beverlie
59 Deirdre
76 Gwenny
77 Halette
68 Ina
67 Kiersten
67 Krista
59 Luciana
66 Maible
70 Odille
70 Pia
64 Randa
58 Suzanna
Waiting!
27 Carita
26 Darelle
Waiting!
91 Alanah
81 Catherin
85 Chelsy
85 Clair
80 Deloria
89 Eyde
86 Jennie
84 Kath
91 Kirsten
87 Lesly
92 Lizette
82 Mersey
82 Shandie
88 Trescha
88 Vanessa
88 Willi
Waiting!
95 Andrei
99 Christy
96 Cornie
96 Essie
98 Meridel
Waiting!
55 Charity
51 Cinderella
Waiting!
1 Anica
