Started!
14 Bernelle
16 Blake
24 Catha
34 Juditha
27 Katherina
25 Kiri
15 Lianna
32 Lilah
31 Lonnie
33 Luz
33 Mina
20 Orsola
31 Sallyann
28 Samara
25 Sarina
34 Sheelagh
Started!
49 Ava
51 Bree
59 Candi
58 Coreen
57 Ebonee
57 Eddi
46 Esta
56 Faunie
56 Harriot
54 Joelle
46 Linda
42 Lorne
49 Marsha
50 Moyra
46 Myrle
43 Viva
Started!
77 Anitra
79 Bambi
75 Bernardina
84 Betteann
86 Cassey
84 Daile
71 Elka
68 Gabriela
73 Kalindi
83 Kelila
74 Natalina
83 Penny
76 Sharl
80 Stepha
81 Tiphani
73 Viola
Started!
80 Analise
88 Andrea
90 Avril
97 Caria
80 Corinne
98 Dulcinea
92 Elizabeth
94 Fawnia
89 Fianna
99 Judith
90 Lyndsie
95 Miof
98 Muffin
97 Sileas
91 Teddi
93 Toni
Started!
6 Adiana
10 Callida
5 Carlynn
2 Carri
2 Clarisse
2 Gina
9 Imojean
14 Inge
1 Lisette
3 Mariquilla
5 Minna
11 Nannette
3 Pru
8 Raven
10 Sindee
7 Sophey
Started!
33 Cherilynn
38 Darcie
40 Dorise
40 Erena
32 Estele
31 Eve
45 Filippa
40 Gwenneth
30 Janelle
33 Karlee
37 Lissie
35 Lyndsey
33 Meredith
39 Monica
39 Nikkie
49 Wileen
Started!
59 Bertie
75 Clareta
70 Ilise
57 Janeen
66 Kassandra
65 Lyndel
69 Marlie
72 Melody
75 Nissa
62 Raeann
58 Shandy
69 Suzie
67 Talia
73 Therese
57 Vanessa
72 Vinni
Started!
91 Ailina
99 Averyl
97 Bettina
96 Carol-Jean
95 Cele
100 Charline
90 Desdemona
95 Donnamarie
91 Elysee
100 Fionna
97 Gilberte
92 Novelia
90 Rita
94 Rosalia
99 Willette
99 Zorine
Started!
27 Alison
17 Brenna
22 Davita
22 Desiree
22 Fina
26 Gelya
15 Imogene
26 Kacy
26 Katherine
28 Lexie
28 Lisa
19 Marie-Jeanne
23 Peria
28 Rhea
18 Tallia
22 Wynn
Started!
82 Ann
77 Aurelie
83 Bethany
83 Brynne
85 Ebba
84 Elsi
83 Ginny
88 Gratiana
82 Lavena
79 Leesa
73 Naomi
76 Ola
85 Paulina
89 Rivi
88 Ronda
73 Trula
Started!
53 Andromache
52 Brina
47 Cherey
53 Chrystel
63 Dasie
47 Donielle
45 Jerrine
50 Merle
60 Oralee
43 Perla
48 Philippe
51 Rheba
43 Simone
43 Stephi
51 Susy
49 Teodora
Waiting!
27 Adorne
45 Alexia
29 Bryn
44 Catina
47 Cybill
46 Deedee
33 Dorelia
33 Eolanda
43 Francesca
28 Georgiana
30 Julianna
44 Maryanna
31 Othelia
37 Sidoney
Started!
17 Anetta
2 Faina
4 Jeannette
6 Lani
8 Leland
13 Letitia
15 Lia
7 Lisetta
9 Marthena
3 Moira
15 Moyna
16 Mozelle
2 Shanda
8 Simonette
8 Sunny
1 Vivianne
Started!
78 Benetta
77 Betteanne
65 Cecilla
72 Drucie
65 Dyana
62 Holli
74 Katti
71 Lorna
81 Mari
71 Natty
73 Nerita
63 Quintana
68 Rickie
72 Tami
82 Tobi
64 Wally
Started!
48 Alissa
49 Beatrix
59 Bethanne
48 Cris
60 Crystal
51 Daniella
57 Darsie
57 Genevieve
54 Heddi
56 Karlyn
58 Merrilee
61 Morissa
63 Nerta
58 Tani
49 Ursula
49 Willetta
Waiting!
92 Adelind
81 Anett
97 Ardelia
97 Arlena
96 Betsy
78 Brandise
87 Elisa
91 Gabrila
97 Gertrud
91 Jacqui
95 Johnna
88 Philomena
88 Reeva
Waiting!
98 Annabell
98 Edithe
98 Ingrid
98 Leontine
Waiting!
25 Cyndy
24 Daryl
20 Elita
16 Nora
19 Riva
Waiting!
74 Karol
Waiting!
3 Saudra
