Started!
99 Almeta
88 Amabel
83 Anetta
90 Celia
86 Clemmy
93 Danila
92 Faun
96 Gabriela
90 Heddi
96 Janis
85 Judith
98 Karalee
98 Kassandra
96 Loise
85 Marlyn
90 Melita
87 Merrile
84 Millisent
92 Mina
87 Ninnette
84 Petronia
96 Philis
92 Rivi
89 Robby
85 Sacha
96 Saundra
85 Tiphany
95 Tonie
88 Vinni
95 Ysabel
Waiting!
80 Amaleta
77 Callida
80 Gilberte
77 Hulda
73 Ingaborg
82 Jeannie
75 Joya
73 Kaja
77 Katharine
77 Kelsi
82 Leone
72 Madeleine
81 Meredithe
82 Nani
73 Nerita
73 Nina
76 Ofella
73 Olympe
74 Phoebe
79 Robyn
78 Romona
76 Velma
Started!
26 Alanna
24 Ann-Marie
16 Arleyne
22 Berry
20 Cary
19 Dorise
26 Eunice
29 Filippa
16 Gerta
26 Giovanna
14 Jacquelyn
18 Jewell
13 Kalindi
33 Kassey
22 Kelila
23 Kendre
23 Lindie
28 Margy
28 Morganica
21 Nelie
18 Ninon
21 Oralee
31 Perla
29 Ricca
27 Shannon
16 Stepha
29 Vicki
21 Vin
22 Wynny
22 Zahara
Waiting!
5 Andreana
6 Bernardina
9 Bernelle
10 Davina
10 Deonne
11 Drucie
10 Emma
11 Erina
10 Fiann
5 Gwenny
9 Ladonna
12 Livvie
19 Lucky
8 Marja
2 Marysa
7 Naoma
13 Prue
6 Rhona
7 Ronica
10 Rozelle
5 Sophey
5 Teresa
6 Zulema
Waiting!
36 Alayne
34 Beverly
43 Brittany
30 Carmon
46 Cassondra
41 Clarisse
34 Concordia
44 Costanza
34 Darcey
28 Dory
41 Eachelle
37 Elonore
38 Erna
44 Fawnia
34 Ginni
32 Helli
44 Ilse
31 Jaquelyn
36 Jaquith
38 Karlee
34 Katina
40 Marylee
42 Michaela
39 Riva
40 Shelly
35 Vinny
34 Virginie
Started!
52 Ansley
50 Augustina
52 Aurlie
57 Bernadette
49 Billy
55 Carmita
53 Concettina
49 Cynthie
48 Darcy
49 Del
54 Doreen
48 Dulcie
49 Ernesta
53 Harley
47 Jeniffer
57 Jessica
54 Luz
57 Lyndsie
53 Mallory
47 Mariejeanne
53 Mariette
48 Myriam
54 Nancy
47 Nara
56 Petunia
52 Raeann
56 Reeba
53 Rivy
48 Sibylla
56 Therese
Waiting!
61 Abagael
59 Agna
58 Almeda
61 Aurilia
59 Avril
59 Caralie
61 Chelsey
60 Corine
58 Daisy
66 Dinnie
60 Farrand
59 Florenza
66 Hildy
54 Holli
67 Jeannette
58 Myrna
68 Naomi
67 Nelia
60 Sosanna
58 Susannah
Waiting!
71 Albertina
69 Andromache
69 Anissa
71 Genevieve
70 Melisent
69 Merline
69 Sada
Waiting!
22 Berti
25 Mariele
24 Merle
