Started!
78 Allegra
75 Amabel
86 Chandal
76 Coretta
95 Emmie
85 Ferdinande
90 Ivette
76 Jerrine
85 Kacey
86 Katerine
85 Lavina
83 Lora
77 Marris
90 Sheeree
82 Tybi
92 Vallie
90 Valma
Started!
51 Adriane
57 Caterina
63 Diannne
67 Doralin
59 Eliza
67 Erica
49 Gabey
62 Gloriane
61 Lelia
48 Maura
54 Melanie
58 Roanne
65 Ruth
67 Sandye
67 Stephenie
64 Tiertza
51 Timi
Started!
9 Allie
24 Angil
24 Arden
25 Barrie
17 Cornela
23 Debra
18 Dianne
24 Fanchon
16 Jacquenetta
7 Jasmin
12 Jerrilyn
21 Libbi
25 Louisette
10 Marylou
18 Maurise
21 Mommy
23 Roxana
Started!
39 Adelaida
35 Allyson
46 Carley
36 Chloris
37 Clerissa
32 Goldie
38 Isabelle
39 Joan
49 Kelsy
48 Merrile
38 Otha
34 Othelia
29 Rachael
32 Rianon
39 Siobhan
31 Ula
42 Verina
Started!
3 Aila
2 Christen
3 Deni
10 Frankie
3 Gina
6 Hallie
10 Heidi
9 Ingeberg
2 Leese
1 Leila
4 Magdalene
1 Olivette
10 Sarah
4 Stephani
6 Tamra
11 Tedi
9 Willa
Started!
99 Ariel
100 Austina
97 Carolynn
97 Christy
96 Francisca
99 Katee
91 Kiah
99 Laura
93 Lenee
95 Luelle
91 Maren
97 Merla
93 Nicole
100 Pietra
91 Ruthie
100 Sibley
92 Ted
Started!
83 Agata
72 Chrissy
70 Elladine
69 Jean
69 Jeralee
76 Jerrilee
72 Jorie
68 Kalina
63 Karen
71 Laurette
77 Meara
66 Merry
65 Neila
69 Nita
73 Rebecka
66 Simonette
73 Vivian
Started!
35 Alexia
28 Alis
31 Allix
24 Anatola
27 Caitlin
33 Daisie
29 Deeanne
31 Giustina
36 Glory
33 Maddie
27 Marcille
33 Martina
34 Mirabel
22 Mireielle
19 Morena
22 Patrizia
27 Tatiania
Started!
58 Allene
46 Bellina
51 Clea
57 Clementina
43 Cristina
49 Cristine
46 Dana
60 Guendolen
51 Janel
56 Junina
44 Kristen
53 Mame
47 Marrissa
50 Niki
53 Olive
59 Pearle
50 Vivyanne
Started!
31 Annnora
39 Clare
39 Dominica
50 Frances
49 Gratiana
39 Halette
40 Jacenta
35 Joscelin
40 Leonore
40 Lil
30 Loraine
31 Madelaine
42 Merci
40 Mignon
43 Olia
40 Peri
39 Wilone
Started!
12 Abagael
13 Ashli
16 Beckie
17 Deina
17 Farah
14 Faydra
14 Fiann
11 Gillan
20 Joye
18 Laetitia
15 Marylin
21 Noellyn
12 Pamela
22 Pattie
15 Ronni
22 Selina
12 Susi
Started!
78 Audrey
83 Bren
81 Candace
77 Courtenay
88 Deny
74 Dotty
77 Dulcine
81 Ebba
84 Fern
83 Joana
90 Leonora
83 Rosy
91 Seka
84 Silvia
82 Sonnnie
89 Stormy
78 Tanitansy
Started!
54 Barbra
55 Brinna
53 Darcie
73 Dorey
67 Esme
63 Ingeborg
61 Janet
72 Katalin
73 Leontyne
73 Lira
72 Magda
58 Misti
54 Sheila-Kathryn
53 Sondra
56 Ulla
67 Yalonda
70 Zena
Waiting!
51 Ajay
55 Carmella
43 Celestine
59 Cissy
52 Delores
47 Dinah
49 Dorry
44 Gerti
52 Gnni
44 Hyacinth
48 Lara
43 Mara
50 Nady
48 Tallou
52 Trudie
42 Zorah
Waiting!
20 Ceciley
23 Cherilyn
31 Christean
29 Dacey
29 Elizabeth
22 Evonne
35 Karleen
29 Lissi
36 Maryanne
27 Sorcha
35 Willie
Waiting!
3 Annaliese
8 Bidget
2 Brittne
2 Donica
4 Emlynn
10 Etta
9 Georgiana
2 Jacki
3 Nessa
4 Nichole
1 Vinita
8 Vitoria
Waiting!
18 Albertina
14 Appolonia
16 Arlen
17 Corette
14 Cori
16 Corrinne
13 Fancie
Waiting!
91 Abby
88 Alena
97 Audie
96 Conny
98 Rubina
Waiting!
64 Colleen
66 Filide
72 Hailee
64 Moselle
74 Pansy
75 Zandra
Waiting!
80 Ainslie
82 Kirstin
77 Valeda
Waiting!
40 Paloma
