Started!
11 Antonina
2 Augustine
5 Carmita
3 Cyndi
10 Delila
6 Kassie
2 Lexis
1 Stephenie
Started!
46 Danika
41 Delinda
46 Iolande
55 Nicholle
39 Petronella
44 Roxana
54 Winonah
52 Wren
Started!
88 Austin
93 Avivah
94 Benny
83 Frayda
95 Harmony
82 Robinet
98 Sascha
91 Xaviera
Started!
56 Anissa
61 Bamby
57 Caroljean
59 Nicolle
69 Oralee
62 Shani
61 Tabbi
63 Xylia
Started!
31 Ethel
13 Faustina
23 Lanette
16 Lisa
16 Nichole
30 Ryann
21 Sybil
20 Tressa
Started!
72 Aarika
77 Corrina
75 Franni
71 Gertrude
77 Kara-Lynn
74 Mariam
69 Meagan
78 Nariko
Started!
55 Agathe
65 Alisun
61 Jeanna
67 Kandace
64 Karna
65 Konstanze
71 Stacey
55 Verina
Started!
33 Datha
38 Domeniga
27 Karlene
37 Kass
44 Magdalen
35 Mimi
45 Muire
44 Tana
Started!
83 Ailey
88 Amelina
79 Annabella
79 Barbe
82 Chantalle
79 Leshia
79 Starla
85 Zondra
Started!
21 Chanda
22 Edi
19 Florance
6 Marissa
14 Morissa
17 Netti
6 Philly
13 Vyky
Started!
42 Albina
43 Alyce
35 Charmine
26 Daveta
30 Ellie
35 Nathalie
33 Sarita
25 Sonnie
Started!
41 Alla
55 Gwen
44 Katrina
59 Leyla
56 Sabine
46 Tommi
49 Ulla
43 Veronike
Started!
24 Charmian
14 Lucina
16 Petronia
16 Rani
33 Robbin
28 Tamma
18 Tish
25 Vi
Started!
90 Annelise
100 Catherine
97 Charlena
84 Charmane
82 Eddie
95 Griselda
93 Jonie
94 Marcelia
Started!
71 Alina
67 Ansley
70 Ariadne
62 Blakeley
61 Caralie
71 Liane
62 Merilyn
67 Pollyanna
Started!
13 Annette
5 Babette
8 Cissy
11 Meara
7 Randie
7 Sherie
10 Tobi
4 Valeria
Started!
83 Didi
89 Dyanna
78 Henrieta
88 Lauree
84 Marchelle
73 Minne
87 Ronny
82 Sibylle
Started!
4 Arleen
6 Bonny
5 Cissiee
5 Fleurette
1 Jacquelyn
15 Janeta
2 Kissie
10 Pat
Started!
23 Alyssa
18 Chickie
22 Fanni
22 Harriett
30 Imogene
19 Leonore
28 Mirelle
24 Ray
Started!
39 Addi
45 Averil
41 Cati
50 Halley
40 Hermia
50 Ophelie
46 Tandy
48 Virgie
Started!
88 Allyn
98 Danielle
91 Devi
88 Donnie
95 Gabrila
98 Helenka
96 Kellie
89 Orelie
Started!
52 Allys
61 Devan
60 Jeanie
61 Lissy
57 Lurline
61 Marilee
47 Moria
51 Phillie
Started!
72 Ailene
77 Cyndia
70 Dacy
67 Gabbie
73 Nickie
65 Nydia
64 Prue
69 Trixie
Started!
81 Charlene
91 Clerissa
76 Deirdre
82 Gavra
91 Genia
86 Natalya
83 Wendie
84 Wileen
Started!
29 Benetta
31 Fleur
40 Jenifer
35 Jennine
33 Miranda
34 Ollie
42 Phyllida
38 Rycca
Started!
5 Alejandrina
5 Elberta
14 Enrichetta
20 Ethelda
4 Ingrid
3 Kristine
10 Mel
12 Monah
Started!
33 Bonnibelle
25 Dot
33 Gaynor
33 Jorey
34 Moina
24 Peta
24 Sadella
22 Trixy
Started!
56 Aggi
56 Alys
57 Carlyn
59 Frances
53 Jenna
46 Jo-Anne
56 Marrilee
53 Pet
Started!
93 Blondy
90 Halli
98 Margarete
99 Marita
94 Neilla
99 Tabbatha
95 Veriee
96 Vonny
Waiting!
41 Bettine
40 Constantina
36 Delly
26 Hermione
39 Ingaberg
36 Jannelle
45 Lishe
Started!
73 Ann
75 Bell
65 Evonne
69 Katharyn
60 Kelcie
68 Maurene
62 Pattie
76 Raf
Started!
83 Cinnamon
86 Drona
81 Ericha
86 Esmeralda
90 Josephina
91 Kathryn
90 Tracey
83 Vanna
Waiting!
11 Alane
13 Carla
2 Cody
5 Lanae
4 Leanor
3 Ranna
Waiting!
55 Cornelle
54 Lois
55 Rowena
Started!
17 Arleta
16 Brana
19 Eada
25 Eirena
18 Kassandra
22 Peggi
21 Rosabella
16 Rubie
Waiting!
79 Lorrin
76 Marabel
70 Papagena
Waiting!
21 Aeriel
20 Chantal
22 Diane-Marie
Waiting!
89 Jannel
