Started!
7 Ariadne
11 Cary
3 Daisy
7 Darell
1 Evey
6 Hali
8 Sidonia
Started!
43 Carlynne
45 Evvy
42 Franni
46 Kamilah
40 Lorine
39 Lynda
42 Valentia
Started!
81 Cyndi
74 Denice
84 Emylee
76 Joete
78 Joice
71 Kara-Lynn
83 Madella
Started!
37 Avivah
35 Elnore
40 Erika
40 Meggi
26 Micky
40 Paola
30 Ramonda
Started!
60 Adaline
52 Anestassia
68 Caroljean
56 Joletta
70 Josy
70 Keeley
64 Maren
Started!
76 Alisun
78 Avie
71 Evonne
83 Faythe
67 Maryjane
73 Nell
73 Vitia
Started!
10 Aura
6 Emeline
7 Hannah
9 Lynne
4 Morissa
12 Ruthie
2 Tallie
Started!
86 Caresse
89 Cherrita
93 Ilka
89 Kass
86 Robby
94 Tana
93 Trudey
Started!
19 Bobby
18 Cloe
13 Estele
21 Katharyn
20 Lissi
20 Rosemaria
16 Velvet
Started!
65 Gertrude
55 Jill
66 Juliane
61 Leshia
64 Magdalen
56 Orel
50 Patience
Started!
98 Bernadina
91 Daveta
98 Dominga
98 Gavra
95 Inesita
92 Rikki
100 Stafani
Started!
78 Alie
78 Almeda
88 Ardith
95 Fanni
80 Pippa
86 Veda
81 Vivienne
Started!
35 Coretta
38 Emmalyn
32 Jobye
33 Lucille
43 Meridith
36 Peria
29 Winnie
Started!
62 Berte
57 Christie
61 Cindra
59 Krista
52 Rachel
69 Tilly
55 Willetta
Started!
21 Annalise
17 Ardra
23 Babette
27 Charmian
20 Emlynn
32 Fania
21 Nerta
Started!
16 Kalie
15 Madelaine
15 Margette
8 Meade
23 Minda
16 Salli
21 Tara
Started!
42 Conny
45 Danyelle
50 Genia
55 Kittie
47 Rasla
50 Roobbie
57 Theodosia
Started!
71 Babbette
67 Cate
70 Dulci
65 Janeta
62 Paulita
61 Tawnya
72 Tobi
Started!
92 Annice
92 Annie
98 Bobette
95 Brett
86 Edi
96 Maire
96 Rozalin
Started!
62 Faina
56 Gerri
62 Giovanna
61 Laryssa
61 Malory
72 Robena
64 Vi
Started!
36 Alleen
42 Bianca
37 Celie
46 Celisse
29 Eleonora
26 Haley
32 Letta
Started!
84 Angelica
79 Beverly
78 Darline
79 Didi
80 Lizzy
79 Melicent
85 Veradis
Started!
2 Averil
8 Charlot
4 Dot
3 Gloriana
5 Jasmin
10 Lethia
11 Mirelle
Started!
56 Christi
47 Halley
57 Margalo
44 Marjorie
47 Shina
45 Sidoney
42 Tedra
Started!
15 Ardelia
28 Jacinta
19 Kaia
16 Moll
13 Nissie
19 Pammie
25 Staci
Started!
100 Bethina
95 Eolanda
84 Evangeline
90 Heloise
86 Hyacintha
87 Lissy
86 Tierney
Started!
78 Cariotta
68 Dorisa
75 Emmalynn
70 Janith
74 Phaedra
74 Rycca
68 Tanya
Started!
92 Amabelle
90 Georgeanna
91 Hertha
94 Malissia
96 Suki
86 Tilda
87 Yasmin
Started!
28 Allyn
33 Athena
30 Cissiee
27 Cosette
31 Faun
23 Mireielle
28 Nicole
Waiting!
64 Daphne
50 Em
60 Jaimie
54 Keriann
69 Louisette
62 Naomi
Started!
23 Dorolisa
6 Marrilee
16 Melva
23 Rae
18 Trixie
11 Vera
8 Vonny
Waiting!
74 Alanna
79 Jessika
78 Lia
77 Maggee
72 Roslyn
Waiting!
33 De
46 Ermentrude
43 Peta
Waiting!
5 Nickie
Waiting!
27 Andrea
27 Collette
32 Lonni
31 Roxie
Waiting!
86 Erinn
Waiting!
99 Eve
Waiting!
16 Dorene
