Started!
71 Arlyn
68 Bree
69 Briny
78 Edie
71 Floria
72 Imojean
61 Ivette
79 Janelle
64 Jorey
75 Judye
70 Lettie
72 Mirilla
74 Phelia
75 Shaylah
63 Tiffy
76 Ulrika
Started!
48 Arabela
47 Carlene
50 Casie
52 Cassey
37 Chelsy
47 Christa
52 Erminia
40 Eunice
37 Hetti
46 Letitia
56 Madelena
54 Max
45 Rebecka
44 Revkah
42 Toni
41 Zahara
Started!
37 Abbie
45 Annamarie
40 Berrie
36 Birgitta
25 Carmella
42 Emera
34 Jenn
25 Lila
31 Lorilee
32 Louise
31 Marijo
34 Melanie
35 Melinde
25 Myrilla
33 Ronnie
25 Shelley
Started!
20 Anestassia
10 Brittani
9 Channa
14 Darcie
13 Eden
17 Essa
22 Evania
14 Juliet
9 Katalin
11 Lenette
19 Loreen
13 Maxi
17 Myrna
21 Pen
20 Row
12 Wilie
Started!
10 Adina
11 Barbara-Anne
6 Donnie
5 Flossie
5 Joane
2 Josi
8 Katine
7 Keslie
8 Layne
3 Lotti
12 Lynna
1 Mair
5 Nerissa
13 Odille
2 Rhona
1 Zarla
Started!
89 Alvira
91 Amandi
82 Beverie
91 Blondie
96 Charis
90 Cleopatra
94 Coriss
99 Dolley
90 Eliza
100 Jemie
90 Minetta
98 Pauline
89 Robbin
80 Sayre
82 Starla
90 Tamarah
Started!
50 Agnesse
66 Ainsley
58 Anna
59 Cammy
59 Cecile
59 Diane
48 Ebba
59 Ediva
58 Ernesta
61 Hynda
51 Jacquette
56 Madelyn
58 Melodie
58 Renell
58 Renelle
67 Rosa
Started!
91 Anica
88 Cammie
96 Carmelita
88 Chrissie
86 Ekaterina
99 Etty
89 Irene
88 Josee
98 Kania
97 Kayle
83 Kylen
88 Luise
100 Miranda
93 Natty
96 Shirline
83 Tracee
Started!
14 Amaleta
28 Amalia
14 April
27 Bea
24 Blanche
29 Calypso
25 Constanta
14 Coraline
21 Janetta
22 Selia
19 Sophie
17 Sophronia
18 Suzi
18 Talya
25 Tobye
23 Wynny
Started!
71 Alidia
76 Angy
80 Carina
74 Collie
89 Dell
90 Fay
81 Felipa
86 Hazel
79 Joan
83 Pia
73 Rodie
80 Shelbi
74 Torrie
73 Valeda
80 Vallie
70 Xylia
Started!
62 Andriana
53 Berta
59 Bobbie
61 Daloris
67 Deana
57 Debora
47 Delcine
65 Enriqueta
66 Fanni
67 Karita
53 Lilla
48 Lina
48 Merralee
57 Milissent
61 Phebe
66 Yasmeen
Started!
49 Audi
46 Berthe
46 Bryn
37 Cthrine
40 Doroteya
39 Gene
48 Hephzibah
42 Kerstin
46 Lottie
46 Lucilia
43 Marice
41 Merissa
42 Nert
40 Renee
41 Sharron
52 Viviyan
Started!
24 Almira
29 Angelle
41 Corrina
31 Demetria
32 Diana
26 Eugenia
34 Idette
35 Kathlin
28 Margaux
26 Micki
39 Nanete
32 Pearline
44 Petronille
43 Shanon
42 Tabby
41 Vivian
Started!
77 Andie
68 Anet
75 Astrid
87 Britte
79 Drusy
69 Grete
69 Janean
78 Katheryn
76 Leanora
81 Lorry
76 Melony
73 Roselle
68 Selestina
77 Sella
80 Shirleen
86 Tildy
Started!
71 Avril
62 Cissy
64 Eddy
65 Fawnia
67 Ivett
60 Jerrilee
61 Jorrie
66 Latrena
63 Lib
65 Marianna
59 Perrine
61 Rheba
63 Shellie
68 Suki
56 Sydel
52 Wallie
Started!
84 Ainslie
98 Allsun
90 Deva
87 Gertie
92 Harrie
94 Hattie
85 Jacquelynn
93 Kristel
97 Kristy
96 Marcelle
86 Nikkie
93 Prisca
88 Ranique
97 Sharona
96 Tamera
84 Thomasina
Started!
10 Arlana
1 Delilah
1 Elvira
16 Estell
10 Giulietta
11 Hannis
4 Jeannine
2 Karlotte
10 Mellisa
1 Nikaniki
8 Paulette
14 Rena
18 Stormie
12 Tabbie
6 Tonye
3 Zelda
Waiting!
83 Agatha
71 Darby
83 Elli
72 Friederike
75 Heather
81 Josepha
66 Roch
82 Sadella
73 Sindee
80 Sukey
Waiting!
20 Claresta
21 Kaycee
19 Selena
20 Tova
Waiting!
50 Nettie
40 Zena
51 Zia
Waiting!
88 Alessandra
92 Cynthy
90 Pansie
93 Tabina
Waiting!
32 Doralynne
