Started!
46 Aindrea
47 Beverlie
46 Bonny
45 Carree
54 Constantine
40 Dodi
36 Dulcea
36 Gretna
54 Ivy
39 Madeline
49 Mady
38 Meg
38 Pauly
56 Retha
37 Tania
51 Torrie
Started!
88 April
87 Carmon
98 Corinna
86 Crissie
96 Donetta
93 Easter
89 Genia
100 Hertha
95 Maitilde
96 Manya
84 Noemi
99 Siusan
98 Taryn
98 Teri
98 Trescha
94 Vitia
Started!
59 Alysa
63 Annaliese
69 Brana
63 Casandra
54 Chelsea
52 Dannye
64 Eada
54 Eden
69 Jammie
64 Janice
67 Lesli
61 Mikaela
65 Noellyn
69 Pierrette
67 Suellen
59 Virginie
Started!
16 Ann-Marie
17 Avie
9 Babita
26 Dara
14 Gertrudis
15 Glen
26 Gwenette
11 Idalina
22 Ingeborg
13 Jenni
8 Kimmie
20 Maurise
27 Nonnah
10 Tonia
24 Valma
21 Veronika
Started!
3 Aridatha
6 Billy
13 Catherin
15 Cordelia
7 Doroteya
11 Giorgia
8 Giselle
2 Helen
7 Ivett
4 Maggy
13 Mehetabel
6 Melamie
4 Moira
2 Rivalee
14 Shelli
2 Vonni
Started!
74 Charlotte
77 Elka
72 Eran
79 Jackie
78 Joanne
82 Lauri
76 Malinde
72 Marga
71 Maryellen
82 Melinda
73 Merilyn
65 Rahal
63 Rebecca
64 Suzanna
73 Tanhya
62 Ursula
Started!
35 Adena
34 Cilka
41 Corrinne
44 Goldy
30 Joletta
30 Joyann
38 Karlene
28 Kris
40 Libbi
33 Lora
44 Mariel
29 Min
28 Pearline
39 Perl
32 Robina
38 Ulrike
Started!
52 Bernadine
47 Carlyn
49 Ellie
48 Fanchette
47 Happy
52 Henrieta
47 Katusha
52 Laural
40 Lorene
46 Mariana
48 Mariann
51 Rosabella
51 Sherilyn
54 Susie
49 Tine
51 Willow
Started!
65 Abbi
67 Brianna
60 Callida
60 Darci
76 Hermine
70 Jessy
61 Jyoti
76 Kessia
66 Lexis
65 Marianna
75 Maxi
67 Minna
76 Monique
72 Roobbie
71 Trudie
58 Willamina
Started!
85 Annie
82 Bevvy
72 Crysta
72 Deeyn
82 Dorry
76 Dyane
85 Gabriella
85 Inga
82 Ivie
78 Katheryn
78 Loraine
79 Magdalene
77 Marieann
88 Rafaelita
77 Rania
85 Samantha
Started!
19 Bernadina
25 Carine
28 Christal
18 Clarinda
21 Feliza
19 Harrie
28 Karola
29 Kellina
20 Kirbee
26 Laurena
24 Marthena
28 Perri
26 Roselia
27 Stacie
20 Tamma
26 Zorah
Started!
95 Adria
92 Alberta
97 Arleen
89 Astrix
89 Carlene
99 Charis
94 Christan
88 Deny
94 Gabbey
94 Glori
95 Joceline
92 Maren
97 Nelly
97 Oralia
93 Raf
94 Vittoria
Started!
37 Amalee
35 Amelina
40 Blanca
42 Bree
31 Camel
34 Camilla
34 Clarey
33 Eileen
43 Emelina
34 Enrika
33 Leigha
36 Marlie
29 Phyllys
28 Stephine
29 Talyah
29 Tracee
Started!
55 Cissy
41 Cory
56 Debee
58 Florette
49 Gaby
51 Ingrid
49 Kara-Lynn
41 Lydia
48 Mathilda
55 Mignonne
49 Reine
45 Stefa
51 Vanya
40 Vin
51 Yolande
53 Zarah
Started!
59 Ailsun
70 Alika
59 Bernete
72 Cloe
66 Donny
60 Gilbertine
61 Hallie
65 Hedy
60 Jaquith
67 Joeann
67 Katinka
70 Lacie
69 Ranice
66 Reeta
59 Una
75 Vitoria
Waiting!
2 Devondra
6 Dredi
14 Ilyse
10 Kassi
7 Krystle
8 Lisetta
1 Marissa
4 Maurine
11 Meagan
6 Melina
8 Nessie
16 Sileas
13 Tracy
Waiting!
17 Dreddy
20 Honey
17 Katuscha
18 Loralyn
20 Meridith
27 Suki
21 Suzie
Started!
81 Ardis
93 Consolata
80 Dotty
90 Evvie
84 Gretta
75 Hannie
78 Jorey
87 Kattie
81 Lilas
82 Lucy
86 Maggie
83 Mommy
79 Otha
80 Shaina
76 Wilone
82 Yelena
Waiting!
41 Ainsley
31 Leoline
36 Merle
29 Trula
32 Vi
Waiting!
64 Dareen
69 Doe
60 Fiona
Waiting!
90 Jacqueline
97 Roberta
