Started!
70 Celine
73 Pen
79 Ramonda
Started!
18 Arabelle
5 Cherlyn
10 Sula
Started!
37 Emilia
57 Gae
47 Pamela
Started!
39 Deva
26 Maure
36 Monika
Started!
66 Anna-Diane
66 Gracie
70 Tessa
Started!
8 Micheline
13 Netty
1 Stoddard
Started!
19 Dari
21 Jori
26 Sallie
Started!
95 Cecilla
93 Julie
91 Lauren
Started!
40 Glynda
39 Moll
35 Murielle
Started!
4 Felice
5 Ranique
1 Renelle
Started!
72 Janeta
74 Kath
69 Vin
Started!
60 Ami
50 Biddy
62 Tamiko
Started!
20 Arluene
20 Athene
14 Corny
Started!
43 Christean
41 Marice
43 Riva
Started!
94 Ali
94 Joanne
100 Joly
Started!
44 Audre
46 Mirilla
46 Tedra
Started!
38 Hetti
33 Ira
31 Max
Started!
79 Eveleen
75 Moina
78 Opaline
Started!
6 Alvina
4 Conny
14 Loralee
Started!
53 Claretta
60 Doreen
55 Valry
Started!
99 Dosi
97 Jacynth
92 Rosanne
Started!
83 Gabbi
79 Mommy
82 Robinia
Started!
35 Althea
38 Malynda
42 Marlee
Started!
61 Chrysler
51 Eadie
59 Melonie
Started!
82 Bryna
80 Davida
85 Maye
Started!
17 Bree
17 Erica
20 Lanni
Started!
38 Hildagard
44 Jess
37 Lisabeth
Started!
68 Dominique
73 Kim
65 Zorine
Started!
18 Anneliese
22 Dee
23 Jennine
Started!
7 Abbie
3 Fidelia
8 Pearl
Started!
78 Alexa
82 Candi
82 Keely
Started!
90 Eudora
89 Maia
97 Oralla
Started!
59 Inger
45 Saundra
49 Tybi
Started!
33 Catlin
37 Emili
34 Lucy
Started!
21 Evaleen
19 Ginny
11 Rani
Started!
59 Agatha
63 Griselda
56 Jeni
Started!
82 Aigneis
83 Jeane
92 Rozelle
Started!
52 Hestia
48 Roana
52 Tabatha
Started!
97 Cathryn
95 Juliann
96 Sydney
Started!
70 Kora
71 Kristi
72 Melissa
Started!
10 Allis
14 Miguela
4 Tabbitha
Started!
54 Aubrie
52 Cacilia
61 Kelcie
Started!
18 Aurea
21 Madelina
21 Oralia
Started!
82 Klarrisa
78 Lexis
76 Ofilia
Started!
10 Elita
2 Lissa
7 Trudy
Started!
60 Hattie
52 Rochette
60 Tiena
Started!
70 Donna
81 Moselle
80 Nettle
Started!
45 Carolin
35 Corette
50 Lianne
Started!
99 Ingunna
89 Jessamine
93 Stacie
Started!
31 Emylee
26 Glenn
21 Stephine
Started!
77 Amalea
77 Rubi
73 Tresa
Started!
59 Janetta
57 Larine
60 Margit
Started!
9 Adela
6 Juliane
13 Lina
Started!
72 Gus
79 Lorine
73 Lucky
Started!
22 Elianora
20 Filia
25 Korney
Waiting!
11 Glynis
Started!
82 Cymbre
79 Lilah
80 Noemi
Started!
42 Ashly
38 Heddie
36 Lorilee
Started!
52 Liane
60 Lianna
48 Tasia
Waiting!
99 Petronilla
Waiting!
34 Karyl
Waiting!
50 Robena
