Started!
40 Aaren
34 Aggi
40 Agneta
43 Alethea
46 Alexine
45 Alicea
32 Amalea
40 Angelika
31 Arda
35 Bea
50 Daffi
37 Drona
43 Elicia
31 Else
36 Franny
40 Hinda
43 Kyle
49 Lisbeth
48 Lynde
39 Marysa
34 Mellisent
48 Meredithe
32 Patty
46 Sheilah
37 Sibby
50 Sydel
34 Van
Started!
57 Abra
52 Adela
52 Adelle
56 Aggy
63 Aile
51 Alexi
63 Anjela
52 Colette
62 Danika
61 Elbertine
54 Elisa
56 Emlynne
64 Engracia
62 Frayda
54 Gabrielle
59 Joanne
57 Judi
54 Malina
52 Martguerita
60 Martha
56 Renell
54 Rey
52 Sonnnie
64 Trista
56 Twyla
51 Waly
57 Zelma
Started!
75 Adey
69 Adriena
75 Alissa
70 Alvira
70 Anastasia
67 Anny
71 Arabela
65 Benedikta
59 Cahra
75 Cairistiona
75 Carol
61 Daryl
65 Dayle
65 Emlyn
75 Fina
70 Florri
66 Gill
72 Gus
73 Hayley
66 Joete
74 Johnath
69 Kara-Lynn
73 Karyl
75 Keeley
73 Rhodie
70 Row
71 Sheila-Kathryn
Started!
97 Adeline
80 Ailyn
81 Aleece
83 Alexia
95 Alikee
86 Allina
93 Elysee
81 Florina
93 Fredelia
94 Greta
97 Hephzibah
95 Ilyse
85 Joyce
91 Karlene
85 Katey
99 Lauree
85 Leontine
87 Martina
93 Morgan
84 Morissa
93 Othella
92 Shari
87 Stella
84 Tamiko
89 Umeko
87 Vivia
97 Zorina
Started!
23 Abigael
5 Adoree
13 Ailina
5 Ainslee
18 Anni
14 Ariadne
4 Bidget
13 Bonnie
21 Carree
12 Casi
18 Constantine
10 Davina
7 Elisha
4 Faina
14 Fidelia
4 Francene
14 Glen
5 Jacynth
23 Jaimie
16 Magdalene
23 Minny
21 Natalee
18 Orsa
13 Pia
10 Saba
19 Sella
18 Theresina
Started!
25 Adelheid
26 Agnese
29 Aleda
26 Alfy
29 Alix
22 Allis
36 Allsun
21 Alverta
25 Arluene
24 Chandra
26 Chelsea
29 Christyna
23 Daune
32 Gerladina
30 Ilse
19 Kamilah
27 Margarita
24 Marthena
29 Mirella
39 Muire
27 Nolana
26 Ronni
27 Rosemaria
19 Sheeree
24 Sibley
24 Tanhya
26 Toma
Waiting!
5 Ada
14 Adrea
6 Agnola
14 Alex
17 Ali
10 Allix
4 Angelina
2 Daisy
8 Gwyneth
11 Jaynell
15 Leora
15 Lindsy
4 Lyda
6 Marillin
12 Marji
15 Mary
16 Meara
12 Sabrina
8 Stephani
2 Yolanda
Waiting!
76 Alicia
82 Amelia
83 Amitie
85 Annora
73 Denise
77 Kendra
82 Lidia
78 Madelaine
81 Quintilla
81 Valentia
Waiting!
46 Abbey
50 Alyce
45 Amandie
49 Amata
45 Brigit
39 Christi
39 Eleonora
43 Georgeanne
46 Julietta
41 Koral
45 Kristen
46 Leena
41 Lettie
55 Margaretta
53 Misti
40 Nerita
50 Rubina
55 Ruthie
Waiting!
95 Allyn
94 Aloysia
88 Alta
90 Alvinia
95 Harri
92 Jemima
90 Kirsten
94 Maegan
88 Natividad
87 Stafani
91 Susette
94 Trescha
Waiting!
32 Alyson
28 Genny
Waiting!
64 Amity
59 Lindsay
59 Sianna
Waiting!
19 Maxine
