Started!
24 Berget
17 Bianka
11 Cassaundra
14 Codee
16 Dee
11 Delcine
15 Delphine
28 Dorthea
13 Eba
28 Eleanora
18 Esmaria
27 Hali
27 Hinda
19 Janel
25 Janetta
20 Jolyn
19 Kaylyn
14 Lynnea
18 Melamie
27 Paule
19 Sheilah
15 Stefania
20 Stephani
21 Sula
19 Suzann
22 Sybil
17 Toby
8 Umeko
19 Verena
25 Vi
Started!
66 Amil
55 Antonina
54 Austin
65 Christie
54 Christyna
59 Clarissa
67 Donni
51 Flss
68 Gus
69 Hedy
59 Kara-Lynn
53 Lauri
52 Leontyne
50 Lisbeth
63 Lucilia
49 Lynsey
54 Minny
52 Norine
61 Olivia
58 Pam
59 Rey
68 Rosy
62 Sadye
54 Sofie
68 Susan
50 Tootsie
52 Vinny
61 Vivyanne
51 Wendye
66 Wynn
Waiting!
16 Allix
2 Arluene
7 Danny
6 Dixie
1 Eleanor
4 Fay
4 Gilli
16 Hannis
5 Jenn
3 Joli
3 Linell
6 Marlo
1 Minna
7 Mureil
5 Myrtice
4 Nicki
7 Randie
12 Saba
Started!
76 Adeline
78 Agna
71 Alexi
75 Alicea
88 Annora
86 Bird
79 Carina
81 Clotilda
88 Colette
78 Dara
77 Delly
88 Essy
89 Fenelia
79 Franny
83 Greta
82 Gretchen
84 Hilda
71 Ines
84 Iseabal
88 Joanne
89 Lanae
83 Maura
85 Mavra
84 Megan
87 Netty
80 Othella
80 Sheeree
81 Stella
70 Ulrike
83 Zitella
Waiting!
96 Adela
90 Alexis
96 Astra
100 Austine
99 Babb
92 Coraline
97 Coriss
90 Else
95 Emelda
93 Gertie
91 Issie
94 Kalila
94 Kameko
92 Katina
92 Laney
98 Lauren
90 Mariska
99 Martie
90 Morena
92 Nolana
97 Odelia
95 Selie
Started!
31 Aggi
48 Aigneis
41 Alisun
34 Alyce
40 Antonella
49 Aurelia
42 Avrit
33 Bea
35 Carmen
44 Chloe
45 Davida
40 Dorrie
34 Gabi
43 Henrieta
42 Jacklin
43 Janet
39 Kata
37 Livvy
42 Lyndel
44 Lynea
44 Madelene
49 Mora
32 Myra
41 Rhianon
43 Shari
30 Sosanna
29 Stacie
40 Tanhya
48 Toma
34 Yasmeen
Waiting!
25 Minette
27 Remy
Waiting!
58 Aviva
65 Jaynell
55 Myrtle
58 Wilow
Waiting!
36 Camellia
