Started!
22 Catherina
30 Evangelin
27 Eveleen
21 Netty
25 Sharyl
Started!
94 Clementine
97 Devan
97 Dorey
92 Kessiah
92 Mariya
Started!
73 Carol-Jean
76 Hynda
81 Kial
71 Marline
78 Tandy
Started!
52 Aubrette
43 Cassaundra
56 Kassi
52 Larisa
54 Samantha
Started!
33 Christine
38 Elyn
36 Fania
35 Maryrose
40 Opal
Started!
20 Leena
23 Mady
19 Margo
30 Sallyanne
15 Violante
Started!
44 Davine
53 Jewell
64 Lelia
49 Miguela
54 Sharl
Started!
86 Carey
88 Carlyn
84 Robinet
83 Samara
84 Tilly
Started!
71 Arline
65 Audy
65 Cassandry
66 Junie
75 Rosita
Started!
49 Ava
45 Lynnet
44 Mabelle
45 Mariejeanne
39 Toma
Started!
56 Carlen
51 Ellen
56 Idalina
46 Josepha
57 Keri
Started!
25 Carmen
28 Cissiee
19 Fifi
28 Rea
20 Willy
Started!
86 Lelah
86 Lilly
85 Maitilde
80 Natasha
80 Orly
Started!
72 Allis
62 Rene
77 Tiphani
80 Tobe
71 Vinnie
Started!
89 Charmane
98 Chryste
87 Cordey
91 Karleen
97 Sher
Started!
24 Brena
13 Colette
15 Janifer
20 Janna
14 Pavia
Started!
90 Aaren
94 Caryl
90 Dorotea
98 Emmeline
80 Nesta
Started!
1 Denna
1 Ibbie
8 Lexis
3 Phyllys
10 Zoe
Started!
24 Dolli
25 Frances
28 Kathrine
31 Penelope
26 Pollyanna
Started!
45 Abbi
52 Aloisia
48 Crin
51 Jordan
48 Teressa
Started!
78 Dena
84 Ivonne
85 Jessalin
79 Lynette
73 Maren
Started!
61 Ethel
61 Jenn
65 Lucila
62 Nicky
70 Vanya
Started!
35 Cordelie
21 Meriel
32 Michelina
31 Sheelagh
28 Tiff
Started!
10 Anastasia
11 Joann
17 Joeann
12 Juliette
18 Zorana
Started!
91 Amanda
94 Flor
92 Hilary
98 Merci
87 Page
Started!
40 Almira
54 Amabelle
52 Arliene
39 Brana
45 Janeta
Started!
73 Corene
81 Dorene
69 Felicle
81 Gilligan
69 Orel
Started!
65 Elvira
63 Libbie
67 Sue
62 Vinny
69 Zorine
Started!
8 Anni
18 Dionne
1 Elga
7 Erin
9 Jacklyn
Started!
26 Antoinette
23 Fleurette
21 Melania
18 Tanhya
32 Theresina
Started!
90 Andromache
90 Elene
93 Hulda
95 Krista
92 Nancie
Started!
35 Caro
40 Freddy
37 Madelon
34 Megan
44 Tallie
Started!
88 Adria
79 Anstice
84 Fulvia
84 Katerine
74 Kristin
Started!
61 Cloe
71 Jenna
67 Loralee
68 Ofelia
74 Vania
Started!
88 Billie
95 Gladi
91 Letisha
94 Sela
97 Vikky
Waiting!
64 Ashlie
55 Nanette
Started!
1 Annelise
6 Eden
3 Hadria
12 Malinda
10 Zsazsa
Started!
15 Cyndia
21 Laney
17 Robyn
6 Starla
7 Tandi
Waiting!
29 Isadora
39 Mamie
36 Pauli
Waiting!
73 Melita
77 Nita
Waiting!
84 Bekki
88 Delilah
89 Ottilie
