Started!
61 Cammy
54 Carlene
62 Corrinne
57 Doralyn
70 Elita
65 Emilie
67 Jami
57 Lorette
72 Mary
64 Meaghan
67 Sydney
Started!
21 Agnes
27 Aline
23 Ardith
18 Caresa
33 Eugenia
19 Leese
35 Marice
28 Milli
18 Minny
30 Nixie
17 Terri
Started!
77 Brooks
72 Christian
85 Genna
76 Gwyn
74 Kordula
78 Marie-Ann
73 Melisandra
82 Pammy
85 Vere
80 Vivian
77 Ynez
Started!
50 Bambi
34 Bianca
40 Dori
46 Gabriella
48 Lida
50 Loralyn
32 Lyndy
40 Melany
49 Samantha
48 Sidoney
30 Suzy
Started!
21 Austin
12 Barbie
20 Bobbye
16 Clio
12 Corri
22 Enriqueta
15 Gertruda
18 Iormina
7 Jilly
22 Livvyy
8 Marjory
Started!
96 Ali
99 Bobbe
98 Claudie
96 Joane
92 Lauree
94 Lonnie
100 Mella
95 Nance
94 Prudence
92 Wylma
93 Zonnya
Started!
2 Alisha
5 Ana
4 Ashleigh
4 Helaine
2 Kim
7 Nina
7 Patrica
3 Renie
8 Roseanne
2 Terrie
12 Umeko
Started!
75 Ansley
61 Corrine
68 Debora
60 Deirdre
65 Florette
65 Judith
55 Nelie
59 Olimpia
63 Othella
64 Pet
67 Thelma
Started!
43 Brynna
52 Caril
58 Corrina
47 Demetris
47 Elana
57 Evanne
54 Isis
53 Joan
45 Ruthann
51 Shaylah
43 Tove
Started!
20 Bel
16 Fara
30 Helge
26 Jennilee
26 Kaile
26 Olivie
27 Orel
33 Peggie
35 Rhiamon
33 Rubi
22 Thomasine
Started!
79 Arleyne
82 Dasya
70 Franciska
81 Gertrudis
85 Gustie
80 Hedi
72 Ilyssa
79 Inga
72 Juliette
87 Ralina
79 Susi
Started!
47 Amanda
48 Blinni
37 Bobbie
48 Dagmar
40 Gleda
36 Horatia
38 Laureen
39 Marya
39 Muffin
34 Portia
39 Van
Started!
58 Anallise
66 Andria
64 Bidget
68 Giuditta
68 Jeniece
56 Mia
66 Robena
70 Rosabel
71 Tillie
62 Trisha
64 Wendye
Started!
14 Davina
19 Dominga
19 Kendre
16 Laina
15 Mariette
11 Odetta
23 Rosmunda
18 Shanta
8 Sibylla
23 Suzanne
17 Tabbie
Waiting!
98 Amalia
89 Ciel
98 Donnie
99 Gail
98 Giovanna
91 Glad
98 Klarika
89 Lianna
97 Morganne
95 Regine
Waiting!
75 Anette
67 Benni
77 Carolee
69 Cher
68 Damaris
75 Jeanne
82 Marie
77 Marne
79 Sasha
77 Sharlene
Started!
63 Blondelle
53 Daphna
55 Dody
49 Emyle
61 Fernanda
53 Katherine
53 Lenna
61 Mable
59 Merrie
65 Valene
46 Valery
Started!
36 Carlina
30 Caterina
39 Catherin
36 Cecelia
36 Charlena
40 Cyndy
40 Ellynn
40 Esmaria
28 Idalina
34 Larine
25 Mitzi
Waiting!
5 Della
8 Robbyn
1 Sheila-Kathryn
Started!
27 Agnesse
25 Brit
33 Editha
20 Evangelia
20 Gaye
29 Glori
17 Izabel
21 Laney
22 Matilda
34 Tobi
19 Tonia
Waiting!
54 Aimee
54 Alix
44 Gale
Waiting!
20 Davida
27 Jobye
28 Zelda
Waiting!
16 Angy
Waiting!
40 Caro
