Started!
49 Alice
37 Andeee
41 Anett
41 Bonnie
40 Casey
39 Danni
32 Darlene
41 Ethelyn
47 Georgeanna
37 Kellyann
45 Koo
49 Lacie
37 Lavina
33 Lynna
31 Marcelline
37 Matti
38 Meara
36 Merna
49 Rosemarie
35 Sheba
37 Sosanna
39 Stefania
46 Suzann
Started!
63 Alisha
60 Bobette
61 Caryl
76 Charo
68 Corly
67 Dorette
63 Feliza
58 Frederique
77 Gertrud
67 Gertrude
69 Glynnis
76 Isadora
60 Josefa
76 June
73 Kaylil
63 Megen
58 Remy
61 Renee
71 Rita
67 Shelli
69 Teresa
68 Toma
77 Winnifred
Started!
52 Alexi
53 Amalia
54 Aretha
53 Biddie
52 Blinni
58 Charlena
47 Cherry
58 Haily
52 Karoly
50 Kitti
55 Leticia
54 Lezlie
45 Margery
57 Marlo
53 Nerti
53 Nola
61 Nora
62 Rora
62 Saloma
49 Sheree
64 Tiphani
48 Trudy
50 Ulrika
Waiting!
10 Adrian
9 Aggy
4 Ardys
14 Audra
5 Caresa
3 Cherianne
6 Clementina
12 Cookie
15 Dorris
13 Elspeth
15 Evy
17 Gwynne
16 Karrah
15 Mirilla
18 Morna
12 Quentin
10 Rivkah
13 Sallyanne
8 Sheila-Kathryn
6 Sondra
18 Vivyan
Waiting!
26 Anissa
36 Annissa
21 Ariela
21 Barbra
28 Camel
22 Collen
23 Daffie
31 Daile
23 Eartha
23 Etti
27 Farrand
27 Kessia
30 Kissiah
22 Marjorie
25 Melitta
36 Natalie
22 Oralla
24 Robyn
Waiting!
98 Chrissie
100 Ernaline
90 Ira
90 Jaclyn
92 Jeane
91 Joycelin
100 Ketti
97 Lenette
94 Lindy
98 Marleen
95 Melany
93 Miguela
91 Nomi
96 Pammi
98 Reeba
99 Sam
90 Stormie
94 Teriann
97 Tove
100 Yetta
Started!
81 Appolonia
86 Aprilette
68 Carolin
82 Cassaundra
68 Cherida
69 Daisie
78 Danila
81 Del
85 Elga
88 Hedi
78 Jada
81 Jeanne
84 Leandra
69 Lynelle
77 Magda
78 Maitilde
83 Mariya
82 Marquita
77 Merrilee
73 Moyna
87 Nerissa
74 Rennie
79 Sayre
Waiting!
79 Deborah
86 Elyse
89 Holli
89 Peg
87 Sophi
Waiting!
44 Annabel
39 Dorry
Waiting!
70 Darla
60 Lishe
60 Lotta
62 Zenia
Waiting!
74 Austina
