Started!
92 Allx
96 Bernadene
89 Beverly
96 Bobette
93 Candie
98 Cayla
90 Daniela
89 Deeann
99 Delcina
95 Georgina
90 Giulia
100 Gracia
100 Henriette
100 Julissa
89 Lona
93 Madeleine
96 Margo
92 Maurita
94 Modesty
90 Orella
95 Rita
91 Sheila-Kathryn
92 Sonya
97 Tove
Started!
77 Amber
80 Bernardine
79 Carry
84 Gianna
78 Herminia
84 Jacquelynn
82 Jamie
84 Jeannine
83 Jillene
86 Kati
86 Katine
79 Kira
79 Lauree
75 Loralee
74 Lorrie
86 Marilin
86 Matti
87 Nettie
88 Olva
76 Saloma
76 Sonia
88 Tiertza
78 Vally
87 Vilhelmina
Started!
26 Alice
35 Ava
31 Babbette
22 Blanca
27 Caryl
23 Corly
18 Devan
20 Elga
35 Ellene
37 Erena
22 Evangeline
28 Gennifer
33 Helyn
31 Jacinthe
18 Katheryn
33 Katie
28 Leeann
29 Libby
27 Norean
28 Rowe
29 Tammara
17 Trudy
21 Una
21 Valentia
Started!
10 Ali
1 Ardath
5 Ardella
7 Chad
9 Charmian
10 Charo
14 Cherye
5 Cristi
6 Desirae
4 Filia
10 Lucie
12 Maddy
15 Margalo
2 Melany
7 Penny
5 Perla
4 Rania
1 Reggie
16 Remy
16 Rochelle
10 Ruthann
12 Shandy
7 Simona
14 Violetta
Started!
53 Aidan
51 Aridatha
58 Beulah
60 Brandise
59 Catherine
65 Claudetta
54 Collen
70 Dulcy
70 Gaye
59 Gelya
60 Isabelita
59 Jo-Anne
62 Karyn
59 Keelia
66 Kevina
61 Kitti
66 Lauri
68 Maddalena
53 Neely
66 Ofilia
57 Peggi
56 Ralina
63 Rivkah
52 Roxanna
Waiting!
40 Alis
40 Carol-Jean
44 Colleen
42 Dacia
43 Danya
45 Fannie
47 Ferdinande
49 Jeanne
38 Jordain
38 Jourdan
39 Lavina
54 Leda
46 Lois
48 Nedda
48 Odelle
48 Rhodia
47 Starr
38 Stoddard
40 Vivyan
41 Zea
39 Zuzana
Waiting!
71 Adrian
68 Alisha
72 Carole
73 Caty
70 Darla
68 Jerrie
72 Jillana
71 Keri
68 Larine
63 Maggy
77 Marla
73 Marline
71 Maryann
71 Nerissa
68 Nissa
73 Shirleen
72 Vittoria
Waiting!
32 Addi
37 Arlinda
36 Buffy
37 Cathrin
36 Cinnamon
36 Crystie
37 Darcey
35 Dell
33 Flossie
34 Kass
34 Latrena
37 Lind
35 Lorraine
36 Petra
Waiting!
5 Albina
8 Ame
5 Anatola
10 Annis
1 Brigida
6 Cecilla
15 Chantalle
1 Charil
3 Fanni
5 Lilla
7 Rakel
13 Roxi
10 Tally
Waiting!
83 Cherrita
85 Darsie
88 Jennifer
90 Jessika
87 Lesya
92 Willabella
Waiting!
98 Rebe
Waiting!
60 Jorie
