Started!
22 Alexandra
17 Antonia
18 Ashly
19 Carlota
27 Con
12 Courtenay
30 Evangelia
30 Gizela
25 Gnni
25 Ivie
23 Janifer
24 Jobie
25 Jobina
19 Karlotte
21 Larisa
12 Lynnell
13 Michele
26 Nelli
21 Norene
23 Raquel
12 Renie
11 Roselia
12 Sabra
24 Sapphira
29 Shani
22 Violetta
19 Wendy
Started!
66 Alisun
67 Brandais
58 Britteny
59 Clarinda
59 Deb
63 Donica
68 Elicia
66 Evelyn
68 Fiann
67 Gabbie
50 Hedy
65 Kamillah
48 Kariotta
62 Kittie
65 Kore
49 Lexie
66 Madlin
66 Marcela
64 Marcie
64 Octavia
53 Pauly
68 Randie
68 Roze
49 Ruthie
64 Sharron
48 Susy
62 Vinita
Started!
3 Amalea
18 Babara
2 Belicia
8 Bianca
7 Cam
15 Charleen
11 Charlena
8 Colette
6 Daniella
18 Delila
8 Dennie
10 Elle
1 Erminia
1 Fredrika
17 Henryetta
10 Isabelle
6 Janela
12 Leeann
8 Letty
17 Mallissa
6 Marji
2 Melonie
15 Minne
13 Neysa
12 Rachael
4 Sabrina
8 Sunshine
Started!
82 Amalee
96 Andie
80 Bonita
82 Breena
88 Bridie
98 Cecilia
78 Dara
94 Ddene
79 Doralynn
97 Effie
78 Gayla
84 Gilligan
86 Glad
90 Hermine
89 Janelle
88 Jerrie
88 Jessalin
82 Joela
78 Lilias
86 Lyndel
82 Maryanna
82 Nola
80 Patricia
79 Rafaela
84 Sarine
82 Sheena
96 Veronique
Started!
37 Adelaide
41 Austina
34 Averyl
38 Brina
45 Cami
34 Darelle
45 Debera
39 Deeyn
49 Emmi
37 Fawn
36 Fedora
41 Helsa
35 Jacinta
33 Jeanine
43 Joellyn
40 Kaile
34 Larine
34 Leia
33 Linea
40 Nicolle
44 Nonna
40 Perry
46 Rachele
45 Shelly
36 Sile
33 Tabbie
47 Willow
Waiting!
97 Aime
100 Ardith
91 Bellina
99 Bernardina
100 Bobbi
97 Chelsie
96 Doretta
94 Evey
89 Janaye
90 Joice
99 Juliette
100 Lelah
89 Leshia
96 Lorri
100 Maritsa
95 Maude
89 Maurene
90 Misty
89 Sarette
100 Shaylah
92 Sisile
Started!
75 Augusta
69 Bell
76 Beverlie
77 Briney
65 Brook
69 Carmelita
75 Darbie
76 Debi
82 Debor
71 Fey
71 Franny
72 Germana
65 Glynda
72 Julissa
71 Karissa
75 Kipp
68 Lina
72 Lynnelle
74 Marcile
75 Rene
62 Rosella
77 Saloma
72 Shawn
74 Tawnya
82 Ursala
79 Yasmin
71 Zelda
Waiting!
25 Adella
24 Avis
31 Blithe
37 Celeste
37 Emmeline
23 Evita
37 Faun
38 Georgia
28 Helaina
32 Jacqui
41 Joannes
29 Koo
37 Lolita
24 Miran
26 Nicol
26 Odilia
28 Poppy
41 Rakel
30 Shirley
24 Tabatha
42 Tamarra
30 Tamera
32 Tamqrah
29 Tiphany
Waiting!
21 Dierdre
18 Eugenia
21 Jeane
11 Jill
21 Kathie
18 Merola
20 Nesta
20 Rosy
17 Sue
12 Vernice
19 Ynes
Waiting!
84 Alexa
82 Andriette
87 Bobbee
79 Daveta
87 Delly
86 Denni
85 Edin
87 Ettie
83 Gilberte
77 Halimeda
84 Janette
87 Kirsten
76 Lil
77 Lorianna
82 Luci
88 Nana
86 Oriana
81 Valenka
88 Vivianne
Started!
57 Aleda
50 Analise
68 Anneliese
57 Cariotta
69 Celene
59 Celia
65 Daffie
49 Desdemona
57 Dniren
56 Eddy
64 Faye
68 Gennie
61 Georgetta
64 Greta
57 Jade
55 Kara-Lynn
51 Kippy
64 Lani
60 Lyda
53 Margie
58 Norean
64 Salli
60 Stormie
50 Tera
49 Theodora
55 Vivyan
57 Willette
Waiting!
10 Carmine
5 Corabel
2 Juditha
9 Julianna
9 Konstanze
1 Loretta
7 Martina
8 Megen
7 Queenie
9 Roch
Waiting!
48 Beatrice
46 Cathrin
47 Ivette
47 Wanda
Waiting!
75 Caye
73 Lenee
75 Margalit
74 Marilee
71 Pippa
