Started!
57 Anni
41 Beverlie
55 Colette
55 Concordia
42 Gaynor
58 Ibby
50 Larisa
54 Maighdiln
58 Rafaela
59 Ruthie
43 Teresita
49 Tillie
52 Viviana
59 Viviyan
Started!
3 Agace
14 Analise
1 Bettye
10 Bonnie
13 Celka
4 Deb
12 Ediva
14 Fey
12 Juliette
3 Nissa
10 Shawna
4 Veriee
6 Vicky
9 Wynny
Started!
58 Adorne
52 Aimil
62 Alyse
67 Bette-Ann
65 Brett
64 Dyane
62 Elonore
64 Fina
69 Fiorenze
68 Jaquith
66 Lorinda
65 Lynna
61 Sapphira
67 Susy
Started!
22 Alika
34 Bette
24 Iormina
26 Issie
34 Jobie
28 Latrena
16 Lenna
23 Mathilde
32 Ola
35 Perla
21 Rae
28 Raquel
18 Torey
25 Vina
Started!
81 Angelique
85 Annmarie
75 Cinderella
76 Cindie
86 Del
81 Frederique
73 Idalina
80 Imojean
87 Janie
87 Merlina
87 Nataline
79 Stacee
77 Susannah
87 Yvonne
Started!
100 Carleen
97 Cynthia
98 Dulci
97 Florella
100 Jeralee
97 Lucienne
89 Mallory
84 Nellie
91 Nikoletta
95 Robinett
90 Rozalin
92 Theresita
92 Tonya
95 Verile
Waiting!
34 Blair
37 Eba
41 Jordain
39 Josepha
38 Mara
48 Moreen
47 Natalina
38 Roseline
Started!
14 Analiese
8 Anett
6 Fiann
5 Isidora
4 Kendre
11 Lauree
8 Lee
2 Margaret
9 Minni
4 Ranice
8 Sabra
14 Thomasina
8 Valeda
4 Yolanda
Waiting!
50 Constantina
53 Gillian
49 Maggi
51 Quentin
Waiting!
86 Allx
77 Diane
83 Hulda
78 Reina
94 Sheila-Kathryn
Waiting!
74 Maryanna
Waiting!
21 Bellina
