Started!
63 Daryn
Started!
15 Shawna
Started!
47 Ursala
Started!
19 Anya
Started!
42 Timmy
Started!
8 Piper
Started!
7 Tracey
Started!
67 Rozanne
Started!
60 Charissa
Started!
90 Tiffany
Started!
69 Verine
Started!
15 Dora
Started!
98 Bernardine
Started!
60 Barbee
Started!
48 Gayla
Started!
44 Christa
Started!
57 Ardelia
Started!
38 Romonda
Started!
25 Ricca
Started!
81 Elsinore
Started!
64 Eula
Started!
27 Fran
Started!
26 Hazel
Started!
48 Charity
Started!
86 Netty
Started!
59 Kathye
Started!
20 Drusy
Started!
74 Augustine
Started!
18 Gwen
Started!
31 Karalee
Started!
18 Hildy
Started!
92 Bevvy
Started!
60 Jessalyn
Started!
21 Teri
Started!
96 Giovanna
Started!
34 Daveta
Started!
45 Margery
Started!
18 Christin
Started!
96 Malinde
Started!
92 Deeann
Started!
7 Sharlene
Started!
66 Justinn
Started!
97 Teressa
Started!
83 Shena
Started!
84 Madalyn
Started!
38 George
Started!
46 Teddi
Started!
94 Gaynor
Started!
13 Lucia
Started!
30 Helli
Started!
79 Wilona
Started!
23 Alyss
Started!
85 Charmine
Started!
30 Stafani
Started!
1 Gladys
Started!
84 Marigold
Started!
52 Nara
Started!
94 Casie
Started!
80 Xylina
Started!
23 Lesli
Started!
7 Kandy
Started!
5 Latisha
Started!
53 Linnet
Started!
51 Jewell
Started!
3 Justine
Started!
34 Agneta
Started!
84 Tracy
Started!
61 Stacia
Started!
50 Chiquia
Started!
64 Shalne
Started!
66 Dyan
Started!
19 Selinda
Started!
8 Eleonore
Started!
59 Ynez
Started!
56 Grete
Started!
81 Shellie
Started!
92 Chrissy
Started!
81 Judi
Started!
96 Wilie
Started!
74 Henka
Started!
6 Isis
Started!
45 Jenelle
Started!
15 Rachel
Started!
48 Coraline
Started!
73 Erica
Started!
43 Maryanna
Started!
84 Oona
Started!
36 Layney
Started!
43 Valeda
Started!
96 Peggi
Started!
88 Blanche
Started!
38 Helena
Started!
53 Bernette
Started!
34 Lind
Started!
93 Kordula
Started!
62 Camellia
Started!
55 Dulcy
Started!
11 Bobbee
Started!
63 Magdalen
Started!
81 Judy
Started!
37 Nonna
Started!
90 Dixie
Started!
96 Aurelie
Started!
89 Loretta
Started!
71 Arlie
Started!
14 Eleanore
Started!
7 Mia
Started!
52 Jorey
Started!
31 Pet
Started!
77 Delphinia
Started!
32 Evangeline
Started!
33 Siobhan
Started!
71 Mame
Started!
97 Anastassia
Started!
55 Miguelita
Started!
78 Bellina
Started!
90 Dacey
Started!
61 Klarrisa
Started!
95 Cristine
Started!
15 Mariette
Started!
15 Tierney
Started!
71 Bernita
Started!
68 Josy
Started!
96 Celestine
Started!
64 Dorri
Started!
74 Guglielma
Started!
20 Barry
Started!
80 Vanna
Started!
13 Sibley
Started!
19 Nalani
Started!
100 Gilda
Started!
90 Susana
Started!
39 Anna
Started!
92 Roshelle
Started!
81 Theda
Started!
32 Judith
Started!
7 Lucy
Started!
22 Hedi
Started!
49 Tobey
Started!
95 Devina
Started!
64 Clarie
Started!
82 Neilla
Started!
14 Lyndy
Started!
87 Blinny
Started!
95 Bobinette
Started!
68 Gertrude
Started!
76 Daisie
Started!
32 Elfrida
Started!
70 Ana
Started!
94 Phylys
Started!
30 Claudina
Started!
34 Enid
Started!
88 Gayel
Started!
89 Charo
Started!
2 Lilas
Started!
21 Alexa
Started!
50 Sheryl
Started!
77 Flory
Started!
89 Grissel
Started!
54 Rosmunda
Started!
21 Estell
Started!
81 Corny
Started!
29 Madonna
Started!
93 Noemi
Started!
53 Kesley
Started!
71 Walliw
Started!
28 Jennee
Started!
21 Fannie
Started!
36 Darlene
Started!
95 Chlo
Started!
46 Kirbee
Started!
80 Sashenka
Started!
88 Amabelle
Started!
6 Pia
Started!
96 Liza
Started!
2 Eachelle
Started!
92 Brook
Started!
10 Nyssa
Started!
11 Theresa
Started!
74 Faith
Started!
78 Britta
Started!
83 Heidi
Started!
11 Hanna
Started!
22 Sheela
Started!
6 Lavinia
Started!
27 Idalina
Started!
23 Lanette
Started!
64 Isidora
Started!
79 Esther
Started!
37 Louise
Started!
53 Dareen
Started!
72 Paola
