Started!
28 Kenna
40 Lauren
30 Mable
34 Mala
42 Maurise
Started!
77 Becki
67 Corrinne
66 Eleonora
61 Rahel
65 Ursulina
Started!
7 Augustine
20 Franky
14 Liana
11 Shell
13 Ursala
Started!
1 Averil
6 Kit
12 Otha
2 Sabine
2 Sheilah
Started!
77 Alfie
81 Antonia
82 Jaclyn
90 Nerta
81 Nollie
Started!
55 Aleen
59 Delora
57 Eryn
52 Evvie
57 Kathye
Started!
37 Henriette
25 Kassia
27 Lizbeth
30 Tabatha
26 Winnie
Started!
44 Anya
48 Elfrida
44 Halimeda
38 Lainey
41 Roslyn
Started!
97 Barry
96 Colleen
92 Cordie
92 Linzy
92 Petunia
Started!
71 Barbabra
66 Ethelin
68 Ingaborg
64 Jill
78 Julieta
Started!
47 Christal
62 Letitia
56 Poppy
49 Quintina
49 Stafani
Started!
30 Idalina
19 Maurizia
22 Tommi
23 Wrennie
22 Xylina
Started!
3 Alyss
2 Annette
10 Eadith
5 Shalne
6 Sisely
Started!
38 Beatrisa
34 Dorothee
35 Latisha
43 Lynnea
37 Olivia
Started!
80 Cammy
87 Cari
83 Daria
84 Martguerita
90 Mona
Started!
97 Anitra
88 Dorette
95 Gayel
90 Imogene
95 Jewell
Started!
60 Bernette
66 Cassie
59 Goldy
66 Leandra
65 Maribel
Started!
49 Con
52 Gilberta
43 Lucilia
42 Mallory
37 Melony
Started!
9 Anallise
5 Kerri
16 Magdalen
6 Maxi
8 Sunny
Started!
83 Blanche
85 Carlen
87 Marcella
80 Marj
81 Pepi
Started!
54 Alleen
59 Anette
55 Annice
55 Maryl
52 Ralina
Started!
37 Conny
45 Dacey
42 Eleanore
40 Matti
38 Rosita
Started!
100 Hattie
99 Kore
96 Lola
94 Pet
92 Theressa
Started!
5 Estel
15 Felisha
19 Marleen
9 Robinette
16 Roxanne
Started!
27 Darelle
24 Leigha
30 Leta
25 Mathilda
34 Vin
Started!
68 Aleda
61 Allianora
66 Bobette
64 Leanora
62 Olive
Started!
85 Bridget
80 Daisie
75 Nedi
69 Orsola
75 Stella
Started!
41 Coral
37 Lani
34 Maighdiln
36 Sharlene
41 Tobey
Started!
89 Demeter
95 Kevina
94 Merilyn
78 Niki
88 Pippa
Started!
2 Lettie
1 Lynne
10 Sapphira
7 Tressa
1 Trula
Started!
47 Alfreda
51 Davina
39 Erinna
47 Merry
38 Vikki
Started!
38 Alexis
35 Cecile
24 Giulia
26 Lezlie
32 Phylys
Started!
64 Chiarra
72 Flossie
76 Nadine
74 Neda
75 Sheryl
Started!
67 Brianne
60 Charo
65 Elicia
66 Lavena
55 Marielle
Started!
83 Aindrea
82 Almira
83 Kessia
90 Perry
79 Veradis
Started!
39 Allison
32 Ethelind
46 Inesita
41 Marleah
44 Netti
Started!
91 Clarette
85 Darlleen
88 Heidi
93 Johna
88 Sheila-Kathryn
Started!
16 Brier
27 Evangelin
17 Liuka
18 Ophelia
18 Tamma
Waiting!
3 Chelsey
3 Chloris
5 Rhianon
1 Shirl
Waiting!
72 Celestyna
74 Lucienne
Waiting!
99 Aloysia
93 Estele
91 Marguerite
98 Nettle
Waiting!
29 Joyan
20 Lurline
19 Orella
Started!
35 Charmian
44 Gabbi
31 Hillary
43 Rana
41 Tonia
Waiting!
61 Blondie
57 Hulda
50 Rey
Waiting!
38 Rafaelita
39 Reeta
31 Sandy
35 Starlene
