Started!
14 Allis
9 Brandice
10 Constantia
6 Corenda
3 Dalila
6 Karlotte
7 Karly
4 Lexie
3 Mireielle
Started!
42 Aleece
45 Angeline
37 Calida
46 Doti
52 Julissa
40 Leila
46 Nicoli
48 Ruthy
45 Sheila-Kathryn
Started!
85 Angelique
88 Angil
81 Hestia
97 Lorinda
92 Mercedes
84 Ophelia
88 Oralia
79 Virginia
78 Zorina
Started!
22 Ebonee
20 Elisabet
21 Kamillah
17 Marthe
12 Maurizia
20 Roxi
18 Shel
23 Sileas
20 Wendi
Started!
62 Adore
68 Carol-Jean
63 Chelsea
63 Courtenay
63 Kristyn
67 Linette
59 Lisbeth
56 Robina
57 Vita
Started!
100 Betsey
92 Brandy
99 Cathrine
100 Dorice
90 Florinda
96 Genni
96 Kathe
91 Loretta
92 Rhodia
Started!
45 Amandie
55 Arleyne
57 Christye
45 Janaye
49 Leesa
39 Oneida
49 Prissie
49 Shaina
42 Venus
Started!
18 Georgette
3 Glynda
4 Gusty
11 Karita
1 Kass
8 Leshia
15 Mala
9 Marta
2 Minetta
Started!
40 Aleda
41 Alina
38 Anabel
27 Berny
24 Bonny
32 Francene
24 Lita
32 Nona
41 Shirley
Started!
78 Annabelle
64 Cass
68 Dyanna
66 Kym
69 Lindi
76 Odelia
58 Pier
71 Rici
64 Wendie
Started!
73 Cyndy
72 Jillie
84 Julee
72 Marie-Jeanne
73 Meris
81 Ronalda
87 Sarette
74 Suzy
89 Tricia
Started!
49 Alisha
42 Colene
45 Emogene
47 Fern
51 Jsandye
52 Malena
45 Miriam
43 Quinn
44 Roanne
Started!
54 Caren
55 Denys
57 Emmye
60 Frances
61 Gennifer
63 Katrinka
61 Leonora
58 Manda
64 Shannen
Started!
91 Aloysia
96 Cornelle
100 Fredi
93 Ginevra
98 Kacie
100 Karrah
91 Kitty
95 Leanor
97 Leyla
Started!
3 Alena
12 Amity
4 Angelia
3 Cammi
7 Charmion
2 Devondra
8 Karlotta
10 Luelle
3 Roxie
Started!
63 Caritta
70 Flora
78 Frank
69 Kalie
63 Karlee
61 Marcie
70 Rebeca
64 Shirleen
59 Tonie
Started!
30 Caryl
26 Dolley
23 Gabbey
27 Gail
20 Ida
17 Morganica
18 Theressa
19 Wileen
27 Zorine
Started!
42 Genvieve
53 Gerianne
50 Hynda
48 Lenee
42 Liva
50 Lois
40 Millie
56 Ninetta
58 Pen
Started!
11 Aeriela
20 Aime
12 Dawna
14 Gerta
11 Glenine
16 Isidora
17 Josephina
20 Leeanne
16 Lib
Started!
1 Berget
4 Gerda
1 Jennette
3 Lolita
7 Lorette
3 Margalit
5 Martina
2 Maryl
12 Michelle
Started!
84 Fleurette
89 Janie
90 Kikelia
87 Lucina
75 Mariska
82 Mathilde
86 Norry
77 Rorie
79 Sally
Started!
48 Adeline
52 Anastasia
45 Else
45 Estella
50 Feliza
52 Florencia
55 Pippy
60 Rachelle
59 Tawsha
Started!
30 Aubrey
30 Barbette
34 Brandais
36 Fidelity
28 Frederica
33 Genevra
32 Juliette
31 Kerrin
29 Zitella
Started!
65 Fanny
63 Gilemette
71 Gretta
63 Linnea
66 Lorrayne
65 Marissa
68 Pauline
63 Shalna
66 Tresa
Waiting!
97 Adela
95 Celle
94 Channa
93 Flor
96 Gracia
99 Lesley
Started!
36 Allina
37 Andy
39 Betti
35 Britt
39 Henrietta
40 Ianthe
46 Koralle
37 Nikaniki
27 Stoddard
Waiting!
50 Faustina
48 Fawnia
58 Latrena
56 Lizbeth
Waiting!
18 Caria
12 Gwendolen
21 Lynn
22 Pauli
Waiting!
7 Alverta
3 Valery
2 Vinny
Waiting!
86 Abigael
