Started!
51 Bernie
46 Chad
50 Danielle
50 Darleen
53 Linnet
58 Madelyn
49 Marcela
48 Mariquilla
52 Roxana
60 Samaria
Started!
31 Catherina
22 Cecilia
25 Celle
27 Gavra
29 Glenna
35 Kimberlee
37 Margy
25 Marylynne
28 Natasha
25 Odetta
Started!
92 Alvinia
94 Arleta
86 Eleanore
99 Elly
97 Flossie
87 Janith
90 Katinka
100 Mattie
87 Nada
84 Rhonda
Started!
2 Chrissy
14 Cissiee
8 Dodie
4 Johnna
13 Kipp
5 Maia
2 Ondrea
10 Risa
4 Sherie
13 Willie
Started!
63 Brandais
71 Cordie
63 Daune
74 Eleen
63 Ingeberg
66 Jilly
62 Josefina
79 Maggee
71 Nancy
64 Yoshi
Started!
77 Ailina
79 Anna-Diana
79 Arden
82 Audi
77 Esme
77 Gayleen
83 Jolynn
87 Kath
90 Morissa
81 Nanine
Started!
35 Ardelis
33 Briney
39 Cacilia
37 Ddene
35 Florri
39 Giustina
41 Jenica
29 Jessamine
35 Louisa
30 Madeleine
Started!
17 Avivah
19 Bree
27 Buffy
22 Charissa
16 Clarie
18 Gilberta
20 Gretal
18 Karissa
24 Megan
24 Terri
Started!
98 Alexandra
90 Becki
100 Caryl
100 Feodora
96 Lani
99 Sharline
92 Terry
94 Tresa
91 Tuesday
93 Vania
Started!
59 Glynda
76 Joan
69 Kinna
65 Lonee
59 Maressa
66 Maxi
68 Nyssa
69 Roanna
76 Sarene
77 Shirlee
Started!
11 Dael
10 Edithe
3 Harriet
12 Joby
5 Mabel
15 Marla
11 Marlena
12 Moina
11 Othella
14 Rosita
Started!
29 Becka
28 Doe
25 Hali
26 Hyacinthe
38 Joellyn
36 Kristine
34 Lotta
44 Priscilla
30 Ros
39 Valentine
Waiting!
49 Adina
58 Anselma
49 Elwira
52 Filide
50 Greta
42 Ivett
44 Jacquelyn
46 Lexine
40 Lorena
Waiting!
95 Bobinette
89 Enid
Waiting!
24 Ethyl
19 Giovanna
28 Johnette
23 Luelle
14 Maisie
16 Trudy
9 Tyne
9 Zorina
Waiting!
31 Ann-Marie
32 Brietta
32 Em
35 Erika
34 Ethelda
32 Halie
34 Katherine
30 Minne
33 Yasmin
Waiting!
74 Bernette
73 Carri
76 Coriss
70 Eugenie
78 Jemie
78 Maxy
68 Nona
Waiting!
64 Britteny
Waiting!
4 Twila
