Waiting!
26 Alena
37 Amity
20 Anabella
27 Ashla
27 Cassandry
23 Hanna
20 Lucine
28 Luisa
18 Maribelle
23 Moyra
32 Netty
34 Portia
30 Valentine
Waiting!
15 Amy
14 Antonina
14 Florinda
11 Flossy
3 Illa
12 Jenica
16 Kessia
15 Lacey
17 Larisa
12 Magdalen
5 Othella
11 Ruthe
Waiting!
81 Aime
75 Chryste
87 Dayna
80 Debra
85 Florry
87 Glori
90 Katharine
81 Lin
83 Nert
81 Rheba
83 Sheryl
87 Wilmette
91 Winnah
Waiting!
71 Almire
69 Ann-Marie
70 Ariel
71 Glyn
67 Goldarina
64 Lilly
66 Marin
61 Mercedes
Waiting!
99 Bernadene
97 Ermengarde
98 Farra
97 Kial
97 Lela
100 Lenee
100 Robinet
Waiting!
47 Abbi
51 Adriane
45 Audy
43 Carin
49 Christine
47 Eda
41 Eleen
57 Elsi
45 Kessiah
39 Kimbra
41 Muffin
52 Myrle
45 Willy
