Waiting!
96 Amalia
85 Annadiana
84 Charlotta
87 Darleen
85 Dorita
91 Engracia
92 Erena
97 Iona
93 Karalynn
84 Marty
91 Rennie
89 Rosy
82 Suzanne
86 Verile
79 Willetta
91 Winnifred
Waiting!
25 Agatha
31 Augustine
41 Carena
31 Gavrielle
37 Grethel
29 Gwenny
25 Nelly
27 Tallie
33 Yvette
Waiting!
1 Donelle
10 Enriqueta
7 Harmony
1 Kacy
11 Karin
11 Mirabella
7 Mommy
Waiting!
55 Allison
42 Allyn
49 Andeee
47 Belita
57 Cordula
48 Coriss
49 Ethelin
53 Evangelia
51 Gabriella
49 Ida
46 Jessika
48 Nannie
59 Patty
58 Scarlett
50 Shannon
49 Talyah
Waiting!
60 Alissa
60 Amata
71 Anna-Diana
66 Brier
67 Carlina
69 Celle
73 Etheline
75 Garnette
64 Louise
60 Reine
72 Wendye
Waiting!
14 Alfy
14 Gianina
14 Grace
12 Joanna
15 Nerissa
19 Nicolette
Waiting!
100 Selena
98 Vida
