Started!
62 Bernelle
56 Cayla
64 Clary
71 Elfrieda
62 Minne
68 Norine
58 Risa
60 Rowe
54 Selina
54 Sheeree
70 Xylina
Started!
49 Annissa
37 Arlene
38 Caroline
46 Dore
40 Dorie
41 Eulalie
51 Hayley
40 Kelly
52 Oralie
39 Rona
52 Rosabelle
Started!
97 Aimil
96 Chandra
95 Gilbertina
83 Harmonia
78 Jemmy
96 Lura
88 Minetta
79 Moira
88 Mollie
78 Shauna
95 Steffi
Started!
22 Allie
21 Babb
26 Bobbe
31 Cassey
29 Misti
23 Phoebe
22 Prissie
17 Reta
25 Rosamond
32 Sigrid
32 Winne
Started!
6 Abigael
12 Carly
5 Dulcea
3 Emmye
9 Fanchette
4 Juditha
2 Leonanie
4 Lexis
1 Shannah
7 Starlene
5 Stoddard
Waiting!
50 Carlene
41 Dori
44 Francine
46 Ursulina
Waiting!
34 Kali
28 Lyndsie
33 Seline
Waiting!
80 Florida
72 Leah
Waiting!
19 Olivette
