Waiting!
23 Adina
9 Chelsea
20 Dyanna
14 Fanechka
21 Julissa
19 Nada
17 Randene
21 Tamarra
25 Tomasina
Waiting!
55 Adella
43 Annadiana
54 Arlene
61 Brittan
46 Christin
53 Cinda
52 Dana
59 Demetria
61 Jen
50 Jenelle
47 Joyce
43 Juli
51 Kirstyn
48 Madelon
53 Margaux
59 Petunia
58 Rey
51 Terrie
47 Xena
Waiting!
31 Annelise
38 Barbra
33 Belia
39 Carolynn
30 Cathleen
40 Linell
34 Mandi
35 Shir
30 Sibella
Waiting!
62 Brina
65 Bunny
63 Clovis
64 Dora
63 Dulcinea
64 Jo-Anne
72 Josi
72 Julianna
72 Maggy
72 Mattie
65 Mozelle
66 Shanda
62 Sheri
Waiting!
80 Alla
88 Bamby
86 Domeniga
77 Eleanore
92 Gertrude
78 Godiva
87 Hope
86 Jonis
77 Karine
85 Karlotta
90 Kim
81 Koren
80 Loella
92 Penelope
94 Rafa
91 Raynell
78 Retha
95 Shaylyn
Waiting!
6 Abbie
2 Laurice
Waiting!
74 Kassey
