Started!
9 Clareta
6 Clo
6 Daveta
10 Eunice
14 Fiann
11 Gates
15 Karleen
8 Leontyne
14 Theressa
Started!
28 Adriana
30 Doralin
34 Emmey
31 Grethel
38 Kellyann
26 Laurel
38 Lissi
29 Minetta
31 Salomi
Started!
59 Bernette
61 Calida
62 Charis
56 Demetris
63 Fern
63 Murial
70 Priscilla
67 Stephenie
54 Willetta
Started!
92 Brandise
95 Donetta
99 Lyda
95 Lynnette
87 Orelle
88 Ramona
93 Ruthanne
87 Saraann
90 Shane
Started!
55 Carolina
54 Clerissa
42 Koralle
52 Kristina
46 Margarita
50 Melita
52 Page
42 Rhona
54 Shelley
Started!
85 Adel
73 Celene
78 Cosetta
82 Ellynn
83 Inger
78 Jacquenetta
83 Mahalia
76 Sheri
86 Torey
Started!
21 Angelica
15 Carolynn
20 Charlene
22 Christal
18 Dyna
21 Elayne
19 Joyan
17 Lynde
13 Mariam
Started!
60 Alejandrina
67 Claudetta
70 Daffi
61 Elisha
75 Loralee
62 Marcela
72 Meaghan
63 Roseann
67 Trudi
Started!
12 Allina
5 Cathrine
3 Jillene
5 Katlin
3 Lonnie
9 Mellisa
1 Randi
9 Rhetta
1 Rosalinda
Started!
46 Arliene
35 Brigid
47 Dallas
34 Elbertina
38 Madella
48 Nikoletta
37 Othelia
34 Peri
35 Valerie
Started!
50 Biddy
60 Dreddy
56 Hannie
53 Lanny
50 Melinde
50 Ofilia
47 Papagena
48 Seline
46 Van
Started!
94 Ardra
89 Brigida
95 Caye
96 Gaynor
94 Hally
85 Lindie
95 Nadya
95 Rubie
96 Tisha
Started!
76 Abbie
81 Bonni
86 Catherine
76 Giana
77 Ilysa
93 Iormina
84 Louisette
82 Mariann
90 Mavis
Started!
26 Janeen
27 Krystyna
27 Maddie
27 Maggi
25 Matti
35 Myrna
26 Nollie
30 Norina
28 Reeba
Started!
67 Alvinia
67 Bibi
77 Cristie
78 Estrella
68 Felipa
76 Guenevere
63 Ivonne
62 Meghann
67 Stevana
Started!
40 Adriaens
49 Caritta
47 Cicily
37 Elly
53 Franny
45 Lyndsey
45 Mignon
38 Sher
47 Valry
Started!
90 Cherrita
100 Cora
98 Libbi
96 Lita
90 Merle
88 Ortensia
89 Rita
96 Willamina
96 Zelma
Started!
81 Bell
88 Bonnie
84 Cordelia
79 Gloriana
94 Karel
84 Kerrie
77 Maddi
88 Nata
81 Rheba
Started!
10 Anthiathia
12 Auberta
18 Cass
13 Daphna
19 Hyacinthe
8 Jaymee
19 Lynsey
10 Minni
10 Sibyl
Started!
57 Amelita
54 Ariana
67 Belinda
65 Jemima
56 Kellsie
49 Kerianne
60 Leda
57 Lorry
65 Ninon
Started!
43 Aimee
40 Antonina
35 Carlita
44 Carmita
32 Chlo
36 Daile
41 Ellette
46 Kimberly
41 Susan
Started!
34 Bridget
27 Cara
28 Darell
28 Honoria
29 Jeane
19 Pamelina
25 Querida
26 Sherry
22 Winny
Started!
6 Adrianna
3 Aundrea
1 Donna
6 Jeniece
1 Kalinda
8 Petronille
5 Rani
9 Riki
5 Talia
Started!
96 Bobbette
88 Cary
97 Demetra
97 Elissa
89 Elladine
89 Klara
97 Legra
96 Lynn
97 Shawna
Started!
69 Ashil
66 Carilyn
71 Cyndy
64 Kathye
77 Larina
78 Lizzie
70 Lotti
72 Lyssa
66 Teddy
Waiting!
22 Christabel
16 Gaye
13 Irina
16 Laure
15 Lyndel
16 Tabatha
13 Tessa
Started!
38 Athene
51 Auroora
39 Bernardina
37 Daniela
37 Diana
44 Josey
42 Jyoti
50 Nell
41 Roxanne
Started!
91 Ameline
74 Bobbi
89 Elsi
76 Elvira
92 Hedvige
83 Kerrill
86 Patrizia
83 Romonda
90 Sharline
Started!
26 Avivah
24 Betteann
34 Friederike
28 Janelle
30 Kalila
28 Maudie
31 Olwen
24 Sarette
34 Sheryl
Waiting!
39 Andy
44 Bird
43 Irma
43 Julianna
35 Lea
44 Leora
40 Rodi
Started!
48 Alma
54 Elsinore
52 Erena
56 Fidelity
49 Gina
48 Louise
56 Maritsa
51 Patricia
53 Perle
Waiting!
64 Cassandre
62 Eliza
78 Ophelie
68 Sara-Ann
66 Suzette
64 Xenia
Waiting!
88 Donnamarie
89 Loleta
99 Melloney
94 Selie
97 Sibeal
Waiting!
81 Brittan
