Waiting!
5 Brear
9 Charissa
10 Cortney
2 Crystal
12 Robinetta
2 Stafani
1 Vicki
Waiting!
100 Kikelia
97 Maurita
97 Valina
Started!
33 Barrie
34 Danya
19 Glynda
20 Hannie
16 Jannelle
24 Kaila
33 Saudra
22 Sukey
Waiting!
79 Malvina
83 Natka
Waiting!
57 Carla
49 Ethyl
50 Jobey
52 Laurianne
40 Letta
45 Lilian
55 Martynne
Waiting!
68 Caroline
65 Conny
65 Hedda
70 Julianne
61 Rahel
70 Rebekah
70 Robenia
Waiting!
35 Cicely
36 Hanny
38 Joelynn
38 Justinn
36 Tilly
Waiting!
25 Peggie
25 Sarita
26 Sheila-Kathryn
Waiting!
14 Rafaelita
