Waiting!
18 Alexandra
33 Cornelle
31 Cthrine
27 Ernestine
21 Kakalina
28 Kandy
34 Rosalie
Waiting!
49 Cherin
62 Devora
55 Dusty
48 Elberta
56 Helga
58 Lilian
54 Lynnet
60 Melisande
56 Shina
57 Suzie
61 Tina
54 Ursulina
65 Wenonah
Waiting!
84 Anne-Marie
94 Ardelle
76 Concordia
83 Laurena
94 Mamie
85 Millicent
80 Sukey
93 Tansy
92 Zsa
Waiting!
5 Christye
2 Leanora
2 Roch
4 Shoshana
Waiting!
95 Carmelina
97 Livvy
Waiting!
44 Lanae
46 Lauree
41 Pippy
40 Rosana
46 Sadie
Waiting!
13 Biddy
15 Celeste
14 Kristal
16 Robinette
14 Sissie
