Started!
59 Aleece
75 Anna-Diana
64 Astrid
63 Brooks
67 Carmel
72 Codi
74 Crista
61 Dallas
73 Darcy
66 Dareen
75 Devi
62 Eddy
70 Elinor
59 Ginelle
71 Giulietta
70 Hetti
73 Melisande
76 Mercedes
74 Natalina
66 Penelope
68 Sherline
63 Verile
72 Ysabel
Started!
97 Becki
88 Benedikta
79 Blinny
85 Christine
81 Deana
95 Dody
84 Dosi
83 Easter
96 Ella
94 Flss
78 Gerhardine
96 Hannie
97 Jolie
95 Kassey
91 Katha
81 Lorne
87 Melamie
85 Noemi
91 Pandora
98 Ruthe
82 Shirl
82 Tabitha
88 Yolane
Started!
13 Ailina
18 Ardyth
12 Cayla
5 Chrysler
12 Fara
4 Freida
6 Iona
17 Irene
6 Laural
13 Lea
13 Marketa
18 Minna
8 Miriam
8 Nara
23 Noelle
19 Orelee
7 Ramona
15 Rosalynd
4 Rozanne
6 Shirlene
19 Terese
19 Tersina
22 Vinni
Started!
46 Amil
56 Bernadette
45 Briny
51 Cassandry
55 Dulcia
46 Fredra
63 Gaynor
55 Goldy
48 Guinna
50 Hilde
50 Ianthe
48 Josee
54 Kayla
57 Kristina
51 Kyla
54 Lyndell
56 Marlene
48 Mozelle
48 Perry
58 Randi
51 Shauna
48 Tommi
49 Vivyanne
Started!
28 Alexandrina
39 Arlyne
24 Carolan
25 Channa
37 Charla
30 Claudie
31 Darcie
29 Darryl
28 Elayne
37 Elsbeth
24 Evangelia
37 Hynda
33 Kathi
31 Korrie
34 Letitia
39 Maggi
41 Myrta
31 Myrtle
35 Raeann
32 Roze
26 Sharl
24 Tabatha
35 Violet
Waiting!
100 Alexia
97 Blithe
93 Cynthy
95 Daria
100 Enriqueta
98 Goldia
98 Kesley
95 Neely
93 Patsy
Waiting!
44 Alidia
41 Arabela
42 Brooke
47 Chanda
43 Cherilynn
42 Debra
48 Dorie
43 Judye
40 Madeline
43 Marylynne
41 Peta
42 Ros
42 Shaylynn
46 Steffi
49 Vicki
Waiting!
2 Carol-Jean
2 Clemmy
4 Daisy
6 Felicdad
4 Jacquenetta
3 Paulette
2 Priscella
7 Rhetta
6 Rori
1 Tammy
7 Torrie
Waiting!
77 Abagael
70 Aleda
85 Alicia
78 Benetta
86 Clair
83 Kaitlin
81 Karlie
85 Kathe
76 Leela
76 Livy
87 Mallorie
82 Marley
84 Rosy
77 Whitney
Waiting!
15 Carita
18 Floris
17 George
25 Jeannette
15 Joelie
16 Jonie
16 Karil
17 Kimbra
15 Lexy
14 Lina
13 Liva
27 Mariana
27 Maxy
24 Tiffani
Waiting!
88 Wallie
Waiting!
58 Carmine
54 Conni
64 Kikelia
54 Lauree
60 Lilly
61 Nona
60 Sara-Ann
59 Shanta
