Started!
87 Arlana
75 Bobbe
77 Candy
75 Clarie
92 Corabel
85 Corny
93 Debera
77 Dodie
90 Elfreda
86 Ellissa
87 Enrica
76 Fayette
82 Genevieve
77 Gretchen
83 Jonie
92 Joyann
93 Kalina
86 Krissie
93 Lura
86 Mariam
84 Marie-Jeanne
86 Mavis
82 Mehetabel
92 Micky
90 Mindy
87 Nannie
84 Selene
79 Shaylynn
85 Virgina
Started!
70 Adelaida
63 Alex
58 Barb
76 Bonni
59 Bonnie
76 Cynthy
71 Dagmar
72 Denni
67 Dori
68 Eugenia
64 Evvy
71 Fredelia
56 Galina
62 Heidie
56 Maura
59 Michaella
68 Miguela
67 Miriam
66 Mora
68 Paule
62 Philis
63 Rebekah
58 Roby
62 Sheri
62 Tiffi
57 Ursala
69 Valentine
61 Wylma
63 Zsazsa
Waiting!
42 Agnella
50 Aloysia
38 Ammamaria
36 Blinni
48 Cathy
40 Danita
37 Denys
49 Deva
51 Eda
48 Ellie
49 Fern
50 Jannelle
50 Jeannette
48 Kathryn
32 Krissy
45 Mallissa
35 Marylin
32 Nicholle
35 Ranee
32 Romonda
38 Ryann
46 Seline
35 Sunshine
52 Tilda
34 Ursuline
46 Vallie
36 Zola
Started!
20 Anabella
21 Angy
18 Betsy
22 Bibbye
20 Chelsea
29 Deana
19 Elle
22 Fanny
16 Faunie
16 Gill
27 Gusta
26 Heda
22 Irene
27 Janenna
18 Joan
17 Julee
20 Kip
30 Koressa
30 Leandra
15 Lindi
17 Lynette
27 Mellicent
16 Nelli
22 Robbyn
19 Roxane
13 Roz
17 Teresa
12 Theadora
12 Tove
Waiting!
54 Alyssa
54 Blanche
55 Corine
57 Gertruda
54 Gwennie
64 Maggy
Waiting!
6 Berna
2 Brenn
7 Clarette
5 Cosette
10 Elfrieda
6 Hali
5 Joycelin
4 Kristi
13 Maren
1 Marsiella
9 Marti
1 Merline
6 Molly
2 Nessy
5 Nettie
6 Nicole
7 Raye
10 Rochell
9 Rowe
5 Saree
13 Simone
15 Sissie
8 Sophi
8 Stoddard
4 Tobey
2 Tova
6 Xenia
Waiting!
95 Alidia
99 Doroteya
100 Fancy
91 Giralda
100 Janie
94 Jessamine
100 Livia
99 Mala
90 Maribeth
100 Maybelle
99 Nancee
100 Nichole
96 Prisca
96 Regan
97 Sharlene
97 Wendeline
Waiting!
85 Alida
88 Anabel
82 Beth
85 Cally
83 Cammi
78 Carmita
77 Dorotea
88 Erin
80 Fiann
88 Georgena
79 Gus
87 Hadria
82 Juliana
80 Kaitlynn
75 Lavena
77 Lynna
83 Marja
81 Philly
72 Randy
85 Shir
Waiting!
16 Aura
30 Emmaline
31 Eyde
26 Gwendolin
18 Jaclyn
18 Marguerite
25 Roseanna
23 Selle
22 Sheelagh
27 Sylvia
29 Theodosia
24 Therese
