Started!
4 Beilul
Started!
49 Janella
Started!
61 Auberta
Started!
21 Sally
Started!
28 Kenna
Started!
25 Kirstin
Started!
61 Lani
Started!
49 Berti
Started!
82 Janie
Started!
45 Gray
Started!
66 Babs
Started!
91 Uta
Started!
13 Adriane
Started!
20 Rozella
Started!
62 Stefanie
Started!
66 Gunilla
Started!
36 Josi
Started!
77 Suzanna
Started!
61 Dorise
Started!
17 Rosette
Started!
29 Essa
Started!
21 Marlo
Started!
48 Elinor
Started!
8 Danice
Started!
41 Shannah
Started!
92 Deina
Started!
12 Ranna
Started!
7 Paulina
Started!
42 Florri
Started!
14 Farand
Started!
44 Lyda
Started!
36 Liz
Started!
68 Moina
Started!
25 Ariella
Started!
27 Drucie
Started!
2 Malinde
Started!
33 Britney
Started!
73 Bebe
Started!
3 Babbie
Started!
10 Ericha
Started!
82 Marin
Started!
64 Margeaux
Started!
69 Mallory
Started!
52 Della
Started!
65 Lesli
Started!
99 Debera
Started!
51 Ros
Started!
6 Daisey
Started!
57 Isa
Started!
43 Moyra
Started!
17 Norah
Started!
15 Dorelle
Started!
8 Tamera
Started!
81 Heath
Started!
95 Sharona
Started!
12 Shelli
Started!
49 Maryann
Started!
7 Cathee
Started!
16 Orly
Started!
9 Lethia
Started!
98 Ethyl
Started!
100 Maridel
Started!
42 Aime
Started!
70 Dasi
Started!
72 Clemmie
Started!
97 Madalyn
Started!
15 Jorrie
Started!
42 Kelsy
Started!
49 Guillema
Started!
69 Genovera
Started!
53 Kiri
Started!
57 Gwenny
Started!
53 Addia
Started!
41 Vicky
Started!
89 Janith
Started!
85 Felicity
Started!
54 Alta
Started!
75 Bernardine
Started!
18 Sue
Started!
43 Leanor
Started!
76 Leela
Started!
54 Ellene
Started!
83 Zabrina
Started!
75 Pearla
Started!
46 Deeann
Started!
65 Miguela
Started!
40 Charyl
Started!
69 Catherina
Started!
31 Dahlia
Started!
68 Eadith
Started!
45 Teressa
Started!
54 Claudia
Started!
5 Alexis
Started!
93 Enid
Started!
48 Rozelle
Started!
14 Licha
Started!
26 Trixy
Started!
68 Carlene
Started!
7 Adorne
Started!
92 Em
Started!
19 Winny
Started!
29 Demetris
Started!
92 Vale
Started!
52 Max
Started!
42 Marji
Started!
89 Cherilynn
Started!
54 Clarabelle
Started!
40 Benni
Started!
55 Julietta
Started!
81 Nanete
Started!
77 Flossie
Started!
31 Rose
Started!
25 Celinka
Started!
100 Madelena
Started!
86 Sioux
Started!
13 Shani
Started!
81 Joell
Started!
89 Tammie
Started!
54 Chickie
Started!
6 Katey
Started!
50 Joly
Started!
91 Dorothee
Started!
50 Rafa
Started!
4 Judith
Started!
57 Revkah
Started!
100 Vonni
Started!
58 Donnamarie
Started!
24 Ruth
Started!
99 Querida
Started!
25 Rycca
Started!
16 Sibylle
Started!
73 Torie
Started!
76 Lezlie
Started!
20 Orelia
Started!
75 Jemimah
Started!
31 Nanine
Started!
43 Lenore
Started!
40 Michal
Started!
6 Sadella
Started!
67 Maryellen
Started!
31 Johannah
Started!
3 Lucinda
Started!
69 Clerissa
Started!
52 Bobbee
Started!
19 Joannes
Started!
86 Kissie
Started!
13 Corny
Started!
62 Georgeanne
Started!
36 Deva
Started!
34 Emalee
Started!
5 Hayley
Started!
69 Nellie
Started!
34 Bambie
Started!
53 Miof
Started!
68 Michell
Started!
33 Corilla
Started!
25 Sophey
Started!
8 Pegeen
Started!
56 Bianka
Started!
97 Clementine
Started!
48 Adiana
Started!
28 Rianon
Started!
30 Fran
Started!
93 Yoko
Started!
15 Frieda
Started!
14 Eugine
Started!
54 Marline
Started!
23 Aleen
Started!
7 Lorita
Started!
66 Shelbi
Started!
18 Nancee
Started!
60 Kat
Started!
86 Alyson
Started!
65 Anneliese
Started!
62 Meris
Started!
73 Ophelia
Started!
42 Lorena
Started!
80 Constance
Started!
14 Karlee
Started!
37 Avrit
Started!
48 Keelia
Started!
58 Ceil
Started!
45 Reyna
Started!
12 Crista
Started!
41 Philippa
Started!
81 Helyn
Started!
93 Magdaia
Started!
22 Madella
Started!
66 Catlin
Started!
33 Donna
Started!
79 Deedee
Started!
90 Gayle
Started!
66 Hermione
Started!
22 Enrica
Started!
64 Kelcy
Started!
78 Terri
Started!
80 Allis
Started!
69 Bernadine
Started!
31 Nicolle
Started!
7 Sissy
Started!
76 Norean
Started!
24 Kathryne
Started!
33 Papagena
Started!
23 Lynnet
Started!
38 Dolly
Started!
45 Colleen
Started!
87 Augustina
Started!
29 Rebeca
Started!
67 Etheline
Started!
93 Florinda
Started!
20 Cybil
Started!
39 Melesa
Started!
24 Charlotta
Started!
46 Hatty
Started!
18 Margaux
Started!
7 Marjie
Started!
59 Dayle
Started!
59 Leone
Started!
85 Betsey
Started!
96 Cathe
Started!
57 Ira
Started!
95 Holli
Started!
16 Ellynn
Started!
69 Jessalin
Started!
64 Elenore
Started!
84 Dinnie
Started!
52 Jeanne
Started!
32 Crissy
Started!
87 Pat
Started!
35 Rosabella
Started!
31 Marketa
Started!
86 Opal
Started!
37 Margot
Started!
30 Pen
Started!
33 Marj
Started!
61 Cosetta
Started!
18 Elizabeth
Started!
6 Carrissa
Started!
94 Haleigh
Started!
30 Fionnula
Started!
93 Reeba
Started!
81 Jessica
Started!
91 Thekla
Started!
74 Jerrine
Started!
25 Fawn
Started!
73 Tilda
Started!
4 Kylila
Started!
86 Josey
Started!
23 Renell
Started!
59 Alina
Started!
94 Oona
Started!
70 Britteny
Started!
62 Violante
Started!
18 Lory
Started!
22 Emmalyn
Started!
72 Yolanda
Started!
69 Joby
Started!
84 Doroteya
Started!
51 Cele
Started!
27 Hermina
Started!
65 Bettina
Started!
88 Shelagh
Started!
3 Kirbee
Started!
86 Hanny
Started!
11 Nelia
Started!
57 Teena
Started!
28 Irina
Started!
99 Caron
Started!
91 Chloe
Started!
63 Daile
Started!
32 Dyanna
Started!
95 Annabel
Started!
6 Juline
Started!
75 Tabina
Started!
92 Bianca
Started!
6 Theadora
Started!
63 Doreen
Started!
100 Anitra
Started!
78 Binnie
Started!
6 Leesa
Started!
66 Delcine
Started!
6 Seka
Started!
19 Ebony
Started!
38 Denny
Started!
14 Marysa
Started!
55 Brear
Started!
69 Brandea
Started!
10 Delila
Started!
52 Frayda
Started!
75 Philippe
Started!
79 Nedi
Started!
10 Benetta
Started!
22 Jami
