Started!
24 Avril
32 Christel
27 Eugenia
26 Kaia
35 Mersey
34 Michelle
27 Milli
37 Pet
Started!
85 Adrian
84 Constanta
83 Fredrika
85 Gillie
95 Janela
80 Kara
93 Penelope
89 Rosabel
Started!
6 Aurlie
7 Carina
4 Janenna
1 Jeanne
10 Juanita
6 Kalina
15 Raquel
2 Stesha
Started!
47 Ardine
58 Christyna
66 Delia
56 Kakalina
50 Marrilee
60 Milicent
61 Rebekah
55 Rene
Started!
42 Bennie
38 Blisse
33 Florrie
45 Grayce
34 Halli
31 Minni
33 Reggi
40 Zandra
Started!
71 Abigale
67 Annetta
71 Ceciley
76 Christan
70 Daphna
69 Elfrieda
64 Ivette
80 Zorana
Waiting!
100 Ashil
96 Fernanda
91 Honoria
100 Janelle
97 Jeri
Waiting!
18 Adey
28 Elbertine
19 Koral
22 Lindi
21 Raeann
23 Thia
Waiting!
53 Claretta
52 Etty
44 Lorain
43 Nissa
Waiting!
7 Faina
2 Sydney
Waiting!
80 Christabel
72 Mariette
72 Marney
Waiting!
67 Annamarie
Waiting!
40 Ceil
