Started!
87 Alicia
93 Allis
99 Bette-Ann
84 Catlin
95 Charity
93 Chrissie
89 Eleni
89 Eunice
83 Fredericka
89 Gwennie
100 Hayley
92 Heather
90 Jemima
80 Kendra
81 Kimberlee
93 Kirsti
90 Leda
82 Lexis
98 Marlyn
94 Seana
91 Staci
87 Tabatha
99 Talia
90 Viviene
Started!
29 Adora
23 Ansley
20 Brittne
12 Christine
28 Cindee
27 Clo
19 Coretta
18 Delly
20 Dori
16 Drucie
14 Ethelyn
18 Etti
21 Jobey
31 Joey
30 Karisa
13 Kirsteni
22 Lebbie
13 Lilias
15 Maudie
31 Noell
20 Paola
17 Petronille
15 Reeba
15 Zara
Started!
69 Aloysia
58 Camellia
56 Christal
62 Cornie
54 Denys
58 Dorita
59 Dyane
62 Eda
55 Genny
58 Gerda
55 Gianina
64 Gretna
70 Gwenora
61 Issy
68 Jessika
66 Masha
60 Michelina
62 Minny
63 Othilie
70 Paulette
61 Sabina
69 Tiphanie
66 Tybie
72 Wendie
Started!
39 Amanda
55 Bert
49 Daisey
51 Devora
40 Ediva
43 Emelina
49 Hedda
50 Hendrika
49 Henrieta
41 Karia
41 Karolina
48 Laina
44 Lida
50 Marcia
40 Marcie
40 Maryanna
56 Norine
50 Odele
40 Phedra
48 Sapphire
39 Saudra
38 Sibella
50 Susana
47 Teressa
Started!
7 Bendite
4 Birgitta
11 Caroline
1 Chris
1 Dani
4 Deni
2 Fania
4 Gabriell
3 Gerrie
9 Harmonie
8 Honey
10 Jobyna
7 Kathrine
2 Kimberly
1 Lacee
8 Laverna
2 Marley
11 Mireille
4 Rhiamon
7 Rois
8 Shel
5 Shir
8 Vale
1 Valera
Started!
75 Ainslee
74 Ashleigh
76 Bambie
84 Beatrice
77 Bree
66 Charyl
69 Dayna
66 Dollie
79 Dottie
65 Edi
72 Flory
75 Gretchen
79 Jennette
69 June
69 Kala
66 Karmen
72 Laure
64 Mandy
74 Martina
70 Raquela
78 Roze
78 Selestina
76 Teena
70 Tiffi
Started!
40 Avis
35 Bette
38 Bettye
41 Cele
36 Cinda
36 Corrianne
29 Daphene
40 Dolli
35 Donica
45 Dorotea
37 Ebony
41 Farah
32 Farrand
45 Gray
31 Hana
33 Hinda
34 Karena
35 Lea
41 Lizette
42 Merle
37 Shane
39 Tedda
33 Tessa
29 Valery
Started!
63 Allegra
63 Bernadina
72 Betsey
66 Carlee
62 Darbie
66 Delora
62 Dorree
72 Dre
62 Ellette
65 Fiorenze
56 Fran
54 Gert
66 Katharine
62 Kelli
66 Lizzie
65 Marta
68 Norri
65 Ronna
67 Ruthie
67 Saundra
59 Shawn
52 Tallulah
59 Tammi
53 Wally
Started!
79 Adelaide
94 Adeline
83 Anne-Corinne
95 Bernadine
79 Dacie
82 Dania
90 Dynah
97 Edwina
99 Eliza
86 Ellie
95 Goldy
92 Halli
96 Hermina
91 Juanita
92 Kip
89 Lonna
84 Lynde
80 Maridel
92 Marthena
91 Matty
99 Micki
89 Patty
84 Philly
95 Sapphira
Waiting!
22 Anatola
16 Atlanta
17 Belia
20 Carin
18 Christy
21 Darci
15 Dido
17 Honoria
19 Issi
18 Klara
15 Lina
24 Loree
24 Maggee
14 Marie-Ann
21 Melania
24 Nancey
20 Pearline
Waiting!
47 Becky
51 Courtnay
55 Irene
50 Janel
47 Kelsi
50 Lexie
46 Maribelle
59 Mariellen
52 Nicolle
50 Rhianon
49 Yelena
Waiting!
2 Amalia
8 Jillene
3 Paule
11 Valina
2 Yvette
Waiting!
73 Bambi
74 Berry
75 Chere
78 Jilli
75 Lauraine
77 Marya
73 Wanids
Waiting!
13 Theadora
Waiting!
35 Bev
35 Thomasa
Waiting!
93 Bryana
89 Faythe
90 Linnea
Waiting!
64 Barbaraanne
