Started!
28 Amanda
30 Carlynn
16 Donella
26 Fernanda
29 Fiorenze
16 Florella
14 Florie
27 Jehanna
22 Joellyn
33 Kaleena
20 Karisa
22 Lanie
28 Lorelei
22 Lynnet
19 Martita
26 Maryl
19 Melisandra
32 Merrile
22 Morissa
29 Nanon
24 Rhonda
24 Ronda
30 Stefanie
31 Stephi
33 Tallou
19 Trista
Started!
76 Antonella
78 Bendite
88 Cecelia
89 Charlot
77 Dacey
84 Danit
86 Faustina
86 Gypsy
92 Hermione
92 Imelda
74 Jaymee
77 Madeline
77 Marthena
79 Michaela
83 Mireielle
83 Nerty
89 Nickie
91 Noella
92 Odetta
78 Prissie
75 Robinett
80 Rosmunda
88 Sibylla
80 Tatiania
79 Torie
77 Vilhelmina
Started!
84 Aimee
99 Alli
93 Barbe
87 Barby
86 Chiarra
97 Daffie
95 Drusy
98 Dulce
86 Erika
94 Ettie
97 Eveleen
100 Giselle
96 Karlotte
86 Lisabeth
99 Lonnie
94 Luciana
94 Nicolea
93 Pattie
99 Peggi
98 Reeta
85 Robbyn
85 Roda
96 Ruthie
96 Siana
98 Tiffy
91 Xylia
Started!
13 Alexi
3 Amargo
10 Avis
9 Bernadine
10 Caren
11 Charissa
17 Cicily
2 Claudia
1 Corene
20 Eran
12 Erminia
9 Fina
12 Geraldine
13 Hedvig
7 Karissa
2 Katherina
6 Leah
12 Lorena
2 Marcille
11 Marthe
17 Noelyn
13 Phelia
7 Shandie
13 Sydelle
10 Verna
15 Wendy
Started!
52 Angelica
41 Aurora
51 Caria
46 Casey
53 Cassie
56 Celisse
41 Corey
55 Darcee
45 Elga
36 Evaleen
50 Gayla
44 Ginnifer
56 Irina
38 Jonis
46 Kerri
56 Lainey
41 Lezlie
46 Loella
37 Madelon
48 Margaux
47 Merrily
39 Miran
54 Raychel
39 Reyna
44 Sonnie
45 Tova
Started!
62 Brana
67 Buffy
60 Camellia
60 Corabella
53 Etheline
69 Genna
65 Gus
62 Inez
59 Janaye
61 Johna
60 Johnette
58 Julieta
70 Kaylil
58 Marchelle
67 Margit
63 Melisse
61 Meridel
61 Mirabella
69 Mirna
70 Renae
65 Sarina
64 Tamara
52 Terry
58 Tiphanie
55 Wallis
56 Wenona
Started!
26 Adena
36 Amy
31 Aura
28 Bonnie
25 Casi
42 Corrina
26 Dari
28 Galina
33 Harriette
29 Jamie
27 Jerrie
41 Joanna
28 Juli
29 Kelcey
34 Leigh
36 Lilia
38 Mechelle
35 Merle
38 Nessi
40 Perla
35 Roxie
41 Sandi
31 Sascha
45 Tillie
34 Vallie
45 Vania
Started!
82 Alicia
69 Amalea
82 Annis
66 Brigida
71 Cal
68 Cara
65 Collette
62 Eada
76 Ginelle
69 Glad
64 Hedy
65 Judith
66 Julia
65 Karita
80 Lavina
78 Leoline
76 Loretta
66 Lulu
73 Lyndell
74 Madlen
72 Marybelle
63 Nannette
62 Nicolle
73 Revkah
75 Vivien
75 Zabrina
Waiting!
21 Abra
22 Ana
13 Annnora
22 Barrie
23 Blondell
31 Consuela
16 Cordy
32 Guenna
24 Happy
22 Krystalle
23 Lindsy
18 Malory
24 Maxi
13 Thia
16 Tyne
Waiting!
40 Alethea
48 Alfreda
54 Charlotte
46 Chrysler
46 Dawn
49 Deana
55 Joyann
51 Latrina
46 Marcy
48 Marrissa
57 Nikkie
50 Olympie
56 Pippy
50 Rana
46 Reine
55 Rhianna
47 Robinette
47 Rorie
54 Sher
49 Tess
47 Zulema
Waiting!
59 Annadiane
62 Gail
68 Guendolen
67 Kelsi
62 Madelene
62 Rebe
64 Sadella
67 Vere
65 Winonah
Waiting!
6 Arleen
7 Blondelle
5 Elaine
1 Naomi
3 Sara-Ann
6 Sybille
9 Vi
Waiting!
83 Ester
81 Hallie
71 Helga
76 Lita
72 Marcelle
83 Marissa
72 Noelle
73 Rubi
79 Umeko
Waiting!
93 Carlie
97 Drucill
86 Joleen
88 Lira
87 Lucinda
93 Maureen
100 Salli
