Waiting!
12 Abigale
16 Angelica
10 Arabella
8 Bertina
5 Catarina
10 Christiana
13 Fiorenze
8 Lissie
6 Lotti
17 Lynn
18 Pearle
21 Shani
13 Shirlene
6 Teresita
8 Tiffy
12 Viola
Waiting!
63 Alayne
54 Berte
55 Bonnee
45 Donna
57 Ethelind
49 Jilly
55 Kyle
47 Madelena
45 Madeline
53 Marchelle
46 Melisandra
48 Michaela
46 Raychel
55 Scarlet
61 Sib
Waiting!
92 Andi
96 Antonella
92 Bev
98 Cathie
96 Catlin
95 Della
93 Jacquelynn
98 Jillene
94 Koo
93 Merrile
94 Raina
95 Sarina
96 Stormi
99 Tamara
97 Tatiania
Waiting!
28 Corella
27 Ellynn
31 Ertha
27 Hetti
32 Lib
23 Willyt
31 Ysabel
Waiting!
41 Ariel
41 Cosetta
44 Florella
42 Karla
39 Laraine
42 Nell
Waiting!
68 Ashil
69 Aubrie
66 Bellanca
74 Beverley
66 Carlye
75 Cristina
68 Jewelle
70 Layla
74 Leona
70 Talyah
68 Wendy
Waiting!
85 Bendite
82 Cassey
81 Coraline
84 Darla
86 Mair
86 Meg
