Started!
68 Ameline
71 Brunhilde
74 Charyl
70 Colette
62 Deanne
72 Deny
71 Gussi
66 Heath
66 Kimmie
66 Lindie
80 Liz
81 Savina
66 Sonya
67 Sybila
Started!
84 Carma
86 Cherry
90 Chris
86 Crista
87 Daisi
87 Dallas
86 Dannie
87 Debra
84 Gerianna
94 Kassey
89 Marris
89 Maxie
89 Shea
83 Verine
Started!
28 Ashil
22 Blinni
21 Bryn
17 Chloris
25 Daffi
30 Flss
23 Jolie
29 Karen
32 Karon
19 Kirsti
27 Madelin
28 Mercedes
20 Rina
16 Ysabel
Started!
34 Aloisia
42 Anastassia
34 Annaliese
36 Berty
44 Colene
41 Emmye
35 Jilli
43 Johanna
37 Justinn
41 Letitia
44 Melisande
37 Tally
35 Tammy
34 Tana
Started!
98 Alexandra
100 Alexia
97 Bathsheba
99 Christyna
100 Chrysler
98 Clary
100 Fredi
99 Griselda
91 Katusha
93 Kendra
97 Merrielle
93 Micky
98 Norri
96 Sianna
Waiting!
3 Claudina
1 Dulcia
2 Dynah
9 Kiersten
3 Lorna
5 Molly
5 Natalina
9 Nicoline
2 Sherline
Started!
49 Abbi
58 Charlene
59 Dania
48 Devan
53 Evangelia
51 Junia
60 Kyla
58 Laural
56 Marika
53 Maurise
61 Raye
57 Rubina
54 Silvia
51 Yasmin
Waiting!
45 Fancy
46 Letisha
46 Olenka
56 Sande
56 Tory
Waiting!
59 Lynnelle
60 Zelma
Waiting!
23 Anjanette
Waiting!
97 Cayla
95 Katerine
Waiting!
70 Ardyce
