Started!
71 Adriena
76 Mary
Started!
41 Leshia
49 Viv
Started!
75 Florella
79 Lorain
Started!
51 Aurora
45 Jillane
Started!
8 Ethelind
5 Tilly
Started!
17 Bessie
27 Mariele
Started!
41 Hynda
50 Nevsa
Started!
3 Adi
12 Jessalyn
Started!
73 Gelya
70 Iolande
Started!
7 Inger
10 Lorrie
Started!
92 Cass
85 Vivia
Started!
22 Florrie
20 Nissie
Started!
66 Jacintha
62 Jerry
Started!
69 Gabriellia
74 Nikolia
Started!
55 Marisa
49 Sarena
Started!
89 Lucretia
86 Ula
Started!
11 Cyndi
3 Tonie
Started!
18 Carlynn
24 Celisse
Started!
54 Elly
52 Jasmin
Started!
40 Aurea
34 Darleen
Started!
80 Bertina
82 Lila
Started!
37 Donny
31 Jayme
Started!
12 Isidora
15 Pammi
Started!
77 Adrian
85 Randi
Started!
66 Elysee
64 Hillary
Started!
88 Olva
88 Sharon
Started!
15 Dasi
12 Jess
Started!
100 Dyanne
93 Madelene
Started!
58 Deina
53 Marybelle
Started!
25 Kali
23 Lane
Started!
47 Henrietta
52 Lilian
Started!
65 Billye
67 Clem
Started!
34 Emilia
33 Trudey
Started!
93 Carolyne
97 Danika
Started!
83 Aubree
74 Joelie
Started!
48 Alane
51 Bobine
Started!
23 Gertruda
13 Happy
Started!
26 Hertha
24 Jeanie
Started!
6 Sarine
1 Tiertza
Started!
70 Casi
79 Melodee
Started!
12 Kristyn
8 Lory
Started!
62 Carleen
58 Lyssa
Started!
38 Georgie
40 Haleigh
Started!
91 Donnamarie
94 Virginie
Started!
78 Bobbie
81 Deny
Started!
60 Jemimah
55 Olenka
Started!
80 Mag
84 Rae
Started!
56 Celestine
52 Terrye
Started!
35 Corrie
26 Meris
Started!
82 Maryrose
73 Pavia
Started!
6 Lind
5 Wilie
Started!
26 Mahala
17 Oralie
Started!
41 Augusta
36 Charlot
Started!
35 Carol
35 Willabella
Started!
83 Adrea
76 Hilary
Started!
33 Alida
30 Daisey
Started!
19 Ileane
21 Leonore
Started!
65 Denna
65 Xena
Started!
85 Berny
85 Bonnibelle
Started!
79 Marsha
73 Nikaniki
Started!
1 Jemie
6 Rodina
Started!
84 Coletta
84 Tuesday
Started!
57 Kristin
53 Rafaelia
Started!
94 Bekki
100 Miguela
Started!
70 Angele
68 Averyl
Waiting!
7 Philis
Started!
75 Adrianne
84 Henrieta
Started!
58 Alayne
48 Farrand
Started!
69 Jaclyn
75 Margie
