Started!
84 Harriet
83 Shandee
Started!
29 Bobbette
20 Sibel
Started!
55 Danita
52 Evy
Started!
64 Cherice
74 Damita
Started!
89 Calli
97 Jennette
Started!
42 Candice
41 Michelle
Started!
10 Eryn
16 Velma
Started!
3 Nikoletta
9 Sorcha
Started!
53 Gabriela
52 Patrizia
Started!
93 Fallon
98 Shae
Started!
75 Mandie
80 Pepita
Started!
79 Ernaline
80 Megen
Started!
55 Goldy
52 Wenona
Started!
67 Jeanna
73 Marylin
Started!
31 Gwendolen
36 Lucine
Started!
92 Fernanda
92 Kylen
Started!
44 Kathrine
49 Suzi
Started!
49 Jeanne
51 Roda
Started!
96 Anastasia
94 Ara
Started!
32 Josi
24 Nat
Started!
66 Erena
58 Imogene
Started!
22 Franni
13 Kameko
Started!
42 Berget
36 Gladi
Started!
8 Kara-Lynn
11 Shelia
Started!
85 Angelina
80 Simonne
Started!
26 Lori
35 Reeva
Started!
9 Sadie
11 Tybi
Started!
50 Dalenna
60 Denna
Started!
32 Estelle
24 Rozanne
Started!
35 Charis
44 Tilly
Started!
9 Jewel
15 Louella
Started!
39 Erinn
42 Millisent
Started!
100 Leona
99 Luisa
Started!
17 Bertha
27 Mariquilla
Started!
10 Druci
19 Jannelle
Started!
31 Marabel
38 Sibylla
Started!
71 Genna
75 Grier
Started!
33 Dolorita
24 Reggi
Started!
56 Kitty
62 Papagena
Started!
100 Flossie
99 Reggie
Started!
73 Dari
67 Florentia
Started!
10 Gretal
9 Johnette
Started!
38 Alanna
39 Ruthann
Started!
81 Ginevra
91 Lois
Started!
16 Ethelind
23 Philly
Started!
38 Adrianna
35 Norma
Started!
54 Cassaundra
62 Happy
Started!
42 Gertie
39 Lilia
Started!
1 Margie
5 Merrilee
Started!
38 Elane
44 Zarla
Started!
64 Alane
66 Vivian
Started!
83 Clary
86 Winifred
Started!
44 Liliane
42 Pavia
Started!
12 Sallie
8 Wren
Started!
67 Darcie
58 Donia
Started!
35 Carline
25 Catha
Started!
45 Kassandra
36 Kayla
Started!
83 Blake
73 Viva
Started!
98 Corene
89 Elke
Started!
77 Bernardina
72 Shir
Started!
65 Jolee
62 Verla
Started!
44 Barbara-Anne
34 Cristal
Started!
7 Caterina
2 Loraine
Started!
94 Jessie
93 Valentia
Started!
53 Allina
49 Bernardine
Started!
53 Amalle
51 Trudey
Started!
55 Ermengarde
50 Kelsi
Started!
98 Cammi
100 Teodora
Started!
62 Allison
53 Florella
Started!
20 Astrid
21 Tootsie
Started!
67 Anthe
57 Hynda
Started!
55 Dell
64 Jody
Started!
92 Shannah
100 Zahara
Started!
43 Fawnia
39 Nita
Started!
12 Keriann
2 Querida
Started!
64 Merline
64 Rodi
Started!
60 Chrissy
57 Kakalina
Started!
61 Amata
70 Verina
Started!
39 Dulciana
45 Valeria
Started!
100 Brittany
95 Devondra
Started!
17 Angil
27 Roxie
Started!
81 Arleyne
81 Wendye
Started!
57 Fancy
58 Jorrie
Started!
60 Gerrie
66 Rhodia
Started!
36 Candida
30 Willabella
Started!
17 Alli
12 Lanie
Started!
74 Alyss
64 Mellisent
Started!
80 Margeaux
82 Nike
Started!
71 Marillin
62 Savina
Started!
59 Briana
58 Isa
Waiting!
68 Freddy
Waiting!
9 Elsbeth
Waiting!
22 Julietta
Waiting!
83 Audi
Waiting!
43 Latrina
