Started!
28 Rosemarie
Started!
1 Teresa
Started!
85 Lynna
Started!
52 Rosemary
Started!
39 Katheryn
Started!
83 Rosemaria
Started!
5 Carlynne
Started!
85 Nydia
Started!
85 Vikky
Started!
29 Velma
Started!
30 Vilhelmina
Started!
34 Darice
Started!
15 Ronni
Started!
16 Daffi
Started!
34 Lynn
Started!
3 Malissia
Started!
84 Shae
Started!
54 Emelda
Started!
100 Cherilynn
Started!
33 Cherida
Started!
39 Stepha
Started!
73 Charlena
Started!
78 Ula
Started!
47 Jo-Anne
Started!
15 Wallie
Started!
40 Karrah
Started!
66 Gwynne
Started!
5 Phyllys
Started!
44 Gwendolen
Started!
60 Maxine
Started!
21 Jeanna
Started!
41 Alfy
Started!
39 Reine
Started!
22 Adrian
Started!
94 Josie
Started!
36 Yvette
Started!
71 Josi
Started!
23 Atlanta
Started!
24 Nat
Started!
8 Alia
Started!
62 Kameko
Started!
6 Kippy
Started!
17 Sarette
Started!
63 Gladi
Started!
1 Joceline
Started!
96 Querida
Started!
34 Casandra
Started!
54 Anastasia
Started!
27 Caria
Started!
11 Basia
Started!
38 Gayel
Started!
47 Chrystal
Started!
52 Etti
Started!
45 Nance
Started!
41 Tybi
Started!
67 Bobinette
Started!
19 Ardene
Started!
100 Jenny
Started!
1 Carlie
Started!
41 Imelda
Started!
24 Orelia
Started!
39 Toni
Started!
3 Millisent
Started!
16 Shannen
Started!
16 Bertha
Started!
100 Candi
Started!
4 Kayla
Started!
16 Lavinie
Started!
82 Audy
Started!
91 Ainslee
Started!
62 Daveen
Started!
3 Laetitia
Started!
58 Dorene
Started!
10 Mirella
Started!
22 Kerri
Started!
37 Adelle
Started!
94 Stormi
Started!
43 Edna
Started!
95 Lucky
Started!
3 Ludovika
Started!
98 Johnette
Started!
40 Evanne
Started!
84 Alanna
Started!
21 Cloris
Started!
81 Zena
Started!
3 Layla
Started!
83 Bonnibelle
Started!
84 Sheela
Started!
64 Norma
Started!
42 Gilemette
Started!
15 Fiona
Started!
96 Kinna
Started!
38 Adora
Started!
41 Merrilee
Started!
3 Wilmette
Started!
8 Tova
Started!
38 Alane
Started!
17 Hana
Started!
27 Penelopa
Started!
47 Lois
Started!
29 Vivian
Started!
6 Maude
Started!
65 Clary
Started!
42 Dierdre
Started!
45 Laural
Started!
13 Wren
Started!
41 Cilka
Started!
34 Marina
Started!
70 Shaun
Started!
38 Tuesday
Started!
43 Christan
Started!
38 Pammy
Started!
2 Blake
Started!
43 Eula
Started!
51 Vivyanne
Started!
2 Gabriela
Started!
59 Tanitansy
Started!
67 Bernardina
Started!
85 Carita
Started!
58 Meagan
Started!
54 Elaine
Started!
94 Stephenie
Started!
79 Shir
Started!
24 Katya
Started!
3 Lilias
Started!
22 Esmeralda
Started!
4 Darsie
Started!
51 Stephanie
Started!
33 Trudey
Started!
9 Alexandrina
Started!
78 Susanetta
Started!
45 Lynda
Started!
59 Betteanne
Started!
7 Hanna
Started!
63 Danni
Started!
14 Tootsie
Started!
79 Allison
Started!
48 Shanon
Started!
71 Darby
Started!
20 Marne
Started!
97 Nannette
Started!
17 Teodora
Started!
25 Tiffani
Started!
87 Hynda
Started!
25 Rory
Started!
71 Delcine
Started!
49 Tabbitha
Started!
63 Rosetta
Started!
30 Cariotta
Started!
80 Michal
Started!
31 Olive
Started!
64 Veronique
Started!
50 Chrissy
Started!
9 Jacquette
Started!
59 Julie
Started!
51 Sioux
Started!
91 Alisa
Started!
63 Kettie
Started!
17 Brigitta
Started!
33 Didi
Started!
25 Ede
Started!
93 Ginnie
Started!
51 Lianne
Started!
50 Chrystel
Started!
43 Jennie
Started!
92 Dacy
Started!
88 Cherish
Started!
58 Aura
Started!
19 Tabatha
Started!
66 Kerrie
Started!
75 Sandi
Started!
49 Augusta
Started!
52 Jeannette
Started!
39 Willabella
Started!
10 Charita
Started!
81 Phylys
Started!
46 Malorie
Started!
18 Leda
Started!
31 Noellyn
Started!
36 Lou
Started!
57 Freddy
Started!
6 Emalia
Started!
89 Yalonda
Started!
94 Ame
Started!
54 Carolina
Started!
83 Umeko
Started!
32 Andee
Started!
42 Lynea
Started!
19 Vera
Started!
2 Allina
Started!
49 Stacia
Started!
25 Tomasina
Started!
6 Lisetta
Started!
12 Melina
