Started!
52 Barbabra
63 Enrika
57 Kim
59 Latashia
60 Lora
50 Luelle
68 Yetta
Started!
85 Alla
72 Courtney
84 Ingaberg
89 Jeane
79 Jessika
84 Krista
69 Letta
Started!
22 Darleen
34 Grace
31 Jessalyn
36 Kitty
22 Sandie
28 Theodosia
38 Tonya
Started!
93 Brunhilde
91 Cornelle
90 Dorree
97 Dulcy
90 Sallee
94 Stephani
99 Tarra
Started!
53 Betty
49 Cosette
49 Elsey
48 Flor
43 Freddie
43 Laurie
48 Mariel
Started!
9 Aila
6 Angelica
4 Brianna
2 Brynne
1 Debora
4 Lesli
11 Sidonia
Started!
59 Chandal
70 Clarinda
56 Cyndia
66 Karoly
70 Marylinda
60 Mercy
60 Wandie
Started!
45 Ernaline
43 Karlie
48 Michel
48 Sorcha
57 Susette
55 Trista
44 Zsazsa
Started!
33 Estele
39 Karolina
37 Maggy
36 Othilie
32 Sarita
27 Talya
36 Terese
Started!
17 Catharina
23 Hynda
15 Ianthe
17 Jo-Anne
25 Lanae
14 Timothea
25 Veriee
Started!
75 Alanna
76 Caitrin
66 Cammy
80 Candy
73 Halette
67 Joellen
85 Sigrid
Started!
93 Audra
94 Dolorita
87 Georgianna
100 Lilli
88 Sheilah
89 Teddie
91 Vanni
Started!
64 Di
63 Elisabeth
64 Eula
58 Hendrika
56 Leela
60 Maxine
66 Trixy
Started!
53 Dalila
53 Jean
49 Kit
39 Kynthia
46 Liz
38 Martha
47 Rosabelle
Started!
4 Amabelle
7 Fran
11 Kaylil
8 Melloney
8 Sayre
2 Stefa
9 Stephana
Started!
37 Cammie
29 Georgette
35 Gerta
32 Gisela
27 Mair
23 Mattie
31 Pearline
Started!
22 Alvera
21 Caressa
20 Cora
19 Fleur
24 Jan
21 Nissy
16 Thalia
Started!
95 Alfi
92 Clarita
89 Joyce
100 Kiele
97 Maryanne
95 May
98 Winne
Started!
53 Kanya
49 Klarrisa
53 Myranda
60 Rochella
52 Sherry
44 Stephi
44 Yolanthe
Waiting!
80 Ambur
71 Dierdre
73 Felecia
85 Kira
78 Mariann
80 Pat
Waiting!
56 Genna
55 Jany
55 Marlena
65 Merci
69 Rani
64 Tatiania
Waiting!
52 Codi
50 Lorain
Waiting!
36 Chicky
38 Dahlia
Waiting!
8 Caron
2 Klara
