Started!
11 Anissa
14 Antonia
9 Ardys
12 Carina
13 Delilah
21 Doris
6 Elisha
6 Elset
14 Heloise
11 Henka
12 Jamima
7 Janna
8 Lena
19 Marj
21 Odette
11 Rosalynd
22 Rosemary
8 Shea
20 Tally
7 Trula
16 Wylma
Started!
30 Anni
41 Bernice
33 Brier
32 Carlene
38 Devan
27 Gabriellia
29 Georgia
41 Kaye
25 Lavina
33 Lorrayne
26 Lucky
27 Lyda
33 Maribelle
41 Ortensia
38 Seka
29 Sheelah
38 Starlin
37 Therese
31 Tracie
33 Trudy
28 Vivia
Started!
67 Aline
67 Blakelee
61 Candida
74 Carley
71 Charlena
75 Charline
64 Cristin
73 Debera
55 Dulcea
65 Gilligan
63 Kania
66 Karlotte
61 Leeann
61 Lian
63 Madelon
61 Mame
71 Marla
70 Mureil
61 Nanci
62 Shanie
65 Terrie
Started!
81 Abby
79 Alessandra
84 Bari
84 Barrie
73 Bette
73 Cathie
85 Claudia
82 Florie
82 Gilbertine
85 Helsa
82 Honey
86 Jannel
85 Josephine
76 Lenee
77 Linn
76 Naomi
77 Nertie
75 Rakel
87 Saba
81 Sile
67 Wenonah
Started!
52 Alane
46 Arielle
45 Bobbye
51 Carlyn
57 Christi
49 Cicely
51 Clarabelle
54 Gavra
45 Gweneth
43 Janeczka
49 Kinna
45 Lilith
44 Lynna
53 Marabel
45 Marietta
45 Myrlene
47 Patsy
52 Querida
41 Reina
43 Rubie
39 Vale
Started!
99 Alia
85 Allyce
99 Angil
94 Bryn
94 Cahra
91 Corry
97 Denni
97 Franny
94 Kai
99 Kristi
94 Lari
86 Lenore
93 Maddy
89 Melisenda
89 Rhianna
80 Rita
98 Ros
96 Rowe
91 Sapphire
97 Truda
94 Valencia
Started!
11 Alta
11 Annamarie
1 Corliss
1 Darrelle
1 Elga
7 Greta
10 Grissel
4 Guendolen
9 Harrie
3 Jennica
3 Karee
5 Leeanne
9 Lisabeth
7 Meggi
3 Morgan
9 Myrah
10 Natalie
7 Tabbitha
8 Tiffi
1 Tiffie
7 Wren
Waiting!
100 Adah
93 Annissa
92 Barbey
98 Cathi
97 Desdemona
100 Harmony
100 Joanie
100 Orly
96 Petra
100 Selle
Started!
27 Andy
25 Brandy
30 Camila
26 Daffie
23 Daisey
33 Danit
25 Diannne
15 Gerianne
21 Gwenny
35 Gypsy
31 Harmonia
27 Jerrie
33 Joannes
20 Kore
35 Lavinie
34 Mei
35 Melosa
22 Quintilla
20 Tuesday
15 Winonah
16 Zena
Waiting!
13 Ardis
18 Babb
13 Barbaraanne
20 Bobette
13 Emilie
12 Faye
19 Jeanette
18 Koo
23 Lenette
13 Lyssa
17 Neysa
13 Nicol
23 Ottilie
15 Roxane
17 Sandy
15 Thelma
Started!
59 Allina
55 Brittaney
65 Bunni
51 Casie
49 Cassandre
60 Collen
52 Elspeth
62 Jackelyn
53 Jacky
62 Julina
48 Kittie
53 Lydie
58 Lynnet
60 Neilla
53 Nessi
51 Rhiamon
58 Roselin
57 Shandee
61 Shelbi
63 Sonia
57 Vyky
Started!
43 Ardith
44 Conchita
40 Corine
44 Dorothee
41 Edi
34 Editha
41 Felita
47 Ginny
38 Gwenette
38 Honoria
42 Ilise
43 Imelda
45 Karrah
32 Katheryn
37 Malory
34 Michal
41 Ninon
44 Pennie
38 Phylis
42 Tatiana
40 Wallis
Waiting!
27 Audie
25 Bird
28 Cordey
27 Dolores
25 Erminie
26 Jerrilee
25 Phillida
31 Susie
24 Wanda
Waiting!
84 Adelaide
80 Avie
83 Clarette
80 Clarice
81 Cornie
80 Cymbre
71 Donni
78 Gianna
88 Gloriane
88 Kalie
82 Kass
80 Petunia
84 Rosabelle
Waiting!
62 Amity
60 Benetta
61 Blair
55 Brandie
64 Carleen
56 Catie
64 Caye
58 Emelia
62 Jo-Ann
55 Junia
60 Marketa
65 Mirabella
60 Tillie
54 Ursuline
Waiting!
66 Cordi
69 Jenn
Waiting!
40 Almeria
42 Edy
41 Maitilde
36 Nonnah
