Started!
11 Arabela
9 Beatriz
10 Beryl
10 Beverlie
4 Bill
4 Debra
16 Eula
14 Gloria
4 Gypsy
6 Joeann
14 Karlie
15 Leshia
11 Lilllie
1 Loella
13 Lou
4 Malina
3 Nada
10 Thalia
Started!
44 Allianora
42 Blakeley
49 Cynthea
32 Desiree
45 Elfie
48 Jacklin
35 Joann
46 Leontine
34 Lorelle
42 Marla
50 Nina
33 Paule
40 Regina
39 Sherye
41 Tove
50 Violet
47 Wendye
36 Zena
Waiting!
27 Anica
20 Libbi
22 Malinde
22 Paulita
Started!
85 Adelheid
69 Betteann
67 Brianne
76 Caralie
80 Deonne
69 Eveleen
66 Evie
74 Harley
72 Karissa
79 Lenka
66 Lindie
85 Melany
83 Nessi
74 Odele
76 Orelle
73 Rhody
72 Samara
82 Traci
Waiting!
92 Bobbye
89 Brook
88 Chandal
92 Eddie
88 Georgeta
90 Gwendolen
92 Karrah
87 Ketti
99 Kirstyn
91 Leena
93 Leigha
91 Lianne
91 Madelina
89 Maighdiln
100 Nancie
96 Verena
Waiting!
58 Elwira
64 Jordain
53 Mignonne
56 Nedda
52 Teresa
Waiting!
7 Adelle
13 Benedicta
11 Brandi
1 Joline
7 Lauretta
