Started!
84 Allene
91 Anita
81 Anna-Maria
75 Bill
85 Chelsy
72 Cherish
82 Darby
76 Darya
84 Dorine
85 Elnora
88 Fionnula
85 Georgeanne
87 Hedvige
90 Joelie
82 Lurette
78 Merle
82 Mireille
81 Moyna
73 Natalie
83 Rana
77 Tabbi
78 Tarra
89 Vallie
Started!
50 Adrienne
42 Clarabelle
51 Clarita
53 Dione
53 Ekaterina
42 Eleonora
59 Fiann
55 Flory
59 Gayel
39 Gerty
58 Ingeborg
52 Jilly
49 Jourdan
49 Koressa
50 Lauralee
49 Marlene
56 Melinda
43 Rhona
45 Shea
57 Theodosia
48 Tonie
50 Veronique
44 Zaria
Waiting!
67 Adrianna
64 Amelina
68 Billi
63 Carmel
59 Elberta
69 Janet
63 Joni
70 Kaela
65 Lilllie
64 Lola
65 Lucretia
66 Magdalene
65 Margareta
59 Marie
55 Marysa
54 Myrtie
61 Rivi
69 Stella
Waiting!
93 Angelita
95 Catlin
100 Corey
94 Daria
92 Edeline
95 Eunice
96 Eveleen
96 Holli
96 Iris
94 Karalee
93 Maria
100 Mathilda
91 Nathalia
99 Noella
100 Paloma
92 Perla
98 Phelia
98 Terri
Started!
36 Bobbette
19 Charmian
24 Clarie
33 Elise
21 Fredelia
37 Gae
22 Gloria
37 Gracie
38 Jayme
30 Jocelyne
30 Jodi
29 Kaylil
20 Kendra
22 Maud
22 Maybelle
38 Misha
34 Nalani
37 Nichole
29 Orsa
32 Othelia
28 Patrica
35 Yasmin
36 Yoshi
Waiting!
17 Adora
6 Bettina
8 Chad
13 Charmane
7 Cherida
7 Cordie
21 Federica
19 Gwenny
6 Helena
11 Jeanelle
9 Kaia
9 Koralle
21 Lenora
10 Letisha
6 Marthe
9 Miguela
16 Nomi
8 Quintilla
13 Row
14 Ula
7 Veda
7 Vinni
Waiting!
3 Anselma
5 Berrie
5 Martie
3 Mia
1 Prudi
3 Roxine
2 Tommi
Waiting!
44 Alexia
47 Marylynne
50 Melissa
42 Randene
50 Shayna
43 Valerye
Waiting!
35 Deirdre
28 Klarika
31 Lucina
39 Rosamund
30 Sean
Waiting!
84 Rhodia
79 Robinett
