Started!
7 Alison
9 Latrina
Started!
93 Elissa
87 Sophia
Started!
97 Daria
97 Zitella
Started!
28 Ailina
31 Orel
Started!
90 Noella
82 Quinta
Started!
87 Halie
95 Janessa
Started!
64 Florie
60 Hope
Started!
30 Barbaraanne
39 Lethia
Started!
90 Melanie
80 Shea
Started!
15 Lu
7 Trudey
Started!
96 Moreen
95 Netty
Started!
52 Garnette
49 Willette
Started!
46 Ashil
36 Hedvige
Started!
93 Alicea
93 Gipsy
Started!
79 Arluene
75 Fiorenze
Started!
25 Briney
17 Megan
Started!
34 Aliza
27 Melisenda
Started!
9 Carlye
15 Maryann
Started!
64 Arlette
57 Mercie
Started!
63 Herta
57 Margy
Started!
70 Janaya
74 Kellia
Started!
37 Amata
45 Corette
Started!
27 Fredelia
18 Lula
Started!
100 Adela
100 Tabby
Started!
20 Georgetta
19 Kelila
Started!
61 Chad
56 Gill
Started!
86 Kimberly
86 Stacie
Started!
13 Fanchette
11 Leelah
Started!
6 Guillema
3 Pammi
Started!
26 Cristin
34 Rachael
Started!
25 Dione
32 Melody
Started!
71 Gretal
68 Rodina
Started!
66 Gene
73 Madelene
Started!
9 Deanna
19 Marylin
Started!
28 Katinka
34 Michele
Started!
82 Nady
72 Vyky
Started!
90 Lissie
98 Tessi
Started!
83 Benny
77 Laraine
Started!
10 Madelle
6 Trula
Started!
58 Jacinta
50 Julietta
Started!
76 Mellicent
82 Minny
Started!
54 Adora
62 Cathrin
Started!
26 Courtnay
32 Kassandra
Started!
18 Gracie
16 Sofie
Started!
93 Debora
84 Fancy
Started!
73 Neala
74 Orsa
Started!
74 Mada
78 Veronique
Started!
90 Daffy
100 Jodi
Started!
4 Marjie
12 Mitzi
Started!
85 Herminia
80 Paige
Started!
74 Roxy
72 Rozalie
Started!
71 Gussy
81 Laurene
Started!
1 Aloisia
10 Winnah
Started!
35 Karil
30 Opaline
Started!
77 Evy
82 Nanice
Started!
64 Theressa
64 Xena
Started!
44 Shayna
41 Zorine
Started!
97 Martina
92 Melissa
Started!
46 Aurel
51 Violet
Started!
29 Elisabeth
22 Mindy
Started!
90 Adella
95 Cindie
Started!
77 Georgeanne
67 Karlie
Started!
1 Carlee
5 Jenine
Started!
98 Alexia
89 Valerye
Started!
58 Deirdre
48 Lorry
Started!
92 Emyle
94 Melisa
Started!
62 Daune
72 Jacenta
Started!
75 Alice
83 Kimmi
Waiting!
4 Penni
Waiting!
37 Nathalia
Started!
65 Cecile
62 Estrellita
Started!
89 Anabelle
80 Lorri
Waiting!
90 Roseanne
