Started!
74 Arlee
76 Cornela
78 Dahlia
63 Daria
65 Dawn
78 Deanna
71 Donetta
61 Fionnula
70 Flor
61 Janaya
70 Katinka
74 Lula
69 Merrili
71 Moreen
67 Rikki
73 Rivy
65 Romonda
76 Sharon
61 Wally
Started!
46 Babs
41 Brinn
47 Carlye
39 Cynthia
38 Dacia
37 Dottie
35 Elspeth
44 Fanya
45 Jermaine
34 Karrie
43 Kathryne
45 Kimberly
46 Malinde
37 Merrily
42 Rachael
42 Tabby
35 Trudey
47 Willette
40 Zilvia
Started!
19 Adelle
16 Alena
9 Aliza
21 Chad
12 Cindie
15 Dannye
4 Dion
19 Farica
16 Gail
8 Guillema
13 Jacquette
19 Jacynth
8 Jessi
1 Kristi
4 Livia
14 Lizzie
17 Mildred
9 Quinta
11 Theda
Started!
25 Abagail
31 Aline
32 Britt
23 Callie
33 Darlene
25 Esma
33 Faun
35 Ileane
31 Ivy
28 Janessa
32 Jolee
33 Jordain
26 Kirsteni
36 Lavinia
30 Licha
27 Max
25 Opaline
21 Philippine
37 Vonni
Started!
90 Alicia
83 Barbara-Anne
72 Daloris
80 Delila
91 Elisabeth
89 Halie
81 Jerry
92 Laetitia
92 Latashia
88 Leia
78 Maryanne
88 Milena
82 Mindy
72 Nonie
82 Raynell
82 Rosina
86 Sarina
84 Sephira
77 Shirley
Started!
96 Adora
91 Agnesse
95 Anne
93 Bette
99 Carlota
95 Cecilia
95 Florina
98 Josepha
100 Kiri
100 Marianne
95 Marielle
93 Marylee
99 Morena
97 Netty
93 Noni
97 Reena
96 Robinia
95 Rubie
99 Ulrica
Started!
56 Alethea
55 Ally
50 Casie
60 Christabel
62 Christy
55 Deane
55 Eleonora
63 Gray
60 Kakalina
56 Karil
55 Kellia
58 Laural
62 Loutitia
52 Mariel
59 Mitzi
56 Patrica
55 Pru
55 Tish
55 Wrennie
Started!
26 Beret
21 Bettine
20 Charmine
12 Cherry
29 Daisy
15 Enrika
14 Germana
16 Julienne
10 Karlene
27 Lilla
20 Lilly
13 Malorie
22 Marci
15 Margaux
17 Marlyn
19 Prue
16 Tedda
13 Valerye
20 Valli
Started!
39 Bernetta
46 Carolyn
47 Cornie
51 Dennie
35 Eugine
42 Fernanda
33 Garnet
33 Helenka
41 Ilyse
40 Jeana
43 Konstance
46 Linell
46 Malvina
51 Sally
44 Sarine
45 Sheela
45 Stevana
48 Tamarah
34 Yolanthe
Started!
73 Ainslee
71 Aloisia
66 Amberly
79 Cathrin
74 Cris
70 Dorise
68 Evy
72 Jemie
66 Jori
67 Karia
77 Mamie
67 Marietta
61 Natala
61 Nelia
69 Sybyl
77 Tatum
72 Theadora
62 Wynn
69 Zorina
Waiting!
1 Aili
6 Danit
7 Doreen
4 Dre
11 Hyacinth
11 Janenna
3 Jean
3 Jeniffer
2 Lucy
3 Melinde
4 Oralee
5 Petunia
7 Suellen
6 Sydney
1 Veriee
Started!
97 Austine
89 Barbie
85 Celle
85 Delia
82 Dulci
82 Gigi
89 Gwennie
79 Jackie
88 Kerri
89 Mariette
82 Marilee
88 Olva
86 Saidee
90 Sher
86 Susanetta
81 Tarra
83 Tessie
89 Xena
99 Yettie
Started!
68 Alvira
58 Amata
53 Cayla
49 Daniella
67 Dniren
51 Doralia
65 Ebony
65 Enriqueta
60 Hollie
50 Jackquelin
58 Jannelle
58 Jillene
60 Kandy
55 Marjy
50 Melita
55 Murial
63 Sunny
59 Tani
57 Ursola
Started!
23 Barbabra
28 Bevvy
30 Carlita
34 Cassondra
37 Christa
25 Darby
29 Darrelle
31 Deina
36 Flo
35 Helaina
36 Jennette
41 Leland
38 Maiga
24 Ondrea
22 Oralle
41 Pierrette
31 Ricca
29 Robin
35 Saraann
Waiting!
16 Elna
12 Jacquetta
14 Ricki
15 Shaun
12 Stacie
Waiting!
70 Ame
71 Donny
78 Gayel
69 Gussy
75 Pia
74 Ronalda
73 Sophie
Waiting!
46 Carlina
44 Caron
41 Lilith
44 Melanie
Waiting!
96 Glynis
100 Madel
100 Tybie
Waiting!
27 Aubree
32 Blaire
33 Carlynne
30 Cissiee
23 Druci
30 Frances
33 Kirstin
28 Shandie
Waiting!
88 Helsa
84 Laverna
