Started!
43 Berenice
45 Biddie
38 Birdie
33 Carin
34 Cassondra
36 Cathryn
37 Charil
44 Christan
46 Constance
48 Cordelia
39 Corry
41 Dania
48 Eada
49 Elly
42 Flss
52 Freida
42 Glynda
49 Hildy
39 Hyacinthie
38 Irma
32 Isadora
43 Jonis
42 Koren
50 Lorelei
48 Michal
48 Minni
46 Renee
45 Ryann
40 Thia
35 Wilie
Started!
17 Amil
16 Ardith
5 Babbette
16 Carolin
4 Clair
14 Cory
17 Cristionna
1 Darcey
15 Dorelle
15 Emmalynne
7 Gelya
15 Glyn
9 Hedwiga
5 Hesther
10 Julia
18 Karisa
6 Karlotte
7 Kiah
10 Kim
18 Laurette
5 Lib
12 Loretta
1 Lucky
5 Mirabelle
18 Orly
8 Petra
1 Sella
14 Tamar
8 Tobye
1 Zora
Started!
59 Alexis
56 Arlette
55 Ashely
60 Avie
64 Benni
57 Berrie
54 Caron
68 Cate
69 Cecily
70 Clarette
53 Clemmy
61 Collette
58 Davina
70 Elsey
59 Gates
63 Ivette
62 Jenna
57 Karry
56 Madlin
61 Matilda
70 Myrah
69 Nicky
56 Patrica
60 Peg
66 Rayna
65 Saloma
57 Shelli
67 Trina
60 Wendye
68 Zorah
Waiting!
83 Amaleta
80 Ardyce
81 Bonni
80 Cherye
74 Cris
78 Dahlia
76 Damara
80 Dorice
77 Edwina
81 Emlyn
77 Gennifer
73 Hermione
82 Janey
73 Karyl
71 Kaylil
82 Lorain
76 Lorie
78 Madeleine
79 Mariele
77 Marlena
64 Matilde
83 Maurita
82 Pandora
68 Pauline
83 Sabra
83 Sonia
82 Teresita
79 Vilhelmina
Waiting!
10 Abbey
20 Alvinia
29 Amandie
27 Anette
27 Ashlie
24 Babara
25 Bernadene
25 Berni
19 Bertha
23 Bill
20 Carmelia
21 Cassaundra
15 Catlee
30 Cornelia
21 Deni
28 Dianna
19 Gilberte
23 Helge
19 Mala
27 Margaux
21 Pammi
25 Rorie
28 Rosamond
19 Rosina
16 Sadella
19 Simonne
13 Tybi
30 Yoko
Started!
97 Addy
87 Ardra
88 Brandise
84 Charlot
94 Debi
92 Ellette
96 Farand
94 Flora
97 Gerladina
94 Grete
86 Gweneth
86 Ingeberg
93 Jany
92 Koralle
90 Libby
86 Lonni
91 Lori
88 Lorrie
99 Lusa
87 Mandi
92 Muire
92 Nanete
92 Perle
88 Rhianon
90 Rhona
96 Rosmunda
86 Ruthy
91 Shirline
95 Vanna
91 Vivie
Waiting!
40 Caitrin
31 Fan
31 Inesita
31 Miranda
41 Rhoda
Waiting!
89 Brittaney
99 Cyndy
99 Deane
89 Elisa
90 Erin
89 Horatia
85 Jo
87 Juliann
97 Junette
88 Roxanne
86 Sorcha
Waiting!
1 Billy
9 Birgit
3 Evangelia
3 Minne
7 Pansy
3 Silvana
6 Valeria
5 Winny
Waiting!
53 Ellyn
55 Lilla
42 Margie
47 Maryellen
45 Maryjo
54 Mufinella
Waiting!
62 Florry
60 Lidia
59 Risa
