Waiting!
11 Addy
13 Andrea
4 Audie
9 Birdie
5 Bobinette
2 Catherina
10 Cheri
4 Corinna
15 Dell
13 Dolley
4 Dorian
15 Eleanora
15 Fifi
15 Flory
16 Gayleen
13 Georgianne
9 Ianthe
5 Junina
7 Kassia
12 Kelila
4 Lyn
14 Madalena
3 Marya
8 Meriel
10 Nolie
6 Olympe
6 Randee
Started!
88 Ardelis
88 Bethanne
83 Betteanne
79 Chiquia
93 Christean
86 Harmonie
97 Hertha
94 Hilda
89 Jenda
80 Jennica
88 Joceline
85 Jori
93 Katuscha
81 Lil
86 Lisha
88 Lorne
90 Marlyn
91 Merridie
82 Mirelle
89 Nadeen
80 Nelli
85 Otha
83 Pooh
88 Randy
97 Rhea
96 Roanne
90 Sadye
88 Tracy
89 Wandie
Started!
19 Adriane
17 Arlyn
21 Callida
22 Cicely
30 Colline
20 Daloris
31 Damita
30 Gerladina
17 Glori
30 Helge
17 Jandy
29 Jasmine
19 Jeana
25 Jorey
24 Kathye
18 Kaylee
29 Larina
24 Louisette
20 Magda
18 Margot
23 Melisse
30 Merna
30 Netti
17 Pru
19 Roda
29 Sarene
25 Selie
28 Sybil
22 Tallulah
Started!
64 Adelheid
59 Alida
72 Blondy
64 Cherlyn
58 Clary
62 Coralyn
56 Danita
72 Dorita
65 Dorothee
62 Dot
66 Eartha
69 Elva
57 Florencia
68 Gabey
61 Giralda
71 Gretna
65 Gusty
64 Junie
75 Leila
70 Loreen
65 Lucina
70 Martita
56 Monique
71 Norry
61 Oralla
63 Regine
60 Tabby
60 Tallia
67 Tania
Started!
33 Alysa
33 Aurea
41 Averil
43 Caroline
44 Cherie
44 Colleen
34 Cordelie
33 Corene
33 Debee
36 Dionne
41 Doralynn
33 Doralynne
40 Francisca
33 Gwen
34 Hally
34 Jammie
40 Johnna
45 Krysta
46 Leticia
45 Mair
45 Margeaux
41 Merrily
46 Moina
39 Natalee
43 Nollie
42 Paule
37 Reena
36 Sibeal
36 Susana
Waiting!
55 Carlina
47 Chere
51 Cloe
50 Elinor
53 Ernestine
52 Gertie
50 Kelcie
60 Miguelita
48 Yoko
Waiting!
84 Crystal
76 Faythe
75 Glennie
82 Johna
76 Melody
82 Sonya
77 Whitney
Waiting!
95 Anetta
94 Brande
98 Evie
93 Lorrie
89 Mercy
100 Nanci
97 Polly
94 Serene
99 Terra
91 Valenka
Waiting!
64 Bab
64 Latrena
64 Pammy
Waiting!
24 Timi
