Started!
83 Bekki
91 Bride
96 Cherye
93 Daniele
90 Dara
86 Deena
89 Eada
80 Jaime
89 Joletta
88 Juliana
90 Kellyann
99 Kristan
90 Meggi
93 Minerva
89 Neila
80 Olia
98 Prudy
82 Rachele
100 Rubie
93 Selia
80 Sherry
88 Walliw
Started!
28 Adel
43 Ardith
45 Brianna
45 Brigit
41 Cathee
46 Cher
42 Di
32 Fayre
33 Gusti
42 Jan
32 Jemie
41 Jocelyne
33 Karilynn
38 Klarika
43 Mariel
34 Matilde
27 Melloney
45 Micki
31 Nanete
27 Opal
37 Patrica
33 Regina
Started!
50 Alidia
50 Bernardine
57 Bibi
40 Brit
52 Christabella
52 Darby
45 Dyanne
50 Edee
53 Ernesta
54 Fanni
52 Fawn
49 Indira
46 Lorelei
59 Lynnelle
58 Marietta
44 Marta
52 Mellisa
48 Mikaela
59 Nara
54 Shaylynn
49 Tansy
52 Tish
Started!
3 Alameda
9 Alexia
8 Blythe
7 Carla
4 Ceciley
11 Cecilla
8 Dotty
7 Emmalyn
3 Erin
11 Felicia
4 Jeanna
4 Joelie
4 Judi
5 Lucretia
12 Maighdiln
3 Raquel
4 Ronna
5 Ronnica
8 Rosmunda
11 Shani
7 Siobhan
11 Zaria
Started!
68 Alica
71 Amandie
68 Annabel
66 Bernadette
62 Brana
70 Brandise
72 Bunnie
76 Cristina
69 Darbie
63 Doralyn
62 Gerladina
67 Gianna
72 Helena
68 Jacinda
65 Jaquelyn
72 Kati
72 Melody
64 Nomi
69 Sheilah
75 Tami
61 Tiffy
70 Vania
Started!
16 Anett
19 Babs
16 Bonny
34 Brandice
23 Claribel
24 Doti
34 Elyssa
15 Esme
29 Fiona
16 Gillian
15 Gisele
21 Jinny
14 Joell
20 Karoly
28 Katinka
28 Marice
24 Mirabelle
20 Nettle
24 Rafaelita
15 Stacie
20 Thomasin
21 Wandis
Started!
88 Annamarie
68 Antonella
80 Arlyn
83 Athena
75 Barbe
80 Caprice
74 Danielle
85 Deanna
77 Dulsea
76 Ethelind
80 Hinda
88 Jemima
86 Manya
85 Muriel
80 Nerita
88 Norrie
71 Olivie
86 Rhody
73 Shirlene
78 Toby
87 Valma
84 Yettie
Started!
28 Andie
35 Bell
41 Catrina
42 Cymbre
36 Herminia
38 Jill
46 Joela
33 Kali
36 Kimberlee
30 Laney
48 Latia
28 Malia
46 Margy
34 Maxie
47 Melisenda
30 Melonie
35 Minnnie
43 Nissie
41 Tammy
41 Tiffi
40 Tobi
47 Tressa
Started!
59 Bertina
52 Cody
67 Eleanore
60 Elwira
68 Fayette
70 Irma
59 Julita
66 Kerrill
66 Lonnie
69 Mariska
50 Marysa
60 Michel
65 Nikaniki
65 Pavia
66 Rebeca
50 Rhianon
58 Roxanne
58 Ruthanne
50 Sherye
61 Tersina
69 Vitoria
58 Winny
Waiting!
90 Anet
91 Arlena
90 Doe
91 Ellette
99 Emmalynne
100 Fina
95 Gray
97 Ki
99 Licha
94 Marje
90 Marlena
97 Maryl
91 Olive
91 Rosalinde
97 Tiphani
92 Windy
94 Yoko
Waiting!
80 Carlie
86 Catherine
82 Dyane
88 Elfrieda
85 Evangelia
89 Eyde
79 Jacki
83 Kaylil
82 Kellia
85 Kendra
89 Mercie
80 Shanie
85 Stephannie
88 Vinni
Waiting!
20 Alma
21 Breanne
17 Carissa
14 Carolina
19 Cindie
7 Darda
13 Dominga
17 Elsbeth
8 Jere
19 Loree
25 Loretta
24 Lynett
20 Margot
18 Marika
8 Marney
27 Oralla
27 Rani
20 Roana
8 Tedra
15 Teressa
Waiting!
49 Bernete
49 Danice
44 Katee
55 Lilian
39 Magdalena
39 Myrtia
48 Orelle
46 Ryann
Waiting!
31 Appolonia
35 Birdie
30 Chloris
32 Cornie
31 Laural
33 Lynsey
28 Roseanne
Waiting!
71 Aridatha
76 Colleen
77 Georgeanne
74 Letisha
71 Lona
Waiting!
6 Bunni
4 Jania
5 Teddie
4 Yolanda
