Started!
41 Cathee
50 Gusti
42 Ingunna
45 Lacey
47 Marie-Ann
52 Minerva
53 Nomi
57 Rosy
38 Sallee
49 Tory
53 Vere
Started!
10 Blythe
9 Jan
7 Kati
4 Marcille
8 Matilde
11 Natty
11 Perle
11 Rakel
9 Sharleen
7 Stefania
3 Susan
Started!
99 Danika
94 Darline
96 Dori
100 Erin
88 Miquela
84 Olive
89 Phyllys
97 Raquel
87 Trescha
89 Vitoria
92 Vivi
Started!
69 Adorne
71 Britt
63 Brittany
58 Carolynn
78 Constantina
68 Engracia
63 Esmeralda
75 Evey
77 Kirsteni
69 Tybi
67 Zora
Started!
27 Anita
25 Aurlie
23 Bernita
22 Garnette
21 Halli
16 Henrietta
17 Ilyse
27 Nance
16 Netta
18 Ola
22 Sheilah
Started!
36 Alyss
29 Bertina
34 Britney
31 Cherye
34 Claudelle
29 Gretchen
35 Hailee
32 Joby
28 Klarika
28 Tessy
35 Wilie
Started!
75 Ada
80 Alayne
79 Brigit
81 Christalle
88 Denise
83 Hazel
79 Lynnette
74 Odetta
78 Rayshell
84 Rhody
81 Zaria
Started!
2 Andreana
5 Anthiathia
9 Camala
2 Flore
12 Marybeth
1 Millisent
2 Ninon
3 Raphaela
1 Rosemonde
8 Stella
2 Vivien
Waiting!
53 Brit
63 Clementia
70 Emelita
52 Frankie
61 Gweneth
67 Henriette
62 Marice
62 Noemi
66 Susanne
68 Tami
Started!
23 Amandie
15 Brear
24 Caroline
27 Griselda
27 Holly
13 Lauren
23 Nikkie
18 Nissie
27 Nydia
20 Pennie
18 Shirleen
Waiting!
40 Arda
39 Cordelia
34 Dorine
42 Elana
30 Elyn
44 Giulia
41 Norene
32 Pearle
44 Sharlene
Waiting!
97 Doe
100 Nicky
94 Raeann
88 Vina
Waiting!
50 Belvia
50 Reggie
Waiting!
2 Katerina
12 Reine
Waiting!
77 Karina
