Started!
29 Davida
42 Deena
32 Paloma
29 Rowe
40 Selia
Started!
61 Isabella
54 Janessa
54 Kristi
62 Nessie
54 Vonni
Started!
18 Alma
13 Gillian
4 Lenora
12 Randy
19 Tine
Started!
96 Dianemarie
96 Kettie
100 Lelia
95 Noemi
88 Rosalyn
Started!
76 Dahlia
79 Kerry
80 Lorita
78 Stephine
81 Stormy
Started!
30 Christan
28 Diahann
40 Madlin
46 Opalina
36 Thomasine
Started!
53 Brandise
50 Dosi
51 Joelle
58 Michell
48 Shanta
Started!
67 Cherish
61 Clarinda
74 Fredrika
67 Guinna
74 Olva
Started!
1 Adore
2 Ellynn
9 Emyle
4 Marcelline
1 Marchelle
Started!
88 Elora
92 Helaina
87 Kalinda
83 Noelle
83 Reina
Started!
53 Alecia
49 Delores
53 Kerstin
43 Luella
40 Mufi
Started!
25 Ashlen
15 Bee
23 Flore
27 Sonja
21 Stephi
Started!
85 Blondie
94 Hortense
94 Janaya
92 Lotti
95 Magdaia
Started!
22 Britt
14 Emalia
21 Minnnie
17 Odette
28 Pamelina
Started!
56 Corri
49 Jobyna
52 Madlen
52 Pansy
57 Rea
Started!
60 Camellia
52 Carmelina
69 Consuelo
50 Donia
61 Mallissa
Started!
79 Allys
82 Analise
85 Annora
83 Edin
82 Estrellita
Started!
41 Charissa
38 Kalila
47 Kandace
39 Sal
42 Sasha
Started!
83 Billy
93 Dionne
88 Fredelia
83 Sarene
76 Steffie
Started!
18 Korry
22 Timmie
23 Wynne
22 Ysabel
23 Zitella
Started!
72 Dana
76 Ivette
77 Kayla
71 Lesly
76 Willa
Started!
2 Eleen
1 Else
4 Enrica
3 Mandy
2 Tobye
Started!
82 Cristabel
82 Dasie
86 Estella
84 Lauren
76 Lucia
Started!
55 Bernita
50 Gladi
60 Louise
69 Milzie
50 Risa
Started!
31 Bethina
39 Chelsae
30 Doralia
41 Janet
33 Lotta
Started!
17 Constancy
17 Justina
12 Leora
23 Mirella
16 Myra
Waiting!
16 Collete
6 Nellie
Started!
84 Abbye
95 Britteny
91 Casi
85 Chantal
85 Giana
Started!
32 Aurelie
33 Ginelle
39 Jaynell
45 Lauri
49 Milka
Waiting!
27 Anya
30 Maye
27 Rori
34 Tabina
Started!
46 Brietta
58 Hillary
53 Katina
40 Maribel
50 Morna
Waiting!
66 Auria
61 Briney
Waiting!
95 Kathye
92 Lucille
95 Pamella
