Waiting!
96 Basia
83 Corine
83 Devon
93 Dix
94 Jewell
88 Lyndsay
83 Moll
91 Orel
Started!
60 Augustina
63 Janot
68 Jolynn
52 Nani
59 Nicky
57 Ollie
61 Rickie
57 Susanna
69 Timmi
Started!
34 Erminie
28 Fayina
29 Genovera
37 Inessa
29 Jordanna
33 Minne
27 Mommy
31 Suki
33 Tiffie
Started!
4 Annnora
13 Damaris
10 Irma
9 Kacey
1 Min
1 Misha
8 Nichole
3 Rafaela
5 Sara
Waiting!
43 Agnesse
45 Carmelia
39 Essy
42 Kellen
44 Merola
45 Myrtle
44 Reba
Waiting!
70 Abbie
76 Clarissa
81 Costanza
76 Gabriela
77 Iolanthe
77 Wylma
Started!
11 Ardeen
3 Cathyleen
7 Cynthy
6 Esmeralda
3 Fayette
10 Janie
1 Kevyn
2 Trista
7 Wilie
Waiting!
23 Amie
14 Carline
19 Lil
14 Nora
