Started!
30 Anabal
29 Ashely
27 Ava
37 Brunhilde
40 Chandra
33 Concordia
46 Cordi
43 Cornelia
40 Costanza
36 Dix
44 Eachelle
30 Eden
34 Fredia
45 Gerrie
34 Izabel
38 Karla
34 Karolina
39 Kellsie
44 Lorelei
32 Marysa
39 Pamela
31 Phedra
45 Prue
27 Quintana
27 Rivi
30 Ronni
38 Rosemarie
33 Simone
41 Waly
Started!
88 Adan
97 Adriane
90 Alene
92 Alessandra
95 Britni
90 Coretta
90 Denna
91 Fayette
98 Felicity
88 Gabriellia
88 Goldina
98 Hannie
95 Karen
95 Kevyn
100 Krystyna
99 Lotty
91 Louella
91 Manon
91 Marybelle
89 Melisent
88 Mellie
93 Nancee
100 Nicoli
94 Queenie
97 Sally
95 Tabbitha
89 Teresina
88 Tommie
93 Zorina
Started!
54 Aleece
42 Allianora
48 Andreana
49 Bekki
51 Bernete
58 Bridget
57 Celie
56 Dannie
56 Dorey
58 Eleanor
55 Glad
53 Gladys
46 Gwenneth
54 Gwyn
58 Helyn
53 Imogene
42 Jeanette
52 Joni
55 Juana
39 Julia
56 Liz
55 Maitilde
55 Mikaela
57 Nichol
51 Pennie
41 Shauna
52 Stesha
40 Sukey
56 Ursula
Started!
17 Amberly
16 Anastassia
20 Anthea
28 Ardene
11 Babbie
23 Bernardine
19 Bernice
10 Brear
21 Cathi
23 Cherye
16 Corrina
11 Delinda
17 Emmy
12 Ericha
17 Gael
21 Hermione
13 Karly
27 Kayley
20 Klara
15 Lacee
20 Liesa
17 Mala
12 Marley
28 Myrle
20 Rebe
16 Ricki
18 Shel
12 Sheryl
16 Twila
Waiting!
13 Alyda
6 Aubry
9 Aurelia
8 Beverley
13 Blancha
5 Carlin
8 Fawnia
7 Hayley
2 Kerri
5 Linda
6 Linn
4 Lydie
5 Midge
6 Mirna
6 Nikolia
15 Noemi
8 Piper
9 Saloma
9 Teddie
6 Viki
Started!
87 Adey
81 Afton
88 Aleda
77 Augustina
78 Bethany
79 Catriona
83 Cecile
85 Clarinda
85 Clemmie
78 Delcina
91 Donnie
79 Fanny
87 Faythe
83 Fernande
87 Glynis
82 Harrietta
86 Hazel
77 Hetty
81 Ingrid
79 Isabelita
86 Janenna
80 Katie
82 Maddi
85 Marti
86 Myrna
78 Page
75 Pippa
84 Sorcha
84 Valli
Started!
69 Adrianne
73 Angy
60 Barbie
63 Briny
61 Carlie
67 Carmelia
74 Carmina
73 Dael
74 Danita
68 Elfrieda
70 Enrika
60 Francoise
59 Giuditta
71 Hally
64 Hilary
64 Joan
67 Kamilah
65 Katharina
72 Maurene
59 Melitta
73 Melosa
62 Merridie
61 Nanni
67 Nanny
73 Quintilla
73 Rosalinda
60 Rosanna
63 Sile
73 Tatum
Waiting!
32 Ailee
33 Bethanne
27 Charmion
40 Dorthea
24 Edith
41 Ellette
33 Esma
23 Goldy
36 Jewell
33 Joellyn
39 Kellie
39 Laurette
36 Lona
34 Marilin
24 Marinna
34 Merrill
39 Neila
37 Perle
35 Raphaela
29 Ree
35 Tina
Waiting!
64 Chad
64 Michel
65 Penelope
59 Pippy
67 Ulrika
Waiting!
94 Blinni
99 Maia
91 Mair
90 Nessi
98 Shell
Waiting!
17 Channa
17 Charmaine
21 Ebba
19 Ellen
19 Gnni
16 Rasia
Waiting!
44 Allsun
44 Brenn
48 Dyan
50 Emlyn
46 Georgiana
56 Julienne
48 Sonya
Waiting!
85 Cherish
87 Esta
86 Gratia
87 Xaviera
