Started!
96 April
89 Arleta
87 Aura
84 Celesta
95 Charo
87 Clarissa
87 Gypsy
94 Jacquelynn
89 Katinka
97 Legra
97 Nerti
91 Pammy
93 Roz
87 Tansy
98 Tiffie
90 Wilhelmina
98 Wynny
Started!
54 Beret
46 Blancha
50 Christine
54 Elvira
47 Emmy
55 Guillemette
55 Jolie
63 Julee
63 Margarethe
65 Melisandra
56 Melodie
49 Nanette
63 Pennie
53 Rosemaria
51 Tessy
65 Theodora
59 Willi
Started!
70 Aubree
80 Bria
63 Cortney
78 Damara
79 Danni
79 Dolorita
75 Dorita
77 Ilyssa
72 Lela
77 Loria
77 Maryrose
74 Mollee
69 Opaline
74 Renae
69 Shawnee
70 Sherill
78 Torie
Started!
19 Ainslie
17 Charissa
8 Connie
11 Cristy
13 Datha
18 Doris
11 Dyanne
27 Florry
19 Gertrude
27 Guinna
19 Josie
9 Karena
26 Kissiah
26 Margarete
13 Michaelina
13 Oralla
19 Sapphira
Started!
36 Adrianna
43 Ana
37 Anni
31 Annmaria
33 Aundrea
43 Aurea
41 Blakelee
40 Brianne
41 Isabella
35 Jamima
35 Jo
38 Joelie
31 Josselyn
36 Kore
36 Lana
44 Rebeca
36 Shane
Started!
12 Anne-Marie
13 Arlie
4 Chickie
6 Debora
4 Drusi
11 Elfreda
4 Ellie
12 Gleda
11 Lolita
12 Missie
4 Myrtie
5 Nannette
6 Octavia
3 Paolina
13 Stevena
3 Tamarah
1 Tedda
Started!
82 Adena
85 Aili
83 Blondy
83 Britteny
81 Candida
78 Cathie
76 Eve
79 Gusty
71 Hatti
89 Heddie
82 Isidora
81 Jemmy
77 Kathie
75 Lynnet
80 Timi
89 Vinny
81 Yetty
Started!
36 Aidan
25 Chanda
25 Colette
29 Emera
33 Gisela
31 Gustie
29 Jennette
26 Luelle
28 Mariellen
37 Maxine
23 Meggy
29 Ofella
22 Orsa
28 Ralina
19 Roanna
37 Sharla
19 Theodosia
Started!
99 Arline
98 Carrie
99 Deeanne
100 Ginnie
100 Jennica
95 Jolyn
94 Jorrie
91 Kati
97 Katusha
89 Maggi
97 Pammi
94 Sibby
87 Suzanne
95 Tally
95 Tandy
95 Vikky
100 Winona
Started!
47 Casandra
47 Cherida
42 Consolata
50 Cybill
56 Debbi
45 Edwina
52 Ericha
54 Honoria
49 Karalee
51 Lissie
50 Meggi
41 Miran
45 Moina
56 Oralle
51 Peta
57 Reena
53 Riannon
Started!
15 Beatrisa
16 Brigid
12 Brynne
16 Clarice
23 Coreen
16 Crissie
13 Darcy
13 Faye
13 Heidi
21 Lorri
21 Lusa
21 Lynette
12 Mavis
12 Mickie
11 Mignon
4 Sonnie
18 Yevette
Started!
60 Babbie
70 Bridie
67 Drucie
58 Fawnia
66 Gerri
60 Hannah
68 Hulda
58 Jacqui
52 Jenilee
65 Junette
61 Justina
64 Keslie
67 Laverna
59 Lindy
59 Nichol
58 Robby
66 Viviana
Started!
27 Adelheid
24 Aeriel
25 Ardys
25 Cris
41 Donni
42 Doti
32 Hetti
38 Katharina
26 Konstance
31 Mabelle
33 Malissa
42 Mireielle
40 Saundra
34 Selia
31 Shanda
34 Susie
32 Valeda
Started!
50 Aline
53 Allyce
59 Auroora
46 Coriss
56 Cyndie
46 Esme
54 Faina
51 Gennie
44 Joellen
40 Karine
50 Kizzie
49 Lianna
41 Mandi
59 Marga
58 Neda
44 Olympie
43 Remy
Waiting!
24 Alecia
9 Amandie
16 Bethany
18 Brittney
13 Cathlene
16 Mame
25 Maudie
23 Nanete
23 Sabine
18 Valentine
Waiting!
65 Adora
65 Chloris
75 Elora
73 Lynnette
67 Sukey
Waiting!
76 Agnesse
78 Guglielma
80 Lenna
81 Ola
79 Seka
82 Zandra
Waiting!
33 Donetta
37 Faun
35 Rachele
27 Sisely
38 Tildy
32 Toni
Waiting!
89 Anabella
92 Ilsa
Waiting!
3 Inessa
1 Othilia
