Started!
37 Aggie
31 Alyda
38 Arlina
44 Beilul
29 Bendite
45 Carmine
36 Carol-Jean
43 Cheryl
31 Claudette
45 De
41 Debera
44 Gnni
29 Hannah
36 Hedwiga
34 Junia
26 Muriel
46 Nannie
39 Niki
35 Noni
44 Rasla
30 Risa
29 Rivi
33 Tonia
42 Vickie
32 Winni
Started!
5 Bernadene
6 Bess
1 Chantalle
3 Domeniga
7 Ebba
6 Eileen
11 Ellette
1 Gillan
16 Julee
14 Kandace
5 Kendre
18 Liesa
18 Lind
8 Marys
6 Penelopa
17 Pet
19 Rae
12 Randa
4 Raychel
9 Rois
7 Sharyl
11 Ted
6 Vyky
10 Waneta
11 Zena
Started!
64 Ailey
58 Ardella
62 Arden
56 Biddy
62 Carlene
70 Catha
62 Cristina
56 Daffy
66 Debor
63 Dulce
72 Ebonee
58 Elena
61 Fidelia
66 Gusti
60 Janice
70 Jenica
72 Joscelin
57 Louisa
56 Mehetabel
69 Minnaminnie
64 Oona
58 Shanta
67 Silvie
65 Sindee
74 Sonni
Started!
87 Amandie
80 Barb
79 Binni
85 Colene
85 Cornelle
87 Costanza
80 Desirae
88 Eddie
85 Erda
89 Fredrika
84 Grazia
86 Ines
87 Kristen
88 Mada
77 Marylin
70 Melinda
77 Phaedra
85 Rebbecca
83 Rebeca
77 Rosabella
82 Shell
83 Shirlee
85 Thomasina
84 Yoko
83 Zoe
Started!
55 Alexandrina
50 Clemmie
48 Eleanore
57 Elizabeth
50 Ermina
52 Etti
41 Fedora
50 Grata
57 Indira
55 Jobey
49 Kamila
48 Kelcie
51 Krystal
46 Larine
49 Lindsay
52 Mariejeanne
48 May
47 Nonnah
43 Sheba
55 Sylvia
49 Tani
49 Tedda
55 Ursola
41 Valeria
56 Yolanthe
Started!
25 Alicea
32 Astrix
19 Bea
22 Bonnee
35 Bryn
29 Carlen
31 Darcey
34 Dot
18 Emilee
21 Georgianna
35 Harriette
16 Johnette
28 Jorey
22 Kim
25 Lesya
28 Lorne
18 Lorry
23 Nicolette
21 Orsa
27 Ronnica
22 Ruthie
24 Sascha
33 Tamarah
22 Valaree
22 Vivie
Started!
100 Adriana
97 Barbara
93 Batsheva
100 Belicia
93 Cally
100 Cami
94 Carey
99 Devondra
95 Diane
91 Fanny
96 Gilbertina
97 Gilbertine
96 Gisele
89 Halley
95 Harriett
98 Jordain
89 Julissa
100 Lissa
98 Lorena
92 Lurette
94 Pamela
96 Sacha
100 Staci
92 Suzy
90 Sybila
Started!
10 Alika
8 Alvera
1 Amandi
12 Bianka
2 Bride
11 Carrie
7 Demeter
14 Esther
2 Gerri
7 Gilda
7 Irene
7 Joyann
5 Karine
6 Kenna
12 Koo
10 Kristal
2 Lorain
1 Lucie
2 Lynnell
5 Maire
4 Maurine
12 Rayna
5 Roshelle
6 Shae
18 Willy
Waiting!
57 Anabal
65 Bridie
71 Clarette
55 Clarey
71 Cynde
67 Dell
61 Erica
67 Faina
63 Helga
61 Idalia
58 Jacquette
58 Latashia
73 Madlin
71 Mahalia
62 Marlyn
60 Maudie
68 Roxy
67 Selene
74 Seline
61 Tandi
71 Thomasin
65 Viola
Waiting!
34 Addy
33 Agneta
31 Arabel
41 Cam
38 Christabel
28 Demetra
36 Doroteya
45 Isis
40 Jasmin
33 Kassie
36 Lexie
39 Loren
38 Lucy
33 Melony
31 Nancie
45 Rheta
37 Selia
27 Shane
44 Shani
36 Stesha
37 Winnah
Waiting!
82 Aurelie
83 Carilyn
85 Dedie
77 Devi
86 Emeline
77 Karylin
76 Kiele
79 Leandra
85 Reba
80 Renie
78 Rodina
Waiting!
24 Aurilia
25 Callida
25 Milka
17 Monica
25 Rodi
22 Saree
22 Wren
Waiting!
91 Adore
99 Babs
98 Cilka
95 Laural
96 Maddalena
92 Pierette
91 Sada
90 Tobi
92 Ursulina
Waiting!
54 Adaline
54 Christal
49 Consuelo
50 Jazmin
53 Joann
Waiting!
12 Andi
6 Darci
13 Gussi
4 Jania
14 Matty
Waiting!
3 Danya
