Started!
49 Anissa
41 Casey
41 Clarabelle
47 Deanna
49 Fredrika
55 Luella
59 Morgen
50 Shae
52 Suellen
40 Tobey
51 Trudi
51 Zahara
Started!
92 Alyda
86 Cariotta
85 Chandra
96 Charin
94 Eloise
86 Ginnifer
89 Madelina
88 Oralie
84 Ottilie
95 Petrina
83 Vallie
99 Virgina
Started!
31 Bari
30 Carlin
24 Charyl
32 Dahlia
33 Denise
35 Esta
22 Joannes
32 Kata
36 Lottie
29 Martguerita
33 Romola
29 Ursulina
Started!
4 Agace
2 Aime
13 Aleece
4 Aurlie
7 Elisabeth
5 Genny
14 Jeri
8 Katey
7 Lorinda
13 Nalani
1 Rae
11 Xylina
Waiting!
61 Ann-Marie
61 Avie
68 Blinni
70 Cammi
60 Daisi
54 Erna
53 Layney
68 Tamarah
Waiting!
72 Angelle
74 Brittney
73 Corene
76 Gennie
79 Gigi
82 Jerrie
82 Lorena
75 Marcille
73 Mariette
71 Milena
Waiting!
16 Alli
20 Debby
22 Gerianna
12 Janot
15 Kriste
19 Licha
16 Robinia
17 Tessi
Waiting!
94 Gerry
Waiting!
48 Donica
47 Lyda
Waiting!
37 Marcella
