Waiting!
91 Agace
95 Arabelle
98 Daisi
83 Deanna
96 Donnie
90 Erna
91 Fredrika
83 Iris
96 Kathlin
92 Lacy
91 Marthe
81 Odetta
97 Oralia
97 Pat
Waiting!
12 Alyda
6 Aurlie
11 Cornelia
11 Diena
18 Elisabeth
3 Eyde
3 Felisha
13 Gisela
16 Janice
17 Nikoletta
7 Ree
22 Rhody
Waiting!
51 Agneta
43 Blakeley
58 Buffy
41 Feodora
55 Kamila
46 Myrtie
58 Romy
41 Rosella
47 Vitoria
59 Xena
47 Xylina
Waiting!
34 Annabelle
26 Bathsheba
32 Delcine
26 Ethel
36 Gayleen
36 Goldarina
35 Merl
25 Milena
27 Rora
33 Roseline
31 Tobey
27 Valli
36 Waneta
Waiting!
71 Bethena
73 Bride
70 Issy
75 Karena
79 Milka
