Started!
42 Agneta
38 Aloise
26 Ashil
34 Doralia
35 Lizzy
36 Maribeth
Started!
56 Beckie
65 Evey
70 Joelynn
63 Leyla
59 Mellicent
68 Peg
Started!
58 Afton
42 Amelina
55 Basia
51 Beverley
48 Maren
50 Rosella
Started!
79 Annabelle
85 Darlleen
89 Edeline
79 Iormina
81 Selie
81 Tasha
Started!
6 Daisi
10 Donnie
16 Nikkie
2 Tatiania
6 Velma
9 Xena
Started!
96 Celine
100 Erda
94 Lyssa
100 Ree
100 Veronique
94 Zorah
Started!
25 Colette
26 Erna
25 Laurene
19 Morena
29 Sarita
19 Tallulah
Started!
39 Austin
30 Bobette
21 Bonnee
30 Eolanda
34 Kora
32 Maurene
Started!
63 Ardisj
72 Cybill
73 Ilysa
74 Kamila
83 Leanor
81 Milka
Started!
51 Babette
46 Cody
45 Diane
42 Giulietta
50 Joeann
51 Nert
Started!
2 Anselma
6 Brena
3 Clarabelle
9 Corri
13 Essie
4 Jillian
Started!
54 Annora
57 Ardenia
55 Jeri
58 Kissie
53 Mireille
65 Susette
Started!
16 Babs
27 Brittne
10 Farica
24 Helen
19 Lora
24 Trina
Started!
81 Chad
84 Cornelia
88 Isabelle
93 Marina
90 Melitta
78 Torrie
Started!
31 Ashlan
36 Averyl
44 Malanie
31 Ofella
40 Rori
37 Valaree
Started!
59 Charissa
50 Daveen
63 Flossy
52 Ilyssa
53 Niki
55 Selia
Started!
72 Amalia
69 Annelise
77 Jyoti
74 Lorilyn
68 Maiga
70 Sasha
Started!
9 Darelle
5 Devora
4 Fanni
4 Letisha
5 Lynelle
5 Wendeline
Started!
6 Becca
15 Christiana
10 Colene
24 Farrah
16 Faunie
17 Kirby
Started!
27 Anne-Corinne
32 Augusta
26 Estell
36 Glenine
21 Katlin
30 Melosa
Started!
100 Barbaraanne
93 Corly
98 Gloria
92 Heather
99 Tami
99 Teddie
Started!
30 Biddie
38 Fannie
43 Gwendolen
45 Millicent
35 Otha
43 Teddi
Started!
58 Dotty
63 Elissa
66 Imelda
58 Melessa
61 Rebekkah
64 Ysabel
Started!
81 Anjanette
85 Anne
87 Georgine
87 Lyndsie
85 Salomi
72 Tine
Started!
59 Celesta
52 Doro
59 Heda
60 Jennica
62 Julissa
54 Shoshanna
Started!
74 Austine
72 Edwina
81 Jacintha
67 Jodie
64 Liana
65 Ninnetta
Started!
9 Berrie
13 Gelya
9 Haleigh
10 Kristyn
11 Mina
11 Winonah
Started!
72 Doloritas
64 Emlynne
72 Holly-Anne
73 Marin
71 Roda
73 Roseanne
Started!
62 Flor
67 Florence
67 Gypsy
59 Ingaborg
53 Maggie
61 Sibley
Started!
26 Bess
30 Chelsae
14 Glennie
32 Gretel
24 Lexie
22 Lynnelle
Started!
10 Eileen
15 Ginni
9 Merline
8 Nessa
4 Orelle
1 Tina
Started!
100 Audi
97 Rozele
97 Rubetta
90 Tessi
92 Vilma
94 Winifred
Started!
35 Berti
39 Constance
35 Francyne
26 Freddy
43 Kassia
38 Melisa
Started!
83 Ameline
78 Emeline
77 Lorry
85 Mallory
75 Marcile
74 Marie-Ann
Waiting!
2 Justinn
2 Kassandra
1 Nannette
2 Rozamond
3 Winnifred
Waiting!
20 Arly
21 Marget
17 Yelena
Waiting!
48 Dodie
48 Joelle
58 Marris
Waiting!
92 Gloriana
99 Sascha
Waiting!
67 Nita
64 Petronia
67 Petronilla
