Started!
54 Brittaney
58 Christalle
59 Gates
51 Jerrilyn
50 Joan
56 Kaile
62 Lee
46 Lorette
50 Lynnell
61 Magdalen
49 Marcie
51 Margeaux
47 Nettle
44 Nicole
50 Tallia
54 Tonie
Started!
86 Annalee
75 Celene
84 Cookie
87 Delly
89 Frederique
75 Idelle
79 Jolie
90 Katlin
88 Lacie
85 Lanita
92 Lib
80 Melodee
81 Moina
94 Shandee
85 Simonne
77 Tove
Started!
6 Batsheva
5 Bette-Ann
4 Blondell
8 Donella
8 Emmaline
4 Evaleen
4 Gratiana
9 Hannah
6 Jacquetta
9 Joane
2 Nance
5 Shae
6 Sherri
2 Stevana
3 Valry
12 Winifred
Started!
42 Adeline
40 Alli
32 Christie
49 Erna
46 Fancie
43 Gwennie
32 Jodee
45 Kiele
35 Melisande
47 Michelle
39 Noami
44 Sorcha
42 Stepha
39 Viola
40 Virginie
52 Yolanthe
Started!
26 Allene
17 Brandise
28 Dyanna
19 Edna
20 Janean
23 Jinny
22 Kelly
27 Laina
31 Malanie
30 Minny
30 Nanice
22 Nerta
29 Rasla
15 Siana
14 Tobe
25 Tomi
Waiting!
72 Audrie
67 Colline
57 Katleen
65 Kordula
62 Nani
68 Nicoli
63 Nyssa
62 Perrine
70 Stacy
74 Taffy
69 Vanna
Waiting!
98 Alane
100 Arlana
94 Belia
93 Corette
98 Drusilla
91 Elana
97 Hendrika
100 Janis
94 Krystalle
96 Maryanne
96 Petunia
98 Raye
92 Sarita
Waiting!
56 Blondelle
56 Jobina
54 Lorrie
55 Roseanne
55 Willa
Waiting!
2 Anthia
5 Bamby
4 Camellia
12 Deedee
6 Deidre
9 Kassey
1 Patrizia
10 Sabina
8 Salomi
5 Tedra
Waiting!
26 Alberta
23 Beth
22 Christin
18 Elie
24 Geralda
27 Leonie
22 Maure
18 Michaeline
20 Sarette
18 Selene
27 Tami
Waiting!
31 Arlyne
37 Austine
29 Cathie
40 Niki
Waiting!
79 Hollie
86 Julienne
