Started!
59 Candy
52 Lora
54 Malinde
51 Marcelline
53 Michelina
52 Minnie
57 Myriam
56 Timmy
59 Toinette
Started!
9 Adeline
13 Alma
6 Benni
23 Brandise
8 Christie
18 Goldarina
15 Hendrika
16 Lonnie
8 Vanna
Started!
37 Charis
27 Dasha
32 Dela
19 Dorree
24 Ebba
27 Karilynn
20 Max
30 Nicky
37 Rozalie
Started!
54 Aryn
44 Cally
39 Georgine
49 Gretna
53 Junia
41 Malina
45 Nance
44 Sidoney
49 Zea
Started!
91 Britteny
73 Colline
83 Harlie
77 Jaclyn
82 Lyndel
84 Malva
78 Matty
80 Reine
78 Sheila-Kathryn
Started!
100 Celestine
99 Deeyn
94 Georgeanna
98 Hattie
93 Karlotta
95 Melisse
99 Pippa
91 Roseann
99 Roxane
Started!
3 Bernadene
4 Beryle
10 Carmelle
5 Claudetta
2 Corabella
11 Izabel
2 Lorena
3 Mabelle
1 Monika
Started!
67 Blondell
69 Dinah
68 Joane
60 Melly
64 Melodee
60 Molly
70 Selene
57 Tanitansy
66 Vilhelmina
Started!
88 Abigale
82 Dora
81 Dot
80 Fredelia
82 Janis
89 Katharina
87 Lida
93 Maren
81 Sorcha
Started!
17 Abagael
7 Alida
13 Cherianne
21 Dosi
11 Heather
19 Kayla
18 Margery
12 Niki
10 Virginie
Started!
47 Esta
47 Harmonia
47 Kaleena
38 Letti
48 Mercy
51 Retha
38 Saloma
45 Tiertza
52 Valentia
Started!
33 Carla
36 Christean
25 Christin
30 Isabelita
25 Joli
33 Odilia
42 Orelie
29 Susana
35 Terza
Started!
88 Debra
79 Jodee
87 Leonelle
90 Nyssa
88 Orelia
78 Pandora
88 Starlene
84 Tally
86 Tilda
Started!
20 Ashlan
18 Aurlie
21 Esma
22 Gwenny
22 Isidora
17 Jacquelynn
21 Morgan
23 Oona
19 Ronica
Started!
11 Cecilla
9 Elana
1 Halette
8 Jilli
7 Krystalle
11 Manya
7 Melitta
3 Riane
6 Tildi
Started!
97 Arluene
90 Barbaraanne
95 Clara
96 Dorice
88 Hedi
90 Malena
96 Peta
98 Shandee
97 Siana
Started!
59 Brita
55 Corette
40 Ginelle
41 Greta
53 Idaline
55 Kylen
50 Lark
52 Mair
41 Rosalynd
Started!
52 Anna-Maria
63 Charmaine
53 Danit
61 Giulia
65 Giustina
63 Jasmina
54 Marj
64 Sallyann
65 Shoshanna
Started!
84 Clementia
92 Dode
79 Gayla
95 Jenny
89 Leland
85 Malissia
79 Natalie
84 Rhianna
89 Zena
Started!
63 Alexina
78 Barby
73 Elene
72 Gwenneth
78 Jere
82 Karen
64 Lindie
68 Meghann
75 Sissie
Started!
19 Carlin
17 Carol
21 Dalia
19 Fallon
12 Jammie
25 Lurline
28 Melania
21 Sadella
25 Salome
Started!
36 Adelle
31 Beulah
40 Bria
37 Carin
34 Cassondra
32 Gwyneth
35 Lauryn
30 Olivie
34 Reeva
Started!
90 Allyson
97 Bette-Ann
89 Ebonee
95 Genovera
99 Libbey
100 Ophelia
90 Pavla
98 Rana
90 Rochette
Started!
12 Antonietta
12 Kat
6 Minna
11 Pansy
9 Rhoda
8 Stacey
8 Tamar
16 Therese
2 Wenonah
Started!
39 Atalanta
56 Catarina
50 Kyla
56 Peg
58 Roselin
49 Sheela
53 Trudi
48 Valencia
51 Valentine
Waiting!
23 Beverly
29 Cammi
21 Edythe
32 Leanora
22 Marji
24 Mellie
Waiting!
61 Belinda
53 Darice
54 Jenn
64 Kathe
51 Leta
59 Mira
60 Nichol
Waiting!
45 Allyn
41 Hedvig
39 Jacki
39 Kaila
39 Krystal
37 Liuka
36 Rozina
Started!
83 Alysia
86 Carlee
95 Gratia
87 Leoline
82 Magdalene
91 Matti
81 Rubina
93 Seka
93 Zaria
Waiting!
9 Hanna
5 Marley
Waiting!
70 Dani
74 Eva
76 Lenette
Waiting!
94 Abbi
96 Betteanne
