Waiting!
26 Ardella
32 Audrey
20 Bathsheba
20 Becka
20 Berna
18 Carlotta
36 Clari
26 Dehlia
29 Drusie
30 Dulcinea
35 Fania
30 Joanne
18 Laure
19 Leah
34 Lyndel
24 Mariya
31 Mehetabel
29 Myriam
21 Natalya
19 Noell
26 Orelia
25 Othilia
25 Roda
25 Sheela
17 Tilda
19 Wendi
Waiting!
90 Allx
86 Belva
76 Beryle
92 Betti
90 Birgitta
85 Blair
93 Brittney
88 Cassondra
94 Cathy
84 Christy
90 Dasha
92 Dulciana
81 Elisabetta
86 Emogene
87 Florina
79 Isabelita
74 Kaleena
78 Katharina
88 Lilli
92 Marietta
90 Marinna
89 Marjy
88 Milli
84 Oliy
74 Roch
94 Terza
91 Willette
Started!
55 Allegra
58 Anastasia
49 Angelika
57 Anstice
59 Ashley
60 Brit
59 Carroll
52 Celle
46 Claresta
54 Dacy
58 Demetria
49 Elayne
53 Eve
42 Hollyanne
55 Jacynth
56 Janaye
45 Janelle
57 Julita
45 Kariotta
48 Lanita
59 Leyla
52 Livvie
53 Lora
61 Malinde
54 Nertie
55 Rori
54 Rosabella
45 Shalne
58 Vevay
Waiting!
64 Cele
73 Cherilynn
71 Christiana
71 Deeyn
70 Ginnifer
66 Jaquith
64 Marketa
73 Merle
69 Merrilee
73 Nicholle
67 Nonna
73 Randy
73 Sofie
73 Trude
64 Valene
64 Zora
Waiting!
12 Ainslee
9 Bernardine
7 Celestine
4 Channa
2 Dorene
5 Edith
12 Germain
4 Junette
11 Lorena
5 Lynnett
12 Madalyn
12 Mickie
11 Misty
6 Pansie
12 Rebecka
9 Theadora
Waiting!
99 Agneta
97 Betsy
96 Manda
96 Melodee
100 Miran
98 Norrie
Waiting!
15 Caressa
15 Sephira
Waiting!
40 Berty
38 Cristin
48 Marni
50 Mignon
Waiting!
55 Deanna
52 Isidora
56 Maurise
54 Rorie
