Started!
32 Aggi
22 Brandice
31 Donia
20 Dusty
22 Gloriane
31 Golda
18 Jenifer
25 Kalindi
13 Mireille
14 Ninnetta
24 Nonna
22 Tabitha
Started!
73 Bobby
72 Charlena
69 Dacie
63 Desiree
61 Elene
70 Emmye
63 Leila
76 Marjory
65 Meryl
66 Randy
79 Sibylle
73 Ted
Started!
3 Cherey
5 Estella
5 Evangelin
13 Kassey
1 Katharina
5 Lanita
5 Roana
10 Row
4 Savina
8 Sofie
6 Trude
9 Willette
Waiting!
34 Chery
42 Elena
33 Harrietta
42 Jacinda
25 Johnette
31 Vinny
Waiting!
81 Belia
89 Berty
91 Cymbre
90 Elvira
91 Hollyanne
90 Joellen
94 Lucine
90 Rosalinda
Started!
57 Alberta
51 Angy
47 Benedetta
50 Candra
46 Cortney
57 Daile
56 Debor
58 Emilee
47 Gaylene
48 Neely
48 Philippine
48 Sadye
Waiting!
66 Berenice
74 Charita
65 Darci
63 Edith
73 Maris
66 Melisse
61 Nicholle
57 Theresina
Waiting!
52 Brandise
53 Meggy
Waiting!
79 Brigitta
76 Glennie
Waiting!
18 Chelsy
22 Elayne
