Started!
95 Kissie
98 Veronica
92 Yvette
Started!
86 Gabie
78 Greta
73 Irene
Started!
53 Anna
60 Elinore
60 Frieda
Started!
38 Darcie
47 Judy
41 Nelia
Started!
92 Amata
92 Rozanne
97 Timothea
Started!
20 Darci
18 Lindsay
16 Minette
Started!
33 Chrysa
36 Stormi
36 Virginia
Started!
12 Dusty
5 Gaynor
8 Phyllis
Started!
66 Beverie
61 Doralyn
67 Kristel
Started!
12 Jacinta
12 Jeanne
9 Myrtie
Started!
84 Adelind
77 Hynda
79 Tandie
Started!
56 Celine
51 Emalia
53 Krysta
Started!
34 Deanna
43 Kelila
36 Tamarah
Started!
9 Jean
12 Phylis
14 Selina
Started!
30 Flora
23 Henrie
21 Sabina
Started!
78 Dita
78 Kimberly
78 Ora
Started!
43 Alethea
39 Cthrine
38 Dani
Started!
98 Clio
91 Kamillah
84 Meggie
Started!
58 Dacia
68 Dorolisa
52 Nona
Started!
33 Diahann
23 Jania
32 Jasmin
Started!
47 Caroljean
51 Joice
54 Stepha
Started!
62 Clemmie
58 Iseabal
62 Shandra
Started!
24 Bria
13 Deina
19 Meagan
Started!
1 Briny
8 Carie
7 Gerry
Started!
25 Lorinda
35 Paloma
36 Wynnie
Started!
23 Claire
31 Leanor
29 Maddalena
Started!
10 Georgeta
11 Hedwiga
20 Trescha
Started!
80 Catharina
76 Flore
85 Netta
Started!
36 Darlleen
42 Marcelle
42 Mickie
Started!
31 Jennie
28 Laraine
28 Tyne
Started!
39 Katalin
36 Natalya
33 Stacy
Started!
77 Bevvy
85 Fredra
79 Rochella
Started!
5 Dawna
6 Elayne
14 Sianna
Started!
59 Cissiee
64 Gerti
59 Oliy
Started!
3 Addie
12 Karine
3 Laurie
Started!
93 Griselda
96 Jaimie
94 Laure
Started!
53 Darsey
55 Kirstin
47 Rosene
Started!
14 Katherina
13 Kristy
11 Olia
Started!
43 Anna-Diana
49 Mattie
36 Rhetta
Started!
28 Conny
28 Maurene
26 Ninetta
Started!
71 Audy
80 Cassie
70 Dodi
Started!
43 Daune
39 Lillian
32 Umeko
Started!
91 Darla
97 Franky
96 Malory
Started!
53 Emmalyn
55 George
47 Janene
Started!
20 Chanda
12 Loleta
11 Wendye
Started!
32 Dorene
23 Ginni
31 Jana
Started!
66 Leann
74 Lynnet
68 Natalee
Started!
87 Jewel
83 Mignon
88 Sherye
Started!
2 Carmita
5 Inesita
10 Kizzie
Started!
78 Clea
85 Gray
76 Nada
Started!
43 Bertina
35 Floris
43 Suzie
Started!
68 Camel
66 Emyle
63 Piper
Started!
97 Barby
96 Brittni
95 Jasmine
Started!
50 Amalee
57 Angeline
53 Ayn
Started!
2 Caria
2 Celinka
8 Kathye
Started!
79 Ailina
83 Jodee
70 Lyndel
Started!
94 Roselle
97 Valenka
97 Xylia
Started!
21 Pennie
17 Sissie
17 Willow
Started!
91 Collie
76 Marysa
85 Sidonnie
Started!
64 Danette
71 Jaquelyn
71 Lexis
Started!
55 Krystalle
50 Mora
50 Shaina
Started!
11 Elie
13 Hyacinth
4 Leilah
Started!
92 Chrystal
99 Lizzy
97 Romonda
Started!
62 Cinnamon
72 Netty
68 Petronille
Started!
48 Ann-Marie
46 Rebekkah
54 Shirl
Started!
60 Jennette
56 Leticia
66 Minda
Started!
71 Karie
71 Lonna
65 Martita
Started!
30 Bethena
26 Carolann
22 Emmey
Started!
93 Josefa
83 Nathalie
83 Nina
Started!
32 Pollyanna
22 Sherie
32 Yoshi
Started!
84 Estrellita
80 Loree
82 Mary
Started!
48 Cahra
51 Florentia
57 Odilia
Started!
19 Devondra
21 Lorrie
23 Zitella
Started!
30 Gabriellia
22 Noni
26 Robbyn
Started!
5 Eunice
10 Jessica
14 Tommie
Started!
31 Kalindi
38 Kassia
38 Risa
Started!
65 Mildrid
63 Milzie
69 Roseanne
Waiting!
82 Caron
72 Darelle
Waiting!
53 Marquita
Waiting!
83 Adella
