Started!
7 Aggy
18 Agnesse
19 Aliza
13 Alyss
11 Aura
13 Brandais
14 Britte
16 Brunhilda
4 Carri
18 Clarabelle
18 Ethel
7 Faydra
18 Garnette
15 Jeanette
9 Jenna
6 Jessi
13 Kara
3 Kara-Lynn
5 Kelly
7 Kimmi
8 Lanni
1 Lucita
11 Mady
7 Malory
9 Manda
1 Orel
1 Perle
8 Philippa
16 Shirline
11 Tabatha
Started!
46 Adelle
46 Anni
48 Cacilie
62 Catharina
58 Cecily
46 Claire
62 Corrie
59 Devondra
47 Elva
49 Enrichetta
57 Gabbi
55 Germana
52 Helaine
52 Henrie
51 Jackqueline
46 Kassi
56 Klarrisa
62 Linell
45 Lynne
58 Mara
62 Nelli
46 Raeann
55 Rhoda
46 Rianon
53 Stormie
46 Tessi
65 Vina
59 Wandie
47 Ysabel
62 Zorah
Started!
36 Agace
33 Annette
32 Anthia
41 Belia
33 Carolee
36 Celie
36 Celina
36 Chryste
33 Colene
39 Corrina
48 Darline
34 Dinah
42 Dolley
39 Dory
43 Eachelle
32 Felita
32 Fifine
39 Georgiana
43 Ginnifer
42 Joye
41 Marketa
35 Marthe
42 Meredithe
32 Miguelita
39 Oriana
34 Petronilla
35 Rayshell
33 Renae
38 Rhianna
41 Teriann
Started!
69 Afton
78 Alecia
76 Anjela
79 Arlen
72 Britni
70 Carmita
75 De
81 Fionnula
67 Gertruda
78 Gleda
71 Idaline
71 Jemie
68 Karyn
72 Kate
79 Latrina
79 Leontyne
80 Lona
74 Lydie
78 Marita
71 Nollie
72 Portia
79 Reba
73 Rici
66 Rickie
75 Rochelle
68 Sandye
68 Shalna
68 Sheryl
70 Teresita
68 Wendi
Started!
88 Abbye
89 Andree
88 Annis
90 Bobbe
88 Brandea
98 Caterina
84 Cindy
92 Cloe
78 Collen
90 Crin
88 Danica
92 Darell
94 Denni
90 Dinnie
90 Dorene
96 Dorthea
97 Fidela
84 Gray
84 Helen
96 Helga
83 Helli
95 Jaquith
88 Jody
90 Karalynn
87 Leigh
92 Marice
83 Millie
89 Pen
87 Raquel
85 Rhodia
Started!
29 Adrianne
24 Anya
17 Austine
17 Belvia
23 Camel
28 Crystal
22 Daffie
23 Delphinia
26 Emili
30 Flossie
23 Garnet
29 Hatty
22 Holli
24 Jeana
23 Karlyn
22 Lexi
15 Lila
25 Mariya
21 Marylin
26 Meagan
19 Nanny
26 Nanon
30 Nelie
15 Opalina
27 Rheta
20 Rhodie
24 Rivy
28 Rorie
24 Rosemary
21 Sibyl
Waiting!
96 Cecilia
96 Corny
97 Dulcea
99 Grayce
100 Junette
100 Lily
99 Michelina
90 Nell
97 Pavia
96 Sean
Waiting!
3 Arline
6 Carmelle
6 Deny
3 Helyn
11 Madelyn
2 Myra
7 Stephine
Waiting!
69 Andrea
70 Arlyne
61 Cally
66 Colline
61 Dana
61 Ebba
56 Eunice
61 Janean
60 Jasmin
67 Jeralee
69 Martelle
68 Rica
67 Thomasin
70 Yasmin
Waiting!
85 Darleen
81 Felicia
83 Lynnette
77 Mureil
77 Neila
79 Ray
Waiting!
40 Abigale
41 Adelina
48 Arlena
37 Devan
35 Janice
53 Kaylil
43 Lynnell
49 Marsiella
48 Maurizia
47 Randy
40 Rita
43 Rona
37 Sissy
47 Thomasina
33 Vanessa
Waiting!
22 Cairistiona
17 Camella
27 Freddi
18 Hanna
22 Joline
19 Karilynn
18 Kip
19 Mirabel
25 Pansy
25 Trudie
Waiting!
13 Gipsy
