Started!
45 Antonietta
44 Brittne
31 Daniele
38 Diane
34 Drucill
30 Emmaline
39 Evie
49 Gertrude
47 Ginnifer
41 Giustina
49 Hyacinth
46 Jaclyn
29 Janice
37 Jordanna
32 Juliane
35 Loraine
40 Odella
43 Sarette
48 Sylvia
33 Tessa
46 Theo
31 Thomasin
49 Vanda
Started!
20 Agathe
23 Aindrea
27 Andrea
22 Anita
22 Cammie
28 Cathe
15 Consolata
15 Corabella
27 Denna
15 Felecia
22 Gayla
12 Gwendolen
12 Jaquelin
23 Joana
20 Lorrie
13 Lynnette
19 Marcelline
28 Melinda
12 Patrica
19 Sally
20 Selena
25 Shirl
26 Valene
Started!
88 Annmaria
100 Cammi
87 Ernestine
99 Francyne
98 Halley
96 Jaquelyn
95 Karilynn
96 Kip
95 Leoine
91 Leonelle
100 Lethia
100 Lisha
91 Mamie
100 Maribelle
91 Marybelle
87 Michaelina
95 Odetta
93 Pamelina
99 Rani
99 Ranice
86 Reiko
97 Tracee
98 Viviana
Started!
62 Abby
56 Adrianna
57 Anderea
65 Arluene
56 Bobine
60 Caresa
61 Celina
58 Channa
68 Dorree
69 Elisha
55 Ellene
60 Gabriell
58 Glennie
64 Kerry
68 Kristi
56 Lisette
68 Melisent
59 Nancey
73 Rivkah
56 Sacha
58 Selia
72 Shannah
56 Tobe
Started!
78 Alexine
80 Andromache
75 Chrissy
76 Clareta
83 Con
72 Cyndy
79 Erin
80 Franciska
75 Gwenora
83 Ilene
83 Jeni
75 Letisha
81 Lynea
82 Marie-Ann
85 Maurizia
71 Miguela
84 Missy
79 Morna
82 Othilia
89 Pansie
76 Ranique
90 Rickie
78 Rosabel
Started!
2 Anya
6 Cacilia
2 Catrina
3 Celesta
9 Colly
5 Doreen
9 Ebonee
11 Essa
8 Kati
7 Kiley
3 Margarethe
11 Merla
3 Mommy
12 Nadean
7 Quentin
5 Shalne
5 Sophia
7 Stacie
6 Tamarah
9 Timmi
10 Tobye
2 Ursala
3 Wileen
Started!
55 Addia
51 Alyda
56 Anthea
56 Aubry
49 Barbe
56 Berni
56 Carroll
55 Clem
55 Darcy
48 Darrelle
48 Daryl
45 Dyan
53 Emmalee
48 Heidi
53 Julita
47 Lexi
55 Nancie
49 Olimpia
48 Sib
50 Tawsha
51 Trixie
50 Viviene
43 Winne
Waiting!
16 Adora
12 Ag
18 Agace
15 Agretha
28 Cayla
28 Celka
9 Charita
21 Clemmy
17 Cris
19 Elwira
21 Flor
14 Glenda
19 Jackqueline
23 Kaycee
24 Mariette
17 Orelle
9 Shirley
12 Sileas
17 Stephine
19 Twyla
9 Venus
12 Vittoria
Started!
68 Anastasie
63 Andriana
62 Becky
69 Bianca
69 Cristina
59 Donnamarie
59 Dori
63 Gert
62 Judith
64 Kali
71 Kalina
64 Larissa
68 Lillis
69 Merralee
71 Merrile
73 Nelle
67 Rorie
65 Roxie
68 Sheilah
64 Sioux
69 Tine
62 Torrie
77 Wendy
Waiting!
35 Bobbye
29 Calypso
34 Claudina
30 Eimile
32 Luella
33 Marys
37 Melodee
29 Miriam
33 Patsy
39 Reina
Waiting!
91 Amity
99 Bella
99 Eveline
100 Griselda
93 Layla
94 Modesty
95 Perrine
99 Phaedra
90 Rozina
90 Suzanne
95 Thalia
99 Winni
Waiting!
1 Agnesse
5 Effie
1 Madelena
Waiting!
40 Elisabet
45 Jenn
40 Lilla
Waiting!
81 Annabelle
82 Ardra
79 Barbie
88 Enid
88 Fifine
80 Goldie
83 Issie
82 Juanita
86 Letta
Waiting!
61 Ariana
