Started!
42 Allx
31 Annmarie
34 Aubree
38 Gert
31 Janaya
42 Saraann
37 Suzanne
31 Vinni
Started!
80 Beatrisa
73 Cariotta
74 Casi
72 Corine
77 Guillemette
73 Kerri
64 Mellie
67 Valentina
Started!
40 Chandra
57 Eddi
47 Gusty
56 Imelda
51 Michelle
57 Nadean
48 Nikaniki
47 Sylvia
Started!
23 Bella
22 Bridie
19 Constantia
9 Emelita
4 Emma
21 Lana
5 Margarete
14 Maudie
Started!
69 Anet
60 Annaliese
64 Brianna
65 Dianemarie
54 Iormina
52 Irena
60 Kari
53 Maisey
Started!
82 Agretha
98 Demetris
83 Dina
98 Elfreda
94 Ethelin
92 Ira
96 Ruby
86 Terri
Started!
2 Amalle
10 Annabal
4 Charline
3 Elladine
12 Flossie
3 Jesse
10 Zandra
3 Zoe
Started!
75 Alyda
72 Dalia
74 Goldina
80 Marice
67 Marjory
66 Rowe
79 Ruth
77 Walliw
Started!
23 Dannie
22 Gloriana
14 Mag
26 Mel
18 Melisande
24 Melosa
19 Ninetta
14 Reiko
Started!
36 Alysia
41 Bobbye
39 Bonny
35 Cybill
36 Georgeta
31 Krissy
32 Lorry
40 Ronny
Started!
88 Astrid
89 Babara
88 Babbette
94 Emeline
93 Kevina
98 Kirsti
86 Salli
88 Sherie
Waiting!
13 Amara
19 Carlina
19 Diandra
27 Ines
13 Lexy
19 Rosemaria
15 Shandeigh
Waiting!
40 Ashil
44 Devonne
47 Janice
36 Robina
Waiting!
85 Cherise
96 Darrelle
86 Elbertina
89 Lelia
77 Marj
80 Rosemary
81 Tabitha
Waiting!
3 Helene
7 Rebekah
Waiting!
59 Cheslie
