Started!
93 Jean
99 Margaretta
83 Melisande
93 Oliy
Started!
65 Gypsy
55 Harri
60 Lianna
72 Rebbecca
Started!
16 Cleo
20 Livia
19 Martica
13 Philly
Started!
96 Arabela
99 Cayla
99 Cheri
92 Eolande
Started!
1 Celisse
10 Diannne
1 Krissie
1 Nell
Started!
16 Christi
24 Jaquenette
14 Karoline
14 Tim
Started!
38 Aurelia
52 Loella
47 Meredithe
40 Mersey
Started!
25 Idalina
30 Kandy
28 Kerianne
36 Peggi
Started!
59 Berget
59 Madelina
49 Nichol
54 Winne
Started!
55 Alfreda
53 Kaja
55 Lucie
46 Salomi
Started!
7 Margi
1 Modestia
3 Sarene
9 Tomasine
Started!
65 Arlinda
66 Cristi
63 Deonne
65 Kipp
Started!
30 Elyssa
31 Ilyssa
35 Ina
32 Nettie
Started!
84 Carmelina
77 Collie
76 Holly-Anne
68 Kristien
Started!
28 Albina
29 Ermentrude
11 Idette
19 Tessy
Started!
35 Pammy
31 Prudence
37 Rycca
41 Simona
Started!
85 Cheslie
88 Coletta
97 Devonna
87 Tamarah
Started!
44 Celinda
42 Damita
53 Doro
53 Storm
Started!
71 Livvie
54 Phebe
62 Stefania
53 Yelena
Started!
30 Ethyl
25 Ginnifer
34 Merline
19 Sophi
Started!
73 Ashlan
68 Corly
76 Peg
74 Vivienne
Started!
11 Annice
6 Leonelle
13 Nicola
18 Patti
Started!
40 Katy
37 Kelcie
41 Kellie
27 Vitoria
Started!
56 Andriette
54 Genevra
60 Madelin
49 Suzette
Started!
42 Cherey
37 Fred
34 Malissa
40 Marrissa
Started!
6 Amie
7 Daloris
5 Ingaborg
14 Steffie
Started!
12 Angelique
18 Fernande
15 Henrie
14 Ianthe
Started!
60 Amy
69 Florentia
67 Gerri
63 Moina
Waiting!
2 Kimmie
1 Valry
Waiting!
41 Gilligan
48 Shelbi
Waiting!
16 Brinna
25 Vinni
Started!
67 Eloisa
77 Gael
62 Johnette
60 Wendie
Waiting!
86 Emlynn
Waiting!
65 Carolyn
63 Dorrie
