Started!
77 Arlyne
78 Ceil
74 Cloris
83 Debby
72 Eleanor
77 Gina
73 Jessa
70 Karin
78 Kathi
81 Kesley
80 Lizzie
77 Maddy
89 Maryanna
87 Melisande
70 Merrile
85 Nananne
87 Paula
77 Polly
76 Sandie
76 Stacee
89 Timmie
Waiting!
18 Berna
14 Dacey
16 Editha
17 Gui
24 Jeanne
22 Jocelyne
9 Karee
18 Kelsy
26 Leslie
27 Letisha
10 Lyssa
19 Marge
23 Moyna
24 Rebbecca
28 Sarajane
Waiting!
5 Aarika
7 Anna-Maria
5 Eleonore
2 Jeannine
7 Mattie
4 Saudra
5 Sisely
Waiting!
33 Angeline
36 Bessie
36 Breena
29 Lorena
30 Lyndsay
38 Sallie
Waiting!
59 Alta
63 Bobette
57 Diena
56 Dyanna
51 Henrieta
61 Jackqueline
53 Karyn
61 Kaycee
68 Linnie
67 Mari
53 Mariam
58 Marisa
55 Marjory
66 Nadiya
56 Sabrina
51 Violette
60 Willy
Waiting!
47 Davine
41 Gavra
46 Ibby
42 Joann
48 Lindy
43 Micaela
42 Yolane
Waiting!
99 Elmira
91 Valida
Waiting!
74 Sibley
