Started!
72 Ailsun
90 Ainslee
76 Ardeen
76 Ashli
88 Dulsea
86 Ebonee
81 Ediva
80 Elfie
90 Glenna
79 Hedda
83 Hedwig
86 Lynea
71 Malina
83 Meaghan
73 Myrle
76 Olva
90 Ricca
72 Shelba
71 Susanetta
Started!
65 Adi
61 Andrea
55 Aubree
58 Beatriz
62 Beth
61 Caitlin
70 Christina
62 Druci
67 Gina
62 Jaclyn
56 Jasmine
61 Jeannine
64 Marena
59 Merrilee
59 Rici
70 Rosalinda
62 Sarina
59 Tiertza
69 Tricia
Started!
25 Agathe
31 Annora
30 Anstice
34 Didi
16 Elicia
29 Fredericka
17 Kailey
34 Kaylyn
22 Kerstin
25 Lotte
34 Lula
26 Martelle
35 Melinda
25 Mia
35 Rani
17 Row
25 Rowe
35 Sacha
29 Zsazsa
Started!
48 Amelie
53 Auguste
43 Berti
55 Breena
47 Britteny
41 Channa
53 Clareta
43 Con
50 Cristal
47 Doria
39 Fifine
40 Lilllie
50 Maurise
45 Maurita
49 Odetta
56 Taryn
43 Tory
50 Viviene
57 Wileen
Waiting!
100 Adore
99 Aviva
99 Bobbee
95 Christan
97 Elbertina
97 Emmaline
100 Guillemette
97 Hedvige
96 Jess
99 Loretta
100 Michaella
96 Misti
92 Nancie
95 Ondrea
91 Ranna
93 Rhea
95 Sukey
99 Willie
Started!
3 Amie
11 Arluene
2 Bobine
11 Donella
10 Dorrie
3 Evanne
1 Francoise
10 Jacinthe
6 Jaquelyn
3 Karmen
8 Maurene
5 Mercy
10 Myrta
5 Nathalie
4 Prissie
6 Rianon
8 Ruthann
2 Tootsie
8 Zabrina
Started!
13 Amalia
13 Amandie
20 Asia
15 Aura
7 Calypso
13 Cathie
10 Celinka
14 Corabella
15 Doreen
9 Drucie
9 Geralda
8 Guillema
14 Johnath
18 Krystyna
21 Maisie
21 Marijo
18 Merna
15 Nicolina
21 Pen
Started!
38 Alejandra
30 Anet
42 Bernelle
37 Charity
29 Christal
30 Cynthia
34 Ferdinande
32 Joycelin
27 Lani
44 Loutitia
32 Marcie
36 Marin
35 Meggie
37 Melody
45 Oralla
37 Ottilie
38 Randi
33 Robbin
28 Wilona
Waiting!
86 Casie
87 Dorise
83 Florie
81 Georgena
83 Glenda
82 Ilene
87 Jena
89 Kip
87 Melitta
89 Miriam
87 Nadean
87 Patsy
86 Randee
82 Reyna
83 Shoshana
79 Stacie
77 Talia
88 Vickie
Waiting!
76 Adora
68 Amity
66 Candida
75 Cass
68 Celine
66 Freddy
68 Irina
74 Jessamine
68 Joellyn
76 Rica
76 Sarajane
72 Valentine
Waiting!
6 Aubrie
10 Brandy
2 Dasi
10 Enid
2 Erika
11 Lenka
10 Ricky
2 Valencia
Waiting!
55 Bab
57 Celka
52 Charis
58 Clarey
62 Georgina
53 Jeanine
53 Joellen
62 Kimbra
61 May
52 Olivette
61 Stevana
55 Tine
58 Violette
56 Wandis
Waiting!
22 Angy
20 Aridatha
16 Danit
29 Dasha
21 Fae
26 Heidi
31 Jeana
21 Jilleen
20 Karlotte
31 Meggi
17 Shayne
21 Valery
Waiting!
42 Beverley
47 Brigid
45 Jeralee
44 Joli
38 Kamilah
39 Katalin
48 Margarete
50 Tiphani
38 Waneta
