Waiting!
49 Aeriell
58 Audie
56 Brande
61 Brandy
50 Cheslie
56 Dani
59 Danit
65 Diann
63 Dredi
52 Elsey
65 Gayle
65 Gloriana
52 Marge
51 Marietta
51 Maryjo
51 Nadya
62 Noelyn
61 Quinta
60 Ranique
52 Suellen
Started!
5 Anabel
11 Ashlie
8 Beret
11 Bettine
15 Camille
4 Cornela
10 Daryn
10 Debby
11 Donelle
7 Dosi
5 Gennie
6 Grace
11 Gusty
7 Jennifer
7 Jillene
15 Kania
6 Kippie
11 Maible
6 Nadiya
9 Sarina
5 Ursola
Started!
27 Alyse
21 Amitie
24 Carilyn
31 Cordie
18 Corinne
16 Damita
23 Doloritas
30 Gerti
28 Ginnifer
18 Ivonne
31 Karyn
28 Leandra
31 Lela
26 Leonanie
31 Lilyan
22 Livy
20 Margaretha
18 Minnnie
25 Miriam
20 Patricia
26 Shaylyn
Waiting!
80 Binni
86 Bonnibelle
87 Camala
83 Cathryn
85 Ellie
79 Faun
95 Francoise
78 Hyacinth
83 Ivie
95 Julee
77 Juli
85 Kellie
90 Leelah
92 Lizzie
78 Lyssa
75 Marline
87 Nelly
76 Shirlee
82 Tamma
94 Theo
Waiting!
96 Jacquenetta
100 Jania
98 Timmie
Waiting!
40 Alla
38 Carey
33 Corri
39 Danell
43 Esmeralda
35 Glenine
40 Ingaborg
25 Marisa
40 Nikkie
26 Orsola
34 Wenonah
26 Ynes
38 Zea
Waiting!
68 Ardelle
69 Shanna
67 Sylvia
Waiting!
16 Merl
Waiting!
45 Francisca
44 Ofilia
