Started!
1 Anjela
7 Darbie
12 Leena
17 Leshia
7 Marcy
10 Nissa
Started!
35 Berni
27 Chandra
37 Gwennie
22 Kenna
35 Mella
27 Rodi
Started!
38 Agretha
45 Diann
36 Jodee
42 Miriam
47 Moselle
35 Octavia
Started!
62 Elicia
60 Masha
56 Nadiya
55 Riannon
53 Savina
55 Vyky
Started!
90 Aura
99 Carey
95 Doti
87 Kial
94 Lexie
88 Roberta
Started!
77 Elsey
84 Hedi
78 Inesita
79 Juliana
76 Natividad
84 Tova
Waiting!
3 Debby
7 Felicle
5 Jeni
3 Oralie
Waiting!
19 Devin
17 Gerda
23 Janella
17 Jocelyn
16 Violante
Started!
44 Danila
43 Justinn
34 Korney
48 Nicoli
40 Stacie
44 Teriann
Waiting!
71 Anthia
81 Camel
69 Cheslie
71 Dorie
73 Lori
Waiting!
88 Pegeen
88 Vivyanne
Waiting!
50 Ada
42 Britni
40 Edee
47 Lolita
60 Maryanna
