Started!
59 Bernelle
51 Caril
60 Carilyn
51 Celka
49 Elga
68 Ema
69 Emmalynn
69 Franky
50 Jeralee
59 Kelsi
68 Marla
61 Natala
52 Olivette
58 Paola
60 Rhoda
51 Sherri
51 Wendi
55 Xylia
55 Yoshiko
Started!
20 Adiana
18 Ardys
9 Bonnibelle
19 Carla
7 Dixie
16 Elsi
10 Enriqueta
19 Erin
25 Hallie
5 Helge
24 Imelda
22 Jacinthe
5 Jordain
21 Katheryn
7 Lisetta
12 Mahala
17 Sara
15 Shane
14 Tracie
Started!
95 Alaine
87 Anthe
87 Betta
91 Charmion
98 Coleen
88 Helli
94 Lory
85 Lynette
94 Lynnett
87 Marge
98 Maure
95 Nissy
94 Olivia
96 Pammy
90 Rosalynd
93 Roxanna
96 Shelia
100 Sindee
89 Zea
Started!
43 Austin
27 Carlen
31 Drusilla
32 Elissa
37 Fancy
46 Halimeda
41 Hilary
32 Karola
28 Kirby
31 Kriste
45 Krystyna
27 Lorine
36 Madalyn
36 Rici
33 Sibby
31 Torey
32 Veronique
38 Xena
42 Ynez
Started!
72 Adaline
78 Allis
80 Aubrie
80 Aurora
79 Cosetta
71 Dedie
81 Elayne
81 Frederica
75 Hope
79 Marybeth
73 Nanny
78 Noemi
73 Paula
88 Reeba
75 Ricki
81 Suzanna
76 Tess
80 Valaree
83 Violetta
Started!
8 Albina
11 Allissa
12 Anabel
3 Ann
7 Candida
10 Cristabel
10 Gert
7 Illa
5 Jami
7 Karlotta
7 Kipp
10 Lavina
1 Lexis
1 Maible
2 Martie
4 Phoebe
2 Vania
4 Verena
2 Vonni
Started!
67 Aurlie
80 Bethany
69 Bettine
65 Billi
66 Bunnie
77 Calida
68 Deeyn
68 Elvera
60 Fayth
66 Julianne
70 Marcile
65 Martica
78 Missie
68 Myra
68 Nancy
64 Orelie
71 Orelle
70 Renie
76 Valentine
Started!
41 Alana
49 Ariel
39 Berri
48 Calley
38 Carree
52 Casey
52 Emelyne
53 Gaye
52 Ianthe
48 Jeanine
57 Jojo
43 Nevsa
47 Norah
43 Ofilia
56 Saloma
43 Salomi
54 Timmy
40 Violet
52 Wrennie
Started!
21 Annelise
21 Chrystel
18 Claudia
18 Elise
19 Fancie
14 Giacinta
25 Gilemette
15 Hetti
25 Jacintha
20 Jelene
14 Jeri
18 Louisette
14 Lyndsey
18 Noella
14 Noreen
21 Quinn
16 Sibbie
27 Sue
22 Tonia
Started!
37 Aileen
42 Barbey
29 Delilah
41 Domini
35 Dorita
37 Ethyl
37 Grethel
31 Irene
42 Keeley
37 Larine
33 Minerva
29 Nance
29 Nonnah
29 Quinta
35 Selena
32 Siana
38 Tammi
36 Tani
34 Tersina
Waiting!
54 Agathe
54 Aigneis
59 Alene
49 Babbie
59 Carolin
52 Corella
54 Dyanna
55 Genia
59 Glad
49 Marja
59 Mercedes
52 Nanon
54 Seline
51 Shawnee
50 Sheeree
52 Zitella
Waiting!
47 Beryl
45 Chris
38 Cornelia
44 Doralynn
42 Dorris
41 Ediva
37 Jana
45 Jaquelin
47 Merrile
43 Tanya
Waiting!
94 Andromache
95 Casi
98 Cindi
95 Diandra
87 Gae
90 Giulia
89 Isidora
96 Ivory
94 Jamima
92 Kameko
89 Renelle
89 Sammy
99 Shelley
96 Zola
Waiting!
77 Alexandra
75 Ashla
84 Brenn
83 Cristin
78 Faina
73 Misha
78 Moyna
84 Pietra
84 Tabitha
82 Trenna
Waiting!
20 Adoree
19 Alessandra
24 Amanda
22 Cathy
14 Colly
18 Concordia
11 Danila
21 Dot
14 Emmalynne
19 Gale
26 Gates
27 Lisha
11 Mellicent
Waiting!
32 Avril
31 Barbra
32 Hynda
32 Meaghan
Waiting!
9 Diann
6 Iormina
3 Juieta
6 Kalli
3 Madonna
7 Rayna
5 Robbie
