Waiting!
47 Audie
29 Celisse
28 Chrysa
36 Cleo
47 Eba
37 Gusty
46 Gwenette
28 Hazel
38 Juliet
31 Liane
39 Lillis
30 Melli
37 Merlina
29 Quintana
46 Randy
32 Roxane
46 Shena
31 Wilhelmina
Waiting!
96 Alexia
99 Ardys
87 Bella
93 Billye
97 Brandea
88 Bunnie
91 Carley
99 Cassi
97 Crin
87 Daryn
98 Deeann
100 Dorita
89 Hedda
96 Holly-Anne
97 Ilysa
98 Juana
96 Linn
99 Lorna
98 Madeleine
99 Rahel
88 Talyah
93 Valentine
99 Wendye
100 Wilone
Waiting!
82 Adara
76 Aime
79 Ardyth
76 Corrinne
81 Elbertina
72 Ingaberg
74 Jermaine
72 Madge
82 Marijo
73 Natalina
83 Samaria
84 Vikky
85 Yetty
Started!
12 Addia
18 Amalee
1 Analiese
14 Annamaria
1 Bernetta
11 Cornelia
7 Erin
4 Fiann
15 Grier
15 Gussy
10 Ilyse
1 Iormina
17 Kali
7 Katharyn
2 Ketti
13 Lisabeth
6 Margaretha
10 Maryanna
3 Melloney
9 Moina
9 Mora
12 Ollie
19 Patsy
15 Sherie
13 Tiff
18 Velma
Waiting!
49 Alanah
57 Bernice
52 Brigitte
57 Caye
58 Daveen
54 Debra
54 Gabi
53 Gabie
48 Iona
52 Korella
50 Kylynn
54 Loni
48 Marlena
55 Maurita
56 Melania
48 Minny
50 Nichole
49 Tonya
48 Viola
Waiting!
23 Arlina
23 Cora
22 Daffie
17 Ferdinanda
18 Jacklyn
16 Karil
22 Korry
25 Marillin
24 Minni
22 Sandra
23 Vilhelmina
Waiting!
71 Augustine
69 Carolin
65 Drusie
59 Ginni
65 Hildagarde
64 Lilah
70 Lyda
61 Myrtie
66 Shirl
67 Talia
64 Tawnya
Waiting!
6 Doroteya
10 Mariejeanne
