Started!
85 Ailsun
74 Allx
89 Ariel
89 Babita
80 Carey
92 Carrissa
77 Cora
79 Danni
78 Dianne
77 Enriqueta
83 Freida
82 Gabrila
85 Gipsy
85 Janeen
74 Jody
83 Joleen
90 Kimberlyn
75 Lexi
74 Lottie
87 Maggie
80 Marketa
73 Meggi
78 Paulie
90 Phillida
75 Robinia
80 Shelba
85 Vilma
84 Yvette
Started!
93 Adelind
100 Andriana
95 Annissa
95 Blancha
100 Bobine
95 Carilyn
99 Chloris
97 Desiree
90 Eadith
92 Elfreda
98 Francesca
98 Gerladina
96 Hannis
94 Janelle
99 Joye
96 Justina
90 Krista
93 Latrena
93 Linnea
96 Marcellina
90 Marys
100 Merline
97 Patrice
93 Rafaela
94 Seka
100 Serena
95 Wanids
95 Yoshiko
Started!
36 Ashley
41 Ava
30 Bettina
30 Charlotta
42 Christina
31 Chryste
47 Gerrilee
43 Gussie
37 Gwenette
46 Kelcey
46 Lauralee
42 Laurianne
41 Leonora
30 Lida
45 Lora
47 Lyndy
34 Marigold
32 Marnie
48 Orella
38 Philippa
30 Roda
33 Sabina
40 Shandee
38 Teresa
41 Tonia
40 Tracie
38 Valery
46 Veda
Started!
40 Anabella
60 Barbey
53 Berget
56 Carlita
43 Cherianne
40 Corly
53 Daryl
52 Debby
50 Deidre
58 Devondra
44 Eachelle
51 Elene
46 Esmeralda
51 Faunie
48 Francine
44 Gunilla
41 Ingeborg
54 Jena
56 Jilleen
57 Lindi
46 Maiga
51 Ophelie
58 Poppy
50 Rosalie
50 Sally
52 Una
45 Valentine
59 Violette
Started!
74 Adriana
61 Ann
71 Blisse
58 Cassandra
71 Celine
63 Courtenay
63 Dasi
61 Davine
68 Elladine
71 Evania
64 Julieta
63 Justinn
64 Lanita
61 Lorinda
63 Madelaine
71 Malva
61 Meara
55 Missy
68 Mona
71 Nevsa
71 Quinn
65 Shannon
70 Siouxie
68 Tarrah
64 Theresa
70 Venita
61 Vinnie
74 Virgina
Started!
4 Angelle
10 Catrina
12 Charin
9 Corrine
4 Corrinne
17 Doloritas
13 Dorthea
19 Eustacia
19 Hedi
18 Hollyanne
1 Ibbie
5 Ilyssa
19 Irene
5 Joelly
3 Judye
6 Kala
15 Kay
3 Kippie
7 Kynthia
3 Lacee
14 Mariette
20 Marni
12 Melly
6 Nolie
20 Raychel
7 Sari
19 Tara
14 Tiffani
Started!
22 Angelina
26 Arlena
15 Asia
15 Beatrice
17 Bree
23 Conchita
20 Cristabel
34 Crysta
23 Dorian
29 Evey
23 Felicia
35 Gerda
25 Hazel
26 Hildegaard
23 Inesita
22 Jenna
27 Johnette
17 Kerri
16 Lina
35 Madelon
24 Maribelle
26 Pamela
33 Paulette
17 Riki
34 Rozalin
27 Shelia
35 Tonya
31 Yolanthe
Waiting!
38 Amanda
37 Arlen
39 Calypso
44 Cami
46 Cathleen
30 Daisey
39 Euphemia
38 Evangeline
27 Grace
36 Hope
35 Joyce
40 Kellie
36 Lin
26 Lishe
28 Liza
32 Marabel
38 Raf
41 Roobbie
43 Rosemonde
38 Tabbitha
38 Tilda
39 Vinni
26 Vinny
31 Vivi
Waiting!
8 Adelheid
12 Alexina
10 Ashlie
3 Barbara-Anne
10 Davina
14 Deva
11 Fawn
13 Francyne
15 Franni
10 Jackelyn
12 Karine
12 Kelli
6 Mable
2 Mellisa
1 Olivia
6 Othelia
6 Prue
13 Rachael
6 Rafa
14 Rora
5 Rosana
8 Roxi
5 Sarajane
10 Susannah
7 Tate
4 Verena
Waiting!
71 Aleece
81 Bertha
76 Charline
77 Cordey
75 Corey
85 Daniela
75 Darcy
72 Deina
75 Dollie
76 Dru
66 Faith
69 Genni
72 Greta
75 Jami
79 Jennilee
70 Letta
70 Lizbeth
76 Rina
79 Shandie
69 Shara
82 Viki
79 Yolanda
Waiting!
49 Ardella
53 Brandy
49 Caron
53 Catlee
51 Edy
55 Giuditta
50 Maryjo
51 Mirella
56 Valida
54 Veriee
56 Veronica
Waiting!
22 Adan
20 Aimee
23 Brittni
25 Claudette
20 Danila
19 Eddy
20 Emmalyn
17 Jennine
24 Stephine
Waiting!
61 Caterina
64 Crissie
62 Jada
Waiting!
88 Kevyn
89 Laure
87 Perl
