Started!
40 Bibi
45 Brande
51 Carlene
35 Codie
37 Dory
43 Hedvige
41 Jacqui
51 Libbi
38 Modestine
51 Pamela
52 Pearl
38 Phaidra
39 Robena
33 Ulrikaumeko
48 Vicki
51 Yelena
40 Zarah
Started!
25 Aila
23 Alexi
30 Andi
24 Arlene
24 Biddie
24 Chrystal
20 Clarice
25 Cora
22 Davine
27 Desiree
23 Enriqueta
25 Guglielma
30 Janey
30 Justine
25 Leisha
27 Mallory
27 Molly
Started!
58 Caitlin
62 Eulalie
60 Fleur
57 Gerry
61 Hatty
63 Kimmi
61 Lida
55 Maddie
48 Marj
65 Meta
52 Nora
48 Oneida
52 Otha
63 Shauna
65 Shelia
63 Tracie
55 Ursulina
Started!
80 Ainslee
80 Bari
80 Blancha
78 Coletta
95 Eudora
92 Felicia
97 Gertrude
79 Gracia
83 Jody
82 Kiley
93 Leena
87 Loleta
97 Maire
88 Marnie
81 Poppy
87 Rheta
87 Xena
Started!
13 Annmaria
4 Betteann
5 Brianna
14 Clari
16 Dido
11 Elene
5 Gilemette
12 Gusella
9 Honor
16 Kerrie
15 Linn
3 Loella
13 Maible
11 Mikaela
15 Patsy
1 Phylis
19 Roxane
Started!
76 Adah
67 Adda
70 Barbabra
70 Barrie
67 Bobbee
78 Britney
72 Clarette
68 Dale
68 Deane
76 Dianna
63 Lorenza
81 Natalya
73 Roseann
79 Shannon
74 Tamarah
75 Tina
75 Yolanthe
Waiting!
99 Babbette
98 Doloritas
89 Dora
93 Elsbeth
96 Fawn
92 Gilligan
96 Giustina
96 Josey
95 Kathie
98 Laina
93 Lusa
91 Orella
100 Tatiana
89 Vere
89 Zahara
Started!
49 Abagael
52 Agnola
42 Alisun
41 Ally
41 Anabella
48 Angelina
44 Ava
49 Billy
41 Christyna
47 Danila
37 Maiga
42 Martica
49 Michaela
45 Monika
51 Myrtle
46 Rey
38 Thelma
Started!
3 Ag
8 Amanda
4 Aryn
14 Betteanne
13 Celka
16 Cherianne
15 Cicely
3 Davina
3 Emiline
10 Erma
10 Fawnia
10 Lindi
3 Marcellina
10 Nannette
2 Olympie
7 Rachael
8 Selia
Started!
25 Agatha
20 Aindrea
26 Ardella
24 Babita
35 Bonnibelle
27 Bonnie
19 Carrie
20 Carry
33 Dynah
33 Jany
20 Jeniece
19 Jilleen
26 Karna
21 Lizette
31 Sheela
27 Teddy
33 Ulla
Started!
54 Camella
57 Cathrine
53 Fanchon
46 Germana
55 Grier
63 Jennilee
62 Jorry
54 Katerine
53 Leonelle
55 Marna
46 Merline
58 Paulita
60 Phyllys
47 Quintina
62 Robinia
61 Tarrah
57 Vivyan
Waiting!
86 Anni
86 Emelyne
88 Euphemia
81 Kandy
81 Lauren
85 Rozalin
85 Sonya
88 Virgina
Waiting!
71 Doralynn
70 Frayda
77 Jena
74 Kim
71 Krissy
73 Luciana
67 Mei
77 Melania
72 Vinnie
Waiting!
45 Annalise
53 Carolann
51 Charline
61 Deina
50 Hedi
54 Marje
58 Maudie
49 Olivia
46 Prissie
Waiting!
1 Dru
6 Maryrose
Waiting!
14 Iseabal
Waiting!
65 Brynna
66 Tonya
Waiting!
41 Perle
