Started!
95 Adah
98 Ailina
85 Alexis
90 Aridatha
79 Clarice
83 Donielle
98 Estella
82 Gavra
88 Hedy
85 Hesther
87 Jonell
84 Leigh
94 Marga
81 Marinna
78 Nancie
91 Rosy
80 Ruthie
95 Stefanie
Started!
59 Candace
49 Chiquita
45 Clari
52 Corrinne
48 Dodie
47 Eula
43 Floris
59 Jess
50 Justine
59 Larisa
49 Lonni
55 Maryann
57 Micki
40 Poppy
58 Rebekah
59 Ronalda
52 Violante
60 Vonny
Started!
71 Amalie
75 Catrina
73 Claretta
77 Eirena
65 Harriett
65 Jandy
65 Joane
65 Joly
70 Kirsteni
81 Kittie
76 Kitty
71 Mable
77 Marcie
76 Mellisa
68 Michel
66 Rafaela
68 Rozelle
71 Veronica
Started!
36 Ashia
27 Beitris
31 Bridget
30 Caroljean
27 Cecile
34 Chelsae
25 Clarisse
36 Desirae
33 Eulalie
38 Euphemia
33 Glenine
28 Goldina
25 Issy
35 Jobyna
26 Leigha
27 Madeline
36 Odelinda
31 Willow
Started!
12 Adda
10 Barbabra
19 Bobbette
24 Carmelle
21 Ellette
16 Enriqueta
16 Gerianna
14 Gerrie
22 Hilde
23 Lola
8 Madeleine
8 Madelina
11 Micky
15 Monika
22 Paloma
13 Rachelle
23 Shaylyn
21 Waly
Started!
14 Abby
4 Atlante
1 Cleopatra
4 Davita
11 Delila
2 Elva
2 Erma
5 Evelyn
2 Jacki
5 Jannel
4 Jillene
10 Leland
11 Madelon
3 Nissa
4 Ophelie
4 Peggi
3 Sherye
1 Tamma
Started!
54 Brittne
64 Cary
64 Germain
62 Gilemette
74 Gipsy
54 Hendrika
65 Jeannette
56 Kristine
74 Lanni
59 Libby
62 Loella
61 Maire
70 Minna
68 Moina
61 Nariko
64 Phaidra
58 Retha
54 Willie
Waiting!
100 Auroora
96 Bertie
96 Bobbee
94 Camella
99 Cara
97 Druci
99 Felicia
95 Gustie
91 Jobina
97 Lauren
100 Odilia
98 Otha
97 Zonnya
Started!
80 Aline
78 Annalise
83 Aurlie
87 Benedicta
86 Brittany
84 Erica
81 Hedi
87 Hillary
88 Ilsa
86 Jackquelin
81 Jorry
81 Lisetta
87 Regan
83 Renell
78 Stevana
77 Susi
79 Theo
79 Violetta
Waiting!
77 Deonne
68 Dinnie
71 Dorri
75 Estrella
74 Gilligan
73 Golda
67 Joelle
73 Lisha
65 Rosalia
66 Shandee
66 Toby
Started!
19 Adelind
30 Allix
24 Ami
22 Benni
15 Brana
26 Fawnia
15 Kandy
29 Karoly
25 Linet
20 Lizette
20 Louella
19 Orella
27 Perle
30 Rachele
26 Ramona
19 Randy
32 Susanna
25 Ulrike
Started!
30 Alyssa
38 Darlleen
41 Edee
35 Elizabeth
37 Emilee
40 Gisela
40 Gizela
34 Jilleen
40 Manon
28 Meghann
33 Merrile
35 Pepi
42 Robby
26 Selene
33 Sibylla
37 Sybilla
26 Virgie
34 Vivyan
Waiting!
54 Abbey
46 Chrissy
44 Dara
56 Dominique
48 Felicdad
56 Jenni
48 Luisa
56 Lulu
54 Pamella
49 Stephie
Waiting!
12 Brigitte
1 Cherye
1 Dorree
7 Ferdinanda
8 Liuka
12 Madella
2 Quintina
4 Ulla
Waiting!
60 Cherri
61 Christabella
64 Iseabal
Waiting!
19 Helen-Elizabeth
Waiting!
32 Jacquenette
