Started!
12 Fionnula
22 Goldarina
15 Lari
15 Libby
7 Mala
12 Paule
19 Rafaelita
24 Susanne
Started!
76 Adi
76 Aretha
91 Babbie
73 Bendite
87 Fanny
83 Florella
73 Jeannie
83 Sandye
Started!
62 Alis
60 Carmencita
77 Deana
70 Dolores
61 Faith
64 Jacquenetta
67 Jessie
68 Myrna
Started!
55 Clio
46 Emelia
55 Flori
51 Gwen
56 Hollie
53 Rayna
51 Tonya
52 Zorana
Started!
4 Amalie
1 Celestyn
2 Donnie
9 Dorree
3 Gerta
12 Helene
12 Rosella
5 Ruthie
Started!
35 Bianka
33 Debee
40 Electra
33 Kalindi
36 Kelcy
34 Petra
42 Prisca
37 Zora
Started!
19 Carrissa
16 Dona
26 Doralia
26 Eydie
25 Flora
18 Leontine
17 Milicent
15 Philis
Started!
98 Catherin
96 Erin
100 Hulda
94 Lavena
90 Marilyn
95 Michelle
88 Nicky
88 Shara
Started!
76 Annemarie
85 Charmine
86 Darcy
86 Devi
85 Dulciana
84 Karyl
91 Ranna
93 Roxie
Started!
50 Ede
49 Elsa
44 Glory
46 Jan
46 Ketti
42 Lizzie
43 Mia
47 Myrlene
Started!
27 Ardath
30 Barbaraanne
34 Elberta
30 Gertruda
24 Lois
39 Nelia
34 Raquel
44 Teodora
Started!
63 Afton
62 Blythe
61 Consuela
62 Gaylene
60 Gennifer
71 Hermione
69 Jacinda
66 Loralyn
Started!
10 Blithe
21 Danice
10 Ronalda
14 Rosemarie
25 Selestina
11 Tiphanie
17 Veda
21 Verla
Waiting!
43 Brenna
42 Carrie
49 Georgia
55 Valaree
Waiting!
29 Amelie
18 Billie
35 Codee
34 Connie
36 Desdemona
28 Marian
36 Marie-Ann
Waiting!
67 Barbara
69 Benoite
75 Lonee
66 Millie
74 Modestia
Waiting!
97 Goldie
100 Grissel
Waiting!
12 Bonita
6 Ertha
15 Gilda
14 Mella
5 Tiffani
Waiting!
86 Yolande
