Started!
64 Ailee
78 Amalle
80 Andriana
70 Bessy
75 Cassaundra
64 Catharina
67 Elissa
73 Eve
70 Johnath
79 Karalee
77 Liana
62 Muffin
79 Nanon
77 Patrice
70 Phil
71 Shirleen
75 Suzanna
67 Yvette
71 Zora
Waiting!
88 Agnes
90 Amargo
82 Brear
83 Cariotta
90 Devora
92 Doloritas
81 Emlyn
85 Jenelle
74 Karlie
90 Kathleen
73 Katrine
81 Kay
89 Ki
88 Mahalia
76 Odessa
90 Othelia
72 Quinta
Started!
14 Alecia
19 Alexia
13 Athena
15 Bernie
23 Christal
23 Elwira
21 Ferne
23 Germaine
15 Ibbie
26 Joelle
18 Lise
22 Marena
28 Merissa
24 Nicolea
19 Raphaela
25 Rosabelle
14 Roseanna
19 Stefa
11 Vanda
Started!
38 Alikee
38 Avril
44 Berry
32 Brittaney
35 Callie
27 Cecilia
32 Charlotte
33 Edi
32 Evanne
38 Ingaborg
39 Kari
36 Leland
39 Margaux
37 Mireille
43 Nickie
37 Nomi
33 Saudra
41 Shay
39 Sibilla
Waiting!
4 Aloisia
3 Blair
1 Christalle
5 Danice
19 Frankie
8 Gloriana
9 Gustie
1 Ilyse
10 Kara
8 Randee
6 Rosalia
10 Sophey
1 Sula
Waiting!
55 Angel
48 Carie
51 Celinda
51 Cthrine
57 Dalila
49 Dorian
49 Dyan
42 Junie
50 Kerrin
57 Lianne
49 Loretta
59 Loria
58 Matti
56 Monika
50 Nertie
48 Theo
54 Traci
Waiting!
95 Andie
93 Chandra
96 Gianina
96 Hanni
98 Joly
99 Jordan
100 Luella
93 Mildred
98 Talyah
93 Ursulina
Waiting!
60 Alicia
68 Ashely
62 Audra
70 Fran
68 Iolande
66 Tamma
Waiting!
71 Lacy
Waiting!
35 Annabela
36 Iseabal
28 Ivette
