Started!
88 Anthea
86 Augustine
93 Barbette
93 Berget
90 Berti
96 Brit
100 Cassi
85 Cathrine
88 Conchita
92 Corrinne
84 Hannah
94 Horatia
91 Lavena
94 Lorianna
100 Louisette
99 Marcelia
99 Nert
84 Sadella
94 Tammie
Started!
36 Cam
55 Caritta
48 Carline
51 Doe
36 Donia
46 Dorisa
50 Floria
40 Grier
42 Jeanine
44 Josephina
48 Larina
54 Lyn
41 Nadine
45 Nadya
40 Pamelina
53 Rebecka
35 Rebeka
48 Sasha
44 Sidonia
Started!
14 Ariella
26 Chelsy
24 Deborah
25 Delly
16 Dulcinea
14 Elane
9 Jacquelin
10 Janette
13 Karoly
16 Linnell
8 Maegan
25 Maggy
21 Marielle
12 Melodie
15 Nerita
7 Robin
23 Rosanna
25 Sile
16 Vally
Started!
70 Ailyn
72 Aurora
79 Bekki
70 Chandal
80 Dulci
81 Jacinthe
73 Jorry
71 Katie
77 Kyrstin
83 Lelah
72 Leona
71 Myrle
70 Myrtice
70 Ranique
72 Reine
73 Stacey
76 Tersina
75 Yolanda
82 Zenia
Started!
33 Abagael
34 Camel
30 Catlee
28 Edna
29 Francene
24 Harlene
30 Henrieta
37 Idalia
31 Karly
34 Madelon
30 Mellie
31 Nona
31 Pris
37 Raquela
29 Shannon
26 Timmie
27 Tobey
21 Wenda
37 Xaviera
Started!
59 Abigail
61 Bamby
61 Beverlie
68 Cahra
57 Cally
62 Charleen
71 Drusy
64 Fenelia
66 Freddy
56 Gena
56 Gwenni
58 Inge
67 Jaine
61 Marlene
70 Mellisa
57 Nanete
60 Natalya
73 Rafaelia
69 Sherrie
Started!
3 Abagail
2 Adi
4 Allis
1 Berta
10 Coreen
7 Courtenay
2 Dierdre
9 Fredrika
10 Genni
14 Joella
13 Julie
4 Mareah
15 Nana
2 Pia
3 Siusan
15 Sydel
5 Tamra
4 Tomasine
5 Tracy
Started!
82 Agathe
74 Arlinda
70 Bertie
79 Brittney
77 Coraline
70 Corie
73 Danni
81 Eve
84 Fianna
86 Florinda
79 Harrietta
84 Honor
77 Leilah
86 Patty
80 Tallou
78 Teressa
76 Wilie
68 Winnie
67 Zorah
Started!
42 Amaleta
33 Amberly
33 Atlanta
32 Bernete
34 Buffy
52 Claudia
50 Debra
38 Deloria
34 Dorian
38 Ericka
36 Freida
37 Isobel
47 Jena
48 Kristien
42 Marleen
51 Nanny
34 Rosana
50 Teddi
47 Wandie
Waiting!
63 Andreana
61 Clementina
53 Corina
54 Elsi
64 Iolande
54 Jessamyn
58 Loretta
56 Sandy
64 Yasmeen
Waiting!
83 Allyce
94 Cathyleen
90 Dallas
80 Holly
88 Ivette
83 Jobi
94 Latia
79 Ola
97 Pierrette
88 Rica
80 Talyah
Waiting!
17 Ainslie
21 Consuelo
11 Daune
25 Doralynne
25 Elaina
23 Frankie
11 Gabriell
24 Jemima
23 Leone
16 Renate
25 Shana
20 Sissy
23 Stace
Waiting!
67 Catherine
72 Elisa
75 Helsa
65 Joscelin
65 Marcelline
66 Noemi
Waiting!
29 Faustine
Waiting!
4 Anne-Corinne
4 Viva
2 Yolane
Waiting!
40 Rubi
Waiting!
99 Melisande
