Started!
59 Biddie
57 Christyna
51 Corene
57 Del
44 Gerladina
52 Gertrud
52 Mavra
49 Olly
54 Philomena
54 Sabra
48 Tildie
52 Trisha
Started!
25 Angeline
17 Clarine
27 Daloris
7 Gabriellia
18 Gaby
17 Jolene
18 Koressa
14 Meta
19 Nadya
22 Petra
15 Rahal
14 Tammie
Started!
65 Agnola
71 Barbi
61 Bernette
66 Flossi
71 Hadria
73 Mariele
68 Marrissa
61 Merrili
73 Robena
66 Shellie
66 Tedi
64 Trix
Started!
93 Bernice
84 Brianna
99 Cybill
86 Elsey
94 Estel
87 Gavra
94 Isidora
94 Kathi
94 Leland
93 Nerissa
84 Trina
90 Trixie
Started!
30 Alison
30 Belicia
31 Caritta
30 Cate
23 Chelsey
33 Clementia
30 Fiorenze
32 Gabbi
33 Jorie
35 Judith
38 Juliana
35 Noella
Waiting!
10 Charline
1 Lesli
5 Pia
6 Willabella
Waiting!
83 Cherianne
77 Florinda
72 Katy
81 Kyle
83 Rory
79 Tessi
Waiting!
31 Auberta
43 Celesta
33 Chery
26 Kelcy
26 Lorelei
29 Malinde
35 Mercedes
Waiting!
63 Adria
67 Xylia
Waiting!
49 Estrella
Waiting!
94 Kendra
