Waiting!
95 Bertine
94 Charlotte
93 Edwina
96 Elsey
88 Erinn
90 Ethelind
91 Julietta
97 Malissia
99 Marne
100 Meggy
90 Phaidra
91 Ranna
96 Rosalind
97 Sherry
Waiting!
77 Alena
76 Anya
67 Bonita
75 Brett
85 Calla
71 Courtney
73 Elly
71 Emmalyn
65 Evy
80 Hedvige
75 Henrietta
71 Jenica
82 Myrtice
84 Olivia
67 Sheila
Waiting!
31 Ajay
32 Amanda
29 Annice
33 Golda
24 Judith
39 Morissa
26 Nannie
30 Olva
27 Sosanna
21 Toni
Waiting!
1 Alika
10 Auguste
11 Aurea
8 Debby
2 Dena
2 Eleanor
10 Julieta
8 Kally
3 Laurena
13 Ronnie
3 Zola
Waiting!
59 Adelaide
60 Bobbie
52 Dierdre
52 Garland
51 Georgette
55 Greer
42 Neila
43 Quinta
45 Sher
57 Thomasa
Waiting!
41 Amabelle
40 Gabriela
Waiting!
16 Deina
18 Juliana
16 Maria
17 Phaedra
Waiting!
63 Tine
