Started!
40 Mufinella
Started!
88 Cathi
Started!
90 Teressa
Started!
45 Roxi
Started!
50 Lula
Started!
4 Eudora
Started!
87 Mollie
Started!
7 Marjorie
Started!
38 Frannie
Started!
90 Gwenore
Started!
59 Manya
Started!
37 Vida
Started!
27 Jennine
Started!
1 Marieann
Started!
12 Tabbi
Started!
20 Johnath
Started!
37 Lynde
Started!
11 Mildrid
Started!
18 Carole
Started!
16 Felicia
Started!
23 Pauli
Started!
73 Reeta
Started!
17 Cindra
Started!
88 Agnella
Started!
11 Ceciley
Started!
25 Arline
Started!
100 Edithe
Started!
39 Shawnee
Started!
93 Bobbie
Started!
4 Kial
Started!
33 Giovanna
Started!
82 Cass
Started!
19 Lindi
Started!
4 Tersina
Started!
95 Lonee
Started!
91 Morganica
Started!
57 Rakel
Started!
23 Minta
Started!
87 Crystal
Started!
48 Felice
Started!
92 Siouxie
Started!
98 Sandie
Started!
40 Delcine
Started!
7 Corella
Started!
32 Claudia
Started!
99 Crissie
Started!
36 Sarette
Started!
53 Gretel
Started!
97 Pris
Started!
22 Raine
Started!
62 Lynnell
Started!
5 Marrissa
Started!
87 Linette
Started!
60 Terese
Started!
66 Julissa
Started!
78 Oona
Started!
84 Simone
Started!
54 Brynn
Started!
75 Luelle
Started!
37 Addie
Started!
93 Olia
Started!
84 Ethelind
Started!
39 Dorotea
Started!
46 Elisabeth
Started!
1 Anica
Started!
52 Janela
Started!
100 Estrellita
Started!
14 Angelina
Started!
25 Nancy
Started!
44 Lotte
Started!
86 Hailee
Started!
77 Mada
Started!
28 Queenie
Started!
31 Kessiah
Started!
39 Amalita
Started!
54 Ingrid
Started!
6 Dyna
Started!
84 Umeko
Started!
72 Raquel
Started!
13 Korrie
Started!
71 Petrina
Started!
46 Ashil
Started!
23 Modesta
Started!
73 Martie
Started!
31 Ginnie
Started!
82 Agata
Started!
91 Marylou
Started!
62 Shelly
Started!
17 Cherin
Started!
91 Eadith
Started!
21 Meridel
Started!
99 Serene
Started!
2 Roslyn
Started!
10 Lurlene
Started!
65 Tiertza
Started!
42 Lucille
Started!
48 Elke
Started!
99 Kristina
Started!
73 Gizela
Started!
96 Stacie
Started!
50 Manda
Started!
13 Milly
Started!
42 Katrinka
Started!
25 Martita
Started!
46 Rozelle
Started!
10 Toma
Started!
98 Ashely
Started!
19 Jenni
Started!
43 Liz
Started!
47 Ardyth
Started!
35 Ginelle
Started!
25 Dru
Started!
51 Christel
Started!
28 Fenelia
Started!
66 Leontine
Started!
38 Rachelle
Started!
91 Kriste
Started!
65 Pandora
Started!
39 Lotty
Started!
70 Pearla
Started!
58 Lyssa
Started!
3 Rubie
Started!
54 Gisele
Started!
7 Suki
Started!
5 Daniele
Started!
33 Annabella
Started!
8 Alla
Started!
41 Kerstin
Started!
54 Collette
Started!
94 Sonnie
Started!
29 Natalya
Started!
55 Deane
Started!
75 Beverly
Started!
14 Janean
Started!
2 Dorris
Started!
98 Rani
Started!
32 Chloe
Started!
8 Katherine
Started!
8 Shoshana
Started!
45 Wini
Started!
61 Ginnifer
Started!
63 Lou
Started!
17 Emelyne
Started!
97 Elizabeth
Started!
42 Adora
Started!
16 Dollie
Started!
98 Vi
Started!
95 Gae
Started!
22 Aurie
Started!
1 Jazmin
Started!
62 Joanie
Started!
78 Rosamund
Started!
61 Aeriel
Started!
95 Mireielle
Started!
28 Roxana
Started!
99 Darcie
Started!
26 Nicoli
Started!
81 Katina
Started!
51 Teresita
Started!
88 Maxine
Started!
83 Maisey
Started!
39 Liv
Started!
3 Nicolina
Started!
59 Candice
Started!
14 Leshia
Started!
56 Luz
Started!
19 Kipp
Started!
54 Winifred
Started!
78 Addi
Started!
48 Anny
Started!
61 Olimpia
Started!
20 Max
Started!
7 Bobbee
Started!
5 Fidela
Started!
81 Jenilee
Started!
25 Lindsy
Started!
62 Amaleta
Started!
88 Kylen
Started!
7 Cecelia
Started!
93 Robin
Started!
89 Nanci
Started!
89 Bennie
Started!
99 Carlota
Started!
51 Mariejeanne
Started!
70 Melina
Started!
65 Theodosia
Started!
44 Phylys
Started!
83 Roanna
Started!
100 Alvira
Started!
34 Daisie
Started!
21 Bessie
Started!
69 Kaitlin
Started!
39 Consolata
Started!
77 Andreana
Started!
47 Starlene
Started!
59 Jaynell
Started!
15 Cinderella
Started!
74 Karina
Started!
91 Britta
Started!
8 Abbie
Started!
34 Andriana
Started!
27 Elli
Started!
32 Denni
Started!
48 Britt
Started!
3 Verena
Started!
87 Amy
Started!
83 Violetta
Started!
35 Michelle
Started!
71 Maressa
Started!
7 Leoine
Started!
18 Glori
Started!
28 Alvinia
Started!
92 Kathleen
Started!
8 Benoite
Started!
75 Val
Started!
10 Rhetta
Started!
30 Natalee
Started!
94 Papagena
Started!
1 Avrit
Started!
57 Collete
Started!
75 Alethea
Started!
27 Nadya
Started!
65 Berni
Started!
11 Dianne
Started!
54 Emmalynn
Started!
13 Jessi
Started!
59 Sukey
Started!
55 Genni
Started!
39 Isis
Started!
65 Kayle
Started!
27 Tamera
Started!
56 Neely
Started!
75 Sileas
Started!
62 Vikky
Started!
82 Gaynor
Started!
40 Eve
Started!
5 Estella
Started!
20 Bea
Started!
20 Felicity
Started!
35 Chiarra
Started!
28 Ethelin
Started!
3 Ferdinanda
Started!
87 Jacqueline
Started!
75 Cristie
Started!
4 Stace
Started!
14 Debby
Started!
27 Ainsley
Started!
16 Yasmin
Started!
24 Madel
Started!
54 Angelika
Started!
57 Tonia
Started!
73 Malva
Started!
35 Emlynn
Started!
73 Maddalena
Started!
70 Devina
Started!
99 Bertina
Started!
5 Dacia
Started!
51 Stephie
Started!
28 Alvina
Started!
83 Ibbie
Started!
65 Nicholle
Started!
45 Alyda
Started!
33 Oriana
Started!
31 Genna
Started!
2 Issy
Started!
65 Kristi
Started!
91 Zilvia
Started!
35 Margareta
Started!
89 Gwendolin
Started!
9 Herminia
Started!
98 Joli
Started!
3 Danni
Started!
63 Lorette
Started!
75 Orelee
Started!
4 Maxy
Started!
34 Marley
Started!
46 Shell
Started!
53 Katharina
Started!
60 Heda
Started!
93 Larisa
Started!
26 Carolee
Started!
46 Lira
Started!
27 Darell
Started!
18 Eda
Started!
54 Eunice
Started!
20 Misti
Started!
86 Hettie
Started!
30 Debee
Started!
55 Elaina
Started!
67 Lynnelle
Started!
9 Aime
Started!
25 Bendite
Started!
26 Bridie
