Started!
78 Angelle
86 Brunhilda
75 Charis
73 Claudina
73 Enrika
80 Essy
80 Fernanda
82 Franny
84 Lurlene
75 Maryjo
82 Stephine
73 Susana
82 Teresa
80 Willabella
Started!
96 Addia
97 Aileen
93 Amber
94 Angelina
96 Aurilia
93 Bird
88 Carlotta
96 Corrinne
98 Elayne
93 Francene
93 Rikki
99 Sibyl
99 Tamar
97 Wilow
Started!
34 Constancia
39 Didi
31 Fidelity
36 Gwendolyn
38 Karlee
40 Katine
26 Keeley
35 Marnia
30 Melva
27 Nadya
43 Pier
43 Sara-Ann
33 Tallia
24 Zena
Started!
21 Alaine
14 Annabal
5 Arlana
17 Aura
21 Editha
17 Elinore
3 Gillie
21 Imogene
8 Lianna
11 Marilee
20 Megen
11 Pammie
4 Rana
12 Sandy
Started!
60 Asia
63 Bernadette
70 Cal
63 Carina
65 Dierdre
58 Esma
68 Frederica
71 Miran
66 Neysa
67 Noelyn
77 Oralie
66 Shawn
60 Valma
69 Zsa
Started!
56 Carlota
45 Carmella
53 Emera
42 Janie
56 Joli
51 Lezlie
40 Malva
55 Marian
53 Melitta
57 Nancey
55 Shae
48 Sileas
57 Stepha
38 Tomasina
Started!
4 Dacia
19 Doralia
7 Edith
8 Emelia
21 Erina
21 Eveleen
2 Flora
11 Kris
11 Marcellina
8 Ranna
21 Sheelah
21 Timmy
10 Viv
1 Wilhelmina
Waiting!
29 Arabele
26 Ardelia
33 Brooke
34 Carlita
31 Carole
31 Cathyleen
40 Elly
28 Francisca
39 Glory
24 Kamilah
32 Phylis
28 Talya
29 Ted
Started!
77 Beverlee
78 Cayla
84 Christie
76 Clementine
83 Cristine
84 Faydra
88 Joana
87 Nevsa
86 Odelia
77 Pearla
74 Raychel
85 Rosabelle
89 Shandeigh
91 Yolande
Waiting!
70 Cherin
73 Gussy
76 Lorna
63 Mara
70 Mellie
64 Natividad
68 Stacee
Waiting!
97 Dena
Waiting!
53 Britt
57 Engracia
47 Jacinda
50 Lyndsey
55 Sophronia
59 Valeria
Waiting!
5 Arleta
Waiting!
18 Ulla
