Started!
1 Elita
17 Emmye
11 Giulia
4 Tallulah
Started!
63 Gilemette
61 Maribelle
69 Sibley
60 Theo
Started!
84 Ailyn
86 Beatrice
89 Felecia
92 Rianon
Started!
49 Bertina
43 Ingaberg
40 Jeannie
58 Raine
Started!
91 Blake
85 Katleen
91 Rosalyn
84 Tabbi
Started!
45 Else
37 Maddi
36 Marigold
42 Phoebe
Started!
23 Aleda
5 Anica
14 Annabell
22 Tarrah
Started!
61 Estelle
66 Harri
56 Nikkie
54 Pattie
Started!
5 Ally
3 Claudina
9 Eleni
3 Midge
Started!
74 Chandal
77 Guillema
84 Kamillah
83 Lyndsey
Started!
95 Alfie
87 Anett
95 Bamby
89 Leonanie
Started!
21 Alene
28 Emyle
22 Janot
27 Sarene
Started!
14 Angelita
13 Ceciley
12 Gaye
14 Ronni
Started!
87 Casey
88 Glennie
91 Loise
90 Robby
Started!
38 Ardis
48 Barb
47 Marci
28 Rochette
Started!
58 Blisse
60 Charil
52 Elly
69 Wilmette
Started!
72 Bobbye
76 Mariellen
65 Rafa
74 Sondra
Started!
96 Cary
98 Malia
83 Neila
90 Nickie
Started!
9 Alika
11 Maggi
12 Odilia
20 Pooh
Started!
50 Emmaline
38 Florie
53 Katee
43 Sherline
Started!
1 Brunhilda
1 Kerrie
11 Tana
11 Veronika
Started!
61 Caressa
68 Lillian
55 Mildrid
59 Rafaela
Started!
30 Allianora
31 Devora
29 Jazmin
24 Lyssa
Started!
84 Emeline
74 Katharine
80 Kattie
66 Sydelle
Started!
32 Allis
30 Bobinette
24 Cherise
31 Vanni
Started!
18 Josy
19 Livvie
17 Rozelle
12 Wilone
Started!
58 Celene
60 Hedvige
57 Kristyn
52 Leonelle
Started!
32 Mindy
33 Oona
41 Perri
31 Tammy
Started!
88 Kellsie
96 Kiri
100 Lesya
92 Zaneta
Started!
73 Claire
61 Georgia
70 Glynis
63 Inger
Started!
84 Ilyssa
86 Inge
77 Leona
87 Nellie
Started!
93 Arabele
93 Austin
92 Chelsey
89 Nedi
Started!
55 Aggi
58 Daffi
55 Merlina
54 Trescha
Started!
14 Paolina
13 Tammi
5 Timmy
9 Viv
Started!
29 Cammie
37 Glen
23 Phyllis
30 Shawn
Started!
2 Germana
1 Othilia
5 Sharity
8 Tobey
Started!
6 Livia
8 Margaretha
15 Milzie
16 Nissa
Started!
91 Angela
94 Korella
98 Lindi
93 Vida
Started!
44 Charity
42 Fania
54 Melisent
50 Tedda
Started!
58 Blinny
65 Doti
54 Jobyna
52 Mia
Started!
81 Dorry
71 Renell
83 Roanna
73 Vernice
Started!
2 Hynda
11 Lucille
5 Mireielle
10 Vi
Started!
100 Dani
92 Marilin
90 Moyna
93 Rosina
Started!
18 Ellene
21 Nina
17 Rhona
21 Venita
Started!
86 Aprilette
95 Corie
89 Joy
95 Marcellina
Started!
35 Geraldine
36 Sonnnie
35 Sunny
42 Vivie
Started!
20 Lira
22 Nadya
13 Sande
31 Stafani
Started!
79 Aleen
76 Dasya
73 Quintina
70 Tonya
Started!
40 Bette-Ann
33 Lee
40 Mariejeanne
40 Stephani
Started!
4 Kaitlin
6 Kari
13 Simona
1 Taryn
Started!
35 Ginny
41 Lynnet
38 Silvie
44 Tamar
Waiting!
17 Gwen
33 Karlyn
24 Stefanie
Started!
96 Devonna
92 Estrella
94 Jolene
88 Robina
Waiting!
56 Anjela
65 Ingeborg
57 Latrina
Started!
68 Conny
74 Cynthia
67 Rhoda
67 Shanna
Waiting!
9 Bryna
Waiting!
78 Davina
86 Katerine
Waiting!
100 Carlyn
Waiting!
37 Katina
40 Sybila
