Started!
98 Carey
82 Carolina
92 Joni
99 Megen
91 Oneida
94 Ranique
89 Thomasa
Started!
3 Bernelle
11 Ellynn
9 Janine
7 Julianne
10 Olivette
1 Perrine
5 Terry
Started!
68 Adelheid
74 Ange
77 Benni
74 Denys
81 Ebonee
79 Rebecca
84 Saudra
Started!
21 Brittan
30 Dehlia
29 Dulcine
19 Gertruda
21 Gretta
25 Kimberly
24 Stacey
Started!
97 Arielle
89 Barby
98 Elva
93 Ivory
90 Kristien
92 Piper
91 Zenia
Started!
47 Aggi
46 Aurelie
40 Carly
42 Eve
46 Felipa
35 Maryjane
35 Tawsha
Started!
66 Abagail
58 Deva
53 Dniren
65 Elinor
51 Ingunna
56 Sile
61 Stephannie
Started!
14 Amalee
7 Dorrie
8 Kyle
11 Shannon
5 Viki
4 Vikki
4 Violetta
Started!
20 Babbette
31 Dode
30 Gwyneth
31 Katine
33 Mariquilla
25 Miran
20 Verna
Started!
70 Bernetta
86 Emera
79 Emlynn
76 Jania
79 Katha
85 Lenette
74 Wendy
Started!
88 Devinne
93 Kalina
99 Kevyn
95 Marcy
98 Mariann
95 Vinita
96 Wilma
Started!
75 Allis
67 Cathleen
67 Corabella
64 Jen
77 Melisande
72 Renell
69 Ynes
Started!
36 Carlyn
44 Genevieve
48 Jolie
47 Lishe
44 Rickie
38 Tamar
38 Tandi
Started!
84 Asia
85 Darell
95 Dyann
85 Fanya
78 Ferdinande
91 Tara
88 Tiffy
Started!
55 Leesa
52 Lizbeth
56 Lucinda
55 Rosamond
51 Rozina
52 Tammara
53 Virgie
Started!
18 Camala
7 Fannie
10 Ferne
17 Kerri
4 Kiele
5 Stephani
4 Zorina
Started!
71 Evy
69 Henryetta
72 Karilynn
79 Lona
74 Sallie
66 Tiertza
60 Valencia
Started!
96 Berenice
92 Christel
96 Sheila-Kathryn
99 Sheryl
95 Taryn
96 Thea
95 Violante
Started!
50 Aarika
41 Correy
40 Filippa
31 Hinda
31 Isadora
37 Sandi
40 Shirlene
Started!
93 Avivah
88 Ilyse
86 Lydie
83 Madge
94 Mirabella
87 Philis
88 Sheena
Started!
27 Bee
17 Betteanne
19 Buffy
25 George
25 Jeni
26 Simonne
25 Terese
Started!
72 Bride
70 Karyn
69 Larine
72 Marielle
78 Matti
74 Venita
77 Winny
Started!
49 Amandi
39 Ami
44 Arlen
45 Daniela
36 Idette
41 June
38 Venus
Started!
64 Bab
47 Barbey
56 Cicily
64 Clerissa
57 Elberta
50 Melva
64 Nevsa
Started!
4 Barb
7 Cordi
3 Elvera
3 Georgena
10 Heddi
2 Lilas
9 Truda
Started!
40 Erma
38 Hilda
47 Jennifer
32 Kettie
42 Lissi
41 Luciana
48 Luz
Started!
23 Anette
23 Brynne
30 Inessa
23 Josey
24 Lolita
26 Meggie
23 Starlene
Started!
93 Alayne
98 Ariel
100 Dannie
97 Jemima
91 Lorelle
91 Phillis
100 Sosanna
Started!
89 Bidget
80 Conchita
88 Dorolisa
90 Elie
86 Jeralee
89 Ricky
87 Tori
Started!
68 Annabela
77 Bethanne
72 Delora
72 Haily
74 Lela
71 Merle
76 Rodina
Waiting!
44 Addie
45 Christiana
38 Elisabet
51 Evangeline
49 Katrine
45 Roch
Started!
61 Adrian
57 Dreddy
65 Gillian
64 Hattie
58 Moyna
60 Mufinella
65 Wenda
Waiting!
18 Aidan
5 Calypso
6 Chastity
5 Katy
13 Lexi
17 Sadella
Waiting!
26 Clair
32 Floria
31 Riva
Waiting!
100 Astra
94 Celestyn
96 Wendie
Waiting!
65 Christye
65 Grier
56 Rosita
Waiting!
2 Rubetta
Waiting!
70 Vanna
Waiting!
83 Allissa
