Started!
94 Clari
100 Jenilee
100 Kenna
96 Marsiella
90 Shelbi
Started!
31 Aidan
39 Arlina
44 Bridget
29 Dell
38 Glen
Started!
25 Doretta
16 Jenica
18 Julietta
26 Lucretia
21 Ree
Started!
4 Aggie
2 Andy
6 Bambi
7 Kelcie
5 Laureen
Started!
63 Leanora
51 Maxie
48 Reyna
58 Sharai
49 Thomasin
Started!
83 Allyce
70 Clarabelle
79 Leshia
75 Mildrid
73 Trudey
Started!
21 Aleen
20 Ellyn
20 Emiline
19 Helenka
20 Kanya
Started!
87 Catriona
86 Ibbie
82 Loreen
88 Matelda
83 Zora
Started!
42 Dorri
43 Jaime
34 Millicent
32 Rosemaria
39 Thea
Started!
7 Elenore
10 Glennis
14 Leland
16 Lynnet
7 Nissa
Started!
53 Catherin
48 Danila
47 Kylila
50 Lucinda
38 Nanette
Started!
25 Dara
31 Harriott
28 Lesley
24 Margret
32 Ynez
Started!
73 Antonella
68 Carri
62 Helga
74 Valery
75 Wilow
Started!
24 Carmencita
18 Chantal
20 Flo
15 Marty
29 Roshelle
Started!
86 Ardys
95 Chandal
95 Eran
86 Fidela
85 Gennifer
Started!
56 Ellen
49 Jemmy
58 Jerrie
50 Korry
66 Orelle
Started!
40 Breanne
35 Debi
31 Florentia
38 Iris
45 Ruthie
Started!
13 Elvira
1 Fidelia
7 Herminia
4 Marley
7 Tim
Started!
73 Emma
67 Kristy
73 Merola
67 Tani
71 Tybi
Started!
8 Bibby
17 Bliss
3 Jessy
14 Marlee
3 Tansy
Started!
85 Eilis
93 Jacqueline
88 Laney
99 Luisa
84 Trescha
Started!
20 Adrea
25 Ashley
23 Mariette
20 Melitta
20 Murial
Started!
65 Darby
68 Giorgia
70 Myra
64 Nelie
62 Ronalda
Started!
34 Clarita
30 Constantine
37 Jenn
47 Kassey
37 Onida
Started!
56 Deina
59 Fayette
56 Moreen
53 Raven
54 Selinda
Started!
31 Ag
45 Annelise
41 Gussi
34 Gwyn
34 Tabbi
Started!
21 Elianore
17 Eydie
19 Hannis
11 Joye
15 Lorette
Started!
94 Alla
87 Dulcia
95 Gerri
98 Margarette
89 Teresa
Started!
8 Annalise
7 Correy
4 Fulvia
8 Myrah
18 Torie
Started!
68 Donny
72 Gracie
65 Jorey
72 Lilian
55 Natalina
Started!
44 Beilul
48 Brenn
53 Brynn
47 Ema
63 Julieta
Started!
74 Inga
74 Jesse
77 Luella
71 Masha
77 Rosanna
Started!
89 Elladine
91 Jewelle
92 Lanita
93 Yolande
92 Yvonne
Started!
65 Anitra
65 Claretta
64 Daryn
61 Jaquith
56 Kalina
Started!
25 Brigitte
34 Fredelia
34 Sarena
25 Tresa
32 Tressa
Started!
48 Ebba
40 Flossy
39 Julienne
46 Kayla
42 Shirl
Waiting!
37 Brynna
28 Chrysler
28 Tonia
Waiting!
98 Kata
Waiting!
13 Danit
11 Sharla
Waiting!
75 Emmeline
72 Fiona
