Started!
69 Bunny
76 Elwira
69 Erinn
82 Jere
69 Julieta
83 Klara
68 Leese
80 Shannen
75 Ursulina
Started!
31 Chelsey
40 Cherrita
22 Marcelline
37 Maritsa
29 Merna
23 Sibby
21 Tracey
31 Trula
34 Vonnie
Started!
18 Anthia
15 Arlinda
10 Blondell
8 Brittni
14 Colline
19 Cristionna
16 Dorette
16 Ivie
18 Robinette
Started!
54 Allys
64 Christian
64 Florida
52 Jeniece
57 Jolynn
62 Julia
68 Margarita
53 Timi
52 Vivienne
Started!
47 Drusie
45 Harriett
35 Isis
48 Ivette
49 Malena
46 Marketa
46 Peggi
51 Tamra
45 Trudy
Started!
86 Anabelle
95 Bernete
86 Bernette
87 Brianne
91 Gaby
95 Nerissa
95 Ricki
89 Sheryl
92 Trude
Started!
27 Blaire
27 Bria
28 Carla
30 Dre
33 Evania
22 Gwyneth
31 Lavina
19 Rasia
17 Tersina
Started!
7 Berny
4 Brigitte
7 Farra
9 Jsandye
6 Kariotta
12 Lara
8 Lorene
3 Marsiella
13 Reeta
Started!
74 Britt
83 Emelia
76 Etti
80 Guglielma
79 Jamie
77 Linnet
75 Lou
82 Marylinda
66 Shelagh
Started!
60 Aileen
42 Jacquette
55 Laryssa
50 Leena
41 Linnie
46 Marinna
56 Nikki
42 Rozamond
45 Shari
Started!
91 Allyn
100 Beatrix
84 Frederique
90 Gladi
92 Kirsteni
92 Leonore
89 Mignonne
91 Peta
93 Roxana
Waiting!
33 Carmelita
37 Coralyn
46 Danna
48 Janean
33 Mavra
38 Sean
44 Sherry
Started!
67 Anestassia
67 Bessy
58 Charita
68 Dari
62 Daune
68 Delphine
68 Drucie
56 Kippie
66 Virgie
Waiting!
15 Ariella
21 Donielle
18 Ettie
18 Fionnula
20 Prue
Waiting!
57 Hillary
58 Juline
57 Lonee
52 Merrily
56 Michelina
58 Morena
49 Octavia
56 Zitella
Waiting!
70 Ag
74 Antonietta
70 Del
Waiting!
7 Coreen
Waiting!
94 Noella
94 Nolie
90 Stevana
