Started!
23 Ailyn
27 Ambur
22 Bliss
23 Cally
28 Cassi
25 Danika
35 Darlleen
25 Dulsea
35 Elbertine
37 Jany
26 Kitty
28 Maible
17 Marleen
17 Melisenda
35 Penelope
29 Phedra
37 Phylys
36 Rebecca
29 Ricky
17 Timothea
32 Tiphanie
28 Tracie
17 Winona
Started!
89 Alexina
85 Angelle
91 Annabela
93 Barbra
98 Cleo
86 Elbertina
90 Elene
91 Elyn
90 Elysee
89 Farrand
87 Gavrielle
95 Genia
98 Gerty
90 Gracia
98 Hilda
98 Karel
93 Konstanze
98 Lorita
93 Martita
91 Neile
83 Olimpia
99 Ora
100 Riva
Started!
60 Alayne
58 Celine
45 Dalenna
53 Danna
52 Emiline
60 Emmalynne
54 Florella
46 Goldy
46 Hattie
59 Hetty
43 Jasmina
50 Katherina
56 Ketti
47 Legra
51 Lorenza
57 Marigold
54 Molly
51 Pauli
56 Peggy
61 Peria
47 Randy
57 Roshelle
49 Susannah
Started!
69 Adorne
81 Alanah
75 Aubree
76 Bibbie
77 Bridget
80 Candida
79 Caralie
82 Constantia
68 Delphinia
69 Dotti
79 Jordan
76 Josefina
76 Judye
82 Leah
75 Lesly
77 Loleta
68 Meridel
64 Orelia
73 Patrica
63 Philippine
71 Rosella
72 Ruthy
70 Sibel
Waiting!
22 Blondy
12 Deane
18 Diann
9 Elizabeth
6 Eve
8 Fara
16 Freddi
6 Joli
21 Karola
15 Linn
10 Lucille
5 Miran
14 Nikkie
11 Rosana
10 Selinda
8 Yolande
Waiting!
44 Della
41 Lanae
33 Lavinia
49 Marion
39 Nonah
Waiting!
69 Dot
62 Jaynell
72 Katlin
Waiting!
54 Sydney
Waiting!
98 Nan
93 Sybille
