Started!
35 Arda
45 Ariana
39 Astra
30 Bea
32 Cherlyn
46 Delcine
32 Donnie
39 Dre
30 Evvy
32 Floria
38 Gus
48 Gusti
32 Heath
38 Isidora
36 Janis
29 Josefina
43 Kevina
38 Kizzie
41 Lina
29 Lulita
40 Marci
37 Marijo
29 Marisa
29 Phillida
32 Rebbecca
36 Shari
47 Shelia
30 Verena
Started!
58 Almire
54 Barbey
53 Becca
57 Bibbie
54 Bonnee
56 Brandais
56 Brenn
50 Chiquita
63 Crin
53 Fifi
55 Frederica
62 Hilary
62 Idaline
48 Linnet
59 Lori
48 Marcie
60 Maribeth
57 Mignon
61 Nelle
52 Norine
56 Olympe
52 Patti
57 Perry
52 Randy
57 Rikki
51 Rosaleen
59 Sileas
51 Torey
Started!
15 Adriana
8 Alfy
9 Aliza
19 Amelie
27 Arliene
13 Bobette
10 Camella
13 Cassie
10 Corly
17 Crystie
16 Fredelia
14 Hyacintha
7 Janeczka
7 Jeannine
27 Jemie
25 Jennica
13 Kimberlyn
9 Lilyan
10 Lucilia
15 Marin
23 Olimpia
15 Pammy
17 Rosabella
11 Shellie
26 Talyah
26 Tiphani
20 Vivia
21 Windy
Waiting!
1 Afton
6 Ainslee
1 Cherice
4 Clarinda
3 Edwina
3 Elmira
4 Eva
2 Garnette
1 Hatty
6 Jeri
5 Juanita
5 Mariette
7 Rosana
3 Susannah
Started!
82 Andreana
78 Ardith
70 Britney
83 Cherise
72 Clair
77 Clementia
75 Clio
81 Deloria
80 Donella
69 Ellene
71 Hanna
73 Hyacinthia
69 Josie
79 Karlotte
76 Krissy
83 Leoline
74 Maddy
72 Marcille
82 Maureene
83 Melantha
83 Minetta
78 Ofelia
75 Patrice
79 Shauna
78 Timmi
76 Valentine
82 Vyky
75 Zaria
Waiting!
91 Aubree
95 Barry
100 Candis
90 Cassandre
91 Celle
89 Charlotta
94 Corry
95 Darlene
98 Dulciana
97 Eleanora
98 Josselyn
100 Kerstin
97 Maddie
94 Mamie
99 Morgana
90 Ree
93 Rosanne
91 Rozelle
99 Sharlene
96 Sherry
Waiting!
87 Allissa
84 Bree
87 Colette
84 Harlie
84 Mattie
84 Michelina
87 Phedra
84 Rebe
Waiting!
45 Addie
33 Blake
36 Felicity
43 Irene
44 Kacy
37 Kellie
37 Marie-Jeanne
30 Mariel
31 Nadine
41 Nickie
40 Olwen
40 Sibylle
31 Ulrike
45 Valentina
Waiting!
72 Christalle
68 Elberta
63 Elora
70 Janice
66 Phylis
68 Sigrid
Waiting!
15 Toma
