Started!
59 Evonne
57 Jodi
Started!
36 Bili
35 Camala
Started!
72 Constancy
80 Rivi
Started!
40 Jeana
48 Papagena
Started!
69 Britta
61 Mignonne
Started!
75 Aimee
85 Merrile
Started!
28 Ardath
23 Lise
Started!
94 Gladys
92 Kalinda
Started!
72 Deane
78 Reena
Started!
64 Roseanne
61 Tracy
Started!
24 Annissa
20 Laina
Started!
30 Casi
23 Shelley
Started!
1 Christyna
6 Germana
Started!
37 Maryellen
37 Rozella
Started!
69 Neila
73 Wilhelmine
Started!
2 Gweneth
8 Shelby
Started!
100 Fleur
99 Indira
Started!
93 Aaren
100 Alameda
Started!
77 Carmel
77 Kessiah
Started!
44 Brandea
49 Evaleen
Started!
57 Carlin
60 Cybil
Started!
34 Cicely
29 Kari
Started!
10 Gisele
1 Mireille
Started!
88 Brianne
92 Zandra
Started!
11 Avis
1 Nerte
Started!
74 Alida
83 Odille
Started!
50 Fallon
52 Terrye
Started!
16 Cheryl
7 Orly
Started!
76 Amalee
75 Toinette
Started!
35 Dix
37 Pris
Started!
100 Catherin
90 Celesta
Started!
48 Astra
47 Nathalia
Started!
81 Moyna
84 Oralie
Started!
29 Franciska
20 Susanetta
Started!
92 Bethanne
83 Hope
Started!
66 Feodora
71 Keelia
Started!
53 Kimberly
44 Mavis
Started!
60 Eugenie
58 Lara
Started!
18 Abby
12 Pansie
Started!
48 Charmaine
40 Tanitansy
Started!
30 Danny
37 Jeanne
Started!
86 Giacinta
96 Josefa
Started!
35 Grace
44 Willow
Started!
92 Felipa
98 Marlo
Started!
38 Hesther
36 Lucita
Started!
57 Constanta
48 Sharon
Started!
72 Emelita
64 Lu
Started!
96 Barbara-Anne
95 Karlotta
Started!
6 Alis
14 Odette
Started!
41 Charyl
39 Gwyneth
Started!
32 Ailey
29 Angelia
Started!
16 Diane-Marie
13 Florry
Started!
74 Estrella
75 Margarethe
Started!
49 Janna
43 Vonny
Started!
15 Eolande
20 Phil
Started!
3 Elka
2 Gertie
Started!
91 Beverie
100 Kelsey
Started!
71 Karen
61 Keely
Started!
78 Farra
76 Taffy
Started!
5 Babette
2 Lora
Waiting!
55 Drusie
Waiting!
79 Myrilla
Started!
22 Binni
30 Jeanette
Waiting!
44 Clea
Waiting!
90 Portia
Waiting!
29 Kevyn
Waiting!
6 Chrissie
