Started!
89 Andriana
83 Angelle
89 Arabelle
82 Benny
85 Briny
82 Cass
79 Clarabelle
91 Daryl
89 Dorette
84 Emmey
90 Evaleen
95 Feodora
83 Genovera
92 Hattie
79 Henka
80 Kendre
80 Marianna
76 Martelle
95 Melisandra
80 Pepi
86 Shirl
80 Tate
94 Terrye
76 Thomasa
Started!
26 Alysa
39 Ami
36 Angele
35 Arlen
34 Athena
29 Carlin
34 Clarinda
26 Dacia
28 Freida
27 Gladys
41 Helyn
35 Kameko
36 Kanya
37 Laura
30 Marlo
31 Micaela
35 Moyra
37 Randee
37 Rica
32 Roz
42 Sheelagh
41 Stacia
31 Thomasin
28 Tildie
Started!
77 Allissa
64 Averil
72 Bebe
77 Bel
68 Brandice
63 Carri
68 Cecelia
65 Cecilia
66 Corinne
71 Dyane
67 Elfreda
70 Grete
66 Karlotte
72 Katee
64 Katinka
62 Leesa
81 Leone
74 Madelena
74 Marnia
69 Martha
62 Noellyn
81 Rozamond
64 Shelley
69 Wendye
Started!
48 Adelind
50 Anstice
37 Charissa
56 Charmaine
37 Cloe
44 Colene
55 Cyndia
56 Elayne
41 Faye
49 Gertrude
40 Herta
46 Isobel
36 Jeanette
47 Keelia
51 Lorri
49 Marguerite
55 Millisent
52 Monique
53 Odele
46 Susie
36 Suzanne
54 Tamar
54 Tomi
48 Vonny
Waiting!
52 Bonita
62 Cati
60 Dallas
58 Danita
64 Devinne
54 Devondra
63 Easter
60 Jada
53 Janean
57 Layne
62 Loleta
49 Lynnett
61 Marja
62 Nani
58 Quintana
67 Sharai
57 Simonette
63 Tabby
54 Tootsie
53 Xenia
Waiting!
2 Allix
2 Blondelle
9 Brianna
5 Cammie
12 Dedie
4 Desdemona
3 Dionne
12 Dorelia
7 Dorey
14 Jaclyn
14 Jana
4 Kat
2 Klarika
3 Krystalle
3 Latrina
4 Maurizia
7 Noell
10 Ronni
4 Roxie
7 Sigrid
11 Suzi
Waiting!
98 Adelle
98 Berti
98 Beverlee
100 Brena
96 Candi
97 Cayla
99 Darsey
96 Elfrieda
100 Gerty
97 Gusti
97 Jeniece
90 Jenifer
89 Katrine
90 Mariam
91 Phil
100 Vyky
Waiting!
18 Angeline
18 Bellanca
21 Bridgette
27 Candy
18 Karol
26 Kettie
21 Leia
17 Linell
20 Lynette
22 Nerte
27 Raven
18 Rhody
25 Rosie
19 Sherrie
17 Twyla
Waiting!
77 Cordelie
88 Karrah
83 Kissee
80 Larissa
80 Maridel
76 Nadiya
80 Tandie
84 Vickie
Waiting!
33 Belvia
36 Benetta
32 Dorothea
35 Ethelda
35 Glenn
36 Hendrika
43 Issi
36 Jane
33 Karen
32 Madelaine
30 Patience
40 Rosita
39 Wren
Waiting!
71 Blair
73 Janenna
72 Jyoti
