Started!
28 Amelina
15 Dominica
25 Faythe
26 Juieta
21 Lynn
Started!
52 Arliene
52 Debbie
42 Maryanna
52 Regine
42 Tiffie
Started!
67 Cordie
68 Kiah
73 Mab
70 Malissa
73 Tanya
Started!
89 Aurore
92 Buffy
84 Robenia
87 Stacey
88 Tobi
Started!
57 Amitie
71 Jacquie
63 Josephina
74 Leonora
65 Zorah
Started!
97 Christalle
96 Christel
93 Ivie
100 Karoly
96 Lizbeth
Started!
9 Ardine
20 Didi
10 Marysa
18 Riane
16 Vivianna
Started!
42 Donnamarie
42 Doralin
46 Karina
38 Katie
45 Nataline
Started!
78 Blisse
76 Jyoti
85 Lolly
82 Michell
72 Susanna
Started!
30 Andria
23 Anett
27 Casie
25 Dinny
28 Toma
Started!
9 Annamarie
10 Ardella
7 Audrye
15 Daisey
16 Rosemonde
Started!
100 Cinda
99 Corri
100 Edita
96 Nicol
94 Tresa
Started!
35 Charleen
38 Daphene
35 Jillian
38 Marj
28 Petunia
Started!
7 Aaren
2 Dominique
10 Hilda
10 Inesita
9 Mallory
Started!
45 Antonia
46 Perle
40 Seana
44 Taryn
37 Waly
Waiting!
24 Candice
5 Carley
14 Marlane
18 Toni
Started!
74 Caritta
66 Dyan
82 Joice
75 Kirsteni
83 Ros
Waiting!
92 Darda
94 Liane
97 Pooh
99 Veronique
Waiting!
63 Aurelia
57 Carmita
57 Mirna
Started!
29 Carmelina
37 Clarey
32 Krissie
27 Millicent
26 Rosana
Waiting!
76 Adelaida
68 Aeriel
72 Betti
75 Kippy
Waiting!
79 Audrie
82 Janith
