Started!
43 Alisa
48 Barbi
50 Isabella
Started!
90 Hollie
80 Mina
92 Velma
Started!
21 Hollyanne
22 Mandi
18 Rochell
Started!
71 Marj
66 Priscilla
66 Seline
Started!
86 Hildy
93 Kathrine
92 Lin
Started!
37 Dale
27 Dayna
34 Ros
Started!
55 Ailene
47 Ainslie
49 Kelsy
Started!
11 Darcey
21 Jenifer
30 Shir
Started!
63 Binni
66 Lidia
76 Lyndsay
Started!
85 Berny
90 Daniella
90 Ruthanne
Started!
79 Euphemia
85 Franciska
86 Uta
Started!
51 Maribeth
47 Roselia
54 Selinda
Started!
27 Chloris
30 Kessia
20 Myrtle
Started!
89 Audry
87 Mariquilla
81 Tiffani
Started!
8 Candra
3 Halette
18 Sukey
Started!
64 Flo
64 Janella
61 Ketti
Started!
75 Brear
65 Charity
67 Lucia
Started!
99 Bertine
92 Marlee
94 Meggi
Started!
63 Chad
55 Shauna
62 Willie
Started!
86 Jasmine
91 Maxi
91 Sydelle
Started!
3 Amelie
7 Brianna
15 Daune
Started!
25 Bernice
27 Margarethe
34 Willyt
Started!
46 Elianora
46 Meagan
43 Wally
Started!
87 Malissa
91 Paulina
81 Tallou
Started!
31 Allx
31 La
22 Sharlene
Started!
6 Lea
11 Shalne
4 Tiffie
Started!
99 Cherise
93 Doria
98 Nancy
Started!
74 Karly
69 Marni
66 Michelina
Started!
35 Clare
45 Danielle
45 Dodi
Started!
1 Dora
1 Joye
6 Minni
Started!
28 Gelya
32 Helyn
23 Kathlin
Started!
80 Elwira
79 Jacquetta
82 Sib
Started!
55 Kaja
57 Maritsa
58 Shayna
Started!
85 Geri
84 Katherina
94 Letti
Started!
46 Alberta
37 Cacilie
36 Danette
Started!
67 Cristine
71 Elfrieda
72 Mariette
Started!
35 Allsun
30 Misha
34 Mufinella
Started!
57 Fayette
48 Filide
50 Laurella
Started!
6 Alvira
13 Jessi
18 Lelia
Started!
6 Allyn
5 Jennilee
11 Tova
Started!
64 Harri
68 Judy
63 Korie
Waiting!
100 Rene
Started!
56 Anny
56 Ilka
64 Jorry
Waiting!
12 Haley
3 Perry
Waiting!
72 Nollie
Waiting!
35 Bee
43 Kaycee
Started!
85 Charita
89 Damaris
85 Willow
Waiting!
56 Shawn
Waiting!
88 Inez
