Started!
45 Andriette
50 Annelise
41 Beatrice
53 Chryste
51 Clair
53 Clarie
59 Dody
53 Haleigh
61 Jacky
58 Jessy
49 Joelle
54 Klara
51 Linnie
57 Marty
58 Sue
48 Tatiania
55 Zelda
Waiting!
12 Ashil
9 Drusilla
3 Dyan
10 Edeline
9 Edwina
12 Ertha
15 Francesca
14 Gerry
12 Harrietta
6 Jessa
4 Jessika
16 Jillian
11 Joela
15 Malinde
10 Renelle
7 Sibby
Waiting!
25 Carolina
20 Cass
18 Catherine
18 Deeanne
25 Gavrielle
24 Gerhardine
22 Kala
27 Kathleen
24 Ketty
18 Krissie
18 Thekla
26 Vikki
17 Yalonda
Waiting!
37 Anastassia
30 Bettina
32 Bliss
28 Catlin
31 Clemmy
40 Ealasaid
30 Elnore
32 Glennie
33 Jessi
38 Latisha
32 Maurene
35 Tamiko
Waiting!
93 Brande
94 Cammi
94 Carleen
94 Corinna
97 Cristal
95 Elka
89 Filippa
95 Hyacinth
95 Jeanne
94 Lurline
97 Margette
96 Marysa
97 Odelle
99 Velvet
Waiting!
73 Belvia
65 Cicily
68 Corinne
77 Darline
76 Deana
68 Honey
67 Ibby
65 Janith
69 Marne
65 Nancie
71 Norah
63 Tommy
66 Zonda
Waiting!
83 Agnes
86 Austin
79 Dusty
79 Joan
83 Maia
80 Nessa
82 Shanie
83 Sofie
86 Valeria
Waiting!
55 Crissie
52 Kristal
