Started!
27 Adele
16 Anet
23 Babita
13 Brenna
23 Merridie
25 Roselia
Started!
32 Beatrice
35 Billie
39 Hailee
28 Piper
41 Renelle
31 Whitney
Started!
52 Amelina
48 Basia
61 Clarisse
55 Florie
54 Hildegaard
54 Margaret
Started!
70 Esta
64 Katherina
63 Marianna
67 Meaghan
63 Ronnie
70 Sibylla
Started!
82 Allyce
91 Arlyne
74 Denys
74 Dorothee
80 Gertruda
83 Vonnie
Started!
97 Aubry
94 Brittany
95 Coralie
94 Martynne
97 Robbyn
98 Rosette
Started!
5 Carmen
7 Chandra
2 Emmaline
9 Ermentrude
2 Sybil
11 Sylvia
Started!
82 Arlee
85 Lil
81 Nalani
77 Querida
95 Randee
86 Sileas
Started!
21 Evy
28 Kip
19 Marie
15 Nat
14 Noelani
19 Wenona
Started!
88 Cate
79 Corry
94 Erma
92 Jordain
89 Nata
90 Reina
Started!
37 Aurie
38 Bellanca
44 Hallie
33 Novelia
40 Rica
41 Tobi
Started!
30 Alys
21 Fanny
20 Livvy
19 Melicent
13 Melisent
18 Mirelle
Started!
48 Christine
50 Daune
60 Gisela
53 Jere
52 Pier
58 Xylina
Started!
67 Amanda
64 Denna
67 Milly
71 Myra
54 Quinn
68 Theresita
Started!
7 Avie
5 Corey
2 Jayne
4 Lynelle
6 Mitzi
1 Shannen
Started!
39 Catherine
32 Gabriell
46 Kyrstin
42 Leila
40 Marielle
42 Ruthann
Started!
76 Jo
75 Kora
84 Mabelle
78 Maritsa
78 Uta
84 Wally
Started!
90 Ardyth
99 Cassi
92 Corinna
87 Leigha
96 Nanice
96 Neysa
Started!
52 Abra
55 Alexandra
43 Elianora
44 Konstance
60 Michele
51 Rahel
Started!
63 Anabella
71 Eachelle
64 Marrilee
60 Milli
69 Sisile
55 Trixy
Started!
77 Carmelle
84 Cherish
86 Jorie
78 Mirabelle
82 Seline
79 Tommi
Started!
16 Adriane
23 Cherey
23 Mirna
13 Olivia
22 Perrine
28 Tara
Started!
92 Dulsea
99 Felecia
100 Guinna
93 Lela
96 Nessi
90 Tiphani
Started!
37 Dedra
44 Fancie
38 Mina
35 Minnaminnie
47 Roselin
46 Sheeree
Started!
7 Codi
10 Dell
5 Lenette
10 Lotte
1 Mallory
4 Stephannie
Started!
76 Cesya
79 Corabelle
76 Gaye
82 Janenna
76 Minta
84 Nadya
Started!
17 Britney
25 Cherie
9 Jobey
12 Kathleen
11 Lin
17 Odilia
Started!
49 Asia
42 Chloe
48 Georgeta
55 Lotta
53 Terri
55 Wilow
Started!
62 Chastity
70 Halette
66 Philippine
70 Robinetta
60 Trudi
55 Vinita
Started!
31 Beatrix
35 Chantal
35 Golda
38 Kiersten
32 Lida
35 Lorelle
Started!
13 Alfy
6 Cheryl
4 Darice
12 Dotti
12 Linnie
12 Tomasina
Started!
17 Danell
17 Greer
23 Janela
18 Joycelin
16 Lynette
24 Stephine
Started!
71 Casie
57 Dallas
73 Giselle
62 Meggie
62 Phebe
65 Sibilla
Started!
76 Dorry
82 Ebonee
90 Jeannette
80 Lorrin
77 Lucky
86 Tommy
Started!
49 Brianne
51 Elianore
52 Maggy
52 Melantha
43 Rachelle
52 Shelbi
Started!
34 Elvina
44 Felicity
39 Gloriana
35 Maighdiln
49 Stacia
37 Talia
Started!
11 Alena
2 Clarice
10 Kass
3 Kym
1 Reggie
4 Willetta
Started!
93 Allianora
95 Fredra
95 Ibby
89 Katti
91 Loutitia
100 Suzanna
Started!
42 Anna-Diane
46 Carie
43 Dulcy
54 Jandy
52 Luella
50 Melita
Started!
27 Carolin
13 Giuditta
17 Marieann
19 Nedi
26 Orel
27 Raquel
Waiting!
66 Ardisj
71 Hestia
66 Hetti
58 Liana
61 Romonda
Started!
91 Barbara-Anne
100 Coral
87 Deborah
93 Genevieve
97 Minda
90 Sadie
Started!
46 Arlyn
52 Carma
45 Isabelita
39 Kandy
37 Millie
48 Zarah
Started!
82 Agnola
79 Aprilette
85 Kassie
79 Martelle
81 Sophey
78 Trudey
Waiting!
39 Andy
26 Georgine
34 Margaretha
31 Penelope
Waiting!
15 Carlota
12 Jackquelin
21 Josefa
21 Magda
Waiting!
8 Helena
4 Jewelle
Waiting!
96 Rhodie
