Started!
50 Ainslee
45 Cathee
44 Cathleen
54 Colly
50 Daffi
59 Demeter
40 Devan
49 Dorothy
50 Maryann
57 Michele
40 Reine
50 Traci
46 Willetta
Started!
78 Audrie
87 Blake
88 Brenda
79 Caresse
82 Cecilia
78 Dinnie
78 Doralin
90 Julie
89 Laurianne
82 Letty
91 Ruthe
90 Sharity
82 Zandra
Started!
28 Bess
34 Deina
39 Elke
39 Farrand
37 Guillemette
27 Ivonne
25 Jeanine
33 Jody
31 Madlen
36 Prudy
36 Rosalinda
38 Tiphanie
39 Tommy
Started!
13 Bellanca
15 Corilla
10 Demetra
21 Domini
19 Ester
15 Gabie
5 Georgeanna
13 Jessalyn
15 Kessiah
5 Malvina
2 Mattie
2 Meredithe
12 Susanetta
Started!
100 Daphne
92 Dulcy
98 Harley
97 Joanie
97 Kay
94 Kirstin
89 Meade
96 Roz
96 Tani
100 Trish
99 Ulrika
100 Verna
98 Viviyan
Started!
73 Aviva
60 Consuelo
68 Dacia
66 Darsie
60 Dennie
71 Dulci
65 Helaina
69 Kara-Lynn
59 Robby
68 Shaylyn
76 Tamra
79 Tricia
71 Zelda
Started!
55 Agace
48 Amalie
37 Cammy
37 Esmaria
45 Gerianne
46 Gillian
46 Junette
50 Lexi
39 Marion
41 Olenka
50 Serena
49 Suzy
51 Tamma
Started!
49 Aindrea
50 Alexis
48 Allina
66 Chelsey
56 Corette
47 Desiri
57 Karna
65 Nonna
46 Rachele
53 Rina
57 Stephie
46 Tessie
56 Zorana
Started!
2 Alis
5 Carmelia
4 Deborah
14 Dorree
11 Gavrielle
3 Glenn
8 Marcelline
4 Melinda
13 Norah
2 Rafaelia
12 Romona
8 Sidoney
14 Tonye
Started!
25 Almire
32 Andreana
19 Charlean
33 Evie
24 Joleen
32 Kare
27 Karylin
26 Kizzee
34 Melody
32 Rea
26 Reyna
20 Tawsha
19 Trescha
Started!
88 Amaleta
89 Ashely
72 Beilul
77 Elfie
79 Hally
77 Joscelin
81 Kamillah
89 Karmen
80 Keri
73 Melesa
72 Rania
72 Talia
80 Zia
Waiting!
61 Brandea
69 Ezmeralda
71 Marianne
70 Marsha
77 Nikki
63 Petronille
65 Renata
67 Yovonnda
69 Ysabel
Waiting!
42 Aleda
40 Angelia
40 Angie
33 Darleen
49 Elle
42 Esta
50 Kinna
47 Nadiya
44 Nichole
40 Rosemarie
33 Tiertza
42 Verene
Waiting!
98 Bobine
95 Brandais
100 Friederike
88 Lauree
96 Lena
Waiting!
12 Agneta
17 Coraline
16 Cristy
18 Dorrie
6 Gerda
24 Kristien
15 Lyssa
23 Maurita
16 Melisenda
20 Ninette
12 Ricca
24 Tabbitha
Waiting!
30 Carolee
29 Fayette
28 Jerrine
28 Maudie
29 Stephine
Waiting!
85 Lolly
Waiting!
5 Aprilette
2 Emmie
3 Eunice
Waiting!
58 Paige
