Started!
12 Adriane
17 Bonnie
18 Callida
30 Charissa
25 Charity
16 Cherida
17 Deny
17 Evaleen
23 Florenza
15 Florida
25 Ines
16 Jacquie
17 Karel
12 Karole
20 Kelli
14 Kial
23 Libby
26 Lillian
14 Lind
15 Livy
18 Lorene
22 Mead
30 Missy
28 Myrtie
23 Roselle
30 Sibby
14 Tamar
Waiting!
28 Adrianne
34 Anetta
36 Brier
32 Bryna
43 Celene
40 Cherianne
45 Clementia
33 Corenda
37 Delores
43 Dredi
34 Eirena
42 Elfrida
40 Garnette
42 Janith
29 Juline
41 Karylin
39 Kathie
45 Kit
41 Latisha
46 Myra
46 Olva
Started!
61 Ardenia
74 Berti
75 Cissy
61 Codie
67 Devondra
60 Dian
62 Eba
72 Evie
75 Hilde
65 Janetta
67 Kathi
67 Koo
70 Lainey
68 Leyla
64 Liuka
62 Marcella
65 Marcile
61 Meghan
64 Peggie
64 Portia
80 Regina
68 Renata
63 Roseanne
75 Rosina
77 Saraann
62 Sidoney
66 Talyah
Waiting!
47 Adela
49 Cate
54 Caty
55 Claresta
49 Cordi
48 Cymbre
51 Dalenna
55 Doralynn
55 Faina
50 Gloriane
58 Katee
56 Katheryn
53 Milzie
56 Rikki
57 Shelagh
55 Sib
57 Veda
Started!
85 Ardis
75 Aryn
89 Ashia
94 Brina
95 Cassaundra
91 Corrinne
85 Diann
87 Dorthea
92 Frederique
85 Gianna
80 Julia
91 Katlin
81 Lois
91 Marj
81 Misti
93 Norah
95 Norry
84 Patience
85 Robin
81 Rodi
88 Rori
79 Ruby
81 Sofie
82 Sonni
95 Stace
82 Stephi
83 Vivi
Waiting!
14 Angeline
4 Atlante
8 Augustina
4 Beatrisa
2 Devora
9 Gabrielle
2 Joelie
15 Katina
3 Katine
1 Kim
6 Lauri
1 Lenora
4 Lynnelle
6 Margo
3 Opal
8 Rozella
4 Sara
7 Shellie
Waiting!
100 Bree
98 Cati
88 Mary
96 Mindy
97 Petronia
97 Shoshana
Waiting!
62 Emelita
59 Jodie
69 Klarrisa
69 Nanette
Waiting!
74 Brena
72 Gaynor
70 Janenna
71 Perry
70 Shina
