Started!
71 Alicia
77 Alie
67 Amabelle
71 Celie
74 Daveta
66 Desiree
79 Dione
77 Donica
66 Dorena
75 Dorie
78 Ema
66 Isabelle
80 Ivie
67 Klara
74 Kylila
72 Luella
61 Morena
75 Novelia
62 Orel
71 Petrina
62 Robinia
77 Sallie
79 Shari
68 Tina
63 Verine
70 Willy
Started!
47 Andree
61 Arlana
47 Barbe
51 Bobette
54 Carole
56 Chrissy
50 Conny
54 Dacy
52 Daile
56 Dinny
56 Etti
57 Farah
56 Joete
58 Jolene
51 Kameko
53 Lainey
49 Lexi
54 Mae
53 Marian
62 Marigold
58 Mercie
60 Milissent
57 Savina
52 Viola
58 Wally
51 Wandie
Started!
23 Brena
26 Carmella
24 Chiquita
33 Chloette
41 Correna
38 Darice
37 Emlyn
39 Evangelia
25 Gertrudis
39 Ginnie
33 Jamima
34 Julietta
40 Lilia
26 Magdaia
37 Maryann
40 Melantha
41 Michel
23 Mickie
43 Nana
40 Ninnette
28 Patience
36 Roanna
31 Scarlet
41 Shela
33 Shell
40 Timmie
Started!
4 Annis
7 Benita
12 Carlin
3 Charil
5 Claresta
8 Cthrine
12 Dari
3 Demetris
5 Eloisa
6 Elsy
9 Elysha
8 Felisha
11 Feliza
9 Grete
7 Lisa
13 Lotti
8 Lucine
2 Lura
9 Madlin
2 Marisa
4 Mirilla
3 Moina
3 Nettie
2 Oliy
2 Robin
9 Suellen
Waiting!
100 Agneta
95 Brit
98 Celestine
92 Chrystal
91 Dasha
95 Genevra
95 Gizela
95 Heath
99 Idell
100 Jannelle
99 Karee
89 Klarika
90 Mirelle
89 Toma
Waiting!
84 Anya
82 Brandea
83 Cassi
87 Debbi
80 Delly
77 Flory
87 Jewelle
85 Magdalena
86 Millisent
80 Pris
85 Ronny
79 Ruthe
86 Shawn
87 Stephine
77 Sydney
82 Tiertza
79 Torrie
Waiting!
17 Alverta
14 Coreen
16 Dniren
14 Donnamarie
15 Elvira
23 Emmalynn
20 Evita
21 Faun
17 Giulia
21 Jany
30 Joelle
25 Kary
15 Katina
14 Lexis
25 Maris
19 Morgana
27 Nichole
14 Roselin
21 Tawsha
30 Tillie
Waiting!
44 Ame
45 Billie
44 Florry
52 Gail
48 Gwendolin
41 Mair
Waiting!
75 Anjanette
74 Briana
71 Farrand
75 Fay
76 Jobina
74 Linet
Waiting!
32 Loralyn
34 Marylee
32 Rochelle
Waiting!
9 Kirsti
