Started!
49 Adan
57 Auberta
63 Barbara-Anne
55 Charmaine
55 Christan
55 Cindy
51 Cyndy
45 Felicle
64 Josie
60 Laurene
61 Letisha
48 Margarethe
45 Melita
50 Melva
64 Naomi
54 Nicoline
44 Tracee
45 Trix
Started!
15 Alane
17 Colleen
25 Deva
22 Elisabetta
29 Georgianna
13 Gretchen
20 Janela
30 Laurena
23 Lilith
33 Loise
23 Lulita
29 Madlin
24 Miran
30 Prudi
16 Rachele
26 Roseline
32 Silva
25 Vannie
Started!
66 Barbey
70 Britney
74 Cecilla
76 Chrissy
66 Clo
70 Corey
67 Ema
75 Eva
69 Leanna
64 Libbie
75 Livvyy
71 Micaela
60 Nona
74 Rhody
60 Ruthann
73 Sheri
67 Sophia
67 Traci
Started!
88 Amandie
92 Amelie
100 Angelique
85 Delores
85 Dolley
89 Elvira
100 Hildegarde
90 Janet
96 Marybeth
99 Meghann
95 Merralee
88 Moreen
98 Renell
86 Rochelle
95 Ros
95 Sam
91 Suzie
89 Xylia
Started!
2 Chelsie
3 Dani
11 Deidre
10 Elna
9 Enrica
1 Ermengarde
9 Herminia
3 Herta
3 Johanna
9 Julee
1 Kirbee
2 Matti
7 Mercy
7 Merilee
9 Nissie
2 Verena
5 Wally
10 Xaviera
Started!
82 Amargo
84 Annabell
70 Carrissa
77 Ciel
77 Claudetta
88 Emeline
78 Jobina
79 Kizzee
81 Libby
85 Lissa
86 Madelle
80 Maegan
83 Margret
88 Marion
70 Marley
83 Philis
71 Wendeline
84 Winne
Started!
35 Ann-Marie
26 Camala
36 Carrie
30 Cecily
26 Celestina
27 Cherin
27 Emmalynn
44 Erin
36 Eyde
45 Jaquith
31 Jere
35 Kayley
46 Miguela
29 Persis
33 Rani
32 Rica
43 Roxine
42 Sile
Started!
19 Adorne
15 Alberta
22 Ammamaria
28 Chiquia
22 Chrysler
29 Cindie
22 Eudora
19 Gussi
16 Hester
17 Izabel
24 Jerrilee
14 Kaylyn
13 Michelina
19 Rania
23 Row
19 Sara
25 Tessie
33 Zia
Started!
46 Alis
55 Babita
47 Bellina
47 Caralie
56 Carmina
62 Celka
54 Clarissa
52 Elisha
56 Ilka
55 Jacklyn
64 Karol
63 Kelcey
51 Melantha
52 Nan
66 Ranee
47 Rhodia
47 Tabitha
50 Vanda
Waiting!
93 Adaline
83 Andrea
84 Brinn
84 Carri
94 Cassi
83 Corinne
99 Danit
83 Dell
92 Korella
86 Maddie
98 Minny
93 Pavia
90 Roana
95 Sal
96 Sherrie
Started!
40 Bonnee
43 Caitrin
42 Carlye
48 Cathi
47 Chrystal
36 Cordie
39 Ginni
36 Indira
47 Joellen
45 Juline
44 Karlie
40 Katleen
41 Lucille
40 Maddy
37 Shara
41 Thelma
47 Wynne
39 Yalonda
Waiting!
70 Adriena
69 Aline
67 Arabela
58 Avril
57 Benedicta
65 Didi
71 Dulcia
58 Jo-Ann
66 Mada
59 Micky
63 Prue
68 Rina
61 Sari
Waiting!
2 Belvia
2 Eustacia
6 Gretna
2 Louise
8 Tim
Waiting!
14 Junette
25 Mariellen
16 Maryrose
21 Mirelle
16 Nannie
15 Phaidra
16 Romona
22 Sonja
15 Sydel
21 Vina
Waiting!
28 Celinka
30 Tallia
Waiting!
81 Modestine
