Waiting!
43 Alyson
52 Cara
58 Caryl
58 Desdemona
52 Diannne
49 Ernestine
58 Keeley
50 Madonna
58 Petronilla
53 Sammy
48 Sarene
52 Tillie
55 Windy
Waiting!
21 Aggie
10 Bathsheba
11 Cindra
11 Cleopatra
8 Deeyn
20 Giovanna
17 Henka
19 Issi
20 Jade
10 Lanna
13 Lu
11 Marie-Ann
6 Odette
7 Ofilia
17 Priscella
8 Renae
4 Saba
2 Susanna
21 Violette
9 Yasmin
Waiting!
69 Abagael
86 Andee
77 Annaliese
87 Carmina
68 Dorita
80 Fredia
77 Herta
80 Juliane
74 Koral
86 Madel
77 Mariquilla
69 Marnie
76 Patrizia
70 Roseanna
Waiting!
100 Alena
99 Bethanne
98 Carolynn
90 Celina
93 Chloette
99 Dasha
97 Emilia
99 Emogene
94 Evita
99 Latrena
100 Maisie
94 Penelopa
93 Pietra
Waiting!
27 Alika
25 Andrei
33 Blondie
33 Camile
35 Coleen
22 Dena
37 Dominique
24 Effie
30 Evangelin
36 Karia
34 Kip
33 Lanny
29 Muire
Waiting!
40 Eudora
39 Ilyse
38 Jennie
39 Lavinia
41 Perl
41 Teri
Waiting!
64 Dorolisa
64 Gwendolen
65 Lee
