Started!
40 Alia
42 Cybil
46 Elva
46 Kath
41 Lyndsey
31 Row
44 Sue
39 Tillie
Started!
9 Abagael
5 Blondie
11 Bobbi
8 Lee
8 Nissa
11 Nydia
1 Stevana
4 Tanitansy
Started!
19 Avis
23 Clio
16 Elfrida
14 Hermia
24 Lindie
22 Lizabeth
27 Noella
17 Siusan
Started!
63 Alexa
68 Berna
64 Camile
57 Carrissa
57 Jermaine
53 Maible
63 Maisie
66 Ursola
Started!
95 Andee
92 Chloette
95 Dreddy
100 Emogene
96 Jacquetta
90 Meghan
96 Odetta
97 Windy
Started!
74 Amaleta
82 Annie
81 Berri
77 Dian
80 Dorolisa
70 Gwenneth
71 Loralee
67 Olga
Started!
38 Alexine
40 Anya
48 Brandais
35 Clarette
37 Josi
40 Seana
44 Tasha
46 Zora
Started!
16 Alexandrina
5 Annadiane
13 Cecilia
14 Cilka
12 Freddy
4 Gavrielle
18 Maura
18 Sal
Started!
34 Angele
31 Cynthie
35 Denyse
29 Giovanna
34 Juditha
33 Nomi
25 Vicki
33 Willabella
Started!
51 Andromache
50 Antonie
51 Aurelea
47 George
51 Lanny
49 Norma
53 Tanhya
60 Tatiana
Waiting!
75 Blithe
59 Dela
64 Maribelle
66 Tommy
Waiting!
34 Candace
39 Donnamarie
33 Lanie
30 Marnie
40 Romola
37 Rycca
Started!
89 Andra
83 Angelina
91 Berty
82 Jasmine
90 Madonna
85 Monika
89 Rasia
95 Roseanna
Waiting!
16 Aimil
13 Dina
12 Joete
16 Melloney
19 Nola
20 Ulrica
Waiting!
3 Aile
2 Rey
1 Roseline
Waiting!
27 Adey
27 Lian
Waiting!
80 Sacha
