Started!
9 Anderea
8 Anneliese
Started!
79 Enrica
70 Lyndsey
Started!
48 Bella
48 Berget
Started!
90 Cami
95 Katherine
Started!
5 Blondie
15 Courtenay
Started!
47 Blake
53 Rhiamon
Started!
69 Isadora
78 Truda
Started!
58 Joane
66 Lu
Started!
57 Frayda
59 Quentin
Started!
9 Rosalia
6 Ursola
Started!
23 Celina
22 Gayla
Started!
71 Felicia
63 Siusan
Started!
98 Selma
95 Tandi
Started!
76 Odille
74 Sharon
Started!
10 Josi
1 Trescha
Started!
50 Norene
51 Rhona
Started!
18 Meggie
27 Tarrah
Started!
51 Fiorenze
48 Vicki
Started!
37 Loleta
33 Mellicent
Started!
30 Carolyne
22 Tracee
Started!
90 Freddy
80 Jerrilyn
Started!
5 Cammy
8 Elyn
Started!
35 Concettina
43 Halie
Started!
58 Cleopatra
52 Ericka
Started!
22 Clea
12 Kimberley
Started!
92 Kora
89 Sandie
Started!
73 Andromache
76 Rosina
Started!
98 Guenna
94 Maggi
Started!
55 Kizzee
64 Vonny
Started!
20 Maud
29 Stepha
Started!
1 Fionna
1 Mahala
Started!
44 Charyl
38 Em
Started!
54 Janel
60 Willabella
Started!
89 Bobbi
88 Cilka
Started!
70 Alexina
67 Nan
Started!
2 Siobhan
12 Tatiana
Started!
90 Ashely
100 Babs
Started!
23 Catrina
16 Marcella
Started!
64 Lanae
61 Lee
Started!
50 Ara
46 Liane
Started!
5 Marianna
15 Theresina
Started!
4 Aeriela
14 Indira
Started!
91 Josephine
99 Phelia
Started!
18 Kip
28 Marjy
Started!
87 Andeee
78 Louisette
Started!
83 Alica
80 Tonia
Started!
2 Belle
10 Lurleen
Started!
86 Ethel
79 Goldie
Started!
35 Malissia
40 Nicolle
Started!
5 Adey
9 Vivi
Started!
85 Isabel
76 Sacha
Started!
22 Donnamarie
27 Kristyn
Started!
81 Mara
75 Twila
Started!
66 Daniele
65 Fredi
Started!
42 Ag
50 Eada
Started!
75 Alfy
73 Rey
Started!
4 Taryn
6 Venita
Started!
52 Gael
55 Windy
Started!
7 Ricki
16 Vilhelmina
Started!
21 Christin
22 Verene
Started!
53 Audrey
49 Milena
Started!
14 Jenilee
8 Minta
Started!
58 Paula
57 Rosmunda
Started!
58 Edwina
64 Genvieve
Started!
14 Diahann
4 Gustie
Started!
53 Ashil
48 Kassi
Started!
79 Danny
87 Lolly
Started!
19 Rafa
22 Sarajane
Started!
38 Basia
47 Lyndsay
Started!
55 Fawne
60 Mitzi
Started!
68 Brenna
78 Jourdan
Started!
47 Maggee
54 Rebeca
Started!
23 Cristie
24 Therese
Started!
88 Mickie
94 Shelly
Started!
8 Nicol
2 Viole
Started!
92 Alysia
89 Stephannie
Started!
33 Dusty
24 Michaeline
Started!
67 Daisi
60 Grethel
Started!
9 Noni
10 Samaria
Started!
61 Emilia
68 Fayina
Started!
81 Gaby
83 Lacee
Started!
23 Brinn
23 Dido
Started!
66 Matelda
61 Steffane
Started!
87 Aleda
83 Paulita
Started!
55 Bertine
61 Kally
Started!
22 Delinda
12 Hyacinthie
Started!
100 Margareta
100 Toinette
Started!
39 Jeniece
34 Megen
Started!
93 Maurizia
86 Shina
Started!
38 Jessamyn
38 Rori
Started!
62 Annmaria
54 Sephira
Started!
96 Karyn
88 Sara-Ann
Started!
73 Ammamaria
81 Leticia
Started!
34 Chloette
40 Valene
Started!
59 Kira
50 Nalani
Started!
100 Bernadina
95 Tersina
Started!
26 Alejandrina
32 Glenda
Started!
93 Sharline
84 Waly
Started!
5 Karylin
7 Suzi
Started!
11 Janina
15 Margaret
Started!
87 Sheela
80 Wynny
Started!
50 Adelina
49 Adriaens
Started!
73 Chelsea
77 Ilse
Started!
65 Consolata
73 Madelaine
Started!
78 Dina
76 Dulcy
Started!
74 Bernadette
69 Edita
Started!
32 Belinda
33 Holli
Started!
56 Bernice
52 Breanne
Started!
88 Cathrin
81 Glen
Started!
12 Alaine
17 Terese
Started!
5 Billye
13 Halimeda
Started!
99 Arlana
96 Cherri
Started!
79 Brenn
81 Maryellen
Started!
58 Ginevra
50 Nerte
Started!
94 Rana
98 Sunny
Started!
38 Lenora
40 Othilia
Started!
73 Caresse
83 Fiann
Started!
10 Afton
1 Celinka
Started!
62 Allene
65 Elinore
Started!
75 Danell
71 Tommy
Started!
33 May
43 Penni
Started!
86 Darb
88 Delcina
Started!
49 Dory
48 Terry
Started!
79 Allyson
81 Katrinka
Started!
45 Marcie
46 Patty
Started!
72 Angelika
64 Martie
Started!
60 Abbe
65 Kristina
Started!
91 Allsun
95 Gwyneth
Started!
51 Barry
57 Dix
Started!
24 Batsheva
23 Tuesday
Started!
7 Florence
6 Tallulah
Started!
98 Danice
93 Umeko
Started!
60 Chrissie
60 Lexie
Started!
20 Laure
17 Minnie
Started!
39 Abagail
44 Sarette
Started!
77 Harriette
76 Sibby
Started!
25 Melli
31 Terrye
Waiting!
4 Valentina
Started!
30 Audie
32 Aurora
Started!
79 Crin
77 Maureene
Started!
99 Bettina
99 Eveline
Started!
84 Dodi
81 Shannon
Started!
43 Cristina
38 Julina
Started!
87 Jill
82 Lynna
Started!
22 Phyllis
26 Sherrie
Waiting!
45 Collie
