Started!
74 Ashil
84 Beverly
88 Gilberta
84 Tess
Started!
20 Agna
19 Angelia
10 Julienne
18 Ronica
Started!
62 Hephzibah
73 Irma
72 Tiena
77 Zola
Started!
45 Cornela
46 Leoine
55 Nert
49 Sari
Started!
28 Britta
18 Katinka
25 Naomi
35 Saudra
Started!
35 Diana
42 Jessi
34 Verla
29 Wilhelmine
Started!
32 Carlota
18 Judith
18 Lulu
22 Marley
Started!
9 Kristine
6 Lynne
6 Nettle
19 Sigrid
Started!
89 Fenelia
83 Joana
89 Jobie
96 Nicolette
Started!
74 Arlyne
68 Midge
78 Ofelia
70 Zia
Started!
43 Consolata
53 Darbie
55 Joya
45 Trude
Started!
58 Odetta
63 Petronilla
65 Remy
53 Wynne
Started!
23 Daisey
12 Marietta
29 Rochell
21 Rosabella
Started!
54 Aleen
40 Candida
52 Corabel
49 Ricca
Started!
97 Dagmar
99 Delly
97 Ethelda
92 Madelina
Started!
18 Annadiana
18 Flss
14 Gillan
26 Mitzi
Started!
73 Alie
65 Ashely
63 Betteanne
72 Tiffanie
Started!
37 Abbi
34 Dre
34 Fae
36 Murial
Started!
78 Bobbi
78 Cindee
80 Kathye
85 Minette
Started!
33 Coreen
35 Kyrstin
31 Mariele
22 Virginia
Started!
13 Adan
13 Charity
18 Mavra
26 Robbie
Started!
56 Catherin
68 Chryste
65 Melany
57 Orelle
Started!
99 Allis
100 Deena
97 Kristi
91 Roxie
Started!
6 Blair
11 Candie
7 Gustie
3 Kerrin
Started!
44 Angil
42 Bunni
53 Laina
50 Shari
Started!
86 Georgianna
76 Kirstyn
84 Teresina
77 Theresa
Started!
57 Athena
51 Janis
49 Rhodie
59 Sisely
Started!
92 Erminia
98 Jacky
89 Jennette
92 Kial
Started!
67 Aurilia
77 Bessie
68 Kandy
69 Noell
Started!
33 Agnesse
30 Hendrika
37 Melinda
26 Sybila
Started!
14 Avrit
24 Goldarina
16 Oona
14 Raye
Started!
94 Augusta
88 Bibbye
88 Filia
97 Kasey
Started!
61 Carmel
57 Gayleen
66 Josee
66 Mella
Started!
38 Devora
36 Gusti
47 Kayley
43 Malissa
Started!
50 Amye
51 Anastasia
50 Emmi
49 Gratiana
Started!
12 Bellanca
29 Donna
21 Emmalyn
23 Grier
Started!
68 Carolina
62 Darby
60 Dominique
61 Poppy
Started!
12 Gertie
5 Jacquenetta
7 Rene
14 Simona
Started!
82 Jeri
71 Kristin
82 Livvy
74 Terza
Started!
88 Adeline
94 Carmela
100 Gaby
97 Hortensia
Started!
36 Cahra
41 Ethelyn
29 Marguerite
43 Pepi
Started!
50 Hetti
52 Liz
45 Portia
50 Shirleen
Started!
27 Bobbe
24 Bobine
29 Jania
29 Jobyna
Started!
63 Anabella
61 Devinne
56 Malory
59 Nickie
Started!
1 Consuelo
6 Elyse
8 Milka
6 Simonette
Started!
41 Clarita
44 Matilda
47 Monique
50 Riannon
Started!
89 Coletta
89 Lory
90 Meredithe
85 Quentin
Started!
20 Blake
6 Charleen
19 Dorree
12 Giulietta
Started!
42 Babbette
46 Georgiana
36 Iolande
40 Kissee
Started!
27 Carmon
40 Emelda
32 Manda
31 Ulrica
Started!
73 Andrei
69 Hildagard
70 Sally
78 Wallie
Started!
98 Ariadne
92 Daisy
89 Michaela
98 Yoshi
Started!
58 Carlyn
49 Drusilla
68 Lexine
51 Merralee
Started!
83 Kelci
77 Marlane
79 Mirabelle
85 Sayre
Started!
33 Katine
24 Lorrin
35 Murielle
29 Nicky
Started!
49 Alissa
43 Eddi
43 Lia
48 Maura
Started!
5 Avis
1 Pierrette
9 Ronni
7 Viole
Started!
80 Karalynn
89 Perry
86 Shanta
94 Yetta
Started!
66 Cammie
71 Kaia
72 Mable
70 Shawn
Started!
90 Dari
92 Inez
100 Madelle
99 Mellisa
Started!
79 Karlyn
72 Kimmie
82 Maurine
64 Roxy
Started!
12 Angela
12 Christy
21 Hildegarde
21 Vannie
Started!
25 Coleen
28 Donny
28 Jannel
27 Norine
Started!
12 Abbie
1 Catherine
8 Jany
5 Meredith
Started!
48 Cecilia
45 Corliss
51 Ebba
50 Merle
Started!
17 Dorelle
25 Enriqueta
22 Gayla
18 Liane
Started!
55 Bili
55 Hannis
61 Hermia
60 Lyndel
Started!
23 Ardis
29 Evangelia
27 Philippa
27 Stacia
Started!
9 Adrienne
7 Aubine
7 Eleanor
13 Janenna
Waiting!
46 Margarita
47 Micki
Started!
26 Georgena
25 Marrilee
21 Susi
21 Vania
Waiting!
76 Almire
83 Louisa
Waiting!
69 Bernardine
61 Linn
65 Tracie
Waiting!
72 Augustina
