Started!
47 Anabel
42 Rivy
Started!
85 Emelia
86 Rachelle
Started!
6 Lynda
14 Regine
Started!
16 Jolyn
16 Kessia
Started!
90 Glynis
99 Kate
Started!
87 Emyle
86 Ginnie
Started!
11 Deeyn
5 Kerri
Started!
66 Jewelle
70 Sadye
Started!
12 Dorey
7 Vin
Started!
22 Lilian
24 Valaree
Started!
32 Colly
27 Shelley
Started!
46 Iolande
45 Rene
Started!
77 Cathryn
72 Sarette
Started!
55 Katharyn
59 Romy
Started!
56 Aleece
56 Amalita
Started!
31 Eadie
29 Leigh
Started!
80 Malanie
73 Zaria
Started!
1 Heidie
7 Jobye
Started!
46 Anneliese
51 Zitella
Started!
66 Corrina
68 Fiona
Started!
95 Bari
99 Darb
Started!
77 Aurelia
75 Kirsten
Started!
33 Francyne
37 Priscilla
Started!
63 Noami
64 Wallis
Started!
10 Collen
16 Mead
Started!
81 Karia
87 Kathi
Started!
66 Jehanna
76 Sheena
Started!
25 Charissa
30 Rosy
Started!
97 Caty
92 Quintana
Started!
29 Annabell
28 Kaycee
Started!
62 Drusie
57 Jobina
Started!
78 Livy
84 Mina
Started!
34 Christin
36 Rosabel
Started!
22 Amelia
17 Marrilee
Started!
33 Shirlee
28 Trudie
Started!
80 Alysia
74 Audrey
Started!
65 Lynelle
57 Melinde
Started!
76 Adriaens
66 Ivette
Waiting!
91 Charline
Started!
47 Blancha
45 Sapphira
Waiting!
5 Leilah
Waiting!
53 Lucretia
Waiting!
20 Dallas
