Started!
81 Avie
80 Berny
89 Candice
90 Christiane
80 Chrystel
86 Cindee
81 Concordia
75 Diena
76 Georgianne
75 Jaclin
81 Julita
87 Leonora
72 Lottie
74 Lula
87 Merrile
77 Nadeen
83 Raye
79 Suzette
74 Tani
84 Theadora
71 Viole
Started!
38 Alecia
43 Arabella
46 Avivah
34 Brianne
53 Candy
54 Celestyna
40 Emelita
42 Frank
44 Georgine
36 Giana
42 Johna
47 Joletta
51 Kathy
47 Laraine
52 Leandra
54 Leelah
40 Maye
48 Noelle
52 Sadie
35 Sarene
34 Yolanda
Started!
29 Amberly
27 Bendite
20 Benni
21 Bibbie
30 Brynne
33 Conchita
26 Gertrudis
26 Glen
21 Jacintha
21 Josi
24 Josy
25 Katine
28 Kirsti
23 Korry
22 Lil
27 Marina
35 Olenka
30 Ronalda
23 Tildie
33 Vallie
20 Willa
Waiting!
86 Almire
89 Alyda
96 Deborah
92 Ernesta
94 Hephzibah
95 Isahella
98 Kaia
96 Marquita
93 Othilia
98 Shandie
100 Timmi
Waiting!
70 Anderea
64 Averyl
52 Barbabra
61 Billye
68 Cosetta
61 Dasie
67 Elvera
62 Emmalee
57 Emmye
57 Lanette
63 Margeaux
58 Mari
56 Natasha
54 Natividad
68 Shell
59 Therine
68 Vivia
Waiting!
7 Fanchette
10 Izabel
2 Kelsey
9 Mable
6 Marge
4 Misha
7 Petronille
8 Tiffie
1 Tiphany
Waiting!
13 Beatriz
12 Cookie
17 Dorelle
12 Edna
13 Faustina
13 Jacquette
16 Jillie
15 Kessiah
15 Merrill
15 Windy
Waiting!
83 Aidan
77 Beilul
73 Cally
74 Cindi
80 Idette
83 Inna
73 Miriam
79 Peggie
Waiting!
41 Gilly
42 Morgana
42 Sophia
