Started!
98 Randa
Started!
72 Tandi
Started!
73 Flossi
Started!
39 Ebba
Started!
33 Timmy
Started!
42 Aubry
Started!
21 Barb
Started!
68 Monah
Started!
47 Kaylyn
Started!
12 Amalee
Started!
69 Adelice
Started!
75 Vanna
Started!
19 Elysha
Started!
22 Gayleen
Started!
57 Issie
Started!
59 Reeba
Started!
83 Daphne
Started!
55 Dee
Started!
47 Lonni
Started!
5 Tresa
Started!
48 Stepha
Started!
77 Rory
Started!
57 Brinna
Started!
14 Cynde
Started!
64 Deane
Started!
58 Ada
Started!
23 Sydney
Started!
68 Morgen
Started!
11 Desdemona
Started!
12 Adella
Started!
34 Tandy
Started!
78 Eimile
Started!
89 Leese
Started!
70 Reeta
Started!
33 Candy
Started!
11 Joyann
Started!
49 Emelda
Started!
14 Elayne
Started!
70 Harrie
Started!
96 Tamera
Started!
36 Jannel
Started!
56 Lorianne
Started!
45 Bunnie
Started!
2 Nichol
Started!
85 Leanor
Started!
47 Dianna
Started!
41 Catrina
Started!
80 Lorrayne
Started!
32 Peggi
Started!
14 Rosanne
Started!
64 Alexandrina
Started!
34 Junette
Started!
31 Emelita
Started!
38 Billie
Started!
92 Renell
Started!
66 Milissent
Started!
79 Gracia
Started!
44 Maighdiln
Started!
77 Linzy
Started!
84 Merci
Started!
78 Leonanie
Started!
25 Elie
Started!
64 Clarey
Started!
65 Carie
Started!
18 Gabriella
Started!
82 Nertie
Started!
85 Carena
Started!
4 Nelli
Started!
14 Bridgette
Started!
83 Leola
Started!
82 Sapphira
Started!
76 Christabel
Started!
39 Madonna
Started!
4 Alyce
Started!
12 Gates
Started!
58 Rene
Started!
29 Francesca
Started!
80 Collie
Started!
49 Ailee
Started!
8 Nike
Started!
47 Gerladina
Started!
96 Rozelle
Started!
78 Amil
Started!
38 Elsa
Started!
80 Annalee
Started!
15 Veda
Started!
19 Salomi
Started!
20 Maggi
Started!
43 Alisa
Started!
8 Starla
Started!
91 Evvie
Started!
7 Oralia
Started!
51 Ivonne
Started!
26 Ophelia
Started!
35 Clair
Started!
100 Gelya
Started!
85 Stefa
Started!
52 Kirby
Started!
86 Jordana
Started!
72 Shelby
Started!
27 Caril
Started!
98 Cati
Started!
49 Albertina
Started!
23 Chickie
Started!
40 Meryl
Started!
20 Sonni
Started!
14 Maryanna
Started!
71 Neda
Started!
43 Sonia
Started!
92 Helena
Started!
74 Tressa
Started!
60 Corliss
Started!
38 Amye
Started!
20 Melonie
Started!
72 Saudra
Started!
32 Maggy
Started!
8 Rosalinda
Started!
71 Simona
Started!
28 Phillis
Started!
40 Viva
Started!
81 Gwyn
Started!
65 Zarla
Started!
11 Gertruda
Started!
38 Dawna
Started!
99 Kacey
Started!
11 Constantina
Started!
67 Mariellen
Started!
76 Dorris
Started!
89 Ileana
Started!
58 Eudora
Started!
72 Andrea
Started!
3 Nonna
Started!
74 Sayre
Started!
7 Floria
Started!
23 Aile
Started!
8 Althea
Started!
69 Marga
Started!
52 Bellina
Started!
34 Nichole
Started!
48 Breanne
Started!
60 Janith
Started!
13 Gertrud
Started!
88 Eve
Started!
31 Bert
Started!
39 Jacquie
Started!
93 Melosa
Started!
79 Stormy
Started!
31 Aeriel
Started!
98 Gabrila
Started!
94 Holli
Started!
15 Tasha
Started!
4 Ediva
Started!
53 Carolee
Started!
67 Lusa
Started!
5 Morgana
Started!
64 Glyn
Started!
68 Tilly
Started!
57 Linette
Started!
25 Donella
Started!
59 Mariejeanne
Started!
5 Sarajane
Started!
4 Salome
Started!
29 Cissiee
Started!
29 Retha
Started!
16 Corrine
Started!
92 Carlie
Started!
46 Rora
Started!
59 Pamela
Started!
2 Sherie
Started!
17 Siouxie
Started!
88 Vanny
Started!
68 Ula
Started!
60 Norean
Started!
65 Damaris
Started!
6 Pansy
Started!
74 Delcine
Started!
37 Emma
Started!
76 Janet
Started!
11 Goldia
Started!
18 Tyne
Started!
44 Isabelle
Started!
6 Noel
Started!
79 Mariele
Started!
71 Tiffie
Started!
11 Susanetta
Started!
49 Edie
Started!
17 Wendy
Started!
13 Jenny
Started!
63 Asia
Started!
11 Reiko
Started!
44 Marty
Started!
37 Daria
Started!
76 Janene
Started!
54 Tarah
Started!
80 Athene
Started!
62 Carlee
Started!
2 Nicol
Started!
44 Bernice
Started!
2 Sacha
Started!
84 Hanna
Started!
92 Petra
Started!
11 Jessie
Started!
46 Willi
Started!
1 Cynthia
Started!
26 Fanechka
Started!
2 Melisandra
Started!
70 Anthiathia
Started!
3 Dorian
Started!
35 Melessa
Started!
73 Gabrielle
