Waiting!
61 Bari
59 Cecilia
64 Charlot
75 Dominica
73 Jacklin
75 Lorilee
64 Lynnett
63 Mead
65 Michelle
67 Rosamund
63 Wilona
Waiting!
4 Arleyne
2 Dedra
7 Lotte
4 Regine
Waiting!
91 Blancha
97 Delora
99 Ediva
93 Elianore
100 Ginnie
92 Harriette
97 Jacqueline
98 Leonie
88 Vicki
Waiting!
24 Berta
15 Brooks
22 Corry
31 Emilie
30 Konstance
25 Kore
26 Loria
21 Lucita
26 Minny
16 Rowena
34 Tamma
14 Torrie
Waiting!
45 Amalia
51 Carole
45 Celinka
50 Lara
42 Laura
46 Page
50 Tobi
48 Trude
43 Willy
Waiting!
36 Anderea
35 Jehanna
35 Maurise
Waiting!
85 Eliza
78 Fallon
86 Jerrie
84 Jorey
78 Licha
Waiting!
13 Ilsa
13 Leoine
