Started!
80 Ali
73 Annabella
62 Anneliese
60 Ariella
63 Belva
80 Bianka
74 Bobina
79 Carlie
70 Carmelina
68 Crystal
73 Dacia
72 Darcee
73 Eliza
76 Faythe
67 Floria
80 Georgetta
61 Juliette
72 Kerstin
76 Kimberley
78 Lara
67 Leann
60 Melicent
68 Mona
76 Naoma
72 Pet
69 Philipa
68 Sophronia
64 Valaree
65 Winonah
Started!
14 Agathe
3 Alix
6 Bertina
15 Bonnee
8 Cherie
10 Connie
15 Cori
1 Dorie
13 Eda
7 Edi
20 Elinor
10 Fredi
9 Gussy
21 Hanna
11 Jessa
14 Jourdan
20 Katinka
17 Lily
3 Lindie
2 Madelin
12 Margo
12 Mary
9 Maurene
4 Megan
5 Meggy
11 Natty
2 Shelagh
19 Vania
6 Ynez
Started!
49 Adriaens
58 Amelie
51 Beverie
58 Candy
47 Cheri
56 Constantia
57 Drona
45 Evanne
54 Freida
49 Garland
48 Gladys
54 Hailee
53 Jenine
59 Jorey
49 Juliet
51 Kalli
54 Karen
52 Karoly
45 Kristen
47 Magdalene
59 Melita
54 Nanete
51 Nannie
55 Rina
55 Sela
48 Shayne
51 Shelly
46 Tamma
59 Tawnya
Started!
26 Ann-Marie
41 Ashly
23 Belinda
22 Brana
41 Carlye
31 Carmencita
29 Carrie
31 Chandra
41 Christi
28 Corrie
24 Gabriel
22 Genovera
32 Giuditta
26 Harmonie
27 Jacinta
28 Leeann
38 Margaret
38 Marjorie
27 Missie
40 Nelia
37 Patsy
41 Ramonda
39 Rayna
26 Saidee
31 Sandye
33 Shelba
41 Sherri
23 Trula
26 Winny
Waiting!
98 Aloise
95 Billye
96 Estelle
100 Faunie
100 Joann
97 Laryssa
98 Lulita
95 Marie-Ann
93 Nicole
93 Regina
93 Sally
91 Valry
Waiting!
82 Darline
82 Devina
88 Ema
86 Florri
81 Jacquette
89 Maddie
81 Nana
83 Rafaelia
89 Sheri
84 Waly
Waiting!
44 Bari
54 Cristine
44 Cyndia
38 Dacie
43 Ethelyn
52 Evangelin
44 Jobye
38 Josefa
43 Nadia
41 Vikki
44 Willamina
52 Willetta
Waiting!
31 Alane
22 Aurelia
28 Carolann
32 Celestyna
30 Eveline
28 Isa
27 Lesley
33 Robbie
Waiting!
66 Amalia
61 Annadiane
69 Cara
75 Corrina
63 Indira
72 Lizzie
61 Otha
66 Pauli
73 Valenka
Waiting!
5 Camile
12 Daniele
2 Elbertina
11 Farrand
5 Ivory
