Started!
51 Angelica
65 Aurelie
64 Avril
56 Caprice
60 Cindee
46 Dniren
61 Doreen
58 Emmalyn
55 Gerda
48 Gisele
53 Hally
60 Harrie
56 Jeralee
57 Kellina
64 Kiersten
55 Koressa
60 Lotti
60 Lyndsey
53 Marjie
52 Ofilia
51 Piper
61 Raye
62 Sarita
55 Shalne
61 Tamara
45 Valene
45 Venita
Started!
38 Ame
34 Annabela
32 Babbie
26 Bonni
26 Carlin
25 Claudetta
26 Debbi
28 Debor
34 Deina
33 Dore
29 Geneva
28 Glad
39 Idaline
36 Inga
30 Irena
30 Joanne
39 Joelly
35 Kaylee
39 Liv
25 Lucine
43 Maddi
41 Mallorie
35 Mareah
42 Tabby
34 Tanya
33 Wallis
31 Zarla
Started!
13 Amelita
17 Arabela
17 Barby
12 Bibbie
24 Brandi
21 Cristy
16 Dari
19 Delores
23 Etta
18 Farra
19 Gabbi
14 Giacinta
11 Gilberta
23 Halie
16 Harley
24 Imelda
10 Ingeberg
12 Juana
21 Karrie
13 Lilllie
19 Lorelei
24 Madeleine
19 Michal
22 Sasha
24 Sydney
18 Valida
17 Veronika
Started!
77 Angel
67 Austin
69 Claresta
78 Desdemona
73 Dixie
68 Freddie
66 Gayle
79 Gloriana
70 Hetti
71 Janith
68 Jocelyne
67 Joly
72 Margot
70 Marsha
78 Mickie
68 Mignonne
70 Oliy
73 Oralla
80 Rivalee
78 Rora
73 Rosaleen
69 Ruby
80 Sibella
71 Vittoria
70 Wrennie
77 Zonnya
76 Zulema
Waiting!
9 Alexina
2 Ardys
6 Ashely
1 Bernadette
10 Celesta
4 Celka
3 Gene
7 Henrietta
2 Hildegaard
4 Jannel
1 Kali
2 Kial
3 Laurie
6 Lexie
8 Loree
6 Marylou
7 Pavla
3 Phyllis
2 Reyna
10 Starlene
Started!
87 Bettye
87 Carmen
81 Cordelia
83 Cortney
92 Darcy
81 Debee
86 Dominga
91 Gabrielle
89 Gilly
77 Jaclyn
96 Jasmine
86 Karla
90 Linnie
78 Luella
82 Margarete
85 Melicent
82 Mirella
93 Nicky
86 Nola
85 Ophelia
95 Robinia
96 Susette
86 Tamarah
84 Teena
92 Tiffi
81 Truda
81 Wilhelmine
Waiting!
97 Ardisj
98 Aurora
99 Dell
99 Dorisa
98 Hestia
97 Konstance
99 Ninette
99 Pearla
Waiting!
51 Alanah
51 Erina
46 Fleur
50 Janella
60 Kimbra
42 Ramonda
60 Wini
Waiting!
24 Arda
22 Aubine
20 Bernete
18 Caritta
24 Christian
34 Cordi
32 Emili
22 Fred
29 Luisa
20 Olwen
29 Shelli
28 Vevay
Waiting!
75 Alexandrina
62 Anallese
66 Bili
77 Dina
69 Lesya
69 Lucinda
69 Lusa
69 Ronnica
Waiting!
81 Cati
Waiting!
35 Aurlie
