Started!
92 Aleda
86 Chris
91 Cristi
89 Dotti
89 Evanne
90 Gloria
82 Gui
97 Harrietta
96 Katinka
97 Kessia
99 Lynda
89 Nina
83 Novelia
88 Romona
94 Sosanna
82 Teresita
81 Ulrike
Started!
16 Annadiane
12 Ashleigh
13 Bari
23 Bria
19 Cari
14 Charissa
25 Cristine
27 Deerdre
17 Flora
13 Ilsa
15 Lauren
19 Leilah
16 Ree
12 Shanna
17 Terrye
22 Tildy
17 Zonda
Started!
62 Catherine
63 Cristal
69 Didi
57 Heida
68 Hildegarde
59 Hillary
59 Jacqui
62 Jolee
57 Leesa
68 Mala
55 Marilee
55 Meara
54 Micki
62 Noreen
60 Norma
50 Odelinda
57 Uta
Started!
10 Addi
8 Beverlie
8 Carine
1 Carissa
1 Carmela
7 Crista
3 Fina
2 Kassi
11 Korella
2 Lianne
4 Lorianne
8 Maryjo
4 Modesta
1 Nadean
8 Nelie
5 Sheila-Kathryn
8 Tory
Started!
68 Adi
72 Arly
72 Christen
72 Gracia
71 Gunilla
73 Gussi
78 Kayley
70 Marie
80 Pollyanna
77 Reeba
72 Renate
73 Rosene
75 Rubie
78 Tabbitha
70 Tamma
76 Ysabel
77 Zarla
Started!
38 Aloise
41 Arden
22 Caprice
31 Cordelia
38 Cynthy
40 Helga
35 Hyacinthie
31 Juliana
37 Lacee
30 Maighdiln
35 Marcelle
22 Michelina
34 Muriel
35 Nevsa
39 Sarita
34 Sonya
32 Vitoria
Waiting!
48 Bonita
45 Harlene
47 Katharyn
51 Liz
43 Randy
53 Susette
48 Tabby
43 Virgie
44 Yolanda
50 Yoshiko
Waiting!
100 Bevvy
83 Cindee
91 Drusy
93 Hayley
87 Hestia
100 Ibby
96 Myrilla
85 Rochette
94 Row
90 Sabrina
94 Sharon
99 Sherri
82 Tedra
93 Yasmin
Waiting!
56 Alejandrina
64 Anabella
56 Cathryn
59 Donielle
55 Joletta
56 Justina
57 Kayle
61 Lana
63 Lucilia
Waiting!
12 Bryn
4 Cloe
19 Ernesta
12 Evangeline
4 Geralda
18 Joly
10 Leodora
13 Stevana
11 Zorine
Waiting!
75 Albina
71 Atlante
77 Jane
69 Marian
74 Ulrica
68 Waly
73 Zoe
Waiting!
1 Anette
1 Karlotte
