Started!
100 Amalie
91 Belinda
93 Coretta
97 Goldarina
98 Gunilla
97 Jessamyn
100 Kass
90 Koral
98 Laural
95 Maddi
99 Margareta
91 Nariko
90 Nixie
89 Ondrea
97 Opal
97 Rosie
93 Ruthe
91 Shayne
92 Sheryl
98 Sibby
90 Wren
Started!
64 Adele
65 Alameda
59 Alanna
66 Alex
75 Annmarie
68 Ardenia
67 Constantine
64 Eveline
74 Federica
62 Jacky
68 Jessamine
78 Julianne
59 Kally
63 Luce
64 Lucretia
64 Melissa
75 Robbie
63 Sarena
66 Sela
78 Tonye
58 Victoria
Started!
59 Anthiathia
45 Bernadina
65 Binni
54 Casandra
53 Cordelia
47 Cris
55 Debbi
56 Doll
46 Gwenora
48 Jacinthe
56 Josie
47 Kara-Lynn
60 Kial
56 Kirstyn
49 Lorianne
54 Maryjane
57 Raquela
56 Simona
52 Tatiana
45 Valerie
50 Violet
Started!
6 Abby
19 Allis
17 Amara
21 Anthia
19 Ashien
12 Claresta
13 Doralynn
4 Greer
22 Hetti
4 Jeni
5 Jerrie
9 Judith
4 Matty
17 Noelyn
19 Rafaela
19 Selle
20 Stevena
9 Terri
2 Terrijo
13 Verla
3 Ysabel
Started!
33 Deanne
28 Delores
35 Elisabeth
27 Em
37 Fawne
24 Gwyn
41 Irina
24 Jeannine
28 Jennilee
28 Josselyn
26 Karie
31 Karlyn
32 Leonelle
34 Manda
35 Phaedra
40 Rina
31 Sena
40 Sherrie
24 Sophey
24 Tori
37 Wendy
Started!
81 Andree
83 Ann
80 Antonina
86 Austin
82 Bessie
77 Dede
82 Eba
79 Evanne
81 Faustine
87 Goldy
83 Hannah
85 Inessa
77 Jodee
84 Martha
79 Marybelle
86 Meryl
86 Patsy
73 Ree
77 Sarah
75 Simonette
79 Yovonnda
Started!
37 Arlena
39 Bee
38 Brittan
33 Cindi
35 Coraline
46 Gracie
33 Juline
41 Lethia
40 Marguerite
43 Marylou
38 Melloney
46 Modestine
32 Nadia
39 Nissy
34 Shandy
34 Tatiania
38 Ursola
39 Vania
42 Veradis
51 Wynnie
42 Zandra
Started!
22 Alfreda
22 Allianora
31 Amelita
24 Arline
26 Ericka
16 Georgeanna
17 Hallie
17 Hedi
19 Jana
27 Janet
23 Jyoti
31 Katina
17 Ladonna
19 Lucille
15 Lynsey
27 Nissa
26 Quinn
23 Sindee
16 Tybie
25 Valry
29 Vivien
Started!
68 Alisun
70 Antonella
68 Belvia
72 Bobbie
63 Bren
70 Christiana
71 Clementine
68 Delly
59 Ethel
57 Evaleen
73 Fayette
60 Isabel
71 Kate
63 Kath
58 Kaylil
68 Lyndy
67 Nicol
71 Shayna
68 Theodora
61 Tonie
60 Una
Started!
7 Adey
1 Constantina
2 Coreen
1 Darcee
2 Dyna
7 Edee
6 Felicle
6 Jenda
1 Kattie
7 Klarrisa
5 Lari
6 Lauryn
9 Lita
5 Luelle
1 Maegan
9 Marena
9 Maressa
11 Margery
3 Nessie
1 Rhetta
4 Waneta
Waiting!
4 Cherise
18 Delcine
7 Kay
12 Loella
15 Marijo
22 Megan
16 Prudi
21 Rosamond
17 Trudey
Waiting!
93 Aarika
90 Birgitta
99 Dorisa
97 Gussy
99 Ileana
99 Querida
98 Risa
96 Rozele
97 Teddi
Started!
48 Aaren
53 Alberta
49 Barbi
56 Bertha
56 Cammy
56 Charis
52 Cristie
46 Gae
55 Hilde
51 Irma
40 Katerina
52 Livvie
48 Marti
49 Morgan
41 Nissie
42 Oneida
47 Rafaelia
56 Rozanna
44 Sibilla
53 Tildie
40 Vinita
Waiting!
85 Benoite
78 Chelsey
86 Emalee
82 Murielle
86 Nonah
87 Noni
78 Susana
79 Vivyanne
Waiting!
24 Andra
30 Carolan
27 Christa
23 Gelya
32 Jelene
31 Ophelie
25 Ruby
Waiting!
35 Elita
43 Georgianna
46 Harriott
36 Jackie
35 Joannes
35 Marissa
37 Ninetta
36 Robbin
Waiting!
69 Candy
66 Maridel
Waiting!
52 Gabriellia
54 Karyn
