Started!
21 Alyson
19 Bettine
20 Cassi
25 Charlene
9 Cindy
18 Daphne
14 Eba
22 Eleonore
10 Ema
25 Evy
13 Georgeanna
14 Gerty
19 Giuditta
16 Ilsa
9 Janean
14 Kaitlynn
19 Kore
27 Larine
15 Margit
22 Matelda
23 Mirelle
29 Patti
21 Raquel
26 Risa
18 Rozalin
12 Sofia
24 Tarra
22 Tiphani
26 Trista
23 Valerie
Started!
98 Annemarie
88 Ashlan
100 Bertie
88 Billye
91 Candis
89 Chryste
100 Danni
94 Dannye
93 Darya
100 Erminie
98 Fleur
99 Gennie
93 Honoria
98 Janet
89 Kimberlee
100 Klarika
93 Lacee
91 Laverne
97 Manda
97 Meriel
96 Merilee
100 Myrle
90 Rani
93 Rene
95 Sapphire
91 Sophi
97 Stacy
91 Stevena
93 Susana
95 Tiff
Waiting!
8 Annette
10 Bathsheba
5 Carolan
13 Carolina
7 Charita
5 Daphene
2 Darda
3 Debbi
6 Deva
16 Elvira
5 Eran
3 Faustine
11 Heidi
17 Jolynn
3 Julianne
7 Kerstin
9 Kevyn
17 Kirby
1 Lettie
16 Marta
11 Megan
5 Noni
1 Patsy
3 Roselin
6 Theresina
8 Therine
16 Toni
8 Wynnie
Started!
58 Agatha
63 Ann
47 Brittne
64 Cairistiona
58 Drucie
53 Dusty
57 Edie
65 Evania
59 Fawne
66 Florry
66 Gale
51 Gloriana
52 Gratia
48 Gwyn
56 Katharine
55 Leonelle
67 Lonni
49 Luella
52 Malia
65 Marie
66 Monah
64 Moselle
66 Ora
67 Rosabel
67 Rosamond
55 Shandy
59 Sheeree
59 Shelby
48 Vanda
64 Vin
Started!
33 Amara
40 Aprilette
40 Biddy
41 Brinn
42 Crissy
32 Doris
41 Eloisa
34 Glennie
31 Guenna
42 Hedda
33 Henrietta
29 Hilde
32 Junina
34 Katti
37 Letta
31 Lise
40 Maddalena
41 Margaux
44 Melany
41 Minne
36 Myrna
34 Raquela
34 Sam
43 Shaylyn
35 Sondra
34 Stephanie
45 Susannah
45 Tabitha
37 Tatiania
44 Winna
Started!
82 Alfreda
87 Celestyn
75 Cordula
81 Deidre
82 Doll
85 Doralin
77 Dorian
76 Ebony
74 Elinor
79 Emmie
81 Evanne
75 Ingaborg
73 Kally
72 Karyl
80 Lexine
80 Lottie
75 Marin
74 Marylou
73 Melissa
77 Paolina
82 Philis
80 Querida
73 Sibel
86 Tammara
85 Tonye
81 Una
85 Ursola
81 Verla
74 Veronike
80 Ynes
Started!
63 Adorne
73 Alberta
61 Arliene
65 Aurel
75 Benoite
63 Binni
67 Claire
78 Dulcia
70 Elyssa
69 Eveline
73 Gae
71 Gelya
66 Ingaberg
71 Jilli
74 Karyn
69 Kirstyn
65 Libbi
77 Lita
59 Lu
70 Marjorie
70 Melisandra
69 Meryl
63 Mollee
71 Nedi
67 Ninetta
59 Quintilla
61 Shandee
74 Shannon
70 Stephine
71 Tamera
Waiting!
21 Abagail
29 Adda
24 Ashien
18 Britteny
24 Charmion
27 Dode
20 Elonore
29 Emelina
18 Emeline
27 Erika
23 Estele
26 Goldarina
28 Jany
24 Kaela
26 Katuscha
22 Lauryn
20 Livvie
27 Louisette
29 Lynne
24 Margot
27 Maribeth
26 Nesta
18 Nolie
26 Ranna
24 Selma
Waiting!
51 Adel
43 Adrea
46 Anthea
50 Bernete
43 Beth
47 Brier
55 Casey
54 Clareta
59 Elicia
55 Etheline
48 Giustina
55 Heath
42 Jodee
49 Kelsi
48 Lauree
49 Linea
50 Linn
48 Lyssa
54 Mildrid
53 Riva
52 Ronda
45 Ruthe
47 Sandie
57 Tildie
42 Toinette
50 Windy
Waiting!
32 Andra
37 Cynthie
35 Dolli
33 Harri
33 Lilas
37 Nadiya
36 Niki
32 Sharleen
37 Simonette
32 Tiffanie
35 Trudey
Waiting!
80 Cammy
84 Carmelle
82 Dahlia
84 Joannes
82 Jobyna
84 Lara
80 Merralee
86 Miranda
86 Rahel
85 Rosette
89 Sibylla
Waiting!
96 Desirae
92 Ilene
93 Kirsti
91 Kordula
Waiting!
61 Bambi
