Started!
50 Abagail
53 Alex
43 Alyson
41 Ardene
34 Barbe
35 Beret
37 Brook
34 Carlina
35 Chelsea
40 Chiquia
35 Claudette
49 Danila
51 Elly
49 Esther
50 Gabie
49 Giralda
47 Gloriana
39 Inge
52 Joey
50 Kaitlynn
46 Katrinka
46 Marrissa
47 Odelia
37 Odella
49 Peggie
42 Raquel
44 Ryann
44 Sam
35 Sharyl
Started!
25 Ashlee
26 Beverlee
27 Birdie
18 Candis
20 Caterina
21 Cloris
12 Crystal
21 Daphne
29 Deva
25 Edie
12 Elisabeth
11 Gay
12 Henka
17 Jaquelyn
13 Jehanna
29 Kayla
25 Keriann
22 Margit
18 Meghan
19 Morena
15 Pansie
25 Prue
28 Robbyn
29 Rosina
17 Sharleen
25 Sheryl
11 Tabbie
20 Veronike
31 Vita
Waiting!
36 Agathe
25 Amabelle
39 Amber
41 Babita
32 Berni
26 Cathrine
30 Davida
28 Elysha
38 Eugenie
40 Hulda
25 Idaline
42 Jaine
27 Johna
32 Kandy
43 Katharyn
33 Kordula
34 Lilli
29 Malia
40 Merry
33 Nalani
37 Peggy
42 Robbi
32 Rosamond
33 Tildie
25 Whitney
Started!
72 Adi
82 Aggie
81 Ardisj
90 Audie
91 Aurelia
77 Cary
92 Ceciley
72 Charlene
89 Delcine
87 Dora
72 Emiline
82 Ginelle
86 Gwendolen
83 Helsa
88 Ivette
88 Kara-Lynn
91 Katrina
73 Kore
90 Latashia
78 Lissa
76 Magdalene
84 Nata
78 Phelia
81 Randy
83 Rois
92 Sandye
92 Shelia
79 Sophronia
86 Velma
Started!
71 Annette
58 Bryna
65 Carmon
63 Carolyne
64 Eirena
68 Faustine
72 Fredelia
55 Gratia
63 Hedda
67 Jacquelyn
59 Joletta
61 Juanita
63 Julie
60 Karlyn
71 Laverne
60 Loutitia
60 Maryl
58 Meriel
68 Neda
53 Nerta
58 Nertie
64 Querida
64 Tabitha
64 Tamarra
63 Tandie
63 Tanitansy
61 Terry
62 Tiffani
68 Tonye
Waiting!
100 Althea
94 Angelica
94 Bunny
99 Carissa
89 Caty
98 Chrissie
97 Daloris
98 Eddi
97 Eunice
93 Ferne
93 Florette
96 Fredra
88 Harri
95 Hertha
94 Joanne
97 Juliane
95 Leila
98 Maisie
99 Mariska
92 Merrile
90 Paulie
95 Pippy
89 Rosalinde
Waiting!
5 Abbey
10 Ambur
9 Cherie
6 Dannye
1 Deni
1 Denni
11 Dominica
2 Drucie
6 Florenza
7 Jenda
3 Johanna
1 Kimmi
10 Maegan
1 Maxy
11 Melody
7 Merilyn
5 Millie
10 Myrtie
4 Paula
4 Sonya
Waiting!
49 Alecia
51 Allis
46 Arda
46 Camel
55 Carmela
52 Cher
50 Cody
54 Dinah
58 Elfrida
50 Gayleen
59 Jany
49 Jemmie
51 Lita
46 Marin
47 Pru
57 Ruperta
58 Shalna
58 Stefanie
45 Zorine
Waiting!
72 Ashia
73 Bonita
87 Brigitte
85 Dacey
84 Daron
82 Dionis
81 Emelita
86 Emmalee
77 Ilyssa
69 Janot
71 Jolynn
81 Kelcie
84 Ketty
79 Krysta
70 Livy
77 Lizzie
69 Lynnette
79 Maribeth
70 Myrna
71 Nesta
78 Reta
70 Rosette
83 Shelba
79 Stephanie
73 Taryn
Waiting!
20 Alyss
12 Dulcia
14 Elise
22 Fanechka
12 Georgena
13 Karry
22 Madelaine
18 Mavra
15 Tim
16 Trescha
Waiting!
61 Anabal
63 Beulah
64 Gussie
62 Joana
61 Jodee
66 Lanna
63 Olympie
67 Philippine
62 Shanna
