Started!
44 Aliza
42 Antonina
36 Blithe
34 Carleen
35 Catharina
34 Charmian
43 Daffie
33 Darby
44 Jenda
33 Karla
49 Kimberly
38 Manya
40 Martha
37 Miguela
34 Nancey
51 Paule
51 Pet
40 Rosetta
37 Shantee
37 Stafani
38 Valerye
47 Wenda
36 Wileen
34 Willa
Started!
46 Cal
46 Catherine
58 Chandal
62 Cilka
61 Clarey
51 Demetris
45 Elladine
51 Harrie
52 Jena
57 Laraine
61 Libby
58 Lory
54 Malva
52 Marieann
50 Max
45 Nike
61 Nonna
50 Robbie
60 Rosemaria
54 Roxanne
54 Shel
64 Susanetta
49 Tessa
57 Trixi
Waiting!
90 Abbye
93 Ashlen
91 Avie
89 Clarita
98 Courtenay
95 Daniela
95 Dinny
93 Dolores
93 Dorthea
96 Elizabet
93 Hedwig
94 Ladonna
89 Marybelle
96 Phyllys
99 Rana
98 Ricky
97 Roxane
93 Sharon
98 Suzie
94 Veronica
Waiting!
8 Clarine
3 Dacia
9 Elnora
4 Fernanda
10 Gilberta
11 Jayme
12 Joanna
5 Layne
8 Leena
8 Loni
12 Martie
3 Robinette
9 Sybille
1 Tamarah
9 Tobe
3 Vally
6 Yetty
Started!
87 Allx
87 Cathy
73 Celisse
85 Cheri
87 Corette
74 Corilla
83 Dorelle
80 Edna
85 Erminie
86 Gay
83 Josephina
75 Juana
83 Keri
75 Kylen
77 Lavinie
80 Letti
73 Lindi
85 Maggee
84 Marcela
73 Maxie
85 Mellisa
83 Orelia
82 Rivi
87 Teddy
Started!
21 Aline
35 Arluene
24 Charo
37 Davine
20 Deidre
25 Donni
20 Estrella
28 Fidelity
35 Fulvia
20 Inga
19 Jada
29 Jamie
24 Joline
21 Juieta
31 Keelia
22 Kissiah
26 Lyssa
29 Mandi
20 Mommy
30 Quintana
19 Rebeka
26 Sari
29 Thia
28 Timmy
Started!
69 Anthe
71 Augusta
65 Bel
70 Darcey
68 Delphine
72 Emmey
64 Evangelina
69 Ezmeralda
67 Gerda
68 Idelle
69 Jacklyn
68 Kellsie
71 Kessiah
69 Kippie
65 Leila
68 Mabelle
67 Mariann
69 Matilde
69 Morganne
70 Retha
66 Rozella
71 Tootsie
65 Trescha
69 Viki
Waiting!
16 Aurlie
18 Candide
17 Casandra
15 Cathryn
19 Constantina
18 Cordey
22 Elisabeth
24 Leigh
23 Shanta
17 Susann
14 Suzann
14 Tess
18 Tiphany
19 Tori
Waiting!
77 Ashly
69 Brande
77 Emelda
72 Nora
81 Shara
83 Stephannie
Waiting!
59 Bernardine
50 De
49 Dede
55 Lizette
51 Marya
53 Sharia
51 Tani
58 Tessy
58 Zelma
Waiting!
47 Corine
39 Eugenia
45 Fionnula
39 Lorette
Waiting!
30 Larissa
