Started!
86 Amandy
99 Ashien
100 Barrie
92 Beth
87 Danella
84 Edwina
91 Inna
96 Kittie
93 Marcile
88 Valaria
Started!
34 Adi
41 Allix
41 Clementina
40 Inga
32 Kynthia
35 Marlo
27 Melisent
22 Renata
30 Rhianon
31 Sari
Started!
13 Abigael
14 Annice
5 Charmane
15 Clementia
6 Danit
13 Florina
9 Ivy
9 Jo-Ann
13 Tina
15 Tonie
Waiting!
75 Adara
77 Elyse
76 Nyssa
83 Phyllys
77 Rochelle
86 Tasha
74 Tess
Waiting!
62 Eleanora
60 Jeni
54 Lorianne
64 Nathalie
53 Roxane
64 Shantee
59 Theresita
Waiting!
46 Darbie
48 Francyne
43 Marybelle
42 Monah
47 Myrle
46 Tootsie
Waiting!
10 Angy
2 Cathie
1 Gelya
1 Jammie
3 Jeanna
10 Lesley
6 Lira
Waiting!
17 Andree
17 Chiarra
17 Dacia
18 Donni
21 Elizabet
12 Georgia
23 Geralda
18 Morna
16 Willa
Waiting!
96 Ashlee
91 Darla
97 Saundra
Waiting!
34 Doreen
