Started!
76 Adriana
71 Appolonia
81 Astra
76 Bianka
70 Bridie
77 Colline
72 Constantine
86 Darelle
81 Edita
73 Gayle
86 Gerrilee
88 Ilysa
72 Kamilah
86 Katerina
75 Linet
90 Maurizia
84 Nydia
80 Orelia
80 Petunia
85 Ranna
73 Rebbecca
89 Roselia
78 Selie
79 Tommie
84 Trudey
73 Zorah
Started!
51 Adda
54 Alleen
57 Allsun
45 Anallese
56 Ara
55 Arline
50 Aurelie
56 Bobbette
55 Cissiee
46 Constancia
39 Corinne
39 Dionis
45 Giustina
46 Jerrilee
52 Juditha
41 Lesley
52 Mareah
40 Matti
45 Ninette
45 Penny
47 Rosabelle
49 Shandra
55 Sybil
41 TEirtza
54 Tawnya
49 Willyt
Started!
62 Anne-Marie
63 Ashley
68 Augustina
67 Bennie
67 Carlina
61 Carmella
65 Davina
68 Dian
67 Heddi
59 Jennie
56 Julianna
56 Larisa
55 Lavinia
60 Leandra
65 Lizzy
70 Lorinda
60 Lu
60 Madelle
68 Marilyn
58 Myrna
67 Nicol
70 Sephira
65 Shandeigh
67 Sybille
59 Verine
65 Yoshiko
Waiting!
2 Celestina
3 Corabel
7 Donnie
3 Edithe
5 Gretchen
6 Hannis
1 Jazmin
9 Lanny
4 Lezlie
7 Liza
5 Margarette
6 Moina
9 Shaine
4 Stace
4 Thomasina
5 Tilda
2 Wenonah
12 Winifred
10 Zaneta
1 Zora
Started!
27 Aindrea
17 Aloysia
21 Annalee
13 Bella
18 Bria
17 Catherin
21 Clare
23 Della
19 Ellissa
17 Harriet
17 Heidie
15 Hildagarde
17 Isahella
17 Jany
26 Jeniffer
20 Kora
22 Lissy
23 Martguerita
22 Meghan
22 Monika
18 Myrle
16 Pamella
18 Roanna
13 Sharona
23 Therese
25 Uta
Waiting!
88 Ashli
88 Belia
95 Berti
86 Charmian
100 Codie
89 Corliss
96 Glenn
90 Helene
100 Indira
96 Julissa
99 Kathlin
91 Lebbie
98 Lotti
94 Luella
92 Madge
90 Marijo
99 Maureen
89 Michell
100 Nikkie
89 Philomena
96 Stefa
86 Tobey
91 Vanny
95 Winnie
93 Yetty
Waiting!
33 Alejandrina
26 Alie
33 Avis
29 Caro
30 Clio
29 Corie
32 Dorice
31 Gisela
35 Kalina
30 Lissi
33 Lorianna
29 Magdalena
29 Maggi
36 Maribeth
29 Marin
29 Meridith
34 Ollie
32 Pamela
34 Robinetta
29 Wally
23 Zola
Waiting!
83 Alix
85 Billi
83 Christi
83 Delores
78 Glenine
78 Kandy
75 Karissa
75 Leeanne
85 Meridel
76 Sharla
81 Veronika
Waiting!
40 Desirae
50 Harriot
43 Lynnet
43 Stella
Waiting!
53 Francoise
55 Inge
52 Madelyn
53 Margaretha
52 Stephi
Waiting!
13 Korney
15 Shantee
Waiting!
69 Marnie
74 Toni
