Started!
42 Michele
Started!
70 Jilly
Started!
60 Cherey
Started!
63 Shirline
Started!
90 Nerti
Started!
34 Samara
Started!
86 Alyssa
Started!
28 Angil
Started!
47 Frieda
Started!
79 Hedwiga
Started!
48 Hetti
Started!
33 Dot
Started!
82 Sioux
Started!
51 Amye
Started!
43 Malissia
Started!
89 Iseabal
Started!
65 Allison
Started!
99 Mignonne
Started!
12 Cloe
Started!
91 Marget
Started!
31 Shawnee
Started!
20 Vivien
Started!
26 Hedvig
Started!
52 Mellisent
Started!
85 Ferdinande
Started!
76 Malissa
Started!
44 Valera
Started!
57 Ninnette
Started!
77 Jacquelynn
Started!
50 Teresina
Started!
22 Leena
Started!
12 Robena
Started!
87 Else
Started!
48 Tracie
Started!
50 Ezmeralda
Started!
28 Hyacintha
Started!
66 Fancie
Started!
59 Paula
Started!
28 Susie
Started!
1 Nolie
Started!
83 Vikki
Started!
54 Ardelia
Started!
79 Idaline
Started!
41 Elnora
Started!
81 Angelle
Started!
37 Dorolisa
Started!
83 Caprice
Started!
62 Wenda
Started!
66 Mair
Started!
82 Valerie
Started!
33 Estele
Started!
69 Viviana
Started!
73 Gabbi
Started!
10 Celene
Started!
43 Merna
Started!
41 Christen
Started!
52 Jaquenette
Started!
63 Emmy
Started!
34 Catriona
Started!
8 Kora
Started!
32 Beatrisa
Started!
56 Carmita
Started!
73 Lesly
Started!
86 Violette
Started!
71 Monique
Started!
8 Lianna
Started!
76 Olga
Started!
66 Giulietta
Started!
35 Dael
Started!
55 Siobhan
Started!
28 Ailina
Started!
57 Hildegarde
Started!
61 Kissie
Started!
40 Latrina
Started!
11 Kissee
Started!
49 Hali
Started!
60 Aggi
Started!
66 Hermione
Started!
25 Teressa
Started!
82 Edna
Started!
49 Sascha
Started!
77 Lucienne
Started!
18 Justine
Started!
27 Olivie
Started!
36 Goldarina
Started!
67 Jeanelle
Started!
35 Celeste
Started!
16 Dorry
Started!
37 Kaleena
Started!
60 Maggie
Started!
63 Michaeline
Started!
10 Ruth
Started!
96 Elisabetta
Started!
1 Sacha
Started!
67 Venita
Started!
88 Merline
Started!
21 Leanna
Started!
44 Anastassia
Started!
59 Gale
Started!
68 Modestine
Started!
31 Corey
Started!
12 Nadine
Started!
96 Caryl
Started!
44 Adria
Started!
14 Remy
Started!
81 Ranna
Started!
81 Sofia
Started!
73 Maurita
Started!
75 Nancy
Started!
75 Vanna
Started!
66 Patty
Started!
16 Gretta
Started!
47 Nana
Started!
67 Karin
Started!
84 Roseann
Started!
66 Malinda
Started!
58 Nathalia
Started!
33 Myranda
Started!
84 Corinne
Started!
78 Abagail
Started!
75 Linette
Started!
47 Gretel
Started!
33 Amara
Started!
52 Patsy
Started!
13 Pollyanna
Started!
13 Zaria
Started!
63 Pepi
Started!
76 Kattie
Started!
8 Estrellita
Started!
73 Madelin
Started!
54 Leontine
Started!
79 Shawna
Started!
28 Clara
Started!
77 Maia
Started!
91 Bunnie
Started!
27 Wilona
Started!
42 Rosmunda
Started!
83 Emmalynne
Started!
56 Eleni
Started!
79 Adelaida
Started!
75 Trudie
Started!
31 Carmelita
Started!
44 Coraline
Started!
41 Erna
Started!
66 Binni
Started!
42 Cosette
Started!
82 Trish
Started!
52 Cecily
Started!
51 Shelley
Started!
2 Maryanne
Started!
55 Ameline
Started!
3 Juliette
Started!
63 Dreddy
Started!
42 Selinda
Started!
92 Lindie
Started!
19 Mildrid
Started!
20 Danielle
Started!
40 Ardelis
Started!
6 Evonne
Started!
12 Jermaine
Started!
37 Tabina
Started!
80 Florella
Started!
81 Ernesta
Started!
99 Sephira
Started!
44 Chicky
Started!
29 Karlie
Started!
21 Sherie
Started!
78 Martica
Started!
36 Jo
Started!
47 Marcille
Started!
94 Melisent
Started!
62 Amelina
Started!
35 Lorette
Started!
98 Charity
Started!
60 Gipsy
Started!
16 Kelcey
Started!
38 Livvie
Started!
99 Tiffi
Started!
92 Vevay
Started!
74 Leoline
Started!
69 Carole
Started!
68 Kellyann
Started!
52 Jany
Started!
92 Heath
Started!
40 Maryl
Started!
88 Roxanne
Started!
59 Alexa
Started!
43 Vivianna
Started!
42 Linnet
Started!
82 Brandais
Started!
19 Danit
Started!
1 Timothea
Started!
56 Doris
Started!
85 Drusie
Started!
82 Milly
Started!
7 Mei
Started!
64 Nataline
Started!
94 Berte
Started!
62 Stephana
Started!
95 Dianemarie
Started!
8 Sarah
Started!
13 Gerri
Started!
37 Tara
Started!
53 Suzette
Started!
10 Stephani
Started!
22 Morgana
Started!
34 Sandi
Started!
78 Sharlene
Started!
87 Marylinda
Started!
78 Marci
Started!
38 Maryjane
Started!
39 Gaby
Started!
93 Dierdre
Started!
96 Lynelle
Started!
9 Tuesday
Started!
48 Arline
Started!
91 Drucill
Started!
66 Katharine
Started!
72 Reyna
Started!
64 Tarah
Started!
14 Lurette
Started!
39 Adel
Started!
14 Minnaminnie
