Started!
17 Anya
29 Cathyleen
31 Charlotte
26 Edin
26 Harrietta
34 Ina
34 Joane
32 Leanna
33 Luz
25 Melonie
27 Nance
Started!
8 Agace
12 Analiese
1 Athena
2 Brooks
3 Clary
8 Denna
12 Pearl
3 Rosanne
4 Roxi
4 Shela
8 Thomasin
Started!
60 Alison
53 Beckie
53 Carmen
57 Cassandry
48 Doretta
62 Joycelin
64 Kattie
58 Leila
55 Tess
66 Una
51 Zelma
Started!
79 Ailis
76 Allsun
71 Ashli
71 Bibi
68 Carey
78 Cindie
71 Helena
74 Nanette
74 Nell
73 Opal
78 Sharl
Started!
99 Consolata
93 Dedie
80 Demetris
88 Haley
93 Kordula
85 Lib
89 Lizabeth
97 Minne
92 Nesta
87 Stefa
93 Wendi
Waiting!
91 Darcy
100 Elfrieda
92 Ella
92 Kelci
100 Kore
Started!
50 Aaren
35 Alanna
46 Anetta
33 Carolin
39 Frederique
37 Georgette
37 Jacquie
41 Lanni
36 Larissa
48 Loretta
39 Rosaleen
Started!
22 Agatha
26 Aimee
26 Annie
19 Aridatha
13 Barb
21 Christine
10 Datha
9 Dosi
23 Florri
29 Karleen
19 Phil
Started!
69 Brittni
77 Cecily
71 Clemence
80 Devonne
83 Janifer
74 Lyndsey
64 Madalena
81 Megan
75 Nelie
80 Oliy
73 Rori
Waiting!
1 Florida
6 Jaquith
6 Kym
6 Melisse
Waiting!
39 Connie
35 Denyse
Waiting!
64 Candy
56 Constantia
52 Lila
Waiting!
76 Bibbie
