Waiting!
12 Anallese
15 Auria
12 Ayn
18 Clarey
5 Daniele
12 Deva
12 Florrie
18 Gianina
16 Isidora
8 Lib
1 Neile
12 Norine
16 Olga
15 Oliy
14 Rosina
7 Thomasine
9 Tillie
2 Vikki
Waiting!
61 Angelle
61 Bernie
56 Beth
55 Birgit
60 Conchita
67 Deanne
64 Georgette
68 Leonora
66 Noemi
60 Sibylle
63 Tybie
63 Zaria
Started!
83 Anna
75 Catriona
74 Cherye
81 Christi
82 Corina
83 Cornela
75 Cyndi
78 Daphne
84 Dara
76 Debbi
90 Dorrie
87 Ermengarde
87 Giacinta
84 Jaclin
87 Katherine
88 Konstanze
85 Malinda
86 Maryellen
80 Rebbecca
87 Rochella
87 Shannon
76 Tawsha
85 Velma
92 Verile
Waiting!
38 Alysa
46 Cammie
48 Cecily
46 Darlene
48 Dayle
46 Dotty
39 Genvieve
48 Gianna
45 Odelia
46 Pammie
38 Steffane
47 Stephine
46 Veriee
Waiting!
35 Aleta
34 Andee
31 Bobina
31 Celestia
25 Merline
Waiting!
23 Binnie
22 Magdaia
23 Valli
Waiting!
99 Anthiathia
100 Bernette
100 Hildagard
99 Meg
100 Robinet
95 Sher
