Started!
3 Ag
11 Auria
2 Bianca
8 Biddie
3 Edee
14 Elsey
8 Emily
1 Fancie
7 Fredelia
2 Jorie
10 Karlee
4 Laurianne
4 Marcile
14 Mela
16 Netti
12 Nettle
8 Nikolia
15 Olympe
7 Olympie
17 Rahel
9 Rea
5 Reeva
2 Roanne
6 Savina
1 Terry
Started!
79 Amalee
86 Ashely
75 Carolynn
83 Cathrin
86 Corie
93 Erin
73 Evanne
80 Fiorenze
86 Georgeanna
74 Jade
93 Jeniece
83 Jodi
89 Katleen
73 Kiele
82 Kimberly
73 Lonna
82 Maurizia
83 Sarina
84 Sib
87 Steffane
89 Stesha
87 Susanna
87 Suzanne
81 Tove
88 Vanessa
Started!
69 Anthiathia
71 Beckie
71 Blakelee
68 Bobbette
80 Delcina
68 Drucill
78 Gennifer
68 Guillemette
66 Helenka
77 Klarrisa
61 Leonora
72 Maia
74 Malia
67 Marje
79 Marthe
62 Michele
80 Milly
66 Roxanna
62 Shelba
69 Sherill
73 Sonnie
70 Stormi
74 Suzanna
66 Tine
71 Yevette
Started!
47 Andee
45 Blinnie
43 Celine
41 Chad
48 Charmian
33 Corina
37 Danielle
49 Deana
46 Dreddy
41 Ermengarde
42 Fawn
41 Ginnie
41 Kat
37 Laryssa
47 Liliane
44 Marjy
32 Minerva
36 Moreen
34 Penelopa
49 Quentin
42 Regan
42 Rochella
34 Sarena
35 Susanetta
51 Uta
Waiting!
97 Anne
96 Claudie
95 Deedee
91 Donella
98 Evaleen
93 Germain
99 Haily
95 Helsa
98 Hermina
87 Judy
94 Lillian
96 Linnie
97 Liuka
85 Lora
94 Lucita
95 Marysa
87 Nikkie
95 Perry
87 Shirlee
95 Shoshana
96 Suzie
89 Suzy
87 Ursulina
Started!
57 Alla
55 Beverly
50 Blinny
44 Cassy
46 Catherina
56 Dode
54 Emmalynne
60 Fey
56 Florenza
55 Gerti
54 Jacquenetta
53 Janella
54 Jeana
60 Kaia
46 Lisa
56 Lurlene
56 Maridel
47 Meagan
56 Mel
52 Myriam
53 Nessie
50 Ricca
58 Sybila
49 Tierney
56 Ysabel
Started!
22 Alvinia
21 Anita
30 Ariella
25 Carolina
24 Catharine
18 Devondra
21 Eba
19 Elfrieda
31 Essie
22 Glen
27 Guinna
23 Hanna
19 Jennine
29 Kath
27 Lesli
21 Lotte
24 Merissa
28 Pru
24 Ranee
31 Tommy
28 Ulrike
27 Valli
19 Veronique
30 Vivyan
19 Winni
Waiting!
39 Bea
40 Berni
39 Britte
33 Carolyn
38 Chrystal
41 Dacia
39 Dniren
41 Enid
34 Gipsy
41 Harlene
41 Jacinthe
35 Manya
40 Rubetta
35 Tani
Waiting!
10 Alane
11 Anjela
7 Bree
16 Cecelia
1 Cherye
5 Evy
19 Genni
5 Jodie
18 Joycelin
11 Melisse
1 Sidonnie
7 Wynny
19 Xylia
Waiting!
21 Alissa
30 Amalle
26 Brittne
22 Lynna
Waiting!
66 Doll
65 Dorothee
66 Gussy
58 Joeann
56 Vanna
56 Yvette
Waiting!
77 Carilyn
69 Gunilla
81 Karel
69 Stacie
