Started!
67 Barbabra
57 Cairistiona
70 Charlene
77 Eleanore
74 Hilliary
76 Julissa
63 Liliane
71 Lindie
57 Madeleine
57 Sarena
Started!
95 Carrissa
98 Genni
100 Hallie
91 Hulda
96 Jeniece
88 Lindsy
100 Lyndel
95 Mabelle
94 Nessie
100 Pietra
Started!
20 Batsheva
30 Deana
20 Dulcie
25 Eleni
23 Jeanna
35 Margarethe
31 Stefa
27 Stefania
28 Tildy
27 Toni
Started!
87 Cicily
89 Darsey
87 Fidelia
83 Gladi
80 Jerrylee
84 Justine
79 Kass
82 Mada
83 Sophi
89 Stormie
Started!
55 Berte
47 Flo
41 Frayda
52 Kiri
45 Libby
45 Lilyan
40 Mel
55 Micki
48 Olimpia
41 Shoshana
Started!
10 Antonella
6 Ashely
7 Chloris
3 Filia
5 Haily
13 Jonie
3 Naoma
4 Rochella
11 Sarine
12 Veda
Started!
26 Ammamaria
25 Ardath
20 Leora
25 Maryjane
26 Maxi
14 Minny
27 Norma
17 Shayna
20 Tawsha
18 Valerye
Started!
34 Carolina
26 Clarice
22 Eada
21 Elke
29 Jennilee
27 Linnea
30 Merrile
38 Nikoletta
30 Pauli
35 Rosemaria
Started!
80 Antonie
96 Billy
80 Christean
91 Deerdre
94 Eveleen
87 Lind
91 Lucy
94 Malvina
81 Minnaminnie
91 Ray
Started!
56 Cosette
50 Dix
42 Dorry
50 Hildagarde
40 Karia
47 Linn
54 Mala
46 Marnia
43 Ursa
46 Viva
Started!
10 Anetta
7 Berna
13 Blakelee
5 Brietta
11 Cordy
11 Kania
10 Merralee
3 Minerva
8 Myrtice
5 Winni
Started!
68 Angelica
80 Elladine
70 Garnet
77 Giustina
64 Hortensia
69 Krystle
74 Margarita
83 Theda
75 Theresina
75 Verna
Started!
55 Amelia
62 Anita
49 Annetta
49 Annissa
60 Cinnamon
60 Damaris
57 Emmalynn
50 Hetti
51 Jesse
59 Sandye
Started!
48 Ardelia
47 Aubrette
40 Candie
55 Edythe
48 Ertha
44 Gui
46 Lea
50 Millie
40 Perry
46 Verena
Started!
8 Alyssa
10 Beatrix
8 Devondra
17 Dody
7 Elly
10 Evania
15 Germaine
11 Larissa
21 Maddi
16 Wynny
Started!
34 Benetta
26 Christine
33 Delilah
34 Julietta
32 Kailey
31 Kikelia
38 Lacee
38 Lynna
29 Sabine
42 Stormi
Started!
88 Blinni
81 Jacklin
89 Joann
95 Karoline
94 Kattie
82 Keelia
87 Koral
93 Sara
96 Teena
90 Teri
Started!
3 Alena
1 Blake
6 Candide
1 Deedee
3 Deena
1 Donella
9 Gilli
5 Madge
9 Myrlene
1 Peta
Started!
71 Annabella
53 Donnamarie
66 Eba
63 Elmira
59 Erika
71 Gunilla
61 Laurianne
65 Shaylah
53 Timmie
60 Zelma
Waiting!
73 Bree
81 Latia
82 Lita
72 Louisa
72 Madel
73 Mandie
Started!
24 Cecil
29 Chrissie
11 Dierdre
17 Eloisa
28 Frankie
21 Gabbie
22 Gwenore
20 Hedvig
21 Marje
27 Tedra
Waiting!
45 Cinda
39 Corenda
48 Hermia
49 Joly
46 Karly
41 Marigold
40 Simonne
Waiting!
26 Celinda
31 Ileane
32 Sidonnie
38 Susi
Waiting!
5 Maurise
Waiting!
93 Benni
95 Blanche
91 Yvette
