Started!
21 Carmelia
22 Charlene
22 Cissy
23 Deana
30 Desirae
29 Dolli
36 Dotti
26 Eda
32 Fawnia
21 Felicia
36 Gaynor
33 Gleda
19 Guglielma
27 Klara
21 Lilyan
20 Maggee
32 Marnia
21 Pauletta
27 Ronalda
23 Wynne
32 Yasmin
Started!
95 Abbe
80 Abbye
82 Adena
81 Aliza
92 Anne-Marie
86 Chrissie
84 Deerdre
82 Deny
80 Dottie
96 Frayda
96 Gwyn
83 Isabelle
90 Kiri
80 Libby
99 Madeleine
84 Maible
91 Shoshana
86 Tammy
94 Teddi
89 Vicky
97 Viola
Started!
78 Annetta
60 Ardella
77 Barbra
67 Bette
75 Birgitta
76 Carolyne
69 Clarissa
70 Emelia
65 Issie
76 Jerrylee
71 Ketty
60 Latrina
67 Margret
61 Marsha
61 Mechelle
67 Melitta
72 Merrile
76 Olympia
66 Rhoda
79 Sadie
74 Stacy
Started!
54 Anallise
55 Annaliese
52 Chicky
53 Cthrine
58 Debby
48 Ellen
50 Fredelia
50 Gayel
56 Geneva
66 Hermine
50 Jaine
58 Karen
56 Karla
54 Karyn
48 Leonora
58 Lexis
48 Malorie
49 Neala
49 Querida
67 Sada
52 Sara
Started!
4 Becky
13 Belinda
9 Brietta
14 Danell
6 Dido
12 Fidelia
4 Gerty
5 Ina
13 Jenny
22 Kathi
13 Kristi
10 Lynnette
4 Mag
10 Marrilee
7 Rosemaria
16 Shani
11 Susette
21 Sylvia
22 Tabbie
7 Thomasina
7 Valaree
Started!
38 Annissa
46 Arabelle
52 Bebe
44 Betty
35 Bonnibelle
44 Carlita
45 Charla
34 Clementine
43 Cosette
39 Hortensia
51 Ingaberg
42 Jilly
45 Jonis
35 Leisha
38 Maggy
34 Roberta
47 Rozalin
36 Sabine
44 Shayna
35 Theresina
38 Tove
Started!
91 Amalle
98 Ammamaria
97 Beatrix
94 Celie
92 Cynde
94 Glenna
95 Joby
90 Loni
97 Melonie
97 Myrtice
100 Olva
97 Pepi
92 Prudence
92 Rheta
100 Sarajane
100 Shay
94 Valera
95 Whitney
98 Wilmette
91 Yolanda
99 Zoe
Waiting!
3 Adan
1 Anita
4 Annabelle
7 Clotilda
2 Eleanore
2 Gerrie
6 Giustina
9 Jade
1 Janifer
3 Jorry
1 Julianna
8 Kayle
8 Linnet
2 Martguerita
6 Merrily
6 Sadye
4 Wilow
10 Zara
Started!
83 Amber
88 Berni
78 Blakelee
80 Bobbi
84 Corrine
87 Farrah
79 Gabriellia
81 Germana
77 Heddi
76 Ivie
84 Jessalin
84 Laureen
82 Leelah
88 Madge
75 Marge
80 Nanon
89 Pauli
83 Sharlene
79 Stevena
89 Tammi
84 Wendye
Started!
36 Aeriel
35 Alexi
18 Alyssa
22 Aubrette
33 Benetta
33 Carri
25 Christa
21 Dulciana
27 Fredrika
26 Harrietta
25 Jeanne
21 Jena
32 Kiele
31 Kittie
30 Leandra
24 Lindy
32 Merla
27 Penni
37 Rena
22 Vevay
27 Vikky
Waiting!
65 Bethina
64 Blanche
72 Christabel
65 Cyb
65 Darby
74 Domeniga
72 Dorri
65 Edeline
68 Frankie
81 Gabrila
70 Jane
71 Julietta
65 Karel
64 Margery
70 Marquita
71 Odele
63 Ronnie
73 Tobi
73 Vannie
Waiting!
22 Babbie
18 Caty
14 Cherilynn
12 Corene
21 Delia
13 Kamilah
12 Lenee
19 Lizzie
15 Ursulina
Started!
46 Ashly
44 Benita
48 Bettine
42 Billi
50 Doloritas
55 Dorine
47 Ealasaid
52 Eba
38 Gilli
48 Iolanthe
48 Iseabal
42 Joly
38 Justinn
56 Karly
40 Lanae
58 Maridel
43 Meridith
45 Minny
58 Retha
42 Roch
55 Sunshine
Waiting!
90 Camella
86 Cherianne
93 Daphne
92 Doralia
85 Irita
86 Margot
89 Sonja
Waiting!
50 Adina
62 Ivonne
60 Jobey
Waiting!
31 Ashlie
30 Dorothee
36 Lavina
26 Loleta
33 Lorene
26 Maryanne
25 Melony
30 Phyllida
31 Ronna
28 Yelena
Waiting!
96 Eugenia
