Started!
55 Ferdinanda
63 Katlin
Started!
73 Doralynne
64 Julee
Started!
71 Emelyne
71 Orelee
Started!
71 Lana
62 Rozele
Started!
73 Karena
78 Sammy
Started!
34 Fidelia
42 Hermine
Started!
3 Adey
9 Gabriela
Started!
17 Hildegaard
9 Marguerite
Started!
46 Jilleen
38 Nike
Started!
30 Alikee
29 Willyt
Started!
15 Didi
8 Klara
Started!
84 Emma
82 Robbyn
Started!
64 Fredrika
68 Lise
Started!
13 Elsi
15 Gabriella
Started!
27 Alfy
28 Cherida
Started!
89 Eda
82 Elysia
Started!
10 Kelcey
16 Shawnee
Started!
55 Carrie
53 Farrand
Started!
74 Isabel
64 Mabel
Started!
29 Charo
38 Christie
Started!
17 Aime
7 Alix
Started!
65 Etti
66 Melitta
Started!
93 Augustina
98 Lotty
Started!
8 Nadean
13 Wilma
Started!
83 Krissy
82 Nert
Started!
57 Brandi
55 Sheela
Started!
91 Myrlene
97 Shelley
Started!
31 Alie
41 Libbey
Started!
23 Lurette
30 Mirella
Started!
81 Jobye
78 Shoshanna
Started!
11 Gaye
13 Ruthanne
Started!
6 Christel
13 Emogene
Started!
56 Ileana
64 Molly
Started!
89 Nicolea
81 Tina
Started!
73 Dix
69 Othilia
Started!
10 Lexy
5 Vonni
Started!
79 Berte
86 Sheena
Started!
20 Krissie
18 Siobhan
Started!
65 Bunny
75 Evvie
Started!
54 Dulciana
46 Gaby
Started!
34 Alameda
24 Allison
Started!
45 Luisa
47 Tabitha
Started!
96 Doria
90 Trude
Started!
27 Denny
35 Lurlene
Started!
32 Risa
42 Susy
Started!
75 Hilda
85 Minerva
Started!
7 Alberta
8 Margarete
Started!
76 Jasmine
67 Loni
Started!
58 Amargo
65 Caritta
Started!
43 Karyn
35 Madelon
Started!
13 Cherilynn
14 Lanie
Started!
36 Mable
27 Nedi
Started!
71 Gillan
66 Roch
Started!
41 Faye
35 Wendi
Started!
35 Aggi
38 Selinda
Started!
58 Cacilia
52 Meggie
Started!
65 Hyacintha
60 Keslie
Started!
77 Bernice
75 Raina
Started!
35 Bibi
25 Roseanna
Started!
15 Berthe
19 Kellyann
Started!
57 Betsey
51 Jobi
Started!
34 Rubia
25 Sherline
Started!
41 Belicia
36 Dionne
Waiting!
60 Selle
Started!
80 Brittan
82 Cora
Started!
21 Dorene
12 Stepha
Started!
84 Kasey
76 Traci
Started!
23 Brigid
24 Kathe
Waiting!
30 Sophronia
