Started!
22 Adria
17 Betty
15 Cordula
13 Ebba
26 Emmalee
28 Fredrika
16 Gale
17 Joana
27 Julee
17 Katlin
20 Larissa
21 Otha
19 Pearla
22 Phoebe
16 Stefa
Started!
90 Adrian
87 Aime
96 Amalia
97 Bidget
99 Clemence
93 Dionne
85 Elayne
93 Eudora
95 Jocelyne
91 Koressa
95 Lacy
96 Merline
87 Shel
93 Verena
98 Zenia
Started!
76 Almira
68 Bili
71 Doria
83 Elsi
82 Evey
70 Gabbey
75 Gillan
83 Glennie
69 Jobye
76 Judith
82 Mareah
79 Myrlene
81 Nadean
76 Ranee
78 Rozelle
Started!
28 Alexa
41 Annalee
41 Constanta
42 Donnamarie
42 Genvieve
33 Hyacintha
28 Jaimie
41 Kora
27 Marabel
31 Marybelle
23 Minerva
43 Sheena
36 Sheree
43 Simonne
40 Teri
Started!
65 Arabella
65 Brittany
61 Carrie
66 Emelyne
60 Erma
64 Fidelia
56 Gloriane
58 Hermine
63 Janene
65 June
57 Kettie
66 Molly
58 Odessa
61 Starlene
60 Ulrika
Waiting!
2 Abbey
3 Cacilia
2 Edithe
9 Georgena
1 Harriott
1 Joyce
8 Kristal
3 Lurette
3 Olivette
3 Tess
10 Tina
8 Vitoria
Started!
53 Abbie
50 Ailene
59 Alia
50 Cherida
49 Eddi
47 Estrellita
50 Gaye
46 Jasmine
53 Kally
49 Lorilee
56 Maddy
44 Marice
50 Pepita
51 Sherie
44 Winnah
Started!
25 Adi
20 Adorne
20 Anna-Maria
14 Biddy
29 Brett
25 Candy
18 Coletta
15 Darsie
22 Kamillah
20 Leandra
18 Raina
13 Sarina
19 Tonia
13 Uta
27 Wendi
Waiting!
67 Arly
59 Bethany
60 Bibi
57 Charlotta
75 Ernaline
62 Idette
57 Kaitlyn
67 Lina
71 Ninnette
68 Viole
Started!
34 Amalee
33 Ardath
43 Brandie
41 Brietta
37 Cissy
40 Evangelina
36 Gayel
32 Jerrilyn
36 Jobyna
35 Mable
30 Nana
33 Quinta
32 Randene
43 Roseanne
38 Tonye
Waiting!
50 Amelia
51 Claretta
55 Fanchon
49 Janina
53 Melicent
53 Sherilyn
47 Vilma
Waiting!
80 Giuditta
82 Maye
90 Tabatha
87 Zea
Waiting!
100 Enriqueta
Waiting!
17 Wren
