Waiting!
74 Aurel
82 Carine
79 Ealasaid
75 Jocelyne
84 Karoline
79 Latrena
82 Lula
85 Lurette
77 Maisey
77 Salaidh
83 Stoddard
Waiting!
4 Allis
11 Angelia
12 Ardyce
3 Clarita
2 Corenda
13 Gale
11 June
7 Kettie
1 Oralla
7 Pepita
11 Shannah
13 Simonne
9 Thia
Waiting!
51 Ann
51 Ermengarde
60 Grissel
71 Joya
68 Jyoti
61 Kora
66 Loren
60 Nathalie
61 Nicola
68 Onida
61 Rozelle
58 Valli
58 Veda
Waiting!
17 Allison
18 Allissa
15 Chandal
18 Clemence
27 Corabelle
26 Druci
15 Guenevere
20 Jordan
24 Meridel
15 Robyn
25 Tonia
26 Yevette
Waiting!
49 Adria
48 Cathie
44 Cherida
49 Elisabet
42 Marie-Ann
45 Saloma
38 Trescha
48 Vere
Started!
29 Alethea
31 Blaire
32 Brandais
36 Feodora
34 Gwenore
36 Jacquelynn
30 Jaine
31 Joana
30 Leann
35 Lorry
37 Mahala
28 Mirna
35 Morganne
30 Rycca
31 Shayla
Waiting!
94 Corinna
95 Dacey
