Started!
89 Adria
89 Barbara
91 Cassandre
83 Claudetta
93 Denice
87 Guillemette
90 Harrietta
95 Julietta
83 Katerina
83 Kirby
78 Kirsti
96 Korie
80 Laney
98 Morgen
87 Noelyn
82 Pearline
88 Rozalie
93 Suzy
Started!
64 Antonia
70 Charmine
67 Christy
72 Clemence
61 Ira
64 Jacinthe
65 Karoline
70 Kasey
75 Kelcie
63 Kora
69 Leann
63 Lona
71 Merle
60 Natasha
77 Nesta
74 Pippy
69 Rosemonde
64 Sabine
Started!
1 Annie
6 Arden
20 Bernadina
5 Blanche
9 Cathie
1 Cindi
20 Claudelle
9 Daile
10 Evangelin
14 Fanchette
11 Imojean
5 Jemimah
15 Joyann
3 Kari
17 Kettie
20 Tabbitha
15 Valentine
17 Zandra
Started!
36 Alis
38 Berna
32 Claudia
28 Corri
35 Elisabet
44 Erica
39 Feodora
39 Gilligan
31 Glori
36 Gracia
34 Jeane
36 Maisey
45 Netti
40 Norina
46 Rebecka
42 Regan
26 Tersina
37 Yolande
Started!
46 Amara
42 Annabell
55 Bella
53 Berrie
54 Cally
44 Carmon
59 Cristine
58 Dacey
48 Gladys
52 Happy
47 Kiley
52 Lauree
46 Margalo
47 Melosa
56 Rora
57 Roxana
44 Teri
48 Ulrica
Started!
33 Ainslie
33 Berthe
16 Cherianne
24 Debi
25 Elene
23 Fidelia
16 Giacinta
24 Helaine
29 Jacquenetta
32 Jessika
14 Kristin
21 Lin
24 Martina
24 Millicent
25 Rhody
32 Roobbie
24 Tallia
34 Winny
Started!
46 Andree
33 Anna-Diana
42 Arabele
28 Chrysler
39 Elisabeth
34 Hollyanne
43 Imogene
38 Maressa
47 Marla
30 Marylynne
37 Mozelle
30 Nanine
30 Nannette
31 Shellie
29 Shirlene
31 Sibby
45 Stevana
33 Vitia
Started!
97 Amalea
92 Cindelyn
100 Colleen
93 Galina
100 Georgianna
97 Hope
92 Janna
93 Josefina
96 Karil
100 Kathrine
97 Leelah
92 Libby
92 Lorelle
96 Oralie
92 Robbi
95 Sada
97 Selestina
92 Tallou
Started!
6 Babs
11 Bevvy
14 Binnie
2 Bren
1 Bunnie
9 Deeanne
14 Georgia
9 Jillayne
3 Katharyn
6 Laurette
2 Leigh
8 Lorene
13 Maighdiln
9 Marita
4 Mira
11 Missie
15 Randy
2 Stephani
Started!
69 Anna-Maria
74 Annaliese
63 Brinna
56 Celestyna
66 Chantalle
69 Fenelia
63 Fey
65 Frederique
56 Helga
66 Holly-Anne
74 Ilyse
63 Janith
64 Josey
73 Kiri
59 Lil
59 Sande
72 Sylvia
68 Wendeline
Started!
83 Ag
81 Bobinette
85 Cathyleen
82 Daniela
79 Fredi
89 Herta
87 Jo
77 Leslie
86 Manda
89 Marin
81 Nichol
89 Olive
89 Rivkah
86 Romy
86 Tabbatha
89 Wandie
88 Wren
78 Zita
Waiting!
80 Ina
75 Patricia
75 Sorcha
71 Veronike
Waiting!
49 Carly
49 Chloette
48 Concordia
49 Dominga
39 Lilla
50 Marilin
52 Petronille
46 Tabbie
Waiting!
26 Abigael
24 Barbie
21 Brandy
21 Catha
21 Clo
17 Elissa
27 Faustine
20 Frieda
17 Hildegaard
23 Meagan
18 Peri
18 Stephannie
Waiting!
31 Antonie
33 Buffy
32 Cindra
Waiting!
63 Casandra
Waiting!
4 Cyndia
