Started!
49 Ally
54 Belicia
40 Bette-Ann
57 Clarie
50 Dannie
57 Dinah
55 Eadie
51 Edeline
49 Ellen
39 Juliann
56 Kelley
56 Sheelagh
Started!
23 Andy
14 Arleyne
23 Aurilia
16 Dolly
27 Dolorita
19 Ema
18 Lonni
17 Lucita
19 Margret
25 Nani
26 Rennie
20 Rosalinde
Started!
63 Ailyn
67 Bell
70 Britte
70 Clarabelle
74 Dyanna
65 Germain
69 Liana
72 Lois
72 Melisent
69 Ricky
60 Virgie
60 Zandra
Started!
89 Adelina
91 Bellina
88 Cloe
91 Jemmie
97 Jessamyn
98 Josephina
97 Kacy
98 Lainey
99 Mariam
88 Robby
92 Tootsie
96 Vanya
Started!
84 Berta
86 Dedie
86 Geralda
83 Gwyneth
95 Jennilee
80 Joete
96 Kare
92 Margareta
83 Rakel
86 Ronica
90 Teddi
96 Vale
Started!
29 Antonia
31 Dorian
35 Evangelina
31 Gratiana
34 Heddie
21 Ingeborg
31 Kristin
33 Lexine
40 Nadeen
26 Ottilie
39 Rosabel
30 Sherilyn
Started!
9 Allison
16 Barry
5 Candy
6 Carin
10 Cathie
5 Frederica
15 Josee
2 Kiele
5 Margo
5 Rosalyn
1 Sharron
6 Shelly
Started!
64 Annmarie
59 Belinda
67 Catlee
70 Elissa
60 Faunie
60 Guendolen
76 Hermia
64 Jeanie
73 Juana
60 Nyssa
70 Rhianon
68 Sadye
Waiting!
20 Alissa
29 Ardelle
17 Charline
19 Julissa
25 Kattie
14 Laurene
21 Sonnnie
14 Star
30 Stephannie
29 Sybila
Started!
100 Annnora
96 Damita
97 Dianne
100 Dulce
90 Gisela
100 Mattie
91 Melamie
95 Mirabelle
96 Monika
99 Nell
98 Rebeca
97 Rycca
Started!
48 Abbie
48 Catina
55 Evy
50 Jazmin
35 Jenni
42 Lucina
42 Mimi
49 Moyra
45 Nedda
55 Paolina
43 Sioux
52 Wylma
Started!
59 Astrid
56 Aura
54 Cathrin
49 Codi
51 Constanta
57 Goldie
46 Junie
62 Madelena
55 Marci
50 Marline
50 Meggy
49 Trudey
Started!
32 Austina
41 Betteann
31 Cami
32 Denni
31 Dorotea
41 Erinna
38 Margarethe
34 Pamela
45 Pearla
41 Ros
34 Tallou
39 Van
Waiting!
84 Ailsun
89 Calli
91 Ernaline
77 Friederike
90 Gerta
87 Jeanelle
84 Opaline
82 Shirleen
Waiting!
59 Cristionna
63 Estella
72 Etheline
76 Gena
67 Julita
68 Loni
76 Lurleen
68 Madeleine
74 Miranda
67 Roxie
72 Sherline
Waiting!
7 Charin
2 Franciska
1 Karee
6 Nike
3 Tresa
Waiting!
100 Aidan
99 Helge
Waiting!
53 Harley
51 Meredithe
43 Rivi
56 Thelma
Waiting!
39 Dulci
