Started!
59 Cicely
73 Claudine
58 Dacey
66 Elene
60 Eustacia
70 Evangelin
61 Fallon
65 Fiann
70 Frankie
53 Gussie
53 Harlie
55 Hulda
56 Jazmin
64 Kerri
67 Kimbra
63 Kylen
56 Mathilda
68 Meredith
54 Odille
66 Penny
68 Rochella
56 Talya
59 Tara
Started!
86 Amye
92 Blondelle
93 Cass
89 Cheryl
83 Danika
78 Dru
77 Esmeralda
82 Iseabal
77 Issi
85 Jordain
92 Karel
88 Leyla
88 Lonni
85 Nadya
84 Renelle
79 Rosa
79 Rozanna
84 Shaun
78 Simonne
88 Tabitha
87 Thalia
93 Vinnie
76 Wenona
Started!
6 Amanda
14 Blaire
12 Corie
22 Eadie
15 Elinore
11 Halley
17 Henriette
7 Jeannine
10 Jehanna
18 Joceline
18 Josee
9 Kally
20 Kiah
16 Lainey
15 Lilian
12 Lorry
19 Maryann
17 Melisent
6 Ondrea
24 Rafaelita
7 Robyn
11 Sioux
16 Sosanna
Waiting!
33 Edithe
28 Eleni
37 Lisbeth
33 Mellicent
27 Morena
35 Pollyanna
29 Shelly
37 Sonnnie
35 Tildy
Waiting!
41 Andrei
38 Carin
41 Chicky
44 Delora
49 Delphinia
51 Dianne
45 Dodi
44 Emilia
38 Guenevere
47 Jesse
49 Karly
48 Kristin
44 Lois
45 Maryanne
42 Odette
51 Shanda
Waiting!
94 Allys
98 Bili
94 Elsinore
96 Genovera
92 Helena
99 Ingeberg
98 Jeana
99 Kirsten
95 Lilllie
86 Oona
Waiting!
2 Ailee
1 Angela
3 Deb
4 Lind
2 Shoshanna
Waiting!
52 Rodina
57 Zelma
Waiting!
76 Benni
81 Cornie
82 Erika
79 Evangelina
74 Jenni
74 Shellie
82 Veronica
