Started!
87 Ailene
87 Alfy
85 Alikee
99 Andra
95 Annmaria
81 Arlinda
87 Beret
80 Colly
89 Coral
92 Dasya
90 Debi
95 Demetra
85 Elsi
90 Feliza
91 Glennie
91 Kelsey
82 Margaux
94 Oralla
92 Rici
95 Robbie
97 Rosamond
94 Tamma
100 Tanhya
Started!
49 Anne
61 Bea
62 Cammie
57 Daniella
46 Emilee
49 Fredra
55 Gabriel
55 Gaynor
59 Germana
63 Hulda
51 Imelda
64 Jackie
57 Jacqui
61 Kay
49 Lyssa
59 Mariann
50 Marley
65 Marylee
63 Nancey
48 Sabine
48 Sigrid
47 Tara
45 Venita
Waiting!
10 Adelle
11 Agnesse
1 Angela
11 Anica
1 Annabell
8 Annmarie
8 Ardys
5 Augusta
4 Carri
1 Jemie
5 Lauraine
2 Maryjo
4 Meagan
9 Meta
7 Riki
11 Rosabel
6 Rosella
2 Susanna
3 Toby
7 Veronica
7 Vyky
Started!
20 Brenda
32 Cayla
28 Charmaine
24 Darlleen
32 Delphinia
17 Elfreda
24 Evonne
18 Felipa
21 Gabriellia
24 Hedvige
21 Jobey
33 Jodee
19 Joella
33 Minerva
25 Nellie
18 Nerte
26 Riva
34 Robenia
33 Shara
20 Sindee
34 Sue
25 Viole
29 Wilhelmine
Started!
78 Ame
66 Anstice
75 Aurilia
83 Avis
71 Bev
65 Corette
74 Elita
77 Elyse
72 Jo
70 Ketti
77 Ki
82 Mari
78 Marti
70 Odille
69 Peggie
75 Philomena
64 Poppy
68 Rachelle
72 Suzanna
76 Sybille
67 Taffy
77 Timothea
74 Verna
Waiting!
12 Diane
13 Harmonia
12 Kasey
12 Madalena
14 Madelle
15 Malina
22 Mirella
17 Norry
14 Olenka
21 Rachele
13 Sydel
Waiting!
42 Casie
47 Chad
32 Donielle
32 Eloise
41 Gill
47 Jeralee
44 Magdaia
38 Nora
46 Norine
40 Portia
29 Rhodia
47 Rozalin
39 Sherline
40 Sula
Waiting!
53 Blondy
53 Carena
60 Claudetta
51 Debby
61 Dodie
50 Frederique
55 Ilka
55 Larine
56 Nikaniki
Waiting!
25 Adena
25 Ali
26 Elisabetta
26 Lark
27 Mariejeanne
Waiting!
93 Cathe
90 Gerty
94 Pauline
