Waiting!
33 Ailene
44 Ailey
35 Allx
41 Athena
48 Camille
49 Christa
47 Deb
46 Evelyn
51 Gussy
48 Gypsy
47 Hester
43 Julie
42 Liane
52 Lillis
32 Tanhya
36 Tildi
Waiting!
86 Austina
77 Barry
81 Benny
83 Caril
85 Esme
81 Faye
87 Flossy
91 Gianina
72 Gilbertine
83 Josee
79 Milka
76 Shani
87 Tracie
82 Wilmette
Waiting!
13 Angy
14 Corinne
14 Cymbre
8 Glyn
18 Hedy
10 Hesther
17 Jillian
15 Letitia
12 Luella
23 Lyn
18 Orsola
8 Pamelina
16 Rebekah
Waiting!
95 Alana
100 Brita
98 Carmon
97 Donica
100 Guendolen
97 Karoly
Waiting!
1 Babbette
5 Jayne
Waiting!
30 Corabel
30 Darya
31 Rana
31 Yetty
Waiting!
68 Arda
70 Maureene
70 Mitzi
64 Shane
Waiting!
59 Renee
