Started!
48 Adda
42 Annamarie
34 Annetta
36 Arlana
36 Bev
32 Bonnee
45 Cynthia
43 Enrica
28 Erinna
39 Esme
29 Ilse
30 Jacintha
43 Jaquenetta
44 Judye
36 Koral
37 Malva
39 Marielle
28 Marnia
42 Marylin
36 Melissa
35 Mella
47 Mozelle
38 Pammy
39 Pat
43 Tatiania
38 Theda
30 Whitney
Started!
64 Athena
51 Bernice
50 Brenda
53 Brita
62 Bryna
47 Coralyn
65 Dania
66 Demetra
54 Dinah
52 Fancie
63 Florida
65 Helene
57 Henrieta
54 Idell
66 Irma
61 Jillian
64 Lin
67 Luella
54 Luelle
67 Melania
61 Mil
50 Neala
47 Norean
59 Renee
56 Renelle
61 Tallulah
57 Trista
Started!
81 Albertina
79 Allx
78 Aura
82 Blinny
80 Catriona
92 Cherie
79 Corina
90 Dawn
79 Elli
83 Emma
77 Erena
80 Harli
84 Ira
87 Joanna
80 Juliette
78 Karlie
86 Krysta
92 Lorelle
86 Mara
78 Marys
79 Natassia
84 Nedi
82 Pepita
77 Reta
92 Rosalie
86 Sheila
80 Tilda
Started!
14 Bertina
5 Blythe
15 Carlye
10 Caron
13 Clio
6 Costanza
11 Cristin
3 Deane
12 Deeanne
15 Devora
7 Dyana
11 Elladine
1 Erina
15 Fenelia
4 Fionna
11 Gracie
1 Hallie
13 Jo-Ann
1 Jolyn
12 Norrie
8 Pauli
3 Robinia
3 Ruthy
14 Sidonia
5 Steffie
14 Thea
2 Valera
Started!
70 Adria
70 Alanah
78 Avivah
64 Bathsheba
73 Belva
70 Chicky
68 Christiane
76 Glennis
74 Joyan
68 Kerianne
70 Leontyne
70 Letitia
81 Lucky
69 Lynde
69 Meridel
78 Molli
70 Morissa
71 Nathalia
71 Orelee
70 Pepi
71 Sallee
69 Shirley
71 Staci
69 Sunny
68 Tommie
71 Tracie
78 Winnie
Started!
18 Anabelle
20 Anstice
16 Cleo
24 Dacy
23 Darleen
26 Deva
20 Donni
23 Eadie
17 Gisela
18 Guinna
24 Heida
19 Kevyn
23 Kristien
22 Linnea
20 Lora
23 Marthe
17 Mellie
24 Merrili
20 Miriam
22 Noemi
26 Rachel
25 Regan
26 Sella
21 Suzy
8 Terese
22 Veriee
25 Xenia
Started!
96 Adele
99 Bamby
97 Brynn
97 Celine
98 Darice
95 Delilah
93 Dominga
95 Elvira
98 Enrika
95 Gertruda
86 Gnni
93 Gray
97 Gussie
100 Hedda
100 Jillana
86 Joete
86 Joletta
98 Juana
96 Mallorie
94 Minta
88 Myrta
89 Ottilie
97 Rana
92 Rayshell
85 Stephana
95 Ursula
87 Wileen
Waiting!
82 Addi
79 Andrea
84 Beth
80 Danice
91 Fayre
73 Jennica
74 Lyndsie
82 Maurise
90 Tiphani
90 Yetty
Waiting!
40 Anne-Corinne
52 Cherlyn
34 Christie
41 Dianemarie
44 Didi
46 Dody
50 Georgena
52 Georgine
44 Indira
51 Jaymee
43 Joni
35 Julianna
48 Kalina
43 Kelsy
39 Kira
41 Leonora
50 Libbey
44 Lorain
41 Lorenza
53 Madonna
42 Maryjo
42 Merrily
38 Michelina
50 Neda
39 Ramonda
36 Winnah
Waiting!
31 Beitris
27 Breena
27 Cissiee
31 Dedra
25 Hanni
28 Janeva
32 Karina
30 Karry
27 Kary
30 Kimberlyn
31 Orsa
32 Petronia
31 Rosie
31 Sena
30 Vinnie
30 Zahara
Waiting!
55 Adaline
54 Coriss
56 Devina
55 Hannie
60 Ingaberg
61 Janna
60 Licha
54 Persis
55 Susanetta
Waiting!
95 Elke
97 Lauren
98 Lia
99 Rozanna
Waiting!
5 Dulcie
8 Elyse
11 Fae
16 Ginni
1 Libbi
10 Linette
9 Lizzy
1 Madelle
7 Melva
20 Morgan
4 Ninetta
13 Oneida
12 Pattie
1 Rey
10 Rhodia
Waiting!
69 Alethea
71 Babb
68 Emelia
69 Philomena
66 Rebekkah
70 Viola
