Started!
56 Crystie
47 Deanna
54 Dianemarie
49 Kassia
44 Lyndsie
44 Maiga
52 Peggie
52 Seana
Started!
93 Courtenay
86 Daphene
89 Guillema
79 Gwyn
93 Jennica
85 Octavia
94 Rosene
93 Venus
Started!
68 Anatola
66 Ardys
67 Eddi
77 Jacquette
65 Kare
77 Maryann
72 Mersey
58 Natassia
Started!
39 Ashil
30 Bette-Ann
32 Clemence
41 Ester
34 Jojo
32 Marrilee
40 Pattie
37 Shauna
Started!
25 Ashlan
28 Brigitte
11 Chelsey
19 Diann
15 Gustie
29 Ora
21 Tally
31 Tracie
Started!
8 Alicea
5 Blinnie
7 Katee
9 Livia
9 Merline
3 Molly
2 Pamelina
11 Thea
Started!
86 Bethanne
93 Calypso
93 Cher
85 Irene
82 Jan
94 Jandy
94 Joanne
87 Morgana
Started!
97 Camellia
99 Chrissy
98 Clarita
99 Elaina
94 Emmye
98 Lyda
91 Marilyn
91 Perl
Started!
40 Alma
30 Avis
40 Cairistiona
36 Emmy
38 Felicle
38 Giulietta
34 Junie
40 Shelagh
Started!
62 Adrian
64 Blithe
49 Fifine
57 Jeanna
46 Meredith
52 Ofilia
48 Rosalynd
56 Rubi
Started!
68 Alfie
76 Brandie
72 Camile
67 Devonna
70 Evvie
70 Kaye
80 Lenee
75 Roxine
Started!
45 Chantalle
42 Dell
33 Helli
39 Lorelle
38 Mollie
40 Nanci
29 Nara
36 Sharlene
Started!
10 Angelique
10 Cheslie
15 Eadith
7 Maribelle
13 Mignon
24 Othilia
19 Rianon
20 Samaria
Started!
1 Agnesse
1 Charleen
2 Colette
1 Hannis
3 Mechelle
11 Norma
7 Raven
2 Shela
Started!
50 Cayla
66 Dorothy
53 Dyane
50 Glori
59 Kissiah
67 Liva
54 Nettie
53 Sallyann
Started!
91 Annabella
82 Benedicta
91 Darelle
85 Jordana
76 Kristy
89 Sianna
82 Timothea
81 Valencia
Waiting!
97 Berte
99 Feodora
100 Geneva
96 Kellina
92 Starla
Started!
63 Amalle
70 Dorene
68 Jo
68 Kathleen
67 Leese
71 Lettie
60 Tabitha
79 Tildie
Started!
23 Alfy
22 Annelise
13 Ardra
7 Danielle
18 Modestine
15 Nicky
13 Pauly
17 Wanids
Started!
54 Ddene
35 Ettie
52 Gwenneth
41 Kylen
46 Lisbeth
51 Lucila
53 Rowena
44 Valina
Started!
45 Brenda
44 Carmelia
37 Dorthy
48 Haley
42 Kelley
44 Ruth
52 Sylvia
39 Tamara
Waiting!
60 Aurelia
53 Eliza
50 Helga
58 Junette
58 Wendi
Started!
11 Brigitta
12 Colly
5 Dominga
19 Dorolice
12 Edita
12 Felipa
7 Malia
9 Norri
Started!
82 Aurea
84 Biddy
85 Caprice
86 Gayel
76 Glynda
82 Laina
81 Meg
74 Sharla
Started!
36 Donnie
32 Estrellita
18 Florida
24 Hanna
28 Idell
29 Lydia
32 Mellisa
36 Roxi
Waiting!
69 Cherye
77 Sammy
Waiting!
5 Mirabelle
Waiting!
81 Mehetabel
85 Tallia
