Started!
15 Adrea
9 Angie
10 Ashli
16 Camila
7 Catherina
15 Chrissy
7 Courtnay
15 Dulciana
21 Felicle
20 Gabriel
14 Jodee
7 Lona
18 Maitilde
12 Marya
16 Meade
16 Nannette
8 Rosalinda
4 Roze
16 Sarita
17 Shalna
9 Tedda
13 Terrye
19 Willetta
3 Zita
Started!
96 Angelika
89 Angelique
90 Bertine
79 Charmain
91 Darelle
96 Diann
89 Elsy
89 Fara
92 Francesca
96 Gretel
80 Heda
86 Ilene
89 Judith
81 Katharina
98 Lin
79 Marrilee
81 Mollie
96 Morgana
82 Nerta
94 Nettie
88 Renae
89 Rochelle
88 Tobi
89 Yoko
Started!
25 Alicea
39 Alma
35 Amalle
28 Audie
34 Cristabel
28 Cristine
24 Dell
25 Dorene
31 Dorotea
25 Etheline
34 Evangelin
27 Hadria
35 Isobel
39 Joanie
29 Katerina
26 Kimmi
29 Lebbie
27 Letta
30 Livia
24 Lorette
39 Pamelina
39 Pearle
29 Shirline
29 Talia
Started!
66 Andria
60 Aurea
70 Aurie
67 Brandie
70 Courtenay
69 Ealasaid
65 Guenevere
57 Jan
63 Jewel
64 Kassandra
70 Kimberlyn
64 Kriste
66 Marget
71 Marja
66 Mireille
56 Reiko
74 Renate
57 Rhoda
68 Sibelle
59 Sisely
60 Timothea
70 Tommie
58 Tonia
59 Zea
Started!
48 Abigail
43 Amelita
50 Ardra
46 Babb
34 Brook
49 Charleen
40 Chere
41 Coretta
50 Grier
48 Hanny
43 Julia
52 Klara
44 Krystyna
48 Marcille
37 Mia
34 Mirna
52 Phillida
45 Ricky
43 Robin
45 Rosamond
40 Roxine
44 Saree
51 Shela
53 Tessi
Started!
78 Adella
76 Alfy
81 Biddy
73 Cassandra
83 Cathryn
77 Chelsie
75 Cheslie
86 Crysta
74 Daloris
68 Ginelle
71 Gusty
70 Koo
68 Lanny
71 Mair
76 Marina
83 Maye
87 Nola
80 Renelle
73 Reyna
71 Shay
69 Starr
74 Tessa
74 Tildie
76 Vonni
Waiting!
11 Adaline
7 Alexa
7 Annemarie
12 Estrellita
11 Eugenia
3 Guillemette
8 Hinda
1 Michal
2 Murielle
2 Othilia
2 Shauna
3 Shell
2 Ursola
Waiting!
100 Avis
94 Darb
91 Fae
99 Shelagh
93 Vanny
Waiting!
55 Dian
58 Edee
65 Edita
52 Gabbey
62 Idell
53 Liana
65 Lorinda
67 Mattie
56 Norri
53 Rycca
53 Stefa
61 Tabatha
Waiting!
30 Adiana
22 Anthe
27 Ashlie
20 Augustine
26 Carmelia
23 Clovis
18 Georgeta
26 Georgie
20 Ivie
22 Jillie
13 Kai
21 Lacey
13 Martita
30 Minetta
17 Sunny
25 Taryn
25 Tiena
30 Vallie
23 Zarah
Waiting!
40 Andrea
37 Anitra
36 Carolann
36 Denna
37 Elie
31 Glennis
36 Greta
31 Gwyneth
33 Helsa
40 Kiah
36 Lizbeth
35 Rani
33 Vivi
Waiting!
44 Ashley
51 Christian
43 Dorthy
42 Essy
42 Karee
45 Prudence
51 Willette
