Waiting!
1 Aubry
3 Becka
9 Elsa
7 Hallie
7 Luce
1 Malina
13 Melanie
9 Mignonne
1 Nicoline
12 Orelia
6 Quintilla
9 Robbin
10 Roselia
1 Terry
5 Tessi
Started!
77 Colene
84 Corenda
81 Corrina
88 Dana
78 Dorrie
90 Geri
87 Harmonie
71 Jobina
80 Lucie
90 Margret
80 Muire
80 Nert
81 Nona
73 Phylys
76 Roanne
79 Tarah
86 Willi
77 Yetty
Started!
68 Alis
59 Barbabra
56 Brandi
66 Candis
66 Cicely
68 Debee
66 Deny
63 Dniren
64 Eleanore
67 Jacintha
57 Jaime
58 Jeana
57 Kimmy
67 Maure
65 Tandi
60 Viola
56 Wenonah
60 Xenia
Started!
27 Abigail
29 Bobinette
23 Elianore
23 Emelyne
22 Idette
24 Irene
28 Karoly
19 Lura
20 Madge
20 Maisie
21 Marion
30 Myranda
23 Nicholle
23 Sadye
28 Tedi
17 Timmie
24 Tiphany
16 Tracy
Waiting!
38 Aggi
29 Aurie
31 Bernelle
41 Coretta
36 Diannne
30 Donella
39 Eachelle
37 Fanya
43 Jesse
36 Licha
43 Marcelia
41 Rica
34 Row
Waiting!
100 Aile
92 Alikee
93 Alli
100 Cleo
100 Felice
94 Harriett
95 Hetty
98 Nonie
91 Rebecka
94 Thomasine
91 Tiena
91 Tory
96 Yolane
Waiting!
50 Arabella
58 Fayina
57 Genevieve
53 Giuditta
58 Goldina
52 Grete
55 Korrie
49 Pennie
52 Rozalie
54 Shawnee
64 Siusan
53 Tamera
62 Timmy
57 Tracie
Waiting!
15 Arlee
14 Gerladina
14 Keslie
17 Milli
Waiting!
26 Dolores
Waiting!
65 Engracia
66 Fredia
