Waiting!
78 Adele
86 Adrian
76 Annadiane
74 Bird
84 Geri
92 Lisha
80 Maegan
83 Maure
85 Sadye
93 Timmie
90 Zara
Waiting!
49 Ardyce
53 Brigid
44 Cicely
46 Dana
48 Filippa
39 Janella
52 Jaquenette
49 Jenifer
44 Maryjane
43 Muire
50 Suzi
53 Sydel
Waiting!
99 Dasie
100 Dniren
96 Fianna
94 Oralle
98 Tamra
Waiting!
64 Aile
67 Berthe
61 Corrina
58 Debee
57 Edith
65 Marley
64 Merlina
56 Sigrid
62 Victoria
Waiting!
23 Bobinette
21 Celesta
24 Colene
11 Felicdad
14 Lilllie
4 Maddie
19 Rhiamon
18 Ulla
Waiting!
2 Carine
Waiting!
30 Dareen
32 Shaylynn
30 Theresa
