Started!
45 Anetta
38 Bella
46 Cathee
50 Clarie
52 Deirdre
51 Dorolice
44 Emili
36 Evvie
38 Freda
50 Fredia
35 Gwendolyn
35 Laurel
53 Lela
55 Marlie
52 Modestia
39 Nicol
43 Rozanne
44 Stephi
43 Tessa
37 Windy
Waiting!
6 Antonietta
10 Drusi
9 Goldina
8 Jacquie
9 Kally
7 Karil
3 Lilli
1 Lissi
11 Marinna
2 Philipa
4 Rosita
Waiting!
69 Addia
57 Bennie
59 Charlot
64 Courtnay
54 Gwynne
67 Jeralee
68 Kaycee
59 Laureen
69 Lauryn
68 Lillis
65 Lorrayne
66 Melany
60 Nancy
63 Robbie
64 Viviene
Waiting!
93 Berna
94 Cass
91 Clemmy
95 Danni
93 Dell
97 Edie
98 Elfie
96 Gwyn
95 Katy
95 Lise
85 Maegan
88 Malory
90 Micki
98 Natividad
85 Yoko
Started!
18 Aime
20 Annemarie
24 Barrie
13 Carissa
26 Charin
25 Chelsie
26 Cristi
25 Danit
12 Diane-Marie
16 Guglielma
23 Jaymee
22 Josephina
13 Kaja
23 Kori
26 Leland
16 Leoine
19 Lynne
14 Pris
25 Rebe
18 Rhonda
Waiting!
30 Carilyn
30 Celina
27 Corinna
27 Dorey
34 Ellynn
34 Hedi
34 Koren
34 Micky
28 Misty
Waiting!
74 Aggy
82 Andeee
74 Ashlen
79 Brandea
84 Chiquita
72 Christyna
75 Crissy
80 Darsey
72 Ede
79 Eleanore
73 Ira
80 Kathi
78 Kylila
79 Lita
84 Mavra
Waiting!
18 Joice
21 Regan
20 Valentina
Waiting!
45 Katharina
