Started!
77 Billie
77 Casandra
68 Cecilla
63 Fae
72 Franni
74 Gwenny
69 Jami
82 Jsandye
69 Lilllie
Started!
58 Charil
69 Elbertina
67 Kameko
59 Leah
69 Lena
54 Lizabeth
53 Sharl
49 Shawna
59 Winny
Started!
34 Cassy
38 Donica
21 Doti
39 Faun
38 Katherina
21 Kizzee
24 Maggie
22 Rosy
30 Vivianna
Started!
47 Dael
46 Goldi
43 Jerrilee
41 Johnna
37 Karol
47 Larine
48 Nannie
42 Rowena
50 Sacha
Started!
12 Annetta
11 Aprilette
10 Constancia
7 Danny
10 Demeter
6 Kali
7 Selma
5 Sibella
11 Sybilla
Started!
87 Ardra
96 Cele
96 Fannie
100 Gusella
90 Licha
97 Mignonne
92 Raven
86 Vanna
87 Wileen
Started!
78 Cecile
85 Celesta
77 Clarissa
93 Drucy
85 Elaine
90 Gerianna
90 Jazmin
76 Juana
95 Vere
Started!
17 Ammamaria
12 Cynthie
12 Dre
27 Josie
21 Lily
15 Lorilee
8 Lorilyn
17 Maggy
16 Trina
Started!
35 Aindrea
35 Corny
30 Costanza
23 Cristen
33 Ingrid
30 Jenica
40 Minne
29 Nari
27 Noelle
Waiting!
50 Caitrin
52 Cordelie
49 Erinn
46 Jeanna
55 Jeralee
58 Lettie
46 Ofelia
Waiting!
4 Allison
3 Bunnie
2 Gill
3 Jodie
10 Peria
9 Willetta
Waiting!
67 Ardenia
77 Jacklin
71 Laural
65 Linda
72 Lindy
73 Phylis
68 Stephenie
81 Wilhelmina
Waiting!
91 Beret
88 Bertha
99 Dorisa
98 Fredelia
98 Louella
94 Margaretta
92 Nada
99 Wrennie
Waiting!
14 Darelle
22 Luisa
Waiting!
26 Coreen
