Started!
83 Birgitta
64 Dionne
82 Dulcine
73 Gabbie
81 Jenica
73 Kiele
79 Leelah
75 Mirabella
77 Pavia
74 Roxine
68 Sean
Started!
17 Alina
10 Amelie
23 Candace
8 Ettie
17 Goldia
20 Jacquette
16 Kelley
14 Lelah
27 Linnell
9 Neely
19 Tonye
Started!
94 Adi
92 Alena
96 Bonny
96 Catherina
96 Dalia
97 Georgia
91 Jackie
86 Jerrine
98 Mitzi
86 Nancy
91 Tillie
Started!
37 Alfi
43 Aprilette
34 Beulah
42 Bianca
41 Danika
34 Fanchette
43 Kass
39 Leia
42 Nalani
35 Rhiamon
37 Shelli
Started!
5 Becky
13 Cate
4 Hermia
3 Joann
2 Kassey
9 Korie
7 Madeline
11 Olympe
12 Papagena
10 Torie
4 Wilmette
Started!
32 Arly
21 Bell
34 Deva
29 Emyle
31 Eunice
30 Hallie
34 Judy
24 Kyla
39 Margaretta
29 Miran
27 Viviene
Started!
65 April
65 Babb
62 Donnie
65 Drusi
63 Gabi
64 Kevina
67 Louise
69 Mercy
71 Meredithe
62 Mia
63 Rona
Started!
91 Arielle
89 Cosette
85 Elladine
80 Freda
85 Hyacintha
79 Kaycee
94 Kriste
84 Maddie
76 Nissie
91 Tiff
92 Wandis
Started!
97 Alidia
98 Devon
92 Dion
92 Eden
100 Ellie
98 Evangelina
97 Ilse
95 Marlo
89 Natasha
89 Noella
99 Tanya
Started!
19 Aundrea
17 Daniella
20 Devi
12 Dody
25 Jenilee
17 Kaleena
22 Maible
17 Melisande
26 Sarita
20 Sissie
18 Vikky
Started!
40 Anabella
36 Cristal
38 Delora
41 Gwyneth
48 Marjory
40 Olivie
43 Sarette
50 Tallie
35 Tatiania
38 Viviana
51 Wanids
Started!
79 Ailyn
73 Arliene
64 Bobbye
71 Courtney
83 Etheline
78 Felipa
73 Fleur
79 Lura
66 Millisent
75 Noami
64 Vannie
Started!
90 Alvera
85 Berna
84 Corine
93 Corinna
85 Correy
81 Essy
89 Filippa
82 Gertrude
77 Kalina
84 Natalya
82 Norene
Started!
59 Alexi
54 Constancy
49 Cyndie
59 Darcy
60 Delphine
59 Florance
64 Karalee
46 Kattie
44 Lucilia
64 Miranda
64 Rosalinda
Started!
72 Adelaide
68 Cherey
65 Deni
63 Fey
70 Joeann
67 Juli
69 Lanae
69 Oriana
73 Peggie
68 Vivyanne
67 Waly
Started!
10 Allie
10 Brunhilda
6 Donica
1 Gabbey
5 Idalia
12 Maxine
8 Mehetabel
13 Nari
10 Novelia
1 Paulette
4 Tarrah
Started!
39 Adara
42 Ardeen
33 Becca
31 Channa
48 Jaine
48 Juieta
43 Kerri
48 Michell
35 Mignonne
42 Roshelle
40 Vanny
Waiting!
26 Ailee
25 Alvinia
18 Antoinette
23 Carmela
27 Charyl
25 Dynah
20 Esther
18 Gertrud
24 Liva
Waiting!
45 Alyson
61 Beryl
62 Bobine
62 Dorthea
52 Halley
54 Sigrid
42 Wilhelmina
56 Zelda
Waiting!
67 Betsy
69 Ilyssa
63 Mariam
70 Myrah
68 Ninnetta
74 Philippine
69 Selestina
Waiting!
97 Bari
95 Daffi
98 Enid
Waiting!
34 Alys
32 Jaquenette
29 Kalie
30 Ketti
38 Kirby
30 Velma
Waiting!
83 Elie
Waiting!
6 Diana
3 Happy
