Waiting!
93 Anallise
82 Annalise
93 Bell
92 Blondie
93 Bonny
79 Crissie
74 Didi
88 Edee
73 Joanne
88 Karil
91 Manda
83 Maurita
79 Stephi
73 Valida
Waiting!
66 Addy
71 Alina
68 Carrie
56 Claribel
62 Clarita
64 Dorolice
63 Fernande
58 Jackie
55 Johannah
54 Karena
54 Lola
71 Marcile
69 Meredithe
54 Tedra
Waiting!
99 Cordelie
97 Glenn
97 Jannelle
98 Louisette
99 Perrine
100 Randi
99 Rhona
Waiting!
10 Brit
8 Emmalynne
9 Gerty
11 Hyacintha
10 Ilse
5 Melodie
1 Sabrina
Waiting!
25 Cassandry
25 Daisi
21 Debera
19 Jen
23 Pen
Waiting!
35 Calypso
47 Doe
45 Dori
44 Faydra
49 Flori
34 Joscelin
48 Lusa
47 Marylou
48 Mitzi
36 Olga
42 Renate
47 Rici
49 Robbi
Waiting!
31 Daryn
33 Electra
31 Janot
32 Madelin
32 Marin
