Started!
61 Analise
64 Calypso
65 Caresa
59 Cecelia
59 Concordia
70 Corilla
60 Corri
70 Dana
63 Debbie
69 Diena
62 Elise
73 Elmira
79 Elvina
67 Etheline
69 Lebbie
72 Lelia
61 Letisha
61 Lexine
68 Madelon
61 Margot
70 Philomena
77 Quinn
79 Renee
66 Rosalie
77 Rosetta
61 Shea
60 Sophie
66 Verna
Started!
19 Ali
26 Aubrie
31 Babs
21 Becky
13 Bell
31 Cami
25 Candide
32 Carmel
16 Clarice
31 Cynde
23 Dyan
17 Ebonee
31 Edita
18 Elisabeth
19 Faydra
27 Ginny
17 Giralda
26 Gratia
28 Jamie
21 Jeralee
16 Karina
21 Lory
27 Louisette
23 Lynnett
21 Mercedes
27 Pepita
24 Prudence
29 Timi
Started!
39 Abigael
40 Amy
34 Anthia
46 Brita
41 Candace
40 Carrie
42 Catrina
31 Cheryl
39 Christie
36 Ddene
34 Diana
38 Dianna
35 Dode
36 Ebony
41 Elna
38 Garnet
30 Helena
35 Horatia
35 Jacquetta
29 Janina
42 Jolie
40 Kathleen
41 Kristina
48 Marieann
30 Norrie
42 Randi
40 Stephi
34 Valida
Started!
94 Agnola
96 Annecorinne
95 Aveline
85 Cate
94 Constantina
95 Consuela
81 Corrina
83 Domini
81 Dorolice
81 Elisha
91 Elka
92 Essie
95 Harlie
95 Inge
100 Kary
100 Klarrisa
87 Leyla
88 Maggy
95 Marisa
83 Marla
89 Marline
89 Mechelle
92 Melva
80 Michal
94 Miguelita
99 Remy
90 Rhodia
90 Timothea
Started!
1 Adel
1 Alvina
1 Bab
9 Brandie
7 Brenn
7 Dacie
9 Doralynn
10 Drucill
7 Elora
4 Friederike
9 Genvieve
8 Ginelle
10 Herminia
7 Jada
2 Julie
5 Kassandra
3 Kellina
1 Kimmi
5 Mae
8 Mara
9 Mignon
5 Milena
8 Mina
6 Olga
1 Phillis
10 Rosella
2 Sallee
8 Wylma
Started!
53 Anallise
57 Ashely
62 Ashly
62 Babb
54 Cherida
53 Constantine
60 Courtenay
62 Daffi
55 Eleni
52 Elwira
52 Fidela
51 Glory
56 Hana
58 Hettie
52 Hildegaard
54 Jandy
55 Jeannine
58 Joanna
52 Karilynn
58 Korie
57 Meade
61 Nelli
52 Rena
51 Rhetta
52 Rhodie
50 Serena
50 Xylina
58 Zorah
Waiting!
17 Andree
21 Annamaria
13 Beatrisa
16 Christi
13 Colline
15 Dari
12 Desiree
18 Dionne
19 Elsey
18 Imelda
12 Karisa
12 Linell
19 Margareta
16 Margery
11 Myrtie
19 Nanon
19 Quintilla
12 Rasia
16 Rhianon
21 Shelba
18 Susanetta
21 Truda
Started!
88 Abby
89 Alexia
90 Amil
89 Anderea
87 Caryn
94 Cristabel
85 Devin
86 Dinnie
85 Fey
83 Gwendolin
79 Jaquelin
91 Lark
82 Marcella
83 Marie-Ann
80 Mellisa
87 Queenie
78 Rachelle
96 Raina
93 Rakel
81 Rhea
96 Rivkah
96 Sharon
91 Sofie
84 Stefanie
88 Susette
94 Suzann
91 Torey
85 Xaviera
Waiting!
28 Alaine
28 Avis
25 Corly
27 Corrinne
38 Dorolisa
37 Heidi
24 Hyacinth
25 Jasmina
26 Joeann
24 Jonis
24 Julissa
36 Malynda
27 Maxy
28 Morgana
34 Peta
38 Roselin
23 Shawn
25 Stephenie
26 Trina
Waiting!
99 Dorene
100 Margaretha
99 Trixie
Waiting!
71 Fayth
77 Judy
76 Minnaminnie
70 Neely
70 Quentin
70 Selestina
Waiting!
39 Faunie
40 Germana
40 Kimberli
42 Liuka
44 Melinde
Waiting!
59 Danette
65 Erin
66 Esther
63 Jenn
65 Teodora
