Started!
65 Adela
58 Anitra
67 Bernelle
57 Cara
72 Christan
71 Cornelia
67 Corrine
68 Darcey
60 Dari
65 Dniren
71 Ediva
57 Honoria
61 Hyacinthie
73 Ingrid
69 Jeanelle
57 Jilly
72 Kara-Lynn
63 Laney
58 Laurette
59 Marigold
75 Matelda
55 Merola
67 Morgen
68 Papagena
61 Rubie
63 Ruthi
70 Sheree
75 Tamar
74 Wandis
Started!
32 Abagael
36 Adey
26 Bobbi
45 Cathie
29 Charil
43 Chlo
33 Cindelyn
30 Cristabel
43 Deny
38 Dorita
35 Eddi
41 Hortense
27 Jaine
39 Jody
43 Jolene
39 Joyan
32 Lettie
38 Malinda
35 Marthe
38 Maryanne
27 Mersey
34 Myrtle
26 Patrica
45 Ralina
31 Steffane
30 Thelma
41 Tina
33 Ursula
30 Yalonda
Waiting!
49 Aila
47 Alex
57 Annnora
47 Bernardine
52 Deanne
54 Elene
39 Elysia
47 Emelina
41 Emlynne
50 Fiorenze
51 Francine
49 Harriett
46 Ibby
49 Issie
37 Jillene
42 Jonis
49 Justina
49 Kelci
55 Kyle
49 Latashia
50 Leese
47 Lynde
52 Marchelle
45 Marys
46 Paulette
54 Rozalin
50 Teresita
54 Tobi
Waiting!
13 Ashien
12 Bidget
13 Cesya
14 Cinderella
15 Constancia
6 Corrie
2 Deb
14 Flossy
3 Gleda
3 Jaime
11 Jeanette
10 Jeni
2 Jo
6 Julee
9 Jyoti
1 Keeley
8 Kelcy
7 Kesley
3 Luelle
7 Myrtice
9 Natalya
14 Ronalda
11 Rosetta
Started!
20 Adriena
21 Aundrea
23 Candie
23 Chanda
24 Christabella
19 Debbie
17 Deborah
18 Delcine
18 Desiri
21 Dode
18 Emmalyn
20 Farica
18 Gabriella
19 Genny
21 Harrietta
17 Joellen
18 Kai
19 Liana
22 Lolly
17 Marcelle
18 Marcellina
20 Merl
20 Minda
18 Nancey
26 Peggie
20 Reyna
20 Rici
17 Rorie
18 Staci
Started!
81 Ailis
78 Alia
85 Aloisia
86 Ardine
76 Bea
82 Cathlene
76 Cati
79 Daveen
78 Elnore
83 Emylee
83 Glynnis
78 Guenevere
90 Janessa
87 Joya
82 Katya
95 Layla
82 Leilah
84 Lita
92 Loretta
96 Marijo
84 Marissa
76 May
87 Milly
86 Nelli
86 Pauly
81 Phylys
90 Roseanna
77 Ryann
88 Sharity
Waiting!
95 Ariella
96 Cathe
95 Cleo
97 Dominga
98 Drusie
99 Flory
97 Lavena
100 Rhonda
Waiting!
66 Adrianna
70 Ailsun
66 Amabel
68 Betsey
62 Coretta
75 Cris
60 Elinor
71 Evania
62 Jeane
66 Kaitlyn
73 Kamila
67 Lorelei
75 Max
63 Micky
78 Retha
78 Therine
80 Tim
62 Ulrikaumeko
64 Viki
Waiting!
25 Bette-Ann
32 Corabel
31 Irma
29 Katerina
30 Kip
21 Liesa
33 Lindy
35 Madlen
35 Merilyn
33 Nicholle
23 Ronnie
33 Theresina
32 Valentine
Waiting!
83 Alma
81 Nevsa
82 Stefanie
Waiting!
59 Frayda
59 Philipa
Waiting!
17 Filia
