Started!
29 Adela
37 Darelle
30 Gianna
31 Laurie
23 Phylys
42 Rikki
33 Sabrina
25 Sybilla
28 Zelda
Started!
69 Angelika
71 Charin
72 Coriss
62 Darb
61 Elnora
53 Glynis
56 Karalynn
53 Raychel
66 Tamera
Started!
9 Alla
19 Cathrin
8 Debora
19 Gertrudis
19 Katine
26 Kora
21 Krysta
16 Shirlee
9 Suzy
Started!
79 Althea
77 Ardys
81 Bethanne
75 Dora
71 Fredericka
78 Kelci
82 Margarete
65 Riki
70 Tiphani
Started!
88 Brandice
95 Elfie
86 Janeen
88 Junette
92 Karrie
86 La
90 Maxine
86 Millisent
91 Remy
Started!
3 Adria
8 Jacinda
3 Kesley
4 Marjorie
6 Max
7 Priscella
12 Roana
3 Sharline
7 Tamma
Started!
98 Charo
95 Chris
98 Demetria
100 Dena
98 Emmie
99 Francoise
92 Gill
92 Reine
95 Willamina
Started!
50 Christan
57 Elisa
60 Emily
63 Helli
64 Johna
55 Ranee
53 Thia
62 Valida
56 Vivie
Started!
43 Annadiane
40 Gail
52 Gwendolyn
47 Joby
57 Lian
59 Lynnett
40 Marielle
49 Mellie
54 Tedra
Started!
28 Aubrette
36 Charmain
38 Juanita
38 Lilith
30 Morena
30 Nedi
36 Pam
28 Pearle
33 Talia
Started!
18 Eleni
26 Elnore
17 Gianina
23 Hollie
25 Joane
16 Lindi
24 Megan
24 Merilee
26 Whitney
Started!
65 Ariela
68 Avrit
76 Bernette
79 Camellia
71 Evangeline
85 Evita
69 Jordain
75 Josee
68 Tracey
Started!
63 Anette
56 Beryle
60 Dorine
69 Joana
59 Joyan
61 Kass
54 Pier
54 Rozelle
64 Teodora
Waiting!
79 Alyse
85 Dixie
77 Flossy
82 Frances
94 Katinka
95 Meris
Waiting!
11 Carlin
13 Frayda
6 Jenilee
Waiting!
98 Cindee
Waiting!
29 Adara
39 Donetta
31 Kittie
38 Rosalinde
47 Tallulah
Waiting!
26 Jobie
