Started!
87 Adara
73 Angela
81 Aretha
74 Barbi
73 Belinda
74 Carmelina
72 Cassey
74 Christina
72 Diannne
79 Dru
76 Emmye
68 Fawnia
79 Felicity
74 Fredia
69 Georgeanna
68 Ingeberg
83 Jacintha
77 Mandie
80 Mariam
78 Mariellen
71 Michell
69 Norene
72 Olga
75 Orly
82 Pansy
73 Saundra
84 Shirley
77 Waly
Waiting!
19 Bibi
25 Charita
33 Cheslie
28 Desiree
22 Dido
20 Fern
22 Irene
17 Janice
21 Koo
18 Lisbeth
24 Lurline
34 Lynne
18 Maris
24 Neysa
23 Phaidra
22 Ruperta
20 Silvana
28 Teresita
23 Therese
34 Trixy
30 Valene
19 Valentine
Started!
36 Alleen
53 Annetta
45 Arabele
47 Augusta
42 Blancha
39 Blondelle
41 Candra
42 Cristi
51 Erinna
47 Erminie
48 Felipa
40 Fran
49 Guillema
53 Janette
40 Lina
46 Lynnelle
44 Maddy
54 Maisie
54 Mureil
53 Pamelina
43 Patti
55 Rita
36 Roseanna
43 Sara-Ann
45 Shelley
49 Sonni
46 Sunshine
52 Winonah
Waiting!
95 Callie
92 Christa
91 Evangelia
95 Kat
97 Laura
91 Morena
89 Regine
89 Roch
99 Sandra
100 Teriann
Waiting!
10 Ashien
1 Bernice
7 Dael
9 Helen-Elizabeth
9 Isis
2 Jorie
10 Rina
9 Sheena
13 Sonnie
3 Valma
Waiting!
66 Barbey
63 Dania
63 Dionne
57 Eudora
65 Fae
67 Jacklin
60 Jobey
58 Merridie
72 Sarette
59 Theresa
63 Trina
Waiting!
50 Rose
49 Ruthi
