Started!
69 Eulalie
74 Kaylil
68 Klarrisa
75 Nanci
76 Rosetta
67 Viki
Started!
98 Amaleta
98 Clary
91 Issi
96 Jacquelynn
99 Prisca
97 Wendy
Started!
40 Aleen
42 Deny
41 Jaquenetta
39 Kimberly
49 Meryl
43 Shannon
Started!
84 Brittan
80 Carolynn
80 Constantia
84 Nikkie
88 Rosalynd
80 Vania
Started!
12 Adrian
4 Etheline
3 Kiersten
7 Natasha
3 Reeva
13 Thea
Started!
18 Clovis
37 Dacy
24 Danice
22 Elfreda
28 Leonore
26 Marthe
Started!
56 Giovanna
56 Hyacintha
64 Kathy
62 Ki
66 Pamelina
50 Sile
Started!
33 Brittney
36 Corrinne
31 Drucy
40 Madeleine
32 Magdalena
39 Nicolette
Started!
63 Appolonia
81 Ceil
72 Hildegaard
73 Jonie
74 Rebekah
69 Sileas
Started!
16 Astra
19 Elysha
12 Gerry
19 Gwenny
16 Kasey
9 Leese
Started!
59 Ashia
56 Brenn
50 Camellia
41 Letitia
49 Seka
56 Sibel
Started!
5 Ashely
9 Clari
14 Kate
5 Mirella
2 Theda
10 Trisha
Started!
95 Beckie
98 Gweneth
87 Lorraine
88 Marijo
97 Pippa
92 TEirtza
Started!
36 Ashley
36 Beitris
37 Carmine
45 Krystalle
44 Pauli
39 Philis
Started!
55 Aeriela
51 Brunhilde
56 Cherrita
65 Chiquita
61 Collie
57 Henryetta
Started!
20 Alicia
21 Caryn
16 Felicle
18 Feodora
19 Roana
21 Tove
Started!
96 Amalee
100 Dora
99 Easter
94 Florenza
92 Ginny
97 Sidonnie
Started!
75 Alvera
67 Ariel
80 Ezmeralda
66 Libbi
82 Merline
75 Olivette
Started!
57 Claudina
55 Dredi
64 Fanya
52 Jo
57 Mindy
50 Riki
Started!
32 Cyndy
29 Dorthy
29 Elsinore
37 Miquela
38 Sande
46 Trina
Started!
9 Breena
15 Florence
1 Jaquelin
10 Leela
6 Ondrea
6 Sher
Started!
72 Amalita
77 Bertie
77 Emera
74 Horatia
67 Jayme
68 Patrizia
Started!
96 Conchita
86 Gerda
87 Glen
86 Jaymee
87 Pris
84 Timmie
Started!
24 Janie
27 Kania
26 Marlo
28 Myrlene
25 Nessi
18 Netti
Started!
53 Catarina
52 Christin
56 Ianthe
49 Lonna
50 Mandi
54 Veda
Started!
2 Alfreda
4 Alleen
7 Laure
1 Mercy
15 Norean
8 Sibley
Started!
40 Faunie
40 Leona
33 Shandy
44 Timothea
41 Tiphany
43 Valentina
Started!
32 Agna
30 Aili
38 Constanta
29 Cristen
29 Lindie
24 Perri
Started!
92 Candi
98 Carmelina
100 Denni
88 Kelci
100 Marleen
88 Valerie
Started!
82 Callida
72 Edin
64 Missy
79 Nadean
73 Papagena
83 Raine
Waiting!
8 Cally
1 Marybelle
1 Nata
2 Othilia
6 Trula
Started!
86 Beryl
95 Dierdre
88 Evy
91 Karlen
84 Margret
90 Tova
Started!
52 Alikee
48 Audrie
35 Barbara-Anne
42 Darell
50 Florrie
40 Maggee
Started!
12 Amelita
12 Audrye
14 Gabriela
16 Griselda
13 Lida
17 Tamarah
Waiting!
64 Kordula
51 Phillis
54 Sallie
62 Ynez
Waiting!
34 Bevvy
39 Katrine
37 Tanitansy
Waiting!
25 Harrietta
25 Iseabal
Waiting!
97 Kristy
Waiting!
13 Glyn
