Waiting!
100 Alyson
99 Emelyne
96 Idalina
97 Joline
91 Lizzy
Waiting!
66 Alma
48 Arlee
68 Aryn
51 Dore
49 Joleen
62 Rosabella
65 Sibyl
60 Tandie
58 Tiertza
Waiting!
74 Ashly
81 Bride
82 Cindra
71 Drusi
72 Eleni
Waiting!
16 Brandy
11 Dagmar
25 Daryl
22 Dasha
26 Desirae
23 Juliana
21 Marguerite
17 Moselle
16 Rhodie
10 Roanne
21 Sara-Ann
15 Terrye
24 Yasmin
Waiting!
84 Darleen
89 Lettie
84 Linnet
Waiting!
3 Amelie
2 Lenora
5 Mella
3 Walliw
Waiting!
34 Anneliese
40 Arlen
32 Bonita
46 Desdemona
38 Fernandina
46 Katey
45 Leah
39 Leodora
36 Maryjane
35 Shirlee
38 Storm
30 Timmi
