Started!
80 Caria
76 Judi
66 Sunshine
74 Yasmin
Started!
29 Alexia
29 Jayne
19 Rhodie
36 Valaria
Started!
48 Corrianne
54 Haley
51 Jaclyn
44 Yolanthe
Started!
18 Crin
28 Nicola
15 Riva
11 Walliw
Started!
3 Anneliese
3 Janessa
2 Lorianna
12 Luella
Started!
91 Ardyth
92 Diann
88 Katheryn
88 Terrye
Started!
33 Enriqueta
35 Maxie
31 Moselle
42 Petrina
Started!
61 Amelie
61 Arabel
59 Joceline
59 Jorey
Started!
76 Adeline
79 Karalee
85 Leona
70 Lettie
Started!
78 Cindra
91 Clarice
85 Drucill
85 Kynthia
Started!
19 Cherrita
21 Karly
25 Lorne
15 Raquela
Started!
33 Corenda
26 Judye
30 Linnet
34 Orsola
Started!
62 Bianka
62 Maggi
64 Marsha
67 Mickie
Started!
52 Donella
41 Gwenore
45 Lucila
47 Marion
Started!
91 Erminie
96 Kippie
97 Morgan
86 Roxi
Started!
91 Arlyn
83 Ediva
84 Glenn
76 Shanna
Started!
10 Claribel
14 Eveleen
12 Irita
6 Marysa
Started!
59 Anabel
66 Brana
51 Debra
62 Mellisent
Started!
70 Carlotta
73 Franky
69 Minne
75 Nelli
Started!
94 Laurella
98 Liane
92 Penelopa
99 Tommie
Started!
49 Becki
41 Sharron
42 Stoddard
45 Valida
Started!
21 Channa
17 Felecia
23 Meridith
21 Moyna
Started!
61 Betteann
53 Bibbie
64 Marabel
64 Odette
Started!
25 Elizabeth
29 Kizzee
29 Marcelia
22 Vivienne
Started!
80 Gaynor
88 Lynde
83 Maudie
82 Octavia
Started!
1 Desiree
10 Katharina
2 Kikelia
10 Mahala
Started!
72 Catlee
81 Livvie
69 Reena
76 Willabella
Started!
47 Anabal
42 Cathlene
40 Deb
50 Kettie
Started!
44 Annis
52 Darla
58 Dorolice
58 Fannie
Started!
85 Ardith
90 Betty
83 Eulalie
95 Gae
Started!
26 Chrystel
38 Dyana
37 Jacynth
36 Rubina
Started!
70 Devinne
78 Fayre
78 Hettie
68 Sheba
Started!
6 Guenevere
6 Mariam
5 Rosamond
5 Terry
Started!
88 Idalina
87 Jamie
93 Kaile
92 Leontyne
Started!
59 Elinore
68 Maribelle
64 Nana
64 Zena
Started!
21 Heath
21 Rebecka
24 Torrie
14 Trixie
Started!
75 Bathsheba
75 Ellissa
76 Krystyna
85 Tessie
Started!
33 Almira
27 Ariana
36 Clovis
34 Romola
Started!
44 Brandy
57 Faythe
50 Jaquelin
50 Jessa
Started!
94 Janene
92 Prissie
95 Toni
90 Valerie
Started!
18 Alica
25 Carleen
25 Carly
20 Lilyan
Started!
14 Camilla
11 Darsey
6 Filippa
4 Lindie
Started!
79 Coretta
68 Helaine
80 Nolana
74 Stormie
Started!
92 Cristi
97 Philippa
96 Sherill
88 Tessa
Started!
24 Gayla
25 Lexine
20 Maurizia
24 Trina
Started!
53 Hilliary
56 Lila
62 Raeann
70 Stephani
Started!
9 Loria
4 Madelyn
3 Nyssa
19 Philis
Started!
79 Claudina
76 Helsa
79 Nonna
73 Teriann
Started!
93 Dorian
97 Fayth
86 Idalia
98 Joane
Started!
31 Bette
38 Evey
34 Gwenni
36 Jonell
Started!
42 Cristy
43 Denise
45 Juliette
54 Odetta
Started!
19 Corly
21 Felicle
29 Gabriell
26 Maggy
Started!
68 Andromache
59 Catherina
65 Cissy
56 Kali
Started!
78 Angil
76 Arlyne
81 Koo
81 Quinn
Started!
6 Bunny
6 Hanny
2 Jelene
5 Pansy
Started!
33 Marika
38 Marketa
36 Tootsie
33 Vicky
Started!
96 Caresse
90 Eveline
91 Glenda
99 Winni
Waiting!
68 Allina
64 Vanny
Started!
37 Ellie
44 Gennifer
35 Lianna
34 Monah
Started!
55 Jocelin
54 Joelly
51 Joya
47 Margarita
Waiting!
14 Gilda
17 Pepi
Waiting!
81 Karin
Waiting!
29 Delilah
25 Madel
Waiting!
1 Imogene
Waiting!
98 Darby
Waiting!
44 Tiphani
