Started!
25 Babita
30 Brittaney
28 Dorita
28 Garland
15 Glynis
18 Kynthia
29 Liesa
25 Louisette
24 Valentine
Started!
65 Appolonia
77 Bianka
70 Harri
68 Janis
81 Liuka
74 Michell
66 Raeann
64 Saundra
74 Stella
Started!
1 Dee
10 Dolli
10 Karly
7 Katheryn
4 Raquela
6 Ronnica
7 Rosemonde
9 Rozina
2 Yoshi
Started!
45 Albina
53 Arlana
48 Brittan
59 Elaina
60 Jorey
50 Milissent
61 Patsy
53 Sela
50 Susanna
Started!
40 Corenda
36 Eda
39 Eula
35 Gillan
50 Jaymee
37 Margaretta
40 Mirella
36 Nicki
39 Terrye
Started!
87 Chelsie
95 Jillie
85 Kandace
87 Lilli
89 Lorne
95 Lucinda
88 Nydia
82 Romola
79 Shirl
Started!
99 Clarice
90 Emelyne
99 Fania
99 Kissie
99 Lana
89 Laraine
100 Luella
97 Milly
91 Minda
Started!
21 Arden
34 Auroora
21 Brana
20 Brooke
29 Consolata
23 Katina
21 Konstance
32 Malissia
26 Renate
Started!
66 Biddie
81 Carlita
76 Cybill
71 Devina
74 Gertrudis
72 Jelene
76 Joelly
64 Rafaela
72 Verena
Started!
59 Channa
46 Desdemona
54 Giovanna
53 Kelli
53 Lesya
59 Reeta
47 Sabine
52 Sandi
59 Toma
Waiting!
18 Cinnamon
11 Elinor
15 Inger
16 Linea
10 Lou
9 Mandi
16 Marabel
Started!
7 Alameda
2 Daisey
6 Elana
6 Heida
3 Melony
1 Rebecka
4 Rona
4 Tammi
4 Winnie
Started!
68 Anabal
70 Cahra
60 Kacy
78 Madeleine
67 Quintina
71 Sam
68 Trudey
70 Wally
73 Zonda
Waiting!
79 Addi
73 Bibbie
85 Caryl
85 Gusella
83 Koo
80 Melantha
Started!
41 Dayle
33 Devinne
35 Dorolice
39 Gae
48 Jewelle
35 Kylen
40 Maude
33 Tandi
42 Tasha
Waiting!
37 Charil
33 Veronica
Waiting!
47 Blake
55 Loralyn
55 Sally
51 Vita
Waiting!
97 Delila
