Started!
73 Nevsa
74 Roxana
Started!
86 Colly
86 Debi
Started!
31 Cary
22 Juli
Started!
10 Doro
20 Gerti
Started!
45 Berna
37 Fallon
Started!
83 Barry
79 Gizela
Started!
49 Lynnelle
53 Verena
Started!
59 Augustine
65 Gertrudis
Started!
73 Hilde
73 Saundra
Started!
91 Marcile
91 Wylma
Started!
52 Belva
62 Valaree
Started!
16 Matilde
15 Nancee
Started!
71 Jorry
71 Lidia
Started!
92 Chrystel
99 Gillian
Started!
39 Rena
38 Van
Started!
53 Dannie
51 Ginevra
Started!
19 Dianna
27 Karry
Started!
85 Gabie
82 Ros
Started!
29 Henrietta
20 Valerie
Started!
4 Karie
8 Rebekah
Started!
15 Evelyn
13 Kirstin
Started!
39 Madel
47 Ronni
Started!
28 Jennifer
27 Rora
Started!
64 Caryn
60 Courtenay
Started!
79 Ardisj
69 Frannie
Started!
87 Merrill
94 Wileen
Started!
35 Elke
36 Franni
Started!
65 Helsa
73 Jeanelle
Started!
54 Katya
54 Linnet
Started!
88 Katinka
88 Mala
Started!
20 Josy
18 Nicolette
Started!
69 Deni
76 Elvera
Started!
64 Georgeanne
74 Herta
Started!
3 Bessy
4 Charleen
Started!
35 Aleta
29 Florance
Started!
35 Ania
33 Daisy
Started!
99 Nickie
89 Tiena
Started!
12 Lorain
8 Maxy
Started!
93 Charyl
89 Valida
Started!
6 Myrtie
2 Peg
Started!
59 Alli
58 Ammamaria
Started!
25 Aloise
16 Nicoli
Started!
99 Danni
91 Stacia
Started!
46 Maryanna
56 Missy
Started!
78 Candace
73 Danielle
Started!
27 Emily
19 Kelly
Started!
87 Evey
91 Imojean
Started!
91 Clementia
89 Ebonee
Started!
1 Claudine
10 Corrine
Started!
32 Dagmar
33 Simonette
Started!
3 Brandie
7 Brigida
Started!
91 Susie
97 Terrye
Started!
20 Laurena
28 Ursa
Started!
59 Marja
54 Zena
Started!
71 Geraldine
70 Wynn
Started!
50 Brandy
40 Gwendolen
Started!
22 Dorrie
30 Jehanna
Started!
57 Leoline
54 Oralla
Started!
90 Berty
94 Fanni
Started!
33 Carmelina
28 Cassie
Started!
1 Danette
9 Zea
Started!
87 Brook
95 Gerri
Started!
44 Debor
49 Ivette
Started!
97 Bernette
94 Sara
Started!
44 Annamaria
46 Meredithe
Started!
80 Jobie
83 Kacey
Started!
54 Nedi
58 Shena
Started!
4 Devonne
3 Thomasina
Started!
53 Catina
58 Mame
Started!
17 Constancia
12 Melisenda
Started!
69 Gretchen
64 Trix
Started!
82 Consuela
89 Tatum
Started!
47 Justine
39 Larina
Started!
33 Adelle
27 Rozanna
Started!
84 Antonella
90 Sharlene
Started!
3 Elva
2 Lulita
Started!
95 Anetta
100 Latia
Started!
23 Christabella
26 Clotilda
Started!
93 Cristabel
100 Rasla
Started!
2 Joby
12 Kissiah
Started!
31 Kaye
23 Yelena
Started!
76 Luelle
67 Tori
Started!
96 Calley
90 Ellie
Started!
60 Peggy
59 Tessy
Started!
48 Ivett
47 Kim
Started!
85 Lynette
81 Nonah
Started!
85 Elyse
84 Gilly
Started!
43 Ileane
38 Leola
Started!
63 Albertine
67 Carolin
Started!
25 Danny
20 Sherri
Started!
80 Chere
72 Jackqueline
Started!
55 Isabelita
52 Tiffani
Started!
8 Michelina
13 Toni
Started!
90 Florie
93 Modestine
Started!
53 Allison
59 Susanna
Started!
1 Ashlie
4 Deedee
Started!
45 Bette
38 Nada
Started!
66 Deloria
66 Elyssa
Started!
46 Joela
38 Lissie
Started!
71 Cissy
81 Minne
Started!
16 Romona
19 Thomasine
Started!
35 Beilul
45 Philippine
Started!
1 Dotti
3 Tedra
Started!
47 Linn
47 Michaella
Started!
43 Adelind
36 Lorie
Started!
83 Correna
75 Jammie
Started!
6 Charmian
3 Jeannine
Started!
69 Dory
75 Sioux
Started!
78 Amye
77 Jocelin
Started!
8 Carley
13 Margi
Waiting!
38 Luce
Started!
4 Andi
11 Eugine
Started!
90 Delphinia
98 Faith
Waiting!
9 Suzy
