Started!
9 Annelise
12 Arlana
2 Blanca
10 Caroljean
13 Dinny
17 Dora
5 Edeline
14 Elset
3 Glenine
16 Joly
11 Maybelle
4 Niki
17 Phelia
12 Stafani
Started!
23 Aileen
21 Arielle
20 Becca
23 Carolee
22 Casey
27 Celestyna
23 Ede
25 Fredericka
21 Kaleena
30 Marketa
31 Martynne
15 Maura
25 Risa
18 Willy
Started!
48 Ailee
44 Anna-Diane
38 Audry
51 Bess
44 Carlin
44 Cornelle
51 Deva
47 Eloisa
43 Gale
44 Gusta
42 Kalinda
37 Mariam
47 Mercedes
53 Savina
Started!
59 Annie
59 Bibbye
63 Charmion
55 Coralyn
60 Franni
69 Hannie
67 Jeanie
67 Karlotte
62 Lacee
64 Lanita
65 Lark
72 Maria
62 Milissent
57 Toinette
Started!
89 Afton
81 Ag
83 Astra
89 Brittani
87 Caritta
88 Jocelyne
84 Kelsey
86 Leontine
81 Mollie
84 Sheila
79 Shirl
81 Stormi
87 Tanhya
83 Zsa
Started!
96 Biddie
94 Carla
94 Carmen
97 Cordey
88 Dita
90 Ingaborg
94 Josy
92 Kassie
93 Lucilia
95 Madelina
99 Mahalia
93 Mellisent
100 Ruby
85 Tessi
Started!
43 Aloise
46 Amelia
46 Aridatha
40 Cassandra
43 Cindee
35 Danella
39 Erika
52 Floria
48 Giorgia
45 Haleigh
34 Jacinthe
48 Kacey
40 Marina
41 TEirtza
Started!
3 Bria
15 Bride
3 Cammy
2 Charil
4 Edita
12 Enrika
5 Florri
7 Gusty
8 Hannis
10 Jodie
4 Mandi
8 Nickie
12 Sascha
1 Thomasine
Started!
69 Ardyce
64 Ariella
55 Ashley
64 Bobbie
74 Briney
65 Brinna
63 Dedra
62 Dulci
73 Emelia
64 Gavra
64 Jeanette
65 Jermaine
57 Jessy
74 Kiri
Started!
30 Carolynn
13 Cathi
13 Dory
25 Faith
26 Freda
29 Germain
17 Gus
25 Kathleen
23 Lelia
32 Liesa
17 Nelia
30 Ralina
27 Raye
18 Truda
Started!
49 Adey
41 Anabella
48 Dasie
53 Filide
44 Gabbie
57 Hayley
53 Janeczka
50 Joletta
51 Leticia
55 Melli
53 Rosetta
43 Saundra
57 Sela
59 Silvia
Started!
77 Blondie
80 Brita
78 Dee
87 Erinn
85 Jaymee
95 Jessa
88 Kalli
95 Karilynn
91 Leesa
94 Lurlene
88 Lynna
86 Ollie
89 Philippe
85 Willie
Started!
94 Amalie
96 Brigida
96 Doti
92 Ethel
90 Fredi
100 Gay
99 Ibby
91 Melody
91 Noell
98 Phyllida
90 Ruthy
99 Shoshana
96 Tallie
93 Yevette
Started!
6 Ardath
9 Bernete
6 Cherry
11 Cynde
4 Darci
4 Deena
8 Desiree
1 Kristina
10 Lorne
1 Margareta
8 Michal
6 Reine
2 Rubie
6 Willetta
Started!
61 Astrid
71 Deanna
70 Deny
70 Doralynne
65 Eula
69 Florencia
75 Hollie
68 Kesley
67 Kitty
68 Linnie
74 Marjie
65 Maryl
70 Nisse
68 Shae
Started!
31 Bianca
36 Britni
34 Charlean
39 Christie
36 Cori
37 Dayna
36 Eveleen
42 Jojo
30 Margaret
29 Nerita
35 Rosanna
36 Sena
34 Sherrie
26 Terra
Started!
84 Annadiana
89 Ardine
86 Arleta
81 Cinnamon
84 Fred
82 Jena
73 Kristine
86 Maye
79 Meghan
72 Michaelina
88 Millicent
84 Rosmunda
87 Trudy
82 Vanni
Started!
58 Amitie
45 Cathrin
62 Dulcy
61 Elisa
51 Gertrudis
52 Gwenneth
65 Helaine
55 Jere
45 Joyce
45 Margaretta
51 Orelee
45 Ronna
48 Sarita
51 Sidonia
Waiting!
16 Alfreda
34 Bridie
18 Cathy
34 Cecile
33 Dena
24 Hyacinthe
18 Jewel
16 Koralle
31 Lynea
16 Venita
21 Wynny
Waiting!
64 Carena
72 Glad
57 Leilah
66 Vin
56 Zaneta
Waiting!
43 Anjela
36 Christye
48 Crysta
36 Gloriane
44 Jerry
38 Kikelia
39 Laurel
49 Lucia
Waiting!
3 Avivah
11 Charmian
12 Dorrie
Waiting!
97 Brigid
98 Darda
92 Edy
97 Gaynor
93 Mona
92 Zelma
Waiting!
77 Marci
Waiting!
54 Angele
