Started!
77 Ara
79 Bendite
82 Caritta
73 Emmi
78 Floria
74 Gusta
73 Haleigh
66 Leontine
66 Merridie
72 Sherline
Started!
10 Amargo
2 Aurea
7 Cynthia
15 Davine
9 Dinny
2 Jeanie
16 Joly
15 Kasey
12 Prisca
7 Viviene
Started!
65 Blakelee
46 Cynthea
62 Darrelle
56 Deny
55 Euphemia
63 Gussi
58 Gwyn
58 Jacki
49 Josefina
66 Mada
Started!
92 Chelsae
93 Dot
84 Gwenette
75 Katrine
89 Krissie
77 Lindie
82 Maddalena
75 Sena
78 Vilhelmina
74 Willy
Started!
42 Ardene
39 Billy
28 Bree
44 Carissa
35 Danni
44 Dotti
35 Maybelle
35 Mollie
40 Ninetta
28 Ruby
Waiting!
99 Carla
98 Carolan
95 Florance
95 Gayla
95 Masha
Waiting!
19 Ami
24 Joeann
27 Lilith
34 Mariam
23 Maryann
22 Minetta
16 Orella
Waiting!
8 Nonnah
1 Stesha
Waiting!
46 Ammamaria
36 Blinnie
35 Florri
45 Ilyssa
47 Kariotta
54 Marci
37 Nicki
44 Paige
Waiting!
64 Anna-Diane
71 Danika
79 Darlene
Waiting!
82 Antoinette
