Started!
60 Adah
42 Ardelia
51 Berthe
44 Catarina
55 Daveen
52 Em
56 Fara
51 Ginny
55 Ileane
54 Junina
57 Kissie
55 Leona
61 Leone
48 Robyn
48 Rubia
55 Shawn
51 Shina
58 Suzanna
53 Veronique
Started!
80 Adelice
86 Annice
72 Aura
84 Cara
71 Danit
89 Doralynn
76 Dorise
90 Frankie
86 Jerrine
82 Leoline
87 Lorette
79 Meaghan
86 Melanie
79 Naomi
78 Nelly
75 Octavia
76 Quintilla
74 Tootsie
76 Verina
Started!
64 Alicea
63 Bill
61 Billie
66 Caroljean
68 Celestina
64 Eydie
59 Ezmeralda
61 Hetti
64 Jemima
63 Jerrilyn
70 Jillana
68 Lidia
72 Madalyn
60 Maren
67 Noelyn
73 Orel
64 Suzi
77 Ursola
69 Wendy
Started!
23 Amalee
6 Ariela
10 Corette
7 Daile
18 Daphna
8 Deerdre
6 Dorie
14 Edyth
11 Emelda
26 Flossy
6 Lanna
14 Leonie
17 Marin
22 Marjory
9 Merola
22 Mia
15 Norry
15 Sioux
16 Tansy
Started!
29 Brett
29 Corrinne
37 Demetris
43 Evita
47 Fancy
31 Gabriell
36 Guenna
44 Ilyssa
31 Joana
42 Linet
38 Linnell
44 Misty
30 Othelia
42 Perry
39 Quintina
34 Rikki
40 Rubie
39 Trish
49 Tybi
Started!
3 Alli
1 Arlie
5 Barbara
3 Barbie
6 Cassandra
5 Chere
3 Cherie
5 Dedra
6 Ermentrude
10 Franciska
5 Lizabeth
5 Maia
2 Marys
3 Mignonne
1 Morena
10 Rosie
10 Stormy
4 Susana
7 Susie
Waiting!
21 Adella
34 Camile
28 Carmen
23 Charmine
28 Clarine
33 Daniella
28 Elyssa
34 Engracia
27 Felicle
22 Morganica
18 Myrta
20 Paule
20 Sadie
27 Steffi
Waiting!
98 Ardenia
90 Beatrisa
96 Beatriz
96 Blakelee
95 Cacilia
93 Dyna
98 Erminie
89 Merrielle
95 Tish
99 Trenna
99 Xena
94 Yelena
Waiting!
56 Briny
54 Carena
56 Celle
54 Clarey
54 Druci
59 Edeline
57 Fayth
59 Karol
47 Marj
51 Papagena
55 Pippy
Waiting!
76 Alexia
82 Angelika
81 Cathrine
87 Clemmie
86 Ema
88 Fidela
70 Genvieve
86 Loria
86 Lorianne
79 Melody
82 Meridel
84 Nettle
80 Ophelia
Waiting!
14 Rebecka
16 Tawsha
Waiting!
40 Nettie
40 Toinette
