Started!
8 Alleen
1 Beilul
3 Charlene
11 Deeanne
5 Emelina
5 Iormina
1 Irena
9 Jolynn
9 Julee
10 Lela
11 Lorilyn
10 Lotty
1 Lynna
1 Millicent
5 Odille
5 Sheryl
10 Stella
11 Tandie
4 Tessa
10 Torie
8 Vilhelmina
Started!
21 Aidan
28 Alvina
32 Alysa
22 Ashlie
26 Carlynne
22 Celine
32 Debbi
29 Doralia
17 Gray
27 Lilyan
29 Louisette
17 Maddy
29 Marielle
36 Maryjane
29 Nert
35 Pepi
25 Sella
34 Shirleen
29 Veronica
20 Yvette
34 Zena
Started!
66 Ammamaria
57 Angy
62 Anthia
53 Ardys
59 Becky
56 Cheryl
61 Darrelle
68 Esmaria
54 Gates
57 Hortense
56 Jocelin
56 Joela
59 Kendra
57 Lane
66 Leena
63 Loella
52 Lois
56 Loren
52 Natty
62 Sydney
59 Vivi
Started!
84 Analiese
90 Beverley
89 Calla
85 Cinderella
93 Eolande
84 Fred
78 Goldi
95 Klarrisa
83 Latrena
92 Leelah
75 Licha
87 Ludovika
85 Marin
75 Marne
94 Marsha
82 Marta
94 Roseanne
93 Rozina
85 Steffie
90 Valenka
80 Valerye
Started!
14 Alexia
14 Alida
13 Amie
14 Ardine
12 Ashlen
17 Caty
17 Cecily
15 Corette
22 Dosi
12 Elsa
11 Fanya
15 Farra
23 Heather
20 Ingrid
16 Jaquenette
5 Karlotta
12 Kirbie
24 Mair
19 Malena
18 Marris
13 Shawnee
Started!
99 Agneta
96 Ardelia
91 Brigid
89 Cariotta
94 Catharine
88 Colline
91 Deanne
88 Emmalynn
94 Gerty
98 Gui
88 Kelsy
94 Margarethe
98 Minda
97 Myrle
88 Nanny
89 Nikolia
88 Reiko
98 Roana
88 Shandeigh
97 Tiphany
98 Trescha
Started!
44 Appolonia
41 Bethany
40 Daile
40 Danella
46 Deloria
40 Diannne
41 Dulcie
48 Dyna
45 Georgie
34 Grissel
48 Jacki
52 Korie
53 Kristien
44 Micaela
54 Nolana
42 Rene
38 Rosamond
51 Rosene
42 Roxi
40 Shir
46 Trudey
Started!
72 Adah
65 Adelice
75 Ashely
75 Betta
71 Blanca
81 Celestyna
66 Chad
73 Devonne
73 Enrichetta
66 Fan
66 Karin
73 Kayla
69 Kristal
62 Matilda
64 Melva
76 Michaella
72 Missy
75 Odessa
71 Remy
76 Sascha
65 Toni
Waiting!
82 Annnora
94 Averyl
87 Cesya
96 Drucie
83 Grayce
90 Jerry
87 Joey
85 Johannah
91 Lila
91 Mabelle
87 Marcelia
90 Marysa
96 Nadya
90 Olwen
77 Romonda
83 Saundra
91 Terrie
83 Waly
Started!
50 Alidia
61 Alyss
59 Andriana
57 Antonina
67 Brynna
55 Cassandre
52 Consolata
55 Denise
60 Ermentrude
58 Ginger
59 Henrietta
55 Jilli
51 Joyce
48 Katy
65 Lauraine
59 Malory
56 Nicola
58 Orsola
48 Sheela
50 Sisile
60 Yelena
Waiting!
34 Bonny
35 Chere
33 Clarice
41 Danyette
35 Ileana
32 Jsandye
28 Kimberli
31 Laurene
29 Margery
37 Mona
29 Oriana
28 Pauline
22 Peria
30 Tabbatha
28 Valeria
Waiting!
49 Annalise
43 Elena
47 Johnette
44 Marice
48 Marla
48 Stephie
Waiting!
98 Arleyne
99 Audra
98 Gilda
100 Josepha
98 Nadean
Waiting!
13 Adel
13 Chrystel
3 Frieda
Waiting!
64 Benoite
67 Catrina
73 Devondra
74 Janka
Waiting!
60 Dollie
54 Kaitlynn
58 Mady
63 Nicole
