Started!
13 Gilda
22 Pammi
Started!
60 Leola
66 Zorana
Started!
22 Daveen
13 Lindsay
Started!
72 Ailis
78 Joletta
Started!
25 Bernie
33 Leena
Started!
95 Berta
91 Marsiella
Started!
49 Jayne
44 Zelma
Started!
7 Cornela
16 Marty
Started!
68 Madelyn
58 Vinita
Started!
73 Elle
77 Wenonah
Started!
72 Sonnnie
76 Tim
Started!
89 Ashly
89 Karol
Started!
16 Tabatha
13 Trudy
Started!
27 Carissa
35 Rosene
Started!
16 Bridie
6 Marrilee
Started!
73 Bettina
75 Dotti
Started!
5 Bonnie
2 Reeba
Started!
95 Jennette
92 Sal
Started!
43 Claudette
46 Susie
Started!
81 Diann
79 Robenia
Started!
5 Chiquita
1 Issie
Started!
82 Albina
79 Astra
Started!
14 Gabrila
14 Shanta
Started!
28 Goldy
22 Mehetabel
Started!
11 Adah
13 Norene
Started!
50 Merilyn
40 Virginia
Started!
30 Florence
25 Lina
Started!
95 Christean
86 Dallas
Started!
97 Kellie
99 Zea
Started!
62 Cathy
55 Una
Started!
8 Claudetta
4 Livvie
Started!
28 Dari
30 Tiphany
Started!
44 Betta
52 Tallie
Started!
97 Cherish
91 Floris
Started!
22 Geneva
25 Tildy
Started!
86 Brett
77 Tomi
Started!
46 Brande
41 Clareta
Started!
69 Reggi
66 Tracee
Started!
43 Edythe
39 Ketty
Started!
89 Dulsea
87 Madelle
Started!
52 Katusha
46 Missy
Started!
27 Florencia
28 Minette
Started!
100 Aleen
95 Catrina
Started!
4 Irena
13 Nola
Started!
40 Ange
31 Kitti
Started!
73 Dody
77 Judi
Started!
99 Adriaens
95 Gussi
Started!
52 Cynthia
56 Wenona
Started!
89 Esmeralda
86 Lari
Started!
25 Constanta
24 Nana
Started!
12 Agace
16 Germana
Started!
93 Kaia
100 Ninette
Started!
57 Ardath
54 Beryl
Started!
75 Ferdinanda
78 Myrtie
Started!
30 Alisun
38 Ivett
Started!
91 Cheryl
88 Floria
Started!
35 Bevvy
42 Elianora
Started!
93 Ermengarde
98 Natalee
Started!
5 Maridel
6 Rebecka
Started!
12 Eden
11 Velma
Started!
31 Alyse
22 Eydie
Started!
1 Euphemia
3 Nancy
Started!
66 Gladi
74 Kirsten
Started!
79 Ermentrude
78 Jenda
Started!
50 Alicea
40 Imojean
Started!
66 Grete
66 Meaghan
Started!
20 Marquita
24 Quintana
Started!
38 Sara-Ann
33 Vinny
Started!
14 Corrie
17 Marysa
Started!
99 Salomi
89 Winny
Started!
88 Dulcie
98 Sisely
Started!
35 Cindra
42 Ingaborg
Started!
66 Alvira
72 Henrieta
Started!
46 Dre
48 Melany
Started!
32 Amalee
28 Nissie
Started!
44 Karin
42 Luce
Started!
58 Mallissa
65 Nona
Started!
20 Dyna
13 Margie
Started!
94 Ag
99 Britteny
Started!
82 Helli
84 Pia
