Started!
93 Allie
88 Corey
81 Gina
91 Lianne
91 Lilyan
94 Maurizia
88 Mela
85 Nada
100 Ranna
83 Sib
87 Stephannie
91 Vinita
95 Ynes
Started!
57 Anya
49 Ariana
54 Cinderella
47 Cyndy
47 Joyce
51 Kimmie
52 Lacee
53 Midge
53 Nonnah
40 Rosella
49 Rubie
40 Talya
54 Yolane
Started!
17 Arlen
20 Becca
28 Brinn
11 Celestia
18 Correna
22 Darcee
28 Janette
20 Jori
20 Kara-Lynn
26 Mariquilla
22 Ninon
25 Robby
18 Rozanne
Started!
7 Athena
7 De
3 Elberta
5 Estelle
8 Fayina
7 Karisa
9 Kristine
2 Marielle
7 Odille
3 Othelia
6 Penelope
5 Tana
1 Yetty
Started!
23 Almeria
34 Annabela
24 Elfrida
36 Elora
25 Genevieve
35 Giselle
43 Karin
34 Lenna
37 Melly
33 Orelie
29 Sibbie
36 Suzie
24 Tani
Started!
77 Carmel
82 Dona
78 Donnie
81 Florencia
70 Jacenta
72 Jilli
87 Judye
89 Katti
79 Katy
78 Lisabeth
76 Lulita
77 Marja
74 Vivianna
Started!
59 Darline
53 Devinne
63 Dominique
66 Elane
65 Etti
55 Gillie
61 Jenine
53 Jillene
64 Kristan
66 Reena
64 Sidonia
59 Suzy
64 Wenonah
Started!
89 Bethena
92 Celine
94 Corissa
95 Dede
98 Doroteya
92 Hailee
98 Helaine
86 Junina
97 Kristal
100 Ola
87 Orsa
96 Pavia
97 Raquel
Started!
44 Alysia
54 Ardyce
51 Cathyleen
45 Cordelia
47 Dacie
49 Fredericka
59 Jennine
42 Lia
54 Ninette
52 Pearl
49 Pier
43 Ruthe
58 Vannie
Started!
25 Aline
20 Carolee
15 Daniella
20 Devan
7 Dian
16 Gwenora
10 Latrina
10 Loralee
23 Marget
15 Saba
14 Simonne
19 Tarah
17 Tracie
Started!
44 Amalie
39 Candace
50 Cariotta
30 Cecelia
32 Jacynth
32 Jodi
36 Latashia
31 Loren
40 Masha
35 Philomena
37 Salli
38 Sherye
37 Tamiko
Started!
28 Ami
27 Andeee
26 Gabie
33 Gertruda
25 Guinna
24 Ina
25 Jolene
35 Joye
28 Lacy
30 Maire
29 Natalee
18 Petrina
29 Rozelle
Started!
63 Brena
67 Cathlene
62 Concettina
73 Cymbre
72 Evie
63 Glen
65 Jackelyn
58 Jenica
60 Merline
66 Millie
64 Mirelle
58 Tracee
73 Winnie
Waiting!
74 Abby
76 Allis
74 Damita
84 Fionna
80 Karlee
82 Marya
75 Rycca
78 Tricia
82 Valerye
75 Velvet
Waiting!
2 Antonietta
4 Belicia
2 Chrysa
3 Chrysler
10 Josepha
9 Maryjane
Waiting!
42 Brynn
40 Giorgia
39 Lebbie
47 Megan
43 Pietra
Waiting!
20 Alison
23 Kelcie
16 Kynthia
16 Shelia
Waiting!
65 Jeniece
56 Stefa
Waiting!
95 Nathalia
