Started!
57 Aimee
42 Allissa
51 Amata
49 Ariana
57 Cathie
46 Celestia
37 Cordelia
39 Daryn
39 Fay
39 Kathrine
54 Lavinia
38 Leigha
39 Lorri
42 Marley
55 Melly
42 Nada
48 Phylis
57 Quentin
57 Rosalie
54 Sabra
47 Serena
Started!
29 Abagail
34 Allyce
33 Augustina
26 Benni
40 Bonita
36 Briny
38 Cindelyn
36 Devan
31 Dominique
29 Glennis
28 Jaine
43 Lane
41 Margalo
36 Marylee
32 Ola
31 Sacha
30 Savina
31 Tabbitha
32 Tamarah
34 Terri
36 Vanya
Waiting!
19 Alvira
13 Alyson
14 Cahra
7 Dacia
9 Ddene
25 Elberta
9 Fayina
12 Kristan
17 Madlen
6 Masha
8 Melony
13 Mireille
16 Olivia
8 Ricky
21 Robbin
7 Sue
15 Ursulina
9 Valry
7 Yoshiko
Started!
97 Adan
99 Adelaide
89 Amargo
100 Casandra
89 Coleen
93 Goldarina
92 Jacquenette
97 Janessa
87 Jodi
98 Ketti
94 Liz
88 Lurlene
95 Merl
91 Onida
92 Oona
99 Rozele
93 Rycca
90 Sidonia
88 Teriann
100 Tim
98 Vivianna
Started!
70 Alina
66 Amanda
60 Annnora
63 Ashlie
60 Aurelea
74 Dayna
80 Junina
67 Kirsti
77 Kristel
75 Lilah
68 Lyndsie
65 Marji
74 Maxy
61 Othelia
66 Rachel
64 Rozella
70 Saba
80 Sibelle
74 Stephannie
70 Susan
63 Tani
Waiting!
84 Aaren
72 Anthe
86 Dayle
86 Ediva
80 Jeri
82 Jillene
80 Kass
84 Merilyn
83 Milena
82 Muire
86 Othella
81 Rois
79 Tricia
Waiting!
1 Alleen
2 Judie
1 Rae
Waiting!
59 Berri
53 Beverlie
49 Blondell
60 Calypso
50 Cristin
64 Merci
59 Missie
52 Mollie
56 Nichol
59 Nikolia
66 Ruthe
69 Teri
Waiting!
48 Drucie
42 Fara
45 Fianna
45 Jonis
45 Leonie
47 Leontine
Waiting!
70 Cordey
71 Liv
Waiting!
31 Jeannie
28 Rici
27 Winifred
Waiting!
96 Agnola
99 Zara
