Started!
77 Andie
87 Ashlee
72 Dede
79 Joell
75 Kelsi
73 Lilllie
69 Mara
74 Margery
77 Minne
80 Missie
79 Muire
86 Stormy
83 Tina
89 Vicki
Started!
65 Annnora
67 Auberta
65 Deeyn
67 Evey
67 Jobey
68 Karlene
61 Kimmy
77 Mab
59 Marcellina
67 Margarette
60 Marley
62 Myrah
58 Natassia
68 Wendie
Started!
37 Amalia
53 Aurora
43 Aviva
46 Gale
54 Jacquelyn
45 Jacquenette
41 Katrine
37 Mahalia
56 Mickie
40 Papagena
39 Thomasina
46 Tomasina
46 Wilma
45 Zoe
Started!
9 Ardith
10 Briny
10 Connie
3 Dorisa
4 Elbertina
13 Gnni
10 Jelene
10 Lanae
10 Lilia
10 Myrtice
1 Philippine
9 Rosetta
3 Sandi
13 Yetta
Started!
25 Brittni
32 Dayna
25 Elfrida
22 Fay
28 Georgeanna
33 Hedwiga
23 Marjy
22 Marylee
31 Merl
30 Olivia
26 Paige
22 Rafaelia
27 Savina
26 Vivianna
Started!
84 Aggy
96 Amber
98 Anni
88 Aurel
97 Dredi
94 Heath
90 Janeta
90 Jannelle
90 Leandra
99 Lyndell
90 Nissie
98 Phylis
90 Tani
92 Valera
Started!
18 Aili
24 Alleen
14 Bee
15 Camellia
25 Constancia
15 Corilla
18 Corrie
16 Elberta
7 Kimberly
13 Lynette
22 Nanon
14 Patsy
15 Ricky
18 Winifred
Started!
48 Aundrea
37 Carilyn
35 Cindi
38 Drucie
41 Imogen
40 Leontyne
47 Lucille
43 May
36 Othelia
51 Petra
39 Rakel
36 Trudi
36 Wendy
33 Zara
Started!
22 Adelheid
28 Allison
20 Arlie
25 Christina
24 Darcy
25 Glynda
24 Gretal
27 Jeni
24 Louisette
29 Luciana
28 Neysa
30 Rahel
29 Roch
26 Simone
Started!
61 Adan
65 Adela
70 Bernadina
52 Fancie
69 Garland
56 Honoria
69 Jillene
68 Letisha
67 Paula
59 Philippa
52 Reyna
63 Sadella
59 Sharl
61 Sherry
Started!
76 Allie
78 Anna
70 Cristin
69 Danielle
73 Dasha
80 Genny
76 Gerry
77 Jeannie
83 Lin
87 Mallory
76 Meggy
85 Norene
82 Ruthe
81 Tallie
Started!
60 Blondell
54 Crin
59 Diann
48 Elsie
50 Gaby
57 Iormina
59 Juliana
62 Lorena
55 Lyndel
65 Mariejeanne
51 Oona
49 Rayshell
64 Rosalind
63 Tresa
Started!
6 Caro
13 Cassaundra
11 Chrysler
10 Cordi
17 Dareen
25 Genna
15 Jordanna
7 Kelcie
22 Lethia
22 Ortensia
9 Paloma
9 Rosamond
7 Tillie
11 Tonya
Waiting!
85 Adi
90 Barbey
100 Benni
87 Bette
88 Carmine
95 Dorey
99 Frankie
92 Juliann
89 Kyla
93 Ophelie
88 Raina
93 Theresa
85 Thia
Started!
33 Amalie
45 Annabela
47 Antonetta
41 Brittani
47 Hortensia
46 Jo-Anne
44 Leilah
48 Licha
32 Morna
44 Netti
32 Rhetta
42 Ruth
36 Shayne
47 Starlin
Started!
73 Audie
83 Catriona
73 Charmane
74 Corine
81 Ellynn
83 Evie
78 Jacintha
76 Kissiah
79 Lia
78 Libbey
73 Nana
79 Nanice
83 Ruthann
72 Tiffani
Waiting!
1 Barbe
2 Belvia
1 Cami
2 Dagmar
1 Francene
4 Isabella
11 Mureil
3 Nessie
1 Stefa
14 Tisha
Waiting!
30 Ali
28 Ann-Marie
27 Benetta
30 Ebony
16 Ethel
24 Guendolen
16 Idell
25 Inessa
21 Mavis
16 Mirabelle
16 Ninette
35 Reeba
20 Stacee
Waiting!
63 Aggie
65 Allx
59 Ashly
61 Calida
65 Emilie
49 Esme
58 Gerianna
49 Nannie
59 Nariko
66 Perle
Waiting!
78 Alvinia
78 Erda
79 Fawne
75 Jasmin
84 Lilian
73 Lisette
78 Lucine
75 Maye
79 Nelia
Waiting!
42 Vivien
