Started!
11 Adrianne
16 Daffy
9 Donni
10 Franni
15 Sheryl
6 Tallulah
11 Vallie
Started!
74 Cam
67 Dacie
73 Gaynor
58 Kizzie
65 Shayne
66 Shirley
75 Sibyl
Started!
23 Britta
27 Coretta
17 Elly
26 Lexi
18 Madel
31 Rhea
32 Zahara
Started!
51 Andie
52 Calli
54 Farra
46 Haley
55 Idalia
49 Ronnie
55 Tallie
Started!
92 Blake
89 Felicity
96 Henrie
94 Lelah
95 Marni
92 Nadia
83 Priscella
Started!
38 Ashely
39 Georgia
42 Janine
42 Kirbie
48 Kynthia
43 Mandi
40 Minette
Started!
79 Babara
80 Bella
69 Della
77 Jacinda
78 Joanie
75 Laure
79 Marjorie
Started!
26 Chiquita
22 Daune
26 Dina
18 Frannie
25 Hildegarde
25 Rebekkah
26 Rois
Started!
7 Annemarie
12 Camilla
4 Jessy
6 Joletta
4 Moyra
11 Shirlene
10 Starr
Started!
46 Alex
37 Debi
45 Gena
44 Illa
53 Merridie
37 Ray
48 Trudie
Started!
68 Dot
76 Edwina
56 Emeline
75 Gwenny
59 Janaya
63 Sheena
66 Theressa
Started!
17 Cacilie
25 Collie
21 Grete
17 Jessie
26 Joby
28 Shara
24 Stormy
Started!
79 Ileana
84 Kyla
77 Marybeth
75 Morena
80 Tamra
77 Truda
76 Verna
Started!
99 Bernette
92 Casie
97 Celestine
91 Fawne
97 Jessika
93 Kandy
97 Modesty
Started!
54 Barry
57 Deeyn
59 Jillian
53 Karlotte
52 Larisa
46 Pavla
54 Tawnya
Started!
23 Brigid
29 Carlin
29 Hildegaard
23 Jessamine
14 Kelila
18 Madelin
32 Star
Started!
32 Atlanta
32 Josie
29 Koo
38 Lorrayne
32 Mina
36 Ronalda
29 Tommi
Started!
10 Jeanine
7 Jerrie
7 Liva
6 Lolita
9 Marline
13 Rafaela
5 Wallie
Started!
62 Abby
76 Danna
79 Dori
63 Gwen
76 Lydia
72 Shelagh
80 Vanda
Started!
16 Charita
27 Chloette
26 Gwennie
18 Lucille
16 Mareah
20 Rena
25 Rosa
Started!
54 Dona
58 Emmeline
53 Felisha
53 Jacinta
49 Karlotta
62 Matilde
55 Olenka
Started!
91 Alene
94 Denyse
95 Deva
90 Dierdre
99 Dorothy
95 Shirleen
100 Zelda
Started!
8 Ally
9 Arlie
11 Gabie
8 Lanna
17 Leandra
16 Lonnie
18 Peggie
Started!
1 Alisha
6 Alta
14 Benoite
6 Bertina
13 Bibi
11 Leontyne
1 Yvette
Started!
77 Amalea
82 Billie
76 Charity
79 Loralyn
69 Malina
73 Nessi
80 Susy
Started!
77 Bill
86 Bobine
92 Dorita
84 Gabbey
84 Lea
92 Lyn
77 Oriana
Started!
35 Deirdre
37 Erma
41 Kelcy
34 Latashia
31 Rachel
40 Violet
48 Zarah
Started!
14 Alfy
31 Alie
30 Alison
22 Annabella
30 Carley
28 Kaja
25 Kelsi
Started!
95 Albertina
99 Frieda
91 Leah
85 Margalo
86 Marlene
88 Sharla
85 Tami
Started!
35 Aloisia
37 Beatrisa
35 Malissa
27 Meredithe
41 Norine
42 Sabine
41 Vevay
Started!
51 Berti
59 Dynah
58 Maddie
58 Nanci
56 Rebecka
63 Renata
46 Terra
Started!
82 Andrea
78 Hallie
79 Juliann
84 Kass
89 Michelle
78 Veronique
84 Wilone
Waiting!
9 Cristina
17 Damaris
15 Konstance
24 Pru
Started!
58 Brittan
62 Cherlyn
52 Ede
58 Em
48 Gillan
63 Irma
67 Leeann
Waiting!
70 Betsy
Waiting!
34 Adelaide
34 Laura
28 Mavra
32 Phil
Waiting!
97 Caralie
85 Charin
95 Claudelle
96 Gwenni
86 Mair
99 Matti
Waiting!
47 Kate
47 Nonnah
Waiting!
82 Ginnifer
84 Shellie
Waiting!
3 Joella
