Started!
38 Aviva
32 Beatriz
34 Betsy
37 Davine
35 Elly
22 Elyssa
37 Fidelia
23 Gennifer
19 Gilbertina
37 Grazia
24 Gwynne
24 Inesita
26 Iseabal
34 Ivy
38 Koren
20 Lanie
28 Liesa
20 Maitilde
28 Merridie
20 Min
21 Nomi
38 Ruperta
26 Shir
Started!
72 Agnese
72 Alys
68 Astrid
79 Barbee
78 Biddie
84 Candide
69 Eada
81 Fredericka
85 Janka
77 Joanne
69 Kaitlyn
86 Katti
72 Lil
77 Merrie
67 Nariko
69 Nola
77 Norean
87 Rozele
77 Samaria
70 Shell
67 Virginie
71 Winnie
80 Yoshiko
Started!
59 Allyce
51 Ardene
65 Athene
63 Blondelle
52 Brandice
65 Cami
60 Cathi
62 Cathrine
48 Charisse
59 Chery
48 Debora
60 Ethelind
60 Hailee
46 Jess
55 Jocelyne
45 Kaia
50 Maggy
45 Marcille
53 Marjorie
47 Megan
54 Reggi
55 Reiko
57 Salli
Waiting!
71 Alicia
68 Blanca
60 Calley
69 Clarita
75 Emmy
59 Gianna
60 Maribeth
66 Mina
56 Quintilla
60 Rebeka
60 Shandeigh
68 Shena
Started!
36 Bertine
40 Bride
39 Cheryl
40 Cyndia
39 Daniele
44 Gerti
43 Janel
40 Judie
42 Juliette
38 Kat
36 Kristina
39 Libbey
31 Lucine
49 Malissia
39 Mari
41 Melisenda
35 Nerita
49 Olivie
41 Raine
35 Rayna
31 Rosalie
41 Sile
35 Vivian
Started!
9 Anne
6 Arlena
10 Caitrin
14 Deloris
2 Erena
13 Erika
8 Gelya
1 Jerry
14 Kandace
10 Karna
12 Laraine
6 Loise
16 Maddi
1 Madlen
14 Mariellen
1 Marylinda
16 Mora
9 Retha
11 Roxana
13 Shirline
15 Sophronia
14 Tamarra
1 Viva
Started!
99 Adriana
89 Brandy
98 Coriss
84 Cynthy
94 Elysha
98 Etheline
97 Fredia
90 Gusella
86 Isabelita
91 Jeannie
88 Karee
85 Lorna
91 Lucretia
96 Marget
85 Michaella
91 Pollyanna
97 Rory
88 Rosemaria
93 Serene
96 Tabbitha
93 Theresita
92 Wilma
97 Yolande
Waiting!
85 Alana
79 Carlynne
80 Dorothea
78 Hestia
77 Julia
81 Loni
82 Lotte
83 Melisa
77 Meredithe
77 Roz
80 Sonya
81 Toby
Waiting!
19 Adeline
24 Agnella
18 Anette
18 Auroora
33 Ayn
20 Bobina
26 Cati
19 Celia
28 Cymbre
29 Dyane
22 Gwenneth
29 Hildegaard
26 Kania
29 Katey
27 Lurline
18 Marcellina
17 Riane
27 Sandi
20 Staci
23 Stormie
Waiting!
53 Birgitta
53 Candace
52 Frieda
54 Jamima
50 Seline
54 Sheela
Waiting!
11 Danna
3 Donny
3 Marquita
11 Mollee
12 Val
Waiting!
98 Junia
88 Sher
89 Sorcha
