Started!
15 Alysa
15 Amandy
10 Anthea
2 Arlana
12 Cammi
15 Charity
1 Chelsae
5 Coleen
5 Collen
2 Eddi
5 Farica
9 Germaine
5 Indira
14 Julee
4 Katine
1 Kittie
3 Kristien
4 Lanna
15 Lena
5 Lesli
15 Lianna
13 Robby
11 Victoria
9 Virgie
Started!
28 Annora
30 Arleyne
36 Cecily
28 Cynthea
35 Elysee
39 Eugenia
25 Fawne
38 Genevieve
33 Gerty
30 Hildagarde
38 Janeen
26 Jasmine
39 Kai
34 Kassandra
34 Mary
31 Mercedes
35 Moina
27 Nina
34 Oliy
39 Philipa
33 Tamar
31 Terry
39 Trula
26 Vinni
Started!
76 Augusta
75 Bamby
76 Brittni
80 Candi
67 Carleen
84 Dory
76 Ebonee
68 Esmaria
71 Geralda
71 Karoline
79 Lib
74 Lurline
78 Marcella
80 Martguerita
71 Morganica
78 Phebe
67 Ranique
73 Robinetta
79 Rosella
86 Shanon
83 Truda
73 Tyne
85 Vilma
81 Winny
Started!
57 Ailyn
65 Bonnibelle
57 Daryl
61 Deana
53 Elana
55 Flossi
65 Heloise
53 Iormina
59 Joanne
62 Jordain
61 Katti
62 Kial
63 Korie
56 Linette
58 Lois
57 Lorianna
59 Maire
63 Marion
64 Michaella
55 Morissa
65 Perl
55 Rickie
67 Stormy
55 Zea
Started!
93 Alvira
97 Bertha
88 Brena
97 Catina
86 Chrissie
90 Christie
85 Del
84 Drucy
99 Eloisa
89 Elsie
88 Esme
94 Honoria
88 Kelli
85 Krysta
96 Lissie
91 Lorrie
95 Mariann
91 Nelia
88 Ninette
80 Othilie
95 Rani
93 Rosalinde
98 Sandy
89 Talia
Started!
54 Albertina
49 Alexis
37 Amalita
38 Angie
51 Briana
40 Chelsey
46 Cherrita
45 Christi
45 Erma
45 Ertha
47 Gerladina
50 Kate
46 Larisa
49 Lizbeth
44 Ludovika
44 Marylin
35 Norina
44 Quinn
34 Sandie
42 Stafani
51 Tamarra
34 Tess
34 Verile
51 Wilhelmine
Started!
22 Annabal
9 Bertina
13 Brigida
24 Cathryn
19 Cosette
13 Dora
16 Elladine
21 Erna
7 Freda
23 Henrieta
15 Jillian
16 Jorie
18 Leda
20 Marie-Jeanne
6 Melisse
16 Morgen
16 Oralia
22 Orelia
22 Phillie
22 Prudy
21 Reena
17 Sonia
17 Tallia
25 Winonah
Waiting!
99 Addy
100 Dolli
92 Garnet
90 Henrietta
94 Kassi
93 Nelli
99 Rory
98 Samaria
97 Tani
96 Tory
Waiting!
27 Ernesta
33 Estell
27 Helyn
33 Isis
29 Melva
31 Nert
27 Shana
21 Vanessa
32 Yelena
Waiting!
84 Anderea
74 Daphene
73 Dorthy
75 Gerti
85 Hayley
67 Hedvig
72 Jacklyn
83 Kerrie
78 Kesley
67 Kitty
79 Merilee
82 Morganne
66 Sabina
67 Selma
82 Shel
78 Vera
72 Wilona
Waiting!
57 Anetta
64 Brana
57 Judi
60 Kelley
59 Leola
61 Sydney
63 Wynne
Waiting!
5 Elga
2 Perle
Waiting!
86 Joyce
Waiting!
42 Daune
52 Vitia
Waiting!
41 Madelaine
Waiting!
14 Mikaela
