Waiting!
3 Coleen
10 Karol
1 Liesa
10 Lindie
2 Marlo
8 Tyne
7 Winny
Started!
40 Aleda
41 Arlana
33 Colline
44 Corri
39 Dionne
43 Margie
47 Marion
31 Shanon
Started!
55 Bamby
53 Didi
60 Genevieve
55 Jayne
48 Kari
51 Karyl
58 Tamar
47 Zia
Waiting!
14 Britte
15 Elfreda
17 Viviene
Started!
82 Anabelle
68 Annora
71 Avrit
78 Brena
72 Carmelle
72 Lanna
73 Stephie
79 Talia
Waiting!
89 Fara
88 Jacinta
87 Joann
88 Kitti
90 Lona
85 Nadeen
Waiting!
100 Constance
Waiting!
73 Angy
65 Doris
Waiting!
36 Aurel
28 Isabelle
