Started!
62 Adela
67 Adriaens
71 Alysa
59 Amalee
60 Aurelie
62 Blithe
72 Cherice
65 Elfreda
63 Evvie
59 Fiorenze
79 Gates
74 Ginevra
77 Janine
64 Kimmy
69 Malina
66 Meggie
59 Nicoline
59 Randene
69 Risa
78 Shanon
69 Vicki
Started!
18 Andrea
15 Aurore
16 Billi
16 Candice
23 Cara
22 Carlynne
17 Clarey
22 Ddene
25 Eveleen
25 Fara
25 Fina
11 Honor
19 Honoria
22 Issy
18 Maegan
20 Marin
13 Mildrid
20 Sibeal
22 Terry
19 Valeda
16 Yolanthe
Started!
89 Amity
86 Angy
88 Annabel
91 Antonetta
95 Auguste
90 Christyna
94 Elberta
94 Elyssa
93 Genevieve
99 Hermine
94 Jenelle
88 Kissiah
89 Lena
96 Mellisa
98 Nissie
87 Oralle
92 Phelia
95 Philippa
100 Riane
89 Sidonia
95 Susanne
Started!
37 Alena
44 Clovis
36 Dianemarie
48 Dore
35 Goldarina
32 Joya
31 Juliana
43 Kari
35 Koralle
48 Linnie
41 Margie
48 Meaghan
44 Meghan
50 Michaella
47 Pooh
40 Rikki
37 Roselle
38 Rozanne
40 Stephana
45 Toby
50 Zelma
Started!
60 Alvira
61 Angela
51 Anne-Corinne
56 Blondelle
63 Cindee
63 Else
54 Gennie
58 Jilly
46 Jodee
56 Kaile
46 Karena
48 Marcile
58 Marita
56 Marlene
56 Marya
52 Nicole
46 Pearla
50 Revkah
60 Robin
47 Star
45 Venita
Started!
15 Claudia
3 Corey
5 Dorolice
13 Emera
3 Ericka
12 Gavrielle
13 Harlie
7 Konstance
7 Licha
16 Lilian
5 Lucretia
15 Margot
12 Marie-Jeanne
15 Melamie
1 Melva
4 Micheline
5 Pollyanna
8 Romona
5 Stacie
14 Wilhelmine
3 Yovonnda
Started!
80 Brook
91 Catrina
83 Charmaine
81 Christen
83 Courtnay
87 Danny
72 Dorothea
77 Karlotta
81 Mallissa
73 Missy
84 Neila
81 Noella
84 Nollie
84 Rebbecca
85 Robina
81 Sari
84 Tabbatha
80 Tamar
81 Tatiana
83 Verena
75 Winne
Waiting!
25 Anni
22 Bunnie
27 Caitrin
23 Carolin
19 Dana
24 Darell
25 Deena
26 Denni
32 Haily
23 Kanya
20 Keri
25 Lois
32 Olwen
27 Pierette
21 Prissie
24 Ronica
24 Shanda
20 Theresita
Waiting!
62 Amata
65 Berte
68 Dixie
68 Emlynn
68 Gabriel
65 Karna
66 Renelle
Waiting!
35 Alika
35 Cordie
41 Corrinne
35 Drusi
36 Keriann
42 Madonna
43 Shara
Waiting!
11 Cori
2 Crystie
6 Kerstin
1 Lexine
Waiting!
100 Belinda
93 Inger
Waiting!
50 Belita
47 Carlina
55 Monika
51 Tiffie
