Started!
60 Ainsley
69 Allix
70 Cloe
65 Delcina
71 Johna
63 Lorrayne
60 Madlen
68 Maure
68 Nady
78 Nessie
63 Tandy
58 Tawsha
75 Valaree
Started!
85 Ashly
93 Ciel
88 Dorette
82 Faye
89 Florie
88 Gertrud
87 Gladys
83 Gretal
83 Hesther
86 Julieta
84 Lyndsey
81 Pavla
85 Tybie
Started!
42 Ailyn
38 Andriette
47 Arlyne
41 Christie
44 Doralyn
40 Elayne
48 Frayda
41 Karlee
53 Nari
38 Ophelie
52 Patience
44 Raquela
34 Tara
Started!
27 Angelika
16 Dasi
17 Gates
23 Karlotte
27 Marabel
22 Mariya
17 Maryl
23 Pammi
13 Pegeen
15 Shaylyn
23 Sue
10 Tabatha
7 Tanhya
Waiting!
6 Colleen
5 Del
4 Fredia
6 Kiri
2 Krista
6 Lian
7 Prissie
Waiting!
24 Brigida
19 Fleurette
28 Hulda
29 Karoline
Waiting!
62 Diahann
49 Elisabetta
56 Jobyna
57 Karin
65 Marja
49 Nettle
62 Raeann
Waiting!
93 Amye
86 Brietta
97 Corrianne
87 Eadie
83 Izabel
93 Kare
85 Lorianna
85 Milly
92 Oona
92 Opaline
88 Sashenka
Waiting!
99 Dayna
99 Elsbeth
98 Michel
Waiting!
68 Annabelle
74 Cinderella
71 Codie
76 Rahel
Waiting!
45 Emilie
