Started!
80 Audie
75 Codi
89 Darice
92 Dora
73 Dorolice
79 Eleanor
75 Ellissa
74 Gilberte
73 Heddi
90 Hester
88 Ingeberg
81 Josee
93 Kellsie
89 Kittie
83 Lonni
93 Lora
86 Margarete
82 Maud
74 Nerita
88 Rhody
88 Rica
78 Rosabella
76 Shalna
90 Shanna
83 Stefanie
90 Twila
Started!
43 Alene
54 Alicia
46 Arlinda
44 Ashley
42 Bella
38 Blithe
46 Brianne
56 Caresse
56 Casie
50 Catha
43 Charmaine
49 Corilla
54 Costanza
41 Danika
47 Elvina
43 Jacquelyn
46 Marielle
51 Maurine
36 Michelina
36 Minna
37 Murielle
46 Phillie
47 Quinn
36 Roobbie
39 Shirleen
45 Wallis
Started!
14 Alena
4 Andriette
10 Berni
2 Bessie
2 Corinne
2 Doris
5 Dulcie
17 Gray
6 Jasmina
18 Julia
17 Kristi
10 Lana
10 Lindsey
2 Luisa
16 Lynnell
2 Malorie
3 Melodie
2 Netta
18 Odetta
8 Penelopa
2 Romy
8 Stella
13 Sybille
3 Thomasine
2 Verina
4 Vyky
Started!
97 Alia
100 Andi
95 Bethena
100 Beverley
92 Cacilie
98 Cherianne
94 Eolande
92 Esta
94 Eugine
94 Glenine
98 Hertha
92 Jenn
91 Kerrill
98 Libbi
100 Maressa
90 Marley
100 Marnie
96 Mickie
97 Nola
99 Nona
93 Renae
95 Shannen
98 Shirl
90 Ula
97 Vivienne
97 Yolanda
Started!
24 Aridatha
23 Avrit
22 Barbabra
34 Berny
30 Blondelle
20 Cindee
32 Clarey
34 Dana
25 Doralyn
23 Elnora
25 Heidie
26 Joete
35 Kora
32 Lavinie
26 Lilyan
22 Marni
31 Michaeline
34 Naoma
33 Pauletta
33 Pearla
24 Ramonda
32 Roda
28 Shana
35 Tildi
25 Tootsie
29 Wylma
Started!
71 Aindrea
68 Alix
64 Betsey
64 Blanche
62 Bunni
67 Bunnie
63 Codee
57 Colette
64 Corabella
66 Dyanne
64 Elberta
70 Gertrudis
64 Hetty
63 Janette
57 Johanna
59 Jorey
61 Kimmy
64 Leontine
66 Marleen
67 Nolana
71 Orly
65 Pearl
58 Shelli
58 Tammie
66 Theresa
69 Verena
Waiting!
38 Ainslee
35 Andria
40 Arlette
45 Bendite
26 Bobbe
40 Cari
42 Carree
41 Charity
29 Charline
31 Christen
29 Daryl
37 Devon
37 Ethyl
45 Fredia
35 Jyoti
27 Ki
33 Lisette
28 Meghan
35 Myranda
34 Paula
35 Rhianon
45 Roselia
33 Suki
30 Tarrah
42 Valerye
Waiting!
21 Brigida
21 Brittani
19 Chelsea
13 Dale
13 Elane
21 Emmalyn
23 Evelyn
18 Greta
14 Grissel
23 Ileane
21 Isa
23 Josey
22 Legra
23 Lyndel
21 Melinde
22 Mellisent
19 Ray
16 Wilmette
Waiting!
74 Annie
76 Avie
77 Candis
89 Cassey
88 Eleonora
82 Felipa
83 Gail
87 Joelie
90 Kassie
88 Kesley
81 Ketty
87 Leoine
78 Lilian
72 Lotte
79 Marion
78 Mufi
86 Natalina
87 Sabrina
83 Shoshanna
80 Trescha
88 Violette
Waiting!
55 Amberly
46 Charla
51 Guenna
58 Karlen
48 Lacy
49 Lurleen
54 Marianna
49 Marline
56 Marthena
48 Nance
52 Peggi
52 Shirlee
Waiting!
70 Amalea
67 Anderea
68 Brigitta
69 Livvyy
64 Tori
Waiting!
9 Bernete
1 Elyssa
9 Jobina
11 Norean
11 Yalonda
