Started!
52 Albertina
34 Auguste
46 Bethanne
43 Betta
42 Carleen
46 Clair
42 Clarita
33 Corrianne
32 Deeyn
44 Delilah
33 Devora
45 Donna
42 Evie
35 Genna
49 Hedi
39 Hyacinthie
36 Jenine
33 Joannes
32 Kyle
43 Leland
42 Loreen
33 Loretta
47 Melisent
45 Prisca
50 Shandee
39 Susy
Started!
76 Aile
74 Allene
65 Amargo
64 Babbette
71 Beatriz
80 Cecilia
73 Denna
72 Doria
74 Ellene
74 Elvera
81 Elvina
73 Fredi
67 Gianina
84 Honey
64 Kathleen
76 Lenee
71 Lise
66 Lolita
69 Maxy
69 Melantha
65 Nerty
78 Nicole
80 Rosalinda
66 Sileas
83 Tina
77 Tommi
Waiting!
14 Aime
5 Alika
3 Allyce
11 Alyda
6 Billi
5 Britte
9 Carlene
3 Carrie
5 Chrissy
7 Cora
1 Crystie
10 Danyette
9 Doe
11 Donelle
6 Dotti
15 Elene
10 Hannis
10 Keriann
7 Leanor
8 Letisha
13 Lyndsie
8 Odilia
14 Pavia
9 Shayne
2 Sherry
Started!
25 Abagail
31 Alverta
22 Angela
23 Beilul
28 Bernita
18 Carolyn
30 Cher
16 Cordie
26 Dorella
26 Elaine
26 Elysee
20 Estrella
29 Grete
19 Jennee
31 Jesse
30 Jodi
31 Lianne
26 Lita
32 Liva
27 Noel
26 Nyssa
23 Odelia
16 Ruperta
17 Sara
32 Stephannie
29 Winifred
Started!
93 Bernette
95 Bren
86 Celestia
93 Cherin
97 Chrystal
99 Ethelda
96 Fleur
96 Hally
88 Janna
87 Junette
83 Kania
94 Kessia
87 Marni
93 Matilde
100 Meridith
92 Myrle
100 Ofilia
91 Raine
97 Raphaela
96 Reeta
83 Rozalie
89 Sheena
88 Starr
100 Tamma
85 Wenona
81 Yalonda
Waiting!
56 Amity
57 Antonietta
61 Ardath
49 Ariella
60 Caroline
49 Cheryl
44 Cory
59 Cristy
54 Essa
46 Geri
56 Ingaborg
53 Johna
59 Marion
62 Neila
56 Vania
Waiting!
41 Andria
40 Ebonee
43 Editha
33 Elva
34 Hillary
36 Ileane
35 Nessi
41 Shana
Waiting!
74 Annabela
71 Cassy
83 Caye
82 Chrysler
78 Cynthea
70 Dorian
78 Gaye
72 Hephzibah
68 Lucretia
71 Marylee
86 Marysa
79 Morgen
78 Noami
74 Thia
Waiting!
67 Jerry
67 Maryellen
65 Moll
65 Sallee
Waiting!
94 Birgit
94 Charis
95 Madalena
95 Nelly
97 Pepita
91 Ryann
Waiting!
19 Lexi
