Started!
71 Abbye
73 Aleen
72 Ammamaria
66 Camile
64 Carmella
62 Celina
81 Cindra
69 Emili
75 Eudora
75 Filide
78 Filippa
73 Georgette
71 Gillian
63 Jana
76 Janot
71 Jo
73 Maia
65 Marlyn
80 Novelia
69 Ramona
76 Romola
76 Ruthi
70 Vanessa
82 Vivianna
Started!
88 Adel
89 Amalita
84 Amargo
90 Bab
95 Belvia
96 Bettina
89 Bibby
94 Bibi
93 Birgitta
91 Cacilia
96 Christiana
94 Danice
90 Giuditta
90 Helen-Elizabeth
98 Ivett
96 Karmen
95 Lexie
94 Lusa
87 Meryl
86 Miquela
93 Shari
83 Sharleen
87 Terza
95 Trude
Started!
26 Agretha
20 Allsun
32 Ana
31 Angela
24 Anthea
27 Daveen
33 Deana
28 Esther
27 Franni
25 Frieda
25 Georgianna
28 Gisela
28 Larina
22 Lora
33 Marthe
17 Mona
22 Neda
27 Roxane
21 Selestina
21 Selinda
33 Sophia
19 Stacia
30 Tatiana
32 Ulla
Started!
4 Anna
22 Brandy
6 Breanne
8 Cecily
21 Cordi
7 Dasie
9 Delphinia
12 Desiree
12 Elysee
22 Estell
10 Fiona
9 Flo
18 Harley
3 Janeczka
4 Kalila
5 Kassi
12 Marjory
5 Modestine
10 Nadeen
13 Nissy
4 Stevana
15 Susann
6 Tanhya
22 Wynnie
Started!
68 Addia
60 Anet
57 Ashlen
50 Belle
50 Beverley
60 Christabella
59 Consuelo
59 Cristal
50 Cynthea
54 Etta
55 Francine
55 Hestia
53 Kassandra
58 Krystyna
54 Minna
52 Netty
65 Norma
58 Reeta
62 Rhodia
63 Robby
61 Shay
57 Tarrah
49 Tisha
49 Tommi
Started!
35 Aarika
48 Bianka
43 Candis
41 Celestyna
42 Dacia
40 Danila
39 Daune
38 Elbertine
36 Elenore
46 Elga
35 Franciska
40 Ginny
39 Hyacintha
41 Leelah
39 Legra
38 Leontine
42 Louisa
42 Madelin
47 Myrilla
39 Rorie
33 Storm
43 Thomasine
43 Timmi
43 Vera
Waiting!
90 Adrian
99 Alvera
91 Arielle
99 Atlanta
100 Bellanca
98 Charissa
99 Cynthie
100 Filia
92 Germain
99 Janine
97 Jazmin
92 Katharyn
93 Katrinka
99 Kira
95 Klarrisa
100 Kylie
95 Natalina
91 Roxana
99 Vivia
92 Winifred
Started!
78 Agnes
76 Aileen
71 Ann-Marie
78 Arlie
67 Beitris
75 Bree
82 Clem
83 Doralin
81 Evelyn
75 Francoise
78 Griselda
65 Lethia
71 Lind
84 Lucine
74 Madelaine
77 Maxine
65 Melonie
76 Rahal
68 Ree
82 Salomi
76 Sharron
66 Shelba
75 Windy
80 Yvette
Started!
22 Andromache
29 Binni
13 Briana
28 Bridie
23 Caryl
21 Catie
32 Delly
14 Eilis
20 Elbertina
32 Geri
25 Karyn
24 Liliane
16 Mabelle
23 Melamie
21 Mellie
26 Muriel
29 Quintilla
30 Raychel
16 Reta
32 Sara-Ann
33 Shantee
27 Siobhan
24 Theresina
25 Zuzana
Waiting!
89 Benedikta
81 Dinnie
79 Frederique
89 Hulda
83 Lillis
86 Muire
88 Robinia
79 Sara
83 Thelma
89 Vere
86 Vivi
Waiting!
5 Adrea
13 Amata
8 Audrey
7 Candi
9 Dee
9 Florentia
10 Holli
9 Mab
4 Nona
16 Sally
1 Shoshanna
12 Tallou
12 Vivian
Waiting!
62 Berta
55 Cristine
48 Dory
57 Eadie
46 Faye
55 Felisha
46 Hannah
50 Ilyssa
53 Jobie
61 Kala
49 Karola
52 Krista
47 Lotty
55 Merralee
49 Milly
52 Nalani
62 Raeann
54 Verla
44 Wendi
Waiting!
27 Aeriela
39 Audy
34 Correna
37 Dorella
38 Garnet
33 Gayle
38 Gilbertina
38 Jacquelyn
34 Janetta
39 Kandace
37 Leanor
35 Maryanna
28 Merrile
36 Mollie
35 Noellyn
34 Ronda
27 Sherrie
34 Teresina
Waiting!
63 Anabal
63 Brunhilda
73 Carolina
63 Cesya
64 Con
68 Erminie
66 Florry
63 Jemimah
64 Leanora
65 Lynnett
73 Marcy
68 Victoria
Waiting!
23 Corella
Waiting!
75 Adi
77 Nadine
75 Vinnie
