Started!
93 Blisse
81 Cathi
93 Esmeralda
88 Francisca
84 Jobi
77 Katti
76 Kessia
88 Korie
84 Kristen
89 Lynde
87 Lynnelle
77 Madelin
74 Mufinella
84 Sile
89 Theresita
Started!
16 Antonina
29 Caryn
30 Channa
31 Daisie
32 Eva
31 Gill
25 Kenna
19 Lola
30 Martie
22 Nessie
27 Olivie
30 Riannon
18 Roxanna
22 Stafani
23 Willie
Started!
3 Abigail
11 Ardeen
3 Bellanca
6 Jeane
7 Jocelyne
3 Karita
10 Kassandra
3 Mariann
5 Marillin
3 Meggy
3 Melly
14 Nola
1 Sidonia
19 Trude
8 Viviana
Started!
57 Avis
58 Daniele
60 Dee
69 Elly
67 Golda
60 Jillene
59 Joelle
59 Jordana
69 Lexy
70 Libbey
65 Maribeth
56 Megan
63 Nadiya
55 Onida
62 Sylvia
Started!
50 Adriana
53 Afton
52 Auroora
49 Bertina
54 Cecil
40 Dawna
44 Elset
45 Elsinore
52 Jenifer
54 Patrica
57 Sheila-Kathryn
54 Sibyl
53 Stevena
43 Suzanna
39 Teddie
Started!
35 Caitrin
38 Caroline
31 Dahlia
31 Danna
32 Donna
30 Gennifer
36 Iolanthe
26 Jillayne
35 Kirby
36 Lexi
34 Marj
33 Riane
36 Roxana
29 Sosanna
31 Suzann
Started!
79 Ailsun
67 Cami
78 Debora
82 Eyde
84 Guinevere
80 Janette
75 Katharine
78 Kaylee
77 Lucretia
72 Maryanna
71 Melantha
73 Millisent
76 Rozelle
86 Tilly
87 Veda
Started!
88 Amanda
93 Cathie
99 Corina
91 Farah
95 Hattie
88 Jackquelin
98 Jessalyn
99 Lucinda
93 Marget
97 Merilyn
95 Moll
94 Olva
92 Philippe
90 Tabbitha
91 Wilow
Waiting!
26 Carolyn
20 Holly
15 Lou
23 Patricia
Waiting!
93 Brandais
100 Charmine
93 Delilah
99 Loni
88 Odella
98 Reyna
Waiting!
1 Annamaria
9 Malissia
Waiting!
12 Trudi
Waiting!
84 Mady
76 Noelle
82 Sarette
76 Tabby
Waiting!
64 Allyce
67 Betta
65 Blondelle
58 Deidre
63 Emmalynn
54 Hildegaard
73 Hillary
55 Janka
63 Mandi
67 Peria
Waiting!
48 Constantine
45 Jenine
