Started!
31 Chelsey
33 Imojean
Started!
64 Gladys
72 Harriot
Started!
7 Jacinda
2 Melisse
Started!
86 Brena
89 Cortney
Started!
85 Ebony
83 Tish
Started!
97 Christel
97 Estele
Started!
58 Flss
57 Susann
Started!
45 Ashely
44 Brenda
Started!
86 Carlota
77 Erinn
Started!
15 Karlotte
15 Lucilia
Started!
7 Christen
6 Lilah
Started!
44 Bathsheba
36 Jerry
Started!
67 Aubine
75 Lorna
Started!
87 Brandy
84 Cyndia
Started!
46 Enid
46 Rebbecca
Started!
54 Felicle
50 Robbi
Started!
70 Jenine
75 Lari
Started!
16 Clarisse
10 Sabrina
Started!
88 Ernesta
81 Philippine
Started!
98 Amy
99 Kassey
Started!
28 Jilleen
31 Raphaela
Started!
44 Corissa
42 Del
Started!
100 Dasya
100 Elvira
Started!
54 Crysta
58 Nerty
Started!
69 Brenna
66 Goldina
Started!
1 Annmarie
1 Constancy
Started!
27 Florence
22 Latisha
Started!
96 Katrina
93 Viola
Started!
90 Ingrid
85 Yolane
Started!
52 Laurice
42 Nickie
Started!
45 Maddy
46 Mavra
Started!
7 Dyanna
17 Selie
Started!
54 Dorella
55 Nani
Started!
88 Charo
98 Leyla
Started!
33 Dorothy
40 Winona
Started!
21 Dionne
14 Sibel
Started!
13 Lani
9 Stefania
Started!
59 Jacklin
51 Rochella
Started!
27 Ranna
24 Sibilla
Started!
44 Dinny
45 Maddi
Started!
9 Albina
5 Eudora
Started!
84 Carry
92 Leelah
Started!
23 Hilde
29 Theodosia
Started!
39 Cassie
44 Dianne
Started!
2 Giulietta
12 Missy
Started!
38 Doreen
28 Zea
Started!
73 Chandra
70 Roch
Started!
40 Dynah
48 Glenine
Started!
10 Erina
13 Jandy
Started!
84 Ceciley
76 Clarice
Started!
93 Tory
89 Yalonda
Started!
43 Madlin
48 Wenona
Started!
70 Glory
79 Shari
Started!
48 Angie
49 Odilia
Started!
90 Adelina
81 Rivalee
Started!
2 Chrissy
5 Vally
Started!
27 Elvera
25 Kizzie
Started!
24 Josefina
24 Raeann
Started!
24 Andree
34 Delly
Started!
17 Loutitia
12 Nessa
Started!
56 Gae
56 Tildie
Started!
39 Alice
43 Tamiko
Started!
99 Arielle
93 Norry
Started!
75 Arabella
68 Mattie
Started!
34 Emmi
28 Lotti
Started!
73 Chastity
72 Pet
Started!
10 Bernete
18 Milly
Started!
5 Guendolen
8 Shanda
Started!
100 Anstice
91 Mary
Started!
40 Cory
49 Frank
Started!
68 Jeannine
61 Lotta
Started!
28 Bridget
28 Brooks
Started!
60 Edi
65 Kettie
Started!
73 Jamie
73 Janean
Started!
71 Garnet
62 Norene
Started!
10 Gabrielle
1 Moira
Started!
42 Druci
41 Liz
Started!
79 Andria
84 Berenice
Started!
53 Madeleine
57 Shalne
Started!
40 Carole
46 Denys
Started!
48 Hettie
47 Malvina
Started!
78 Sibelle
69 Susanna
Started!
2 Joy
3 Pris
Started!
46 Celestia
49 Pauletta
Started!
35 Lynea
29 Stacy
Started!
51 Darda
58 Lynett
Started!
70 Cordy
71 Elaine
Started!
11 Mollee
19 Ronny
Started!
23 Adina
25 Lenore
Started!
42 Helene
41 Wrennie
Started!
100 Amelita
96 Melanie
Started!
7 Jessica
13 Kerstin
Started!
29 Babbie
24 Gracie
Started!
93 Jocelin
88 Koo
Started!
55 Evy
50 Josephina
Started!
77 Carena
73 Opal
Started!
65 Cairistiona
57 Dulcinea
Started!
2 Gayla
2 Ingeberg
Started!
44 Lila
49 Pammy
Started!
90 Dorise
89 Glynis
Started!
65 Eleonore
56 Fionna
Started!
52 Klarrisa
51 Lanita
Started!
20 Jenifer
13 Tiffany
Started!
25 Corrinne
35 Margaretta
Started!
48 Michel
38 Stephana
Started!
95 Benedicta
88 Lexy
Started!
36 Alyce
39 Loretta
Started!
20 Elwira
16 Reggie
Started!
60 Lorianna
53 Seline
Started!
5 Orelia
1 Timmy
Started!
34 Dottie
41 Oralia
Started!
80 Jacquelin
79 Maye
Started!
96 Leeann
96 Leoine
Started!
39 Collete
36 Mufi
Started!
63 Jan
63 Magda
Started!
14 Domini
24 Eimile
Started!
11 Emmey
8 Wynn
Started!
41 Carissa
47 Elfreda
Started!
71 Aurora
69 Tybi
Waiting!
57 Camila
Started!
16 Etty
20 Yoshiko
Waiting!
3 Billye
Started!
41 Cesya
41 Mirella
Started!
30 Casey
29 Gaby
Waiting!
100 Liva
Waiting!
15 Lettie
Started!
43 Betteanne
43 Rosanna
Waiting!
72 Anthia
