Started!
59 Adella
69 Bev
66 Ester
72 Fran
59 Gerrie
72 Gertrude
58 Harli
72 Layla
60 Lenna
64 Leoline
70 Lexy
72 Leyla
54 Maia
60 Mariellen
67 Marji
62 Moina
62 Nadia
70 Noreen
69 Prisca
63 Sissie
68 Vyky
61 Zorina
Started!
5 Albina
12 Brittney
14 Brynna
6 Darlene
17 Dasya
17 Denni
5 Eartha
5 Estel
17 Garland
5 Herta
9 Korney
5 Matilda
11 Paulita
17 Rey
2 Rhonda
13 Ruthann
16 Sayre
7 Shari
2 Sharia
10 Sherie
9 Valencia
17 Zorah
Started!
82 Brandie
90 Cyndia
81 Daisie
87 Deirdre
94 Elsbeth
83 Freda
76 Joletta
85 Julia
90 Karin
91 Karon
80 Lib
83 Loni
91 Luise
90 Maurizia
85 Melisse
81 Nonie
89 Pandora
86 Rosaleen
91 Rubia
85 Sasha
91 Tobye
91 Violet
Started!
32 Alanna
24 Anjela
32 Audry
25 Bette-Ann
31 Brenna
40 Cilka
35 Cinda
25 Deena
32 Del
24 Diann
24 Dotti
36 Evvy
40 Janice
29 Jeanne
43 Jesse
27 Kaitlin
43 Kimmie
34 Krysta
37 Lucine
32 Malina
38 Marigold
25 Nolana
Waiting!
72 Ailee
75 Anatola
63 Berny
83 Celisse
72 Christi
70 Cordula
81 Danni
68 Dolli
65 Fleur
71 Gwennie
65 Jacquie
75 Kerri
68 Konstance
80 Melessa
68 Michaela
73 Moyra
74 Sharron
66 Stefania
Started!
97 Arluene
98 Claudetta
96 Corabelle
96 Doralin
94 Dorree
97 Freida
100 Helaine
100 Jessica
98 Jori
96 Kial
92 Lilla
86 Lilly
96 Lorette
96 Maisey
97 Maurise
90 Nikoletta
96 Rheta
100 Rochella
86 Shellie
97 Tresa
96 Zenia
96 Zola
Waiting!
39 Ariella
59 Aveline
47 Bettine
52 Biddie
43 Chere
47 Codi
42 Dorthea
39 Fredelia
49 Ginny
51 Gracia
48 Lilah
51 Noella
44 Onida
54 Peg
56 Ricki
59 Selia
50 Verene
Waiting!
21 Bambie
23 Bobinette
18 Calli
17 Corabella
21 Cristen
21 Dale
20 Drusie
21 Emilee
28 Hilliary
27 Jaclin
12 Joete
24 Katey
12 Kippie
30 Mathilda
30 Merla
20 Milicent
17 Raina
20 Tate
31 Yolane
Waiting!
37 Brynne
37 Deedee
36 Deeyn
32 Erma
36 Evie
33 Faythe
34 Ilene
35 Lizzie
38 Lurleen
35 Tilly
Waiting!
8 Gertruda
1 Jennette
4 Peggie
1 Sal
3 Tasia
Waiting!
85 Carlynne
84 Liza
Waiting!
60 Hilde
