Started!
17 Arlana
19 Brigitte
14 Denyse
26 Drucie
29 Faustine
19 Galina
9 Gill
22 Goldie
17 Hortense
12 Jodi
17 Jordanna
11 Julia
21 Melodie
22 Michal
14 Michelle
26 Mirna
19 Nicolette
15 Othilia
28 Quinn
24 Sheila
26 Shoshanna
12 Sonnnie
28 Sosanna
26 Umeko
20 Vita
Started!
29 Agnola
29 Ameline
45 Austina
35 Bernetta
32 Betsy
35 Chandal
38 Chastity
34 Cherida
34 Denys
40 Dido
45 Elinor
43 Fanni
48 Fawnia
29 Georgeta
43 Hana
30 Hilliary
35 Jo-Ann
41 Katherine
28 Kellina
36 Kissee
48 Lenore
35 Manya
33 Milissent
42 Morganne
48 Nady
Started!
76 Abbey
74 Alika
59 Antonietta
65 Berny
60 Cassie
61 Dayna
74 Deerdre
67 Gertrude
69 Gwendolin
67 Hazel
67 Helge
70 Hortensia
75 Kylila
58 Manda
58 Marga
59 Marie
62 Rebbecca
68 Rochella
65 Susette
74 Teena
76 Terrijo
62 Tiffi
57 Toma
75 Walliw
57 Zorana
Started!
3 Anabel
11 Angy
8 Annabella
1 Brandice
4 Cami
3 Candi
6 Channa
14 Clementina
4 Dedra
2 Devi
8 Domini
12 Eachelle
2 Fidela
10 Flossie
14 Gisela
13 Hedvige
4 Helena
1 Hulda
3 Jilleen
5 Lynnelle
13 Marika
6 Marlyn
2 Olympie
3 Roxana
13 Timi
Started!
97 Abbye
95 Billi
93 Carmelina
92 Carmelita
93 Cherri
93 Denny
94 Ertha
96 Fernanda
85 Gabbi
85 Georgeanna
85 Gisella
93 Jackquelin
95 Jasmin
98 Jenda
93 Katti
89 Leah
97 Lorilyn
87 Marty
91 Merrili
91 Ofilia
86 Ray
87 Riki
90 Sileas
88 Therine
97 Valerie
Started!
52 Aurea
54 Bidget
45 Brena
62 Carline
61 Christine
55 Corliss
51 Gilbertine
58 Joey
53 Jourdan
49 Kassey
57 Kimberlyn
63 Leia
52 Lindsay
54 Maighdiln
48 Micheline
53 Morgan
56 Morissa
54 Nana
62 Nicolle
53 Sascha
43 Shannah
54 Sheri
53 Thomasina
55 Tiphany
57 Zaria
Started!
79 Allx
85 Annie
88 Annissa
82 Audie
79 Babita
81 Bathsheba
78 Delphinia
72 Demetris
79 Enid
80 Estrella
73 Fanechka
87 Gennie
83 Isadora
81 Jada
79 Janette
77 Katha
71 Lorna
84 Lorrayne
77 Margaretha
83 Min
74 Randee
77 Rozanna
73 Sabrina
81 Teri
82 Veriee
Started!
21 Benedetta
17 Bernadine
18 Collen
21 Cornelle
16 Corrina
21 Dotti
18 Evangelia
17 Fedora
18 Jandy
26 Jobey
25 Kathi
21 Lanita
24 Lauren
20 Letitia
22 Lillis
23 Margaretta
25 Mercedes
17 Mirabelle
18 Nolie
25 Ofelia
26 Otha
18 Robby
21 Samara
21 Stacey
24 Vanni
Waiting!
68 Arden
65 Fredia
73 Gae
64 Joyce
70 Mellisa
68 Mira
67 Odele
74 Pearla
68 Rafaela
70 Renie
74 Roch
67 Roselin
64 Rubia
72 Shannen
66 Valentine
74 Valry
Waiting!
35 Ainslie
42 Brenda
31 Cristabel
37 Cyndy
32 Elizabeth
32 Gnni
29 Jillian
42 Jordain
29 Kacy
38 Lissi
42 Margot
38 Shandra
39 Vinni
Waiting!
91 Caresse
95 Cassi
92 Gilberte
88 Juliane
93 Kirby
97 Mariska
98 Phaedra
92 Rosie
98 Rowena
92 Sela
94 Shirlene
91 Valida
94 Virginie
Waiting!
82 Bernadene
77 Cassy
83 Joby
83 Marcile
82 Rahal
85 Tamra
83 Viola
Waiting!
16 Darlene
14 Ellette
18 Fayina
9 Kaia
9 Kimbra
16 Mozelle
24 Pierrette
18 Rosemaria
18 Rubetta
21 Tove
Waiting!
49 Gilli
49 Korry
Waiting!
4 Lorri
7 Marjy
