Started!
8 Chastity
13 Elaina
14 Josee
4 Karrah
Started!
65 Ania
67 Brynn
75 Coraline
67 Maria
Started!
42 Hedda
50 Matty
47 Meridel
49 Peri
Started!
87 Dinny
95 Peg
90 Verina
89 Zsa
Started!
12 Hanni
14 Janith
15 Sandra
5 Valerie
Started!
29 Austina
20 Caty
22 Eula
17 Ketty
Started!
13 Deerdre
21 Dorthea
16 Lanita
22 Sisely
Started!
39 Beilul
34 Gertrude
37 Shela
43 Tanitansy
Started!
55 Georgeanna
53 Geraldine
62 Liz
49 Ollie
Started!
15 Beret
15 Hedwig
8 Marji
1 Viviana
Started!
75 Alta
74 Gilligan
69 Ofilia
70 Phaedra
Started!
70 Catharine
72 Judi
74 Naomi
72 Violetta
Started!
37 Agatha
47 Dorey
44 Karel
48 Manya
Started!
18 Ailee
33 Aline
27 Annalee
26 Arlana
Waiting!
98 Norri
Waiting!
68 Dulcy
74 Othilia
Waiting!
4 Sheri
Waiting!
45 Ilsa
61 Odelle
53 Viola
