Started!
51 Abigael
50 Aigneis
48 Astra
59 Brandi
63 Bryana
47 Carmelina
51 Caroline
45 Desdemona
52 Gilbertina
57 Joanne
57 Josi
52 Jourdan
46 Kaila
55 Karrah
48 Kathrine
51 Keeley
48 Latrena
61 Latrina
52 Libbi
48 Maria
45 Maryanne
61 Matty
50 Michaelina
50 Nicolle
48 Paulette
64 Quinta
49 Sallyanne
51 Steffi
65 Virginie
45 Yasmin
Started!
26 Anna
36 Caralie
30 Cristie
33 Delinda
36 Dolorita
23 Ebba
29 Enriqueta
28 Fernandina
39 Idell
38 Jonie
34 Keriann
20 Mag
23 Magda
34 Marley
24 Melinde
25 Misty
39 Nanine
22 Naoma
29 Nolie
35 Odele
32 Odelle
20 Pavla
24 Robbie
19 Roda
27 Susie
32 Tate
35 Verine
30 Vickie
28 Yasmeen
21 Ynes
Waiting!
3 Annemarie
2 Audi
9 Beret
7 Candide
11 Cari
9 Danni
7 Dre
1 Eddy
4 Jordan
2 Keslie
7 Lorilyn
1 Maegan
3 Naomi
10 Pattie
8 Pearle
6 Priscilla
4 Rebbecca
11 Sibbie
7 Therese
3 Veronika
Started!
85 Barbi
94 Blisse
91 Christi
95 Ciel
95 Darell
92 Emera
96 Fionna
88 Freida
95 Irena
98 Jasmine
83 Juliann
93 Kellyann
87 Leelah
86 Marje
92 Meggy
100 Melany
97 Merrily
99 Mil
97 Nessa
96 Odessa
92 Orelia
90 Peri
88 Randy
89 Rosetta
81 Sabina
88 Saloma
91 Shirline
98 Vonni
95 Wallis
93 Yelena
Waiting!
16 Candi
15 Colene
18 Edythe
15 Erika
18 Judith
16 Kathryn
19 Lindsy
23 Oliy
24 Ramona
18 Rory
17 Wanids
Waiting!
72 Ashlie
73 Berry
72 Brynn
75 Camel
66 Cammie
77 Cathyleen
76 Cleopatra
76 Ekaterina
67 Emelda
67 Geraldine
65 Giulietta
68 Idette
65 Ilysa
70 Jacquelynn
67 Jolyn
78 Kimberli
68 Kirbie
76 Othilia
75 Shandy
72 Tera
79 Willetta
Waiting!
35 Aleen
50 Anderea
33 Charin
33 Daloris
43 Elva
44 Jeanette
42 Lucille
34 Ludovika
48 Madalyn
43 Marji
44 Maye
50 Reine
43 Rosie
51 Talyah
37 Teri
43 Valida
40 Virgina
Waiting!
32 Benedetta
31 Carmella
27 Imojean
28 Melesa
28 Prue
28 Suzi
Waiting!
58 Concettina
57 Constantine
Waiting!
100 Nanny
Waiting!
87 Ardith
84 Pandora
