Started!
30 Adrea
43 Bethanne
30 Bibbye
31 Bunnie
27 Caril
41 Cathrine
29 Cherie
41 Chrissie
34 Crissy
33 Dayle
36 Eloisa
40 Elora
43 Emma
45 Gerianne
44 Kayla
35 Modestia
38 Raven
33 Silvana
43 Tana
36 Valeda
40 Vanya
31 Winnie
29 Yetty
Started!
53 Auria
55 Betti
61 Brigida
47 Chelsae
65 Christiane
65 Deonne
53 Dyana
58 Eleen
54 Fiann
65 Kaitlynn
61 Katherina
65 Kris
65 Kylynn
51 Lynnea
58 Marni
60 Minda
62 Myrlene
51 Phaidra
47 Rosaline
54 Rozamond
48 Serena
51 Sheela
49 Tessi
Started!
87 Chrystel
89 Claudette
82 Deane
79 Emmalyn
87 Heida
87 Honoria
84 Hyacintha
87 Jacinta
78 Janaye
84 Josepha
87 Justine
91 Kathlin
80 Lavinie
87 Lynette
90 Morgana
97 Rania
87 Selle
79 Sharlene
95 Tarra
78 Theodora
84 Tracy
92 Truda
84 Veda
Started!
24 Angelia
18 Blancha
16 Chiquita
23 Corliss
28 Danette
22 Daphna
18 Debor
13 Dolorita
18 Dorisa
19 Felicity
12 Fredelia
12 Genevieve
16 Gussie
17 Hailee
14 Jessy
20 Karilynn
17 Kissiah
13 Lanae
13 Laraine
15 Mallissa
13 Rici
23 Silvia
25 Sydel
Started!
69 Bathsheba
77 Brigitte
68 Carina
76 Cary
73 Dale
85 Genny
75 Halley
83 Hannah
68 Helen
81 Johanna
79 Ketty
75 Laryssa
71 Lorry
72 Madeline
68 Maire
73 Mil
83 Natalee
67 Odetta
76 Phelia
73 Raynell
70 Sherry
73 Valli
74 Wilona
Started!
10 Coraline
5 Cristal
8 Dian
7 Dody
4 Faye
6 Fernanda
16 Gretel
1 Guinevere
7 Hannie
7 Isahella
13 Jackie
3 Lanette
3 Lil
1 Lucine
14 Lynea
9 Melli
2 Mignon
8 Noni
6 Onida
13 Ree
4 Tamiko
15 Tiena
15 Wallis
Started!
100 Amelia
98 Arlena
97 Carma
94 Charlean
88 Codie
89 Daron
100 Delora
100 Ealasaid
100 Emera
98 Gretal
95 Jany
91 Lynnet
99 Milissent
99 Phillis
100 Roseann
89 Shoshanna
92 Sidoney
98 Sonnie
93 Ursa
88 Valera
89 Veriee
100 Willetta
97 Wrennie
Started!
36 Adriana
26 Babette
25 Beilul
22 Carie
24 Conchita
32 Daniela
29 Doris
24 Golda
37 Greta
31 Jannelle
35 Jennette
22 Jess
29 Katrinka
25 Larisa
28 Leonanie
24 Marcela
40 Martelle
34 Meredithe
35 Nikoletta
32 Odille
38 Olia
36 Othelia
28 Tedra
Waiting!
21 Aimil
21 Allegra
18 Cairistiona
21 Drusilla
7 Ellene
18 Ianthe
25 Kalila
20 Magdaia
21 Mavis
17 Norri
22 Patsy
17 Reeta
Waiting!
63 Aidan
56 Anthia
63 Carena
55 Charlotta
51 Colly
49 Helenka
55 Idell
64 Julina
57 Latrina
56 Lynne
56 Norean
59 Sadella
49 Tedi
52 Tommi
51 Verene
49 Winna
54 Zia
Waiting!
37 Aeriel
43 Drusy
45 Emyle
43 Georgiana
45 Kaitlyn
43 Madella
40 Ninon
Waiting!
85 Camella
86 Edeline
83 Elinore
91 Mead
82 Michaelina
83 Nicolette
72 Nicoline
92 Noel
76 Rosette
Waiting!
93 Augusta
96 Briney
96 Corette
95 Ericka
96 Winonah
Waiting!
3 Adriena
