Started!
46 Allix
28 Carina
43 Cherye
32 Jillene
38 Kylynn
45 Lelah
46 Lisa
35 Lyn
31 Lynnell
38 Madelene
35 Maris
29 Verna
Started!
64 Alexandrina
62 Annis
66 Caroljean
69 Catharina
72 Cloe
57 Eada
59 Farand
73 Isabelita
62 Jeni
65 Jerrilyn
58 Maritsa
72 Umeko
Waiting!
6 Aarika
8 Devonna
3 Gill
5 Gilligan
8 Jasmin
3 Katherina
9 Kelli
2 Miranda
5 Shea
Started!
70 Annie
76 Bari
76 Diane-Marie
83 Gisela
82 Jenine
80 Mandy
77 Margaretha
78 Marisa
83 Patsy
85 Prudence
85 Sybila
87 Uta
Started!
21 Bibi
26 Carlin
27 Cathleen
20 Charlene
35 Delcina
27 Delora
17 Elli
18 Joann
31 Luci
23 Maddi
29 Milena
29 Sheelagh
Started!
100 Cara
94 Ermengarde
91 Franky
89 Heddi
98 Kandy
91 Karisa
97 Kay
94 Kynthia
93 Lianna
99 Maia
89 Marguerite
95 Sibley
Waiting!
53 Deva
43 Dora
49 Faustina
62 Jen
53 Wilona
Waiting!
16 Cheryl
15 Janeta
15 Moria
Waiting!
28 Amandie
38 Elianora
Waiting!
72 Audi
75 Kimberly
74 Taryn
76 Ulrica
