Started!
87 Camila
91 Hallie
98 Jenilee
97 Micheline
99 Rafaelita
91 Starlene
95 Yetty
Started!
14 Cally
7 Dore
15 Dorolisa
17 Keslie
13 Quintilla
6 Ruthann
3 Sharleen
Started!
42 Collete
51 Daffie
50 Doti
43 Josy
32 Mandie
42 Nanon
41 Rubina
Started!
61 Arly
46 Florry
43 Guinna
61 Jaquith
59 Petronella
52 Terrye
52 Wendye
Started!
21 Amalea
28 Carrie
26 Dodi
30 Marjy
25 Sisile
27 Val
30 Zenia
Started!
64 Adara
73 Beret
63 Casie
65 Emilie
71 Flori
66 Lucie
61 Martha
Started!
91 Alis
85 Brandy
84 Gusti
77 Jayme
84 Natassia
80 Ora
76 Randee
Started!
24 Amitie
28 Elissa
19 Gladi
19 Jamima
23 Judy
14 Milicent
26 Rosella
Started!
29 Evangelina
38 Gray
44 Kristien
44 Natalina
30 Penny
37 Rae
35 Sibeal
Started!
20 Adorne
18 Ermina
30 Kirsten
22 Nathalia
24 Sarine
26 Siana
16 Wally
Started!
12 Deb
14 Georgie
13 Hilda
7 Isabelle
13 Lolita
7 Marnia
10 Rhianon
Started!
81 Amata
92 Blisse
80 Con
84 Hilde
92 Leda
84 Tory
90 Veronica
Started!
67 Berenice
70 Corrina
67 Cortney
64 Georgetta
69 Jaimie
60 Marissa
60 Winnah
Started!
49 Eolanda
33 Eunice
34 Galina
35 Laryssa
43 Melly
37 Nissie
37 Sheelah
Started!
21 Cassy
39 Elna
23 Issi
30 Meghann
28 Selma
26 Sharline
20 Wenda
Started!
83 Chelsy
86 Darci
81 Delphine
80 Flossi
80 Lenka
86 May
91 Teri
Started!
56 Adrea
62 Bridget
60 Cristie
57 Deonne
61 Evelina
62 Fran
59 Kathlin
Started!
19 Barb
20 Cathryn
3 Cherye
20 Melloney
21 Pen
12 Petronia
22 Trixie
Started!
30 Adriane
40 Cayla
37 Felita
43 Frankie
42 Gwenore
45 Hildagarde
36 Phylis
Started!
66 Anabella
75 Eveleen
69 Gilberte
67 Idelle
67 June
58 Marie-Jeanne
69 Winona
Started!
61 Antonina
63 Carly
56 Elaine
61 Jacenta
49 Lari
56 Lena
63 Tania
Waiting!
45 Ardys
37 Elsa
39 Lenette
47 Rosabelle
Started!
75 Cassaundra
83 Dedra
79 Francoise
77 Gael
77 Oliy
76 Shanda
81 Tessy
Started!
30 Barbette
10 Dayna
20 Germana
25 Kaela
19 Maisey
17 Mikaela
22 Vicky
Started!
34 Berny
29 Caroljean
23 Cass
34 Danni
32 Kathi
26 Mickie
33 Petrina
Waiting!
97 Beatrisa
94 Daune
100 Laurice
Waiting!
77 Brinna
61 Monica
68 Sayre
Waiting!
1 Chiquia
2 Giralda
12 Lelia
6 Ninette
Waiting!
17 Alysa
18 Minnaminnie
13 Zilvia
Waiting!
85 Carlye
88 Joletta
80 Katherina
