Started!
40 Alexa
45 Camella
46 Chicky
42 Edna
37 Elvera
40 Georgeta
48 Jillana
50 Kristen
40 Maribelle
33 Maybelle
48 Melita
44 Orelee
33 Ralina
38 Rebecka
38 Sarette
31 Shirl
30 Tara
40 Terra
Started!
82 Cathi
90 Cathy
73 Chelsey
87 Clementine
74 Darbie
91 Dawn
74 Gena
75 Gerda
87 Josephina
83 Kassi
74 Leann
77 Lulita
92 Moira
81 Orelia
87 Petronella
81 Shandee
73 Vivienne
81 Winny
Started!
10 Berenice
24 Didi
16 Eachelle
17 Ellette
18 Jada
14 Janene
25 Joceline
10 Katina
7 Kippie
15 Lezlie
23 Megan
20 Mellicent
8 Millicent
20 Monica
16 Paloma
18 Quinn
6 Rosette
24 Taryn
Waiting!
29 Bari
29 Beryle
26 Britney
28 Candis
27 Daphene
29 Darya
30 Dolli
20 Holli
29 Julina
26 Kirby
24 Lynnea
20 Malinde
19 Michaelina
29 Nicole
39 Penelope
Started!
55 Anthia
56 Camellia
56 Carina
67 Chantalle
57 Elbertine
62 Emili
62 Ethelyn
60 Henka
63 Jacquette
68 Leia
61 Marena
70 Nani
70 Othilie
63 Rebeka
60 Renie
68 Rubi
64 Selma
69 Ynez
Waiting!
96 Arlie
99 Bette
93 Delcina
99 Dominica
93 Farrand
93 Isabelita
96 Kenna
90 Lindsey
92 Mariana
96 Merle
94 Noelani
100 Pru
99 Sally
95 Wini
Waiting!
11 Cherie
3 Eartha
8 Elene
8 Idell
2 Marianna
4 Merci
10 Oralee
5 Shandy
Waiting!
43 Alexandrina
59 Beilul
52 Cecelia
52 Dede
44 Juana
58 Kathye
59 Leland
56 Minne
53 Sallie
Waiting!
73 Adelind
84 Cally
73 Charmine
78 Gerta
74 Karlie
86 Karlotte
82 Leeann
82 Lethia
87 Ranique
81 Retha
81 Riannon
74 Rina
77 Roseanne
85 Sarene
86 Shelby
83 Tandie
Waiting!
70 Arlena
64 Ashli
66 Bobbe
65 Brigitte
72 Emmalyn
64 Eveleen
65 Kaitlynn
66 Myrle
68 Tessa
71 Tootsie
Waiting!
17 Catherin
18 Jerrilyn
15 Vonni
Waiting!
41 Dora
40 Serene
