Waiting!
12 Adriana
14 Agnella
21 Antoinette
17 Benedicta
22 Bobbette
13 Karlee
25 Kendre
14 Leia
19 Merl
17 Orelia
17 Rhetta
18 Rosalyn
22 Rubi
29 Vevay
Waiting!
99 Bridie
90 Carol-Jean
94 Emmalyn
98 Idell
90 Maribelle
99 Martha
91 Tabbi
93 Vivian
Waiting!
42 Ayn
38 Berenice
33 Celene
42 Joceline
34 Kissie
40 Lindsey
37 Nani
37 Prudi
40 Sandy
49 Shelagh
38 Tamara
Waiting!
57 Ann
60 Cathleen
64 Chicky
53 Daniella
55 Darcey
65 Eleanore
58 Faith
55 Gabie
59 June
58 Mirabelle
59 Stormi
58 Tomasina
Waiting!
80 Brietta
82 Cynthy
88 Elsi
87 Guillema
82 Hanna
81 Helga
72 Neala
Waiting!
4 Ainsley
11 Babette
4 Dita
10 Genna
4 Hermine
Waiting!
66 Carolee
