Started!
74 Alys
66 Fiona
64 Harmony
82 Leia
Started!
4 Faith
17 Michaela
13 Orelia
13 Vivianna
Started!
86 Bari
99 Ilysa
95 Lauryn
92 Veronica
Started!
43 Ertha
39 Helli
47 Maxi
46 Olivia
Started!
62 Annnora
58 Flori
53 Melessa
61 Wendy
Started!
22 Benedicta
26 Pierrette
33 Tabbi
25 Tamara
Started!
61 Josee
67 Melamie
62 Melina
66 Tine
Started!
89 Bathsheba
82 Consuelo
99 Gwenneth
92 June
Started!
54 Ardine
62 Corabella
52 Lilia
47 Livia
Started!
38 Coral
29 Eula
41 Hollyanne
33 Simonne
Started!
13 Happy
9 Kellsie
8 Marin
3 Roxanne
Started!
72 Ammamaria
81 Danny
70 Loria
69 Nert
Started!
62 Cecile
60 Lorrie
72 Rosaleen
64 Yolane
Started!
81 Fina
73 Hortensia
71 Kristen
73 Mirelle
Started!
13 Brietta
22 Gisela
13 Miguelita
18 Morena
Started!
35 Hyacinthe
44 Joelie
37 Rosabelle
38 Simone
Started!
24 Allix
18 Gerianne
30 Marena
16 Merle
Started!
84 Callida
88 Christen
93 Georgia
93 Lettie
Started!
64 Corrianne
59 Frieda
61 Karil
55 Malia
Started!
77 Dedra
75 Karlotte
67 Kym
84 Sidonia
Started!
59 Biddy
56 Cariotta
60 Verla
66 Vivien
Started!
19 Cybill
28 Nedi
32 Rianon
21 Willetta
Started!
3 Darryl
2 Gratiana
1 Leigha
8 Moyna
Started!
16 Bobette
13 Kitty
12 Pearla
10 Peri
Started!
37 Carlita
36 Tiffany
46 Viki
42 Winona
Started!
26 Andee
25 Nesta
27 Nettle
26 Nicolina
Started!
99 Jada
91 Jemmie
100 Miriam
100 Sher
Started!
62 Claudette
57 Darice
48 Justinn
48 Silvie
Started!
78 Brittne
71 Joceline
74 Larine
83 Marrilee
Started!
20 Kelcie
7 Livvyy
18 Lynnea
13 Sisely
Started!
97 Alleen
98 Becka
98 Mariana
92 Morganica
Started!
26 Avril
34 Faye
33 Kalina
20 Wenda
Started!
52 Ailis
44 Carolyne
42 Sidoney
46 Willy
Started!
71 Adel
81 Anneliese
81 Kathye
90 Tomasine
Started!
30 Bobby
27 Effie
30 Jessamine
31 Vikky
Started!
20 Carmelle
11 Di
4 Hanny
7 Sallee
Started!
57 Aeriela
58 Corilla
65 Nady
54 Olia
Started!
49 Floria
34 Janeta
35 Katerine
41 Nikolia
Started!
90 Gwyneth
86 Margalit
80 Nathalie
79 Trina
Started!
30 Augusta
26 Aura
26 Lynnette
18 Manda
Started!
82 Luci
75 Malanie
73 Nell
74 Tracee
Started!
70 Jasmine
67 Juliane
63 Nicoline
55 Rhoda
Started!
5 Aidan
1 Dyane
11 Mariska
6 Sapphire
Started!
32 Fawne
38 Josepha
41 Myrtice
41 Sianna
Started!
58 Dasya
66 Isis
49 Samantha
66 Tessie
Started!
99 Bryana
97 Kata
92 Katrina
91 Kiele
Started!
19 Candida
27 Catarina
18 Jerry
16 Stacey
Started!
73 Clari
75 Horatia
64 Modesty
76 Nataline
Started!
49 Cassy
47 Gussy
51 Minne
58 Sharline
Waiting!
11 Aviva
4 Jeanie
10 Matilde
Waiting!
37 Kora
32 Lanae
34 Milena
Waiting!
84 Adelle
86 Blythe
87 Drusilla
Waiting!
19 Amandie
Waiting!
96 Kara-Lynn
Waiting!
69 Cicely
63 Martguerita
61 Nerti
