Started!
66 Angeline
70 Aundrea
60 Bliss
63 Dorey
64 Emmye
77 Thomasin
79 Tova
Started!
4 Bari
8 Cory
3 Cristie
3 Erin
12 Giselle
7 Nancy
16 Theo
Started!
39 Bibi
34 Lyndell
42 Malia
29 Opaline
46 Robenia
36 Terrye
36 Verile
Started!
97 Ardyth
94 Bebe
99 Diandra
86 Doria
87 Gwenora
90 Kacy
94 Rose
Started!
53 Bambie
63 Cari
63 Carry
56 Dorrie
48 Garland
54 Josi
55 Meredith
Started!
14 Brigitta
28 Carmelina
15 Dayna
25 Helyn
19 Misty
27 Saidee
22 Veronike
Started!
71 Arlinda
82 Carlynne
68 Darcy
71 Elissa
83 Gwendolyn
71 Janice
77 Rochette
Started!
35 Catina
44 Mehetabel
43 Ralina
47 Shaylynn
37 Suki
36 Virgina
42 Wenda
Started!
6 Ag
8 Cyb
16 Debora
5 Peggi
4 Sapphira
2 Sherri
8 Suzanne
Started!
17 Astra
18 Benedetta
32 Heather
29 Jacinta
28 Jada
18 Twyla
25 Ulrica
Started!
95 Ainsley
93 Avie
91 Bert
89 Gwenny
92 Kandy
90 Shirlene
94 Veronica
Started!
15 Carmelle
15 Dulcie
11 Gertruda
15 Ida
6 Linnie
12 Odelia
2 Odetta
Waiting!
55 Alisha
52 Christa
57 Roda
Waiting!
31 Jessika
23 Maxie
Waiting!
38 Emlynn
46 Georgeanne
38 Oneida
Waiting!
95 Ame
86 Danila
Waiting!
2 Susanna
Waiting!
83 Trudie
