Started!
71 Andriana
64 Bernardine
69 Caty
70 Cleo
76 Dale
60 Fiann
70 Gilligan
61 Glory
73 Hyacinthe
75 Luise
79 Maegan
77 Meriel
73 Miranda
60 Rayna
78 Viola
Started!
87 Ainslie
97 Alvera
85 Carita
91 Cyndy
81 Donnie
94 Justinn
85 Katine
90 Korney
88 Lizzie
82 Lorianna
97 Marigold
85 Marni
84 Mommy
95 Simone
96 Tessa
Started!
29 Cherry
28 Cicily
36 Devin
30 Gene
44 Gerianne
45 Korella
34 Lia
40 Madonna
38 Olympie
32 Pammy
34 Ruperta
35 Sileas
41 Sissy
40 Vanya
38 Violetta
Started!
6 Alysia
14 Austin
5 Briana
8 Cosette
5 Ethelyn
4 Genovera
13 Gina
14 Hermione
12 Lavinie
4 Lillian
12 Mariette
12 Merline
7 Randene
5 Regine
7 Taffy
Started!
18 Alameda
13 Ardine
20 Augustina
13 Coriss
22 Denna
25 Elianore
15 Fanya
15 Gabbey
15 Holly
19 Kali
22 Lanette
16 Lisetta
19 Nana
23 Willa
8 Yevette
Started!
47 Adorne
54 Beatrice
58 Bertina
52 Billi
55 Charis
49 Cyndia
47 Emeline
58 Franciska
52 Gisela
47 Kaye
50 Patrizia
56 Starla
56 Sybila
49 Tabbatha
51 Wendy
Started!
43 Beth
36 Bobine
31 Breanne
26 Cam
28 Carlotta
38 Celestine
26 Cheryl
41 Clem
38 Dahlia
29 Florry
31 Jaclin
32 Malina
34 Meggie
31 Randie
42 Sharai
Started!
99 Abbie
88 Ariadne
86 Ashli
93 Berri
89 Bianka
88 Bill
94 Essy
92 Flory
96 Honor
89 Libby
100 Marianna
97 Sherrie
95 Thea
100 Trula
94 Vere
Started!
83 Bertha
78 Estele
78 Horatia
82 Jody
65 Kirstyn
79 Lorena
82 Lynnette
74 Marysa
83 Michaelina
67 Rana
65 Robbyn
74 Shoshana
75 Sibyl
77 Terry
81 Tiphany
Started!
62 Cherrita
54 Dorena
55 Em
55 Fina
60 Haily
69 Janean
59 Jillie
56 Meara
59 Melisandra
53 Nadiya
61 Nola
63 Sheelagh
70 Terra
53 Ursola
53 Valerye
Waiting!
11 Annissa
2 Chrystal
3 Denni
1 Emmy
9 Jessi
11 Kyrstin
1 Libbie
11 Melonie
6 Noel
5 Peggy
6 Perrine
Started!
28 Amye
14 Arlie
24 Barbe
14 Bertie
19 Brigit
16 Cordula
18 Dolorita
19 Edee
21 Florida
14 Gertrud
16 Karie
14 Pandora
16 Rosetta
29 Sidonia
14 Vita
Waiting!
47 Alana
42 Ardene
41 Danit
48 Drucy
37 Genevieve
49 Hatti
43 Imogene
49 Latia
37 Ola
48 Tabbie
Waiting!
71 Allyson
79 Colene
76 Eveleen
71 Grete
76 Margo
80 Olimpia
69 Risa
Waiting!
83 Beverie
90 Golda
88 Libbey
93 Shelbi
Waiting!
29 Cherianne
36 Joelle
34 Mufinella
35 Sherry
28 Tallulah
Waiting!
99 Heida
Waiting!
22 Bellina
17 Bettina
18 Dosi
15 Susie
