Started!
97 Bria
99 Corine
99 Cymbre
89 Darla
98 Rosie
95 Sissie
97 Sonia
91 Vivienne
Started!
6 Chelsy
5 Clementina
8 Emmalyn
10 Jennica
1 Kacey
12 Lonni
9 Lyn
4 Veriee
Started!
66 Chrysler
67 Helaina
76 Irina
69 Leigha
73 Lucine
85 Mame
81 Marisa
75 Misty
Started!
32 Abbe
26 Ailina
23 Cherey
28 Kesley
25 Lilia
31 Lotty
27 Truda
35 Velma
Started!
36 Angel
47 Lynna
43 Penelope
48 Phaidra
47 Riva
45 Sam
43 Selena
38 Zelma
Started!
64 Andree
62 Bea
70 Birdie
55 Blakelee
68 Charity
54 Esma
58 Juieta
60 Mariellen
Started!
84 Ailyn
85 Aubree
77 Cheslie
85 Hortensia
78 Imogene
85 Kerrie
84 Rachel
84 Sadie
Started!
75 Athena
73 Cherrita
61 Lizbeth
71 Mira
69 Orelie
69 Siobhan
62 Tillie
63 Wilma
Started!
32 Becky
36 Dela
39 Dinah
31 Lisha
39 Liza
30 Myrtice
41 Petunia
46 Prue
Started!
5 Aila
11 Amberly
17 Chryste
2 Gloriane
17 Harlie
2 Iolanthe
20 Rosemaria
20 Tommi
Started!
58 Cora
58 Estel
58 Idell
64 Josephina
58 Marlyn
49 Oralle
55 Seline
47 Tamara
Started!
36 Ainslie
29 Annabal
24 Etheline
37 Fredrika
37 Merla
27 Shari
20 Sharline
35 Sheree
Waiting!
39 Fidelia
38 Frankie
30 Heidie
33 Linnie
Started!
84 Alia
78 Alicia
88 Annaliese
75 Jazmin
73 Kaylyn
82 Kipp
81 Lianna
79 Randene
Waiting!
3 Benoite
5 Joleen
5 Karlen
5 Marylinda
8 Sari
Waiting!
97 Johanna
90 Natasha
93 Paule
91 Sibeal
Waiting!
53 Corrinne
52 Natalie
50 Starla
61 Vicky
Waiting!
21 Kellyann
