Started!
86 Ardene
91 Ashely
96 Catrina
97 Fae
93 Gabbie
89 Helen
78 Indira
82 Jackquelin
85 Jenine
88 Jolee
83 Joly
92 Joycelin
87 Karmen
82 Krista
87 Leela
78 Maggie
92 Mara
77 Marissa
87 Miquela
96 Mirelle
87 Myrtie
84 Nara
82 Saraann
79 Yvette
Started!
36 Alfy
41 Antonella
40 Betty
44 Cindie
42 Cybill
28 Elysha
34 Felipa
46 Gabey
34 Gnni
35 Hinda
36 Hynda
35 Jobina
43 Kathy
29 Koralle
30 Lia
32 Merrill
44 Nancey
40 Nert
37 Pia
33 Sharl
46 Sheelagh
34 Sianna
41 Stephi
37 Tandy
Started!
63 Alanna
61 Allie
62 Caitrin
59 Catherina
56 Claudine
62 Cymbre
72 Dulcy
56 Elizabeth
61 Faun
59 Hetti
71 Kania
53 Karyn
58 Kathlin
68 Liesa
72 Loreen
66 Michelina
63 Moina
71 Norine
70 Sondra
65 Star
65 Sybyl
71 Valaree
71 Valry
58 Vikki
Started!
11 Alta
13 Ameline
24 Berenice
21 Crissie
15 Cyndie
31 Elyse
22 Gaby
14 Honey
17 Jori
12 Lizbeth
27 Loni
30 Lucita
23 Nariko
24 Nita
12 Pearle
28 Prisca
26 Quinta
25 Quintina
16 Ruperta
19 Sean
16 Shayne
21 Tracy
11 Wendye
24 Wilhelmina
Started!
46 Ashley
47 Camila
47 Cathlene
51 Chloe
49 Daria
52 Eleonore
43 Esma
50 Fania
48 Genovera
56 Gerta
49 Hermia
52 Jada
48 Jerrilee
50 Josephina
47 Kimberlee
52 Lanny
43 Leese
47 Loralee
56 Madelena
40 Mommy
47 Priscella
44 Raye
50 Rebeca
58 Tessa
Started!
6 Billie
12 Carolynn
8 Celisse
5 Cherye
4 Deanne
8 Donnie
1 Dorice
4 Dorotea
5 Dorothee
1 Fianna
7 Georgena
7 Gerladina
1 Gretal
3 Hilliary
10 Isabella
5 Jordan
7 Kaja
4 Marcelia
10 Maude
10 Ninon
1 Staci
2 Sue
8 Wenona
1 Zorine
Waiting!
98 Anallese
91 Audry
99 Calypso
90 Charissa
90 Corliss
97 Denys
95 Ellen
100 Faydra
98 Ileane
91 Isabelita
94 Jo-Ann
95 Lesley
89 Linea
100 Nancie
98 Penny
89 Valina
92 Vinnie
Started!
74 Abra
81 Amy
74 Brooks
73 Carmine
69 Catarina
72 Celestyna
75 Emily
69 Emogene
73 Ermengarde
67 Fredi
64 Gennifer
74 Janna
78 Kari
69 Laural
75 Madlin
74 Melisande
68 Olympia
76 Pattie
83 Rebecca
80 Rina
66 Rozamond
74 Saree
66 Tiphani
81 Twila
Waiting!
26 Adan
35 Carrissa
35 Glenine
32 Halley
37 Hyacinthe
32 Jenica
36 Joellyn
35 Kylynn
35 Leelah
33 Lucienne
35 Neely
24 Novelia
28 Renelle
33 Sarah
37 Theressa
32 Thomasin
37 Tierney
Waiting!
62 Bamby
63 Beatrice
63 Blinnie
62 Dion
63 Friederike
69 Jennica
54 Jolene
62 Marlo
62 Ninetta
63 Rhody
62 Shane
63 Viki
60 Walliw
Waiting!
87 Alexina
87 Cosetta
85 Denni
86 Ibbie
Waiting!
15 Elsa
21 Tiff
Waiting!
43 Astrix
46 Philippa
