Started!
96 Jocelyn
98 Karoline
Started!
68 Agneta
62 Rosalind
Started!
46 Nolie
38 Star
Started!
9 Nicky
14 Nikoletta
Started!
51 Bel
52 Daveen
Started!
25 Maudie
32 Vyky
Started!
46 Dania
55 Darcee
Started!
65 Eddy
64 Gerianne
Started!
9 Annecorinne
3 Ashley
Started!
93 Melania
91 Zulema
Started!
60 Buffy
61 Eve
Started!
49 Inna
47 Lauri
Started!
71 Karlyn
75 Kathleen
Started!
10 Ailyn
5 Emmeline
Started!
34 Mabel
40 Maressa
Started!
78 Gabie
71 Leanor
Started!
43 Carina
37 Teresina
Started!
39 Pavia
42 Starla
Started!
11 Heda
3 Joice
Started!
7 Betteanne
1 Raychel
Started!
21 Tana
16 Vally
Started!
44 Cari
44 Doll
Started!
11 Chantal
3 Charo
Started!
59 Josselyn
51 Sheryl
Started!
22 Donny
27 Shoshana
Started!
62 Carrie
52 Tobi
Started!
44 Lonna
38 Marabel
Started!
52 Anni
57 Susanne
Started!
84 Jany
87 Marigold
Started!
88 Coralyn
92 Juanita
Started!
23 Augustine
20 Margareta
Started!
63 Charisse
66 Sheila
Started!
36 Ange
33 Sidonnie
Started!
7 Cristen
10 Regine
Started!
71 Brandi
67 Lelah
Started!
55 Ardra
47 Chelsie
Started!
76 Lisha
79 Moll
Started!
41 Cthrine
37 Julia
Started!
90 Aliza
94 Phyllys
Started!
41 Loreen
41 Pet
Started!
6 Hilde
5 Steffi
Started!
19 Lacie
27 Veronica
Started!
45 Leonore
52 Tierney
Started!
25 Alisha
19 Arlette
Started!
79 Darryl
72 Isadora
Started!
97 Barbara-Anne
96 Lynne
Started!
55 Mariette
56 Oliy
Started!
21 Josephina
29 Sheree
Started!
21 Fredi
16 Gaynor
Started!
96 Bibi
87 Pavla
Started!
91 Christyna
85 Ethelyn
Started!
30 Effie
37 Jenifer
Started!
70 Aurelia
79 Carley
Started!
30 Aubry
26 Cathi
Started!
6 Jenny
10 Jolene
Started!
87 Jodee
90 Kaylil
Started!
70 Doralyn
63 Gunilla
Started!
32 Bridie
32 Katheryn
Started!
79 Arlee
76 Berna
Started!
2 Corrinne
6 Kristy
Started!
51 Hallie
55 Olva
Started!
98 Kizzie
88 Tracy
Started!
12 Agnese
5 Carine
Started!
16 Berti
17 Krystle
Started!
46 Alyse
56 Billye
Started!
75 Cyndy
65 Tera
Started!
33 Aurora
30 Fianna
Started!
34 Gabriell
38 Reine
Started!
61 Nola
59 Norah
Started!
19 Felipa
19 Johna
Started!
59 Charleen
67 Seka
Started!
52 Aeriela
47 Murial
Started!
49 Ann-Marie
39 Glenine
Started!
61 Beverly
52 Erica
Started!
7 Claretta
7 Giselle
Started!
30 Camille
25 Enrika
Started!
72 Allix
70 Laurel
Started!
90 Babb
91 Bellanca
Started!
39 Bibbie
36 Kassi
Started!
71 Candie
61 Consuelo
Started!
53 Olympe
55 Paige
Started!
29 Marsiella
33 Norean
Started!
89 Renie
95 Shayne
Waiting!
100 Coretta
Started!
78 Gerrilee
88 Shandra
Started!
55 Toinette
59 Wynny
Waiting!
10 Deirdre
Started!
34 Sybil
30 Tessi
Started!
45 Deerdre
53 Shena
Started!
76 Agace
77 Sandye
Waiting!
31 Leta
