Started!
22 Alyssa
20 Babette
17 Christye
23 Effie
24 Gertrude
15 Veradis
Started!
45 Elysia
45 Johannah
36 Lee
36 Ora
39 Petra
47 Sue
Started!
9 Bernadine
1 Deloria
7 Dena
2 Devon
2 Kirsti
3 Peri
Started!
58 Auroora
62 Basia
68 Charmaine
60 Deanna
74 Ellie
59 Eustacia
Started!
96 Cherry
93 Darell
92 Ezmeralda
90 Fredericka
97 Pam
92 Shari
Started!
29 Almeda
42 Brigitte
26 Dani
28 Filia
36 Helen
33 Ronna
Started!
51 Carlotta
51 Elaina
45 Halie
37 Marleah
51 Rosaline
45 Tani
Started!
82 Gerda
83 Karon
83 Nicoline
85 Sheree
86 Trixy
74 Viola
Started!
21 Gianna
21 Kelcie
17 Kylila
12 Nelle
11 Rica
15 Teddie
Started!
1 Babbette
8 Bren
9 Jacky
1 Jenn
4 Kiele
4 Roxane
Started!
62 Brita
66 Glenn
78 Jourdan
69 Malanie
66 Nicholle
69 Tally
Started!
57 Bernardine
66 Celesta
57 Christian
58 Delcine
56 Elvira
66 Nerissa
Started!
77 Claudina
88 Jacquelin
80 Norri
82 Pamela
86 Rachelle
84 Ruthann
Started!
31 Analiese
29 Cheryl
20 Courtenay
26 Janna
35 Jorry
29 Renate
Started!
48 Alix
44 Farand
46 Florie
31 Jorie
41 Loren
47 Melinda
Started!
17 Bebe
13 Dorelia
10 Geralda
11 Ninon
15 Saba
15 Wynny
Started!
71 Beverley
63 Gerti
70 Harrie
66 Melloney
75 Robby
71 Yalonda
Started!
100 Brandea
87 Caria
97 Marta
89 Meryl
95 Theresina
97 Zorana
Started!
63 Carlee
53 Gloriane
60 Jillane
59 Lanni
59 Lisha
59 Miguelita
Started!
80 Cathie
76 Concettina
77 Dela
78 Marketa
84 Shellie
82 Sophey
Started!
11 Eilis
23 Fedora
10 Ira
9 Maryann
25 Roseanna
19 Twyla
Started!
77 Beatrisa
86 Bee
80 Gwenore
86 Janeta
78 Liv
76 Pauli
Started!
39 Brenna
47 Lotte
45 Lynnette
44 Madlin
45 Magdalene
54 Marrissa
Started!
4 Berrie
8 Deeanne
15 Emmye
7 Kelsey
12 Marijo
4 Zora
Started!
97 Diannne
99 Fiann
100 Fianna
95 Margaretta
89 Margie
91 Selinda
Started!
21 Lorelei
25 Mariam
18 Marsiella
13 Milissent
23 Perl
18 Therine
Started!
66 Ardine
69 Kally
66 Latisha
75 Lizette
67 Margarita
68 Moira
Started!
55 Ilise
49 Lisa
62 Malory
45 Olly
51 Philis
45 Savina
Started!
36 Chery
38 Cynthea
36 Janela
44 Lizzie
34 Malina
42 Vivianna
Started!
85 Austine
77 Cathy
90 Elisabet
85 Nicolle
92 Teresina
92 Yoshi
Started!
4 Elicia
1 Hatty
14 Kara
12 Raye
4 Shanda
8 Valli
Started!
97 Darda
97 Jasmina
100 Kesley
97 Lauren
98 Rani
99 Rosanna
Started!
61 Cyndie
57 Daloris
67 Emma
68 Fanny
67 Mozelle
65 Phil
Started!
24 Alaine
33 Gabriel
27 Rhona
25 Shannen
25 Tessy
31 Wandie
Started!
43 Anthiathia
51 Bettye
50 Ginnie
51 Layla
53 May
48 Rasia
Started!
40 Kathy
30 Maritsa
38 Neille
36 Penelope
36 Ramona
36 Rivi
Started!
99 Angie
100 Darelle
88 Dian
90 Friederike
98 Keeley
98 Sibilla
Started!
9 Barbee
9 Dehlia
6 Estel
12 Georgette
15 Konstance
9 Krystalle
Started!
78 Danyette
83 Francisca
74 Gisela
88 Kimberli
71 Rozele
70 Shelli
Started!
24 Anjela
14 Biddie
17 Deny
23 Esma
16 Roby
21 Salomi
Started!
53 Cesya
61 Drona
62 Leontyne
51 Marcile
56 Nedda
53 Zahara
Started!
99 Billie
98 Elisabeth
95 Flor
96 Georgeanna
87 Lucine
95 Mirabella
Started!
43 Annie
50 Clareta
52 Jenilee
45 Lula
36 Patty
34 Ruthe
Waiting!
23 Aurea
26 Celie
29 Kandy
29 Othilie
Waiting!
79 Kalindi
Waiting!
56 Kiersten
59 Libby
Waiting!
2 Kary
Waiting!
99 Dollie
