Waiting!
7 Amandi
5 Carlin
13 Frayda
12 Gerti
6 Gwyneth
11 Milena
1 Mirna
15 Rosanne
9 Valida
Waiting!
91 Arabela
90 Bella
100 Betta
98 Carissa
97 Dominica
94 Emmy
90 Gay
90 Ginelle
94 Leena
90 Loella
92 Nalani
91 Tori
99 Trixy
Waiting!
29 Aeriel
29 Alexa
21 Anjela
34 Arly
33 Bernetta
29 Brita
24 Bryn
33 Caralie
30 Deloria
31 Eddi
33 Emilie
31 Harrietta
24 Jessamine
20 Lorelle
30 Luciana
33 Mag
27 Mallory
29 Neilla
24 Rena
22 Robena
23 Toni
26 Viola
Started!
68 Andreana
53 Birgitta
66 Camile
64 Carmita
64 Celesta
70 Darell
64 Gwenni
59 Jill
60 Judie
58 Kelcie
55 Korella
64 Laural
67 Laverne
56 Marguerite
58 Mignon
52 Miguelita
62 Myrta
51 Nariko
65 Noami
61 Olly
51 Patrizia
62 Susanne
61 Tamqrah
60 Terese
52 Veradis
Waiting!
43 Barbette
39 Blakelee
39 Correy
49 Hedvig
48 Jonis
49 Kelila
54 Kendre
52 Lynda
49 Phyllis
42 Rosaline
41 Sophi
Waiting!
36 Cherry
38 Gloriane
38 Nara
38 Selinda
36 Sophronia
Waiting!
85 Brynna
79 Candida
82 Courtenay
84 Etti
75 Ilse
87 Kathleen
80 Leigh
87 Leontyne
75 Linell
87 Marysa
75 Ophelie
87 Robina
80 Selia
Waiting!
71 Hilliary
