Waiting!
79 Aeriela
69 Amargo
86 Carissa
83 Denise
72 Dominica
80 Eartha
68 Emilee
76 Ingaborg
66 Jenna
86 Lonnie
67 Margalit
72 Marylee
71 Misty
70 Sheilah
70 Tallou
75 Tamqrah
79 Tiphany
Waiting!
39 Andromache
39 Barb
35 Bryn
38 Claudina
24 Cleopatra
30 Corella
38 Cristin
30 Junia
32 Kamillah
30 Lizzie
33 Maribelle
33 Peta
27 Sophi
40 Tresa
25 Yevette
Waiting!
62 Agnesse
52 Anjela
59 Bella
58 Blakelee
62 Cassandre
62 Dallas
62 Faustina
60 Florence
62 Margaretha
61 Marleah
58 Nicolea
61 Quintana
53 Veronica
Waiting!
93 Alexa
87 Dannie
91 Dorothy
90 Freda
94 Gilberta
95 Laural
96 Lea
98 Leigh
97 Luciana
94 Pamella
92 Shannon
100 Wanda
Waiting!
44 Caitlin
50 Rena
Waiting!
7 Alleen
1 Belva
2 Betta
6 Carin
15 Christye
4 Dulciana
10 Evangeline
8 Frannie
14 Frayda
15 Jaine
15 Katusha
5 Lida
4 Lotti
8 Mignon
7 Stefanie
Waiting!
21 Devinne
21 Frankie
18 Marina
19 Merci
