Started!
14 Aggi
19 Alissa
25 Arlinda
28 Cathe
21 Charis
20 Corenda
12 Dierdre
18 Emera
19 Josefa
20 Libbey
17 Norrie
12 Oralle
23 Row
15 Ulrikaumeko
27 Venita
Started!
95 Alisa
80 Annaliese
91 Ardelle
95 Becka
86 Brittani
86 Cassandra
89 Corabella
95 Cordey
94 Elfrida
95 Fernanda
94 Flori
85 Hilary
80 June
78 Nettle
92 Nona
Started!
39 Avrit
41 Deina
42 Demetria
50 Jamie
50 Lorena
36 Lyndsey
48 Mab
45 Miguelita
42 Mirelle
51 Prisca
42 Rebeka
49 Riva
34 Robinetta
39 Rozalin
34 Sharl
Waiting!
92 Dayna
99 Elnora
95 Hadria
88 Hestia
99 Jacklin
96 Karry
97 Margette
88 Muriel
89 Nissie
97 Roze
94 Sari
96 Shalne
93 Shelli
98 Sibella
Started!
59 Allene
60 Beatriz
66 Blondie
73 Caitrin
64 Coraline
68 Darbie
73 Daria
72 Drusilla
70 Flory
70 Hillary
67 Lorine
74 Mair
70 Mandi
71 Mathilde
64 Norri
Waiting!
9 Almire
2 Caroljean
9 Ebony
3 Flossy
5 Judie
1 Leona
7 Liane
5 Nessie
7 Pansy
9 Rheba
5 Ricky
9 Ros
3 Torie
8 Yolanthe
Started!
45 Anna-Maria
51 Donny
49 Drusy
56 Elfreda
49 Enrica
44 Fernande
53 Genia
45 Jaymee
51 Koo
53 Phillie
62 Renell
58 Sascha
49 Tiffie
62 Trenna
59 Virgina
Waiting!
86 Abbey
77 Alexi
80 Arlen
72 Deirdre
80 Hildegarde
72 Melba
72 Odele
82 Pru
81 Rahel
76 Sidoney
81 Taffy
87 Vanny
71 Wallie
Waiting!
58 Almeda
69 Arabella
66 Cherise
60 Chloette
62 Clo
68 Dru
61 Rozalie
61 Salome
67 Sande
Waiting!
31 Caralie
42 Carrissa
47 Claire
40 Drusi
42 Eloise
41 Fanni
33 Fedora
44 Grete
36 Morissa
33 Sabine
Started!
21 Adora
14 Aile
20 Amye
22 Annamarie
14 Atlante
12 Avril
17 Bidget
14 Dolly
12 Gipsy
14 Jaine
16 Karolina
17 Marleah
20 Roberta
12 Selena
21 Trula
Waiting!
26 Bobina
27 Dalenna
26 Isobel
25 Lib
23 Lisette
23 Maressa
25 Penny
24 Rita
23 Roxanne
Waiting!
54 Adelheid
54 Patrica
55 Shirleen
