Started!
75 Bathsheba
88 Berti
86 Brande
93 Charlotte
94 Clare
87 Debbi
83 Delcina
76 Doria
93 Dorothee
87 Elnora
85 Emelina
79 Erina
85 Fancie
75 Fernande
83 Gwenora
93 Ivie
83 Luce
95 Melisande
85 Mercedes
76 Morna
79 Nedda
90 Rozella
95 Wileen
Started!
37 Agata
46 Alaine
39 Babbette
47 Brynne
42 Celle
56 Daniela
39 Domini
49 Halette
37 Jenilee
50 Jessalin
49 Kipp
39 Ladonna
50 Laura
37 Lurleen
43 Lyndy
57 Marne
57 Nathalie
49 Rhoda
44 Rosabel
55 Serena
57 Tanhya
45 Tove
57 Ynez
Waiting!
99 Alfi
97 Amalle
99 Devondra
98 Doloritas
94 Elmira
91 Fanny
97 Hannah
100 Hulda
98 Inge
100 Ivonne
100 Lara
100 Leandra
91 Lorianna
94 Odette
98 Roseann
99 Sheeree
100 Terry
Waiting!
3 Astrid
8 Carline
1 Caryl
12 Crin
11 Daloris
12 Ermengarde
1 Kelcey
11 Lesley
5 Lila
6 Lora
7 Moreen
6 Rosalinda
7 Teresina
2 Therine
8 Valenka
1 Valentia
Started!
77 Annalise
68 Bobbee
72 Claudetta
65 Daria
58 Darryl
65 Georgie
64 Gerianne
74 Hilary
67 Justina
73 Layne
74 Lexi
58 Margarita
59 Maritsa
68 Martynne
75 Meggy
69 Miguela
70 Pepita
75 Rhodie
62 Shanta
60 Sherill
59 Stacia
69 Tammi
75 Ulrikaumeko
Started!
18 Alika
17 Arlen
18 Dolorita
27 Dorolice
16 Dorolisa
26 Engracia
21 Gabbey
17 Grayce
16 Jacqueline
13 Josselyn
26 Kelci
19 Larina
24 Letta
21 Mame
25 Maribel
14 Maurita
13 Morissa
19 Olwen
25 Opal
19 Romy
24 Sydelle
19 Tomi
19 Vittoria
Started!
37 Almeria
37 Aurelia
29 Bette-Ann
30 Bunny
37 Cherilyn
32 Cherilynn
35 Ciel
35 Devi
32 Evangeline
41 Eve
33 Germain
34 Gwenni
34 Hildegarde
36 Justinn
32 Kasey
38 Kirby
36 Lynna
28 Misty
42 Moria
31 Patrice
42 Revkah
35 Stacey
29 Torie
Waiting!
86 Brita
85 Charlena
83 Christye
83 Gui
82 Madelle
80 Minette
Waiting!
53 Addia
43 Adele
48 Adrea
61 Ceil
49 Donielle
56 Dorelle
48 Elisa
41 Evie
49 Florenza
52 Frieda
56 Grier
49 Judy
53 Katharine
51 Katherina
48 Meris
50 Robinet
41 Sarena
51 Sophey
Waiting!
70 Berta
71 Brenna
70 Eloise
69 Grace
69 Heida
66 Maddi
65 Sofie
64 Tallia
72 Yolanthe
Waiting!
31 Billye
21 Christa
18 Eunice
22 Nert
Waiting!
38 Deeyn
