Started!
58 Beilul
68 Benedetta
69 Bethena
61 Bette-Ann
67 Cindelyn
60 Cyndie
62 Elisha
70 Ethel
66 Genevra
50 Grazia
57 Harri
68 Hilde
60 Lanita
57 Lorene
60 Maisie
62 Malia
65 Onida
65 Sharl
57 Shea
61 Tammie
Started!
19 Alissa
7 Arda
21 Barby
24 Bryana
6 Crissie
19 Darby
15 Erinn
20 Fernandina
8 Geneva
11 Hettie
13 Loreen
8 Margette
25 Marty
20 Miriam
14 Nancy
10 Peria
12 Petra
13 Philippe
25 Seana
19 Viviene
Started!
82 Bernetta
91 Berty
90 Blinni
80 Concordia
90 Denna
93 Emera
77 Gipsy
87 Julina
87 Klarrisa
87 Laney
86 Mariann
97 Maribel
89 Marya
94 Meryl
80 Michell
89 Mira
92 Rosie
91 Sara
95 Sybille
89 Tabby
Started!
71 Aleen
65 Alethea
71 Alyssa
61 Angele
75 Bethina
73 Cilka
78 Cornie
72 Flori
64 Gabriella
75 Karia
81 Katee
72 Loni
73 Lyndsey
70 Lyndsie
68 May
78 Mona
79 Row
80 Tamra
66 Tatiana
74 Vevay
Started!
96 Charmane
99 Christel
95 Christyna
100 Dacey
92 Dyanna
93 Elinore
90 Ella
97 Jacklin
90 Kenna
96 Letitia
89 Libbie
91 Magdaia
93 Melina
94 Patience
96 Patrica
91 Rose
97 Susie
96 Tuesday
99 Valentia
91 Wilona
Started!
39 Breanne
35 Cary
30 Cecil
32 Charis
30 Corina
26 Dallas
38 Fania
27 Ginnifer
24 Gusta
34 Gwyn
26 Kati
29 Lissie
37 Rivalee
38 Ruthy
28 Selina
25 Shaylyn
31 Sib
28 Tallie
34 Theodora
38 Tyne
Started!
58 Anna-Maria
40 Ardene
51 Bernardine
48 Britney
46 Florenza
40 Francyne
49 Georgine
49 Hannis
55 Holli
45 Jenifer
42 Kaleena
43 Lolita
47 Nonnah
59 Paola
59 Prissie
44 Raquela
40 Tamiko
45 Tandy
43 Viv
53 Viviyan
Started!
3 Arlana
4 Bianka
4 Blanca
13 Diane-Marie
6 Dolley
3 Germana
7 Hilliary
7 Juli
4 Kandace
6 Karlen
11 Lanette
8 Matelda
10 Matti
8 Myrta
11 Scarlett
3 Susanna
10 Tiffie
10 Torrie
2 Winny
12 Wynn
Started!
17 Augustine
19 Aundrea
24 Clovis
23 Dorella
22 Elenore
10 Friederike
17 Garland
21 Guglielma
7 Heda
14 Joannes
23 Johanna
18 Kyrstin
17 Layla
16 Margaretha
19 Michal
14 Renelle
7 Sibbie
14 Steffie
20 Teressa
22 Theo
Started!
84 Carlie
79 Christian
79 Constancia
87 Correy
76 Cyndy
88 Debora
87 Elisabet
91 Elna
84 Esma
83 Fred
74 Josie
88 Lillis
78 Lynea
76 Marina
85 Modestine
87 Riane
91 Rianon
86 Rosalie
74 Siouxie
84 TEirtza
Waiting!
26 Barbara
31 Calypso
35 Daniele
27 Eleanor
36 Elnore
30 Fredrika
37 Gratiana
25 Harriot
32 Jamima
30 Maryann
23 Mead
31 Raychel
27 Sydney
29 Willette
Waiting!
57 Catha
58 Cherri
54 Daria
52 Doreen
61 Jeanna
67 Jillene
61 Kate
59 Katina
57 Kelsey
54 Kyle
64 Lani
65 Martguerita
57 Millie
60 Nessa
70 Theressa
66 Willa
Waiting!
42 Claire
48 Devondra
45 Illa
45 Kattie
49 Mickie
42 Morna
47 Ortensia
41 Susan
Waiting!
71 Faythe
74 Kellyann
81 Marieann
76 Siusan
Waiting!
14 Alene
15 Consolata
1 Cookie
7 Cyndia
12 Dara
14 Jodie
13 Judye
5 Juliane
8 Orly
9 Ralina
7 Teddi
Waiting!
98 Athena
93 Kylila
98 Merilyn
