Started!
44 Alla
32 Aurelia
46 Berty
49 Elise
32 Janela
41 Loralee
39 Margarete
34 Pansie
40 Rosalie
38 Row
50 Sibby
40 Walliw
Started!
23 Amye
25 Billi
12 Bonnee
32 Dorie
14 Gabriell
23 Gillan
28 Johna
12 Madelina
21 Maggy
22 Marlyn
32 Marys
16 Neysa
Started!
83 Aryn
75 Carmon
82 Elladine
85 Elset
74 Elvina
91 Garnet
85 Karry
86 Papagena
93 Pepita
90 Quintilla
84 Shayla
87 Valencia
Started!
81 Christiane
62 Estel
72 Eveleen
69 Jenda
65 Kevyn
63 Lyndel
75 Marcelle
62 Nanci
64 Orelie
67 Quintina
63 Rosalinde
67 Timi
Started!
5 Appolonia
3 Ashia
11 Aubine
5 Devi
3 Gretchen
12 Julina
6 Linnie
8 Melodie
6 Mirna
2 Saudra
11 Silva
12 Veronique
Started!
96 Adella
86 Austina
91 Bunnie
86 Chanda
87 Chelsy
87 Gwenore
96 Joanne
95 Juieta
92 Karmen
88 Lorenza
99 Sheila
96 Tommy
Started!
47 Ally
48 Ardelia
51 Asia
55 Berrie
43 Carolynn
55 Daffy
45 Faustine
37 Francene
41 Georgianna
41 Jordanna
55 Merle
40 Robin
Started!
63 Brigit
66 Brynna
61 Cindie
53 Deloria
65 Doralin
67 Ianthe
59 Kary
51 Katina
63 Libby
68 Misti
51 Shandee
61 Tawnya
Started!
27 Alicia
27 Almire
15 Bobbe
20 Deerdre
21 Illa
13 Karalee
17 Madelin
14 Mei
21 Reyna
14 Shari
21 Trisha
25 Valida
Started!
32 Allissa
43 Correy
28 Daria
34 Kathleen
33 Katrina
40 Katrinka
39 Kelcy
36 Marcella
42 Melody
42 Melosa
39 Saundra
35 Valery
Started!
83 Abra
72 Alma
82 Cindi
83 Elie
66 Erma
79 Frederica
76 Jillian
79 Katherine
74 Kiah
76 Mariya
82 Rivalee
72 Twyla
Started!
48 Allis
47 Ashleigh
40 Bellanca
44 Chrystal
53 Dacie
48 Indira
48 Mella
46 Page
49 Roxane
49 Tabbie
49 Tallie
40 Tarra
Started!
100 Adara
92 Berna
86 Courtney
97 Elka
91 Ginelle
95 Jobey
93 Junia
97 Kaja
90 Rivy
96 Rosamund
92 Sibylle
95 Ursula
Waiting!
5 Aprilette
15 Cate
4 Dorolice
4 Mariejeanne
7 Penny
8 Philippe
3 Tabatha
Waiting!
33 Diana
38 Lavinia
Waiting!
64 Ambur
62 Cassi
66 Daveen
61 Delia
71 Raquel
Waiting!
78 Bernetta
79 Nessa
81 Paule
Waiting!
18 Ardisj
16 Glyn
Waiting!
100 Sibelle
