Started!
62 Antonia
53 Clarine
53 Cyndie
69 Editha
65 Ericha
64 Jacquie
54 Kass
66 Kathleen
61 Maisie
52 Nicolea
60 Venita
Started!
27 Alyson
18 Caroljean
16 Christiane
10 Guenna
19 Kalie
22 Natalie
27 Nelly
25 Nonna
10 Pippy
15 Tamqrah
22 Theresita
Started!
36 Beatriz
43 Concordia
33 Georgine
43 Heddie
35 Margaret
28 Mariann
34 Meredith
43 Roshelle
35 Tallie
33 Vilhelmina
39 Vivie
Started!
9 Agnola
4 Aigneis
10 Bethany
2 Cherri
5 Dorry
3 Garland
7 Jessy
3 Julie
6 Julina
9 Larissa
1 Odelinda
Started!
87 Cherie
79 Harmonia
88 Ingrid
81 Josephine
78 Leone
73 Maryl
68 Onida
78 Rozele
75 Shandeigh
84 Sybille
84 Vivia
Started!
45 Berty
48 Candide
47 Caren
46 Denni
50 Dulsea
47 Lenora
52 Loria
54 Margette
55 Mariya
49 Maurine
48 Ted
Started!
89 Andi
95 Calla
98 Davine
90 Denise
97 Geneva
92 Genevra
99 Karmen
91 Lucina
92 Mavis
97 Melisa
95 Vale
Started!
52 Aimil
60 Desirae
58 Juanita
59 Lara
66 Lexine
61 Marya
61 Michell
66 Moll
60 Persis
62 Quintina
58 Valaria
Started!
70 Althea
82 Chloette
76 Cilka
79 Collette
73 Elva
68 Ethyl
70 Gianina
81 Jenifer
69 Rose
82 Roxana
71 Sybil
Started!
28 Anya
16 Carmencita
11 Denyse
17 Erina
11 Janet
16 Kacey
9 Lacey
24 Nichol
14 Ronnica
18 Roselia
26 Timmy
Started!
57 Ariel
63 Audrie
62 Brenda
60 Chrissie
54 Fania
57 Gnni
60 Hope
54 Laina
63 Millicent
64 Pierette
50 Wynnie
Started!
45 Basia
38 Breanne
40 Caresse
37 Charyl
45 Elle
45 Emily
44 Felice
48 Kalila
40 Karna
45 Maggy
43 Mehetabel
Started!
94 Allegra
87 Allison
94 Cristina
95 Darelle
85 Drucy
77 Lee
89 Letitia
86 Sascha
92 Shayna
97 Tamra
89 Tiertza
Started!
31 Catlin
21 Charmane
33 Christian
38 Doreen
27 Dorella
28 Evvie
34 Frederica
24 Jeri
21 Nadia
29 Roxanne
22 Zulema
Started!
72 Britney
65 Carolan
78 Chastity
82 Cherlyn
66 Claretta
81 Gavra
68 Maribel
70 Nixie
75 Ramonda
69 Sharron
75 Susanna
Started!
1 Adria
7 Amalee
7 Andeee
9 Britni
10 Caprice
11 Deny
6 Dorolice
4 Henrieta
2 Nanon
8 Ralina
1 Wilhelmine
Waiting!
20 Ailis
18 Alanah
20 Colene
20 Leila
13 Maura
17 Miguelita
11 Orly
13 Yasmeen
Started!
95 Annis
100 Ellissa
93 Florence
90 Janot
98 Joline
98 Kissie
94 Lilah
94 Merissa
93 Micky
92 Rici
99 Shirlene
Started!
54 Ayn
47 Celestyna
55 Correy
60 Jania
55 Jaquith
48 Jilleen
53 Karlen
59 Kate
52 Nerita
61 Rasia
56 Sarina
Waiting!
76 Coralyn
84 Gill
86 Livy
85 Nikkie
80 Philippine
86 Roseline
93 Sonia
80 Teressa
86 Timmi
77 Valene
Waiting!
39 Augustine
48 Jillene
45 Kaile
56 Katrine
51 Mufi
47 Silvana
48 Tuesday
Waiting!
75 Anastasie
66 Bobine
61 Cyndy
63 Elisabet
71 Ellyn
61 Korrie
62 Lisette
66 Margie
66 Margo
74 Rachelle
Waiting!
60 Tressa
Waiting!
35 Amelita
33 Anica
33 Briny
31 Hillary
Waiting!
6 Christean
6 Violante
