Started!
9 Alli
2 Alysia
8 Audie
8 Audrie
9 Bernetta
12 Carlee
12 Christal
4 Chrysa
5 Colette
1 Denise
18 Henriette
15 Hephzibah
3 Inga
16 Jeri
2 Joni
2 Lettie
8 Meghann
6 Mirna
5 Petronille
11 Rona
8 Shela
12 Vin
Started!
40 Adan
51 Cherida
47 Cherlyn
44 Chloette
34 Desirae
37 Devondra
50 Ermengarde
41 Fidelia
42 Harrietta
49 Jilleen
48 Joanie
42 Karlene
51 Kiri
46 Madelon
45 Marcela
45 Maybelle
37 Michell
32 Nathalie
51 Olia
45 Sashenka
45 Stephie
52 Teri
Started!
88 Cal
89 Carlene
98 Caye
100 Dannie
94 Dolli
93 Fay
99 Fifi
92 Hermione
88 Karyl
91 Lauralee
100 Leeann
99 Loreen
98 Lorilee
98 Marilyn
95 Modestia
98 Nari
100 Patrica
96 Perl
100 Siana
88 Timmy
96 Ulrica
88 Zandra
Started!
79 Amara
86 Annabell
82 Anny
80 Blinnie
78 Calla
82 Editha
81 Eimile
79 Henrieta
81 Iseabal
83 Joellyn
79 June
83 Leigh
85 Liana
84 Nan
77 Norma
82 Otha
87 Ramona
81 Rosabella
85 Roxanne
91 Sindee
78 Tildy
78 Yetta
Started!
66 Arlina
46 Bev
62 Bridgette
64 Codee
64 Concordia
53 Denni
66 Drucy
54 Enid
53 Gianina
66 Harli
66 Helena
58 Isabelita
57 Jo-Anne
64 Katee
59 Marys
50 Moll
51 Querida
64 Shanie
65 Suellen
60 Tammara
56 Ursa
63 Wendie
Started!
71 Alayne
73 Alta
68 Alverta
70 Antonia
70 Blinni
68 Brandy
70 Brier
75 Bunnie
72 Catrina
75 Ericha
70 Gavrielle
75 Guenna
71 Junie
67 Kass
76 Lexine
74 Mercedes
71 Noni
69 Paulita
73 Quintilla
71 Rebecca
72 Susy
76 Sybilla
Started!
35 Alicea
34 Bethany
19 Bonni
27 Brenda
25 Casandra
28 Cody
21 Cristina
24 Demetris
29 Electra
35 Elnora
31 Eudora
20 Felice
26 Janaya
39 Juliann
38 Lacey
38 Leanna
37 Leonora
26 Marysa
22 Oralle
23 Sofie
31 Sorcha
21 Yoshiko
Waiting!
67 Brunhilde
74 Dorine
75 Kandace
74 Lenka
69 Leonie
73 Lois
73 Nellie
67 Pennie
68 Wenonah
Waiting!
21 Agnola
31 Allie
33 Angeline
31 Ardis
38 Eunice
35 Farand
37 Ginelle
18 Karee
29 Kizzee
37 Luciana
28 Lynne
34 Maighdiln
38 Melva
38 Nadia
28 Ronnica
19 Sherline
Waiting!
46 Abbie
42 Ailee
42 Bobine
43 Charmane
47 Coralie
48 Faythe
52 Gill
48 Joby
50 Korry
39 Kristin
44 Roselia
40 Sabra
50 Shalne
42 Simonette
Waiting!
63 Andi
61 Elsbeth
58 Hatti
55 Joline
59 Katleen
56 Kordula
61 Melody
56 Moselle
60 Ora
61 Tomasine
Waiting!
16 Tiphany
11 Vania
Waiting!
90 Lorelle
97 Silvana
90 Valene
89 Yettie
Waiting!
4 Cristi
