Started!
74 Adrianne
78 Amalie
82 Electra
74 Emmalynne
66 Ernesta
69 Flore
68 Linda
82 Marja
82 Orelie
81 Pammi
80 Paulette
Started!
23 Aleta
21 Catherine
17 Corrinne
33 Ermengarde
18 Felice
17 Lanae
25 Lilly
17 Madel
33 Melesa
26 Myrilla
20 Sorcha
Started!
87 Antonia
92 Brenda
93 Cecelia
86 Dannie
96 Darcie
88 Flo
92 Johanna
99 Josepha
92 Leilah
100 Merline
92 Sofie
Started!
8 Annmaria
12 Arabelle
11 Atlanta
15 Hayley
13 Isabella
18 Karyl
7 Kathie
2 Kerri
9 Lee
4 Maritsa
7 Philippe
Started!
42 Antonie
53 Arda
44 Arlene
50 Bunnie
37 Cam
36 Cornie
51 Daron
48 Elly
43 Hedda
52 Revkah
46 Tobye
Started!
60 Ava
60 Eadith
67 Gavrielle
60 Joanie
50 Lorelle
61 Miguela
65 Miriam
64 Oralla
63 Priscella
57 Rebecca
56 Sisely
Waiting!
1 Glory
1 Marys
1 Olive
Waiting!
92 Alayne
95 Carleen
96 Catlee
86 Cecil
94 Georgie
85 Judye
87 Lexie
84 Linn
92 Maybelle
Waiting!
34 Camel
33 Davine
35 Desirae
26 Doreen
27 Juliann
44 Michell
37 Roanne
24 Rosie
43 Zorah
Waiting!
65 Annabelle
70 Berri
62 Bridgette
78 Dione
78 Harrietta
69 Lurlene
69 Marylynne
69 Millisent
75 Zitella
Waiting!
81 Alanna
81 Marylinda
Waiting!
18 Avrit
Waiting!
45 Alexia
53 Bobbee
46 Clerissa
