Waiting!
58 Alexia
54 Anna-Maria
56 Bunnie
58 Caryn
68 Corrina
54 Eadie
60 Estella
59 Helyn
63 Hephzibah
51 Jessamyn
60 Josy
51 Kaile
65 Kerrin
61 Konstanze
61 Lesli
52 Lexie
57 Mariette
51 Maryjo
62 Moll
51 Morganica
66 Naomi
68 Patricia
56 Paule
63 Renee
64 Zola
Started!
26 Abra
18 Ag
17 Andriana
22 Antonie
25 Berri
7 Catherine
10 Cristina
24 Doralia
24 Dyan
18 Janet
19 Joby
14 Joyce
19 Julienne
18 Kally
26 Karry
16 Katusha
21 Leticia
7 Liva
14 Melantha
23 Milzie
24 Sara-Ann
16 Sherye
20 Sileas
10 Taryn
26 Tonya
16 Tova
16 Vivian
23 Vivie
23 Xaviera
Started!
100 Alexine
97 Anastasia
98 Bambie
86 Brianne
87 Carma
97 Caron
84 Cherie
84 Clerissa
87 Emelina
90 Flori
91 Ginevra
96 Gretel
96 Karin
96 Kelcy
100 Kimmi
96 Latrena
85 Marinna
83 Marna
84 Myrtia
98 Nara
90 Rikki
97 Robbyn
95 Robena
94 Samara
93 Sydel
83 Toinette
86 Tory
90 Ulla
97 Zorah
Waiting!
32 Anabal
35 Analise
41 Candide
38 Charita
35 Charline
39 Danika
35 Darcee
35 Edythe
31 Elicia
42 Georgetta
30 Helge
41 Isabella
38 Margarette
39 Mariana
40 Quintilla
39 Roanne
40 Rosanne
35 Wren
Waiting!
4 Fan
1 Gracia
2 Haley
1 Ida
2 Page
Waiting!
79 Annadiane
79 Avrit
69 Brenn
77 Clarette
79 Cthrine
72 Dyanna
75 Hilde
70 Malory
77 Melania
76 Susann
71 Suzette
74 Wylma
Waiting!
44 Gerrilee
44 Imogen
44 Jo-Ann
46 Korry
43 Sibel
Waiting!
82 Candie
80 Elisha
80 Elsey
82 Luelle
