Waiting!
90 Anica
98 Babb
97 Carroll
95 Corette
100 Cris
89 Deanna
99 Dedra
93 Dorette
95 Elke
96 Emera
90 Farrand
98 Jilli
91 Krissie
99 Lilas
91 Linnet
93 Lorna
91 Marguerite
99 Meridel
91 Renelle
89 Samantha
96 Sandye
100 Shawn
99 Vivia
91 Zarah
Started!
52 Aliza
58 Aloysia
58 Andee
49 Andeee
53 Arabela
42 Bernetta
61 Beverly
57 Blakelee
54 Brittan
54 Celeste
56 Clarette
59 Corissa
48 Dominga
53 Elle
45 Evvy
56 Fidela
43 Kathryn
53 Loretta
43 Meghan
52 Pennie
42 Priscilla
52 Rhiamon
57 Rosetta
52 Shel
45 Sybille
Started!
25 Ada
24 Ara
21 Barbara
15 Bernadine
25 Bernardina
11 Blithe
20 Brandi
26 Dana
17 Elvera
10 Elyn
13 Erminie
14 Henrietta
26 Hyacinth
16 Idelle
24 Kristyn
30 Lisbeth
13 Marena
30 Mickie
17 Phyllida
22 Robena
17 Theresa
27 Valene
21 Viole
17 Vivianna
24 Yasmin
Started!
74 Adrian
70 Alanah
70 Ambur
78 Annalise
67 Bunny
78 Ginevra
85 Grazia
80 Helaine
80 Isadora
69 Ivy
74 Josee
71 Josefa
76 Kassandra
85 Lauren
77 Merrily
68 Mirilla
68 Naoma
86 Phaidra
69 Rodie
75 Romona
72 Rosamond
80 Shelia
70 Tiffani
85 Wanids
71 Wylma
Started!
55 Abigail
64 Audi
65 Averil
57 Cathy
62 Constance
63 Dionis
65 Juliann
72 Juliette
68 Lila
74 Loise
60 Loralyn
74 Lucky
64 Luelle
65 Mandi
55 Marjorie
58 Michaeline
63 Polly
60 Rebecca
63 Renata
65 Selene
63 Seline
61 Sindee
54 Theadora
64 Vania
71 Vitia
Started!
28 Bambie
37 Barbie
35 Blondell
38 Courtney
35 Devonne
40 Domeniga
32 Donielle
40 Edee
32 Elise
37 Ester
39 Eula
31 Feliza
39 Jackquelin
41 Kala
38 Koo
40 Laurel
32 Leonie
44 Liane
32 Lois
37 Lorry
34 Lyndel
40 Shanna
37 Thea
31 Verile
31 Zena
Started!
12 Alie
2 Alikee
15 Amandie
4 Bell
6 Bettine
15 Breanne
1 Cordey
5 Crin
7 Dulcea
9 Ellette
15 Frankie
12 Imogene
6 Jeralee
7 Judie
1 Lani
4 Leilah
10 Leora
8 Madelaine
4 Maurene
4 Meredith
2 Roberta
2 Roshelle
6 Shirlee
1 Tansy
9 Willy
Started!
45 Aileen
42 Cathleen
53 Cecil
58 Ciel
52 Eba
61 Elysha
51 Etta
51 Jayne
55 Jemmie
48 Kathe
47 Kessia
47 Lanita
58 Libbi
46 Marie
46 Melina
45 Melva
45 Miran
56 Ophelie
44 Ros
41 Rubetta
50 Selena
47 Teddi
51 Thalia
48 Twila
54 Vonny
Waiting!
80 Angelita
78 Annecorinne
79 Chiquita
84 Concettina
87 Elaine
84 Eleni
79 Essy
77 Evangeline
77 Fedora
86 Fernande
88 Gwyn
80 Kayley
79 Kellina
78 Nikolia
79 Sioux
86 Sukey
76 Tamiko
78 Tiertza
Waiting!
18 Agnese
25 Aprilette
20 Brook
28 Daveen
21 Denny
24 Esta
13 Fania
24 Fernanda
28 Fey
21 Fredrika
26 Gertie
29 Ibbie
23 Leisha
18 Lynnelle
23 Manya
23 Michaela
25 Michal
17 Sue
Waiting!
34 Alfie
35 Ashlan
38 Beulah
41 Gypsy
44 Jeri
41 Josephina
39 Krystal
48 Lura
43 Sofie
38 Vivyan
Waiting!
75 Addy
67 Anya
60 Ashely
65 Ayn
69 Chloris
71 Drucill
64 Dulciana
62 Hope
60 Katina
69 Kissee
68 Lanna
71 Lira
65 Marylee
74 Nolana
71 Rasia
63 Shantee
62 Sherilyn
73 Tilda
62 Wilhelmina
Waiting!
54 Merilee
Waiting!
9 Astrix
7 Malynda
8 Pamelina
