Started!
60 Amanda
Started!
97 Emmalynne
Started!
81 Abbe
Started!
10 Loreen
Started!
43 Dolorita
Started!
59 Willamina
Started!
93 Leanna
Started!
59 Sydelle
Started!
30 Letti
Started!
21 Ertha
Started!
83 Tate
Started!
16 Nada
Started!
97 Carlene
Started!
3 Alane
Started!
24 Sonya
Started!
75 Idalina
Started!
39 Anny
Started!
32 Asia
Started!
85 Zorah
Started!
1 Marcellina
Started!
100 Gisele
Started!
98 Ondrea
Started!
33 Tiphanie
Started!
55 Lainey
Started!
98 Carina
Started!
33 Arlinda
Started!
36 Kacy
Started!
57 Tallou
Started!
43 Ursuline
Started!
19 Coretta
Started!
83 Ronny
Started!
59 Ali
Started!
32 Meghann
Started!
49 Ernaline
Started!
77 Charlene
Started!
80 Kit
Started!
61 Katerine
Started!
22 Cherice
Started!
26 Shelbi
Started!
41 Beatrisa
Started!
90 Merola
Started!
99 Shaylyn
Started!
45 Raquela
Started!
69 Malina
Started!
13 Edwina
Started!
21 Amalle
Started!
89 Cinnamon
Started!
69 Eustacia
Started!
82 Dido
Started!
22 Lottie
Started!
39 Carmelia
Started!
22 Kirbie
Started!
9 Valaria
Started!
80 Brenna
Started!
10 Aleen
Started!
93 Meade
Started!
70 Ermina
Started!
27 Kerrill
Started!
95 Afton
Started!
88 Sunshine
Started!
73 Ara
Started!
69 Alverta
Started!
16 Jeni
Started!
88 Marchelle
Started!
56 Elizabet
Started!
69 Harrietta
Started!
39 Tuesday
Started!
39 Ella
Started!
55 Davina
Started!
39 Kinna
Started!
5 Lavinie
Started!
21 Nicola
Started!
40 Wenda
Started!
69 Marcelline
Started!
32 Kamila
Started!
92 Prudy
Started!
100 Rasla
Started!
4 Sunny
Started!
85 Genovera
Started!
97 Mari
Started!
38 Cherry
Started!
37 Erin
Started!
28 Roseanne
Started!
87 Darlleen
Started!
76 Pauline
Started!
46 Midge
Started!
63 Annabell
Started!
89 Joli
Started!
86 Gusty
Started!
60 Valery
Started!
95 Mirella
Started!
88 Alexine
Started!
92 Marylin
