Started!
31 Adan
21 Anabella
36 Claudetta
37 Ida
31 Ilise
28 Ingaberg
29 Joyan
37 Lori
41 Margarita
32 Marybelle
24 Maure
33 Stormi
41 Valentine
Started!
67 Alaine
64 Anjela
76 Daisey
56 Deina
68 Janean
66 Kirsti
66 Maridel
62 Matti
64 Noelle
70 Pauli
67 Shay
75 Stacia
74 Tawsha
Started!
10 Brandise
4 Caroljean
10 Deborah
6 Liliane
11 Lyssa
4 Maggie
6 Marci
8 Peria
13 Rodina
13 Saudra
3 Tiffie
3 Timmy
5 Wendeline
Started!
18 Cynthia
16 Dody
22 Elana
15 Mabelle
19 Maitilde
25 Marinna
28 Moria
10 Ninnette
15 Rosamund
18 Roselin
19 Roslyn
19 Scarlett
19 Vilma
Started!
49 Abby
54 Candi
43 Ellette
52 Emmeline
42 Ginelle
52 Gussie
40 Hilda
50 Jeana
48 Kimberley
50 Leone
45 Madelin
51 Meghann
53 Rosita
Started!
93 Adelle
98 Aidan
90 Bette-Ann
91 Celestina
86 Consuela
84 Fancie
89 Jeanelle
86 Jilly
96 Karmen
93 Marlena
95 Shannen
94 Tabbi
88 Willi
Waiting!
40 Benedicta
42 Corabella
46 Dayna
54 Joella
44 Malina
56 Merla
46 Morena
43 Morgana
37 Stephie
46 Trudi
Waiting!
32 Abbey
25 Ilsa
34 Jaclin
35 Susi
35 Tina
Started!
74 Agatha
71 Aila
76 Alexi
68 Alfie
70 Alvera
69 Billy
66 Carmelita
86 Dorthea
78 Elke
75 Fenelia
85 Griselda
78 Maria
66 Mollee
Waiting!
2 Cassaundra
4 Jane
3 Marian
8 Megan
Waiting!
58 Kai
64 Mersey
57 Oralle
62 Zara
Waiting!
93 Audrie
88 Becki
97 Clerissa
93 Fanechka
97 Jessalin
98 Kare
97 Latia
Waiting!
16 Lilas
18 Lynnette
