Started!
88 Abby
78 Allyce
77 Audrey
91 Codee
76 Elna
88 Fayre
89 Ginelle
83 Judie
94 Kessia
77 Kirsti
84 Korrie
78 Libbey
85 Lucienne
80 Luelle
85 Mariska
83 Matti
88 Nyssa
89 Ynez
Started!
48 Brandise
60 Cairistiona
57 Caryn
43 Fanechka
48 Fredericka
47 Jackqueline
56 Lexine
62 Lilian
55 Lillis
46 Moria
50 Pepi
57 Peta
56 Rafaelia
45 Tessi
44 Tiffie
53 Timmy
53 Trudi
45 Yalonda
Started!
48 Alison
50 Candi
41 Celia
40 Darcy
34 Deina
42 Edyth
39 Fania
43 Fiann
33 Garland
41 Jacklyn
35 Jerrylee
35 Kipp
47 Mag
43 Stormy
40 Tabbi
46 Tybi
34 Valeria
32 Wilma
Started!
22 Anabella
18 Auberta
18 Aurelia
16 Beilul
21 Camella
14 Cammie
26 Chelsy
22 Dallas
18 Darcey
30 Dody
20 Francisca
15 Gussi
12 Jeanna
23 Maggie
14 Nicky
12 Peria
27 Rori
31 Sabrina
Waiting!
92 Arline
99 Charleen
99 Dore
98 Gerrilee
89 Guinevere
98 Hatty
97 Hollie
99 Kamillah
90 Karlee
99 Lisette
93 Olga
98 Robinia
97 Rosabelle
98 Tatiania
94 Tory
98 Whitney
Started!
68 Allegra
64 Allys
60 Althea
57 Bambie
66 Brena
60 Cathrine
67 Christalle
62 Donetta
68 Eugenie
73 Florette
66 Jeanette
71 Joyan
68 Latia
60 Maryann
75 Merrie
65 Ronda
72 Samantha
67 Verena
Waiting!
12 Brenna
8 Gerda
6 Godiva
6 Janean
3 Kathryne
5 Mollee
7 Prudi
4 Prue
Waiting!
79 Agneta
82 Alana
82 Alix
86 Camila
81 Elle
78 Emmalyn
72 Fiorenze
82 Flor
86 Lettie
81 Mabelle
79 Marlena
86 Marris
83 Othilie
84 Ros
86 Sibby
74 Susanna
75 Teri
Waiting!
25 Agata
29 Alli
26 Correy
23 Dolores
26 Ilsa
26 Kerrin
26 Laureen
28 Lurline
30 Naomi
22 Ophelie
21 Sissy
29 Tillie
26 Tracey
20 Xylina
20 Zorine
Waiting!
58 Colline
52 Crissie
61 Euphemia
45 Lexy
56 Othella
54 Rorie
53 Rosabella
58 Savina
Waiting!
67 Kristine
Waiting!
37 Philomena
