Started!
18 Dena
17 Fifine
17 Hetty
26 Kania
20 Olva
21 Prue
Started!
64 Dianne
47 Janey
45 Matti
53 Maxine
45 Sharia
55 Sheena
Started!
79 Edyth
77 Kathy
72 Kylynn
75 Rozelle
77 Shirl
85 Umeko
Started!
41 Blythe
36 Davita
33 Leia
41 Nesta
40 Perry
41 Regan
Started!
1 Charmine
10 Crista
11 Gilbertine
14 Melonie
8 Peta
4 Roseanne
Started!
67 Cora
63 Elbertina
69 Jodee
66 Myra
64 Selle
63 Valaree
Started!
98 Diannne
85 Gussi
94 Helge
93 Kipp
93 Lorrayne
99 Ranee
Started!
27 Bidget
18 Dody
24 Dorey
20 Jeanna
28 Simona
25 Tamqrah
Started!
38 Bunnie
38 Helen
36 Julieta
47 Marley
35 Michaelina
44 Zaneta
Started!
55 Courtenay
63 Gipsy
63 Lonee
53 Maggie
48 Olivie
63 Tedra
Started!
68 Carmencita
81 Cassondra
79 Leena
69 Lissie
73 Raynell
77 Van
Started!
1 Channa
9 Chelsy
14 Josee
3 Lusa
2 Merilyn
7 Roz
Waiting!
92 Kathryn
89 Maryann
95 Mollee
92 Rafaelia
94 Ricca
Started!
75 Anabel
57 Betsy
68 Celinka
56 Danya
66 Madelene
73 Marielle
Started!
39 Catharina
21 Crissie
32 Olia
30 Sabrina
34 Susette
30 Walliw
Started!
14 Denna
15 Editha
12 Jeanette
13 Odelia
14 Reba
15 Zuzana
Waiting!
4 Camala
12 Othilie
1 Roshelle
3 Sheilah
Started!
45 Cathrin
42 Cecile
43 Gates
38 Jessy
43 Nikki
52 Othella
Waiting!
81 Brenna
81 Clementine
73 Freddi
68 Salomi
78 Serena
Waiting!
60 Analise
Waiting!
19 Lenora
16 Nicolette
Waiting!
36 Audre
38 Berget
29 Darelle
27 Sonny
Waiting!
40 Leonelle
