Started!
59 Allison
58 Anna-Maria
66 Carie
48 Cyndi
61 Kelsey
57 Kessia
48 Nannette
52 Nissa
57 Orsola
52 Rori
Started!
45 Alika
32 Amelita
29 Ashely
39 Clea
37 Doris
46 Eleanor
38 Garnette
37 Leland
41 Merilyn
34 Nyssa
Started!
95 Hilliary
95 Karlotta
78 Laura
87 Marketa
91 Maxine
82 Miranda
82 Nadean
94 Nesta
94 Romona
92 Rozelle
Started!
10 Bunnie
12 Darbie
16 Jodi
3 Lena
12 Loralyn
13 Pen
3 Roda
10 Rozamond
7 Sharl
9 Sissy
Started!
75 Barb
77 Catlee
74 Corly
74 Deerdre
63 Halette
69 Jenda
59 Midge
68 Morgen
70 Noellyn
77 Terra
Started!
93 Almeta
81 Cari
88 Elsy
91 Elyssa
95 Lauree
84 Ludovika
88 Marianne
94 Micaela
87 Tiffany
85 Vally
Started!
12 Ailey
11 Anabel
12 Annabel
9 Channa
25 Davina
18 Gwyneth
9 Jeanette
10 Lurlene
24 Neda
23 Tarra
Started!
93 Carena
98 Celesta
96 Ernesta
90 Fayette
97 Henrie
94 Hillary
93 Maurise
94 Perla
91 Romola
99 Winna
Started!
58 Annabell
54 Christine
56 Courtenay
49 Elyn
63 Etta
46 Godiva
64 Jenifer
57 Joya
64 Lenora
53 Liana
Started!
2 Ailina
9 Bidget
8 Ede
1 Janis
6 Kathryn
14 Laureen
11 Minne
4 Nanon
14 Odessa
5 Talia
Started!
35 Adrian
40 Eddi
39 Gael
42 Jeniffer
40 Karyn
31 Orelia
35 Othella
38 Sarah
40 Shell
41 Zuzana
Started!
70 Aeriell
76 Angelique
78 Bride
79 Darcey
82 Florette
79 Ibbie
80 Joann
79 Jori
74 Lorette
70 Nady
Started!
22 Audre
31 Cynthia
20 Georgianne
29 Gipsy
29 Kellsie
38 Marnia
28 Morgana
29 Salomi
30 Tally
30 Wilhelmina
Started!
69 Audrey
71 Bernadene
63 Celene
75 Damara
61 Fiann
68 Liliane
69 Maddy
68 Marnie
65 Marya
70 Pennie
Started!
48 Caria
42 Caryn
53 Charleen
45 Darelle
58 Felecia
44 Gene
56 Keeley
40 Lilias
38 Miof
48 Sibylla
Started!
85 Blisse
90 Clementina
93 Denys
87 Dyanne
93 Gaynor
80 Odelle
91 Rose
84 Row
86 Shirl
90 Tracy
Started!
17 Helenka
14 Holly-Anne
18 Lark
21 Lilas
17 Matty
12 Myrah
12 Riki
24 Robin
23 Suzanne
23 Tammy
Started!
91 Alis
91 Bridie
99 Eden
94 Hedda
97 Jerrilee
99 Jess
98 Kaitlynn
91 Maribeth
100 Ronalda
94 Val
Started!
34 Bernadette
32 Denise
37 Gracia
26 Herta
28 Jackquelin
31 Lynett
20 Molli
30 Ronda
39 Sybille
35 Wilmette
Started!
5 Annamarie
8 Dael
14 Dell
5 Dorelia
12 Dorita
5 Helyn
5 Joly
3 Lesli
4 Shalna
3 Valida
Started!
45 Andrei
58 Codi
44 Dehlia
58 Emera
45 Etti
51 Florinda
47 Mara
39 Marti
44 Penelopa
49 Saraann
Started!
83 Aleda
87 Alex
85 Anita
86 Benedikta
81 Collete
80 Danyelle
79 Doll
76 Jade
81 Lorrayne
82 Shelba
Started!
12 Aileen
22 Bernice
10 Bianca
14 Delilah
8 Etty
11 Kristi
18 Mellicent
16 Nora
9 Wini
17 Winnie
Started!
79 Anitra
72 Averil
74 Christiana
71 Delora
80 Gerti
83 Helen-Elizabeth
64 Jackqueline
74 Marion
64 Myrtle
65 Olwen
Started!
38 Bibbye
27 Gavrielle
37 Jillane
34 Layla
33 Margeaux
31 Nancie
30 Nina
34 Regine
27 Renae
28 Rozalie
Waiting!
88 Avis
98 Constantine
89 Marja
93 Mindy
100 Roxine
100 Stevena
Waiting!
3 Amalea
5 Bonny
2 Kary
3 Sisile
2 Siusan
Waiting!
69 Ada
54 Carmelle
55 Celestina
64 Elie
61 Halley
62 Hedy
59 Jacqueline
61 Lian
61 Valaria
Waiting!
45 Lucinda
47 Mallissa
Waiting!
17 Christean
16 Ertha
Waiting!
79 Adria
86 Chantal
77 Franny
87 Michele
72 Mirabel
