Started!
30 Berta
30 Brooks
35 Edwina
29 Evanne
28 Fayette
32 Fina
18 Gerrie
17 Haily
35 Janenna
15 Jerrilyn
26 Jinny
21 Kaile
30 Liane
20 Priscella
24 Risa
31 Rosaleen
16 Velma
25 Zelma
Started!
48 Ailsun
53 Courtenay
57 Deva
60 Fawnia
59 Harmony
48 Juieta
44 Karel
62 Kary
49 Kissiah
55 Lexis
51 Lindsay
60 Liz
58 Maureene
61 Maurita
54 Melanie
50 Mildred
63 Wynn
46 Wynny
Started!
3 Athena
6 Beverly
6 Cassandre
12 Debera
12 Godiva
4 Hanna
2 Helene
13 Jacky
7 Jessalin
5 Karita
13 Lindsy
9 Meghan
5 Ronalda
7 Rosalinda
2 Sheila
2 Siana
10 Winonah
13 Yetta
Started!
92 Belle
94 Brittne
91 Carlina
91 Christalle
88 Doll
92 Elinor
92 Ernaline
86 Hatty
82 Iolande
98 Lilla
91 Linell
91 Melinda
93 Nannie
89 Olga
88 Sonny
86 Suzi
81 Tansy
92 Vivi
Started!
74 Candide
66 Evangelin
75 Florinda
78 Gizela
79 Gretchen
80 Hali
66 Josepha
70 Lilia
71 Lynsey
78 Marjory
71 Martina
73 Nat
60 Nelia
69 Noemi
68 Raquel
68 Sandy
70 Sonnie
80 Yvette
Started!
47 Bekki
46 Berty
42 Bryana
32 Cathy
35 Dalenna
37 Danette
46 Elane
31 Ermentrude
38 Guglielma
44 Kaitlin
40 Kerrin
41 Meryl
41 Nancey
42 Nikaniki
44 Petronille
29 Pollyanna
46 Shelba
33 Stephana
Started!
49 Aggy
59 Beryl
48 Chiarra
60 Christie
58 Daveta
57 Dosi
59 Ellyn
48 Elyssa
48 Jacquelin
60 Juanita
59 Karisa
52 Lise
47 Lyndel
49 Madelaine
55 Morgan
58 Selma
51 TEirtza
50 Vina
Started!
5 Annora
7 Anselma
7 Arabela
15 Davina
7 Domeniga
11 Eolande
10 Idell
4 Jandy
14 Lacie
14 Lizbeth
18 Lonna
9 Lucky
8 Luisa
17 Nancee
9 Nanine
17 Nelie
6 Othella
7 Renell
Started!
76 Annmaria
75 Claribel
74 Darell
69 Eimile
73 Eleonore
75 Ellissa
66 Ginny
69 Ibby
67 Jolee
85 Larine
68 Luz
71 Magdaia
80 Min
81 Rakel
83 Rivalee
67 Sella
67 Sofia
78 Sydel
Started!
27 Almeta
13 Audi
23 Beatrice
25 Brynn
23 Carita
17 Claudine
18 Donna
32 Farah
19 Geralda
20 Gladi
25 Hollie
25 Jaquith
25 Lenka
13 Lexi
19 Melany
14 Melody
30 Rachele
14 Sibylla
Started!
53 Aretha
62 Beverley
61 Brina
60 Caralie
63 Celisse
57 Frances
63 Janice
68 Jillayne
53 Jilli
66 Kassia
55 Lanni
60 Lauryn
62 Madelyn
63 Marabel
65 Molli
59 Quinn
55 Rhiamon
62 Sibylle
Started!
91 Clarine
87 Delcine
91 Etty
86 Flory
96 Gusti
93 Ilise
88 Laurena
88 Liuka
97 Marcellina
89 Myrna
92 Nicola
95 Nollie
97 Revkah
84 Shelby
94 Teri
88 Zahara
95 Zaria
80 Zelda
Waiting!
2 Carlee
2 Cristy
4 Elberta
8 Jessika
9 Lavinia
12 Linet
7 Marcile
2 Neda
3 Opal
12 Sapphire
10 Sharleen
5 Theresita
3 Verena
5 Wynnie
Started!
39 Aurelie
42 Bobine
38 Chickie
40 Dyana
35 Elianora
36 Eugenie
38 Hadria
43 Hazel
33 Jehanna
48 Judye
44 Marlene
32 Pennie
35 Perla
50 Ted
47 Tiphani
42 Tracee
42 Vilhelmina
49 Zorah
Waiting!
91 Abagael
100 Christina
90 Clara
96 Dacy
91 Gail
100 Kerry
97 Maighdiln
95 Nixie
92 Opaline
100 Tine
Waiting!
22 Garland
16 Gerta
18 Glenna
21 Hildagard
14 Isabella
17 Melodee
22 Mildrid
17 Mollee
17 Norene
16 Roby
17 Tabina
Waiting!
27 Belva
28 Carey
32 Cindi
32 Gratia
30 Joceline
29 Mignon
36 Philis
32 Rubetta
Waiting!
75 Amil
66 Avrit
66 Blanche
72 Carline
74 Janelle
82 Laney
71 Malvina
84 Merrilee
82 Rosana
Waiting!
50 Amandie
62 Fionnula
57 Glad
50 Mandy
59 Natalya
60 Sheeree
51 Tony
Waiting!
88 Philippe
Waiting!
44 Charmaine
49 Grissel
40 Letti
48 Maxy
44 Shanna
