Started!
6 Dyanna
Started!
48 Judy
Started!
98 Nataline
Started!
20 Arline
Started!
80 Stephenie
Started!
97 Rey
Started!
17 Min
Started!
73 Carlina
Started!
30 Imojean
Started!
27 Mechelle
Started!
46 Raynell
Started!
4 Mathilde
Started!
27 Lyda
Started!
2 Aurora
Started!
19 Amalee
Started!
93 Juli
Started!
100 Bernie
Started!
54 Marilee
Started!
1 Dot
Started!
30 Alana
Started!
16 Cherilynn
Started!
24 Hedi
Started!
42 Olga
Started!
72 Nell
Started!
72 Gill
Started!
46 Honoria
Started!
75 Audra
Started!
68 Joan
Started!
16 Demeter
Started!
52 Layla
Started!
45 Betteann
Started!
58 Amandie
Started!
16 Heidie
Started!
88 Lilia
Started!
15 Eliza
Started!
66 Rhianna
Started!
81 Milissent
Started!
75 Kial
Started!
67 Rodi
Started!
26 Myrta
Started!
16 Doralyn
Started!
29 Agnola
Started!
60 Collette
Started!
50 Ciel
Started!
89 Tasia
Started!
90 Merline
Started!
58 Dory
Started!
52 Carree
Started!
91 Shara
Started!
70 Gretta
Started!
29 Clemmie
Started!
97 Gwendolen
Started!
98 Haily
Started!
45 Dora
Started!
30 Mildred
Started!
44 Rhiamon
Started!
1 Bernadette
Started!
61 Marcela
Started!
76 Katlin
Started!
62 Leodora
Started!
97 Jaquenette
Started!
10 Ardyth
Started!
33 Sigrid
Started!
89 Marina
Started!
50 Lexis
Started!
75 Belle
Started!
30 Lexi
Started!
16 Daphene
Started!
67 Karola
Started!
95 Aleta
Started!
17 Shena
Started!
17 Ailey
Started!
93 Yvette
Started!
32 Thomasa
Started!
97 Micaela
Started!
54 Meryl
Started!
2 Virgie
Started!
57 Mireille
Started!
41 Adelice
Started!
18 Stella
Started!
32 Ilka
Started!
79 Britni
Started!
78 Claudetta
Started!
43 Tonya
Started!
40 Pamella
Started!
60 Dulcy
Started!
33 Jodi
Started!
39 Melisa
Started!
33 Karita
Started!
53 Olimpia
Started!
45 Merridie
Started!
49 Janie
Started!
6 Iona
Started!
85 Carita
Started!
16 Eleonora
Started!
56 Sharyl
Started!
20 Annetta
Started!
95 Tobye
Started!
76 Angelika
Started!
51 Lise
Started!
72 Giuditta
Started!
7 Juanita
Started!
42 Leonanie
Started!
12 Esther
Started!
17 Bren
Started!
74 Perla
Started!
43 Kettie
Started!
22 Hope
Started!
82 Becca
Started!
81 Davina
Started!
17 Ernaline
Started!
32 Larine
Started!
38 Tomasina
Started!
49 Eimile
Started!
87 Anselma
Started!
60 Berty
Started!
96 Jayme
Started!
1 Beilul
Started!
100 Xena
Started!
90 Celisse
Started!
67 Sophie
Started!
79 Avrit
Started!
50 Elyssa
Started!
71 Milicent
Started!
55 Arielle
Started!
29 Valaree
Started!
6 Brande
Started!
81 Alayne
Started!
54 Dodie
Started!
48 Alyce
Started!
35 Nelie
Started!
55 Meriel
Started!
69 Evy
Started!
16 Evaleen
Started!
50 Revkah
Started!
100 Kassey
Started!
34 Prudence
Started!
87 Jacintha
Started!
4 Neysa
Started!
41 Nissie
Started!
78 Modestia
Started!
40 Darcie
Started!
15 Enid
Started!
61 Kellina
Started!
47 Lucilia
Started!
83 Stormy
