Started!
17 Danica
10 Honoria
20 Michell
8 Milissent
18 Portia
16 Sibby
10 Zoe
Started!
56 Aurora
66 Catlee
75 Damaris
70 Jaclin
65 Mariejeanne
59 Mozelle
68 Nalani
Started!
72 Ashlen
82 Karmen
83 Kathryn
85 Kylynn
80 Lauri
84 Rosaleen
81 Rosalyn
Started!
37 Dottie
33 Hyacinthe
46 Mareah
46 Maria
32 Max
32 Saba
34 Virgina
Started!
93 Darb
93 Linea
87 Magdaia
95 Malvina
96 Marilee
96 Sascha
94 Wileen
Started!
38 Agnola
53 Becky
46 Lilly
41 Pollyanna
48 Robbi
49 Shirleen
58 Sybilla
Started!
10 Benedicta
13 Carree
14 Gill
9 Hildegarde
12 Loree
4 Sharon
19 Silva
Started!
32 Daphene
26 Marci
25 Mariette
21 Nanete
35 Naomi
26 Sisile
32 Stesha
Started!
64 Ardath
67 Eliza
64 Kellie
74 Kial
74 Lilla
75 Madella
65 Sigrid
Started!
4 Anatola
8 Annalee
1 Laryssa
8 Myrah
13 Ondrea
13 Ora
1 Shoshana
Started!
56 Almeria
42 Cissiee
41 Gwynne
50 Josee
55 Larina
56 Leoine
60 Ursula
Started!
71 Anabal
63 Coraline
73 Dorey
77 Felicia
68 Marina
66 Ninnetta
77 Rianon
Started!
23 Alejandrina
42 Angelika
33 Averil
25 Claudetta
35 Fara
34 Kerrill
34 Timmie
Started!
25 Almire
10 Dorree
21 Elly
18 Latisha
20 Lyndsey
11 Margot
18 Viole
Started!
81 Anitra
85 Joannes
90 Leland
91 Leonore
76 Minne
83 Pamella
84 Roanna
Started!
1 Beverlee
5 Bidget
6 Cami
1 Codee
7 Johna
2 Melisa
4 Noellyn
Started!
91 Amye
92 Brittaney
99 Claudine
99 Elyssa
99 Libbie
96 Valaree
97 Xenia
Started!
53 Berenice
54 Dollie
64 Dorothy
58 Hortensia
58 Karita
66 Trula
48 Viva
Started!
33 Bethanne
30 Carita
30 Gayleen
42 Jaynell
43 Katharine
37 Leonanie
34 Xena
Started!
79 Brande
86 Conny
78 Elysia
77 Glen
81 Gwenora
80 Halie
76 Milicent
Started!
69 Billi
75 Camala
69 Carlyn
61 Kissie
61 Ruthann
68 Wilie
58 Windy
Started!
49 Angelica
53 Carol-Jean
61 Dania
47 Devon
53 Kellina
53 Raphaela
43 Sofie
Started!
23 Ddene
23 Jackie
21 Luise
20 Maggie
25 Rodina
22 Selia
30 Vina
Started!
2 Billye
2 Christy
9 Dorita
2 Elnore
5 Eolande
8 Lilas
5 Pearl
Started!
35 Annalise
31 Caren
27 Cynthia
44 Ginevra
29 Nerissa
37 Suzette
34 Winny
Started!
19 Arlyne
18 Deane
25 Farah
25 Glori
23 Jena
18 Minnaminnie
25 Tabbitha
Started!
62 Bettina
62 Candida
64 Celeste
70 Keri
70 Krissy
74 Mandy
74 Stormy
Started!
99 Blondell
98 Bonny
96 Cass
98 Ceil
95 Oralee
97 Pam
88 Tyne
Started!
62 Alis
57 Electra
71 Farrand
71 Florencia
65 Linzy
62 Taffy
71 Violet
Started!
84 Alica
76 Ava
73 Carolan
69 Cherice
70 Eran
78 Helyn
85 Latashia
Started!
48 Elmira
52 Esmaria
43 Kassia
45 Marigold
43 Pammy
46 Vicky
49 Zandra
Started!
34 Abbie
34 Amalita
44 Barby
33 Cammi
40 Chiquia
24 Jeniece
34 Lorinda
Started!
18 Angel
23 Arlinda
16 Emmalee
17 Justina
21 Kaja
13 Lira
17 Lizette
Started!
61 Bunny
63 Caroline
56 Cynthie
55 Kristan
63 Nicolina
58 Susanna
53 Yvonne
Waiting!
93 Constanta
85 Kare
100 Mae
92 Nikki
83 Shana
97 Sue
Started!
4 Anett
3 Bernelle
11 Brunhilda
5 Geri
1 Mellisent
1 Nellie
5 Viviana
Started!
75 Carine
76 Cleo
67 Dinnie
70 Donnamarie
70 Ethel
77 Ray
80 Shanna
Waiting!
45 Maggee
41 Rosene
Waiting!
64 Cristabel
62 Esma
57 Nessie
56 Sonny
Waiting!
13 Celie
10 Sonja
4 Ynez
Waiting!
19 Cornela
16 Filippa
