Started!
83 Alanna
91 Ariella
93 Aurora
86 Cary
76 Clementine
86 Desdemona
76 Dinah
86 Elonore
82 Elsa
80 Ertha
94 Fern
77 Freida
78 Helge
81 Ingrid
90 Jsandye
82 Judith
93 Kaitlin
87 Lyndsey
77 Magdaia
88 Marabel
79 Margarete
85 Nichol
79 Susie
80 Vivianna
79 Yolande
Started!
97 Anette
94 Bobina
94 Candi
90 Crystie
92 Cynthie
90 Elianora
99 Elle
91 Evanne
93 Fernande
96 Hally
93 Helsa
96 Jordanna
94 Kameko
97 Kellina
93 Malina
91 Mari
98 Mariann
95 Martie
97 Milly
96 Nicholle
99 Ronna
92 Shayne
100 Vivie
88 Winny
100 Yevette
Started!
41 Alberta
47 Alvera
40 Amil
42 Ashien
36 Bernadine
31 Bidget
45 Brigit
31 Conchita
38 Devon
34 Dinnie
35 Fran
37 Gertrude
49 Gilbertine
41 Gillan
49 Gizela
48 Hortensia
35 Larina
38 Letitia
46 Mersey
33 Nariko
44 Robbi
41 Rose
47 Rycca
37 Tammi
30 Vyky
Started!
62 Adele
56 Alyce
61 Annalee
52 Ardeen
57 Bethena
51 Brita
57 Cele
58 Coralie
54 Cyndi
55 Cynthia
52 Davida
45 Ddene
55 Estella
58 Jaclin
43 Jena
57 Junette
46 Karoly
61 Kay
60 Kendre
56 Kora
56 Livvyy
53 Nettle
60 Paulita
61 Stesha
57 Tamqrah
Started!
11 Agathe
3 Allys
12 Anjela
7 Brittne
3 Cassey
4 Clarita
1 Conny
10 Cristina
2 Doe
11 Eliza
8 Elke
2 Estrella
11 Garnet
8 Guglielma
1 Harri
4 Leonore
9 Lilly
11 Lissa
5 Maiga
8 Merla
2 Noreen
3 Sallee
4 Tarrah
1 Wren
10 Zita
Started!
25 Adriana
28 Anitra
27 Babbette
16 Bel
24 Bette
20 Chelsey
26 Cherye
17 Chiquita
16 Deana
20 Dollie
18 Edee
28 Ericha
28 Franky
25 Hestia
16 Joete
19 Kandace
21 Kathryne
29 Leland
20 Lexine
26 Licha
19 Lolita
20 Marys
24 Olivie
25 Rorie
20 Sheena
Started!
66 Aimee
67 Alex
73 Annalise
66 Blair
68 Faustine
66 Hayley
72 Idell
69 Josey
74 Karie
71 Kikelia
73 Kirbie
75 Klarika
71 Laraine
67 Leonanie
61 Lesley
70 Leticia
64 Letta
68 Maryann
59 Nedi
61 Pammy
75 Reggie
65 Shae
66 Tamma
61 Tammara
64 Terri
Waiting!
14 Adriaens
13 Benedicta
23 Brandy
18 Candida
15 Cherin
20 Danyette
15 Ediva
24 Eleen
19 Flore
17 Genevieve
13 Joletta
22 Kissie
17 Lorianne
16 Maybelle
15 Perry
15 Starla
Waiting!
87 Amaleta
79 Auberta
77 Belle
79 Carlyn
82 Celesta
87 Constancy
79 Elsy
85 Emma
79 Essie
85 Etta
85 Ferne
83 Glen
79 Greta
85 Jewelle
74 Joane
83 Marnia
77 Norina
79 Ophelia
86 Prudy
83 Rosalind
78 Sarena
83 Sue
86 Thomasina
Waiting!
33 Amalita
41 Ava
29 Brett
37 Ceil
45 Danila
35 Geneva
31 Gilligan
31 Iona
33 Janis
26 Joela
26 Krista
26 Sallie
41 Sibel
35 Valeria
30 Vicky
40 Zulema
Waiting!
67 Ekaterina
63 Kira
69 Maggee
61 Norma
59 Roxine
Waiting!
51 Deane
54 Kippie
