Started!
65 Alexina
70 Alyson
63 Angie
62 Anita
61 Anthiathia
68 Ariadne
59 Arlene
68 Bibbie
64 Cristabel
55 Datha
68 Elmira
66 Emera
63 Glenna
55 Kial
57 Natalie
63 Odette
57 Oralla
69 Ricky
65 Rosamund
71 Sadie
54 Sheena
56 Sunny
72 Terra
66 Vannie
57 Wilhelmina
55 Xylia
53 Zarla
Started!
92 Anselma
81 Ardyth
78 Bernardine
85 Briney
89 Charin
76 Claresta
80 Cornelle
78 Dorrie
87 Drusie
85 Elwira
90 Francoise
85 Jaclin
92 Joellen
76 Lindsy
82 Mercie
83 Odele
85 Rodina
75 Rubi
75 Selma
89 Shannah
87 Suzanna
81 Tabatha
75 Tandi
72 Thelma
76 Vevay
79 Vivianne
87 Wini
Started!
24 Amandie
26 Anabella
43 Aridatha
31 Carmencita
43 Cassi
36 Cassie
24 Christan
34 Clari
35 Desirae
33 Evelina
28 Gates
33 Gennifer
26 Goldie
40 Irena
25 Jacintha
31 Kissie
33 Maryanne
25 Pepi
24 Rene
39 Romola
30 Shanna
32 Shelby
34 Sindee
37 Talyah
40 Tomi
41 Truda
30 Wenona
Waiting!
17 Amie
1 Anica
16 Annabella
1 Ardeen
8 Arleen
10 Arliene
17 Ashlan
13 Bethina
9 Brinn
10 Danya
13 Emmeline
10 Henrieta
12 Kariotta
7 Kathi
2 Kristy
6 Lacee
4 Liane
9 Marieann
20 Mel
7 Millicent
15 Ottilie
7 Patrica
1 Ranice
8 Sharai
5 Silvana
11 Zabrina
Waiting!
21 Carlene
22 Frederica
21 Prudence
21 Renie
23 Rosabella
Waiting!
51 Alida
57 Allina
49 Blythe
47 Denise
57 Dre
49 Fayth
54 Felicia
50 Gussi
47 Jany
48 Joete
50 Karilynn
46 Krystle
40 Maisey
50 Myranda
47 Robinette
47 Rois
45 Tatiana
52 Teena
Waiting!
93 Bili
95 Donella
98 Hortense
96 Jobye
100 Lauren
95 Loni
98 Marrissa
95 Rozanna
96 Seka
Waiting!
63 Maire
75 Olly
66 Pansy
66 Tim
