Waiting!
96 Amaleta
98 Anetta
92 Ardra
87 Bette
87 Brenna
87 Carolina
97 Darrelle
92 Dionne
94 Doe
93 Eddy
91 Emylee
92 Jenni
93 Miran
89 Norry
94 Pat
99 Sheree
97 Tate
100 Venus
95 Winna
Started!
21 Aigneis
11 Audre
11 Brita
19 Carmelia
11 Chere
17 Christalle
25 Debbie
24 Fran
18 Gill
17 Gussie
14 Gusty
14 Jordanna
30 Loretta
22 Lottie
10 Luisa
23 Mandy
29 Meta
21 Teresa
25 Tracey
28 Tracie
15 Truda
20 Zulema
Started!
70 Alma
73 Alverta
59 Barry
56 Carina
65 Charin
53 Cheryl
59 Corly
63 Dion
63 Eleni
65 Ella
57 Giacinta
58 Glori
73 Hope
71 Laurena
71 Legra
54 Lucila
54 Mabel
53 Maiga
71 Sydelle
66 Tomasine
72 Valery
73 Verna
Started!
38 Aggy
37 Alicea
48 Althea
44 Anjanette
47 Arlie
45 Auroora
48 Bertie
45 Cam
41 Celia
49 Emmaline
42 Francesca
50 Gerrilee
34 Ginnifer
43 Ibby
38 Ilise
43 Lenee
44 Lilllie
43 Lorrin
39 Marinna
35 Nisse
36 Susy
42 Tallia
Started!
2 Allsun
4 Angelita
4 Ardenia
13 Catherine
17 Darelle
6 Dominga
8 Evelina
6 Glenn
3 Jacquelynn
8 Juliann
9 Karlen
6 Karoly
3 Kerrill
1 Lilli
1 Marcy
3 Milli
10 Minetta
9 Olympia
1 Rhody
9 Sonya
4 Stefanie
7 Willamina
Started!
84 Aila
77 Alyson
86 Bernita
74 Cally
74 Charlene
75 Daffy
80 Evy
75 Florry
74 Ginger
80 Katinka
83 Kissiah
79 Letti
82 Lexi
77 Mari
77 Marna
86 Perri
84 Sharla
74 Stephie
79 Ted
79 Tillie
75 Tiphanie
75 Vally
Waiting!
70 Angelique
73 Annabal
65 Donella
73 Elnora
68 Janna
69 Malissa
69 Minni
67 Portia
68 Raquela
71 Ursala
Waiting!
59 Dina
56 Gwenora
53 Kellie
60 Kirsteni
56 Lind
55 Lolita
49 Magdalen
57 Nevsa
53 Rozalie
55 Sheeree
46 Talyah
59 Trude
56 Vi
Waiting!
35 Allyn
23 Amberly
30 Blake
25 Brynna
26 Collette
33 Drona
26 Dulci
25 Gilly
26 Joellyn
28 Maridel
31 Marika
33 Mimi
37 Monah
19 Neely
18 Shannen
28 Tuesday
Waiting!
44 Aridatha
44 Guenna
41 Joann
41 Kamillah
44 Nell
41 Yevette
Waiting!
9 Amitie
9 Appolonia
1 Kirbie
7 Nessa
Waiting!
16 Ivie
15 Margaux
15 Nicoli
15 Queenie
