Started!
47 Kally
49 Persis
55 Zsazsa
Started!
88 Bree
96 Fianna
84 Kathi
Started!
64 Conny
68 Joellen
61 Kary
Started!
100 Lois
98 Peg
100 Venus
Started!
37 Kanya
40 Marsha
46 Terra
Started!
14 Angie
6 Maryjo
18 Viola
Started!
27 Aggy
27 Pru
33 Sabrina
Started!
46 Darcey
58 Latashia
51 Marrilee
Started!
73 Erena
76 Giralda
84 Vanessa
Started!
97 Maryrose
98 Rozalin
97 Sallyann
Started!
34 Carmencita
31 Kippy
26 Meredithe
Waiting!
19 Mallory
23 Trudi
Started!
47 Deloris
51 Lilla
49 Natalina
Waiting!
64 Roch
Waiting!
96 Avril
