Waiting!
89 Alejandrina
91 Ambur
93 Cariotta
99 Carissa
98 Chelsae
93 Cher
97 Courtney
98 Deirdre
97 Hildy
94 Jenica
96 Klara
96 Krystalle
92 Mercedes
89 Renae
98 Sheeree
93 Valina
94 Vonnie
99 Xenia
98 Yolane
Waiting!
80 Claudina
77 Danyelle
79 Geraldine
77 Gerrie
80 Hannie
86 Harriet
79 Kelila
83 Kipp
77 Mable
84 Marga
82 Melba
78 Mellie
77 Naomi
84 Paulie
70 Thomasin
73 Wallis
84 Waneta
Waiting!
24 Alexine
11 Alvira
15 Carlotta
12 Casey
15 Dido
10 Elisa
15 Fawne
14 Gates
24 Julita
25 Lela
16 Lidia
17 Mari
5 Naoma
20 Phil
19 Sonya
11 Trula
11 Vivia
Waiting!
29 Angela
37 Bethany
29 Joyann
33 Katerina
30 Kelli
28 Lauryn
26 Morgan
34 Trish
Started!
45 Ammamaria
46 Ann
61 Anthia
49 Bria
54 Cassandre
54 Christabel
62 Constancia
53 Dodi
62 Faith
51 Fanny
45 Freddy
54 Jacky
57 Jessi
59 Juliane
61 Krystal
58 Marena
47 Nerita
64 Shayna
61 Stefania
47 Tabitha
46 Taffy
45 Timmy
59 Traci
52 Valera
51 Zena
Waiting!
43 Audy
41 Aurelie
43 Elwira
42 Joann
46 Lolly
Waiting!
66 Buffy
67 Carolynn
68 Chrysler
66 Joice
68 Rodie
65 Vinita
Waiting!
2 Lurline
