Started!
33 Alvina
30 Arleen
24 Becki
39 Brynne
34 Chloette
39 Concordia
35 Cyndia
44 Drucill
40 Gretna
44 Guinna
35 Gwendolyn
30 Ilse
37 Jerrilee
33 Jerrylee
35 Julia
34 Kacey
37 Kelley
34 Laura
44 Maia
33 Maribeth
39 Mechelle
35 Mozelle
41 Niki
35 Rivalee
35 Sada
24 Shannah
26 Sharona
40 Teri
29 Verina
Started!
82 Anne
64 Aurelea
82 Berry
73 Beryle
73 Blinnie
77 Camel
83 Catlee
69 Delcine
72 Dulcie
76 Fawnia
76 Felisha
66 Florry
77 Giovanna
74 Grier
71 Kelcie
81 Kendra
66 Madlen
70 Magdalen
73 Malvina
76 Meris
76 Michell
75 Nelie
73 Ninnette
65 Ninon
68 Rhetta
79 Sarajane
81 Stephenie
81 Valaria
68 Vinni
Waiting!
49 Amabel
51 Ami
52 Andromache
51 Avrit
57 Blinny
52 Carena
59 Diandra
51 Eachelle
63 Elladine
58 Guendolen
56 Hedy
47 Janetta
54 Janette
53 Jeralee
48 Leonore
57 Mariellen
51 Marlyn
46 Meagan
65 Merridie
46 Nari
60 Nita
57 Pauline
58 Sadie
Started!
10 Allina
19 Ann-Marie
20 Audrie
7 Belle
17 Carmine
15 Carmita
19 Celinka
19 Christabella
18 Clari
3 Claudetta
15 Clea
22 Denna
21 Eveleen
8 Flore
17 Frances
21 Gabriela
3 Gus
23 Harlie
13 Leila
14 Liz
20 Luci
10 Marris
9 Marylou
13 Melanie
14 Sephira
20 Sibbie
12 Sisely
13 Sisile
20 Vicki
Waiting!
88 Arden
85 Aubrie
94 Beryl
87 Carola
89 Dorise
91 Isabelle
89 Ivonne
96 Jilli
96 Juliette
85 Karalee
95 Lenore
90 Lora
94 Mathilde
93 Melisent
86 Mommy
88 Roanne
93 Sidonnie
87 Vivyanne
94 Zulema
Waiting!
99 Layla
97 Nixie
98 Onida
97 Pepita
Waiting!
11 Clemmy
6 Corine
1 Essie
7 Sheeree
8 Winne
Waiting!
27 Gabriell
29 Izabel
15 Julienne
22 Latrina
28 Mallory
19 Mame
21 Millisent
13 Natala
26 Velma
Waiting!
36 Deb
35 Edee
45 Heddi
43 Raina
45 Reeba
Waiting!
31 Sonja
32 Starr
31 Uta
