Started!
27 Adriaens
24 Angela
31 Brande
24 Britney
26 Clovis
20 Cosette
33 Delcina
18 Elonore
22 Eustacia
21 Giralda
24 Jena
26 Jenelle
32 Jerrilyn
20 Joyce
16 Krissy
18 Madelin
17 Ruthie
23 Shina
16 Teddy
32 Trish
Started!
86 Anatola
93 Annabella
90 Elka
92 Ferne
97 Hertha
85 Joanie
100 Kaitlynn
91 Kayley
97 Ki
83 Kimmie
83 Lilith
83 Merry
85 Phillie
82 Regine
85 Roslyn
99 Ruth
86 Simonette
83 Tabbatha
97 Vanda
92 Vivianna
Started!
84 Andy
66 Ayn
72 Dominga
75 Elsi
76 Genna
70 Gussy
74 Gusty
79 Kacy
71 Kipp
78 Lane
69 Leonanie
74 Lyndsay
68 Mandie
78 Maren
75 Melva
74 Miranda
77 Norrie
76 Patrizia
72 Phylys
75 Tony
Started!
64 Ailyn
54 Andee
65 Angil
59 Bonnibelle
46 Dusty
46 Eddie
54 Genevra
51 Gracia
65 Helge
56 Ivette
62 Madeline
63 Marieann
51 Meade
65 Modesty
59 Natalee
46 Noelani
50 Robinia
63 Rosemary
65 Tonye
53 Valeda
Started!
39 Adi
36 Adriane
26 Alis
32 Avis
39 Beatrix
42 Cornela
31 Cory
25 Deeanne
38 Etti
35 Georgie
33 Glory
29 Jackqueline
25 Lidia
42 Lisa
37 Nissie
35 Perri
39 Sean
45 Wendeline
37 Wilona
41 Zahara
Started!
6 Anissa
13 Ann-Marie
10 Austine
14 Berta
20 Carmen
21 Cele
13 Ellissa
13 Feliza
2 Gretna
4 Jada
11 Kaye
7 Lavinia
6 Marris
16 Marylou
11 Maurise
7 Neilla
9 Priscella
6 Susie
18 Tamra
19 Thomasin
Waiting!
93 Alvira
97 Annnora
99 Clarisse
100 Conny
96 Issi
100 Meagan
93 Nicole
94 Ophelie
99 Rosina
Waiting!
64 Ashli
63 Chandra
56 Daisie
52 Ines
48 Marrissa
50 Mavra
56 Melodie
64 Nita
58 Norri
52 Willi
Waiting!
14 Amye
22 Babbie
21 Birdie
21 Bobbee
30 Charita
32 Cristabel
22 Doralynne
27 Elfie
21 Filia
27 Gwyneth
14 Josee
29 Junina
22 Kyle
32 Monica
23 Quintina
24 Sandie
24 Sarette
Waiting!
33 Agata
45 Charisse
42 Clare
45 Leodora
41 Magdalene
34 Malinda
42 Pooh
39 Violante
35 Ysabel
Waiting!
89 Constantina
89 Darb
78 Deana
88 Jerry
86 Lizzy
89 Lou
86 Seka
86 Tabbie
Waiting!
76 Ingeberg
69 Nathalia
Waiting!
2 Merci
10 Paulette
