Started!
99 Randee
Started!
62 Gianina
Started!
25 Kellie
Started!
57 Catarina
Started!
38 Rivalee
Started!
28 Sibel
Started!
40 Robbi
Started!
51 Perri
Started!
61 Nicholle
Started!
88 Lottie
Started!
34 Wanids
Started!
81 Norrie
Started!
85 Noelani
Started!
95 Sigrid
Started!
88 Jonell
Started!
59 Janella
Started!
85 Goldi
Started!
97 Jacynth
Started!
90 Raphaela
Started!
41 Tabitha
Started!
62 Etti
Started!
74 Bliss
Started!
76 Jenica
Started!
34 Bride
Started!
23 Kirsti
Started!
22 Roxanne
Started!
46 Michal
Started!
1 Laraine
Started!
55 Regine
Started!
2 Corenda
Started!
69 Leoine
Started!
13 Carlee
Started!
7 Kaitlynn
Started!
34 Tiphanie
Started!
53 Ruthie
Started!
23 Mariann
Started!
86 Blanca
Started!
89 Kristan
Started!
3 Jacquette
Started!
68 Wilone
Started!
96 Shanta
Started!
8 Juieta
Started!
99 Rubetta
Started!
9 Cinda
Started!
99 Verina
Started!
88 Lou
Started!
87 Ginnie
Started!
79 Stephi
Started!
4 Marney
Started!
100 Paulita
Started!
30 Lisa
Started!
84 Mandie
Started!
33 Katine
Started!
22 Modesta
Started!
53 Flossie
Started!
65 Ellissa
Started!
64 Zorine
Started!
31 Josephina
Started!
9 Kessiah
Started!
29 Kandy
Started!
43 Annabella
Started!
60 Trish
Started!
77 Lorena
Started!
72 Bunni
Started!
55 Cristy
Started!
13 Robbie
Started!
1 Vivyanne
Started!
45 Esmaria
Started!
13 Kizzie
Started!
11 Devondra
Started!
3 Molly
Started!
38 Carree
Started!
16 Hermine
Started!
79 Deeann
Started!
98 Gena
Started!
42 Clarine
Started!
76 Clarabelle
Started!
84 Joelie
Started!
70 Traci
Started!
98 Evvie
Started!
91 Theresina
Started!
1 Edythe
Started!
8 Suki
Started!
49 Roselia
Started!
43 Hermia
Started!
37 Tony
Started!
20 Aurea
Started!
96 Billie
Started!
4 Elisabetta
Started!
96 Charlena
Started!
93 Shirlee
Started!
4 Bernadette
Started!
87 Hilary
Started!
5 Robinia
Started!
22 Antonia
Started!
12 Rhoda
Started!
53 Brittan
Started!
66 Constancy
Started!
14 Arlana
Started!
77 Kristien
Started!
60 Roberta
Started!
87 Idalia
Started!
52 Cacilia
Started!
28 Althea
Started!
62 Jacquelyn
Started!
15 Kass
Started!
18 Norri
Started!
13 Corie
Started!
22 Livvy
Started!
16 Clarie
Started!
13 Trix
Started!
86 Mona
Started!
41 Ianthe
Started!
40 Tamra
Started!
90 Sari
Started!
28 Lilas
Started!
98 Camille
Started!
72 Amara
Started!
85 Dorena
Started!
15 Estele
Started!
40 Elana
Started!
98 Vonni
Started!
33 Agata
Started!
70 Sadie
Started!
29 Astrix
Started!
87 Beatrisa
Started!
39 Melisandra
Started!
33 Loren
Started!
95 Phillida
Started!
80 Geralda
Started!
69 Jerry
Started!
32 Deloris
Started!
52 Brianne
Started!
51 Modestine
Started!
48 Karita
Started!
38 Vivia
Started!
2 Joella
Started!
53 Yvette
Started!
65 Camile
Started!
97 Wynnie
Started!
25 Drona
Started!
40 Hilde
Started!
83 Kendra
Started!
55 Rosemonde
Started!
73 Clair
Started!
59 Amalie
Started!
22 Bonnee
Started!
27 Rodie
Started!
6 Ronnie
Started!
5 Marrissa
Started!
92 Maddie
Started!
12 Patrica
Started!
44 Emmalynne
Started!
63 Shaylynn
Started!
92 Cissy
Started!
46 Doralynne
Started!
33 Mersey
Started!
96 Karleen
Started!
74 Joyce
Started!
37 Jobey
Started!
64 Corliss
Started!
2 Cele
Started!
3 Filia
Started!
67 Yolane
Started!
60 Mariana
Started!
21 Bonita
Started!
9 Doralyn
Started!
18 Cassey
Started!
66 Tandi
Started!
82 Myrna
Started!
14 Koralle
Started!
65 Buffy
Started!
61 Janeta
Started!
53 Birdie
Started!
14 Daron
Started!
66 Sibella
Started!
94 Josee
Started!
8 Jeri
Started!
18 Ingrid
Started!
3 Madalyn
Started!
3 Andee
Started!
33 Marni
Started!
25 Miguelita
Started!
62 Susanetta
Started!
65 Bobbette
Started!
55 Jaime
Started!
77 Trudi
Started!
54 Kata
Started!
42 Goldarina
Started!
46 Magdalena
Started!
18 Lula
Started!
98 Jolene
Started!
64 Celesta
Started!
19 Ginevra
Started!
58 Robina
Started!
84 Florry
Started!
98 Karmen
Started!
58 Lynette
Started!
39 Constantine
Started!
21 Else
Started!
98 Beatriz
Started!
97 Dorene
Started!
89 Megen
Started!
78 Ambur
Started!
15 Karil
Started!
36 Roz
Started!
97 Sasha
Started!
50 Irene
Started!
88 Diann
Started!
83 Caryn
Started!
65 Greta
Started!
36 Brynne
Started!
11 Nonna
Started!
1 Dru
Started!
31 Ester
Started!
32 Barbara-Anne
Started!
46 Milena
Started!
95 Josselyn
