Started!
72 Abbe
73 Antonia
76 Arabella
85 Costanza
76 Dionis
75 Faythe
82 Florentia
90 Guillemette
84 Kitty
84 Leeanne
80 Letta
89 Lisetta
89 Lyndsey
70 Rebekkah
75 Robenia
80 Sherline
83 Starla
86 Val
87 Winne
Started!
97 Amara
99 April
98 Carine
99 Chelsie
95 Doria
98 Dosi
94 Drusilla
100 Dulcie
96 Elana
92 Leslie
99 Lorena
97 Marcellina
93 Marjory
89 Pamella
97 Raye
94 Romola
100 Tabby
100 Tiphanie
96 Valentina
Started!
15 Adelaida
7 Anselma
13 Arden
27 Camala
17 Coralyn
20 Corinna
8 Elli
12 Ellie
19 Gabbi
11 Giuditta
25 Liane
12 Nyssa
18 Ruthann
12 Sabina
16 Shannah
23 Sibel
17 Terrye
9 Trescha
19 Vinnie
Started!
42 Alyda
39 Anastassia
28 Caro
40 Caryl
30 Claribel
36 Cordy
27 Denni
37 Gerhardine
41 Inesita
39 Jacquie
28 Laney
38 Laverna
30 Lucille
33 Michelle
40 Noni
35 Pepi
34 Portia
40 Rhianna
42 Winnie
Started!
62 Abigail
66 Aileen
63 Catherina
67 Devondra
65 Elena
66 Elisabetta
59 Fey
56 Harriot
64 Linette
65 Lonna
64 Lurette
61 Martie
61 Mattie
66 Mercy
68 Mollie
56 Neilla
58 Roberta
57 Sher
66 Valaree
Waiting!
46 Annette
44 Elora
48 Ester
47 Imelda
54 Indira
Waiting!
1 Carena
8 Carolyne
5 Clarine
6 Collete
2 Joelie
16 Melisande
6 Penni
3 Rheta
Waiting!
82 Clio
87 Jenn
87 Penny
87 Rebeka
84 Sophie
88 Willabella
Waiting!
63 Camille
68 Dorthy
60 Florri
63 Goldi
58 Jessalyn
64 Nanette
Waiting!
23 Gillian
29 Sabra
