Started!
59 Chiquita
73 Delilah
64 Lolly
69 Manda
65 Modesta
Started!
99 Candide
93 Easter
95 Karoly
95 Phillis
85 Zuzana
Started!
28 Coretta
33 Danella
27 Elysia
26 Madalena
28 Rachael
Started!
54 Allyce
57 Catarina
52 Caterina
52 Clarie
58 Hermione
Started!
34 Addi
42 Deonne
48 Lenna
39 Melessa
32 Reina
Started!
3 Austin
9 Carlie
4 Marcia
13 Nerta
2 Teresita
Waiting!
23 Avie
25 Becca
19 Caresse
15 Garnette
Waiting!
6 Fanechka
1 Gracie
Started!
84 Billie
72 Celestyn
80 Diena
80 Jemimah
84 Veda
Waiting!
65 Barbara-Anne
68 Daphne
66 Lolita
66 Myrna
Started!
55 Annabelle
53 Bridgette
54 Gabriellia
56 Loreen
53 Tisha
Waiting!
42 Christiana
48 Juliet
Waiting!
55 Channa
53 Erinna
