Waiting!
12 Althea
11 Ardenia
22 Beatrisa
15 Brandi
17 Eliza
26 Kessia
21 Nonie
13 Ottilie
8 Perl
11 Tersina
Started!
84 Cordey
92 Crissy
83 Diannne
92 Filippa
98 Geneva
92 Joleen
99 Letisha
92 Pauly
86 Romola
86 Ruthanne
90 Yvette
Waiting!
54 Arabele
50 Candida
55 Essie
54 Jayne
39 Lorine
42 Merle
45 Nannie
55 Shara
50 Stephannie
Waiting!
31 Carolyne
34 Cate
33 Kari
31 Salomi
Waiting!
72 Alie
76 Aubrette
70 Flss
80 Hedy
79 Margie
76 Melisse
73 Milzie
79 Nessy
71 Tommi
Waiting!
67 Ann-Marie
58 Elsy
67 Kaleena
66 Kial
Waiting!
5 Kath
3 Rheba
6 Wilone
Waiting!
92 Meggi
99 Phillida
