Started!
13 Merle
Started!
87 Alysa
Started!
57 Dredi
Started!
50 Leoline
Started!
56 Jeanne
Started!
99 Atlanta
Started!
62 Myrle
Started!
43 Karlotte
Started!
18 Gustie
Started!
63 Augusta
Started!
26 Mamie
Started!
92 Natka
Started!
64 Becca
Started!
60 Dale
Started!
59 Florida
Started!
78 Rhodia
Started!
35 Auroora
Started!
99 Patricia
Started!
19 Ethel
Started!
77 Chelsea
Started!
47 Benni
Started!
17 Daniella
Started!
70 Audre
Started!
73 Tabbi
Started!
16 Cassie
Started!
3 Iolande
Started!
2 Trina
Started!
49 Lana
Started!
78 Joycelin
Started!
56 Starr
Started!
84 Garland
Started!
40 Shani
Started!
46 Stephenie
Started!
83 Dena
Started!
97 Crin
Started!
98 Devinne
Started!
95 Vyky
Started!
68 Alvina
Started!
35 Lanita
Started!
78 Aarika
Started!
33 Irita
Started!
13 Cherida
Started!
34 Timothea
Started!
20 Appolonia
Started!
39 Lark
Started!
83 Bonnee
Started!
83 Lenora
Started!
39 Aila
Started!
22 Nomi
Started!
16 Kira
Started!
85 Ingrid
Started!
82 Anna-Diane
Started!
8 Karlene
Started!
71 Saraann
Started!
23 Marice
Started!
23 Hanny
Started!
91 Netti
Started!
13 Leia
Started!
72 Britni
Started!
3 Susette
Started!
42 Lanae
Started!
13 Jeanna
Started!
98 Mina
Started!
5 Isa
Started!
30 Geraldine
Started!
61 Harriot
Started!
85 Anallese
Started!
89 Salli
Started!
24 Anderea
Started!
37 Augustine
Started!
7 Cori
Started!
57 Oralia
Started!
17 Lucia
Started!
81 Britt
Started!
52 Shandy
Started!
53 Loralee
Started!
50 Elicia
Started!
72 Margaretha
Started!
16 Coleen
Started!
2 Angelita
Started!
46 Alyse
Started!
44 Shelia
Started!
48 Stesha
Started!
36 Blakeley
Started!
2 Pepi
Started!
64 Leyla
Started!
9 Cheryl
Started!
34 Desiree
Started!
73 Jonie
Started!
69 Lynsey
Started!
41 Jesse
Started!
97 Roby
Started!
39 Daveta
Started!
55 Franciska
Started!
56 Griselda
Started!
77 Aurelie
Started!
70 Row
Started!
59 Jere
Started!
96 Cariotta
Started!
31 Chandal
Started!
78 Christan
Started!
29 Gwenneth
Started!
77 Dani
Started!
64 Juana
Started!
23 Maurita
Started!
63 Tamma
Started!
1 Else
Started!
47 Kariotta
Started!
34 Petronia
Started!
60 Ola
Started!
15 Catrina
Started!
71 Nanny
Started!
1 Corabel
Started!
57 Mignonne
Started!
81 Ansley
Started!
13 Doralin
Started!
43 Bryana
Started!
29 Daffi
Started!
71 Clarey
Started!
36 Breena
Started!
79 Emmi
Started!
63 Lexi
Started!
9 Kerrill
Started!
41 Karena
Started!
87 Sukey
Started!
91 Cathee
Started!
47 Nadean
Started!
28 Kynthia
Started!
13 Jandy
Started!
72 Madeleine
Started!
34 Faustina
Started!
71 Denice
Started!
86 Bellina
Started!
9 Cathe
Started!
98 Carolan
Started!
75 Constanta
Started!
70 Ciel
Started!
17 Evie
Started!
89 Sheryl
Started!
86 Franky
Started!
45 Kaja
Started!
82 Chrissy
Started!
11 Ceciley
Started!
51 Melisandra
Started!
88 Liuka
Started!
27 Merrile
Started!
43 Annadiana
Started!
61 Bamby
Started!
51 Anna
Started!
42 Sarena
Started!
37 Rodina
Started!
72 Kittie
Started!
1 Grata
Started!
59 Gussi
Started!
8 Caro
Started!
28 Glyn
Started!
67 Loren
Started!
92 Sandie
Started!
49 Colline
Started!
71 Floria
Started!
58 Randa
Started!
72 Jilli
Started!
26 Carey
Started!
3 Gavra
Started!
72 Aveline
Started!
6 Donnie
Started!
21 Charlene
Started!
38 Mariann
Started!
34 Beulah
Started!
11 Gabbey
Started!
83 Noella
Started!
23 Estrellita
Started!
32 Imogene
Started!
24 Carmel
Started!
27 Viola
Started!
54 Isabella
Started!
92 Tildi
Started!
6 Rycca
Started!
35 Larisa
Started!
78 Andie
Started!
14 Cissiee
Started!
3 Ilka
Started!
16 Val
Started!
42 Jemima
Started!
55 Florence
Started!
95 Elisabetta
Started!
44 Lurline
Started!
36 Brunhilda
