Waiting!
83 Adaline
81 Amabelle
83 Arabel
91 Aurea
78 Deena
82 Floria
78 Juliana
83 Kathrine
89 Leontyne
74 Lorrayne
77 Lucinda
82 Maisie
86 Marci
86 Nannie
80 Riki
92 Stormie
Waiting!
40 Ashlie
25 Barbara-Anne
41 Bernardina
37 Colline
25 Dorotea
29 Emylee
39 Eryn
31 Janna
25 Kyla
22 Lauraine
40 Marena
32 Marne
28 Robena
24 Sheila
39 Simonette
38 Trudy
Waiting!
6 Allina
9 Anestassia
12 Carolann
10 Celinka
9 Chelsae
10 Dennie
15 Glori
16 Hedwiga
7 Imogene
11 Moreen
10 Nonie
8 Olympia
8 Prudence
12 Ruth
7 Shandeigh
14 Tiffany
14 Willette
Waiting!
43 Bobby
46 Bren
49 Edeline
48 Francesca
51 Joelie
43 Lenette
46 Lynna
48 Marilyn
42 Pauline
50 Rivy
42 Shalne
48 Stacey
Waiting!
60 Charmian
64 Cynthy
55 Eudora
60 Eveline
59 Gwyn
57 Jane
60 Karel
58 Kirstin
66 Liv
58 Lorie
66 Marji
56 Mora
62 Morna
57 Neysa
Waiting!
70 Anitra
68 Traci
Waiting!
96 Ameline
94 Analise
97 Darline
93 Ilka
95 Kristine
94 Marlie
Waiting!
3 Tally
