Started!
27 Cornelle
25 Darci
36 Dolorita
30 Dorotea
26 Floria
36 Hermia
35 Jody
27 Lian
26 Noelle
Started!
8 Beryle
2 Bliss
8 Doris
9 Emylee
10 Kaylee
5 Lainey
11 Nikkie
11 Peg
12 Sonia
Started!
39 Ashla
47 Belicia
51 Denise
39 Elie
47 Franky
48 Hynda
38 Jami
43 Modesty
43 Steffie
Started!
79 Charmaine
69 Cinnamon
72 Helaina
71 Josefina
66 Joya
75 Margarethe
81 Marie-Ann
76 Renata
72 Thia
Started!
84 Adeline
93 Adey
97 Alaine
82 Bianka
96 Katti
81 Lauraine
87 Lenette
79 Mora
90 Teddy
Started!
61 Alejandra
56 Andrei
56 Danette
55 Elena
52 Katalin
60 Mariana
61 Robena
57 Timmi
64 Vitoria
Started!
98 Cam
94 Domini
99 Elane
100 Jen
99 Krysta
96 Nettie
94 Rhodia
100 Siobhan
96 Starlin
Started!
29 Alana
33 Carlita
38 Cathyleen
19 Elna
24 Eryn
23 Imogene
39 Mignonne
20 Mireille
23 Sallie
Started!
78 Ardra
88 Constancy
85 Erika
83 Eveline
79 Gail
82 Jasmina
83 Joice
82 Klarrisa
82 Lucilia
Started!
55 Angela
55 Carla
41 Ilise
38 Joellen
38 Junette
45 Leigh
55 Marinna
49 Nanice
40 Pamella
Started!
13 Ardine
17 Debera
14 Fedora
27 Garnet
18 Mabelle
18 Netti
18 Nona
23 Tersina
13 Theresa
Started!
60 Celisse
65 Garland
60 Jamima
65 Jemmy
63 Lyndy
66 Myrtice
57 Saidee
66 Sam
68 Yoshi
Started!
62 Alexine
70 Ariadne
72 Brittan
80 Caprice
70 Colleen
81 Latia
76 Livvy
72 Rhona
73 Rosabel
Started!
91 Agnes
87 Astrid
88 Belle
86 Brinna
97 Gladys
94 Laurella
88 Mildred
85 Toma
88 Zea
Started!
36 Batsheva
44 Carol
42 Elysee
40 Hulda
29 Melantha
32 Nicolette
34 Ronnica
40 Sashenka
38 Sibley
Started!
45 Herta
47 Jeannine
45 Katinka
55 Lizzy
45 Lynsey
36 Marcella
50 Stepha
54 Willette
50 Yetty
Started!
27 Aubry
17 Averil
28 Caro
16 Con
23 Danila
27 Karie
22 Micheline
23 Nadiya
22 Simonette
Started!
53 Jennica
50 Juliana
56 Nana
50 Nerta
57 Noami
62 Othelia
56 Shirl
64 Suzi
64 Ursola
Started!
4 Bella
5 Essy
1 Linn
2 Mariejeanne
5 Mariele
7 Nannette
9 Ruthann
5 Susi
4 Susy
Waiting!
97 Debi
93 Fredia
90 Gayleen
100 Meryl
91 Tobey
Started!
35 Anna-Maria
32 Chrissy
36 Daniele
39 Dot
44 Lyndell
45 Marylinda
42 Meaghan
41 Phillie
37 Wenda
Started!
70 Bobbi
75 Carlie
84 Grayce
76 Jacynth
76 Keelia
70 Nina
79 Norine
72 Norry
84 Reyna
Waiting!
17 Alvina
13 Ashien
24 Farrah
18 Shay
Waiting!
52 Emyle
59 Mattie
51 Natividad
61 Sarajane
Waiting!
64 Bernadine
70 Clemence
62 Erinn
63 Hilliary
64 Katleen
62 Nananne
Waiting!
37 Joletta
34 Josselyn
Waiting!
80 Eran
81 Ilse
86 Petronella
