Started!
67 Alexa
76 Cary
79 Daffy
66 Drusy
63 Elena
82 Elie
77 Elizabet
73 Floria
77 Marjorie
77 Selia
77 Teddy
74 Tomasine
79 Winny
Started!
19 Alaine
14 Charlena
14 Claudie
3 Hope
5 Jeanie
12 Kelli
4 Minetta
2 Moll
9 Morganne
6 Ree
22 Rivy
22 Tomi
9 Yoko
Started!
98 Averil
93 Billie
96 Carolee
91 Cristi
100 Devinne
87 Dorothea
98 Ginny
94 Imogen
88 Latrina
100 Marybelle
87 Roda
96 Sonia
87 Trix
Started!
33 Andra
29 Andrei
31 Bunny
23 Cayla
25 Consuela
30 Cthrine
22 Ermina
15 Ertha
33 Jolee
34 Katti
17 Lorianna
27 Sharon
24 Trisha
Started!
59 Annie
53 Birgitta
54 Carlene
59 Leda
51 Leoline
50 Lettie
59 Lindie
50 Michele
62 Nara
49 Shalna
44 Suzie
56 Thia
48 Waneta
Started!
29 Alisa
43 Alysia
47 Cecilla
39 Corenda
39 Elwira
35 Esther
48 Gloriana
37 Klarika
35 Madelyn
42 Merla
42 Nolie
38 Pauline
33 Roobbie
Started!
9 Angelique
12 Anissa
10 Darbie
10 Helena
12 Helli
5 Libbie
4 Lorenza
1 Lottie
4 Nydia
10 Odele
11 Seline
11 Winnie
3 Zea
Started!
73 Agna
62 Augustine
73 Aurea
80 Cathryn
72 Charmaine
77 Donielle
82 Fania
67 Garnette
66 Katina
68 Lilas
63 Marla
81 Rosa
73 Tedi
Started!
27 Agnes
20 Bendite
20 Binny
25 Darci
19 Elysee
21 Jami
34 Jerrilee
26 Kirsti
33 Layne
31 Lynsey
30 Meaghan
28 Melba
28 Tonya
Started!
91 Fanechka
95 Francesca
91 Harley
86 Jess
94 Josephina
95 Julina
94 Juline
85 Lana
92 Lezlie
100 Melantha
90 Nettie
86 Pammi
86 Rosalie
Started!
48 Berthe
47 Bryn
57 Deane
62 Elisabet
59 Emmi
48 Hadria
57 Janeczka
58 June
52 Loutitia
60 Mollie
47 Opalina
63 Prue
53 Robinette
Started!
73 Brit
68 Britta
77 Devin
72 Dita
69 Franciska
67 Gwyneth
77 Karrie
71 Kettie
70 Minni
59 Natasha
78 Norina
77 Rayna
74 Wanda
Waiting!
11 Angelle
10 Bette
4 Celestina
1 Cynthea
11 Dale
6 Jeannine
1 Juli
8 Toma
Waiting!
88 Astrix
86 Carmelita
94 Cleo
90 Corina
92 Jenni
85 Kira
94 Kristen
95 Leigha
94 Luce
90 Minerva
93 Phylys
96 Rosanna
Waiting!
32 Antoinette
36 Calla
44 Frederique
33 Reyna
29 Silvana
44 Sonni
40 Vitia
Waiting!
13 Ariela
14 Ebony
14 Florina
24 Ilse
20 Julieta
Waiting!
79 Ellynn
Waiting!
48 Andreana
52 Celeste
53 Sharyl
Waiting!
25 Ginnifer
