Waiting!
73 Clotilda
61 Consuelo
64 Crista
72 Danya
65 Deidre
81 Henrie
64 Lark
68 Lenna
61 Nerita
64 Pooh
74 Ramonda
64 Shelba
73 Sioux
61 Taffy
78 Tobi
71 Wendye
71 Yevette
Waiting!
9 Althea
10 Barbara-Anne
7 Bell
16 Charisse
1 Charmaine
8 Charo
4 Consolata
6 Gates
13 Lexie
3 Michell
11 Morganica
15 Phillida
13 Randi
6 Ruthie
Waiting!
28 Amy
20 Ardra
29 Blakeley
30 Coral
23 Denna
34 Diana
28 Dorothea
33 Gabriell
25 Hilde
22 Katerine
30 Kaylil
28 Linette
21 Lorelle
28 Lynnea
26 Marlee
28 Merrilee
26 Norean
29 Olivette
29 Sella
28 Sheree
35 Vitia
Waiting!
97 Prisca
88 Valeria
Waiting!
52 Breanne
60 Cherrita
56 Cinderella
59 Darlene
57 Korella
52 Lucina
56 Noell
60 Una
58 Ynez
54 Yolanda
Waiting!
82 Catlaina
85 Petronella
Waiting!
44 Carolynn
48 Christen
47 Donnamarie
45 Jolee
