Started!
11 Abigail
9 Alessandra
18 Breena
8 Caty
16 Corella
1 Demetria
10 Ginny
13 Gretta
15 Harriet
4 Laurette
7 Maggy
3 Roxine
12 Ruth
8 Sadye
13 Thia
11 Thomasa
12 Tomasina
Started!
33 Alvira
19 Alysa
21 Bili
28 Brunhilda
24 Charlotte
33 Chiarra
31 Debera
31 Demetris
32 Dyan
24 Frank
26 Jeanna
29 Jobey
23 Mirelle
26 Olivia
22 Terry
26 Trudy
27 Ulrikaumeko
Started!
78 Brittni
69 Corry
87 Faith
77 Farica
78 Gertrudis
79 Hetti
86 Hillary
86 Jacinta
79 Jenni
74 Joanne
77 Marnie
83 Minette
84 Nydia
82 Peg
84 Rica
76 Sascha
83 Zsazsa
Started!
42 Bonny
44 Clemmie
46 Elisabet
46 Fawn
40 Frankie
52 Gertrude
37 Gillan
48 Joni
56 Linnet
45 Mandi
52 Marge
51 Murielle
52 Othilia
46 Petunia
56 Ramona
37 Regan
50 Teena
Started!
100 Amalea
91 Bernadina
92 Chelsea
93 Darsey
99 Deerdre
100 Dulcea
93 Glennis
97 Hester
99 Layla
91 Minni
99 Nixie
100 Sabrina
99 Sharla
100 Suellen
99 Ursula
96 Wanda
91 Zorine
Started!
74 Corinna
64 Dodi
61 Dynah
65 Editha
56 Elysia
55 Ernesta
61 Glory
64 Hannie
56 Kalli
62 Kiah
67 Lorene
70 Manya
62 Marrilee
66 Marthena
57 Melinda
64 Polly
63 Vonni
Started!
89 Ann-Marie
86 Babita
88 Bill
89 Cilka
91 Eddy
89 Edwina
79 Ernaline
89 Evelyn
83 Gabriella
84 Iolanthe
85 Ivett
87 Karmen
79 Lavinie
85 Moreen
80 Serene
89 Stacie
84 Wenda
Started!
17 Albertine
33 Beitris
27 Blinnie
34 Bria
24 Doroteya
22 Inesita
33 Issi
21 Joli
25 Junie
25 Kris
23 Kristien
31 Laina
24 Lyn
17 Marga
16 Nikoletta
18 Pattie
27 Rubetta
Started!
17 Agata
4 Angy
6 Diana
15 Dyane
13 Emera
3 Enrika
1 Erika
7 Merilyn
8 Miof
6 Nadean
6 Nessa
2 Nicolette
16 Perl
8 Rosalinda
1 Rozalin
10 Sarajane
12 Willie
Started!
54 Abbye
53 Aila
46 Alice
43 Babs
50 Berthe
44 Cristina
52 Dalenna
58 Electra
51 Esmeralda
41 Gennifer
50 Ginnie
44 Katherine
40 Kaye
50 Laney
53 Rafaelita
43 Roberta
50 Stevana
Started!
37 Alyse
36 Aurora
38 Barbey
39 Cheslie
36 Corrine
46 Dredi
29 Inna
30 Janelle
47 Jaquith
47 Korie
39 Mahala
38 Marlena
38 Merle
39 Myrtia
38 Rhonda
31 Silvia
36 Violette
Started!
66 Aubrey
73 Audi
60 Camille
68 Darda
60 Davita
57 Elfrida
65 Fanni
65 Janeczka
72 Katheryn
53 Lenette
57 Linnie
60 Madge
63 Meagan
65 Meredith
71 Nelly
64 Vittoria
63 Willabella
Waiting!
28 Aridatha
14 Barby
23 Dorene
26 Hedwiga
16 Jacquenetta
25 Jeniece
19 Larisa
20 Lauraine
23 Terra
26 Vivyanne
Waiting!
86 Deeyn
78 Dorris
81 Dreddy
75 Florri
76 Irene
86 Joella
86 Legra
76 Leonelle
74 Marieann
82 Sibeal
86 Theodora
Waiting!
50 Barbe
49 Issy
51 Marti
Waiting!
90 Berri
96 Margareta
100 Maurine
98 Velma
Waiting!
11 Avrit
9 Sharron
Waiting!
40 Nikolia
