Started!
90 Abbey
83 Alvira
83 Astra
93 Averil
86 Brittaney
92 Carlen
83 Devan
87 Dorette
89 Dorotea
79 Easter
92 Imojean
82 Ingaborg
92 Jayne
79 Kyrstin
86 Merridie
93 Natasha
92 Noell
77 Shara
Started!
19 Allis
13 Amy
17 Ardyce
20 Belicia
26 Carolyne
8 Carolynn
24 Caryl
10 Corilla
17 Drucill
20 Fawn
18 Jesse
10 Katherina
10 Milzie
17 Pam
25 Ronica
18 Ruthanne
15 Susette
24 Tove
Started!
9 Alys
15 Anabal
8 Auria
6 Barbi
1 Calla
4 Clementine
2 Desirae
10 Elonore
2 Ingaberg
3 Iolanthe
15 Janeta
14 Keslie
3 Kial
5 Naoma
5 Patrica
4 Pauline
2 Raven
7 Rosa
Started!
66 Dora
65 Elli
59 Fernande
63 Fidelity
60 Geneva
65 Genny
71 Ileana
71 Janie
72 Karilynn
73 Lesley
70 Mabelle
58 Madeline
56 Manda
63 Michel
56 Myrilla
70 Nelly
73 Rosina
70 Xylina
Started!
36 Althea
34 Danell
39 Daveta
37 Diannne
34 Dorolisa
30 Elianora
30 Gwyn
31 Halie
40 Ibbie
42 Julie
35 Kassi
37 Marilin
38 Michelina
30 Ophelie
44 Sheila-Kathryn
46 Stephine
44 Wynny
34 Yolanda
Started!
95 Alia
100 Alma
99 Aurelea
94 Breanne
99 Candida
94 Cybil
100 Emmalynn
99 Isobel
99 Kiri
100 Lauryn
99 Lelah
96 Marketa
96 Maryjane
92 Moyna
95 Nari
98 Nona
94 Sherie
99 Tandi
Started!
58 Adrian
43 Anstice
50 Anthe
46 Bessie
60 Bobinette
57 Erin
50 Hedwig
50 Jolynn
58 Kat
58 Kathe
46 Loralee
57 Lynette
49 Phillida
49 Shani
50 Theresa
55 Trixie
45 Willy
45 Wilow
Started!
64 Andriette
65 Donica
83 Emelita
69 Ethelda
75 Eyde
76 Ferdinande
74 Floria
70 Gladys
70 Jania
83 Kizzee
81 Melamie
82 Merle
83 Nata
79 Peta
84 Phedra
76 Sandye
81 Tiff
64 Tracie
Waiting!
80 Alisun
82 Alyce
82 Anne
86 Cathlene
88 Clary
90 Fulvia
85 Keelia
88 Krysta
80 Lita
83 Nertie
83 Papagena
80 Rhetta
88 Ronnie
79 Velvet
Started!
14 Alvinia
11 Angelita
8 Barby
22 Billie
15 Consuela
21 Felecia
18 Fran
18 Gigi
15 Hestia
17 Jeannie
18 Joey
17 Madlen
25 Margi
27 Marj
19 Sharity
17 Ursulina
12 Winni
17 Zorana
Started!
28 Ainslie
29 Brenda
37 Brooke
31 Catlin
31 Emelia
29 Gerrie
35 Kimberlee
39 Luise
31 Margarette
34 Margy
26 Mella
32 Michaela
39 Michell
34 Nathalia
28 Perl
34 Sibby
32 Trudey
33 Wren
Waiting!
55 Cathleen
59 Ceciley
67 Debor
71 Fianna
67 Gavrielle
63 Hally
62 Hollyanne
69 Julietta
60 Loni
63 Lyn
60 Marney
Waiting!
5 Bunny
2 Meredithe
4 Nita
Waiting!
46 Adella
46 Beatriz
52 Cara
48 Elisabetta
43 Erina
51 Leona
49 Mina
45 Rhona
Waiting!
77 Donia
Waiting!
20 Chlo
