Started!
79 Anthea
82 Barby
81 Berta
86 Bridgette
92 Celine
83 Chrissie
82 Daryl
93 Eleni
91 Elizabeth
78 Elka
90 Fernanda
87 Gleda
94 Jeanine
95 Karry
86 Malinde
89 Mamie
92 Mireille
89 Petrina
97 Shani
90 Verine
95 Virginie
Started!
68 Anitra
62 April
55 Bab
66 Carree
61 Desiree
58 Edythe
59 Emiline
71 Gerianne
69 Henrieta
72 Kathleen
70 Lelah
72 Mady
63 Marjie
59 Meg
64 Merrile
70 Olivie
73 Rhianon
54 Tandie
64 Torrie
60 Trixy
61 Zorah
Started!
25 Ange
23 Belinda
36 Bernadine
28 Carmita
36 Dasha
26 Deloris
32 Ferdinanda
32 Florida
29 Giralda
30 Jenna
35 Kippie
33 Konstance
33 Mikaela
36 Minetta
22 Minny
27 Renee
26 Rhonda
31 Sandra
26 Tawnya
34 Veriee
32 Wynnie
Waiting!
43 Annmarie
57 Bunni
48 Carlynn
51 Hali
48 Hyacinthie
47 Irma
52 Jere
50 Joellyn
50 Kelsi
44 Ki
53 Misti
48 Nerti
49 Sheri
62 Thia
61 Ula
61 Zuzana
Waiting!
3 Alethea
10 Benetta
13 Deeyn
12 Elspeth
2 Emogene
13 Jackie
6 Kylie
10 Leigh
11 Minta
1 Natty
3 Nertie
3 Risa
Waiting!
24 Ann
21 Anne-Corinne
17 Caterina
15 Eba
24 Ellie
15 Pavia
14 Rhodia
19 Vanna
17 Vevay
Waiting!
89 Abbey
89 Cathryn
92 Corabella
100 Faustine
92 Horatia
99 Karlie
90 Kristel
99 Lizbeth
93 Meryl
98 Pennie
100 Shoshanna
Waiting!
75 Ana
79 Annis
71 Blithe
73 Candace
75 Crissie
82 Cristi
79 Giselle
77 Libbie
75 Linnie
83 Marisa
74 Mellisa
67 Reina
74 Suzanna
66 Tine
75 Violet
64 Wandis
Waiting!
63 Catherine
63 Feliza
Waiting!
37 Ashley
35 Emilee
33 Genvieve
40 Helaina
41 Julianne
39 Olivette
