Started!
35 Agnes
16 Aigneis
25 Alexandra
33 Anastasia
17 Andra
17 Anna-Diane
32 Annmarie
29 Barbee
24 Camala
26 Candide
24 Cindelyn
30 Clemence
25 Danila
21 Erma
19 Felice
31 Fernanda
36 Harmonia
22 Lizbeth
19 Meade
30 Nessy
32 Paolina
16 Raye
32 Revkah
33 Scarlett
25 Shaine
19 Suzy
25 Walliw
Started!
75 Adela
88 Ailina
79 Bill
79 Catie
69 Cordey
86 Crissie
84 Cristie
70 Darcie
84 Debora
68 Dorita
70 Edythe
70 Elizabeth
79 Emelia
79 Gabbie
70 Gwennie
78 Isobel
83 Izabel
82 Jere
71 Karissa
83 Maiga
73 Maureene
73 Meg
76 Mikaela
84 Ninnetta
87 Nissa
68 Sib
76 Tresa
Started!
50 Aili
58 Betsy
60 Carmita
60 Cindra
55 Clarita
64 Dulcie
55 Eleni
63 Evangelia
66 Faustine
61 Fredi
57 Hettie
67 Ingeborg
64 Ingunna
66 Janela
57 Jessy
63 Julieta
52 Lauren
57 Lea
53 Mady
56 Mara
53 Marsiella
67 Meryl
58 Moyra
67 Muffin
55 Terra
59 Vinny
61 Zorine
Waiting!
15 Ann
7 Anthe
11 Antonina
9 Ardys
18 Billi
8 Danit
17 Deina
8 Doreen
2 Evaleen
2 Fionna
1 Gabriell
15 Gretchen
5 Inesita
12 Jeni
8 Kalli
13 Kerrin
7 Linn
4 Marris
6 Melinde
15 Merlina
8 Phelia
5 Randi
2 Rebekah
8 Roseann
5 Vonny
2 Willamina
Started!
98 Agnese
85 Albina
93 Benoite
92 Caroljean
89 Clotilda
86 Eddi
88 Elberta
100 Elonore
96 Emiline
98 Eryn
97 Gracia
100 Helga
93 Henrietta
93 Ingaberg
100 Irma
94 Jennine
86 Joellen
96 Jonie
96 Kipp
96 Layne
89 Lenora
95 Luise
92 Madelena
92 Michel
93 Moreen
97 Odetta
97 Shalne
Started!
37 Abbi
45 Alameda
48 Britteny
49 Cami
37 Carole
42 Cassondra
41 Dody
46 Dulciana
53 Emmalee
46 Ertha
39 Gigi
44 Issy
46 Jacqui
44 Jayme
38 Karlotta
37 Kellina
45 Kylie
47 Lanette
39 Marty
39 Maurene
36 Olympie
44 Perri
41 Roberta
39 Sharia
49 Sonja
50 Willabella
47 Wini
Waiting!
22 Angeline
29 Ariadne
33 Ashien
25 Dorine
30 Emmeline
32 Estelle
25 Fifine
23 Glori
23 Isadora
29 Liuka
34 Phyllida
32 Shelba
Waiting!
83 Aurelie
82 Barbey
90 Chloris
80 Cicily
77 Deanne
79 Edee
76 Goldie
71 Jasmin
74 Livvyy
78 Nicolle
88 Torrie
Waiting!
20 Alysa
19 Evelyn
Waiting!
59 Anna
62 Francesca
62 Goldarina
58 Jeannette
58 Karla
66 Kora
59 Laural
67 Marieann
62 Marrilee
60 Morgana
60 Ortensia
68 Tallie
69 Toby
56 Yoko
Waiting!
91 Andrea
96 Fanni
93 Tatum
