Started!
39 Bird
54 Blakelee
49 Caitlin
42 Clarita
48 Darcie
43 Elnora
47 Gerianna
54 Hettie
57 Jeri
50 Joane
48 Sophey
Started!
3 Alyson
5 Bernie
8 Chickie
5 Eilis
4 Gena
4 Idelle
2 Lou
7 Mada
11 Neala
12 Reine
4 Sharline
Started!
62 Angelle
66 Brita
62 Dawn
66 Fernanda
70 Jania
70 Lexie
66 Margit
67 Merissa
66 Ruthie
62 Sheelagh
65 Steffie
Started!
26 Albina
32 Bette-Ann
27 Britteny
29 Celestina
40 Dasi
36 Helena
40 Joelle
39 Josephina
28 Lorilee
31 Marleen
26 Rosana
Started!
97 Carmon
97 Caryl
100 Catlaina
90 Clemence
94 Deloria
98 Donna
94 Hedy
90 Leela
92 Ninnetta
95 Raynell
86 Vida
Started!
14 Abbe
16 Carline
14 Dede
15 Delila
19 Eliza
10 Faustine
18 Gay
12 Ileane
20 Kaitlin
15 Sonnie
14 Suzy
Started!
63 Codi
59 Doreen
72 Dorette
76 Elsbeth
68 Giulia
75 Kristine
58 Lila
58 Milly
73 Robbin
77 Stephana
69 Viviene
Started!
84 Bernita
90 Bill
81 Camille
79 Cassey
84 Doralyn
80 Dulcie
89 Jacquette
92 Kerrin
92 Leodora
79 Rivi
94 Tonye
Started!
43 Adelice
49 Aigneis
50 Aili
44 Amber
44 Aurelea
45 Brit
44 Donia
52 Gwynne
47 Melina
47 Melisent
46 Willa
Started!
99 Arlene
96 Bamby
88 Carolin
86 Cherise
86 Darlleen
88 Elspeth
94 Fidelity
96 Judye
96 Myrle
96 Rhodia
90 Sydney
Started!
19 Bobby
15 Celeste
10 Dela
11 Dena
18 Frances
5 Jessy
20 Lauren
17 Lorne
18 Rae
12 Rosalinda
15 Susana
Started!
63 Alicia
58 Augusta
61 Chere
62 Cicily
49 Cori
59 Ginnifer
58 Gwenore
56 Libby
54 Lusa
57 Maribeth
55 Reggi
Started!
70 Alika
75 Alverta
80 Ardra
78 Caro
82 Crin
72 Desiri
75 Koren
73 Marijo
74 Nanice
68 Silvana
73 Sindee
Started!
26 Ann
27 Anthiathia
34 Arliene
27 Bertine
25 Bibbye
25 Gael
24 Lauralee
31 Nara
18 Prudy
24 Reta
37 Wallis
Started!
47 Allie
50 Alysa
52 Batsheva
44 Dorian
43 Elsi
51 Malinda
50 Melita
53 Nariko
48 Nerissa
42 Phoebe
43 Valera
Started!
4 Charla
12 Doria
8 Edi
9 Fidelia
7 Hildegarde
3 Karisa
3 Kip
5 Mattie
14 Sibby
4 Sofia
1 Tory
Started!
22 Aidan
8 Amye
16 Celisse
18 Chelsae
20 Dinah
25 Ferdinande
20 Hadria
24 Jamie
22 Janka
16 Sybil
24 Wandis
Started!
59 Adina
47 Arleyne
62 Chloris
55 Dniren
58 Elizabeth
60 Helenka
54 Lucina
52 Maiga
44 Noemi
56 Ollie
55 Viole
Waiting!
89 Britte
92 Dorella
100 Karly
98 Margo
88 Morganne
94 Rana
91 Willabella
Started!
72 Alla
65 Cass
74 Donetta
66 Gabriel
73 Genny
73 Hedwig
71 Jaquelyn
73 Nolana
75 Reina
68 Stesha
65 Wini
Waiting!
86 Andrea
81 Anita
77 Ibby
77 Josselyn
82 Minnaminnie
85 Stepha
Started!
32 Allyn
27 Cassi
20 Jennee
27 Karylin
28 Kaye
36 Lanie
28 Michaela
36 Netti
23 Reiko
23 Tracey
33 Vivie
Waiting!
38 Adi
39 Gunilla
42 Jolyn
39 Kala
34 Merna
46 Olivia
41 Ortensia
Waiting!
67 Amelie
58 Christina
68 Dale
55 Dorena
54 Nerita
60 Tawsha
Waiting!
9 Felita
10 Jena
6 Joeann
15 Kippie
10 Malina
Waiting!
4 Adora
