Started!
55 Maye
65 Ros
Started!
59 Giselle
63 Rosalynd
Started!
87 Lynn
96 Sharline
Started!
100 Elsi
98 Nolie
Started!
12 Meta
16 Norene
Started!
21 Darryl
25 Filia
Started!
100 Robena
94 Sib
Started!
53 Shelley
58 Trudey
Started!
77 Celina
80 Demeter
Started!
47 Daisey
40 Margarethe
Started!
7 Cally
17 Juanita
Started!
60 Arlana
57 Meaghan
Started!
97 Maren
94 Mickie
Started!
58 Diena
67 Verene
Started!
6 Elysia
1 Fay
Started!
41 Glenda
50 Rosalia
Started!
95 Aimil
88 Nanny
Started!
62 Dayna
69 Laurie
Started!
17 Audie
12 Rosanna
Started!
50 Gay
54 Jill
Started!
70 Jorry
60 Vinny
Started!
29 Herta
34 Kathryn
Started!
55 Blair
49 Jada
Started!
22 Breena
20 Christie
Started!
88 Donni
93 Vitoria
Started!
77 Georgia
68 Marian
Started!
51 Julissa
50 Marabel
Started!
95 Ansley
87 Helene
Started!
46 Ardine
39 Laney
Started!
10 Alleen
18 Rosabella
Started!
62 Eugenia
55 Gwendolen
Started!
64 Ayn
69 Laure
Started!
92 Bettina
84 Francine
Started!
99 Elinor
95 Mariejeanne
Started!
4 Gabriel
9 Kiley
Started!
91 Saloma
98 Sibley
Started!
67 Anderea
72 Katherina
Started!
53 Ivory
55 Tarah
Started!
12 Alys
8 Rosamond
Started!
78 Grazia
74 Shalna
Started!
96 Aaren
90 Randi
Started!
56 Corrinne
46 Marlo
Started!
71 Jaymee
67 Viola
Started!
15 Marylee
16 Maud
Started!
38 Bobbi
29 Daisi
Started!
67 Norry
65 Suzanne
Started!
40 Elspeth
48 Helyn
Started!
34 Courtney
40 Maitilde
Started!
52 Ashli
48 Hetti
Started!
80 Bridie
81 Wynn
Started!
93 Ivie
94 Scarlett
Started!
64 Isahella
72 Xenia
Started!
19 Gusty
22 Roseanna
Started!
36 Clerissa
30 Hailee
Started!
12 Cindy
15 Deeanne
Started!
25 Flori
33 Marsiella
Started!
1 Blinnie
10 Natalina
Started!
47 Andriana
55 Georgiana
Started!
22 Caresse
28 Emelita
Started!
84 Janela
79 Penni
Started!
23 Kathlin
16 Trenna
Started!
71 Kevyn
74 Robinetta
Started!
43 Gelya
43 Rochette
Started!
82 Deanne
92 Rianon
Started!
92 Emalee
87 Rona
Started!
7 Eleonora
9 Sal
Started!
36 Querida
34 Rakel
Started!
70 Bridget
64 Ginni
Started!
93 Misti
87 Toni
Started!
52 Antonetta
57 Farrah
Started!
2 Linda
6 Terrie
Started!
21 Con
29 Deidre
Started!
11 Dix
11 Hermina
Started!
12 Ariana
16 Sibel
Started!
30 Bernie
23 Janean
Started!
60 Benita
59 Glynda
Started!
2 Carlye
8 Giulietta
Started!
91 Adele
97 Flore
Started!
45 Isa
40 Lela
Started!
78 Batsheva
87 Edeline
Started!
82 Julienne
83 Val
Started!
40 Cari
48 Mia
Started!
89 Emeline
80 Nara
Started!
45 Erina
50 Marja
Started!
45 Genny
37 Loralyn
Started!
49 Correy
56 Emlynne
Started!
32 Denna
38 TEirtza
Started!
55 Dari
54 Fayre
Started!
14 Adelle
13 Goldia
Started!
81 Bria
87 Roby
Started!
62 Dagmar
67 Hatty
Started!
18 Charita
12 Zandra
Started!
71 Casie
68 Leoline
Started!
1 Claribel
11 Susi
Started!
51 Agnese
41 Kayley
Started!
74 Paulie
71 Peri
Started!
95 Lora
97 Simonne
Started!
93 Bethanne
87 Karen
Started!
51 Kitty
60 Lynelle
Started!
16 Bernita
23 Margret
Started!
40 Celie
30 Emogene
Started!
30 Arabele
27 Lottie
Started!
52 Libbie
62 Olenka
Started!
50 Antonia
42 Libby
Started!
20 Flo
15 Sarajane
Started!
94 Florentia
92 Nicholle
Started!
56 Drona
58 Larine
Started!
39 Gwenora
42 Martha
Waiting!
95 Adelaida
Waiting!
82 Marga
