Started!
3 Agata
6 Audy
3 Charo
4 Christean
1 Corinna
8 Cornelle
6 Corny
12 Donetta
7 Eadie
15 Esma
8 Ilise
13 Jennie
2 Julie
11 Justine
4 Maria
1 Marian
14 Nathalia
6 Rona
1 Sharron
6 Tana
Started!
74 Aida
75 Caryl
67 Celine
66 Dasi
68 Eliza
64 Estele
62 Evonne
77 Gracie
67 Harmonie
69 Harmony
75 Jobey
70 Letty
59 Magdalena
58 Melloney
63 Riannon
76 Rivy
66 Sandie
76 Sue
71 Tamiko
57 Van
Started!
42 Adelice
32 Aloise
49 Anissa
40 Ariella
39 Beitris
35 Britte
44 Caterina
40 Ella
39 Emeline
42 Fiann
35 Jacynth
33 Kathryn
47 Lucinda
42 Lusa
46 Monika
36 Morganne
36 Noelle
30 Rey
36 Saba
37 Tracy
Started!
81 Amberly
100 Ange
100 Antonia
82 Berthe
94 Damara
100 Estrellita
87 Gerianne
89 Gloria
83 Isahella
92 Kristi
90 Lise
87 Lorianne
100 Madelle
90 Malynda
91 Marney
93 Minnaminnie
83 Mitzi
99 Morgen
98 Paula
88 Romy
Started!
56 Bennie
56 Blondie
53 Corrie
54 Cyndia
54 Daisey
60 Devan
55 Fidelia
50 Grayce
51 Gwenora
55 Jeane
54 Jillie
51 Leandra
53 Madelina
46 Marabel
56 Min
61 Nonie
52 Rivi
54 Theadora
53 Torrie
44 Zea
Started!
34 Aindrea
23 Amata
20 Birdie
25 Carissa
31 Cayla
17 Dosi
33 Ferdinanda
33 Helge
30 Jenda
19 Kerry
29 Liane
17 Lotta
18 Marin
17 Maure
25 Mora
16 Robbin
20 Rochette
16 Ulrike
25 Violet
18 Yasmeen
Started!
74 Amalea
69 Anthe
73 Ardyth
77 Chickie
87 Cynthia
88 Dion
79 Heddie
74 Jenn
83 Joelly
78 Kata
81 Lilla
80 Lissi
73 Melisa
70 Minerva
88 Nelia
82 Noemi
76 Rozanne
77 Selene
74 Ursa
80 Viviene
Started!
92 Bell
91 Bettye
94 Bibby
87 Binny
93 Carmine
97 Clarinda
95 Cleopatra
91 Corrinne
90 Donna
89 Gusta
92 Joella
82 Junie
97 Karna
89 Lizzie
87 Mimi
95 Nissy
98 Paige
96 Sonia
96 Steffane
96 Sybilla
Waiting!
69 Briana
65 Cymbre
56 Demetria
69 Doretta
76 Ingaborg
67 Jada
60 Josi
66 Keely
60 Ki
65 Norah
57 Oralle
62 Sarette
75 Saudra
60 Stacie
66 Yolanthe
Waiting!
14 Adrianne
6 Amandi
4 Annalise
3 Cicily
1 Donica
1 Eadith
10 Ebba
19 Elva
12 Feodora
9 Lu
9 Marley
14 Nannette
3 Nannie
2 Ofilia
18 Reina
1 Rhiamon
19 Sibella
12 Starla
Waiting!
50 Albertine
51 Annice
54 Ardath
49 Blythe
53 Jacquenetta
51 Klarrisa
43 Lilas
49 Lori
41 Mariel
41 Michel
54 Nesta
48 Tasia
Waiting!
32 Bethena
40 Cammi
36 Corrianne
39 Leta
Waiting!
20 Auberta
21 Frannie
21 George
25 Juliane
21 Susy
Waiting!
77 Emyle
78 Margery
