Started!
12 Binnie
5 Cally
8 Denny
3 Noelani
3 Pippy
Started!
39 Glynnis
54 Gwenora
43 Kelsi
58 Tisha
48 Zilvia
Started!
29 Audry
18 Cecilia
28 Ethelyn
20 Margy
27 Muire
Started!
96 Charin
92 Dion
87 Kristina
91 Nedi
96 Nonna
Started!
32 Allys
43 Eileen
37 Lane
32 Trix
32 Wylma
Started!
66 Elly
76 Jerrylee
69 Julina
59 Katlin
67 Lil
Started!
79 Ambur
71 Betteanne
78 Gunilla
79 Lorelei
77 Sena
Started!
53 Blair
59 Rosanna
72 Rosene
62 Sharron
60 Vittoria
Started!
42 Cammie
50 Carmen
41 Jenica
46 Maribelle
44 Olly
Started!
93 Agata
92 Dredi
97 Hattie
97 Laurice
94 Ynez
Started!
81 Brandea
79 Dorrie
75 Kelley
76 Mame
73 Regine
Started!
28 Bethanne
18 Milena
23 Prudi
17 Theresina
16 Zea
Started!
3 Calla
1 Cassaundra
7 Dorey
8 Larisa
7 Nona
Started!
25 Brandise
33 Constanta
35 Gabbie
26 Lily
32 Susannah
Started!
67 Ania
60 Erica
67 Happy
63 Pattie
61 Xylina
Started!
49 Bee
50 Bernetta
44 Ermengarde
56 Pier
55 Stephana
Started!
77 Bab
70 Bibby
67 Jillene
73 Karlotta
70 Nataline
Started!
19 Beryle
19 Cheryl
15 Odilia
19 Rica
27 Rodina
Waiting!
82 Aloise
85 Fawnia
79 Moina
80 Zelda
Waiting!
25 Herta
18 Kaela
18 Regan
26 Shel
Waiting!
42 Allyson
40 Bonnee
58 Esma
48 Nikaniki
Waiting!
92 Florenza
96 Hayley
Waiting!
62 Adorne
