Waiting!
14 Andria
10 Billie
2 Britte
3 Carmelina
6 Caryn
12 Del
4 Dian
2 Dorie
14 Evvie
12 Gertie
3 Janette
2 Joeann
1 Krystle
11 Lynda
2 Margery
2 Maryellen
13 Nell
10 Neysa
5 Pet
3 Rachel
13 Ronny
10 Shay
13 Shaylynn
1 Sibel
4 Sonja
9 Una
Started!
96 Arlana
91 Blake
82 Bobine
91 Carine
100 Dareen
97 Darsie
90 Deeanne
91 Desiri
92 Elie
90 Gwendolyn
97 Gwenora
82 Hedwig
89 Hilda
99 Janel
92 Kylila
89 Lane
83 Lauretta
83 Lynne
85 Moina
90 Nedi
90 Nolie
88 Pearl
96 Ranique
92 Rodina
89 Sile
99 Stephana
84 Susannah
Started!
76 Arden
61 Bill
76 Cecilia
74 Charmion
73 Clemmy
76 Diena
73 Ethyl
65 Florida
75 Frederique
77 Guenevere
78 Guenna
71 Gunilla
67 Inez
62 Jerrylee
65 Kamila
71 Kathrine
66 Konstanze
78 Liv
67 Lotta
71 Louella
61 Margeaux
75 Pammie
67 Shandra
65 Shayna
65 Sheryl
75 Sorcha
67 Sydel
Started!
18 Bee
22 Blisse
27 Carlene
25 Carmen
18 Cassie
16 Cassondra
17 Crysta
17 Cyndy
25 Deloris
22 Dorita
26 Emmalee
28 Glynnis
19 Ivy
19 Jacynth
15 Jada
23 Janessa
22 Kevina
20 Kiele
28 Kit
28 Leeann
19 Melisent
20 Misty
25 Nari
24 Sibylle
28 Sophia
15 Starlene
19 Vonnie
Started!
63 Abagail
58 Allina
53 Allyson
52 Bernetta
56 Catriona
52 Cher
53 Cindy
49 Cornie
59 Diann
53 Elysee
54 Emera
59 Goldia
47 Grace
57 Issie
55 Kaylee
48 Lolly
48 Mabel
49 Mable
51 Moreen
53 Netty
49 Nicola
48 Niki
58 Paula
56 Reeba
52 Starla
55 Stesha
57 Tabby
Started!
42 Brianna
42 Cathrin
49 Cindie
41 Clarey
38 Clo
56 Corabel
46 Danette
39 Faith
41 Gabrila
43 Harmonie
52 Jemmie
44 Jobina
52 Julienne
41 Koressa
43 Laural
43 Lindsey
37 Marnie
41 Milli
56 Mina
42 Reyna
42 Robinette
36 Rosetta
44 Rubetta
46 Saloma
37 Shelba
42 Thia
53 Vevay
Waiting!
35 Alysa
32 Ariela
33 Aurelie
36 Cam
25 Caria
24 Charisse
34 Davida
31 Estella
33 Eudora
34 Gerhardine
30 Jeanie
22 Kissiah
30 Legra
31 Lorenza
34 Maggie
29 Marylee
34 Pier
31 Rhianon
30 Sibby
40 Zaria
Started!
83 Adi
81 Allx
82 Arluene
81 Beverly
92 Blanch
85 Brooks
89 Candace
97 Cyndi
80 Drusy
91 Eleanor
84 Isahella
88 Jelene
84 Jonell
79 Kanya
97 Katina
86 Kiah
84 Loutitia
96 Maryjo
90 Mirabelle
85 Modestia
81 Sheila
91 Taffy
87 Taryn
88 Thelma
84 Willa
96 Zandra
98 Zonnya
Waiting!
100 Brynne
99 Florette
100 Jourdan
100 Kerrill
100 Poppy
Waiting!
72 Brande
73 Brier
77 Cacilie
68 Catlee
69 Celene
66 Cristi
64 Ermina
73 Gladys
74 Glen
76 Ivory
73 Joanna
76 Josefina
74 Juana
66 Kelli
72 Koren
73 Leia
77 Odette
65 Persis
75 Sharla
69 Sherie
71 Simonne
77 Tootsie
75 Zonda
Waiting!
60 Abigail
59 Henryetta
62 Robbin
Waiting!
19 Callie
20 Larisa
19 Melodie
16 Zulema
Waiting!
47 Dominga
