Started!
26 Charity
15 Gabbi
11 Hester
29 Lolly
26 Luci
28 Philis
18 Prisca
21 Sileas
15 Trixy
Started!
83 Amy
84 Corry
94 Diana
90 Donna
98 Felice
88 Irena
93 Janaye
91 Jennilee
98 Maud
Started!
45 Deny
38 Eydie
48 Janeva
40 Loralyn
37 Marja
47 Ramonda
48 Tabbi
47 Thomasin
51 Zuzana
Started!
63 Anestassia
63 Caren
68 Coleen
63 Etti
72 Janice
72 Pierette
66 Rebeka
62 Roxane
59 Winny
Started!
99 Ebba
100 Ernesta
99 Ferdinande
99 Golda
97 Lynnea
94 Michaela
100 Randee
100 Rosalyn
91 Sabrina
Waiting!
38 Damaris
42 Deerdre
26 Jorey
32 Maryann
39 Natka
32 Paloma
32 Ronnie
Waiting!
2 Berni
1 Daphene
8 Mozelle
2 Silvie
4 Stoddard
Started!
76 Agretha
69 Belita
86 Clotilda
68 Eddy
77 Gabie
67 Gillan
75 Irma
76 Joell
86 Lanie
Started!
67 Barry
51 Dacia
65 Danella
57 Darya
53 Kellia
62 Maye
61 Mommy
55 Patsy
64 Rosanne
Waiting!
79 Bernardina
87 Deeyn
88 Jacenta
87 Marlyn
83 Merilyn
Waiting!
44 Edna
44 Jessa
54 Nikaniki
49 Tomasine
49 Tybie
Waiting!
16 Ines
13 Lynett
21 Milissent
18 Nara
Waiting!
62 Kaylyn
