Started!
73 Allissa
69 Angelika
79 Aubine
78 Barry
71 Bell
70 Bianca
68 Bianka
66 Claudelle
73 Darleen
81 Dyana
78 Emily
70 Gabriella
70 Garland
76 Hyacinthe
79 Janice
78 Kellia
82 Lynnea
69 Ora
67 Tabbatha
Started!
8 Bernardina
4 Christian
19 Claudina
9 Dolly
5 Doralyn
15 Dori
13 Elke
17 Emalee
20 Franky
13 Luisa
16 Marci
9 Maritsa
4 Meg
9 Philis
9 Robbyn
21 Samantha
10 Taryn
8 Teddi
13 Willette
Started!
90 Arlyn
87 Ashleigh
94 Atlanta
98 Betsy
96 Britte
89 Corny
90 Darlene
95 Diana
90 Ebba
84 Elayne
92 Elfrieda
94 Esma
87 Genna
90 Loralyn
93 Marlyn
95 Mitzi
99 Susann
100 Tildie
95 Toma
Started!
30 Anya
41 Barbette
27 Brittany
29 Celisse
31 Corabelle
40 Dania
30 Deerdre
28 Dorothea
33 Grete
34 Hetti
33 Kathrine
32 Krista
39 Lenora
33 Maud
26 Meaghan
43 Othella
32 Pammy
43 Patrizia
31 Row
Started!
53 Adrea
47 Britt
38 Cherilynn
45 Christa
55 Deedee
50 Elsa
54 Eustacia
45 Lexie
44 Lilly
50 Livvie
38 Marje
53 Melba
54 Mella
40 Paulette
47 Rozanna
50 Sybyl
51 Tove
52 Tricia
51 Zola
Started!
63 Addie
56 Anne-Corinne
64 Atlante
59 Bobbe
56 Clementine
51 Corrina
61 Dannye
62 Ethyl
62 Floris
53 Gae
60 Gianna
59 Ilyssa
60 Jacinda
53 Jemmie
57 Kessiah
61 Loralie
56 Marna
57 Marya
65 Virginie
Waiting!
7 Damaris
6 Doris
10 Genia
11 Hadria
6 Helaine
7 Isahella
3 Judi
6 Korry
6 Lara
9 Laverna
9 Manya
10 Marybelle
6 Meade
1 Vere
Started!
18 Allyce
19 Alyson
16 Ariel
15 Aubry
21 Blinni
18 Carlina
12 Deirdre
18 Gerianne
13 Glad
22 Izabel
19 Janenna
15 Jewell
12 Laryssa
13 Natka
19 Ninette
20 Sibylla
22 Stevana
21 Tamera
12 Valencia
Started!
75 Beryle
74 Brittni
76 Clari
81 Erminia
67 Ferne
72 Herminia
76 Hertha
80 Jaime
79 Jillian
67 Joya
72 Maxy
82 Mireielle
73 Nancy
75 Perl
74 Phil
74 Sandy
74 Sheila-Kathryn
74 Sunshine
85 Theodosia
Started!
38 Ajay
32 Alana
32 Billie
42 Corri
37 Deana
32 Denise
31 Germain
42 Katherine
25 Kelly
32 Leonie
25 Margret
26 Rhodie
34 Rivy
30 Roslyn
39 Sabra
25 Selena
33 Seline
25 Tiffany
27 Ursola
Started!
95 Alla
97 Amity
95 Cybil
90 Debbie
93 Dorrie
95 Elana
92 Elfreda
89 Gale
92 Jacenta
100 Jessalin
92 Kaela
83 Korney
96 Lianna
89 Lindsey
99 Maddi
97 Marylou
100 Mel
96 Noel
94 Rennie
Started!
41 Annetta
52 Blondie
40 Brandi
51 Clio
46 Daisey
44 Donnie
53 Drusie
43 Emmalyn
41 Jennilee
49 Karoline
43 Lorna
55 Mariana
46 Morissa
53 Pippy
51 Sally
56 Sasha
56 Tiena
44 Winnie
45 Ysabel
Waiting!
59 Aimee
71 Anny
71 Ardelia
60 Iolande
61 Suzette
62 Trenna
Waiting!
79 Carroll
78 Celina
74 Cordi
74 Franny
80 Jeanie
78 Kimberlyn
72 Martguerita
78 Misty
74 Simona
82 Toinette
81 Tyne
80 Zorine
Waiting!
29 Asia
20 Devon
19 Kendra
18 Madalyn
24 Nessi
17 Nolie
12 Sarene
17 Shauna
20 Vivian
Waiting!
35 Hilliary
36 Kiersten
34 Winny
Waiting!
100 Daveen
98 Livy
95 Wanda
